<?xml version="1.0" encoding="utf-16"?>
<ShowPlanXML xmlns:xsi="http://www.w3.org/2001/XMLSchema-instance" xmlns:xsd="http://www.w3.org/2001/XMLSchema" Version="1.0" Build="9.00.3054.00" xmlns="http://schemas.microsoft.com/sqlserver/2004/07/showplan">
  <BatchSequence>
    <Batch>
      <Statements>
        <StmtSimple StatementCompId="1" StatementEstRows="4591.4" StatementId="1" StatementOptmLevel="FULL" StatementOptmEarlyAbortReason="TimeOut" StatementSubTreeCost="31.9673" StatementText="SELECT sum(iv.custom_line_total) custom_tot,&#xD;&#xA;		              sum(iv.bill_hourly_total) hours_total,&#xD;&#xA;		              sum(iv.bill_exp_total) exp_tot,&#xD;&#xA;		              sum(iv.bill_total + iv.custom_line_total) total_tot,&#xD;&#xA;		              iv.assigned_to_name, iv.job_no, iv.job_id, ibs.name batch_status_name,&#xD;&#xA;					  iv.invoice_id_trk, iv.invoice_id, iv.invoice_description, iv.invoice_type_name, iv.invoice_status_id, iv.date_sent,&#xD;&#xA;					  iv.customer_name, iv.end_user_name, iv.job_type_name, iv.po_no, iv.invoice_date_created&#xD;&#xA;		         FROM invoice_pre_total_v iv,&#xD;&#xA;		              invoice_batch_statuses ibs&#xD;&#xA;		        WHERE iv.batch_status_id = ibs.status_id&#xD;&#xA;		          AND iv.organization_id =  2 &#xD;&#xA;		          AND iv.invoice_status_id =  2&#xD;&#xA;		     GROUP BY iv.invoice_id, iv.invoice_id_trk, iv.invoice_description, iv.invoice_type_name, iv.invoice_status_id, iv.date_sent,&#xD;&#xA;		              iv.customer_name, iv.end_user_name, iv.assigned_to_name, iv.job_type_name, iv.job_no, iv.job_id, iv.po_no,&#xD;&#xA;		              iv.invoice_date_created, ibs.name&#xD;&#xA;		     ORDER BY iv.invoice_id" StatementType="SELECT">
          <StatementSetOptions ANSI_NULLS="false" ANSI_PADDING="false" ANSI_WARNINGS="false" ARITHABORT="true" CONCAT_NULL_YIELDS_NULL="false" NUMERIC_ROUNDABORT="false" QUOTED_IDENTIFIER="false" />
          <QueryPlan DegreeOfParallelism="1" MemoryGrant="1544" CachedPlanSize="699" CompileTime="1383" CompileCPU="1379" CompileMemory="26920">
            <MissingIndexes>
              <MissingIndexGroup Impact="87.4947">
                <MissingIndex Database="[servicetrax_dev]" Schema="[dbo]" Table="[SERVICE_LINES]">
                  <ColumnGroup Usage="EQUALITY">
                    <Column Name="[INVOICE_ID]" ColumnId="29" />
                    <Column Name="[INTERNAL_REQ_FLAG]" ColumnId="58" />
                  </ColumnGroup>
                  <ColumnGroup Usage="INEQUALITY">
                    <Column Name="[STATUS_ID]" ColumnId="14" />
                  </ColumnGroup>
                  <ColumnGroup Usage="INCLUDE">
                    <Column Name="[bill_total]" ColumnId="85" />
                    <Column Name="[bill_hourly_total]" ColumnId="86" />
                    <Column Name="[bill_exp_total]" ColumnId="87" />
                  </ColumnGroup>
                </MissingIndex>
              </MissingIndexGroup>
            </MissingIndexes>
            <RelOp AvgRowSize="885" EstimateCPU="0.00505054" EstimateIO="0" EstimateRebinds="0" EstimateRewinds="0" EstimateRows="4591.4" LogicalOp="Compute Scalar" NodeId="0" Parallel="false" PhysicalOp="Compute Scalar" EstimatedTotalSubtreeCost="31.9673">
              <OutputList>
                <ColumnReference Column="Union1258" />
                <ColumnReference Column="Union1259" />
                <ColumnReference Column="Union1261" />
                <ColumnReference Column="Union1262" />
                <ColumnReference Column="Union1263" />
                <ColumnReference Column="Union1264" />
                <ColumnReference Column="Union1266" />
                <ColumnReference Column="Union1267" />
                <ColumnReference Column="Union1274" />
                <ColumnReference Column="Union1279" />
                <ColumnReference Column="Union1282" />
                <ColumnReference Column="Union1283" />
                <ColumnReference Column="Union1284" />
                <ColumnReference Column="Union1285" />
                <ColumnReference Database="[servicetrax_dev]" Schema="[dbo]" Table="[INVOICE_BATCH_STATUSES]" Alias="[ibs]" Column="NAME" />
                <ColumnReference Column="Expr1289" />
                <ColumnReference Column="Expr1290" />
                <ColumnReference Column="Expr1291" />
                <ColumnReference Column="Expr1292" />
              </OutputList>
              <ComputeScalar>
                <DefinedValues>
                  <DefinedValue>
                    <ColumnReference Column="Expr1289" />
                    <ScalarOperator ScalarString="CASE WHEN [Expr1339]=(0) THEN NULL ELSE [Expr1340] END">
                      <IF>
                        <Condition>
                          <ScalarOperator>
                            <Compare CompareOp="EQ">
                              <ScalarOperator>
                                <Identifier>
                                  <ColumnReference Column="Expr1339" />
                                </Identifier>
                              </ScalarOperator>
                              <ScalarOperator>
                                <Const ConstValue="(0)" />
                              </ScalarOperator>
                            </Compare>
                          </ScalarOperator>
                        </Condition>
                        <Then>
                          <ScalarOperator>
                            <Const ConstValue="NULL" />
                          </ScalarOperator>
                        </Then>
                        <Else>
                          <ScalarOperator>
                            <Identifier>
                              <ColumnReference Column="Expr1340" />
                            </Identifier>
                          </ScalarOperator>
                        </Else>
                      </IF>
                    </ScalarOperator>
                  </DefinedValue>
                  <DefinedValue>
                    <ColumnReference Column="Expr1292" />
                    <ScalarOperator ScalarString="CASE WHEN [Expr1341]=(0) THEN NULL ELSE [Expr1342] END">
                      <IF>
                        <Condition>
                          <ScalarOperator>
                            <Compare CompareOp="EQ">
                              <ScalarOperator>
                                <Identifier>
                                  <ColumnReference Column="Expr1341" />
                                </Identifier>
                              </ScalarOperator>
                              <ScalarOperator>
                                <Const ConstValue="(0)" />
                              </ScalarOperator>
                            </Compare>
                          </ScalarOperator>
                        </Condition>
                        <Then>
                          <ScalarOperator>
                            <Const ConstValue="NULL" />
                          </ScalarOperator>
                        </Then>
                        <Else>
                          <ScalarOperator>
                            <Identifier>
                              <ColumnReference Column="Expr1342" />
                            </Identifier>
                          </ScalarOperator>
                        </Else>
                      </IF>
                    </ScalarOperator>
                  </DefinedValue>
                </DefinedValues>
                <RelOp AvgRowSize="885" EstimateCPU="0.00505054" EstimateIO="0" EstimateRebinds="0" EstimateRewinds="0" EstimateRows="4591.4" LogicalOp="Aggregate" NodeId="1" Parallel="false" PhysicalOp="Stream Aggregate" EstimatedTotalSubtreeCost="31.9673">
                  <OutputList>
                    <ColumnReference Column="Union1258" />
                    <ColumnReference Column="Union1259" />
                    <ColumnReference Column="Union1261" />
                    <ColumnReference Column="Union1262" />
                    <ColumnReference Column="Union1263" />
                    <ColumnReference Column="Union1264" />
                    <ColumnReference Column="Union1266" />
                    <ColumnReference Column="Union1267" />
                    <ColumnReference Column="Union1274" />
                    <ColumnReference Column="Union1279" />
                    <ColumnReference Column="Union1282" />
                    <ColumnReference Column="Union1283" />
                    <ColumnReference Column="Union1284" />
                    <ColumnReference Column="Union1285" />
                    <ColumnReference Database="[servicetrax_dev]" Schema="[dbo]" Table="[INVOICE_BATCH_STATUSES]" Alias="[ibs]" Column="NAME" />
                    <ColumnReference Column="Expr1290" />
                    <ColumnReference Column="Expr1291" />
                    <ColumnReference Column="Expr1339" />
                    <ColumnReference Column="Expr1340" />
                    <ColumnReference Column="Expr1341" />
                    <ColumnReference Column="Expr1342" />
                  </OutputList>
                  <RunTimeInformation>
                    <RunTimeCountersPerThread Thread="0" ActualRows="68" ActualEndOfScans="1" ActualExecutions="1" />
                  </RunTimeInformation>
                  <StreamAggregate>
                    <DefinedValues>
                      <DefinedValue>
                        <ColumnReference Column="Expr1339" />
                        <ScalarOperator ScalarString="COUNT_BIG([Union1270])">
                          <Aggregate AggType="COUNT_BIG" Distinct="false">
                            <ScalarOperator>
                              <Identifier>
                                <ColumnReference Column="Union1270" />
                              </Identifier>
                            </ScalarOperator>
                          </Aggregate>
                        </ScalarOperator>
                      </DefinedValue>
                      <DefinedValue>
                        <ColumnReference Column="Expr1340" />
                        <ScalarOperator ScalarString="SUM([Union1270])">
                          <Aggregate AggType="SUM" Distinct="false">
                            <ScalarOperator>
                              <Identifier>
                                <ColumnReference Column="Union1270" />
                              </Identifier>
                            </ScalarOperator>
                          </Aggregate>
                        </ScalarOperator>
                      </DefinedValue>
                      <DefinedValue>
                        <ColumnReference Column="Expr1290" />
                        <ScalarOperator ScalarString="SUM([Union1271])">
                          <Aggregate AggType="SUM" Distinct="false">
                            <ScalarOperator>
                              <Identifier>
                                <ColumnReference Column="Union1271" />
                              </Identifier>
                            </ScalarOperator>
                          </Aggregate>
                        </ScalarOperator>
                      </DefinedValue>
                      <DefinedValue>
                        <ColumnReference Column="Expr1291" />
                        <ScalarOperator ScalarString="SUM([Union1272])">
                          <Aggregate AggType="SUM" Distinct="false">
                            <ScalarOperator>
                              <Identifier>
                                <ColumnReference Column="Union1272" />
                              </Identifier>
                            </ScalarOperator>
                          </Aggregate>
                        </ScalarOperator>
                      </DefinedValue>
                      <DefinedValue>
                        <ColumnReference Column="Expr1341" />
                        <ScalarOperator ScalarString="COUNT_BIG([Union1273]+[Union1270])">
                          <Aggregate AggType="COUNT_BIG" Distinct="false">
                            <ScalarOperator>
                              <Arithmetic Operation="ADD">
                                <ScalarOperator>
                                  <Identifier>
                                    <ColumnReference Column="Union1273" />
                                  </Identifier>
                                </ScalarOperator>
                                <ScalarOperator>
                                  <Identifier>
                                    <ColumnReference Column="Union1270" />
                                  </Identifier>
                                </ScalarOperator>
                              </Arithmetic>
                            </ScalarOperator>
                          </Aggregate>
                        </ScalarOperator>
                      </DefinedValue>
                      <DefinedValue>
                        <ColumnReference Column="Expr1342" />
                        <ScalarOperator ScalarString="SUM([Union1273]+[Union1270])">
                          <Aggregate AggType="SUM" Distinct="false">
                            <ScalarOperator>
                              <Arithmetic Operation="ADD">
                                <ScalarOperator>
                                  <Identifier>
                                    <ColumnReference Column="Union1273" />
                                  </Identifier>
                                </ScalarOperator>
                                <ScalarOperator>
                                  <Identifier>
                                    <ColumnReference Column="Union1270" />
                                  </Identifier>
                                </ScalarOperator>
                              </Arithmetic>
                            </ScalarOperator>
                          </Aggregate>
                        </ScalarOperator>
                      </DefinedValue>
                      <DefinedValue>
                        <ColumnReference Column="Union1264" />
                        <ScalarOperator ScalarString="ANY([Union1264])">
                          <Aggregate AggType="ANY" Distinct="false">
                            <ScalarOperator>
                              <Identifier>
                                <ColumnReference Column="Union1264" />
                              </Identifier>
                            </ScalarOperator>
                          </Aggregate>
                        </ScalarOperator>
                      </DefinedValue>
                    </DefinedValues>
                    <GroupBy>
                      <ColumnReference Column="Union1261" />
                      <ColumnReference Column="Union1262" />
                      <ColumnReference Column="Union1263" />
                      <ColumnReference Column="Union1267" />
                      <ColumnReference Column="Union1266" />
                      <ColumnReference Column="Union1282" />
                      <ColumnReference Column="Union1283" />
                      <ColumnReference Column="Union1274" />
                      <ColumnReference Column="Union1285" />
                      <ColumnReference Column="Union1259" />
                      <ColumnReference Column="Union1258" />
                      <ColumnReference Column="Union1279" />
                      <ColumnReference Column="Union1284" />
                      <ColumnReference Database="[servicetrax_dev]" Schema="[dbo]" Table="[INVOICE_BATCH_STATUSES]" Alias="[ibs]" Column="NAME" />
                    </GroupBy>
                    <RelOp AvgRowSize="885" EstimateCPU="0.0872318" EstimateIO="0.0112613" EstimateRebinds="0" EstimateRewinds="0" EstimateRows="4591.4" LogicalOp="Sort" NodeId="2" Parallel="false" PhysicalOp="Sort" EstimatedTotalSubtreeCost="31.9623">
                      <OutputList>
                        <ColumnReference Column="Union1258" />
                        <ColumnReference Column="Union1259" />
                        <ColumnReference Column="Union1261" />
                        <ColumnReference Column="Union1262" />
                        <ColumnReference Column="Union1263" />
                        <ColumnReference Column="Union1264" />
                        <ColumnReference Column="Union1266" />
                        <ColumnReference Column="Union1267" />
                        <ColumnReference Column="Union1270" />
                        <ColumnReference Column="Union1271" />
                        <ColumnReference Column="Union1272" />
                        <ColumnReference Column="Union1273" />
                        <ColumnReference Column="Union1274" />
                        <ColumnReference Column="Union1279" />
                        <ColumnReference Column="Union1282" />
                        <ColumnReference Column="Union1283" />
                        <ColumnReference Column="Union1284" />
                        <ColumnReference Column="Union1285" />
                        <ColumnReference Database="[servicetrax_dev]" Schema="[dbo]" Table="[INVOICE_BATCH_STATUSES]" Alias="[ibs]" Column="NAME" />
                      </OutputList>
                      <MemoryFractions Input="0.880734" Output="1" />
                      <RunTimeInformation>
                        <RunTimeCountersPerThread Thread="0" ActualRebinds="1" ActualRewinds="0" ActualRows="262" ActualEndOfScans="1" ActualExecutions="1" />
                      </RunTimeInformation>
                      <Sort Distinct="false">
                        <OrderBy>
                          <OrderByColumn Ascending="true">
                            <ColumnReference Column="Union1261" />
                          </OrderByColumn>
                          <OrderByColumn Ascending="true">
                            <ColumnReference Column="Union1262" />
                          </OrderByColumn>
                          <OrderByColumn Ascending="true">
                            <ColumnReference Column="Union1263" />
                          </OrderByColumn>
                          <OrderByColumn Ascending="true">
                            <ColumnReference Column="Union1267" />
                          </OrderByColumn>
                          <OrderByColumn Ascending="true">
                            <ColumnReference Column="Union1266" />
                          </OrderByColumn>
                          <OrderByColumn Ascending="true">
                            <ColumnReference Column="Union1282" />
                          </OrderByColumn>
                          <OrderByColumn Ascending="true">
                            <ColumnReference Column="Union1283" />
                          </OrderByColumn>
                          <OrderByColumn Ascending="true">
                            <ColumnReference Column="Union1274" />
                          </OrderByColumn>
                          <OrderByColumn Ascending="true">
                            <ColumnReference Column="Union1285" />
                          </OrderByColumn>
                          <OrderByColumn Ascending="true">
                            <ColumnReference Column="Union1259" />
                          </OrderByColumn>
                          <OrderByColumn Ascending="true">
                            <ColumnReference Column="Union1258" />
                          </OrderByColumn>
                          <OrderByColumn Ascending="true">
                            <ColumnReference Column="Union1279" />
                          </OrderByColumn>
                          <OrderByColumn Ascending="true">
                            <ColumnReference Column="Union1284" />
                          </OrderByColumn>
                          <OrderByColumn Ascending="true">
                            <ColumnReference Database="[servicetrax_dev]" Schema="[dbo]" Table="[INVOICE_BATCH_STATUSES]" Alias="[ibs]" Column="NAME" />
                          </OrderByColumn>
                        </OrderBy>
                        <RelOp AvgRowSize="885" EstimateCPU="0.00045914" EstimateIO="0" EstimateRebinds="0" EstimateRewinds="0" EstimateRows="4591.4" LogicalOp="Concatenation" NodeId="3" Parallel="false" PhysicalOp="Concatenation" EstimatedTotalSubtreeCost="31.8638">
                          <OutputList>
                            <ColumnReference Column="Union1258" />
                            <ColumnReference Column="Union1259" />
                            <ColumnReference Column="Union1261" />
                            <ColumnReference Column="Union1262" />
                            <ColumnReference Column="Union1263" />
                            <ColumnReference Column="Union1264" />
                            <ColumnReference Column="Union1266" />
                            <ColumnReference Column="Union1267" />
                            <ColumnReference Column="Union1270" />
                            <ColumnReference Column="Union1271" />
                            <ColumnReference Column="Union1272" />
                            <ColumnReference Column="Union1273" />
                            <ColumnReference Column="Union1274" />
                            <ColumnReference Column="Union1279" />
                            <ColumnReference Column="Union1282" />
                            <ColumnReference Column="Union1283" />
                            <ColumnReference Column="Union1284" />
                            <ColumnReference Column="Union1285" />
                            <ColumnReference Database="[servicetrax_dev]" Schema="[dbo]" Table="[INVOICE_BATCH_STATUSES]" Alias="[ibs]" Column="NAME" />
                          </OutputList>
                          <RunTimeInformation>
                            <RunTimeCountersPerThread Thread="0" ActualRows="262" ActualEndOfScans="1" ActualExecutions="1" />
                          </RunTimeInformation>
                          <Concat>
                            <DefinedValues>
                              <DefinedValue>
                                <ColumnReference Column="Union1258" />
                                <ColumnReference Database="[servicetrax_dev]" Schema="[dbo]" Table="[INVOICES]" Column="JOB_ID" />
                                <ColumnReference Database="[servicetrax_dev]" Schema="[dbo]" Table="[INVOICES]" Column="JOB_ID" />
                              </DefinedValue>
                              <DefinedValue>
                                <ColumnReference Column="Union1259" />
                                <ColumnReference Database="[servicetrax_dev]" Schema="[dbo]" Table="[JOBS]" Alias="[j]" Column="JOB_NO" />
                                <ColumnReference Database="[servicetrax_dev]" Schema="[dbo]" Table="[JOBS]" Alias="[j]" Column="JOB_NO" />
                              </DefinedValue>
                              <DefinedValue>
                                <ColumnReference Column="Union1261" />
                                <ColumnReference Database="[servicetrax_dev]" Schema="[dbo]" Table="[INVOICES]" Column="INVOICE_ID" />
                                <ColumnReference Database="[servicetrax_dev]" Schema="[dbo]" Table="[INVOICES]" Column="INVOICE_ID" />
                              </DefinedValue>
                              <DefinedValue>
                                <ColumnReference Column="Union1262" />
                                <ColumnReference Column="Expr1027" />
                                <ColumnReference Column="Expr1248" />
                              </DefinedValue>
                              <DefinedValue>
                                <ColumnReference Column="Union1263" />
                                <ColumnReference Database="[servicetrax_dev]" Schema="[dbo]" Table="[INVOICES]" Column="DESCRIPTION" />
                                <ColumnReference Database="[servicetrax_dev]" Schema="[dbo]" Table="[INVOICES]" Column="DESCRIPTION" />
                              </DefinedValue>
                              <DefinedValue>
                                <ColumnReference Column="Union1264" />
                                <ColumnReference Database="[servicetrax_dev]" Schema="[dbo]" Table="[INVOICES]" Column="STATUS_ID" />
                                <ColumnReference Database="[servicetrax_dev]" Schema="[dbo]" Table="[INVOICES]" Column="STATUS_ID" />
                              </DefinedValue>
                              <DefinedValue>
                                <ColumnReference Column="Union1266" />
                                <ColumnReference Database="[servicetrax_dev]" Schema="[dbo]" Table="[INVOICES]" Column="DATE_SENT" />
                                <ColumnReference Database="[servicetrax_dev]" Schema="[dbo]" Table="[INVOICES]" Column="DATE_SENT" />
                              </DefinedValue>
                              <DefinedValue>
                                <ColumnReference Column="Union1267" />
                                <ColumnReference Database="[servicetrax_dev]" Schema="[dbo]" Table="[LOOKUPS]" Alias="[INVOICE_TYPE]" Column="NAME" />
                                <ColumnReference Database="[servicetrax_dev]" Schema="[dbo]" Table="[LOOKUPS]" Alias="[INVOICE_TYPE]" Column="NAME" />
                              </DefinedValue>
                              <DefinedValue>
                                <ColumnReference Column="Union1270" />
                                <ColumnReference Column="Expr1137" />
                                <ColumnReference Column="Expr1253" />
                              </DefinedValue>
                              <DefinedValue>
                                <ColumnReference Column="Union1271" />
                                <ColumnReference Column="Expr1138" />
                                <ColumnReference Column="Expr1254" />
                              </DefinedValue>
                              <DefinedValue>
                                <ColumnReference Column="Union1272" />
                                <ColumnReference Column="Expr1139" />
                                <ColumnReference Column="Expr1255" />
                              </DefinedValue>
                              <DefinedValue>
                                <ColumnReference Column="Union1273" />
                                <ColumnReference Column="Expr1140" />
                                <ColumnReference Column="Expr1256" />
                              </DefinedValue>
                              <DefinedValue>
                                <ColumnReference Column="Union1274" />
                                <ColumnReference Column="Expr1030" />
                                <ColumnReference Column="Expr1251" />
                              </DefinedValue>
                              <DefinedValue>
                                <ColumnReference Column="Union1279" />
                                <ColumnReference Database="[servicetrax_dev]" Schema="[dbo]" Table="[INVOICES]" Column="PO_NO" />
                                <ColumnReference Database="[servicetrax_dev]" Schema="[dbo]" Table="[INVOICES]" Column="PO_NO" />
                              </DefinedValue>
                              <DefinedValue>
                                <ColumnReference Column="Union1282" />
                                <ColumnReference Column="Expr1067" />
                                <ColumnReference Column="Expr1177" />
                              </DefinedValue>
                              <DefinedValue>
                                <ColumnReference Column="Union1283" />
                                <ColumnReference Column="Expr1069" />
                                <ColumnReference Column="Expr1179" />
                              </DefinedValue>
                              <DefinedValue>
                                <ColumnReference Column="Union1284" />
                                <ColumnReference Database="[servicetrax_dev]" Schema="[dbo]" Table="[INVOICES]" Column="DATE_CREATED" />
                                <ColumnReference Database="[servicetrax_dev]" Schema="[dbo]" Table="[INVOICES]" Column="DATE_CREATED" />
                              </DefinedValue>
                              <DefinedValue>
                                <ColumnReference Column="Union1285" />
                                <ColumnReference Database="[servicetrax_dev]" Schema="[dbo]" Table="[LOOKUPS]" Alias="[job_type]" Column="NAME" />
                                <ColumnReference Database="[servicetrax_dev]" Schema="[dbo]" Table="[LOOKUPS]" Alias="[job_type]" Column="NAME" />
                              </DefinedValue>
                              <DefinedValue>
                                <ColumnReference Database="[servicetrax_dev]" Schema="[dbo]" Table="[INVOICE_BATCH_STATUSES]" Alias="[ibs]" Column="NAME" />
                                <ColumnReference Database="[servicetrax_dev]" Schema="[dbo]" Table="[INVOICE_BATCH_STATUSES]" Alias="[ibs]" Column="NAME" />
                                <ColumnReference Database="[servicetrax_dev]" Schema="[dbo]" Table="[INVOICE_BATCH_STATUSES]" Alias="[ibs]" Column="NAME" />
                              </DefinedValue>
                            </DefinedValues>
                            <RelOp AvgRowSize="581" EstimateCPU="0.000799074" EstimateIO="0" EstimateRebinds="0" EstimateRewinds="0" EstimateRows="4468.11" LogicalOp="Compute Scalar" NodeId="4" Parallel="false" PhysicalOp="Compute Scalar" EstimatedTotalSubtreeCost="28.7557">
                              <OutputList>
                                <ColumnReference Database="[servicetrax_dev]" Schema="[dbo]" Table="[INVOICES]" Column="INVOICE_ID" />
                                <ColumnReference Database="[servicetrax_dev]" Schema="[dbo]" Table="[INVOICES]" Column="PO_NO" />
                                <ColumnReference Database="[servicetrax_dev]" Schema="[dbo]" Table="[INVOICES]" Column="STATUS_ID" />
                                <ColumnReference Database="[servicetrax_dev]" Schema="[dbo]" Table="[INVOICES]" Column="JOB_ID" />
                                <ColumnReference Database="[servicetrax_dev]" Schema="[dbo]" Table="[INVOICES]" Column="DESCRIPTION" />
                                <ColumnReference Database="[servicetrax_dev]" Schema="[dbo]" Table="[INVOICES]" Column="DATE_SENT" />
                                <ColumnReference Database="[servicetrax_dev]" Schema="[dbo]" Table="[INVOICES]" Column="DATE_CREATED" />
                                <ColumnReference Database="[servicetrax_dev]" Schema="[dbo]" Table="[LOOKUPS]" Alias="[INVOICE_TYPE]" Column="NAME" />
                                <ColumnReference Column="Expr1027" />
                                <ColumnReference Column="Expr1030" />
                                <ColumnReference Database="[servicetrax_dev]" Schema="[dbo]" Table="[JOBS]" Alias="[j]" Column="JOB_NO" />
                                <ColumnReference Database="[servicetrax_dev]" Schema="[dbo]" Table="[LOOKUPS]" Alias="[job_type]" Column="NAME" />
                                <ColumnReference Column="Expr1067" />
                                <ColumnReference Column="Expr1069" />
                                <ColumnReference Column="Expr1137" />
                                <ColumnReference Column="Expr1138" />
                                <ColumnReference Column="Expr1139" />
                                <ColumnReference Column="Expr1140" />
                                <ColumnReference Database="[servicetrax_dev]" Schema="[dbo]" Table="[INVOICE_BATCH_STATUSES]" Alias="[ibs]" Column="NAME" />
                              </OutputList>
                              <ComputeScalar>
                                <DefinedValues>
                                  <DefinedValue>
                                    <ColumnReference Column="Expr1027" />
                                    <ScalarOperator ScalarString="[Expr1303]+[Expr1007]">
                                      <Arithmetic Operation="ADD">
                                        <ScalarOperator>
                                          <Identifier>
                                            <ColumnReference Column="Expr1303" />
                                          </Identifier>
                                        </ScalarOperator>
                                        <ScalarOperator>
                                          <Identifier>
                                            <ColumnReference Column="Expr1007" />
                                          </Identifier>
                                        </ScalarOperator>
                                      </Arithmetic>
                                    </ScalarOperator>
                                  </DefinedValue>
                                  <DefinedValue>
                                    <ColumnReference Column="Expr1137" />
                                    <ScalarOperator ScalarString="(0.0000)">
                                      <Const ConstValue="(0.0000)" />
                                    </ScalarOperator>
                                  </DefinedValue>
                                  <DefinedValue>
                                    <ColumnReference Column="Expr1138" />
                                    <ScalarOperator ScalarString="isnull([servicetrax_dev].[dbo].[SERVICE_LINES].[bill_hourly_total] as [sl].[bill_hourly_total],(0.00000))">
                                      <Intrinsic FunctionName="isnull">
                                        <ScalarOperator>
                                          <Identifier>
                                            <ColumnReference Database="[servicetrax_dev]" Schema="[dbo]" Table="[SERVICE_LINES]" Alias="[sl]" Column="bill_hourly_total" ComputedColumn="true" />
                                          </Identifier>
                                        </ScalarOperator>
                                        <ScalarOperator>
                                          <Const ConstValue="(0.00000)" />
                                        </ScalarOperator>
                                      </Intrinsic>
                                    </ScalarOperator>
                                  </DefinedValue>
                                  <DefinedValue>
                                    <ColumnReference Column="Expr1139" />
                                    <ScalarOperator ScalarString="isnull([servicetrax_dev].[dbo].[SERVICE_LINES].[bill_exp_total] as [sl].[bill_exp_total],(0.00000))">
                                      <Intrinsic FunctionName="isnull">
                                        <ScalarOperator>
                                          <Identifier>
                                            <ColumnReference Database="[servicetrax_dev]" Schema="[dbo]" Table="[SERVICE_LINES]" Alias="[sl]" Column="bill_exp_total" ComputedColumn="true" />
                                          </Identifier>
                                        </ScalarOperator>
                                        <ScalarOperator>
                                          <Const ConstValue="(0.00000)" />
                                        </ScalarOperator>
                                      </Intrinsic>
                                    </ScalarOperator>
                                  </DefinedValue>
                                  <DefinedValue>
                                    <ColumnReference Column="Expr1140" />
                                    <ScalarOperator ScalarString="isnull([servicetrax_dev].[dbo].[SERVICE_LINES].[bill_total] as [sl].[bill_total],(0.00000))">
                                      <Intrinsic FunctionName="isnull">
                                        <ScalarOperator>
                                          <Identifier>
                                            <ColumnReference Database="[servicetrax_dev]" Schema="[dbo]" Table="[SERVICE_LINES]" Alias="[sl]" Column="bill_total" ComputedColumn="true" />
                                          </Identifier>
                                        </ScalarOperator>
                                        <ScalarOperator>
                                          <Const ConstValue="(0.00000)" />
                                        </ScalarOperator>
                                      </Intrinsic>
                                    </ScalarOperator>
                                  </DefinedValue>
                                </DefinedValues>
                                <RelOp AvgRowSize="560" EstimateCPU="0.0334013" EstimateIO="0" EstimateRebinds="0" EstimateRewinds="0" EstimateRows="7990.74" LogicalOp="Left Outer Join" NodeId="5" Parallel="false" PhysicalOp="Nested Loops" EstimatedTotalSubtreeCost="28.7549">
                                  <OutputList>
                                    <ColumnReference Column="Expr1007" />
                                    <ColumnReference Database="[servicetrax_dev]" Schema="[dbo]" Table="[INVOICES]" Column="INVOICE_ID" />
                                    <ColumnReference Database="[servicetrax_dev]" Schema="[dbo]" Table="[INVOICES]" Column="PO_NO" />
                                    <ColumnReference Database="[servicetrax_dev]" Schema="[dbo]" Table="[INVOICES]" Column="STATUS_ID" />
                                    <ColumnReference Database="[servicetrax_dev]" Schema="[dbo]" Table="[INVOICES]" Column="JOB_ID" />
                                    <ColumnReference Database="[servicetrax_dev]" Schema="[dbo]" Table="[INVOICES]" Column="DESCRIPTION" />
                                    <ColumnReference Database="[servicetrax_dev]" Schema="[dbo]" Table="[INVOICES]" Column="DATE_SENT" />
                                    <ColumnReference Database="[servicetrax_dev]" Schema="[dbo]" Table="[INVOICES]" Column="DATE_CREATED" />
                                    <ColumnReference Database="[servicetrax_dev]" Schema="[dbo]" Table="[LOOKUPS]" Alias="[INVOICE_TYPE]" Column="NAME" />
                                    <ColumnReference Column="Expr1030" />
                                    <ColumnReference Database="[servicetrax_dev]" Schema="[dbo]" Table="[JOBS]" Alias="[j]" Column="JOB_NO" />
                                    <ColumnReference Database="[servicetrax_dev]" Schema="[dbo]" Table="[LOOKUPS]" Alias="[job_type]" Column="NAME" />
                                    <ColumnReference Column="Expr1067" />
                                    <ColumnReference Column="Expr1069" />
                                    <ColumnReference Database="[servicetrax_dev]" Schema="[dbo]" Table="[SERVICE_LINES]" Alias="[sl]" Column="bill_total" ComputedColumn="true" />
                                    <ColumnReference Database="[servicetrax_dev]" Schema="[dbo]" Table="[SERVICE_LINES]" Alias="[sl]" Column="bill_hourly_total" ComputedColumn="true" />
                                    <ColumnReference Database="[servicetrax_dev]" Schema="[dbo]" Table="[SERVICE_LINES]" Alias="[sl]" Column="bill_exp_total" ComputedColumn="true" />
                                    <ColumnReference Database="[servicetrax_dev]" Schema="[dbo]" Table="[INVOICE_BATCH_STATUSES]" Alias="[ibs]" Column="NAME" />
                                    <ColumnReference Column="Expr1303" />
                                  </OutputList>
                                  <RunTimeInformation>
                                    <RunTimeCountersPerThread Thread="0" ActualRows="212" ActualEndOfScans="1" ActualExecutions="1" />
                                  </RunTimeInformation>
                                  <NestedLoops Optimized="false">
                                    <OuterReferences>
                                      <ColumnReference Database="[servicetrax_dev]" Schema="[dbo]" Table="[INVOICES]" Column="INVOICE_ID" />
                                    </OuterReferences>
                                    <RelOp AvgRowSize="508" EstimateCPU="8.47777E-05" EstimateIO="0" EstimateRebinds="0" EstimateRewinds="0" EstimateRows="20.2764" LogicalOp="Inner Join" NodeId="6" Parallel="false" PhysicalOp="Nested Loops" EstimatedTotalSubtreeCost="0.743402">
                                      <OutputList>
                                        <ColumnReference Column="Expr1007" />
                                        <ColumnReference Database="[servicetrax_dev]" Schema="[dbo]" Table="[INVOICES]" Column="INVOICE_ID" />
                                        <ColumnReference Database="[servicetrax_dev]" Schema="[dbo]" Table="[INVOICES]" Column="PO_NO" />
                                        <ColumnReference Database="[servicetrax_dev]" Schema="[dbo]" Table="[INVOICES]" Column="STATUS_ID" />
                                        <ColumnReference Database="[servicetrax_dev]" Schema="[dbo]" Table="[INVOICES]" Column="JOB_ID" />
                                        <ColumnReference Database="[servicetrax_dev]" Schema="[dbo]" Table="[INVOICES]" Column="DESCRIPTION" />
                                        <ColumnReference Database="[servicetrax_dev]" Schema="[dbo]" Table="[INVOICES]" Column="DATE_SENT" />
                                        <ColumnReference Database="[servicetrax_dev]" Schema="[dbo]" Table="[INVOICES]" Column="DATE_CREATED" />
                                        <ColumnReference Database="[servicetrax_dev]" Schema="[dbo]" Table="[LOOKUPS]" Alias="[INVOICE_TYPE]" Column="NAME" />
                                        <ColumnReference Column="Expr1030" />
                                        <ColumnReference Database="[servicetrax_dev]" Schema="[dbo]" Table="[JOBS]" Alias="[j]" Column="JOB_NO" />
                                        <ColumnReference Database="[servicetrax_dev]" Schema="[dbo]" Table="[LOOKUPS]" Alias="[job_type]" Column="NAME" />
                                        <ColumnReference Column="Expr1067" />
                                        <ColumnReference Column="Expr1069" />
                                        <ColumnReference Database="[servicetrax_dev]" Schema="[dbo]" Table="[INVOICE_BATCH_STATUSES]" Alias="[ibs]" Column="NAME" />
                                        <ColumnReference Column="Expr1303" />
                                      </OutputList>
                                      <RunTimeInformation>
                                        <RunTimeCountersPerThread Thread="0" ActualRows="68" ActualEndOfScans="1" ActualExecutions="1" />
                                      </RunTimeInformation>
                                      <NestedLoops Optimized="false">
                                        <OuterReferences>
                                          <ColumnReference Database="[servicetrax_dev]" Schema="[dbo]" Table="[INVOICES]" Column="BATCH_STATUS_ID" />
                                        </OuterReferences>
                                        <RelOp AvgRowSize="508" EstimateCPU="8.47777E-05" EstimateIO="0" EstimateRebinds="0" EstimateRewinds="0" EstimateRows="20.2817" LogicalOp="Left Outer Join" NodeId="7" Parallel="false" PhysicalOp="Nested Loops" EstimatedTotalSubtreeCost="0.736985">
                                          <OutputList>
                                            <ColumnReference Column="Expr1007" />
                                            <ColumnReference Database="[servicetrax_dev]" Schema="[dbo]" Table="[INVOICES]" Column="INVOICE_ID" />
                                            <ColumnReference Database="[servicetrax_dev]" Schema="[dbo]" Table="[INVOICES]" Column="PO_NO" />
                                            <ColumnReference Database="[servicetrax_dev]" Schema="[dbo]" Table="[INVOICES]" Column="BATCH_STATUS_ID" />
                                            <ColumnReference Database="[servicetrax_dev]" Schema="[dbo]" Table="[INVOICES]" Column="STATUS_ID" />
                                            <ColumnReference Database="[servicetrax_dev]" Schema="[dbo]" Table="[INVOICES]" Column="JOB_ID" />
                                            <ColumnReference Database="[servicetrax_dev]" Schema="[dbo]" Table="[INVOICES]" Column="DESCRIPTION" />
                                            <ColumnReference Database="[servicetrax_dev]" Schema="[dbo]" Table="[INVOICES]" Column="DATE_SENT" />
                                            <ColumnReference Database="[servicetrax_dev]" Schema="[dbo]" Table="[INVOICES]" Column="DATE_CREATED" />
                                            <ColumnReference Database="[servicetrax_dev]" Schema="[dbo]" Table="[LOOKUPS]" Alias="[INVOICE_TYPE]" Column="NAME" />
                                            <ColumnReference Column="Expr1030" />
                                            <ColumnReference Database="[servicetrax_dev]" Schema="[dbo]" Table="[JOBS]" Alias="[j]" Column="JOB_NO" />
                                            <ColumnReference Database="[servicetrax_dev]" Schema="[dbo]" Table="[LOOKUPS]" Alias="[job_type]" Column="NAME" />
                                            <ColumnReference Column="Expr1067" />
                                            <ColumnReference Column="Expr1069" />
                                            <ColumnReference Column="Expr1303" />
                                          </OutputList>
                                          <RunTimeInformation>
                                            <RunTimeCountersPerThread Thread="0" ActualRows="68" ActualEndOfScans="1" ActualExecutions="1" />
                                          </RunTimeInformation>
                                          <NestedLoops Optimized="false">
                                            <OuterReferences>
                                              <ColumnReference Database="[servicetrax_dev]" Schema="[dbo]" Table="[INVOICES]" Column="JOB_ID" />
                                            </OuterReferences>
                                            <RelOp AvgRowSize="421" EstimateCPU="8.47777E-05" EstimateIO="0" EstimateRebinds="0" EstimateRewinds="0" EstimateRows="20.2817" LogicalOp="Left Outer Join" NodeId="8" Parallel="false" PhysicalOp="Nested Loops" EstimatedTotalSubtreeCost="0.336552">
                                              <OutputList>
                                                <ColumnReference Column="Expr1007" />
                                                <ColumnReference Database="[servicetrax_dev]" Schema="[dbo]" Table="[INVOICES]" Column="INVOICE_ID" />
                                                <ColumnReference Database="[servicetrax_dev]" Schema="[dbo]" Table="[INVOICES]" Column="PO_NO" />
                                                <ColumnReference Database="[servicetrax_dev]" Schema="[dbo]" Table="[INVOICES]" Column="BATCH_STATUS_ID" />
                                                <ColumnReference Database="[servicetrax_dev]" Schema="[dbo]" Table="[INVOICES]" Column="STATUS_ID" />
                                                <ColumnReference Database="[servicetrax_dev]" Schema="[dbo]" Table="[INVOICES]" Column="JOB_ID" />
                                                <ColumnReference Database="[servicetrax_dev]" Schema="[dbo]" Table="[INVOICES]" Column="DESCRIPTION" />
                                                <ColumnReference Database="[servicetrax_dev]" Schema="[dbo]" Table="[INVOICES]" Column="DATE_SENT" />
                                                <ColumnReference Database="[servicetrax_dev]" Schema="[dbo]" Table="[INVOICES]" Column="DATE_CREATED" />
                                                <ColumnReference Database="[servicetrax_dev]" Schema="[dbo]" Table="[LOOKUPS]" Alias="[INVOICE_TYPE]" Column="NAME" />
                                                <ColumnReference Column="Expr1030" />
                                                <ColumnReference Column="Expr1303" />
                                              </OutputList>
                                              <RunTimeInformation>
                                                <RunTimeCountersPerThread Thread="0" ActualRows="68" ActualEndOfScans="1" ActualExecutions="1" />
                                              </RunTimeInformation>
                                              <NestedLoops Optimized="false">
                                                <OuterReferences>
                                                  <ColumnReference Database="[servicetrax_dev]" Schema="[dbo]" Table="[INVOICES]" Column="INVOICE_TYPE_ID" />
                                                </OuterReferences>
                                                <RelOp AvgRowSize="420" EstimateCPU="8.47777E-05" EstimateIO="0" EstimateRebinds="0" EstimateRewinds="0" EstimateRows="20.2817" LogicalOp="Left Outer Join" NodeId="9" Parallel="false" PhysicalOp="Nested Loops" EstimatedTotalSubtreeCost="0.330136">
                                                  <OutputList>
                                                    <ColumnReference Column="Expr1007" />
                                                    <ColumnReference Database="[servicetrax_dev]" Schema="[dbo]" Table="[INVOICES]" Column="INVOICE_ID" />
                                                    <ColumnReference Database="[servicetrax_dev]" Schema="[dbo]" Table="[INVOICES]" Column="PO_NO" />
                                                    <ColumnReference Database="[servicetrax_dev]" Schema="[dbo]" Table="[INVOICES]" Column="INVOICE_TYPE_ID" />
                                                    <ColumnReference Database="[servicetrax_dev]" Schema="[dbo]" Table="[INVOICES]" Column="BATCH_STATUS_ID" />
                                                    <ColumnReference Database="[servicetrax_dev]" Schema="[dbo]" Table="[INVOICES]" Column="STATUS_ID" />
                                                    <ColumnReference Database="[servicetrax_dev]" Schema="[dbo]" Table="[INVOICES]" Column="JOB_ID" />
                                                    <ColumnReference Database="[servicetrax_dev]" Schema="[dbo]" Table="[INVOICES]" Column="DESCRIPTION" />
                                                    <ColumnReference Database="[servicetrax_dev]" Schema="[dbo]" Table="[INVOICES]" Column="DATE_SENT" />
                                                    <ColumnReference Database="[servicetrax_dev]" Schema="[dbo]" Table="[INVOICES]" Column="DATE_CREATED" />
                                                    <ColumnReference Column="Expr1030" />
                                                    <ColumnReference Column="Expr1303" />
                                                  </OutputList>
                                                  <RunTimeInformation>
                                                    <RunTimeCountersPerThread Thread="0" ActualRows="68" ActualEndOfScans="1" ActualExecutions="1" />
                                                  </RunTimeInformation>
                                                  <NestedLoops Optimized="false">
                                                    <OuterReferences>
                                                      <ColumnReference Database="[servicetrax_dev]" Schema="[dbo]" Table="[INVOICES]" Column="INVOICE_ID" />
                                                    </OuterReferences>
                                                    <RelOp AvgRowSize="418" EstimateCPU="2.02817E-06" EstimateIO="0" EstimateRebinds="0" EstimateRewinds="0" EstimateRows="20.2817" LogicalOp="Compute Scalar" NodeId="10" Parallel="false" PhysicalOp="Compute Scalar" EstimatedTotalSubtreeCost="0.211709">
                                                      <OutputList>
                                                        <ColumnReference Database="[servicetrax_dev]" Schema="[dbo]" Table="[INVOICES]" Column="INVOICE_ID" />
                                                        <ColumnReference Database="[servicetrax_dev]" Schema="[dbo]" Table="[INVOICES]" Column="PO_NO" />
                                                        <ColumnReference Database="[servicetrax_dev]" Schema="[dbo]" Table="[INVOICES]" Column="INVOICE_TYPE_ID" />
                                                        <ColumnReference Database="[servicetrax_dev]" Schema="[dbo]" Table="[INVOICES]" Column="BATCH_STATUS_ID" />
                                                        <ColumnReference Database="[servicetrax_dev]" Schema="[dbo]" Table="[INVOICES]" Column="STATUS_ID" />
                                                        <ColumnReference Database="[servicetrax_dev]" Schema="[dbo]" Table="[INVOICES]" Column="JOB_ID" />
                                                        <ColumnReference Database="[servicetrax_dev]" Schema="[dbo]" Table="[INVOICES]" Column="DESCRIPTION" />
                                                        <ColumnReference Database="[servicetrax_dev]" Schema="[dbo]" Table="[INVOICES]" Column="DATE_SENT" />
                                                        <ColumnReference Database="[servicetrax_dev]" Schema="[dbo]" Table="[INVOICES]" Column="DATE_CREATED" />
                                                        <ColumnReference Column="Expr1030" />
                                                        <ColumnReference Column="Expr1303" />
                                                      </OutputList>
                                                      <ComputeScalar>
                                                        <DefinedValues>
                                                          <DefinedValue>
                                                            <ColumnReference Column="Expr1030" />
                                                            <ScalarOperator ScalarString="([servicetrax_dev].[dbo].[USERS].[FIRST_NAME] as [USERS_2].[FIRST_NAME]+' ')+[servicetrax_dev].[dbo].[USERS].[LAST_NAME] as [USERS_2].[LAST_NAME]">
                                                              <Arithmetic Operation="ADD">
                                                                <ScalarOperator>
                                                                  <Arithmetic Operation="ADD">
                                                                    <ScalarOperator>
                                                                      <Identifier>
                                                                        <ColumnReference Database="[servicetrax_dev]" Schema="[dbo]" Table="[USERS]" Alias="[USERS_2]" Column="FIRST_NAME" />
                                                                      </Identifier>
                                                                    </ScalarOperator>
                                                                    <ScalarOperator>
                                                                      <Const ConstValue="' '" />
                                                                    </ScalarOperator>
                                                                  </Arithmetic>
                                                                </ScalarOperator>
                                                                <ScalarOperator>
                                                                  <Identifier>
                                                                    <ColumnReference Database="[servicetrax_dev]" Schema="[dbo]" Table="[USERS]" Alias="[USERS_2]" Column="LAST_NAME" />
                                                                  </Identifier>
                                                                </ScalarOperator>
                                                              </Arithmetic>
                                                            </ScalarOperator>
                                                          </DefinedValue>
                                                        </DefinedValues>
                                                        <RelOp AvgRowSize="231" EstimateCPU="8.47777E-05" EstimateIO="0" EstimateRebinds="0" EstimateRewinds="0" EstimateRows="20.2817" LogicalOp="Left Outer Join" NodeId="11" Parallel="false" PhysicalOp="Nested Loops" EstimatedTotalSubtreeCost="0.211707">
                                                          <OutputList>
                                                            <ColumnReference Database="[servicetrax_dev]" Schema="[dbo]" Table="[INVOICES]" Column="INVOICE_ID" />
                                                            <ColumnReference Database="[servicetrax_dev]" Schema="[dbo]" Table="[INVOICES]" Column="PO_NO" />
                                                            <ColumnReference Database="[servicetrax_dev]" Schema="[dbo]" Table="[INVOICES]" Column="INVOICE_TYPE_ID" />
                                                            <ColumnReference Database="[servicetrax_dev]" Schema="[dbo]" Table="[INVOICES]" Column="BATCH_STATUS_ID" />
                                                            <ColumnReference Database="[servicetrax_dev]" Schema="[dbo]" Table="[INVOICES]" Column="STATUS_ID" />
                                                            <ColumnReference Database="[servicetrax_dev]" Schema="[dbo]" Table="[INVOICES]" Column="JOB_ID" />
                                                            <ColumnReference Database="[servicetrax_dev]" Schema="[dbo]" Table="[INVOICES]" Column="DESCRIPTION" />
                                                            <ColumnReference Database="[servicetrax_dev]" Schema="[dbo]" Table="[INVOICES]" Column="DATE_SENT" />
                                                            <ColumnReference Database="[servicetrax_dev]" Schema="[dbo]" Table="[INVOICES]" Column="DATE_CREATED" />
                                                            <ColumnReference Database="[servicetrax_dev]" Schema="[dbo]" Table="[USERS]" Alias="[USERS_2]" Column="FIRST_NAME" />
                                                            <ColumnReference Database="[servicetrax_dev]" Schema="[dbo]" Table="[USERS]" Alias="[USERS_2]" Column="LAST_NAME" />
                                                            <ColumnReference Column="Expr1303" />
                                                          </OutputList>
                                                          <RunTimeInformation>
                                                            <RunTimeCountersPerThread Thread="0" ActualRows="68" ActualEndOfScans="1" ActualExecutions="1" />
                                                          </RunTimeInformation>
                                                          <NestedLoops Optimized="false">
                                                            <OuterReferences>
                                                              <ColumnReference Database="[servicetrax_dev]" Schema="[dbo]" Table="[INVOICES]" Column="ASSIGNED_TO_USER_ID" />
                                                            </OuterReferences>
                                                            <RelOp AvgRowSize="225" EstimateCPU="2.02817E-06" EstimateIO="0" EstimateRebinds="0" EstimateRewinds="0" EstimateRows="20.2817" LogicalOp="Compute Scalar" NodeId="12" Parallel="false" PhysicalOp="Compute Scalar" EstimatedTotalSubtreeCost="0.166012">
                                                              <OutputList>
                                                                <ColumnReference Database="[servicetrax_dev]" Schema="[dbo]" Table="[INVOICES]" Column="INVOICE_ID" />
                                                                <ColumnReference Database="[servicetrax_dev]" Schema="[dbo]" Table="[INVOICES]" Column="PO_NO" />
                                                                <ColumnReference Database="[servicetrax_dev]" Schema="[dbo]" Table="[INVOICES]" Column="INVOICE_TYPE_ID" />
                                                                <ColumnReference Database="[servicetrax_dev]" Schema="[dbo]" Table="[INVOICES]" Column="BATCH_STATUS_ID" />
                                                                <ColumnReference Database="[servicetrax_dev]" Schema="[dbo]" Table="[INVOICES]" Column="ASSIGNED_TO_USER_ID" />
                                                                <ColumnReference Database="[servicetrax_dev]" Schema="[dbo]" Table="[INVOICES]" Column="STATUS_ID" />
                                                                <ColumnReference Database="[servicetrax_dev]" Schema="[dbo]" Table="[INVOICES]" Column="JOB_ID" />
                                                                <ColumnReference Database="[servicetrax_dev]" Schema="[dbo]" Table="[INVOICES]" Column="DESCRIPTION" />
                                                                <ColumnReference Database="[servicetrax_dev]" Schema="[dbo]" Table="[INVOICES]" Column="DATE_SENT" />
                                                                <ColumnReference Database="[servicetrax_dev]" Schema="[dbo]" Table="[INVOICES]" Column="DATE_CREATED" />
                                                                <ColumnReference Column="Expr1303" />
                                                              </OutputList>
                                                              <ComputeScalar>
                                                                <DefinedValues>
                                                                  <DefinedValue>
                                                                    <ColumnReference Column="Expr1303" />
                                                                    <ScalarOperator ScalarString="CONVERT(varchar(30),[servicetrax_dev].[dbo].[INVOICES].[INVOICE_ID],0)">
                                                                      <Convert DataType="varchar" Length="30" Style="0" Implicit="false">
                                                                        <ScalarOperator>
                                                                          <Identifier>
                                                                            <ColumnReference Database="[servicetrax_dev]" Schema="[dbo]" Table="[INVOICES]" Column="INVOICE_ID" />
                                                                          </Identifier>
                                                                        </ScalarOperator>
                                                                      </Convert>
                                                                    </ScalarOperator>
                                                                  </DefinedValue>
                                                                </DefinedValues>
                                                                <RelOp AvgRowSize="214" EstimateCPU="2.42811E-05" EstimateIO="0" EstimateRebinds="0" EstimateRewinds="0" EstimateRows="20.2817" LogicalOp="Filter" NodeId="13" Parallel="false" PhysicalOp="Filter" EstimatedTotalSubtreeCost="0.16601">
                                                                  <OutputList>
                                                                    <ColumnReference Database="[servicetrax_dev]" Schema="[dbo]" Table="[INVOICES]" Column="INVOICE_ID" />
                                                                    <ColumnReference Database="[servicetrax_dev]" Schema="[dbo]" Table="[INVOICES]" Column="PO_NO" />
                                                                    <ColumnReference Database="[servicetrax_dev]" Schema="[dbo]" Table="[INVOICES]" Column="INVOICE_TYPE_ID" />
                                                                    <ColumnReference Database="[servicetrax_dev]" Schema="[dbo]" Table="[INVOICES]" Column="BATCH_STATUS_ID" />
                                                                    <ColumnReference Database="[servicetrax_dev]" Schema="[dbo]" Table="[INVOICES]" Column="ASSIGNED_TO_USER_ID" />
                                                                    <ColumnReference Database="[servicetrax_dev]" Schema="[dbo]" Table="[INVOICES]" Column="STATUS_ID" />
                                                                    <ColumnReference Database="[servicetrax_dev]" Schema="[dbo]" Table="[INVOICES]" Column="JOB_ID" />
                                                                    <ColumnReference Database="[servicetrax_dev]" Schema="[dbo]" Table="[INVOICES]" Column="DESCRIPTION" />
                                                                    <ColumnReference Database="[servicetrax_dev]" Schema="[dbo]" Table="[INVOICES]" Column="DATE_SENT" />
                                                                    <ColumnReference Database="[servicetrax_dev]" Schema="[dbo]" Table="[INVOICES]" Column="DATE_CREATED" />
                                                                  </OutputList>
                                                                  <RunTimeInformation>
                                                                    <RunTimeCountersPerThread Thread="0" ActualRows="68" ActualEndOfScans="1" ActualExecutions="1" />
                                                                  </RunTimeInformation>
                                                                  <Filter StartupExpression="false">
                                                                    <RelOp AvgRowSize="223" EstimateCPU="0.000211448" EstimateIO="0" EstimateRebinds="0" EstimateRewinds="0" EstimateRows="50.5857" LogicalOp="Inner Join" NodeId="14" Parallel="false" PhysicalOp="Nested Loops" EstimatedTotalSubtreeCost="0.165986">
                                                                      <OutputList>
                                                                        <ColumnReference Database="[servicetrax_dev]" Schema="[dbo]" Table="[INVOICES]" Column="INVOICE_ID" />
                                                                        <ColumnReference Database="[servicetrax_dev]" Schema="[dbo]" Table="[INVOICES]" Column="ORGANIZATION_ID" />
                                                                        <ColumnReference Database="[servicetrax_dev]" Schema="[dbo]" Table="[INVOICES]" Column="PO_NO" />
                                                                        <ColumnReference Database="[servicetrax_dev]" Schema="[dbo]" Table="[INVOICES]" Column="INVOICE_TYPE_ID" />
                                                                        <ColumnReference Database="[servicetrax_dev]" Schema="[dbo]" Table="[INVOICES]" Column="BATCH_STATUS_ID" />
                                                                        <ColumnReference Database="[servicetrax_dev]" Schema="[dbo]" Table="[INVOICES]" Column="ASSIGNED_TO_USER_ID" />
                                                                        <ColumnReference Database="[servicetrax_dev]" Schema="[dbo]" Table="[INVOICES]" Column="STATUS_ID" />
                                                                        <ColumnReference Database="[servicetrax_dev]" Schema="[dbo]" Table="[INVOICES]" Column="JOB_ID" />
                                                                        <ColumnReference Database="[servicetrax_dev]" Schema="[dbo]" Table="[INVOICES]" Column="DESCRIPTION" />
                                                                        <ColumnReference Database="[servicetrax_dev]" Schema="[dbo]" Table="[INVOICES]" Column="DATE_SENT" />
                                                                        <ColumnReference Database="[servicetrax_dev]" Schema="[dbo]" Table="[INVOICES]" Column="DATE_CREATED" />
                                                                      </OutputList>
                                                                      <RunTimeInformation>
                                                                        <RunTimeCountersPerThread Thread="0" ActualRows="88" ActualEndOfScans="1" ActualExecutions="1" />
                                                                      </RunTimeInformation>
                                                                      <NestedLoops Optimized="false" WithOrderedPrefetch="true">
                                                                        <OuterReferences>
                                                                          <ColumnReference Database="[servicetrax_dev]" Schema="[dbo]" Table="[INVOICES]" Column="INVOICE_ID" />
                                                                          <ColumnReference Column="Expr1329" />
                                                                        </OuterReferences>
                                                                        <RelOp AvgRowSize="25" EstimateCPU="0.000212644" EstimateIO="0.003125" EstimateRebinds="0" EstimateRewinds="0" EstimateRows="50.5857" LogicalOp="Index Seek" NodeId="16" Parallel="false" PhysicalOp="Index Seek" EstimatedTotalSubtreeCost="0.00333764">
                                                                          <OutputList>
                                                                            <ColumnReference Database="[servicetrax_dev]" Schema="[dbo]" Table="[INVOICES]" Column="INVOICE_ID" />
                                                                            <ColumnReference Database="[servicetrax_dev]" Schema="[dbo]" Table="[INVOICES]" Column="STATUS_ID" />
                                                                          </OutputList>
                                                                          <RunTimeInformation>
                                                                            <RunTimeCountersPerThread Thread="0" ActualRows="88" ActualEndOfScans="1" ActualExecutions="1" />
                                                                          </RunTimeInformation>
                                                                          <IndexScan Ordered="true" ScanDirection="FORWARD" ForcedIndex="false" NoExpandHint="false">
                                                                            <DefinedValues>
                                                                              <DefinedValue>
                                                                                <ColumnReference Database="[servicetrax_dev]" Schema="[dbo]" Table="[INVOICES]" Column="INVOICE_ID" />
                                                                              </DefinedValue>
                                                                              <DefinedValue>
                                                                                <ColumnReference Database="[servicetrax_dev]" Schema="[dbo]" Table="[INVOICES]" Column="STATUS_ID" />
                                                                              </DefinedValue>
                                                                            </DefinedValues>
                                                                            <Object Database="[servicetrax_dev]" Schema="[dbo]" Table="[INVOICES]" Index="[IX_I_STATUS]" TableReferenceId="1" />
                                                                            <SeekPredicates>
                                                                              <SeekPredicate>
                                                                                <Prefix ScanType="EQ">
                                                                                  <RangeColumns>
                                                                                    <ColumnReference Database="[servicetrax_dev]" Schema="[dbo]" Table="[INVOICES]" Column="STATUS_ID" />
                                                                                  </RangeColumns>
                                                                                  <RangeExpressions>
                                                                                    <ScalarOperator ScalarString="(2.)">
                                                                                      <Const ConstValue="(2.)" />
                                                                                    </ScalarOperator>
                                                                                  </RangeExpressions>
                                                                                </Prefix>
                                                                              </SeekPredicate>
                                                                            </SeekPredicates>
                                                                          </IndexScan>
                                                                        </RelOp>
                                                                        <RelOp AvgRowSize="425" EstimateCPU="0.0001581" EstimateIO="0.003125" EstimateRebinds="49.5857" EstimateRewinds="0" EstimateRows="1" LogicalOp="Clustered Index Seek" NodeId="18" Parallel="false" PhysicalOp="Clustered Index Seek" EstimatedTotalSubtreeCost="0.162437">
                                                                          <OutputList>
                                                                            <ColumnReference Database="[servicetrax_dev]" Schema="[dbo]" Table="[INVOICES]" Column="ORGANIZATION_ID" />
                                                                            <ColumnReference Database="[servicetrax_dev]" Schema="[dbo]" Table="[INVOICES]" Column="PO_NO" />
                                                                            <ColumnReference Database="[servicetrax_dev]" Schema="[dbo]" Table="[INVOICES]" Column="INVOICE_TYPE_ID" />
                                                                            <ColumnReference Database="[servicetrax_dev]" Schema="[dbo]" Table="[INVOICES]" Column="BATCH_STATUS_ID" />
                                                                            <ColumnReference Database="[servicetrax_dev]" Schema="[dbo]" Table="[INVOICES]" Column="ASSIGNED_TO_USER_ID" />
                                                                            <ColumnReference Database="[servicetrax_dev]" Schema="[dbo]" Table="[INVOICES]" Column="JOB_ID" />
                                                                            <ColumnReference Database="[servicetrax_dev]" Schema="[dbo]" Table="[INVOICES]" Column="DESCRIPTION" />
                                                                            <ColumnReference Database="[servicetrax_dev]" Schema="[dbo]" Table="[INVOICES]" Column="DATE_SENT" />
                                                                            <ColumnReference Database="[servicetrax_dev]" Schema="[dbo]" Table="[INVOICES]" Column="DATE_CREATED" />
                                                                          </OutputList>
                                                                          <RunTimeInformation>
                                                                            <RunTimeCountersPerThread Thread="0" ActualRows="88" ActualEndOfScans="0" ActualExecutions="88" />
                                                                          </RunTimeInformation>
                                                                          <IndexScan Lookup="true" Ordered="true" ScanDirection="FORWARD" ForcedIndex="false" NoExpandHint="false">
                                                                            <DefinedValues>
                                                                              <DefinedValue>
                                                                                <ColumnReference Database="[servicetrax_dev]" Schema="[dbo]" Table="[INVOICES]" Column="ORGANIZATION_ID" />
                                                                              </DefinedValue>
                                                                              <DefinedValue>
                                                                                <ColumnReference Database="[servicetrax_dev]" Schema="[dbo]" Table="[INVOICES]" Column="PO_NO" />
                                                                              </DefinedValue>
                                                                              <DefinedValue>
                                                                                <ColumnReference Database="[servicetrax_dev]" Schema="[dbo]" Table="[INVOICES]" Column="INVOICE_TYPE_ID" />
                                                                              </DefinedValue>
                                                                              <DefinedValue>
                                                                                <ColumnReference Database="[servicetrax_dev]" Schema="[dbo]" Table="[INVOICES]" Column="BATCH_STATUS_ID" />
                                                                              </DefinedValue>
                                                                              <DefinedValue>
                                                                                <ColumnReference Database="[servicetrax_dev]" Schema="[dbo]" Table="[INVOICES]" Column="ASSIGNED_TO_USER_ID" />
                                                                              </DefinedValue>
                                                                              <DefinedValue>
                                                                                <ColumnReference Database="[servicetrax_dev]" Schema="[dbo]" Table="[INVOICES]" Column="JOB_ID" />
                                                                              </DefinedValue>
                                                                              <DefinedValue>
                                                                                <ColumnReference Database="[servicetrax_dev]" Schema="[dbo]" Table="[INVOICES]" Column="DESCRIPTION" />
                                                                              </DefinedValue>
                                                                              <DefinedValue>
                                                                                <ColumnReference Database="[servicetrax_dev]" Schema="[dbo]" Table="[INVOICES]" Column="DATE_SENT" />
                                                                              </DefinedValue>
                                                                              <DefinedValue>
                                                                                <ColumnReference Database="[servicetrax_dev]" Schema="[dbo]" Table="[INVOICES]" Column="DATE_CREATED" />
                                                                              </DefinedValue>
                                                                            </DefinedValues>
                                                                            <Object Database="[servicetrax_dev]" Schema="[dbo]" Table="[INVOICES]" Index="[INV_PK]" TableReferenceId="-1" />
                                                                            <SeekPredicates>
                                                                              <SeekPredicate>
                                                                                <Prefix ScanType="EQ">
                                                                                  <RangeColumns>
                                                                                    <ColumnReference Database="[servicetrax_dev]" Schema="[dbo]" Table="[INVOICES]" Column="INVOICE_ID" />
                                                                                  </RangeColumns>
                                                                                  <RangeExpressions>
                                                                                    <ScalarOperator ScalarString="[servicetrax_dev].[dbo].[INVOICES].[INVOICE_ID]">
                                                                                      <Identifier>
                                                                                        <ColumnReference Database="[servicetrax_dev]" Schema="[dbo]" Table="[INVOICES]" Column="INVOICE_ID" />
                                                                                      </Identifier>
                                                                                    </ScalarOperator>
                                                                                  </RangeExpressions>
                                                                                </Prefix>
                                                                              </SeekPredicate>
                                                                            </SeekPredicates>
                                                                          </IndexScan>
                                                                        </RelOp>
                                                                      </NestedLoops>
                                                                    </RelOp>
                                                                    <Predicate>
                                                                      <ScalarOperator ScalarString="[servicetrax_dev].[dbo].[INVOICES].[ORGANIZATION_ID]=(2.)">
                                                                        <Compare CompareOp="EQ">
                                                                          <ScalarOperator>
                                                                            <Identifier>
                                                                              <ColumnReference Database="[servicetrax_dev]" Schema="[dbo]" Table="[INVOICES]" Column="ORGANIZATION_ID" />
                                                                            </Identifier>
                                                                          </ScalarOperator>
                                                                          <ScalarOperator>
                                                                            <Const ConstValue="(2.)" />
                                                                          </ScalarOperator>
                                                                        </Compare>
                                                                      </ScalarOperator>
                                                                    </Predicate>
                                                                  </Filter>
                                                                </RelOp>
                                                              </ComputeScalar>
                                                            </RelOp>
                                                            <RelOp AvgRowSize="24" EstimateCPU="0.0001581" EstimateIO="0.003125" EstimateRebinds="18.9469" EstimateRewinds="0.334855" EstimateRows="1" LogicalOp="Clustered Index Seek" NodeId="42" Parallel="false" PhysicalOp="Clustered Index Seek" EstimatedTotalSubtreeCost="0.0456099">
                                                              <OutputList>
                                                                <ColumnReference Database="[servicetrax_dev]" Schema="[dbo]" Table="[USERS]" Alias="[USERS_2]" Column="FIRST_NAME" />
                                                                <ColumnReference Database="[servicetrax_dev]" Schema="[dbo]" Table="[USERS]" Alias="[USERS_2]" Column="LAST_NAME" />
                                                              </OutputList>
                                                              <RunTimeInformation>
                                                                <RunTimeCountersPerThread Thread="0" ActualRows="68" ActualEndOfScans="0" ActualExecutions="68" />
                                                              </RunTimeInformation>
                                                              <IndexScan Ordered="true" ScanDirection="FORWARD" ForcedIndex="false" NoExpandHint="false">
                                                                <DefinedValues>
                                                                  <DefinedValue>
                                                                    <ColumnReference Database="[servicetrax_dev]" Schema="[dbo]" Table="[USERS]" Alias="[USERS_2]" Column="FIRST_NAME" />
                                                                  </DefinedValue>
                                                                  <DefinedValue>
                                                                    <ColumnReference Database="[servicetrax_dev]" Schema="[dbo]" Table="[USERS]" Alias="[USERS_2]" Column="LAST_NAME" />
                                                                  </DefinedValue>
                                                                </DefinedValues>
                                                                <Object Database="[servicetrax_dev]" Schema="[dbo]" Table="[USERS]" Index="[PK_USERS]" Alias="[USERS_2]" TableReferenceId="1" />
                                                                <SeekPredicates>
                                                                  <SeekPredicate>
                                                                    <Prefix ScanType="EQ">
                                                                      <RangeColumns>
                                                                        <ColumnReference Database="[servicetrax_dev]" Schema="[dbo]" Table="[USERS]" Alias="[USERS_2]" Column="USER_ID" />
                                                                      </RangeColumns>
                                                                      <RangeExpressions>
                                                                        <ScalarOperator ScalarString="[servicetrax_dev].[dbo].[INVOICES].[ASSIGNED_TO_USER_ID]">
                                                                          <Identifier>
                                                                            <ColumnReference Database="[servicetrax_dev]" Schema="[dbo]" Table="[INVOICES]" Column="ASSIGNED_TO_USER_ID" />
                                                                          </Identifier>
                                                                        </ScalarOperator>
                                                                      </RangeExpressions>
                                                                    </Prefix>
                                                                  </SeekPredicate>
                                                                </SeekPredicates>
                                                              </IndexScan>
                                                            </RelOp>
                                                          </NestedLoops>
                                                        </RelOp>
                                                      </ComputeScalar>
                                                    </RelOp>
                                                    <RelOp AvgRowSize="11" EstimateCPU="1E-07" EstimateIO="0" EstimateRebinds="19.2817" EstimateRewinds="0" EstimateRows="1" LogicalOp="Compute Scalar" NodeId="46" Parallel="false" PhysicalOp="Compute Scalar" EstimatedTotalSubtreeCost="0.118342">
                                                      <OutputList>
                                                        <ColumnReference Column="Expr1007" />
                                                      </OutputList>
                                                      <ComputeScalar>
                                                        <DefinedValues>
                                                          <DefinedValue>
                                                            <ColumnReference Column="Expr1007" />
                                                            <ScalarOperator ScalarString="CASE WHEN [Expr1006]='*' THEN '*' ELSE '' END">
                                                              <IF>
                                                                <Condition>
                                                                  <ScalarOperator>
                                                                    <Compare CompareOp="EQ">
                                                                      <ScalarOperator>
                                                                        <Identifier>
                                                                          <ColumnReference Column="Expr1006" />
                                                                        </Identifier>
                                                                      </ScalarOperator>
                                                                      <ScalarOperator>
                                                                        <Const ConstValue="'*'" />
                                                                      </ScalarOperator>
                                                                    </Compare>
                                                                  </ScalarOperator>
                                                                </Condition>
                                                                <Then>
                                                                  <ScalarOperator>
                                                                    <Const ConstValue="'*'" />
                                                                  </ScalarOperator>
                                                                </Then>
                                                                <Else>
                                                                  <ScalarOperator>
                                                                    <Const ConstValue="''" />
                                                                  </ScalarOperator>
                                                                </Else>
                                                              </IF>
                                                            </ScalarOperator>
                                                          </DefinedValue>
                                                        </DefinedValues>
                                                        <RelOp AvgRowSize="11" EstimateCPU="4.18E-06" EstimateIO="0" EstimateRebinds="19.2817" EstimateRewinds="0" EstimateRows="1" LogicalOp="Left Outer Join" NodeId="47" Parallel="false" PhysicalOp="Nested Loops" EstimatedTotalSubtreeCost="0.11834">
                                                          <OutputList>
                                                            <ColumnReference Column="Expr1006" />
                                                          </OutputList>
                                                          <RunTimeInformation>
                                                            <RunTimeCountersPerThread Thread="0" ActualRows="68" ActualEndOfScans="0" ActualExecutions="68" />
                                                          </RunTimeInformation>
                                                          <NestedLoops Optimized="false">
                                                            <OuterReferences>
                                                              <ColumnReference Database="[servicetrax_dev]" Schema="[dbo]" Table="[INVOICES]" Alias="[i]" Column="INVOICE_ID" />
                                                            </OuterReferences>
                                                            <RelOp AvgRowSize="16" EstimateCPU="0.0001581" EstimateIO="0.003125" EstimateRebinds="19.2817" EstimateRewinds="0" EstimateRows="1" LogicalOp="Clustered Index Seek" NodeId="48" Parallel="false" PhysicalOp="Clustered Index Seek" EstimatedTotalSubtreeCost="0.0633864">
                                                              <OutputList>
                                                                <ColumnReference Database="[servicetrax_dev]" Schema="[dbo]" Table="[INVOICES]" Alias="[i]" Column="INVOICE_ID" />
                                                              </OutputList>
                                                              <RunTimeInformation>
                                                                <RunTimeCountersPerThread Thread="0" ActualRows="68" ActualEndOfScans="0" ActualExecutions="68" />
                                                              </RunTimeInformation>
                                                              <IndexScan Ordered="true" ScanDirection="FORWARD" ForcedIndex="false" NoExpandHint="false">
                                                                <DefinedValues>
                                                                  <DefinedValue>
                                                                    <ColumnReference Database="[servicetrax_dev]" Schema="[dbo]" Table="[INVOICES]" Alias="[i]" Column="INVOICE_ID" />
                                                                  </DefinedValue>
                                                                </DefinedValues>
                                                                <Object Database="[servicetrax_dev]" Schema="[dbo]" Table="[INVOICES]" Index="[INV_PK]" Alias="[i]" TableReferenceId="1" />
                                                                <SeekPredicates>
                                                                  <SeekPredicate>
                                                                    <Prefix ScanType="EQ">
                                                                      <RangeColumns>
                                                                        <ColumnReference Database="[servicetrax_dev]" Schema="[dbo]" Table="[INVOICES]" Alias="[i]" Column="INVOICE_ID" />
                                                                      </RangeColumns>
                                                                      <RangeExpressions>
                                                                        <ScalarOperator ScalarString="[servicetrax_dev].[dbo].[INVOICES].[INVOICE_ID]">
                                                                          <Identifier>
                                                                            <ColumnReference Database="[servicetrax_dev]" Schema="[dbo]" Table="[INVOICES]" Column="INVOICE_ID" />
                                                                          </Identifier>
                                                                        </ScalarOperator>
                                                                      </RangeExpressions>
                                                                    </Prefix>
                                                                  </SeekPredicate>
                                                                </SeekPredicates>
                                                              </IndexScan>
                                                            </RelOp>
                                                            <RelOp AvgRowSize="11" EstimateCPU="1.00967E-06" EstimateIO="0" EstimateRebinds="19.2817" EstimateRewinds="0" EstimateRows="1" LogicalOp="Aggregate" NodeId="49" Parallel="false" PhysicalOp="Stream Aggregate" EstimatedTotalSubtreeCost="0.054869">
                                                              <OutputList>
                                                                <ColumnReference Column="Expr1006" />
                                                              </OutputList>
                                                              <RunTimeInformation>
                                                                <RunTimeCountersPerThread Thread="0" ActualRows="5" ActualEndOfScans="63" ActualExecutions="68" />
                                                              </RunTimeInformation>
                                                              <StreamAggregate>
                                                                <DefinedValues>
                                                                  <DefinedValue>
                                                                    <ColumnReference Column="Expr1006" />
                                                                    <ScalarOperator ScalarString="ANY([Expr1006])">
                                                                      <Aggregate AggType="ANY" Distinct="false">
                                                                        <ScalarOperator>
                                                                          <Identifier>
                                                                            <ColumnReference Column="Expr1006" />
                                                                          </Identifier>
                                                                        </ScalarOperator>
                                                                      </Aggregate>
                                                                    </ScalarOperator>
                                                                  </DefinedValue>
                                                                </DefinedValues>
                                                                <RelOp AvgRowSize="11" EstimateCPU="1.01934E-07" EstimateIO="0" EstimateRebinds="19.2817" EstimateRewinds="0" EstimateRows="1.01934" LogicalOp="Compute Scalar" NodeId="50" Parallel="false" PhysicalOp="Compute Scalar" EstimatedTotalSubtreeCost="0.0548485">
                                                                  <OutputList>
                                                                    <ColumnReference Column="Expr1006" />
                                                                  </OutputList>
                                                                  <ComputeScalar>
                                                                    <DefinedValues>
                                                                      <DefinedValue>
                                                                        <ColumnReference Column="Expr1006" />
                                                                        <ScalarOperator ScalarString="'*'">
                                                                          <Const ConstValue="'*'" />
                                                                        </ScalarOperator>
                                                                      </DefinedValue>
                                                                    </DefinedValues>
                                                                    <RelOp AvgRowSize="9" EstimateCPU="0.000158121" EstimateIO="0.003125" EstimateRebinds="19.2817" EstimateRewinds="0" EstimateRows="1.01934" LogicalOp="Index Seek" NodeId="51" Parallel="false" PhysicalOp="Index Seek" EstimatedTotalSubtreeCost="0.0548464">
                                                                      <OutputList />
                                                                      <RunTimeInformation>
                                                                        <RunTimeCountersPerThread Thread="0" ActualRows="5" ActualEndOfScans="68" ActualExecutions="68" />
                                                                      </RunTimeInformation>
                                                                      <IndexScan Ordered="true" ScanDirection="FORWARD" ForcedIndex="false" NoExpandHint="false">
                                                                        <DefinedValues />
                                                                        <Object Database="[servicetrax_dev]" Schema="[dbo]" Table="[INVOICE_TRACKING]" Index="[IX_IT_INVOICES]" TableReferenceId="1" />
                                                                        <SeekPredicates>
                                                                          <SeekPredicate>
                                                                            <Prefix ScanType="EQ">
                                                                              <RangeColumns>
                                                                                <ColumnReference Database="[servicetrax_dev]" Schema="[dbo]" Table="[INVOICE_TRACKING]" Column="INVOICE_ID" />
                                                                              </RangeColumns>
                                                                              <RangeExpressions>
                                                                                <ScalarOperator ScalarString="[servicetrax_dev].[dbo].[INVOICES].[INVOICE_ID] as [i].[INVOICE_ID]">
                                                                                  <Identifier>
                                                                                    <ColumnReference Database="[servicetrax_dev]" Schema="[dbo]" Table="[INVOICES]" Alias="[i]" Column="INVOICE_ID" />
                                                                                  </Identifier>
                                                                                </ScalarOperator>
                                                                              </RangeExpressions>
                                                                            </Prefix>
                                                                          </SeekPredicate>
                                                                        </SeekPredicates>
                                                                      </IndexScan>
                                                                    </RelOp>
                                                                  </ComputeScalar>
                                                                </RelOp>
                                                              </StreamAggregate>
                                                            </RelOp>
                                                          </NestedLoops>
                                                        </RelOp>
                                                      </ComputeScalar>
                                                    </RelOp>
                                                  </NestedLoops>
                                                </RelOp>
                                                <RelOp AvgRowSize="19" EstimateCPU="0.0001581" EstimateIO="0.003125" EstimateRebinds="8.36823" EstimateRewinds="10.9135" EstimateRows="1" LogicalOp="Index Seek" NodeId="61" Parallel="false" PhysicalOp="Index Seek" EstimatedTotalSubtreeCost="0.00633154">
                                                  <OutputList>
                                                    <ColumnReference Database="[servicetrax_dev]" Schema="[dbo]" Table="[LOOKUPS]" Alias="[INVOICE_TYPE]" Column="NAME" />
                                                  </OutputList>
                                                  <RunTimeInformation>
                                                    <RunTimeCountersPerThread Thread="0" ActualRows="68" ActualEndOfScans="0" ActualExecutions="68" />
                                                  </RunTimeInformation>
                                                  <IndexScan Ordered="true" ScanDirection="FORWARD" ForcedIndex="false" NoExpandHint="false">
                                                    <DefinedValues>
                                                      <DefinedValue>
                                                        <ColumnReference Database="[servicetrax_dev]" Schema="[dbo]" Table="[LOOKUPS]" Alias="[INVOICE_TYPE]" Column="NAME" />
                                                      </DefinedValue>
                                                    </DefinedValues>
                                                    <Object Database="[servicetrax_dev]" Schema="[dbo]" Table="[LOOKUPS]" Index="[IX_L_LID_NAME]" Alias="[INVOICE_TYPE]" TableReferenceId="1" />
                                                    <SeekPredicates>
                                                      <SeekPredicate>
                                                        <Prefix ScanType="EQ">
                                                          <RangeColumns>
                                                            <ColumnReference Database="[servicetrax_dev]" Schema="[dbo]" Table="[LOOKUPS]" Alias="[INVOICE_TYPE]" Column="LOOKUP_ID" />
                                                          </RangeColumns>
                                                          <RangeExpressions>
                                                            <ScalarOperator ScalarString="[servicetrax_dev].[dbo].[INVOICES].[INVOICE_TYPE_ID]">
                                                              <Identifier>
                                                                <ColumnReference Database="[servicetrax_dev]" Schema="[dbo]" Table="[INVOICES]" Column="INVOICE_TYPE_ID" />
                                                              </Identifier>
                                                            </ScalarOperator>
                                                          </RangeExpressions>
                                                        </Prefix>
                                                      </SeekPredicate>
                                                    </SeekPredicates>
                                                  </IndexScan>
                                                </RelOp>
                                              </NestedLoops>
                                            </RelOp>
                                            <RelOp AvgRowSize="96" EstimateCPU="1E-07" EstimateIO="0" EstimateRebinds="19.2817" EstimateRewinds="0" EstimateRows="1" LogicalOp="Compute Scalar" NodeId="62" Parallel="false" PhysicalOp="Compute Scalar" EstimatedTotalSubtreeCost="0.400349">
                                              <OutputList>
                                                <ColumnReference Database="[servicetrax_dev]" Schema="[dbo]" Table="[JOBS]" Alias="[j]" Column="JOB_NO" />
                                                <ColumnReference Database="[servicetrax_dev]" Schema="[dbo]" Table="[LOOKUPS]" Alias="[job_type]" Column="NAME" />
                                                <ColumnReference Column="Expr1067" />
                                                <ColumnReference Column="Expr1069" />
                                              </OutputList>
                                              <ComputeScalar>
                                                <DefinedValues>
                                                  <DefinedValue>
                                                    <ColumnReference Column="Expr1067" />
                                                    <ScalarOperator ScalarString="CASE WHEN [servicetrax_dev].[dbo].[LOOKUPS].[CODE] as [customer_type].[CODE]='end_user' THEN [servicetrax_dev].[dbo].[CUSTOMERS].[CUSTOMER_NAME] ELSE [servicetrax_dev].[dbo].[CUSTOMERS].[CUSTOMER_NAME] as [c].[CUSTOMER_NAME] END">
                                                      <IF>
                                                        <Condition>
                                                          <ScalarOperator>
                                                            <Compare CompareOp="EQ">
                                                              <ScalarOperator>
                                                                <Identifier>
                                                                  <ColumnReference Database="[servicetrax_dev]" Schema="[dbo]" Table="[LOOKUPS]" Alias="[customer_type]" Column="CODE" />
                                                                </Identifier>
                                                              </ScalarOperator>
                                                              <ScalarOperator>
                                                                <Const ConstValue="'end_user'" />
                                                              </ScalarOperator>
                                                            </Compare>
                                                          </ScalarOperator>
                                                        </Condition>
                                                        <Then>
                                                          <ScalarOperator>
                                                            <Identifier>
                                                              <ColumnReference Database="[servicetrax_dev]" Schema="[dbo]" Table="[CUSTOMERS]" Column="CUSTOMER_NAME" />
                                                            </Identifier>
                                                          </ScalarOperator>
                                                        </Then>
                                                        <Else>
                                                          <ScalarOperator>
                                                            <Identifier>
                                                              <ColumnReference Database="[servicetrax_dev]" Schema="[dbo]" Table="[CUSTOMERS]" Alias="[c]" Column="CUSTOMER_NAME" />
                                                            </Identifier>
                                                          </ScalarOperator>
                                                        </Else>
                                                      </IF>
                                                    </ScalarOperator>
                                                  </DefinedValue>
                                                  <DefinedValue>
                                                    <ColumnReference Column="Expr1069" />
                                                    <ScalarOperator ScalarString="CASE WHEN [servicetrax_dev].[dbo].[LOOKUPS].[CODE] as [customer_type].[CODE]='end_user' THEN [servicetrax_dev].[dbo].[CUSTOMERS].[CUSTOMER_NAME] as [c].[CUSTOMER_NAME] ELSE [servicetrax_dev].[dbo].[CUSTOMERS].[CUSTOMER_NAME] as [eu].[CUSTOMER_NAME] END">
                                                      <IF>
                                                        <Condition>
                                                          <ScalarOperator>
                                                            <Compare CompareOp="EQ">
                                                              <ScalarOperator>
                                                                <Identifier>
                                                                  <ColumnReference Database="[servicetrax_dev]" Schema="[dbo]" Table="[LOOKUPS]" Alias="[customer_type]" Column="CODE" />
                                                                </Identifier>
                                                              </ScalarOperator>
                                                              <ScalarOperator>
                                                                <Const ConstValue="'end_user'" />
                                                              </ScalarOperator>
                                                            </Compare>
                                                          </ScalarOperator>
                                                        </Condition>
                                                        <Then>
                                                          <ScalarOperator>
                                                            <Identifier>
                                                              <ColumnReference Database="[servicetrax_dev]" Schema="[dbo]" Table="[CUSTOMERS]" Alias="[c]" Column="CUSTOMER_NAME" />
                                                            </Identifier>
                                                          </ScalarOperator>
                                                        </Then>
                                                        <Else>
                                                          <ScalarOperator>
                                                            <Identifier>
                                                              <ColumnReference Database="[servicetrax_dev]" Schema="[dbo]" Table="[CUSTOMERS]" Alias="[eu]" Column="CUSTOMER_NAME" />
                                                            </Identifier>
                                                          </ScalarOperator>
                                                        </Else>
                                                      </IF>
                                                    </ScalarOperator>
                                                  </DefinedValue>
                                                </DefinedValues>
                                                <RelOp AvgRowSize="94" EstimateCPU="4.18E-06" EstimateIO="0" EstimateRebinds="19.2817" EstimateRewinds="0" EstimateRows="1" LogicalOp="Left Outer Join" NodeId="63" Parallel="false" PhysicalOp="Nested Loops" EstimatedTotalSubtreeCost="0.400347">
                                                  <OutputList>
                                                    <ColumnReference Database="[servicetrax_dev]" Schema="[dbo]" Table="[JOBS]" Alias="[j]" Column="JOB_NO" />
                                                    <ColumnReference Database="[servicetrax_dev]" Schema="[dbo]" Table="[CUSTOMERS]" Alias="[c]" Column="CUSTOMER_NAME" />
                                                    <ColumnReference Database="[servicetrax_dev]" Schema="[dbo]" Table="[LOOKUPS]" Alias="[customer_type]" Column="CODE" />
                                                    <ColumnReference Database="[servicetrax_dev]" Schema="[dbo]" Table="[LOOKUPS]" Alias="[job_type]" Column="NAME" />
                                                    <ColumnReference Database="[servicetrax_dev]" Schema="[dbo]" Table="[CUSTOMERS]" Alias="[eu]" Column="CUSTOMER_NAME" />
                                                    <ColumnReference Database="[servicetrax_dev]" Schema="[dbo]" Table="[CUSTOMERS]" Column="CUSTOMER_NAME" />
                                                  </OutputList>
                                                  <RunTimeInformation>
                                                    <RunTimeCountersPerThread Thread="0" ActualRows="68" ActualEndOfScans="0" ActualExecutions="68" />
                                                  </RunTimeInformation>
                                                  <NestedLoops Optimized="false">
                                                    <PassThru>
                                                      <ScalarOperator ScalarString="IsFalseOrNull [servicetrax_dev].[dbo].[LOOKUPS].[CODE] as [customer_type].[CODE]='end_user'">
                                                        <Logical Operation="IsFalseOrNull">
                                                          <ScalarOperator>
                                                            <Compare CompareOp="EQ">
                                                              <ScalarOperator>
                                                                <Identifier>
                                                                  <ColumnReference Database="[servicetrax_dev]" Schema="[dbo]" Table="[LOOKUPS]" Alias="[customer_type]" Column="CODE" />
                                                                </Identifier>
                                                              </ScalarOperator>
                                                              <ScalarOperator>
                                                                <Const ConstValue="'end_user'" />
                                                              </ScalarOperator>
                                                            </Compare>
                                                          </ScalarOperator>
                                                        </Logical>
                                                      </ScalarOperator>
                                                    </PassThru>
                                                    <OuterReferences>
                                                      <ColumnReference Database="[servicetrax_dev]" Schema="[dbo]" Table="[CUSTOMERS]" Alias="[c]" Column="end_user_parent_id" />
                                                    </OuterReferences>
                                                    <RelOp AvgRowSize="84" EstimateCPU="4.18E-06" EstimateIO="0" EstimateRebinds="19.2817" EstimateRewinds="0" EstimateRows="1" LogicalOp="Left Outer Join" NodeId="64" Parallel="false" PhysicalOp="Nested Loops" EstimatedTotalSubtreeCost="0.338079">
                                                      <OutputList>
                                                        <ColumnReference Database="[servicetrax_dev]" Schema="[dbo]" Table="[JOBS]" Alias="[j]" Column="JOB_NO" />
                                                        <ColumnReference Database="[servicetrax_dev]" Schema="[dbo]" Table="[CUSTOMERS]" Alias="[c]" Column="CUSTOMER_NAME" />
                                                        <ColumnReference Database="[servicetrax_dev]" Schema="[dbo]" Table="[CUSTOMERS]" Alias="[c]" Column="end_user_parent_id" />
                                                        <ColumnReference Database="[servicetrax_dev]" Schema="[dbo]" Table="[LOOKUPS]" Alias="[customer_type]" Column="CODE" />
                                                        <ColumnReference Database="[servicetrax_dev]" Schema="[dbo]" Table="[LOOKUPS]" Alias="[job_type]" Column="NAME" />
                                                        <ColumnReference Database="[servicetrax_dev]" Schema="[dbo]" Table="[CUSTOMERS]" Alias="[eu]" Column="CUSTOMER_NAME" />
                                                      </OutputList>
                                                      <RunTimeInformation>
                                                        <RunTimeCountersPerThread Thread="0" ActualRows="68" ActualEndOfScans="0" ActualExecutions="68" />
                                                      </RunTimeInformation>
                                                      <NestedLoops Optimized="false">
                                                        <OuterReferences>
                                                          <ColumnReference Database="[servicetrax_dev]" Schema="[dbo]" Table="[PROJECTS]" Alias="[p]" Column="end_user_id" />
                                                        </OuterReferences>
                                                        <RelOp AvgRowSize="74" EstimateCPU="4.18E-06" EstimateIO="0" EstimateRebinds="19.2817" EstimateRewinds="0" EstimateRows="1" LogicalOp="Left Outer Join" NodeId="65" Parallel="false" PhysicalOp="Nested Loops" EstimatedTotalSubtreeCost="0.27858">
                                                          <OutputList>
                                                            <ColumnReference Database="[servicetrax_dev]" Schema="[dbo]" Table="[JOBS]" Alias="[j]" Column="JOB_NO" />
                                                            <ColumnReference Database="[servicetrax_dev]" Schema="[dbo]" Table="[CUSTOMERS]" Alias="[c]" Column="CUSTOMER_NAME" />
                                                            <ColumnReference Database="[servicetrax_dev]" Schema="[dbo]" Table="[CUSTOMERS]" Alias="[c]" Column="end_user_parent_id" />
                                                            <ColumnReference Database="[servicetrax_dev]" Schema="[dbo]" Table="[LOOKUPS]" Alias="[customer_type]" Column="CODE" />
                                                            <ColumnReference Database="[servicetrax_dev]" Schema="[dbo]" Table="[LOOKUPS]" Alias="[job_type]" Column="NAME" />
                                                            <ColumnReference Database="[servicetrax_dev]" Schema="[dbo]" Table="[PROJECTS]" Alias="[p]" Column="end_user_id" />
                                                          </OutputList>
                                                          <RunTimeInformation>
                                                            <RunTimeCountersPerThread Thread="0" ActualRows="68" ActualEndOfScans="0" ActualExecutions="68" />
                                                          </RunTimeInformation>
                                                          <NestedLoops Optimized="false">
                                                            <OuterReferences>
                                                              <ColumnReference Database="[servicetrax_dev]" Schema="[dbo]" Table="[JOBS]" Alias="[j]" Column="PROJECT_ID" />
                                                            </OuterReferences>
                                                            <RelOp AvgRowSize="74" EstimateCPU="4.18E-06" EstimateIO="0" EstimateRebinds="19.2817" EstimateRewinds="0" EstimateRows="1" LogicalOp="Inner Join" NodeId="66" Parallel="false" PhysicalOp="Nested Loops" EstimatedTotalSubtreeCost="0.217052">
                                                              <OutputList>
                                                                <ColumnReference Database="[servicetrax_dev]" Schema="[dbo]" Table="[JOBS]" Alias="[j]" Column="PROJECT_ID" />
                                                                <ColumnReference Database="[servicetrax_dev]" Schema="[dbo]" Table="[JOBS]" Alias="[j]" Column="JOB_NO" />
                                                                <ColumnReference Database="[servicetrax_dev]" Schema="[dbo]" Table="[CUSTOMERS]" Alias="[c]" Column="CUSTOMER_NAME" />
                                                                <ColumnReference Database="[servicetrax_dev]" Schema="[dbo]" Table="[CUSTOMERS]" Alias="[c]" Column="end_user_parent_id" />
                                                                <ColumnReference Database="[servicetrax_dev]" Schema="[dbo]" Table="[LOOKUPS]" Alias="[customer_type]" Column="CODE" />
                                                                <ColumnReference Database="[servicetrax_dev]" Schema="[dbo]" Table="[LOOKUPS]" Alias="[job_type]" Column="NAME" />
                                                              </OutputList>
                                                              <RunTimeInformation>
                                                                <RunTimeCountersPerThread Thread="0" ActualRows="68" ActualEndOfScans="0" ActualExecutions="68" />
                                                              </RunTimeInformation>
                                                              <NestedLoops Optimized="false">
                                                                <OuterReferences>
                                                                  <ColumnReference Database="[servicetrax_dev]" Schema="[dbo]" Table="[JOBS]" Alias="[j]" Column="JOB_STATUS_TYPE_ID" />
                                                                </OuterReferences>
                                                                <RelOp AvgRowSize="83" EstimateCPU="4.18E-06" EstimateIO="0" EstimateRebinds="19.2817" EstimateRewinds="0" EstimateRows="1" LogicalOp="Inner Join" NodeId="67" Parallel="false" PhysicalOp="Nested Loops" EstimatedTotalSubtreeCost="0.210636">
                                                                  <OutputList>
                                                                    <ColumnReference Database="[servicetrax_dev]" Schema="[dbo]" Table="[JOBS]" Alias="[j]" Column="PROJECT_ID" />
                                                                    <ColumnReference Database="[servicetrax_dev]" Schema="[dbo]" Table="[JOBS]" Alias="[j]" Column="JOB_NO" />
                                                                    <ColumnReference Database="[servicetrax_dev]" Schema="[dbo]" Table="[JOBS]" Alias="[j]" Column="JOB_STATUS_TYPE_ID" />
                                                                    <ColumnReference Database="[servicetrax_dev]" Schema="[dbo]" Table="[CUSTOMERS]" Alias="[c]" Column="CUSTOMER_NAME" />
                                                                    <ColumnReference Database="[servicetrax_dev]" Schema="[dbo]" Table="[CUSTOMERS]" Alias="[c]" Column="end_user_parent_id" />
                                                                    <ColumnReference Database="[servicetrax_dev]" Schema="[dbo]" Table="[LOOKUPS]" Alias="[customer_type]" Column="CODE" />
                                                                    <ColumnReference Database="[servicetrax_dev]" Schema="[dbo]" Table="[LOOKUPS]" Alias="[job_type]" Column="NAME" />
                                                                  </OutputList>
                                                                  <RunTimeInformation>
                                                                    <RunTimeCountersPerThread Thread="0" ActualRows="68" ActualEndOfScans="0" ActualExecutions="68" />
                                                                  </RunTimeInformation>
                                                                  <NestedLoops Optimized="false">
                                                                    <OuterReferences>
                                                                      <ColumnReference Database="[servicetrax_dev]" Schema="[dbo]" Table="[JOBS]" Alias="[j]" Column="JOB_TYPE_ID" />
                                                                    </OuterReferences>
                                                                    <RelOp AvgRowSize="82" EstimateCPU="4.18E-06" EstimateIO="0" EstimateRebinds="19.2817" EstimateRewinds="0" EstimateRows="1" LogicalOp="Inner Join" NodeId="68" Parallel="false" PhysicalOp="Nested Loops" EstimatedTotalSubtreeCost="0.193314">
                                                                      <OutputList>
                                                                        <ColumnReference Database="[servicetrax_dev]" Schema="[dbo]" Table="[JOBS]" Alias="[j]" Column="PROJECT_ID" />
                                                                        <ColumnReference Database="[servicetrax_dev]" Schema="[dbo]" Table="[JOBS]" Alias="[j]" Column="JOB_NO" />
                                                                        <ColumnReference Database="[servicetrax_dev]" Schema="[dbo]" Table="[JOBS]" Alias="[j]" Column="JOB_TYPE_ID" />
                                                                        <ColumnReference Database="[servicetrax_dev]" Schema="[dbo]" Table="[JOBS]" Alias="[j]" Column="JOB_STATUS_TYPE_ID" />
                                                                        <ColumnReference Database="[servicetrax_dev]" Schema="[dbo]" Table="[CUSTOMERS]" Alias="[c]" Column="CUSTOMER_NAME" />
                                                                        <ColumnReference Database="[servicetrax_dev]" Schema="[dbo]" Table="[CUSTOMERS]" Alias="[c]" Column="end_user_parent_id" />
                                                                        <ColumnReference Database="[servicetrax_dev]" Schema="[dbo]" Table="[LOOKUPS]" Alias="[customer_type]" Column="CODE" />
                                                                      </OutputList>
                                                                      <RunTimeInformation>
                                                                        <RunTimeCountersPerThread Thread="0" ActualRows="68" ActualEndOfScans="0" ActualExecutions="68" />
                                                                      </RunTimeInformation>
                                                                      <NestedLoops Optimized="false">
                                                                        <OuterReferences>
                                                                          <ColumnReference Database="[servicetrax_dev]" Schema="[dbo]" Table="[JOBS]" Alias="[j]" Column="CREATED_BY" />
                                                                        </OuterReferences>
                                                                        <RelOp AvgRowSize="91" EstimateCPU="4.18E-06" EstimateIO="0" EstimateRebinds="19.2817" EstimateRewinds="0" EstimateRows="1" LogicalOp="Inner Join" NodeId="69" Parallel="false" PhysicalOp="Nested Loops" EstimatedTotalSubtreeCost="0.136968">
                                                                          <OutputList>
                                                                            <ColumnReference Database="[servicetrax_dev]" Schema="[dbo]" Table="[JOBS]" Alias="[j]" Column="PROJECT_ID" />
                                                                            <ColumnReference Database="[servicetrax_dev]" Schema="[dbo]" Table="[JOBS]" Alias="[j]" Column="JOB_NO" />
                                                                            <ColumnReference Database="[servicetrax_dev]" Schema="[dbo]" Table="[JOBS]" Alias="[j]" Column="JOB_TYPE_ID" />
                                                                            <ColumnReference Database="[servicetrax_dev]" Schema="[dbo]" Table="[JOBS]" Alias="[j]" Column="JOB_STATUS_TYPE_ID" />
                                                                            <ColumnReference Database="[servicetrax_dev]" Schema="[dbo]" Table="[JOBS]" Alias="[j]" Column="CREATED_BY" />
                                                                            <ColumnReference Database="[servicetrax_dev]" Schema="[dbo]" Table="[CUSTOMERS]" Alias="[c]" Column="CUSTOMER_NAME" />
                                                                            <ColumnReference Database="[servicetrax_dev]" Schema="[dbo]" Table="[CUSTOMERS]" Alias="[c]" Column="end_user_parent_id" />
                                                                            <ColumnReference Database="[servicetrax_dev]" Schema="[dbo]" Table="[LOOKUPS]" Alias="[customer_type]" Column="CODE" />
                                                                          </OutputList>
                                                                          <RunTimeInformation>
                                                                            <RunTimeCountersPerThread Thread="0" ActualRows="68" ActualEndOfScans="0" ActualExecutions="68" />
                                                                          </RunTimeInformation>
                                                                          <NestedLoops Optimized="false">
                                                                            <OuterReferences>
                                                                              <ColumnReference Database="[servicetrax_dev]" Schema="[dbo]" Table="[CUSTOMERS]" Alias="[c]" Column="customer_type_id" />
                                                                            </OuterReferences>
                                                                            <RelOp AvgRowSize="91" EstimateCPU="4.18E-06" EstimateIO="0" EstimateRebinds="19.2817" EstimateRewinds="0" EstimateRows="1" LogicalOp="Inner Join" NodeId="70" Parallel="false" PhysicalOp="Nested Loops" EstimatedTotalSubtreeCost="0.122685">
                                                                              <OutputList>
                                                                                <ColumnReference Database="[servicetrax_dev]" Schema="[dbo]" Table="[JOBS]" Alias="[j]" Column="PROJECT_ID" />
                                                                                <ColumnReference Database="[servicetrax_dev]" Schema="[dbo]" Table="[JOBS]" Alias="[j]" Column="JOB_NO" />
                                                                                <ColumnReference Database="[servicetrax_dev]" Schema="[dbo]" Table="[JOBS]" Alias="[j]" Column="JOB_TYPE_ID" />
                                                                                <ColumnReference Database="[servicetrax_dev]" Schema="[dbo]" Table="[JOBS]" Alias="[j]" Column="JOB_STATUS_TYPE_ID" />
                                                                                <ColumnReference Database="[servicetrax_dev]" Schema="[dbo]" Table="[JOBS]" Alias="[j]" Column="CREATED_BY" />
                                                                                <ColumnReference Database="[servicetrax_dev]" Schema="[dbo]" Table="[CUSTOMERS]" Alias="[c]" Column="CUSTOMER_NAME" />
                                                                                <ColumnReference Database="[servicetrax_dev]" Schema="[dbo]" Table="[CUSTOMERS]" Alias="[c]" Column="customer_type_id" />
                                                                                <ColumnReference Database="[servicetrax_dev]" Schema="[dbo]" Table="[CUSTOMERS]" Alias="[c]" Column="end_user_parent_id" />
                                                                              </OutputList>
                                                                              <RunTimeInformation>
                                                                                <RunTimeCountersPerThread Thread="0" ActualRows="68" ActualEndOfScans="0" ActualExecutions="68" />
                                                                              </RunTimeInformation>
                                                                              <NestedLoops Optimized="false">
                                                                                <OuterReferences>
                                                                                  <ColumnReference Database="[servicetrax_dev]" Schema="[dbo]" Table="[JOBS]" Alias="[j]" Column="CUSTOMER_ID" />
                                                                                </OuterReferences>
                                                                                <RelOp AvgRowSize="61" EstimateCPU="0.0001581" EstimateIO="0.003125" EstimateRebinds="19.2817" EstimateRewinds="0" EstimateRows="1" LogicalOp="Clustered Index Seek" NodeId="71" Parallel="false" PhysicalOp="Clustered Index Seek" EstimatedTotalSubtreeCost="0.0631427">
                                                                                  <OutputList>
                                                                                    <ColumnReference Database="[servicetrax_dev]" Schema="[dbo]" Table="[JOBS]" Alias="[j]" Column="PROJECT_ID" />
                                                                                    <ColumnReference Database="[servicetrax_dev]" Schema="[dbo]" Table="[JOBS]" Alias="[j]" Column="JOB_NO" />
                                                                                    <ColumnReference Database="[servicetrax_dev]" Schema="[dbo]" Table="[JOBS]" Alias="[j]" Column="JOB_TYPE_ID" />
                                                                                    <ColumnReference Database="[servicetrax_dev]" Schema="[dbo]" Table="[JOBS]" Alias="[j]" Column="JOB_STATUS_TYPE_ID" />
                                                                                    <ColumnReference Database="[servicetrax_dev]" Schema="[dbo]" Table="[JOBS]" Alias="[j]" Column="CUSTOMER_ID" />
                                                                                    <ColumnReference Database="[servicetrax_dev]" Schema="[dbo]" Table="[JOBS]" Alias="[j]" Column="CREATED_BY" />
                                                                                  </OutputList>
                                                                                  <RunTimeInformation>
                                                                                    <RunTimeCountersPerThread Thread="0" ActualRows="68" ActualEndOfScans="0" ActualExecutions="68" />
                                                                                  </RunTimeInformation>
                                                                                  <IndexScan Ordered="true" ScanDirection="FORWARD" ForcedIndex="false" NoExpandHint="false">
                                                                                    <DefinedValues>
                                                                                      <DefinedValue>
                                                                                        <ColumnReference Database="[servicetrax_dev]" Schema="[dbo]" Table="[JOBS]" Alias="[j]" Column="PROJECT_ID" />
                                                                                      </DefinedValue>
                                                                                      <DefinedValue>
                                                                                        <ColumnReference Database="[servicetrax_dev]" Schema="[dbo]" Table="[JOBS]" Alias="[j]" Column="JOB_NO" />
                                                                                      </DefinedValue>
                                                                                      <DefinedValue>
                                                                                        <ColumnReference Database="[servicetrax_dev]" Schema="[dbo]" Table="[JOBS]" Alias="[j]" Column="JOB_TYPE_ID" />
                                                                                      </DefinedValue>
                                                                                      <DefinedValue>
                                                                                        <ColumnReference Database="[servicetrax_dev]" Schema="[dbo]" Table="[JOBS]" Alias="[j]" Column="JOB_STATUS_TYPE_ID" />
                                                                                      </DefinedValue>
                                                                                      <DefinedValue>
                                                                                        <ColumnReference Database="[servicetrax_dev]" Schema="[dbo]" Table="[JOBS]" Alias="[j]" Column="CUSTOMER_ID" />
                                                                                      </DefinedValue>
                                                                                      <DefinedValue>
                                                                                        <ColumnReference Database="[servicetrax_dev]" Schema="[dbo]" Table="[JOBS]" Alias="[j]" Column="CREATED_BY" />
                                                                                      </DefinedValue>
                                                                                    </DefinedValues>
                                                                                    <Object Database="[servicetrax_dev]" Schema="[dbo]" Table="[JOBS]" Index="[PK_JOBS]" Alias="[j]" TableReferenceId="1" />
                                                                                    <SeekPredicates>
                                                                                      <SeekPredicate>
                                                                                        <Prefix ScanType="EQ">
                                                                                          <RangeColumns>
                                                                                            <ColumnReference Database="[servicetrax_dev]" Schema="[dbo]" Table="[JOBS]" Alias="[j]" Column="JOB_ID" />
                                                                                          </RangeColumns>
                                                                                          <RangeExpressions>
                                                                                            <ScalarOperator ScalarString="[servicetrax_dev].[dbo].[INVOICES].[JOB_ID]">
                                                                                              <Identifier>
                                                                                                <ColumnReference Database="[servicetrax_dev]" Schema="[dbo]" Table="[INVOICES]" Column="JOB_ID" />
                                                                                              </Identifier>
                                                                                            </ScalarOperator>
                                                                                          </RangeExpressions>
                                                                                        </Prefix>
                                                                                      </SeekPredicate>
                                                                                    </SeekPredicates>
                                                                                  </IndexScan>
                                                                                </RelOp>
                                                                                <RelOp AvgRowSize="46" EstimateCPU="0.0001581" EstimateIO="0.003125" EstimateRebinds="19.2817" EstimateRewinds="0" EstimateRows="1" LogicalOp="Index Seek" NodeId="72" Parallel="false" PhysicalOp="Index Seek" EstimatedTotalSubtreeCost="0.0594574">
                                                                                  <OutputList>
                                                                                    <ColumnReference Database="[servicetrax_dev]" Schema="[dbo]" Table="[CUSTOMERS]" Alias="[c]" Column="CUSTOMER_NAME" />
                                                                                    <ColumnReference Database="[servicetrax_dev]" Schema="[dbo]" Table="[CUSTOMERS]" Alias="[c]" Column="customer_type_id" />
                                                                                    <ColumnReference Database="[servicetrax_dev]" Schema="[dbo]" Table="[CUSTOMERS]" Alias="[c]" Column="end_user_parent_id" />
                                                                                  </OutputList>
                                                                                  <RunTimeInformation>
                                                                                    <RunTimeCountersPerThread Thread="0" ActualRows="68" ActualEndOfScans="0" ActualExecutions="68" />
                                                                                  </RunTimeInformation>
                                                                                  <IndexScan Ordered="true" ScanDirection="FORWARD" ForcedIndex="false" NoExpandHint="false">
                                                                                    <DefinedValues>
                                                                                      <DefinedValue>
                                                                                        <ColumnReference Database="[servicetrax_dev]" Schema="[dbo]" Table="[CUSTOMERS]" Alias="[c]" Column="CUSTOMER_NAME" />
                                                                                      </DefinedValue>
                                                                                      <DefinedValue>
                                                                                        <ColumnReference Database="[servicetrax_dev]" Schema="[dbo]" Table="[CUSTOMERS]" Alias="[c]" Column="customer_type_id" />
                                                                                      </DefinedValue>
                                                                                      <DefinedValue>
                                                                                        <ColumnReference Database="[servicetrax_dev]" Schema="[dbo]" Table="[CUSTOMERS]" Alias="[c]" Column="end_user_parent_id" />
                                                                                      </DefinedValue>
                                                                                    </DefinedValues>
                                                                                    <Object Database="[servicetrax_dev]" Schema="[dbo]" Table="[CUSTOMERS]" Index="[IX_CUSTOMERS2]" Alias="[c]" TableReferenceId="1" />
                                                                                    <SeekPredicates>
                                                                                      <SeekPredicate>
                                                                                        <Prefix ScanType="EQ">
                                                                                          <RangeColumns>
                                                                                            <ColumnReference Database="[servicetrax_dev]" Schema="[dbo]" Table="[CUSTOMERS]" Alias="[c]" Column="CUSTOMER_ID" />
                                                                                          </RangeColumns>
                                                                                          <RangeExpressions>
                                                                                            <ScalarOperator ScalarString="[servicetrax_dev].[dbo].[JOBS].[CUSTOMER_ID] as [j].[CUSTOMER_ID]">
                                                                                              <Identifier>
                                                                                                <ColumnReference Database="[servicetrax_dev]" Schema="[dbo]" Table="[JOBS]" Alias="[j]" Column="CUSTOMER_ID" />
                                                                                              </Identifier>
                                                                                            </ScalarOperator>
                                                                                          </RangeExpressions>
                                                                                        </Prefix>
                                                                                      </SeekPredicate>
                                                                                    </SeekPredicates>
                                                                                  </IndexScan>
                                                                                </RelOp>
                                                                              </NestedLoops>
                                                                            </RelOp>
                                                                            <RelOp AvgRowSize="18" EstimateCPU="0.0001581" EstimateIO="0.003125" EstimateRebinds="19.2817" EstimateRewinds="0" EstimateRows="1" LogicalOp="Index Seek" NodeId="73" Parallel="false" PhysicalOp="Index Seek" EstimatedTotalSubtreeCost="0.0141984">
                                                                              <OutputList>
                                                                                <ColumnReference Database="[servicetrax_dev]" Schema="[dbo]" Table="[LOOKUPS]" Alias="[customer_type]" Column="CODE" />
                                                                              </OutputList>
                                                                              <RunTimeInformation>
                                                                                <RunTimeCountersPerThread Thread="0" ActualRows="68" ActualEndOfScans="0" ActualExecutions="68" />
                                                                              </RunTimeInformation>
                                                                              <IndexScan Ordered="true" ScanDirection="FORWARD" ForcedIndex="false" NoExpandHint="false">
                                                                                <DefinedValues>
                                                                                  <DefinedValue>
                                                                                    <ColumnReference Database="[servicetrax_dev]" Schema="[dbo]" Table="[LOOKUPS]" Alias="[customer_type]" Column="CODE" />
                                                                                  </DefinedValue>
                                                                                </DefinedValues>
                                                                                <Object Database="[servicetrax_dev]" Schema="[dbo]" Table="[LOOKUPS]" Index="[IX_L_LID_CODE]" Alias="[customer_type]" TableReferenceId="1" />
                                                                                <SeekPredicates>
                                                                                  <SeekPredicate>
                                                                                    <Prefix ScanType="EQ">
                                                                                      <RangeColumns>
                                                                                        <ColumnReference Database="[servicetrax_dev]" Schema="[dbo]" Table="[LOOKUPS]" Alias="[customer_type]" Column="LOOKUP_ID" />
                                                                                      </RangeColumns>
                                                                                      <RangeExpressions>
                                                                                        <ScalarOperator ScalarString="[servicetrax_dev].[dbo].[CUSTOMERS].[customer_type_id] as [c].[customer_type_id]">
                                                                                          <Identifier>
                                                                                            <ColumnReference Database="[servicetrax_dev]" Schema="[dbo]" Table="[CUSTOMERS]" Alias="[c]" Column="customer_type_id" />
                                                                                          </Identifier>
                                                                                        </ScalarOperator>
                                                                                      </RangeExpressions>
                                                                                    </Prefix>
                                                                                  </SeekPredicate>
                                                                                </SeekPredicates>
                                                                              </IndexScan>
                                                                            </RelOp>
                                                                          </NestedLoops>
                                                                        </RelOp>
                                                                        <RelOp AvgRowSize="9" EstimateCPU="0.0001581" EstimateIO="0.003125" EstimateRebinds="19.2817" EstimateRewinds="0" EstimateRows="1" LogicalOp="Clustered Index Seek" NodeId="74" Parallel="false" PhysicalOp="Clustered Index Seek" EstimatedTotalSubtreeCost="0.0562614">
                                                                          <OutputList />
                                                                          <RunTimeInformation>
                                                                            <RunTimeCountersPerThread Thread="0" ActualRows="68" ActualEndOfScans="0" ActualExecutions="68" />
                                                                          </RunTimeInformation>
                                                                          <IndexScan Ordered="true" ScanDirection="FORWARD" ForcedIndex="false" NoExpandHint="false">
                                                                            <DefinedValues />
                                                                            <Object Database="[servicetrax_dev]" Schema="[dbo]" Table="[USERS]" Index="[PK_USERS]" Alias="[created_by]" TableReferenceId="1" />
                                                                            <SeekPredicates>
                                                                              <SeekPredicate>
                                                                                <Prefix ScanType="EQ">
                                                                                  <RangeColumns>
                                                                                    <ColumnReference Database="[servicetrax_dev]" Schema="[dbo]" Table="[USERS]" Alias="[created_by]" Column="USER_ID" />
                                                                                  </RangeColumns>
                                                                                  <RangeExpressions>
                                                                                    <ScalarOperator ScalarString="[servicetrax_dev].[dbo].[JOBS].[CREATED_BY] as [j].[CREATED_BY]">
                                                                                      <Identifier>
                                                                                        <ColumnReference Database="[servicetrax_dev]" Schema="[dbo]" Table="[JOBS]" Alias="[j]" Column="CREATED_BY" />
                                                                                      </Identifier>
                                                                                    </ScalarOperator>
                                                                                  </RangeExpressions>
                                                                                </Prefix>
                                                                              </SeekPredicate>
                                                                            </SeekPredicates>
                                                                          </IndexScan>
                                                                        </RelOp>
                                                                      </NestedLoops>
                                                                    </RelOp>
                                                                    <RelOp AvgRowSize="19" EstimateCPU="0.0001581" EstimateIO="0.003125" EstimateRebinds="19.2817" EstimateRewinds="0" EstimateRows="1" LogicalOp="Index Seek" NodeId="75" Parallel="false" PhysicalOp="Index Seek" EstimatedTotalSubtreeCost="0.0172364">
                                                                      <OutputList>
                                                                        <ColumnReference Database="[servicetrax_dev]" Schema="[dbo]" Table="[LOOKUPS]" Alias="[job_type]" Column="NAME" />
                                                                      </OutputList>
                                                                      <RunTimeInformation>
                                                                        <RunTimeCountersPerThread Thread="0" ActualRows="68" ActualEndOfScans="0" ActualExecutions="68" />
                                                                      </RunTimeInformation>
                                                                      <IndexScan Ordered="true" ScanDirection="FORWARD" ForcedIndex="false" NoExpandHint="false">
                                                                        <DefinedValues>
                                                                          <DefinedValue>
                                                                            <ColumnReference Database="[servicetrax_dev]" Schema="[dbo]" Table="[LOOKUPS]" Alias="[job_type]" Column="NAME" />
                                                                          </DefinedValue>
                                                                        </DefinedValues>
                                                                        <Object Database="[servicetrax_dev]" Schema="[dbo]" Table="[LOOKUPS]" Index="[IX_L_LID_NAME]" Alias="[job_type]" TableReferenceId="1" />
                                                                        <SeekPredicates>
                                                                          <SeekPredicate>
                                                                            <Prefix ScanType="EQ">
                                                                              <RangeColumns>
                                                                                <ColumnReference Database="[servicetrax_dev]" Schema="[dbo]" Table="[LOOKUPS]" Alias="[job_type]" Column="LOOKUP_ID" />
                                                                              </RangeColumns>
                                                                              <RangeExpressions>
                                                                                <ScalarOperator ScalarString="[servicetrax_dev].[dbo].[JOBS].[JOB_TYPE_ID] as [j].[JOB_TYPE_ID]">
                                                                                  <Identifier>
                                                                                    <ColumnReference Database="[servicetrax_dev]" Schema="[dbo]" Table="[JOBS]" Alias="[j]" Column="JOB_TYPE_ID" />
                                                                                  </Identifier>
                                                                                </ScalarOperator>
                                                                              </RangeExpressions>
                                                                            </Prefix>
                                                                          </SeekPredicate>
                                                                        </SeekPredicates>
                                                                      </IndexScan>
                                                                    </RelOp>
                                                                  </NestedLoops>
                                                                </RelOp>
                                                                <RelOp AvgRowSize="9" EstimateCPU="0.0001581" EstimateIO="0.003125" EstimateRebinds="19.2817" EstimateRewinds="0" EstimateRows="1" LogicalOp="Index Seek" NodeId="76" Parallel="false" PhysicalOp="Index Seek" EstimatedTotalSubtreeCost="0.00633154">
                                                                  <OutputList />
                                                                  <RunTimeInformation>
                                                                    <RunTimeCountersPerThread Thread="0" ActualRows="68" ActualEndOfScans="0" ActualExecutions="68" />
                                                                  </RunTimeInformation>
                                                                  <IndexScan Ordered="true" ScanDirection="FORWARD" ForcedIndex="false" NoExpandHint="false">
                                                                    <DefinedValues />
                                                                    <Object Database="[servicetrax_dev]" Schema="[dbo]" Table="[LOOKUPS]" Index="[IX_L_LID_NAME]" Alias="[job_status_type]" TableReferenceId="1" />
                                                                    <SeekPredicates>
                                                                      <SeekPredicate>
                                                                        <Prefix ScanType="EQ">
                                                                          <RangeColumns>
                                                                            <ColumnReference Database="[servicetrax_dev]" Schema="[dbo]" Table="[LOOKUPS]" Alias="[job_status_type]" Column="LOOKUP_ID" />
                                                                          </RangeColumns>
                                                                          <RangeExpressions>
                                                                            <ScalarOperator ScalarString="[servicetrax_dev].[dbo].[JOBS].[JOB_STATUS_TYPE_ID] as [j].[JOB_STATUS_TYPE_ID]">
                                                                              <Identifier>
                                                                                <ColumnReference Database="[servicetrax_dev]" Schema="[dbo]" Table="[JOBS]" Alias="[j]" Column="JOB_STATUS_TYPE_ID" />
                                                                              </Identifier>
                                                                            </ScalarOperator>
                                                                          </RangeExpressions>
                                                                        </Prefix>
                                                                      </SeekPredicate>
                                                                    </SeekPredicates>
                                                                  </IndexScan>
                                                                </RelOp>
                                                              </NestedLoops>
                                                            </RelOp>
                                                            <RelOp AvgRowSize="16" EstimateCPU="0.0001581" EstimateIO="0.003125" EstimateRebinds="19.2817" EstimateRewinds="0" EstimateRows="1" LogicalOp="Index Seek" NodeId="77" Parallel="false" PhysicalOp="Index Seek" EstimatedTotalSubtreeCost="0.061443">
                                                              <OutputList>
                                                                <ColumnReference Database="[servicetrax_dev]" Schema="[dbo]" Table="[PROJECTS]" Alias="[p]" Column="end_user_id" />
                                                              </OutputList>
                                                              <RunTimeInformation>
                                                                <RunTimeCountersPerThread Thread="0" ActualRows="57" ActualEndOfScans="11" ActualExecutions="68" />
                                                              </RunTimeInformation>
                                                              <IndexScan Ordered="true" ScanDirection="FORWARD" ForcedIndex="false" NoExpandHint="false">
                                                                <DefinedValues>
                                                                  <DefinedValue>
                                                                    <ColumnReference Database="[servicetrax_dev]" Schema="[dbo]" Table="[PROJECTS]" Alias="[p]" Column="end_user_id" />
                                                                  </DefinedValue>
                                                                </DefinedValues>
                                                                <Object Database="[servicetrax_dev]" Schema="[dbo]" Table="[PROJECTS]" Index="[IX_project_p_eu]" Alias="[p]" TableReferenceId="1" />
                                                                <SeekPredicates>
                                                                  <SeekPredicate>
                                                                    <Prefix ScanType="EQ">
                                                                      <RangeColumns>
                                                                        <ColumnReference Database="[servicetrax_dev]" Schema="[dbo]" Table="[PROJECTS]" Alias="[p]" Column="PROJECT_ID" />
                                                                      </RangeColumns>
                                                                      <RangeExpressions>
                                                                        <ScalarOperator ScalarString="[servicetrax_dev].[dbo].[JOBS].[PROJECT_ID] as [j].[PROJECT_ID]">
                                                                          <Identifier>
                                                                            <ColumnReference Database="[servicetrax_dev]" Schema="[dbo]" Table="[JOBS]" Alias="[j]" Column="PROJECT_ID" />
                                                                          </Identifier>
                                                                        </ScalarOperator>
                                                                      </RangeExpressions>
                                                                    </Prefix>
                                                                  </SeekPredicate>
                                                                </SeekPredicates>
                                                              </IndexScan>
                                                            </RelOp>
                                                          </NestedLoops>
                                                        </RelOp>
                                                        <RelOp AvgRowSize="28" EstimateCPU="0.0001581" EstimateIO="0.003125" EstimateRebinds="19.2817" EstimateRewinds="0" EstimateRows="1" LogicalOp="Index Seek" NodeId="78" Parallel="false" PhysicalOp="Index Seek" EstimatedTotalSubtreeCost="0.0594149">
                                                          <OutputList>
                                                            <ColumnReference Database="[servicetrax_dev]" Schema="[dbo]" Table="[CUSTOMERS]" Alias="[eu]" Column="CUSTOMER_NAME" />
                                                          </OutputList>
                                                          <RunTimeInformation>
                                                            <RunTimeCountersPerThread Thread="0" ActualRows="31" ActualEndOfScans="37" ActualExecutions="68" />
                                                          </RunTimeInformation>
                                                          <IndexScan Ordered="true" ScanDirection="FORWARD" ForcedIndex="false" NoExpandHint="false">
                                                            <DefinedValues>
                                                              <DefinedValue>
                                                                <ColumnReference Database="[servicetrax_dev]" Schema="[dbo]" Table="[CUSTOMERS]" Alias="[eu]" Column="CUSTOMER_NAME" />
                                                              </DefinedValue>
                                                            </DefinedValues>
                                                            <Object Database="[servicetrax_dev]" Schema="[dbo]" Table="[CUSTOMERS]" Index="[IX_CUSTOMERS2]" Alias="[eu]" TableReferenceId="1" />
                                                            <SeekPredicates>
                                                              <SeekPredicate>
                                                                <Prefix ScanType="EQ">
                                                                  <RangeColumns>
                                                                    <ColumnReference Database="[servicetrax_dev]" Schema="[dbo]" Table="[CUSTOMERS]" Alias="[eu]" Column="CUSTOMER_ID" />
                                                                  </RangeColumns>
                                                                  <RangeExpressions>
                                                                    <ScalarOperator ScalarString="[servicetrax_dev].[dbo].[PROJECTS].[end_user_id] as [p].[end_user_id]">
                                                                      <Identifier>
                                                                        <ColumnReference Database="[servicetrax_dev]" Schema="[dbo]" Table="[PROJECTS]" Alias="[p]" Column="end_user_id" />
                                                                      </Identifier>
                                                                    </ScalarOperator>
                                                                  </RangeExpressions>
                                                                </Prefix>
                                                              </SeekPredicate>
                                                            </SeekPredicates>
                                                          </IndexScan>
                                                        </RelOp>
                                                      </NestedLoops>
                                                    </RelOp>
                                                    <RelOp AvgRowSize="28" EstimateCPU="0.0001581" EstimateIO="0.003125" EstimateRebinds="19.2817" EstimateRewinds="0" EstimateRows="1" LogicalOp="Clustered Index Seek" NodeId="79" Parallel="false" PhysicalOp="Clustered Index Seek" EstimatedTotalSubtreeCost="0.0621745">
                                                      <OutputList>
                                                        <ColumnReference Database="[servicetrax_dev]" Schema="[dbo]" Table="[CUSTOMERS]" Column="CUSTOMER_NAME" />
                                                      </OutputList>
                                                      <RunTimeInformation>
                                                        <RunTimeCountersPerThread Thread="0" ActualRows="19" ActualEndOfScans="0" ActualExecutions="19" />
                                                      </RunTimeInformation>
                                                      <IndexScan Ordered="true" ScanDirection="FORWARD" ForcedIndex="false" NoExpandHint="false">
                                                        <DefinedValues>
                                                          <DefinedValue>
                                                            <ColumnReference Database="[servicetrax_dev]" Schema="[dbo]" Table="[CUSTOMERS]" Column="CUSTOMER_NAME" />
                                                          </DefinedValue>
                                                        </DefinedValues>
                                                        <Object Database="[servicetrax_dev]" Schema="[dbo]" Table="[CUSTOMERS]" Index="[PK_CUSTOMERS]" TableReferenceId="1" />
                                                        <SeekPredicates>
                                                          <SeekPredicate>
                                                            <Prefix ScanType="EQ">
                                                              <RangeColumns>
                                                                <ColumnReference Database="[servicetrax_dev]" Schema="[dbo]" Table="[CUSTOMERS]" Column="CUSTOMER_ID" />
                                                              </RangeColumns>
                                                              <RangeExpressions>
                                                                <ScalarOperator ScalarString="[servicetrax_dev].[dbo].[CUSTOMERS].[end_user_parent_id] as [c].[end_user_parent_id]">
                                                                  <Identifier>
                                                                    <ColumnReference Database="[servicetrax_dev]" Schema="[dbo]" Table="[CUSTOMERS]" Alias="[c]" Column="end_user_parent_id" />
                                                                  </Identifier>
                                                                </ScalarOperator>
                                                              </RangeExpressions>
                                                            </Prefix>
                                                          </SeekPredicate>
                                                        </SeekPredicates>
                                                      </IndexScan>
                                                    </RelOp>
                                                  </NestedLoops>
                                                </RelOp>
                                              </ComputeScalar>
                                            </RelOp>
                                          </NestedLoops>
                                        </RelOp>
                                        <RelOp AvgRowSize="18" EstimateCPU="0.0001581" EstimateIO="0.003125" EstimateRebinds="1.15333" EstimateRewinds="18.1284" EstimateRows="1" LogicalOp="Clustered Index Seek" NodeId="85" Parallel="false" PhysicalOp="Clustered Index Seek" EstimatedTotalSubtreeCost="0.00633154">
                                          <OutputList>
                                            <ColumnReference Database="[servicetrax_dev]" Schema="[dbo]" Table="[INVOICE_BATCH_STATUSES]" Alias="[ibs]" Column="NAME" />
                                          </OutputList>
                                          <RunTimeInformation>
                                            <RunTimeCountersPerThread Thread="0" ActualRows="68" ActualEndOfScans="0" ActualExecutions="68" />
                                          </RunTimeInformation>
                                          <IndexScan Ordered="true" ScanDirection="FORWARD" ForcedIndex="false" NoExpandHint="false">
                                            <DefinedValues>
                                              <DefinedValue>
                                                <ColumnReference Database="[servicetrax_dev]" Schema="[dbo]" Table="[INVOICE_BATCH_STATUSES]" Alias="[ibs]" Column="NAME" />
                                              </DefinedValue>
                                            </DefinedValues>
                                            <Object Database="[servicetrax_dev]" Schema="[dbo]" Table="[INVOICE_BATCH_STATUSES]" Index="[PK_INVOICE_BATCH_STATUSES]" Alias="[ibs]" />
                                            <SeekPredicates>
                                              <SeekPredicate>
                                                <Prefix ScanType="EQ">
                                                  <RangeColumns>
                                                    <ColumnReference Database="[servicetrax_dev]" Schema="[dbo]" Table="[INVOICE_BATCH_STATUSES]" Alias="[ibs]" Column="STATUS_ID" />
                                                  </RangeColumns>
                                                  <RangeExpressions>
                                                    <ScalarOperator ScalarString="[servicetrax_dev].[dbo].[INVOICES].[BATCH_STATUS_ID]">
                                                      <Identifier>
                                                        <ColumnReference Database="[servicetrax_dev]" Schema="[dbo]" Table="[INVOICES]" Column="BATCH_STATUS_ID" />
                                                      </Identifier>
                                                    </ScalarOperator>
                                                  </RangeExpressions>
                                                </Prefix>
                                              </SeekPredicate>
                                            </SeekPredicates>
                                          </IndexScan>
                                        </RelOp>
                                      </NestedLoops>
                                    </RelOp>
                                    <RelOp AvgRowSize="58" EstimateCPU="3.9409E-05" EstimateIO="0" EstimateRebinds="19.2764" EstimateRewinds="0" EstimateRows="394.09" LogicalOp="Compute Scalar" NodeId="86" Parallel="false" PhysicalOp="Compute Scalar" EstimatedTotalSubtreeCost="27.9781">
                                      <OutputList>
                                        <ColumnReference Database="[servicetrax_dev]" Schema="[dbo]" Table="[SERVICE_LINES]" Alias="[sl]" Column="bill_total" ComputedColumn="true" />
                                        <ColumnReference Database="[servicetrax_dev]" Schema="[dbo]" Table="[SERVICE_LINES]" Alias="[sl]" Column="bill_hourly_total" ComputedColumn="true" />
                                        <ColumnReference Database="[servicetrax_dev]" Schema="[dbo]" Table="[SERVICE_LINES]" Alias="[sl]" Column="bill_exp_total" ComputedColumn="true" />
                                      </OutputList>
                                      <ComputeScalar>
                                        <DefinedValues>
                                          <DefinedValue>
                                            <ColumnReference Database="[servicetrax_dev]" Schema="[dbo]" Table="[SERVICE_LINES]" Alias="[sl]" Column="bill_total" ComputedColumn="true" />
                                            <ScalarOperator ScalarString="[servicetrax_dev].[dbo].[SERVICE_LINES].[bill_total] as [sl].[bill_total]">
                                              <Identifier>
                                                <ColumnReference Database="[servicetrax_dev]" Schema="[dbo]" Table="[SERVICE_LINES]" Alias="[sl]" Column="bill_total" ComputedColumn="true" />
                                              </Identifier>
                                            </ScalarOperator>
                                          </DefinedValue>
                                          <DefinedValue>
                                            <ColumnReference Database="[servicetrax_dev]" Schema="[dbo]" Table="[SERVICE_LINES]" Alias="[sl]" Column="bill_hourly_total" ComputedColumn="true" />
                                            <ScalarOperator ScalarString="[servicetrax_dev].[dbo].[SERVICE_LINES].[bill_hourly_total] as [sl].[bill_hourly_total]">
                                              <Identifier>
                                                <ColumnReference Database="[servicetrax_dev]" Schema="[dbo]" Table="[SERVICE_LINES]" Alias="[sl]" Column="bill_hourly_total" ComputedColumn="true" />
                                              </Identifier>
                                            </ScalarOperator>
                                          </DefinedValue>
                                          <DefinedValue>
                                            <ColumnReference Database="[servicetrax_dev]" Schema="[dbo]" Table="[SERVICE_LINES]" Alias="[sl]" Column="bill_exp_total" ComputedColumn="true" />
                                            <ScalarOperator ScalarString="[servicetrax_dev].[dbo].[SERVICE_LINES].[bill_exp_total] as [sl].[bill_exp_total]">
                                              <Identifier>
                                                <ColumnReference Database="[servicetrax_dev]" Schema="[dbo]" Table="[SERVICE_LINES]" Alias="[sl]" Column="bill_exp_total" ComputedColumn="true" />
                                              </Identifier>
                                            </ScalarOperator>
                                          </DefinedValue>
                                        </DefinedValues>
                                        <RelOp AvgRowSize="58" EstimateCPU="0.000381725" EstimateIO="0" EstimateRebinds="19.2764" EstimateRewinds="0" EstimateRows="394.09" LogicalOp="Filter" NodeId="87" Parallel="false" PhysicalOp="Filter" EstimatedTotalSubtreeCost="27.9773">
                                          <OutputList>
                                            <ColumnReference Database="[servicetrax_dev]" Schema="[dbo]" Table="[SERVICE_LINES]" Alias="[sl]" Column="bill_total" ComputedColumn="true" />
                                            <ColumnReference Database="[servicetrax_dev]" Schema="[dbo]" Table="[SERVICE_LINES]" Alias="[sl]" Column="bill_hourly_total" ComputedColumn="true" />
                                            <ColumnReference Database="[servicetrax_dev]" Schema="[dbo]" Table="[SERVICE_LINES]" Alias="[sl]" Column="bill_exp_total" ComputedColumn="true" />
                                          </OutputList>
                                          <RunTimeInformation>
                                            <RunTimeCountersPerThread Thread="0" ActualRows="183" ActualEndOfScans="68" ActualExecutions="68" />
                                          </RunTimeInformation>
                                          <Filter StartupExpression="false">
                                            <RelOp AvgRowSize="72" EstimateCPU="0.00181319" EstimateIO="0" EstimateRebinds="19.2764" EstimateRewinds="0" EstimateRows="433.778" LogicalOp="Inner Join" NodeId="88" Parallel="false" PhysicalOp="Nested Loops" EstimatedTotalSubtreeCost="27.9695">
                                              <OutputList>
                                                <ColumnReference Database="[servicetrax_dev]" Schema="[dbo]" Table="[SERVICE_LINES]" Alias="[sl]" Column="STATUS_ID" />
                                                <ColumnReference Database="[servicetrax_dev]" Schema="[dbo]" Table="[SERVICE_LINES]" Alias="[sl]" Column="INTERNAL_REQ_FLAG" />
                                                <ColumnReference Database="[servicetrax_dev]" Schema="[dbo]" Table="[SERVICE_LINES]" Alias="[sl]" Column="bill_total" ComputedColumn="true" />
                                                <ColumnReference Database="[servicetrax_dev]" Schema="[dbo]" Table="[SERVICE_LINES]" Alias="[sl]" Column="bill_hourly_total" ComputedColumn="true" />
                                                <ColumnReference Database="[servicetrax_dev]" Schema="[dbo]" Table="[SERVICE_LINES]" Alias="[sl]" Column="bill_exp_total" ComputedColumn="true" />
                                              </OutputList>
                                              <RunTimeInformation>
                                                <RunTimeCountersPerThread Thread="0" ActualRows="183" ActualEndOfScans="68" ActualExecutions="68" />
                                              </RunTimeInformation>
                                              <NestedLoops Optimized="true" WithUnorderedPrefetch="true">
                                                <OuterReferences>
                                                  <ColumnReference Database="[servicetrax_dev]" Schema="[dbo]" Table="[SERVICE_LINES]" Alias="[sl]" Column="SERVICE_LINE_ID" />
                                                  <ColumnReference Column="Expr1330" />
                                                </OuterReferences>
                                                <RelOp AvgRowSize="16" EstimateCPU="0.000634156" EstimateIO="0.00386574" EstimateRebinds="19.2764" EstimateRewinds="0" EstimateRows="433.778" LogicalOp="Index Seek" NodeId="91" Parallel="false" PhysicalOp="Index Seek" EstimatedTotalSubtreeCost="0.0871774">
                                                  <OutputList>
                                                    <ColumnReference Database="[servicetrax_dev]" Schema="[dbo]" Table="[SERVICE_LINES]" Alias="[sl]" Column="SERVICE_LINE_ID" />
                                                  </OutputList>
                                                  <RunTimeInformation>
                                                    <RunTimeCountersPerThread Thread="0" ActualRows="183" ActualEndOfScans="68" ActualExecutions="68" />
                                                  </RunTimeInformation>
                                                  <IndexScan Ordered="true" ScanDirection="FORWARD" ForcedIndex="false" NoExpandHint="false">
                                                    <DefinedValues>
                                                      <DefinedValue>
                                                        <ColumnReference Database="[servicetrax_dev]" Schema="[dbo]" Table="[SERVICE_LINES]" Alias="[sl]" Column="SERVICE_LINE_ID" />
                                                      </DefinedValue>
                                                    </DefinedValues>
                                                    <Object Database="[servicetrax_dev]" Schema="[dbo]" Table="[SERVICE_LINES]" Index="[IX_SL_INVOICES]" Alias="[sl]" />
                                                    <SeekPredicates>
                                                      <SeekPredicate>
                                                        <Prefix ScanType="EQ">
                                                          <RangeColumns>
                                                            <ColumnReference Database="[servicetrax_dev]" Schema="[dbo]" Table="[SERVICE_LINES]" Alias="[sl]" Column="INVOICE_ID" />
                                                          </RangeColumns>
                                                          <RangeExpressions>
                                                            <ScalarOperator ScalarString="[servicetrax_dev].[dbo].[INVOICES].[INVOICE_ID]">
                                                              <Identifier>
                                                                <ColumnReference Database="[servicetrax_dev]" Schema="[dbo]" Table="[INVOICES]" Column="INVOICE_ID" />
                                                              </Identifier>
                                                            </ScalarOperator>
                                                          </RangeExpressions>
                                                        </Prefix>
                                                      </SeekPredicate>
                                                    </SeekPredicates>
                                                  </IndexScan>
                                                </RelOp>
                                                <RelOp AvgRowSize="71" EstimateCPU="1E-07" EstimateIO="0" EstimateRebinds="8794.47" EstimateRewinds="0" EstimateRows="1" LogicalOp="Compute Scalar" NodeId="93" Parallel="false" PhysicalOp="Compute Scalar" EstimatedTotalSubtreeCost="27.8456">
                                                  <OutputList>
                                                    <ColumnReference Database="[servicetrax_dev]" Schema="[dbo]" Table="[SERVICE_LINES]" Alias="[sl]" Column="bill_total" ComputedColumn="true" />
                                                    <ColumnReference Database="[servicetrax_dev]" Schema="[dbo]" Table="[SERVICE_LINES]" Alias="[sl]" Column="bill_hourly_total" ComputedColumn="true" />
                                                    <ColumnReference Database="[servicetrax_dev]" Schema="[dbo]" Table="[SERVICE_LINES]" Alias="[sl]" Column="bill_exp_total" ComputedColumn="true" />
                                                    <ColumnReference Database="[servicetrax_dev]" Schema="[dbo]" Table="[SERVICE_LINES]" Alias="[sl]" Column="STATUS_ID" />
                                                    <ColumnReference Database="[servicetrax_dev]" Schema="[dbo]" Table="[SERVICE_LINES]" Alias="[sl]" Column="INTERNAL_REQ_FLAG" />
                                                  </OutputList>
                                                  <ComputeScalar>
                                                    <DefinedValues>
                                                      <DefinedValue>
                                                        <ColumnReference Database="[servicetrax_dev]" Schema="[dbo]" Table="[SERVICE_LINES]" Alias="[sl]" Column="bill_total" ComputedColumn="true" />
                                                        <ScalarOperator ScalarString="isnull([servicetrax_dev].[dbo].[SERVICE_LINES].[BILL_QTY] as [sl].[BILL_QTY]*[servicetrax_dev].[dbo].[SERVICE_LINES].[BILL_RATE] as [sl].[BILL_RATE],(0.00000))">
                                                          <Intrinsic FunctionName="isnull">
                                                            <ScalarOperator>
                                                              <Arithmetic Operation="MULT">
                                                                <ScalarOperator>
                                                                  <Identifier>
                                                                    <ColumnReference Database="[servicetrax_dev]" Schema="[dbo]" Table="[SERVICE_LINES]" Alias="[sl]" Column="BILL_QTY" />
                                                                  </Identifier>
                                                                </ScalarOperator>
                                                                <ScalarOperator>
                                                                  <Identifier>
                                                                    <ColumnReference Database="[servicetrax_dev]" Schema="[dbo]" Table="[SERVICE_LINES]" Alias="[sl]" Column="BILL_RATE" />
                                                                  </Identifier>
                                                                </ScalarOperator>
                                                              </Arithmetic>
                                                            </ScalarOperator>
                                                            <ScalarOperator>
                                                              <Const ConstValue="(0.00000)" />
                                                            </ScalarOperator>
                                                          </Intrinsic>
                                                        </ScalarOperator>
                                                      </DefinedValue>
                                                      <DefinedValue>
                                                        <ColumnReference Database="[servicetrax_dev]" Schema="[dbo]" Table="[SERVICE_LINES]" Alias="[sl]" Column="bill_hourly_total" ComputedColumn="true" />
                                                        <ScalarOperator ScalarString="isnull([servicetrax_dev].[dbo].[SERVICE_LINES].[BILL_HOURLY_QTY] as [sl].[BILL_HOURLY_QTY]*[servicetrax_dev].[dbo].[SERVICE_LINES].[BILL_HOURLY_RATE] as [sl].[BILL_HOURLY_RATE],(0.00000))">
                                                          <Intrinsic FunctionName="isnull">
                                                            <ScalarOperator>
                                                              <Arithmetic Operation="MULT">
                                                                <ScalarOperator>
                                                                  <Identifier>
                                                                    <ColumnReference Database="[servicetrax_dev]" Schema="[dbo]" Table="[SERVICE_LINES]" Alias="[sl]" Column="BILL_HOURLY_QTY" />
                                                                  </Identifier>
                                                                </ScalarOperator>
                                                                <ScalarOperator>
                                                                  <Identifier>
                                                                    <ColumnReference Database="[servicetrax_dev]" Schema="[dbo]" Table="[SERVICE_LINES]" Alias="[sl]" Column="BILL_HOURLY_RATE" />
                                                                  </Identifier>
                                                                </ScalarOperator>
                                                              </Arithmetic>
                                                            </ScalarOperator>
                                                            <ScalarOperator>
                                                              <Const ConstValue="(0.00000)" />
                                                            </ScalarOperator>
                                                          </Intrinsic>
                                                        </ScalarOperator>
                                                      </DefinedValue>
                                                      <DefinedValue>
                                                        <ColumnReference Database="[servicetrax_dev]" Schema="[dbo]" Table="[SERVICE_LINES]" Alias="[sl]" Column="bill_exp_total" ComputedColumn="true" />
                                                        <ScalarOperator ScalarString="isnull([servicetrax_dev].[dbo].[SERVICE_LINES].[BILL_EXP_QTY] as [sl].[BILL_EXP_QTY]*[servicetrax_dev].[dbo].[SERVICE_LINES].[BILL_EXP_RATE] as [sl].[BILL_EXP_RATE],(0.00000))">
                                                          <Intrinsic FunctionName="isnull">
                                                            <ScalarOperator>
                                                              <Arithmetic Operation="MULT">
                                                                <ScalarOperator>
                                                                  <Identifier>
                                                                    <ColumnReference Database="[servicetrax_dev]" Schema="[dbo]" Table="[SERVICE_LINES]" Alias="[sl]" Column="BILL_EXP_QTY" />
                                                                  </Identifier>
                                                                </ScalarOperator>
                                                                <ScalarOperator>
                                                                  <Identifier>
                                                                    <ColumnReference Database="[servicetrax_dev]" Schema="[dbo]" Table="[SERVICE_LINES]" Alias="[sl]" Column="BILL_EXP_RATE" />
                                                                  </Identifier>
                                                                </ScalarOperator>
                                                              </Arithmetic>
                                                            </ScalarOperator>
                                                            <ScalarOperator>
                                                              <Const ConstValue="(0.00000)" />
                                                            </ScalarOperator>
                                                          </Intrinsic>
                                                        </ScalarOperator>
                                                      </DefinedValue>
                                                    </DefinedValues>
                                                    <RelOp AvgRowSize="74" EstimateCPU="0.0001581" EstimateIO="0.003125" EstimateRebinds="8794.47" EstimateRewinds="0" EstimateRows="1" LogicalOp="Clustered Index Seek" NodeId="94" Parallel="false" PhysicalOp="Clustered Index Seek" EstimatedTotalSubtreeCost="27.8447">
                                                      <OutputList>
                                                        <ColumnReference Database="[servicetrax_dev]" Schema="[dbo]" Table="[SERVICE_LINES]" Alias="[sl]" Column="STATUS_ID" />
                                                        <ColumnReference Database="[servicetrax_dev]" Schema="[dbo]" Table="[SERVICE_LINES]" Alias="[sl]" Column="BILL_QTY" />
                                                        <ColumnReference Database="[servicetrax_dev]" Schema="[dbo]" Table="[SERVICE_LINES]" Alias="[sl]" Column="BILL_RATE" />
                                                        <ColumnReference Database="[servicetrax_dev]" Schema="[dbo]" Table="[SERVICE_LINES]" Alias="[sl]" Column="BILL_HOURLY_QTY" />
                                                        <ColumnReference Database="[servicetrax_dev]" Schema="[dbo]" Table="[SERVICE_LINES]" Alias="[sl]" Column="BILL_HOURLY_RATE" />
                                                        <ColumnReference Database="[servicetrax_dev]" Schema="[dbo]" Table="[SERVICE_LINES]" Alias="[sl]" Column="BILL_EXP_QTY" />
                                                        <ColumnReference Database="[servicetrax_dev]" Schema="[dbo]" Table="[SERVICE_LINES]" Alias="[sl]" Column="BILL_EXP_RATE" />
                                                        <ColumnReference Database="[servicetrax_dev]" Schema="[dbo]" Table="[SERVICE_LINES]" Alias="[sl]" Column="INTERNAL_REQ_FLAG" />
                                                      </OutputList>
                                                      <RunTimeInformation>
                                                        <RunTimeCountersPerThread Thread="0" ActualRows="183" ActualEndOfScans="0" ActualExecutions="183" />
                                                      </RunTimeInformation>
                                                      <IndexScan Lookup="true" Ordered="true" ScanDirection="FORWARD" ForcedIndex="false" NoExpandHint="false">
                                                        <DefinedValues>
                                                          <DefinedValue>
                                                            <ColumnReference Database="[servicetrax_dev]" Schema="[dbo]" Table="[SERVICE_LINES]" Alias="[sl]" Column="STATUS_ID" />
                                                          </DefinedValue>
                                                          <DefinedValue>
                                                            <ColumnReference Database="[servicetrax_dev]" Schema="[dbo]" Table="[SERVICE_LINES]" Alias="[sl]" Column="BILL_QTY" />
                                                          </DefinedValue>
                                                          <DefinedValue>
                                                            <ColumnReference Database="[servicetrax_dev]" Schema="[dbo]" Table="[SERVICE_LINES]" Alias="[sl]" Column="BILL_RATE" />
                                                          </DefinedValue>
                                                          <DefinedValue>
                                                            <ColumnReference Database="[servicetrax_dev]" Schema="[dbo]" Table="[SERVICE_LINES]" Alias="[sl]" Column="BILL_HOURLY_QTY" />
                                                          </DefinedValue>
                                                          <DefinedValue>
                                                            <ColumnReference Database="[servicetrax_dev]" Schema="[dbo]" Table="[SERVICE_LINES]" Alias="[sl]" Column="BILL_HOURLY_RATE" />
                                                          </DefinedValue>
                                                          <DefinedValue>
                                                            <ColumnReference Database="[servicetrax_dev]" Schema="[dbo]" Table="[SERVICE_LINES]" Alias="[sl]" Column="BILL_EXP_QTY" />
                                                          </DefinedValue>
                                                          <DefinedValue>
                                                            <ColumnReference Database="[servicetrax_dev]" Schema="[dbo]" Table="[SERVICE_LINES]" Alias="[sl]" Column="BILL_EXP_RATE" />
                                                          </DefinedValue>
                                                          <DefinedValue>
                                                            <ColumnReference Database="[servicetrax_dev]" Schema="[dbo]" Table="[SERVICE_LINES]" Alias="[sl]" Column="INTERNAL_REQ_FLAG" />
                                                          </DefinedValue>
                                                        </DefinedValues>
                                                        <Object Database="[servicetrax_dev]" Schema="[dbo]" Table="[SERVICE_LINES]" Index="[PK_SERVICE_LINES]" Alias="[sl]" TableReferenceId="-1" />
                                                        <SeekPredicates>
                                                          <SeekPredicate>
                                                            <Prefix ScanType="EQ">
                                                              <RangeColumns>
                                                                <ColumnReference Database="[servicetrax_dev]" Schema="[dbo]" Table="[SERVICE_LINES]" Alias="[sl]" Column="SERVICE_LINE_ID" />
                                                              </RangeColumns>
                                                              <RangeExpressions>
                                                                <ScalarOperator ScalarString="[servicetrax_dev].[dbo].[SERVICE_LINES].[SERVICE_LINE_ID] as [sl].[SERVICE_LINE_ID]">
                                                                  <Identifier>
                                                                    <ColumnReference Database="[servicetrax_dev]" Schema="[dbo]" Table="[SERVICE_LINES]" Alias="[sl]" Column="SERVICE_LINE_ID" />
                                                                  </Identifier>
                                                                </ScalarOperator>
                                                              </RangeExpressions>
                                                            </Prefix>
                                                          </SeekPredicate>
                                                        </SeekPredicates>
                                                      </IndexScan>
                                                    </RelOp>
                                                  </ComputeScalar>
                                                </RelOp>
                                              </NestedLoops>
                                            </RelOp>
                                            <Predicate>
                                              <ScalarOperator ScalarString="[servicetrax_dev].[dbo].[SERVICE_LINES].[STATUS_ID] as [sl].[STATUS_ID]&gt;(3.) AND [servicetrax_dev].[dbo].[SERVICE_LINES].[INTERNAL_REQ_FLAG] as [sl].[INTERNAL_REQ_FLAG]='N'">
                                                <Logical Operation="AND">
                                                  <ScalarOperator>
                                                    <Compare CompareOp="GT">
                                                      <ScalarOperator>
                                                        <Identifier>
                                                          <ColumnReference Database="[servicetrax_dev]" Schema="[dbo]" Table="[SERVICE_LINES]" Alias="[sl]" Column="STATUS_ID" />
                                                        </Identifier>
                                                      </ScalarOperator>
                                                      <ScalarOperator>
                                                        <Const ConstValue="(3.)" />
                                                      </ScalarOperator>
                                                    </Compare>
                                                  </ScalarOperator>
                                                  <ScalarOperator>
                                                    <Compare CompareOp="EQ">
                                                      <ScalarOperator>
                                                        <Identifier>
                                                          <ColumnReference Database="[servicetrax_dev]" Schema="[dbo]" Table="[SERVICE_LINES]" Alias="[sl]" Column="INTERNAL_REQ_FLAG" />
                                                        </Identifier>
                                                      </ScalarOperator>
                                                      <ScalarOperator>
                                                        <Const ConstValue="'N'" />
                                                      </ScalarOperator>
                                                    </Compare>
                                                  </ScalarOperator>
                                                </Logical>
                                              </ScalarOperator>
                                            </Predicate>
                                          </Filter>
                                        </RelOp>
                                      </ComputeScalar>
                                    </RelOp>
                                  </NestedLoops>
                                </RelOp>
                              </ComputeScalar>
                            </RelOp>
                            <RelOp AvgRowSize="581" EstimateCPU="1.23288E-05" EstimateIO="0" EstimateRebinds="0" EstimateRewinds="0" EstimateRows="123.288" LogicalOp="Compute Scalar" NodeId="126" Parallel="false" PhysicalOp="Compute Scalar" EstimatedTotalSubtreeCost="3.10763">
                              <OutputList>
                                <ColumnReference Database="[servicetrax_dev]" Schema="[dbo]" Table="[JOBS]" Alias="[j]" Column="JOB_NO" />
                                <ColumnReference Database="[servicetrax_dev]" Schema="[dbo]" Table="[LOOKUPS]" Alias="[job_type]" Column="NAME" />
                                <ColumnReference Column="Expr1177" />
                                <ColumnReference Column="Expr1179" />
                                <ColumnReference Database="[servicetrax_dev]" Schema="[dbo]" Table="[INVOICES]" Column="INVOICE_ID" />
                                <ColumnReference Database="[servicetrax_dev]" Schema="[dbo]" Table="[INVOICES]" Column="PO_NO" />
                                <ColumnReference Database="[servicetrax_dev]" Schema="[dbo]" Table="[INVOICES]" Column="STATUS_ID" />
                                <ColumnReference Database="[servicetrax_dev]" Schema="[dbo]" Table="[INVOICES]" Column="JOB_ID" />
                                <ColumnReference Database="[servicetrax_dev]" Schema="[dbo]" Table="[INVOICES]" Column="DESCRIPTION" />
                                <ColumnReference Database="[servicetrax_dev]" Schema="[dbo]" Table="[INVOICES]" Column="DATE_SENT" />
                                <ColumnReference Database="[servicetrax_dev]" Schema="[dbo]" Table="[INVOICES]" Column="DATE_CREATED" />
                                <ColumnReference Database="[servicetrax_dev]" Schema="[dbo]" Table="[LOOKUPS]" Alias="[INVOICE_TYPE]" Column="NAME" />
                                <ColumnReference Column="Expr1248" />
                                <ColumnReference Column="Expr1251" />
                                <ColumnReference Column="Expr1253" />
                                <ColumnReference Column="Expr1254" />
                                <ColumnReference Column="Expr1255" />
                                <ColumnReference Column="Expr1256" />
                                <ColumnReference Database="[servicetrax_dev]" Schema="[dbo]" Table="[INVOICE_BATCH_STATUSES]" Alias="[ibs]" Column="NAME" />
                              </OutputList>
                              <ComputeScalar>
                                <DefinedValues>
                                  <DefinedValue>
                                    <ColumnReference Column="Expr1177" />
                                    <ScalarOperator ScalarString="CASE WHEN [servicetrax_dev].[dbo].[LOOKUPS].[CODE] as [customer_type].[CODE]='end_user' THEN [servicetrax_dev].[dbo].[CUSTOMERS].[CUSTOMER_NAME] ELSE [servicetrax_dev].[dbo].[CUSTOMERS].[CUSTOMER_NAME] as [c].[CUSTOMER_NAME] END">
                                      <IF>
                                        <Condition>
                                          <ScalarOperator>
                                            <Compare CompareOp="EQ">
                                              <ScalarOperator>
                                                <Identifier>
                                                  <ColumnReference Database="[servicetrax_dev]" Schema="[dbo]" Table="[LOOKUPS]" Alias="[customer_type]" Column="CODE" />
                                                </Identifier>
                                              </ScalarOperator>
                                              <ScalarOperator>
                                                <Const ConstValue="'end_user'" />
                                              </ScalarOperator>
                                            </Compare>
                                          </ScalarOperator>
                                        </Condition>
                                        <Then>
                                          <ScalarOperator>
                                            <Identifier>
                                              <ColumnReference Database="[servicetrax_dev]" Schema="[dbo]" Table="[CUSTOMERS]" Column="CUSTOMER_NAME" />
                                            </Identifier>
                                          </ScalarOperator>
                                        </Then>
                                        <Else>
                                          <ScalarOperator>
                                            <Identifier>
                                              <ColumnReference Database="[servicetrax_dev]" Schema="[dbo]" Table="[CUSTOMERS]" Alias="[c]" Column="CUSTOMER_NAME" />
                                            </Identifier>
                                          </ScalarOperator>
                                        </Else>
                                      </IF>
                                    </ScalarOperator>
                                  </DefinedValue>
                                  <DefinedValue>
                                    <ColumnReference Column="Expr1179" />
                                    <ScalarOperator ScalarString="CASE WHEN [servicetrax_dev].[dbo].[LOOKUPS].[CODE] as [customer_type].[CODE]='end_user' THEN [servicetrax_dev].[dbo].[CUSTOMERS].[CUSTOMER_NAME] as [c].[CUSTOMER_NAME] ELSE [servicetrax_dev].[dbo].[CUSTOMERS].[CUSTOMER_NAME] as [eu].[CUSTOMER_NAME] END">
                                      <IF>
                                        <Condition>
                                          <ScalarOperator>
                                            <Compare CompareOp="EQ">
                                              <ScalarOperator>
                                                <Identifier>
                                                  <ColumnReference Database="[servicetrax_dev]" Schema="[dbo]" Table="[LOOKUPS]" Alias="[customer_type]" Column="CODE" />
                                                </Identifier>
                                              </ScalarOperator>
                                              <ScalarOperator>
                                                <Const ConstValue="'end_user'" />
                                              </ScalarOperator>
                                            </Compare>
                                          </ScalarOperator>
                                        </Condition>
                                        <Then>
                                          <ScalarOperator>
                                            <Identifier>
                                              <ColumnReference Database="[servicetrax_dev]" Schema="[dbo]" Table="[CUSTOMERS]" Alias="[c]" Column="CUSTOMER_NAME" />
                                            </Identifier>
                                          </ScalarOperator>
                                        </Then>
                                        <Else>
                                          <ScalarOperator>
                                            <Identifier>
                                              <ColumnReference Database="[servicetrax_dev]" Schema="[dbo]" Table="[CUSTOMERS]" Alias="[eu]" Column="CUSTOMER_NAME" />
                                            </Identifier>
                                          </ScalarOperator>
                                        </Else>
                                      </IF>
                                    </ScalarOperator>
                                  </DefinedValue>
                                  <DefinedValue>
                                    <ColumnReference Column="Expr1248" />
                                    <ScalarOperator ScalarString="[Expr1304]+[Expr1228]">
                                      <Arithmetic Operation="ADD">
                                        <ScalarOperator>
                                          <Identifier>
                                            <ColumnReference Column="Expr1304" />
                                          </Identifier>
                                        </ScalarOperator>
                                        <ScalarOperator>
                                          <Identifier>
                                            <ColumnReference Column="Expr1228" />
                                          </Identifier>
                                        </ScalarOperator>
                                      </Arithmetic>
                                    </ScalarOperator>
                                  </DefinedValue>
                                  <DefinedValue>
                                    <ColumnReference Column="Expr1254" />
                                    <ScalarOperator ScalarString="(0.00000)">
                                      <Const ConstValue="(0.00000)" />
                                    </ScalarOperator>
                                  </DefinedValue>
                                  <DefinedValue>
                                    <ColumnReference Column="Expr1255" />
                                    <ScalarOperator ScalarString="(0.00000)">
                                      <Const ConstValue="(0.00000)" />
                                    </ScalarOperator>
                                  </DefinedValue>
                                  <DefinedValue>
                                    <ColumnReference Column="Expr1256" />
                                    <ScalarOperator ScalarString="(0.00000)">
                                      <Const ConstValue="(0.00000)" />
                                    </ScalarOperator>
                                  </DefinedValue>
                                </DefinedValues>
                                <RelOp AvgRowSize="524" EstimateCPU="0.000515346" EstimateIO="0" EstimateRebinds="0" EstimateRewinds="0" EstimateRows="123.288" LogicalOp="Left Outer Join" NodeId="127" Parallel="false" PhysicalOp="Nested Loops" EstimatedTotalSubtreeCost="3.10762">
                                  <OutputList>
                                    <ColumnReference Database="[servicetrax_dev]" Schema="[dbo]" Table="[JOBS]" Alias="[j]" Column="JOB_NO" />
                                    <ColumnReference Database="[servicetrax_dev]" Schema="[dbo]" Table="[CUSTOMERS]" Alias="[c]" Column="CUSTOMER_NAME" />
                                    <ColumnReference Database="[servicetrax_dev]" Schema="[dbo]" Table="[LOOKUPS]" Alias="[customer_type]" Column="CODE" />
                                    <ColumnReference Database="[servicetrax_dev]" Schema="[dbo]" Table="[LOOKUPS]" Alias="[job_type]" Column="NAME" />
                                    <ColumnReference Database="[servicetrax_dev]" Schema="[dbo]" Table="[CUSTOMERS]" Alias="[eu]" Column="CUSTOMER_NAME" />
                                    <ColumnReference Database="[servicetrax_dev]" Schema="[dbo]" Table="[CUSTOMERS]" Column="CUSTOMER_NAME" />
                                    <ColumnReference Column="Expr1228" />
                                    <ColumnReference Database="[servicetrax_dev]" Schema="[dbo]" Table="[INVOICES]" Column="INVOICE_ID" />
                                    <ColumnReference Database="[servicetrax_dev]" Schema="[dbo]" Table="[INVOICES]" Column="PO_NO" />
                                    <ColumnReference Database="[servicetrax_dev]" Schema="[dbo]" Table="[INVOICES]" Column="STATUS_ID" />
                                    <ColumnReference Database="[servicetrax_dev]" Schema="[dbo]" Table="[INVOICES]" Column="JOB_ID" />
                                    <ColumnReference Database="[servicetrax_dev]" Schema="[dbo]" Table="[INVOICES]" Column="DESCRIPTION" />
                                    <ColumnReference Database="[servicetrax_dev]" Schema="[dbo]" Table="[INVOICES]" Column="DATE_SENT" />
                                    <ColumnReference Database="[servicetrax_dev]" Schema="[dbo]" Table="[INVOICES]" Column="DATE_CREATED" />
                                    <ColumnReference Database="[servicetrax_dev]" Schema="[dbo]" Table="[LOOKUPS]" Alias="[INVOICE_TYPE]" Column="NAME" />
                                    <ColumnReference Column="Expr1251" />
                                    <ColumnReference Column="Expr1253" />
                                    <ColumnReference Database="[servicetrax_dev]" Schema="[dbo]" Table="[INVOICE_BATCH_STATUSES]" Alias="[ibs]" Column="NAME" />
                                    <ColumnReference Column="Expr1304" />
                                  </OutputList>
                                  <RunTimeInformation>
                                    <RunTimeCountersPerThread Thread="0" ActualRows="50" ActualEndOfScans="1" ActualExecutions="1" />
                                  </RunTimeInformation>
                                  <NestedLoops Optimized="false" WithUnorderedPrefetch="true">
                                    <OuterReferences>
                                      <ColumnReference Database="[servicetrax_dev]" Schema="[dbo]" Table="[CUSTOMERS]" Alias="[c]" Column="end_user_parent_id" />
                                      <ColumnReference Column="Expr1338" />
                                    </OuterReferences>
                                    <RelOp AvgRowSize="514" EstimateCPU="0.0058797" EstimateIO="0" EstimateRebinds="0" EstimateRewinds="0" EstimateRows="123.288" LogicalOp="Inner Join" NodeId="129" Parallel="false" PhysicalOp="Merge Join" EstimatedTotalSubtreeCost="2.75552">
                                      <OutputList>
                                        <ColumnReference Database="[servicetrax_dev]" Schema="[dbo]" Table="[JOBS]" Alias="[j]" Column="JOB_NO" />
                                        <ColumnReference Database="[servicetrax_dev]" Schema="[dbo]" Table="[CUSTOMERS]" Alias="[c]" Column="CUSTOMER_NAME" />
                                        <ColumnReference Database="[servicetrax_dev]" Schema="[dbo]" Table="[CUSTOMERS]" Alias="[c]" Column="end_user_parent_id" />
                                        <ColumnReference Database="[servicetrax_dev]" Schema="[dbo]" Table="[LOOKUPS]" Alias="[customer_type]" Column="CODE" />
                                        <ColumnReference Database="[servicetrax_dev]" Schema="[dbo]" Table="[LOOKUPS]" Alias="[job_type]" Column="NAME" />
                                        <ColumnReference Database="[servicetrax_dev]" Schema="[dbo]" Table="[CUSTOMERS]" Alias="[eu]" Column="CUSTOMER_NAME" />
                                        <ColumnReference Column="Expr1228" />
                                        <ColumnReference Database="[servicetrax_dev]" Schema="[dbo]" Table="[INVOICES]" Column="INVOICE_ID" />
                                        <ColumnReference Database="[servicetrax_dev]" Schema="[dbo]" Table="[INVOICES]" Column="PO_NO" />
                                        <ColumnReference Database="[servicetrax_dev]" Schema="[dbo]" Table="[INVOICES]" Column="STATUS_ID" />
                                        <ColumnReference Database="[servicetrax_dev]" Schema="[dbo]" Table="[INVOICES]" Column="JOB_ID" />
                                        <ColumnReference Database="[servicetrax_dev]" Schema="[dbo]" Table="[INVOICES]" Column="DESCRIPTION" />
                                        <ColumnReference Database="[servicetrax_dev]" Schema="[dbo]" Table="[INVOICES]" Column="DATE_SENT" />
                                        <ColumnReference Database="[servicetrax_dev]" Schema="[dbo]" Table="[INVOICES]" Column="DATE_CREATED" />
                                        <ColumnReference Database="[servicetrax_dev]" Schema="[dbo]" Table="[LOOKUPS]" Alias="[INVOICE_TYPE]" Column="NAME" />
                                        <ColumnReference Column="Expr1251" />
                                        <ColumnReference Column="Expr1253" />
                                        <ColumnReference Database="[servicetrax_dev]" Schema="[dbo]" Table="[INVOICE_BATCH_STATUSES]" Alias="[ibs]" Column="NAME" />
                                        <ColumnReference Column="Expr1304" />
                                      </OutputList>
                                      <RunTimeInformation>
                                        <RunTimeCountersPerThread Thread="0" ActualRows="50" ActualEndOfScans="1" ActualExecutions="1" />
                                      </RunTimeInformation>
                                      <Merge ManyToMany="false">
                                        <InnerSideJoinColumns>
                                          <ColumnReference Database="[servicetrax_dev]" Schema="[dbo]" Table="[INVOICES]" Column="BATCH_STATUS_ID" />
                                        </InnerSideJoinColumns>
                                        <OuterSideJoinColumns>
                                          <ColumnReference Database="[servicetrax_dev]" Schema="[dbo]" Table="[INVOICE_BATCH_STATUSES]" Alias="[ibs]" Column="STATUS_ID" />
                                        </OuterSideJoinColumns>
                                        <Residual>
                                          <ScalarOperator ScalarString="[servicetrax_dev].[dbo].[INVOICES].[BATCH_STATUS_ID]=[servicetrax_dev].[dbo].[INVOICE_BATCH_STATUSES].[STATUS_ID] as [ibs].[STATUS_ID]">
                                            <Compare CompareOp="EQ">
                                              <ScalarOperator>
                                                <Identifier>
                                                  <ColumnReference Database="[servicetrax_dev]" Schema="[dbo]" Table="[INVOICES]" Column="BATCH_STATUS_ID" />
                                                </Identifier>
                                              </ScalarOperator>
                                              <ScalarOperator>
                                                <Identifier>
                                                  <ColumnReference Database="[servicetrax_dev]" Schema="[dbo]" Table="[INVOICE_BATCH_STATUSES]" Alias="[ibs]" Column="STATUS_ID" />
                                                </Identifier>
                                              </ScalarOperator>
                                            </Compare>
                                          </ScalarOperator>
                                        </Residual>
                                        <RelOp AvgRowSize="27" EstimateCPU="0.0001614" EstimateIO="0.003125" EstimateRebinds="0" EstimateRewinds="0" EstimateRows="4" LogicalOp="Clustered Index Scan" NodeId="130" Parallel="false" PhysicalOp="Clustered Index Scan" EstimatedTotalSubtreeCost="0.0032864">
                                          <OutputList>
                                            <ColumnReference Database="[servicetrax_dev]" Schema="[dbo]" Table="[INVOICE_BATCH_STATUSES]" Alias="[ibs]" Column="STATUS_ID" />
                                            <ColumnReference Database="[servicetrax_dev]" Schema="[dbo]" Table="[INVOICE_BATCH_STATUSES]" Alias="[ibs]" Column="NAME" />
                                          </OutputList>
                                          <RunTimeInformation>
                                            <RunTimeCountersPerThread Thread="0" ActualRows="3" ActualEndOfScans="0" ActualExecutions="1" />
                                          </RunTimeInformation>
                                          <IndexScan Ordered="true" ScanDirection="FORWARD" ForcedIndex="false" NoExpandHint="false">
                                            <DefinedValues>
                                              <DefinedValue>
                                                <ColumnReference Database="[servicetrax_dev]" Schema="[dbo]" Table="[INVOICE_BATCH_STATUSES]" Alias="[ibs]" Column="STATUS_ID" />
                                              </DefinedValue>
                                              <DefinedValue>
                                                <ColumnReference Database="[servicetrax_dev]" Schema="[dbo]" Table="[INVOICE_BATCH_STATUSES]" Alias="[ibs]" Column="NAME" />
                                              </DefinedValue>
                                            </DefinedValues>
                                            <Object Database="[servicetrax_dev]" Schema="[dbo]" Table="[INVOICE_BATCH_STATUSES]" Index="[PK_INVOICE_BATCH_STATUSES]" Alias="[ibs]" />
                                          </IndexScan>
                                        </RelOp>
                                        <RelOp AvgRowSize="514" EstimateCPU="0.00143684" EstimateIO="0.0112613" EstimateRebinds="0" EstimateRewinds="0" EstimateRows="123.321" LogicalOp="Sort" NodeId="131" Parallel="false" PhysicalOp="Sort" EstimatedTotalSubtreeCost="2.74635">
                                          <OutputList>
                                            <ColumnReference Database="[servicetrax_dev]" Schema="[dbo]" Table="[JOBS]" Alias="[j]" Column="JOB_NO" />
                                            <ColumnReference Database="[servicetrax_dev]" Schema="[dbo]" Table="[CUSTOMERS]" Alias="[c]" Column="CUSTOMER_NAME" />
                                            <ColumnReference Database="[servicetrax_dev]" Schema="[dbo]" Table="[CUSTOMERS]" Alias="[c]" Column="end_user_parent_id" />
                                            <ColumnReference Database="[servicetrax_dev]" Schema="[dbo]" Table="[LOOKUPS]" Alias="[customer_type]" Column="CODE" />
                                            <ColumnReference Database="[servicetrax_dev]" Schema="[dbo]" Table="[LOOKUPS]" Alias="[job_type]" Column="NAME" />
                                            <ColumnReference Database="[servicetrax_dev]" Schema="[dbo]" Table="[CUSTOMERS]" Alias="[eu]" Column="CUSTOMER_NAME" />
                                            <ColumnReference Column="Expr1228" />
                                            <ColumnReference Database="[servicetrax_dev]" Schema="[dbo]" Table="[INVOICES]" Column="INVOICE_ID" />
                                            <ColumnReference Database="[servicetrax_dev]" Schema="[dbo]" Table="[INVOICES]" Column="PO_NO" />
                                            <ColumnReference Database="[servicetrax_dev]" Schema="[dbo]" Table="[INVOICES]" Column="BATCH_STATUS_ID" />
                                            <ColumnReference Database="[servicetrax_dev]" Schema="[dbo]" Table="[INVOICES]" Column="STATUS_ID" />
                                            <ColumnReference Database="[servicetrax_dev]" Schema="[dbo]" Table="[INVOICES]" Column="JOB_ID" />
                                            <ColumnReference Database="[servicetrax_dev]" Schema="[dbo]" Table="[INVOICES]" Column="DESCRIPTION" />
                                            <ColumnReference Database="[servicetrax_dev]" Schema="[dbo]" Table="[INVOICES]" Column="DATE_SENT" />
                                            <ColumnReference Database="[servicetrax_dev]" Schema="[dbo]" Table="[INVOICES]" Column="DATE_CREATED" />
                                            <ColumnReference Database="[servicetrax_dev]" Schema="[dbo]" Table="[LOOKUPS]" Alias="[INVOICE_TYPE]" Column="NAME" />
                                            <ColumnReference Column="Expr1251" />
                                            <ColumnReference Column="Expr1253" />
                                            <ColumnReference Column="Expr1304" />
                                          </OutputList>
                                          <MemoryFractions Input="0.0206422" Output="0.119266" />
                                          <RunTimeInformation>
                                            <RunTimeCountersPerThread Thread="0" ActualRebinds="1" ActualRewinds="0" ActualRows="50" ActualEndOfScans="1" ActualExecutions="1" />
                                          </RunTimeInformation>
                                          <Sort Distinct="false">
                                            <OrderBy>
                                              <OrderByColumn Ascending="true">
                                                <ColumnReference Database="[servicetrax_dev]" Schema="[dbo]" Table="[INVOICES]" Column="BATCH_STATUS_ID" />
                                              </OrderByColumn>
                                            </OrderBy>
                                            <RelOp AvgRowSize="514" EstimateCPU="0.0374637" EstimateIO="0" EstimateRebinds="0" EstimateRewinds="0" EstimateRows="123.321" LogicalOp="Right Outer Join" NodeId="132" Parallel="false" PhysicalOp="Merge Join" EstimatedTotalSubtreeCost="2.73365">
                                              <OutputList>
                                                <ColumnReference Database="[servicetrax_dev]" Schema="[dbo]" Table="[JOBS]" Alias="[j]" Column="JOB_NO" />
                                                <ColumnReference Database="[servicetrax_dev]" Schema="[dbo]" Table="[CUSTOMERS]" Alias="[c]" Column="CUSTOMER_NAME" />
                                                <ColumnReference Database="[servicetrax_dev]" Schema="[dbo]" Table="[CUSTOMERS]" Alias="[c]" Column="end_user_parent_id" />
                                                <ColumnReference Database="[servicetrax_dev]" Schema="[dbo]" Table="[LOOKUPS]" Alias="[customer_type]" Column="CODE" />
                                                <ColumnReference Database="[servicetrax_dev]" Schema="[dbo]" Table="[LOOKUPS]" Alias="[job_type]" Column="NAME" />
                                                <ColumnReference Database="[servicetrax_dev]" Schema="[dbo]" Table="[CUSTOMERS]" Alias="[eu]" Column="CUSTOMER_NAME" />
                                                <ColumnReference Column="Expr1228" />
                                                <ColumnReference Database="[servicetrax_dev]" Schema="[dbo]" Table="[INVOICES]" Column="INVOICE_ID" />
                                                <ColumnReference Database="[servicetrax_dev]" Schema="[dbo]" Table="[INVOICES]" Column="PO_NO" />
                                                <ColumnReference Database="[servicetrax_dev]" Schema="[dbo]" Table="[INVOICES]" Column="BATCH_STATUS_ID" />
                                                <ColumnReference Database="[servicetrax_dev]" Schema="[dbo]" Table="[INVOICES]" Column="STATUS_ID" />
                                                <ColumnReference Database="[servicetrax_dev]" Schema="[dbo]" Table="[INVOICES]" Column="JOB_ID" />
                                                <ColumnReference Database="[servicetrax_dev]" Schema="[dbo]" Table="[INVOICES]" Column="DESCRIPTION" />
                                                <ColumnReference Database="[servicetrax_dev]" Schema="[dbo]" Table="[INVOICES]" Column="DATE_SENT" />
                                                <ColumnReference Database="[servicetrax_dev]" Schema="[dbo]" Table="[INVOICES]" Column="DATE_CREATED" />
                                                <ColumnReference Database="[servicetrax_dev]" Schema="[dbo]" Table="[LOOKUPS]" Alias="[INVOICE_TYPE]" Column="NAME" />
                                                <ColumnReference Column="Expr1251" />
                                                <ColumnReference Column="Expr1253" />
                                                <ColumnReference Column="Expr1304" />
                                              </OutputList>
                                              <RunTimeInformation>
                                                <RunTimeCountersPerThread Thread="0" ActualRows="50" ActualEndOfScans="1" ActualExecutions="1" />
                                              </RunTimeInformation>
                                              <Merge ManyToMany="false">
                                                <InnerSideJoinColumns>
                                                  <ColumnReference Database="[servicetrax_dev]" Schema="[dbo]" Table="[PROJECTS]" Alias="[p]" Column="end_user_id" />
                                                </InnerSideJoinColumns>
                                                <OuterSideJoinColumns>
                                                  <ColumnReference Database="[servicetrax_dev]" Schema="[dbo]" Table="[CUSTOMERS]" Alias="[eu]" Column="CUSTOMER_ID" />
                                                </OuterSideJoinColumns>
                                                <Residual>
                                                  <ScalarOperator ScalarString="[servicetrax_dev].[dbo].[PROJECTS].[end_user_id] as [p].[end_user_id]=[servicetrax_dev].[dbo].[CUSTOMERS].[CUSTOMER_ID] as [eu].[CUSTOMER_ID]">
                                                    <Compare CompareOp="EQ">
                                                      <ScalarOperator>
                                                        <Identifier>
                                                          <ColumnReference Database="[servicetrax_dev]" Schema="[dbo]" Table="[PROJECTS]" Alias="[p]" Column="end_user_id" />
                                                        </Identifier>
                                                      </ScalarOperator>
                                                      <ScalarOperator>
                                                        <Identifier>
                                                          <ColumnReference Database="[servicetrax_dev]" Schema="[dbo]" Table="[CUSTOMERS]" Alias="[eu]" Column="CUSTOMER_ID" />
                                                        </Identifier>
                                                      </ScalarOperator>
                                                    </Compare>
                                                  </ScalarOperator>
                                                </Residual>
                                                <RelOp AvgRowSize="37" EstimateCPU="0.0167054" EstimateIO="0.0727546" EstimateRebinds="0" EstimateRewinds="0" EstimateRows="15044" LogicalOp="Index Scan" NodeId="133" Parallel="false" PhysicalOp="Index Scan" EstimatedTotalSubtreeCost="0.08946">
                                                  <OutputList>
                                                    <ColumnReference Database="[servicetrax_dev]" Schema="[dbo]" Table="[CUSTOMERS]" Alias="[eu]" Column="CUSTOMER_ID" />
                                                    <ColumnReference Database="[servicetrax_dev]" Schema="[dbo]" Table="[CUSTOMERS]" Alias="[eu]" Column="CUSTOMER_NAME" />
                                                  </OutputList>
                                                  <RunTimeInformation>
                                                    <RunTimeCountersPerThread Thread="0" ActualRows="2926" ActualEndOfScans="0" ActualExecutions="1" />
                                                  </RunTimeInformation>
                                                  <IndexScan Ordered="true" ScanDirection="FORWARD" ForcedIndex="false" NoExpandHint="false">
                                                    <DefinedValues>
                                                      <DefinedValue>
                                                        <ColumnReference Database="[servicetrax_dev]" Schema="[dbo]" Table="[CUSTOMERS]" Alias="[eu]" Column="CUSTOMER_ID" />
                                                      </DefinedValue>
                                                      <DefinedValue>
                                                        <ColumnReference Database="[servicetrax_dev]" Schema="[dbo]" Table="[CUSTOMERS]" Alias="[eu]" Column="CUSTOMER_NAME" />
                                                      </DefinedValue>
                                                    </DefinedValues>
                                                    <Object Database="[servicetrax_dev]" Schema="[dbo]" Table="[CUSTOMERS]" Index="[IX_CUSTOMER_TYPE_NAME]" Alias="[eu]" TableReferenceId="3" />
                                                  </IndexScan>
                                                </RelOp>
                                                <RelOp AvgRowSize="504" EstimateCPU="0.00143683" EstimateIO="0.0112613" EstimateRebinds="0" EstimateRewinds="0" EstimateRows="123.321" LogicalOp="Sort" NodeId="134" Parallel="false" PhysicalOp="Sort" EstimatedTotalSubtreeCost="2.60673">
                                                  <OutputList>
                                                    <ColumnReference Database="[servicetrax_dev]" Schema="[dbo]" Table="[JOBS]" Alias="[j]" Column="JOB_NO" />
                                                    <ColumnReference Database="[servicetrax_dev]" Schema="[dbo]" Table="[CUSTOMERS]" Alias="[c]" Column="CUSTOMER_NAME" />
                                                    <ColumnReference Database="[servicetrax_dev]" Schema="[dbo]" Table="[CUSTOMERS]" Alias="[c]" Column="end_user_parent_id" />
                                                    <ColumnReference Database="[servicetrax_dev]" Schema="[dbo]" Table="[LOOKUPS]" Alias="[customer_type]" Column="CODE" />
                                                    <ColumnReference Database="[servicetrax_dev]" Schema="[dbo]" Table="[LOOKUPS]" Alias="[job_type]" Column="NAME" />
                                                    <ColumnReference Database="[servicetrax_dev]" Schema="[dbo]" Table="[PROJECTS]" Alias="[p]" Column="end_user_id" />
                                                    <ColumnReference Column="Expr1228" />
                                                    <ColumnReference Database="[servicetrax_dev]" Schema="[dbo]" Table="[INVOICES]" Column="INVOICE_ID" />
                                                    <ColumnReference Database="[servicetrax_dev]" Schema="[dbo]" Table="[INVOICES]" Column="PO_NO" />
                                                    <ColumnReference Database="[servicetrax_dev]" Schema="[dbo]" Table="[INVOICES]" Column="BATCH_STATUS_ID" />
                                                    <ColumnReference Database="[servicetrax_dev]" Schema="[dbo]" Table="[INVOICES]" Column="STATUS_ID" />
                                                    <ColumnReference Database="[servicetrax_dev]" Schema="[dbo]" Table="[INVOICES]" Column="JOB_ID" />
                                                    <ColumnReference Database="[servicetrax_dev]" Schema="[dbo]" Table="[INVOICES]" Column="DESCRIPTION" />
                                                    <ColumnReference Database="[servicetrax_dev]" Schema="[dbo]" Table="[INVOICES]" Column="DATE_SENT" />
                                                    <ColumnReference Database="[servicetrax_dev]" Schema="[dbo]" Table="[INVOICES]" Column="DATE_CREATED" />
                                                    <ColumnReference Database="[servicetrax_dev]" Schema="[dbo]" Table="[LOOKUPS]" Alias="[INVOICE_TYPE]" Column="NAME" />
                                                    <ColumnReference Column="Expr1251" />
                                                    <ColumnReference Column="Expr1253" />
                                                    <ColumnReference Column="Expr1304" />
                                                  </OutputList>
                                                  <MemoryFractions Input="0.0206422" Output="0.0986239" />
                                                  <RunTimeInformation>
                                                    <RunTimeCountersPerThread Thread="0" ActualRebinds="1" ActualRewinds="0" ActualRows="50" ActualEndOfScans="1" ActualExecutions="1" />
                                                  </RunTimeInformation>
                                                  <Sort Distinct="false">
                                                    <OrderBy>
                                                      <OrderByColumn Ascending="true">
                                                        <ColumnReference Database="[servicetrax_dev]" Schema="[dbo]" Table="[PROJECTS]" Alias="[p]" Column="end_user_id" />
                                                      </OrderByColumn>
                                                    </OrderBy>
                                                    <RelOp AvgRowSize="504" EstimateCPU="0.000515481" EstimateIO="0" EstimateRebinds="0" EstimateRewinds="0" EstimateRows="123.321" LogicalOp="Left Outer Join" NodeId="135" Parallel="false" PhysicalOp="Nested Loops" EstimatedTotalSubtreeCost="2.59403">
                                                      <OutputList>
                                                        <ColumnReference Database="[servicetrax_dev]" Schema="[dbo]" Table="[JOBS]" Alias="[j]" Column="JOB_NO" />
                                                        <ColumnReference Database="[servicetrax_dev]" Schema="[dbo]" Table="[CUSTOMERS]" Alias="[c]" Column="CUSTOMER_NAME" />
                                                        <ColumnReference Database="[servicetrax_dev]" Schema="[dbo]" Table="[CUSTOMERS]" Alias="[c]" Column="end_user_parent_id" />
                                                        <ColumnReference Database="[servicetrax_dev]" Schema="[dbo]" Table="[LOOKUPS]" Alias="[customer_type]" Column="CODE" />
                                                        <ColumnReference Database="[servicetrax_dev]" Schema="[dbo]" Table="[LOOKUPS]" Alias="[job_type]" Column="NAME" />
                                                        <ColumnReference Database="[servicetrax_dev]" Schema="[dbo]" Table="[PROJECTS]" Alias="[p]" Column="end_user_id" />
                                                        <ColumnReference Column="Expr1228" />
                                                        <ColumnReference Database="[servicetrax_dev]" Schema="[dbo]" Table="[INVOICES]" Column="INVOICE_ID" />
                                                        <ColumnReference Database="[servicetrax_dev]" Schema="[dbo]" Table="[INVOICES]" Column="PO_NO" />
                                                        <ColumnReference Database="[servicetrax_dev]" Schema="[dbo]" Table="[INVOICES]" Column="BATCH_STATUS_ID" />
                                                        <ColumnReference Database="[servicetrax_dev]" Schema="[dbo]" Table="[INVOICES]" Column="STATUS_ID" />
                                                        <ColumnReference Database="[servicetrax_dev]" Schema="[dbo]" Table="[INVOICES]" Column="JOB_ID" />
                                                        <ColumnReference Database="[servicetrax_dev]" Schema="[dbo]" Table="[INVOICES]" Column="DESCRIPTION" />
                                                        <ColumnReference Database="[servicetrax_dev]" Schema="[dbo]" Table="[INVOICES]" Column="DATE_SENT" />
                                                        <ColumnReference Database="[servicetrax_dev]" Schema="[dbo]" Table="[INVOICES]" Column="DATE_CREATED" />
                                                        <ColumnReference Database="[servicetrax_dev]" Schema="[dbo]" Table="[LOOKUPS]" Alias="[INVOICE_TYPE]" Column="NAME" />
                                                        <ColumnReference Column="Expr1251" />
                                                        <ColumnReference Column="Expr1253" />
                                                        <ColumnReference Column="Expr1304" />
                                                      </OutputList>
                                                      <RunTimeInformation>
                                                        <RunTimeCountersPerThread Thread="0" ActualRows="50" ActualEndOfScans="1" ActualExecutions="1" />
                                                      </RunTimeInformation>
                                                      <NestedLoops Optimized="false" WithUnorderedPrefetch="true">
                                                        <OuterReferences>
                                                          <ColumnReference Database="[servicetrax_dev]" Schema="[dbo]" Table="[JOBS]" Alias="[j]" Column="PROJECT_ID" />
                                                          <ColumnReference Column="Expr1337" />
                                                        </OuterReferences>
                                                        <RelOp AvgRowSize="504" EstimateCPU="0.000515481" EstimateIO="0" EstimateRebinds="0" EstimateRewinds="0" EstimateRows="123.321" LogicalOp="Left Outer Join" NodeId="137" Parallel="false" PhysicalOp="Nested Loops" EstimatedTotalSubtreeCost="2.2669">
                                                          <OutputList>
                                                            <ColumnReference Database="[servicetrax_dev]" Schema="[dbo]" Table="[JOBS]" Alias="[j]" Column="PROJECT_ID" />
                                                            <ColumnReference Database="[servicetrax_dev]" Schema="[dbo]" Table="[JOBS]" Alias="[j]" Column="JOB_NO" />
                                                            <ColumnReference Database="[servicetrax_dev]" Schema="[dbo]" Table="[CUSTOMERS]" Alias="[c]" Column="CUSTOMER_NAME" />
                                                            <ColumnReference Database="[servicetrax_dev]" Schema="[dbo]" Table="[CUSTOMERS]" Alias="[c]" Column="end_user_parent_id" />
                                                            <ColumnReference Database="[servicetrax_dev]" Schema="[dbo]" Table="[LOOKUPS]" Alias="[customer_type]" Column="CODE" />
                                                            <ColumnReference Database="[servicetrax_dev]" Schema="[dbo]" Table="[LOOKUPS]" Alias="[job_type]" Column="NAME" />
                                                            <ColumnReference Column="Expr1228" />
                                                            <ColumnReference Database="[servicetrax_dev]" Schema="[dbo]" Table="[INVOICES]" Column="INVOICE_ID" />
                                                            <ColumnReference Database="[servicetrax_dev]" Schema="[dbo]" Table="[INVOICES]" Column="PO_NO" />
                                                            <ColumnReference Database="[servicetrax_dev]" Schema="[dbo]" Table="[INVOICES]" Column="BATCH_STATUS_ID" />
                                                            <ColumnReference Database="[servicetrax_dev]" Schema="[dbo]" Table="[INVOICES]" Column="STATUS_ID" />
                                                            <ColumnReference Database="[servicetrax_dev]" Schema="[dbo]" Table="[INVOICES]" Column="JOB_ID" />
                                                            <ColumnReference Database="[servicetrax_dev]" Schema="[dbo]" Table="[INVOICES]" Column="DESCRIPTION" />
                                                            <ColumnReference Database="[servicetrax_dev]" Schema="[dbo]" Table="[INVOICES]" Column="DATE_SENT" />
                                                            <ColumnReference Database="[servicetrax_dev]" Schema="[dbo]" Table="[INVOICES]" Column="DATE_CREATED" />
                                                            <ColumnReference Database="[servicetrax_dev]" Schema="[dbo]" Table="[LOOKUPS]" Alias="[INVOICE_TYPE]" Column="NAME" />
                                                            <ColumnReference Column="Expr1251" />
                                                            <ColumnReference Column="Expr1253" />
                                                            <ColumnReference Column="Expr1304" />
                                                          </OutputList>
                                                          <RunTimeInformation>
                                                            <RunTimeCountersPerThread Thread="0" ActualRows="50" ActualEndOfScans="1" ActualExecutions="1" />
                                                          </RunTimeInformation>
                                                          <NestedLoops Optimized="false">
                                                            <OuterReferences>
                                                              <ColumnReference Database="[servicetrax_dev]" Schema="[dbo]" Table="[INVOICES]" Column="INVOICE_TYPE_ID" />
                                                            </OuterReferences>
                                                            <RelOp AvgRowSize="503" EstimateCPU="0.000515481" EstimateIO="0" EstimateRebinds="0" EstimateRewinds="0" EstimateRows="123.321" LogicalOp="Left Outer Join" NodeId="138" Parallel="false" PhysicalOp="Nested Loops" EstimatedTotalSubtreeCost="2.24376">
                                                              <OutputList>
                                                                <ColumnReference Database="[servicetrax_dev]" Schema="[dbo]" Table="[JOBS]" Alias="[j]" Column="PROJECT_ID" />
                                                                <ColumnReference Database="[servicetrax_dev]" Schema="[dbo]" Table="[JOBS]" Alias="[j]" Column="JOB_NO" />
                                                                <ColumnReference Database="[servicetrax_dev]" Schema="[dbo]" Table="[CUSTOMERS]" Alias="[c]" Column="CUSTOMER_NAME" />
                                                                <ColumnReference Database="[servicetrax_dev]" Schema="[dbo]" Table="[CUSTOMERS]" Alias="[c]" Column="end_user_parent_id" />
                                                                <ColumnReference Database="[servicetrax_dev]" Schema="[dbo]" Table="[LOOKUPS]" Alias="[customer_type]" Column="CODE" />
                                                                <ColumnReference Database="[servicetrax_dev]" Schema="[dbo]" Table="[LOOKUPS]" Alias="[job_type]" Column="NAME" />
                                                                <ColumnReference Column="Expr1228" />
                                                                <ColumnReference Database="[servicetrax_dev]" Schema="[dbo]" Table="[INVOICES]" Column="INVOICE_ID" />
                                                                <ColumnReference Database="[servicetrax_dev]" Schema="[dbo]" Table="[INVOICES]" Column="PO_NO" />
                                                                <ColumnReference Database="[servicetrax_dev]" Schema="[dbo]" Table="[INVOICES]" Column="INVOICE_TYPE_ID" />
                                                                <ColumnReference Database="[servicetrax_dev]" Schema="[dbo]" Table="[INVOICES]" Column="BATCH_STATUS_ID" />
                                                                <ColumnReference Database="[servicetrax_dev]" Schema="[dbo]" Table="[INVOICES]" Column="STATUS_ID" />
                                                                <ColumnReference Database="[servicetrax_dev]" Schema="[dbo]" Table="[INVOICES]" Column="JOB_ID" />
                                                                <ColumnReference Database="[servicetrax_dev]" Schema="[dbo]" Table="[INVOICES]" Column="DESCRIPTION" />
                                                                <ColumnReference Database="[servicetrax_dev]" Schema="[dbo]" Table="[INVOICES]" Column="DATE_SENT" />
                                                                <ColumnReference Database="[servicetrax_dev]" Schema="[dbo]" Table="[INVOICES]" Column="DATE_CREATED" />
                                                                <ColumnReference Column="Expr1251" />
                                                                <ColumnReference Column="Expr1253" />
                                                                <ColumnReference Column="Expr1304" />
                                                              </OutputList>
                                                              <RunTimeInformation>
                                                                <RunTimeCountersPerThread Thread="0" ActualRows="50" ActualEndOfScans="1" ActualExecutions="1" />
                                                              </RunTimeInformation>
                                                              <NestedLoops Optimized="false">
                                                                <OuterReferences>
                                                                  <ColumnReference Database="[servicetrax_dev]" Schema="[dbo]" Table="[INVOICES]" Column="INVOICE_ID" />
                                                                </OuterReferences>
                                                                <RelOp AvgRowSize="501" EstimateCPU="1.23321E-05" EstimateIO="0" EstimateRebinds="0" EstimateRewinds="0" EstimateRows="123.321" LogicalOp="Compute Scalar" NodeId="139" Parallel="false" PhysicalOp="Compute Scalar" EstimatedTotalSubtreeCost="2.01599">
                                                                  <OutputList>
                                                                    <ColumnReference Database="[servicetrax_dev]" Schema="[dbo]" Table="[JOBS]" Alias="[j]" Column="PROJECT_ID" />
                                                                    <ColumnReference Database="[servicetrax_dev]" Schema="[dbo]" Table="[JOBS]" Alias="[j]" Column="JOB_NO" />
                                                                    <ColumnReference Database="[servicetrax_dev]" Schema="[dbo]" Table="[CUSTOMERS]" Alias="[c]" Column="CUSTOMER_NAME" />
                                                                    <ColumnReference Database="[servicetrax_dev]" Schema="[dbo]" Table="[CUSTOMERS]" Alias="[c]" Column="end_user_parent_id" />
                                                                    <ColumnReference Database="[servicetrax_dev]" Schema="[dbo]" Table="[LOOKUPS]" Alias="[customer_type]" Column="CODE" />
                                                                    <ColumnReference Database="[servicetrax_dev]" Schema="[dbo]" Table="[LOOKUPS]" Alias="[job_type]" Column="NAME" />
                                                                    <ColumnReference Database="[servicetrax_dev]" Schema="[dbo]" Table="[INVOICES]" Column="INVOICE_ID" />
                                                                    <ColumnReference Database="[servicetrax_dev]" Schema="[dbo]" Table="[INVOICES]" Column="PO_NO" />
                                                                    <ColumnReference Database="[servicetrax_dev]" Schema="[dbo]" Table="[INVOICES]" Column="INVOICE_TYPE_ID" />
                                                                    <ColumnReference Database="[servicetrax_dev]" Schema="[dbo]" Table="[INVOICES]" Column="BATCH_STATUS_ID" />
                                                                    <ColumnReference Database="[servicetrax_dev]" Schema="[dbo]" Table="[INVOICES]" Column="STATUS_ID" />
                                                                    <ColumnReference Database="[servicetrax_dev]" Schema="[dbo]" Table="[INVOICES]" Column="JOB_ID" />
                                                                    <ColumnReference Database="[servicetrax_dev]" Schema="[dbo]" Table="[INVOICES]" Column="DESCRIPTION" />
                                                                    <ColumnReference Database="[servicetrax_dev]" Schema="[dbo]" Table="[INVOICES]" Column="DATE_SENT" />
                                                                    <ColumnReference Database="[servicetrax_dev]" Schema="[dbo]" Table="[INVOICES]" Column="DATE_CREATED" />
                                                                    <ColumnReference Column="Expr1251" />
                                                                    <ColumnReference Column="Expr1253" />
                                                                    <ColumnReference Column="Expr1304" />
                                                                  </OutputList>
                                                                  <ComputeScalar>
                                                                    <DefinedValues>
                                                                      <DefinedValue>
                                                                        <ColumnReference Column="Expr1251" />
                                                                        <ScalarOperator ScalarString="([servicetrax_dev].[dbo].[USERS].[FIRST_NAME] as [USERS_2].[FIRST_NAME]+' ')+[servicetrax_dev].[dbo].[USERS].[LAST_NAME] as [USERS_2].[LAST_NAME]">
                                                                          <Arithmetic Operation="ADD">
                                                                            <ScalarOperator>
                                                                              <Arithmetic Operation="ADD">
                                                                                <ScalarOperator>
                                                                                  <Identifier>
                                                                                    <ColumnReference Database="[servicetrax_dev]" Schema="[dbo]" Table="[USERS]" Alias="[USERS_2]" Column="FIRST_NAME" />
                                                                                  </Identifier>
                                                                                </ScalarOperator>
                                                                                <ScalarOperator>
                                                                                  <Const ConstValue="' '" />
                                                                                </ScalarOperator>
                                                                              </Arithmetic>
                                                                            </ScalarOperator>
                                                                            <ScalarOperator>
                                                                              <Identifier>
                                                                                <ColumnReference Database="[servicetrax_dev]" Schema="[dbo]" Table="[USERS]" Alias="[USERS_2]" Column="LAST_NAME" />
                                                                              </Identifier>
                                                                            </ScalarOperator>
                                                                          </Arithmetic>
                                                                        </ScalarOperator>
                                                                      </DefinedValue>
                                                                    </DefinedValues>
                                                                    <RelOp AvgRowSize="314" EstimateCPU="0.000515481" EstimateIO="0" EstimateRebinds="0" EstimateRewinds="0" EstimateRows="123.321" LogicalOp="Left Outer Join" NodeId="140" Parallel="false" PhysicalOp="Nested Loops" EstimatedTotalSubtreeCost="2.01598">
                                                                      <OutputList>
                                                                        <ColumnReference Database="[servicetrax_dev]" Schema="[dbo]" Table="[JOBS]" Alias="[j]" Column="PROJECT_ID" />
                                                                        <ColumnReference Database="[servicetrax_dev]" Schema="[dbo]" Table="[JOBS]" Alias="[j]" Column="JOB_NO" />
                                                                        <ColumnReference Database="[servicetrax_dev]" Schema="[dbo]" Table="[CUSTOMERS]" Alias="[c]" Column="CUSTOMER_NAME" />
                                                                        <ColumnReference Database="[servicetrax_dev]" Schema="[dbo]" Table="[CUSTOMERS]" Alias="[c]" Column="end_user_parent_id" />
                                                                        <ColumnReference Database="[servicetrax_dev]" Schema="[dbo]" Table="[LOOKUPS]" Alias="[customer_type]" Column="CODE" />
                                                                        <ColumnReference Database="[servicetrax_dev]" Schema="[dbo]" Table="[LOOKUPS]" Alias="[job_type]" Column="NAME" />
                                                                        <ColumnReference Database="[servicetrax_dev]" Schema="[dbo]" Table="[INVOICES]" Column="INVOICE_ID" />
                                                                        <ColumnReference Database="[servicetrax_dev]" Schema="[dbo]" Table="[INVOICES]" Column="PO_NO" />
                                                                        <ColumnReference Database="[servicetrax_dev]" Schema="[dbo]" Table="[INVOICES]" Column="INVOICE_TYPE_ID" />
                                                                        <ColumnReference Database="[servicetrax_dev]" Schema="[dbo]" Table="[INVOICES]" Column="BATCH_STATUS_ID" />
                                                                        <ColumnReference Database="[servicetrax_dev]" Schema="[dbo]" Table="[INVOICES]" Column="STATUS_ID" />
                                                                        <ColumnReference Database="[servicetrax_dev]" Schema="[dbo]" Table="[INVOICES]" Column="JOB_ID" />
                                                                        <ColumnReference Database="[servicetrax_dev]" Schema="[dbo]" Table="[INVOICES]" Column="DESCRIPTION" />
                                                                        <ColumnReference Database="[servicetrax_dev]" Schema="[dbo]" Table="[INVOICES]" Column="DATE_SENT" />
                                                                        <ColumnReference Database="[servicetrax_dev]" Schema="[dbo]" Table="[INVOICES]" Column="DATE_CREATED" />
                                                                        <ColumnReference Database="[servicetrax_dev]" Schema="[dbo]" Table="[USERS]" Alias="[USERS_2]" Column="FIRST_NAME" />
                                                                        <ColumnReference Database="[servicetrax_dev]" Schema="[dbo]" Table="[USERS]" Alias="[USERS_2]" Column="LAST_NAME" />
                                                                        <ColumnReference Column="Expr1253" />
                                                                        <ColumnReference Column="Expr1304" />
                                                                      </OutputList>
                                                                      <RunTimeInformation>
                                                                        <RunTimeCountersPerThread Thread="0" ActualRows="50" ActualEndOfScans="1" ActualExecutions="1" />
                                                                      </RunTimeInformation>
                                                                      <NestedLoops Optimized="false" WithUnorderedPrefetch="true">
                                                                        <OuterReferences>
                                                                          <ColumnReference Database="[servicetrax_dev]" Schema="[dbo]" Table="[INVOICES]" Column="ASSIGNED_TO_USER_ID" />
                                                                          <ColumnReference Column="Expr1336" />
                                                                        </OuterReferences>
                                                                        <RelOp AvgRowSize="308" EstimateCPU="0.00738331" EstimateIO="0" EstimateRebinds="0" EstimateRewinds="0" EstimateRows="123.321" LogicalOp="Inner Join" NodeId="142" Parallel="false" PhysicalOp="Merge Join" EstimatedTotalSubtreeCost="1.97469">
                                                                          <OutputList>
                                                                            <ColumnReference Database="[servicetrax_dev]" Schema="[dbo]" Table="[JOBS]" Alias="[j]" Column="PROJECT_ID" />
                                                                            <ColumnReference Database="[servicetrax_dev]" Schema="[dbo]" Table="[JOBS]" Alias="[j]" Column="JOB_NO" />
                                                                            <ColumnReference Database="[servicetrax_dev]" Schema="[dbo]" Table="[CUSTOMERS]" Alias="[c]" Column="CUSTOMER_NAME" />
                                                                            <ColumnReference Database="[servicetrax_dev]" Schema="[dbo]" Table="[CUSTOMERS]" Alias="[c]" Column="end_user_parent_id" />
                                                                            <ColumnReference Database="[servicetrax_dev]" Schema="[dbo]" Table="[LOOKUPS]" Alias="[customer_type]" Column="CODE" />
                                                                            <ColumnReference Database="[servicetrax_dev]" Schema="[dbo]" Table="[LOOKUPS]" Alias="[job_type]" Column="NAME" />
                                                                            <ColumnReference Database="[servicetrax_dev]" Schema="[dbo]" Table="[INVOICES]" Column="INVOICE_ID" />
                                                                            <ColumnReference Database="[servicetrax_dev]" Schema="[dbo]" Table="[INVOICES]" Column="PO_NO" />
                                                                            <ColumnReference Database="[servicetrax_dev]" Schema="[dbo]" Table="[INVOICES]" Column="INVOICE_TYPE_ID" />
                                                                            <ColumnReference Database="[servicetrax_dev]" Schema="[dbo]" Table="[INVOICES]" Column="BATCH_STATUS_ID" />
                                                                            <ColumnReference Database="[servicetrax_dev]" Schema="[dbo]" Table="[INVOICES]" Column="ASSIGNED_TO_USER_ID" />
                                                                            <ColumnReference Database="[servicetrax_dev]" Schema="[dbo]" Table="[INVOICES]" Column="STATUS_ID" />
                                                                            <ColumnReference Database="[servicetrax_dev]" Schema="[dbo]" Table="[INVOICES]" Column="JOB_ID" />
                                                                            <ColumnReference Database="[servicetrax_dev]" Schema="[dbo]" Table="[INVOICES]" Column="DESCRIPTION" />
                                                                            <ColumnReference Database="[servicetrax_dev]" Schema="[dbo]" Table="[INVOICES]" Column="DATE_SENT" />
                                                                            <ColumnReference Database="[servicetrax_dev]" Schema="[dbo]" Table="[INVOICES]" Column="DATE_CREATED" />
                                                                            <ColumnReference Column="Expr1253" />
                                                                            <ColumnReference Column="Expr1304" />
                                                                          </OutputList>
                                                                          <RunTimeInformation>
                                                                            <RunTimeCountersPerThread Thread="0" ActualRows="50" ActualEndOfScans="1" ActualExecutions="1" />
                                                                          </RunTimeInformation>
                                                                          <Merge ManyToMany="false">
                                                                            <InnerSideJoinColumns>
                                                                              <ColumnReference Database="[servicetrax_dev]" Schema="[dbo]" Table="[JOBS]" Alias="[j]" Column="JOB_TYPE_ID" />
                                                                            </InnerSideJoinColumns>
                                                                            <OuterSideJoinColumns>
                                                                              <ColumnReference Database="[servicetrax_dev]" Schema="[dbo]" Table="[LOOKUPS]" Alias="[job_type]" Column="LOOKUP_ID" />
                                                                            </OuterSideJoinColumns>
                                                                            <Residual>
                                                                              <ScalarOperator ScalarString="[servicetrax_dev].[dbo].[LOOKUPS].[LOOKUP_ID] as [job_type].[LOOKUP_ID]=[servicetrax_dev].[dbo].[JOBS].[JOB_TYPE_ID] as [j].[JOB_TYPE_ID]">
                                                                                <Compare CompareOp="EQ">
                                                                                  <ScalarOperator>
                                                                                    <Identifier>
                                                                                      <ColumnReference Database="[servicetrax_dev]" Schema="[dbo]" Table="[LOOKUPS]" Alias="[job_type]" Column="LOOKUP_ID" />
                                                                                    </Identifier>
                                                                                  </ScalarOperator>
                                                                                  <ScalarOperator>
                                                                                    <Identifier>
                                                                                      <ColumnReference Database="[servicetrax_dev]" Schema="[dbo]" Table="[JOBS]" Alias="[j]" Column="JOB_TYPE_ID" />
                                                                                    </Identifier>
                                                                                  </ScalarOperator>
                                                                                </Compare>
                                                                              </ScalarOperator>
                                                                            </Residual>
                                                                            <RelOp AvgRowSize="28" EstimateCPU="0.000949" EstimateIO="0.00608796" EstimateRebinds="0" EstimateRewinds="0" EstimateRows="720" LogicalOp="Index Scan" NodeId="143" Parallel="false" PhysicalOp="Index Scan" EstimatedTotalSubtreeCost="0.00703696">
                                                                              <OutputList>
                                                                                <ColumnReference Database="[servicetrax_dev]" Schema="[dbo]" Table="[LOOKUPS]" Alias="[job_type]" Column="LOOKUP_ID" />
                                                                                <ColumnReference Database="[servicetrax_dev]" Schema="[dbo]" Table="[LOOKUPS]" Alias="[job_type]" Column="NAME" />
                                                                              </OutputList>
                                                                              <RunTimeInformation>
                                                                                <RunTimeCountersPerThread Thread="0" ActualRows="3" ActualEndOfScans="0" ActualExecutions="1" />
                                                                              </RunTimeInformation>
                                                                              <IndexScan Ordered="true" ScanDirection="FORWARD" ForcedIndex="false" NoExpandHint="false">
                                                                                <DefinedValues>
                                                                                  <DefinedValue>
                                                                                    <ColumnReference Database="[servicetrax_dev]" Schema="[dbo]" Table="[LOOKUPS]" Alias="[job_type]" Column="LOOKUP_ID" />
                                                                                  </DefinedValue>
                                                                                  <DefinedValue>
                                                                                    <ColumnReference Database="[servicetrax_dev]" Schema="[dbo]" Table="[LOOKUPS]" Alias="[job_type]" Column="NAME" />
                                                                                  </DefinedValue>
                                                                                </DefinedValues>
                                                                                <Object Database="[servicetrax_dev]" Schema="[dbo]" Table="[LOOKUPS]" Index="[IX_L_LID_NAME]" Alias="[job_type]" TableReferenceId="3" />
                                                                              </IndexScan>
                                                                            </RelOp>
                                                                            <RelOp AvgRowSize="307" EstimateCPU="0.00143663" EstimateIO="0.0112613" EstimateRebinds="0" EstimateRewinds="0" EstimateRows="123.321" LogicalOp="Sort" NodeId="144" Parallel="false" PhysicalOp="Sort" EstimatedTotalSubtreeCost="1.96027">
                                                                              <OutputList>
                                                                                <ColumnReference Database="[servicetrax_dev]" Schema="[dbo]" Table="[JOBS]" Alias="[j]" Column="PROJECT_ID" />
                                                                                <ColumnReference Database="[servicetrax_dev]" Schema="[dbo]" Table="[JOBS]" Alias="[j]" Column="JOB_NO" />
                                                                                <ColumnReference Database="[servicetrax_dev]" Schema="[dbo]" Table="[JOBS]" Alias="[j]" Column="JOB_TYPE_ID" />
                                                                                <ColumnReference Database="[servicetrax_dev]" Schema="[dbo]" Table="[CUSTOMERS]" Alias="[c]" Column="CUSTOMER_NAME" />
                                                                                <ColumnReference Database="[servicetrax_dev]" Schema="[dbo]" Table="[CUSTOMERS]" Alias="[c]" Column="end_user_parent_id" />
                                                                                <ColumnReference Database="[servicetrax_dev]" Schema="[dbo]" Table="[LOOKUPS]" Alias="[customer_type]" Column="CODE" />
                                                                                <ColumnReference Database="[servicetrax_dev]" Schema="[dbo]" Table="[INVOICES]" Column="INVOICE_ID" />
                                                                                <ColumnReference Database="[servicetrax_dev]" Schema="[dbo]" Table="[INVOICES]" Column="PO_NO" />
                                                                                <ColumnReference Database="[servicetrax_dev]" Schema="[dbo]" Table="[INVOICES]" Column="INVOICE_TYPE_ID" />
                                                                                <ColumnReference Database="[servicetrax_dev]" Schema="[dbo]" Table="[INVOICES]" Column="BATCH_STATUS_ID" />
                                                                                <ColumnReference Database="[servicetrax_dev]" Schema="[dbo]" Table="[INVOICES]" Column="ASSIGNED_TO_USER_ID" />
                                                                                <ColumnReference Database="[servicetrax_dev]" Schema="[dbo]" Table="[INVOICES]" Column="STATUS_ID" />
                                                                                <ColumnReference Database="[servicetrax_dev]" Schema="[dbo]" Table="[INVOICES]" Column="JOB_ID" />
                                                                                <ColumnReference Database="[servicetrax_dev]" Schema="[dbo]" Table="[INVOICES]" Column="DESCRIPTION" />
                                                                                <ColumnReference Database="[servicetrax_dev]" Schema="[dbo]" Table="[INVOICES]" Column="DATE_SENT" />
                                                                                <ColumnReference Database="[servicetrax_dev]" Schema="[dbo]" Table="[INVOICES]" Column="DATE_CREATED" />
                                                                                <ColumnReference Column="Expr1253" />
                                                                                <ColumnReference Column="Expr1304" />
                                                                              </OutputList>
                                                                              <MemoryFractions Input="0.0137615" Output="0.0779817" />
                                                                              <RunTimeInformation>
                                                                                <RunTimeCountersPerThread Thread="0" ActualRebinds="1" ActualRewinds="0" ActualRows="50" ActualEndOfScans="1" ActualExecutions="1" />
                                                                              </RunTimeInformation>
                                                                              <Sort Distinct="false">
                                                                                <OrderBy>
                                                                                  <OrderByColumn Ascending="true">
                                                                                    <ColumnReference Database="[servicetrax_dev]" Schema="[dbo]" Table="[JOBS]" Alias="[j]" Column="JOB_TYPE_ID" />
                                                                                  </OrderByColumn>
                                                                                </OrderBy>
                                                                                <RelOp AvgRowSize="307" EstimateCPU="0.000515481" EstimateIO="0" EstimateRebinds="0" EstimateRewinds="0" EstimateRows="123.321" LogicalOp="Inner Join" NodeId="145" Parallel="false" PhysicalOp="Nested Loops" EstimatedTotalSubtreeCost="1.94757">
                                                                                  <OutputList>
                                                                                    <ColumnReference Database="[servicetrax_dev]" Schema="[dbo]" Table="[JOBS]" Alias="[j]" Column="PROJECT_ID" />
                                                                                    <ColumnReference Database="[servicetrax_dev]" Schema="[dbo]" Table="[JOBS]" Alias="[j]" Column="JOB_NO" />
                                                                                    <ColumnReference Database="[servicetrax_dev]" Schema="[dbo]" Table="[JOBS]" Alias="[j]" Column="JOB_TYPE_ID" />
                                                                                    <ColumnReference Database="[servicetrax_dev]" Schema="[dbo]" Table="[CUSTOMERS]" Alias="[c]" Column="CUSTOMER_NAME" />
                                                                                    <ColumnReference Database="[servicetrax_dev]" Schema="[dbo]" Table="[CUSTOMERS]" Alias="[c]" Column="end_user_parent_id" />
                                                                                    <ColumnReference Database="[servicetrax_dev]" Schema="[dbo]" Table="[LOOKUPS]" Alias="[customer_type]" Column="CODE" />
                                                                                    <ColumnReference Database="[servicetrax_dev]" Schema="[dbo]" Table="[INVOICES]" Column="INVOICE_ID" />
                                                                                    <ColumnReference Database="[servicetrax_dev]" Schema="[dbo]" Table="[INVOICES]" Column="PO_NO" />
                                                                                    <ColumnReference Database="[servicetrax_dev]" Schema="[dbo]" Table="[INVOICES]" Column="INVOICE_TYPE_ID" />
                                                                                    <ColumnReference Database="[servicetrax_dev]" Schema="[dbo]" Table="[INVOICES]" Column="BATCH_STATUS_ID" />
                                                                                    <ColumnReference Database="[servicetrax_dev]" Schema="[dbo]" Table="[INVOICES]" Column="ASSIGNED_TO_USER_ID" />
                                                                                    <ColumnReference Database="[servicetrax_dev]" Schema="[dbo]" Table="[INVOICES]" Column="STATUS_ID" />
                                                                                    <ColumnReference Database="[servicetrax_dev]" Schema="[dbo]" Table="[INVOICES]" Column="JOB_ID" />
                                                                                    <ColumnReference Database="[servicetrax_dev]" Schema="[dbo]" Table="[INVOICES]" Column="DESCRIPTION" />
                                                                                    <ColumnReference Database="[servicetrax_dev]" Schema="[dbo]" Table="[INVOICES]" Column="DATE_SENT" />
                                                                                    <ColumnReference Database="[servicetrax_dev]" Schema="[dbo]" Table="[INVOICES]" Column="DATE_CREATED" />
                                                                                    <ColumnReference Column="Expr1253" />
                                                                                    <ColumnReference Column="Expr1304" />
                                                                                  </OutputList>
                                                                                  <RunTimeInformation>
                                                                                    <RunTimeCountersPerThread Thread="0" ActualRows="50" ActualEndOfScans="1" ActualExecutions="1" />
                                                                                  </RunTimeInformation>
                                                                                  <NestedLoops Optimized="false">
                                                                                    <OuterReferences>
                                                                                      <ColumnReference Database="[servicetrax_dev]" Schema="[dbo]" Table="[JOBS]" Alias="[j]" Column="JOB_STATUS_TYPE_ID" />
                                                                                    </OuterReferences>
                                                                                    <RelOp AvgRowSize="316" EstimateCPU="0.00738952" EstimateIO="0" EstimateRebinds="0" EstimateRewinds="0" EstimateRows="123.321" LogicalOp="Inner Join" NodeId="146" Parallel="false" PhysicalOp="Merge Join" EstimatedTotalSubtreeCost="1.92443">
                                                                                      <OutputList>
                                                                                        <ColumnReference Database="[servicetrax_dev]" Schema="[dbo]" Table="[JOBS]" Alias="[j]" Column="PROJECT_ID" />
                                                                                        <ColumnReference Database="[servicetrax_dev]" Schema="[dbo]" Table="[JOBS]" Alias="[j]" Column="JOB_NO" />
                                                                                        <ColumnReference Database="[servicetrax_dev]" Schema="[dbo]" Table="[JOBS]" Alias="[j]" Column="JOB_TYPE_ID" />
                                                                                        <ColumnReference Database="[servicetrax_dev]" Schema="[dbo]" Table="[JOBS]" Alias="[j]" Column="JOB_STATUS_TYPE_ID" />
                                                                                        <ColumnReference Database="[servicetrax_dev]" Schema="[dbo]" Table="[CUSTOMERS]" Alias="[c]" Column="CUSTOMER_NAME" />
                                                                                        <ColumnReference Database="[servicetrax_dev]" Schema="[dbo]" Table="[CUSTOMERS]" Alias="[c]" Column="end_user_parent_id" />
                                                                                        <ColumnReference Database="[servicetrax_dev]" Schema="[dbo]" Table="[LOOKUPS]" Alias="[customer_type]" Column="CODE" />
                                                                                        <ColumnReference Database="[servicetrax_dev]" Schema="[dbo]" Table="[INVOICES]" Column="INVOICE_ID" />
                                                                                        <ColumnReference Database="[servicetrax_dev]" Schema="[dbo]" Table="[INVOICES]" Column="PO_NO" />
                                                                                        <ColumnReference Database="[servicetrax_dev]" Schema="[dbo]" Table="[INVOICES]" Column="INVOICE_TYPE_ID" />
                                                                                        <ColumnReference Database="[servicetrax_dev]" Schema="[dbo]" Table="[INVOICES]" Column="BATCH_STATUS_ID" />
                                                                                        <ColumnReference Database="[servicetrax_dev]" Schema="[dbo]" Table="[INVOICES]" Column="ASSIGNED_TO_USER_ID" />
                                                                                        <ColumnReference Database="[servicetrax_dev]" Schema="[dbo]" Table="[INVOICES]" Column="STATUS_ID" />
                                                                                        <ColumnReference Database="[servicetrax_dev]" Schema="[dbo]" Table="[INVOICES]" Column="JOB_ID" />
                                                                                        <ColumnReference Database="[servicetrax_dev]" Schema="[dbo]" Table="[INVOICES]" Column="DESCRIPTION" />
                                                                                        <ColumnReference Database="[servicetrax_dev]" Schema="[dbo]" Table="[INVOICES]" Column="DATE_SENT" />
                                                                                        <ColumnReference Database="[servicetrax_dev]" Schema="[dbo]" Table="[INVOICES]" Column="DATE_CREATED" />
                                                                                        <ColumnReference Column="Expr1253" />
                                                                                        <ColumnReference Column="Expr1304" />
                                                                                      </OutputList>
                                                                                      <RunTimeInformation>
                                                                                        <RunTimeCountersPerThread Thread="0" ActualRows="50" ActualEndOfScans="1" ActualExecutions="1" />
                                                                                      </RunTimeInformation>
                                                                                      <Merge ManyToMany="false">
                                                                                        <InnerSideJoinColumns>
                                                                                          <ColumnReference Database="[servicetrax_dev]" Schema="[dbo]" Table="[CUSTOMERS]" Alias="[c]" Column="customer_type_id" />
                                                                                        </InnerSideJoinColumns>
                                                                                        <OuterSideJoinColumns>
                                                                                          <ColumnReference Database="[servicetrax_dev]" Schema="[dbo]" Table="[LOOKUPS]" Alias="[customer_type]" Column="LOOKUP_ID" />
                                                                                        </OuterSideJoinColumns>
                                                                                        <Residual>
                                                                                          <ScalarOperator ScalarString="[servicetrax_dev].[dbo].[LOOKUPS].[LOOKUP_ID] as [customer_type].[LOOKUP_ID]=[servicetrax_dev].[dbo].[CUSTOMERS].[customer_type_id] as [c].[customer_type_id]">
                                                                                            <Compare CompareOp="EQ">
                                                                                              <ScalarOperator>
                                                                                                <Identifier>
                                                                                                  <ColumnReference Database="[servicetrax_dev]" Schema="[dbo]" Table="[LOOKUPS]" Alias="[customer_type]" Column="LOOKUP_ID" />
                                                                                                </Identifier>
                                                                                              </ScalarOperator>
                                                                                              <ScalarOperator>
                                                                                                <Identifier>
                                                                                                  <ColumnReference Database="[servicetrax_dev]" Schema="[dbo]" Table="[CUSTOMERS]" Alias="[c]" Column="customer_type_id" />
                                                                                                </Identifier>
                                                                                              </ScalarOperator>
                                                                                            </Compare>
                                                                                          </ScalarOperator>
                                                                                        </Residual>
                                                                                        <RelOp AvgRowSize="27" EstimateCPU="0.000949" EstimateIO="0.00534722" EstimateRebinds="0" EstimateRewinds="0" EstimateRows="720" LogicalOp="Index Scan" NodeId="147" Parallel="false" PhysicalOp="Index Scan" EstimatedTotalSubtreeCost="0.00629622">
                                                                                          <OutputList>
                                                                                            <ColumnReference Database="[servicetrax_dev]" Schema="[dbo]" Table="[LOOKUPS]" Alias="[customer_type]" Column="LOOKUP_ID" />
                                                                                            <ColumnReference Database="[servicetrax_dev]" Schema="[dbo]" Table="[LOOKUPS]" Alias="[customer_type]" Column="CODE" />
                                                                                          </OutputList>
                                                                                          <RunTimeInformation>
                                                                                            <RunTimeCountersPerThread Thread="0" ActualRows="662" ActualEndOfScans="0" ActualExecutions="1" />
                                                                                          </RunTimeInformation>
                                                                                          <IndexScan Ordered="true" ScanDirection="FORWARD" ForcedIndex="false" NoExpandHint="false">
                                                                                            <DefinedValues>
                                                                                              <DefinedValue>
                                                                                                <ColumnReference Database="[servicetrax_dev]" Schema="[dbo]" Table="[LOOKUPS]" Alias="[customer_type]" Column="LOOKUP_ID" />
                                                                                              </DefinedValue>
                                                                                              <DefinedValue>
                                                                                                <ColumnReference Database="[servicetrax_dev]" Schema="[dbo]" Table="[LOOKUPS]" Alias="[customer_type]" Column="CODE" />
                                                                                              </DefinedValue>
                                                                                            </DefinedValues>
                                                                                            <Object Database="[servicetrax_dev]" Schema="[dbo]" Table="[LOOKUPS]" Index="[IX_L_LID_CODE]" Alias="[customer_type]" TableReferenceId="3" />
                                                                                          </IndexScan>
                                                                                        </RelOp>
                                                                                        <RelOp AvgRowSize="316" EstimateCPU="0.00147545" EstimateIO="0.0112613" EstimateRebinds="0" EstimateRewinds="0" EstimateRows="126.28" LogicalOp="Sort" NodeId="148" Parallel="false" PhysicalOp="Sort" EstimatedTotalSubtreeCost="1.91075">
                                                                                          <OutputList>
                                                                                            <ColumnReference Database="[servicetrax_dev]" Schema="[dbo]" Table="[JOBS]" Alias="[j]" Column="PROJECT_ID" />
                                                                                            <ColumnReference Database="[servicetrax_dev]" Schema="[dbo]" Table="[JOBS]" Alias="[j]" Column="JOB_NO" />
                                                                                            <ColumnReference Database="[servicetrax_dev]" Schema="[dbo]" Table="[JOBS]" Alias="[j]" Column="JOB_TYPE_ID" />
                                                                                            <ColumnReference Database="[servicetrax_dev]" Schema="[dbo]" Table="[JOBS]" Alias="[j]" Column="JOB_STATUS_TYPE_ID" />
                                                                                            <ColumnReference Database="[servicetrax_dev]" Schema="[dbo]" Table="[CUSTOMERS]" Alias="[c]" Column="CUSTOMER_NAME" />
                                                                                            <ColumnReference Database="[servicetrax_dev]" Schema="[dbo]" Table="[CUSTOMERS]" Alias="[c]" Column="customer_type_id" />
                                                                                            <ColumnReference Database="[servicetrax_dev]" Schema="[dbo]" Table="[CUSTOMERS]" Alias="[c]" Column="end_user_parent_id" />
                                                                                            <ColumnReference Database="[servicetrax_dev]" Schema="[dbo]" Table="[INVOICES]" Column="INVOICE_ID" />
                                                                                            <ColumnReference Database="[servicetrax_dev]" Schema="[dbo]" Table="[INVOICES]" Column="PO_NO" />
                                                                                            <ColumnReference Database="[servicetrax_dev]" Schema="[dbo]" Table="[INVOICES]" Column="INVOICE_TYPE_ID" />
                                                                                            <ColumnReference Database="[servicetrax_dev]" Schema="[dbo]" Table="[INVOICES]" Column="BATCH_STATUS_ID" />
                                                                                            <ColumnReference Database="[servicetrax_dev]" Schema="[dbo]" Table="[INVOICES]" Column="ASSIGNED_TO_USER_ID" />
                                                                                            <ColumnReference Database="[servicetrax_dev]" Schema="[dbo]" Table="[INVOICES]" Column="STATUS_ID" />
                                                                                            <ColumnReference Database="[servicetrax_dev]" Schema="[dbo]" Table="[INVOICES]" Column="JOB_ID" />
                                                                                            <ColumnReference Database="[servicetrax_dev]" Schema="[dbo]" Table="[INVOICES]" Column="DESCRIPTION" />
                                                                                            <ColumnReference Database="[servicetrax_dev]" Schema="[dbo]" Table="[INVOICES]" Column="DATE_SENT" />
                                                                                            <ColumnReference Database="[servicetrax_dev]" Schema="[dbo]" Table="[INVOICES]" Column="DATE_CREATED" />
                                                                                            <ColumnReference Column="Expr1253" />
                                                                                            <ColumnReference Column="Expr1304" />
                                                                                          </OutputList>
                                                                                          <MemoryFractions Input="0.0137615" Output="0.0642202" />
                                                                                          <RunTimeInformation>
                                                                                            <RunTimeCountersPerThread Thread="0" ActualRebinds="1" ActualRewinds="0" ActualRows="50" ActualEndOfScans="1" ActualExecutions="1" />
                                                                                          </RunTimeInformation>
                                                                                          <Sort Distinct="false">
                                                                                            <OrderBy>
                                                                                              <OrderByColumn Ascending="true">
                                                                                                <ColumnReference Database="[servicetrax_dev]" Schema="[dbo]" Table="[CUSTOMERS]" Alias="[c]" Column="customer_type_id" />
                                                                                              </OrderByColumn>
                                                                                            </OrderBy>
                                                                                            <RelOp AvgRowSize="316" EstimateCPU="0.0109757" EstimateIO="0" EstimateRebinds="0" EstimateRewinds="0" EstimateRows="126.28" LogicalOp="Inner Join" NodeId="149" Parallel="false" PhysicalOp="Merge Join" EstimatedTotalSubtreeCost="1.89801">
                                                                                              <OutputList>
                                                                                                <ColumnReference Database="[servicetrax_dev]" Schema="[dbo]" Table="[JOBS]" Alias="[j]" Column="PROJECT_ID" />
                                                                                                <ColumnReference Database="[servicetrax_dev]" Schema="[dbo]" Table="[JOBS]" Alias="[j]" Column="JOB_NO" />
                                                                                                <ColumnReference Database="[servicetrax_dev]" Schema="[dbo]" Table="[JOBS]" Alias="[j]" Column="JOB_TYPE_ID" />
                                                                                                <ColumnReference Database="[servicetrax_dev]" Schema="[dbo]" Table="[JOBS]" Alias="[j]" Column="JOB_STATUS_TYPE_ID" />
                                                                                                <ColumnReference Database="[servicetrax_dev]" Schema="[dbo]" Table="[CUSTOMERS]" Alias="[c]" Column="CUSTOMER_NAME" />
                                                                                                <ColumnReference Database="[servicetrax_dev]" Schema="[dbo]" Table="[CUSTOMERS]" Alias="[c]" Column="customer_type_id" />
                                                                                                <ColumnReference Database="[servicetrax_dev]" Schema="[dbo]" Table="[CUSTOMERS]" Alias="[c]" Column="end_user_parent_id" />
                                                                                                <ColumnReference Database="[servicetrax_dev]" Schema="[dbo]" Table="[INVOICES]" Column="INVOICE_ID" />
                                                                                                <ColumnReference Database="[servicetrax_dev]" Schema="[dbo]" Table="[INVOICES]" Column="PO_NO" />
                                                                                                <ColumnReference Database="[servicetrax_dev]" Schema="[dbo]" Table="[INVOICES]" Column="INVOICE_TYPE_ID" />
                                                                                                <ColumnReference Database="[servicetrax_dev]" Schema="[dbo]" Table="[INVOICES]" Column="BATCH_STATUS_ID" />
                                                                                                <ColumnReference Database="[servicetrax_dev]" Schema="[dbo]" Table="[INVOICES]" Column="ASSIGNED_TO_USER_ID" />
                                                                                                <ColumnReference Database="[servicetrax_dev]" Schema="[dbo]" Table="[INVOICES]" Column="STATUS_ID" />
                                                                                                <ColumnReference Database="[servicetrax_dev]" Schema="[dbo]" Table="[INVOICES]" Column="JOB_ID" />
                                                                                                <ColumnReference Database="[servicetrax_dev]" Schema="[dbo]" Table="[INVOICES]" Column="DESCRIPTION" />
                                                                                                <ColumnReference Database="[servicetrax_dev]" Schema="[dbo]" Table="[INVOICES]" Column="DATE_SENT" />
                                                                                                <ColumnReference Database="[servicetrax_dev]" Schema="[dbo]" Table="[INVOICES]" Column="DATE_CREATED" />
                                                                                                <ColumnReference Column="Expr1253" />
                                                                                                <ColumnReference Column="Expr1304" />
                                                                                              </OutputList>
                                                                                              <RunTimeInformation>
                                                                                                <RunTimeCountersPerThread Thread="0" ActualRows="50" ActualEndOfScans="1" ActualExecutions="1" />
                                                                                              </RunTimeInformation>
                                                                                              <Merge ManyToMany="false">
                                                                                                <InnerSideJoinColumns>
                                                                                                  <ColumnReference Database="[servicetrax_dev]" Schema="[dbo]" Table="[JOBS]" Alias="[j]" Column="CUSTOMER_ID" />
                                                                                                </InnerSideJoinColumns>
                                                                                                <OuterSideJoinColumns>
                                                                                                  <ColumnReference Database="[servicetrax_dev]" Schema="[dbo]" Table="[CUSTOMERS]" Alias="[c]" Column="CUSTOMER_ID" />
                                                                                                </OuterSideJoinColumns>
                                                                                                <Residual>
                                                                                                  <ScalarOperator ScalarString="[servicetrax_dev].[dbo].[CUSTOMERS].[CUSTOMER_ID] as [c].[CUSTOMER_ID]=[servicetrax_dev].[dbo].[JOBS].[CUSTOMER_ID] as [j].[CUSTOMER_ID]">
                                                                                                    <Compare CompareOp="EQ">
                                                                                                      <ScalarOperator>
                                                                                                        <Identifier>
                                                                                                          <ColumnReference Database="[servicetrax_dev]" Schema="[dbo]" Table="[CUSTOMERS]" Alias="[c]" Column="CUSTOMER_ID" />
                                                                                                        </Identifier>
                                                                                                      </ScalarOperator>
                                                                                                      <ScalarOperator>
                                                                                                        <Identifier>
                                                                                                          <ColumnReference Database="[servicetrax_dev]" Schema="[dbo]" Table="[JOBS]" Alias="[j]" Column="CUSTOMER_ID" />
                                                                                                        </Identifier>
                                                                                                      </ScalarOperator>
                                                                                                    </Compare>
                                                                                                  </ScalarOperator>
                                                                                                </Residual>
                                                                                                <RelOp AvgRowSize="64" EstimateCPU="0.0167054" EstimateIO="0.100162" EstimateRebinds="0" EstimateRewinds="0" EstimateRows="2427.58" LogicalOp="Index Scan" NodeId="150" Parallel="false" PhysicalOp="Index Scan" EstimatedTotalSubtreeCost="0.116867">
                                                                                                  <OutputList>
                                                                                                    <ColumnReference Database="[servicetrax_dev]" Schema="[dbo]" Table="[CUSTOMERS]" Alias="[c]" Column="CUSTOMER_ID" />
                                                                                                    <ColumnReference Database="[servicetrax_dev]" Schema="[dbo]" Table="[CUSTOMERS]" Alias="[c]" Column="CUSTOMER_NAME" />
                                                                                                    <ColumnReference Database="[servicetrax_dev]" Schema="[dbo]" Table="[CUSTOMERS]" Alias="[c]" Column="customer_type_id" />
                                                                                                    <ColumnReference Database="[servicetrax_dev]" Schema="[dbo]" Table="[CUSTOMERS]" Alias="[c]" Column="end_user_parent_id" />
                                                                                                  </OutputList>
                                                                                                  <RunTimeInformation>
                                                                                                    <RunTimeCountersPerThread Thread="0" ActualRows="2398" ActualEndOfScans="0" ActualExecutions="1" />
                                                                                                  </RunTimeInformation>
                                                                                                  <IndexScan Ordered="true" ScanDirection="FORWARD" ForcedIndex="false" NoExpandHint="false">
                                                                                                    <DefinedValues>
                                                                                                      <DefinedValue>
                                                                                                        <ColumnReference Database="[servicetrax_dev]" Schema="[dbo]" Table="[CUSTOMERS]" Alias="[c]" Column="CUSTOMER_ID" />
                                                                                                      </DefinedValue>
                                                                                                      <DefinedValue>
                                                                                                        <ColumnReference Database="[servicetrax_dev]" Schema="[dbo]" Table="[CUSTOMERS]" Alias="[c]" Column="CUSTOMER_NAME" />
                                                                                                      </DefinedValue>
                                                                                                      <DefinedValue>
                                                                                                        <ColumnReference Database="[servicetrax_dev]" Schema="[dbo]" Table="[CUSTOMERS]" Alias="[c]" Column="customer_type_id" />
                                                                                                      </DefinedValue>
                                                                                                      <DefinedValue>
                                                                                                        <ColumnReference Database="[servicetrax_dev]" Schema="[dbo]" Table="[CUSTOMERS]" Alias="[c]" Column="end_user_parent_id" />
                                                                                                      </DefinedValue>
                                                                                                    </DefinedValues>
                                                                                                    <Object Database="[servicetrax_dev]" Schema="[dbo]" Table="[CUSTOMERS]" Index="[IX_CUSTOMERS2]" Alias="[c]" TableReferenceId="3" />
                                                                                                    <Predicate>
                                                                                                      <ScalarOperator ScalarString="[servicetrax_dev].[dbo].[CUSTOMERS].[ORGANIZATION_ID] as [c].[ORGANIZATION_ID]=(2.)">
                                                                                                        <Compare CompareOp="EQ">
                                                                                                          <ScalarOperator>
                                                                                                            <Identifier>
                                                                                                              <ColumnReference Database="[servicetrax_dev]" Schema="[dbo]" Table="[CUSTOMERS]" Alias="[c]" Column="ORGANIZATION_ID" />
                                                                                                            </Identifier>
                                                                                                          </ScalarOperator>
                                                                                                          <ScalarOperator>
                                                                                                            <Const ConstValue="(2.)" />
                                                                                                          </ScalarOperator>
                                                                                                        </Compare>
                                                                                                      </ScalarOperator>
                                                                                                    </Predicate>
                                                                                                  </IndexScan>
                                                                                                </RelOp>
                                                                                                <RelOp AvgRowSize="288" EstimateCPU="0.00147542" EstimateIO="0.0112613" EstimateRebinds="0" EstimateRewinds="0" EstimateRows="126.28" LogicalOp="Sort" NodeId="151" Parallel="false" PhysicalOp="Sort" EstimatedTotalSubtreeCost="1.76294">
                                                                                                  <OutputList>
                                                                                                    <ColumnReference Database="[servicetrax_dev]" Schema="[dbo]" Table="[JOBS]" Alias="[j]" Column="PROJECT_ID" />
                                                                                                    <ColumnReference Database="[servicetrax_dev]" Schema="[dbo]" Table="[JOBS]" Alias="[j]" Column="JOB_NO" />
                                                                                                    <ColumnReference Database="[servicetrax_dev]" Schema="[dbo]" Table="[JOBS]" Alias="[j]" Column="JOB_TYPE_ID" />
                                                                                                    <ColumnReference Database="[servicetrax_dev]" Schema="[dbo]" Table="[JOBS]" Alias="[j]" Column="JOB_STATUS_TYPE_ID" />
                                                                                                    <ColumnReference Database="[servicetrax_dev]" Schema="[dbo]" Table="[JOBS]" Alias="[j]" Column="CUSTOMER_ID" />
                                                                                                    <ColumnReference Database="[servicetrax_dev]" Schema="[dbo]" Table="[INVOICES]" Column="INVOICE_ID" />
                                                                                                    <ColumnReference Database="[servicetrax_dev]" Schema="[dbo]" Table="[INVOICES]" Column="PO_NO" />
                                                                                                    <ColumnReference Database="[servicetrax_dev]" Schema="[dbo]" Table="[INVOICES]" Column="INVOICE_TYPE_ID" />
                                                                                                    <ColumnReference Database="[servicetrax_dev]" Schema="[dbo]" Table="[INVOICES]" Column="BATCH_STATUS_ID" />
                                                                                                    <ColumnReference Database="[servicetrax_dev]" Schema="[dbo]" Table="[INVOICES]" Column="ASSIGNED_TO_USER_ID" />
                                                                                                    <ColumnReference Database="[servicetrax_dev]" Schema="[dbo]" Table="[INVOICES]" Column="STATUS_ID" />
                                                                                                    <ColumnReference Database="[servicetrax_dev]" Schema="[dbo]" Table="[INVOICES]" Column="JOB_ID" />
                                                                                                    <ColumnReference Database="[servicetrax_dev]" Schema="[dbo]" Table="[INVOICES]" Column="DESCRIPTION" />
                                                                                                    <ColumnReference Database="[servicetrax_dev]" Schema="[dbo]" Table="[INVOICES]" Column="DATE_SENT" />
                                                                                                    <ColumnReference Database="[servicetrax_dev]" Schema="[dbo]" Table="[INVOICES]" Column="DATE_CREATED" />
                                                                                                    <ColumnReference Column="Expr1253" />
                                                                                                    <ColumnReference Column="Expr1304" />
                                                                                                  </OutputList>
                                                                                                  <MemoryFractions Input="0.0137615" Output="0.0504587" />
                                                                                                  <RunTimeInformation>
                                                                                                    <RunTimeCountersPerThread Thread="0" ActualRebinds="1" ActualRewinds="0" ActualRows="52" ActualEndOfScans="1" ActualExecutions="1" />
                                                                                                  </RunTimeInformation>
                                                                                                  <Sort Distinct="false">
                                                                                                    <OrderBy>
                                                                                                      <OrderByColumn Ascending="true">
                                                                                                        <ColumnReference Database="[servicetrax_dev]" Schema="[dbo]" Table="[JOBS]" Alias="[j]" Column="CUSTOMER_ID" />
                                                                                                      </OrderByColumn>
                                                                                                    </OrderBy>
                                                                                                    <RelOp AvgRowSize="288" EstimateCPU="0.011048" EstimateIO="0" EstimateRebinds="0" EstimateRewinds="0" EstimateRows="126.28" LogicalOp="Inner Join" NodeId="152" Parallel="false" PhysicalOp="Merge Join" EstimatedTotalSubtreeCost="1.7502">
                                                                                                      <OutputList>
                                                                                                        <ColumnReference Database="[servicetrax_dev]" Schema="[dbo]" Table="[JOBS]" Alias="[j]" Column="PROJECT_ID" />
                                                                                                        <ColumnReference Database="[servicetrax_dev]" Schema="[dbo]" Table="[JOBS]" Alias="[j]" Column="JOB_NO" />
                                                                                                        <ColumnReference Database="[servicetrax_dev]" Schema="[dbo]" Table="[JOBS]" Alias="[j]" Column="JOB_TYPE_ID" />
                                                                                                        <ColumnReference Database="[servicetrax_dev]" Schema="[dbo]" Table="[JOBS]" Alias="[j]" Column="JOB_STATUS_TYPE_ID" />
                                                                                                        <ColumnReference Database="[servicetrax_dev]" Schema="[dbo]" Table="[JOBS]" Alias="[j]" Column="CUSTOMER_ID" />
                                                                                                        <ColumnReference Database="[servicetrax_dev]" Schema="[dbo]" Table="[INVOICES]" Column="INVOICE_ID" />
                                                                                                        <ColumnReference Database="[servicetrax_dev]" Schema="[dbo]" Table="[INVOICES]" Column="PO_NO" />
                                                                                                        <ColumnReference Database="[servicetrax_dev]" Schema="[dbo]" Table="[INVOICES]" Column="INVOICE_TYPE_ID" />
                                                                                                        <ColumnReference Database="[servicetrax_dev]" Schema="[dbo]" Table="[INVOICES]" Column="BATCH_STATUS_ID" />
                                                                                                        <ColumnReference Database="[servicetrax_dev]" Schema="[dbo]" Table="[INVOICES]" Column="ASSIGNED_TO_USER_ID" />
                                                                                                        <ColumnReference Database="[servicetrax_dev]" Schema="[dbo]" Table="[INVOICES]" Column="STATUS_ID" />
                                                                                                        <ColumnReference Database="[servicetrax_dev]" Schema="[dbo]" Table="[INVOICES]" Column="JOB_ID" />
                                                                                                        <ColumnReference Database="[servicetrax_dev]" Schema="[dbo]" Table="[INVOICES]" Column="DESCRIPTION" />
                                                                                                        <ColumnReference Database="[servicetrax_dev]" Schema="[dbo]" Table="[INVOICES]" Column="DATE_SENT" />
                                                                                                        <ColumnReference Database="[servicetrax_dev]" Schema="[dbo]" Table="[INVOICES]" Column="DATE_CREATED" />
                                                                                                        <ColumnReference Column="Expr1253" />
                                                                                                        <ColumnReference Column="Expr1304" />
                                                                                                      </OutputList>
                                                                                                      <RunTimeInformation>
                                                                                                        <RunTimeCountersPerThread Thread="0" ActualRows="52" ActualEndOfScans="1" ActualExecutions="1" />
                                                                                                      </RunTimeInformation>
                                                                                                      <Merge ManyToMany="false">
                                                                                                        <InnerSideJoinColumns>
                                                                                                          <ColumnReference Database="[servicetrax_dev]" Schema="[dbo]" Table="[JOBS]" Alias="[j]" Column="CREATED_BY" />
                                                                                                        </InnerSideJoinColumns>
                                                                                                        <OuterSideJoinColumns>
                                                                                                          <ColumnReference Database="[servicetrax_dev]" Schema="[dbo]" Table="[USERS]" Alias="[created_by]" Column="USER_ID" />
                                                                                                        </OuterSideJoinColumns>
                                                                                                        <Residual>
                                                                                                          <ScalarOperator ScalarString="[servicetrax_dev].[dbo].[USERS].[USER_ID] as [created_by].[USER_ID]=[servicetrax_dev].[dbo].[JOBS].[CREATED_BY] as [j].[CREATED_BY]">
                                                                                                            <Compare CompareOp="EQ">
                                                                                                              <ScalarOperator>
                                                                                                                <Identifier>
                                                                                                                  <ColumnReference Database="[servicetrax_dev]" Schema="[dbo]" Table="[USERS]" Alias="[created_by]" Column="USER_ID" />
                                                                                                                </Identifier>
                                                                                                              </ScalarOperator>
                                                                                                              <ScalarOperator>
                                                                                                                <Identifier>
                                                                                                                  <ColumnReference Database="[servicetrax_dev]" Schema="[dbo]" Table="[JOBS]" Alias="[j]" Column="CREATED_BY" />
                                                                                                                </Identifier>
                                                                                                              </ScalarOperator>
                                                                                                            </Compare>
                                                                                                          </ScalarOperator>
                                                                                                        </Residual>
                                                                                                        <RelOp AvgRowSize="16" EstimateCPU="0.0028652" EstimateIO="0.0549769" EstimateRebinds="0" EstimateRewinds="0" EstimateRows="2462" LogicalOp="Clustered Index Scan" NodeId="153" Parallel="false" PhysicalOp="Clustered Index Scan" EstimatedTotalSubtreeCost="0.0578421">
                                                                                                          <OutputList>
                                                                                                            <ColumnReference Database="[servicetrax_dev]" Schema="[dbo]" Table="[USERS]" Alias="[created_by]" Column="USER_ID" />
                                                                                                          </OutputList>
                                                                                                          <RunTimeInformation>
                                                                                                            <RunTimeCountersPerThread Thread="0" ActualRows="2445" ActualEndOfScans="0" ActualExecutions="1" />
                                                                                                          </RunTimeInformation>
                                                                                                          <IndexScan Ordered="true" ScanDirection="FORWARD" ForcedIndex="false" NoExpandHint="false">
                                                                                                            <DefinedValues>
                                                                                                              <DefinedValue>
                                                                                                                <ColumnReference Database="[servicetrax_dev]" Schema="[dbo]" Table="[USERS]" Alias="[created_by]" Column="USER_ID" />
                                                                                                              </DefinedValue>
                                                                                                            </DefinedValues>
                                                                                                            <Object Database="[servicetrax_dev]" Schema="[dbo]" Table="[USERS]" Index="[PK_USERS]" Alias="[created_by]" TableReferenceId="3" />
                                                                                                          </IndexScan>
                                                                                                        </RelOp>
                                                                                                        <RelOp AvgRowSize="297" EstimateCPU="0.00147543" EstimateIO="0.0112613" EstimateRebinds="0" EstimateRewinds="0" EstimateRows="126.28" LogicalOp="Sort" NodeId="154" Parallel="false" PhysicalOp="Sort" EstimatedTotalSubtreeCost="1.68131">
                                                                                                          <OutputList>
                                                                                                            <ColumnReference Database="[servicetrax_dev]" Schema="[dbo]" Table="[JOBS]" Alias="[j]" Column="PROJECT_ID" />
                                                                                                            <ColumnReference Database="[servicetrax_dev]" Schema="[dbo]" Table="[JOBS]" Alias="[j]" Column="JOB_NO" />
                                                                                                            <ColumnReference Database="[servicetrax_dev]" Schema="[dbo]" Table="[JOBS]" Alias="[j]" Column="JOB_TYPE_ID" />
                                                                                                            <ColumnReference Database="[servicetrax_dev]" Schema="[dbo]" Table="[JOBS]" Alias="[j]" Column="JOB_STATUS_TYPE_ID" />
                                                                                                            <ColumnReference Database="[servicetrax_dev]" Schema="[dbo]" Table="[JOBS]" Alias="[j]" Column="CUSTOMER_ID" />
                                                                                                            <ColumnReference Database="[servicetrax_dev]" Schema="[dbo]" Table="[JOBS]" Alias="[j]" Column="CREATED_BY" />
                                                                                                            <ColumnReference Database="[servicetrax_dev]" Schema="[dbo]" Table="[INVOICES]" Column="INVOICE_ID" />
                                                                                                            <ColumnReference Database="[servicetrax_dev]" Schema="[dbo]" Table="[INVOICES]" Column="PO_NO" />
                                                                                                            <ColumnReference Database="[servicetrax_dev]" Schema="[dbo]" Table="[INVOICES]" Column="INVOICE_TYPE_ID" />
                                                                                                            <ColumnReference Database="[servicetrax_dev]" Schema="[dbo]" Table="[INVOICES]" Column="BATCH_STATUS_ID" />
                                                                                                            <ColumnReference Database="[servicetrax_dev]" Schema="[dbo]" Table="[INVOICES]" Column="ASSIGNED_TO_USER_ID" />
                                                                                                            <ColumnReference Database="[servicetrax_dev]" Schema="[dbo]" Table="[INVOICES]" Column="STATUS_ID" />
                                                                                                            <ColumnReference Database="[servicetrax_dev]" Schema="[dbo]" Table="[INVOICES]" Column="JOB_ID" />
                                                                                                            <ColumnReference Database="[servicetrax_dev]" Schema="[dbo]" Table="[INVOICES]" Column="DESCRIPTION" />
                                                                                                            <ColumnReference Database="[servicetrax_dev]" Schema="[dbo]" Table="[INVOICES]" Column="DATE_SENT" />
                                                                                                            <ColumnReference Database="[servicetrax_dev]" Schema="[dbo]" Table="[INVOICES]" Column="DATE_CREATED" />
                                                                                                            <ColumnReference Column="Expr1253" />
                                                                                                            <ColumnReference Column="Expr1304" />
                                                                                                          </OutputList>
                                                                                                          <MemoryFractions Input="0.0137615" Output="0.0366972" />
                                                                                                          <RunTimeInformation>
                                                                                                            <RunTimeCountersPerThread Thread="0" ActualRebinds="1" ActualRewinds="0" ActualRows="52" ActualEndOfScans="1" ActualExecutions="1" />
                                                                                                          </RunTimeInformation>
                                                                                                          <Sort Distinct="false">
                                                                                                            <OrderBy>
                                                                                                              <OrderByColumn Ascending="true">
                                                                                                                <ColumnReference Database="[servicetrax_dev]" Schema="[dbo]" Table="[JOBS]" Alias="[j]" Column="CREATED_BY" />
                                                                                                              </OrderByColumn>
                                                                                                            </OrderBy>
                                                                                                            <RelOp AvgRowSize="297" EstimateCPU="0.00052785" EstimateIO="0" EstimateRebinds="0" EstimateRewinds="0" EstimateRows="126.28" LogicalOp="Inner Join" NodeId="155" Parallel="false" PhysicalOp="Nested Loops" EstimatedTotalSubtreeCost="1.66858">
                                                                                                              <OutputList>
                                                                                                                <ColumnReference Database="[servicetrax_dev]" Schema="[dbo]" Table="[JOBS]" Alias="[j]" Column="PROJECT_ID" />
                                                                                                                <ColumnReference Database="[servicetrax_dev]" Schema="[dbo]" Table="[JOBS]" Alias="[j]" Column="JOB_NO" />
                                                                                                                <ColumnReference Database="[servicetrax_dev]" Schema="[dbo]" Table="[JOBS]" Alias="[j]" Column="JOB_TYPE_ID" />
                                                                                                                <ColumnReference Database="[servicetrax_dev]" Schema="[dbo]" Table="[JOBS]" Alias="[j]" Column="JOB_STATUS_TYPE_ID" />
                                                                                                                <ColumnReference Database="[servicetrax_dev]" Schema="[dbo]" Table="[JOBS]" Alias="[j]" Column="CUSTOMER_ID" />
                                                                                                                <ColumnReference Database="[servicetrax_dev]" Schema="[dbo]" Table="[JOBS]" Alias="[j]" Column="CREATED_BY" />
                                                                                                                <ColumnReference Database="[servicetrax_dev]" Schema="[dbo]" Table="[INVOICES]" Column="INVOICE_ID" />
                                                                                                                <ColumnReference Database="[servicetrax_dev]" Schema="[dbo]" Table="[INVOICES]" Column="PO_NO" />
                                                                                                                <ColumnReference Database="[servicetrax_dev]" Schema="[dbo]" Table="[INVOICES]" Column="INVOICE_TYPE_ID" />
                                                                                                                <ColumnReference Database="[servicetrax_dev]" Schema="[dbo]" Table="[INVOICES]" Column="BATCH_STATUS_ID" />
                                                                                                                <ColumnReference Database="[servicetrax_dev]" Schema="[dbo]" Table="[INVOICES]" Column="ASSIGNED_TO_USER_ID" />
                                                                                                                <ColumnReference Database="[servicetrax_dev]" Schema="[dbo]" Table="[INVOICES]" Column="STATUS_ID" />
                                                                                                                <ColumnReference Database="[servicetrax_dev]" Schema="[dbo]" Table="[INVOICES]" Column="JOB_ID" />
                                                                                                                <ColumnReference Database="[servicetrax_dev]" Schema="[dbo]" Table="[INVOICES]" Column="DESCRIPTION" />
                                                                                                                <ColumnReference Database="[servicetrax_dev]" Schema="[dbo]" Table="[INVOICES]" Column="DATE_SENT" />
                                                                                                                <ColumnReference Database="[servicetrax_dev]" Schema="[dbo]" Table="[INVOICES]" Column="DATE_CREATED" />
                                                                                                                <ColumnReference Column="Expr1253" />
                                                                                                                <ColumnReference Column="Expr1304" />
                                                                                                              </OutputList>
                                                                                                              <RunTimeInformation>
                                                                                                                <RunTimeCountersPerThread Thread="0" ActualRows="52" ActualEndOfScans="1" ActualExecutions="1" />
                                                                                                              </RunTimeInformation>
                                                                                                              <NestedLoops Optimized="false" WithUnorderedPrefetch="true">
                                                                                                                <OuterReferences>
                                                                                                                  <ColumnReference Database="[servicetrax_dev]" Schema="[dbo]" Table="[INVOICES]" Column="JOB_ID" />
                                                                                                                  <ColumnReference Column="Expr1335" />
                                                                                                                </OuterReferences>
                                                                                                                <RelOp AvgRowSize="251" EstimateCPU="0.00052785" EstimateIO="0" EstimateRebinds="0" EstimateRewinds="0" EstimateRows="126.28" LogicalOp="Inner Join" NodeId="157" Parallel="false" PhysicalOp="Nested Loops" EstimatedTotalSubtreeCost="1.27046">
                                                                                                                  <OutputList>
                                                                                                                    <ColumnReference Database="[servicetrax_dev]" Schema="[dbo]" Table="[INVOICES]" Column="JOB_ID" />
                                                                                                                    <ColumnReference Database="[servicetrax_dev]" Schema="[dbo]" Table="[INVOICES]" Column="INVOICE_ID" />
                                                                                                                    <ColumnReference Database="[servicetrax_dev]" Schema="[dbo]" Table="[INVOICES]" Column="PO_NO" />
                                                                                                                    <ColumnReference Database="[servicetrax_dev]" Schema="[dbo]" Table="[INVOICES]" Column="INVOICE_TYPE_ID" />
                                                                                                                    <ColumnReference Database="[servicetrax_dev]" Schema="[dbo]" Table="[INVOICES]" Column="BATCH_STATUS_ID" />
                                                                                                                    <ColumnReference Database="[servicetrax_dev]" Schema="[dbo]" Table="[INVOICES]" Column="ASSIGNED_TO_USER_ID" />
                                                                                                                    <ColumnReference Database="[servicetrax_dev]" Schema="[dbo]" Table="[INVOICES]" Column="STATUS_ID" />
                                                                                                                    <ColumnReference Database="[servicetrax_dev]" Schema="[dbo]" Table="[INVOICES]" Column="JOB_ID" />
                                                                                                                    <ColumnReference Database="[servicetrax_dev]" Schema="[dbo]" Table="[INVOICES]" Column="DESCRIPTION" />
                                                                                                                    <ColumnReference Database="[servicetrax_dev]" Schema="[dbo]" Table="[INVOICES]" Column="DATE_SENT" />
                                                                                                                    <ColumnReference Database="[servicetrax_dev]" Schema="[dbo]" Table="[INVOICES]" Column="DATE_CREATED" />
                                                                                                                    <ColumnReference Column="Expr1253" />
                                                                                                                    <ColumnReference Column="Expr1304" />
                                                                                                                  </OutputList>
                                                                                                                  <RunTimeInformation>
                                                                                                                    <RunTimeCountersPerThread Thread="0" ActualRows="52" ActualEndOfScans="1" ActualExecutions="1" />
                                                                                                                  </RunTimeInformation>
                                                                                                                  <NestedLoops Optimized="true" WithUnorderedPrefetch="true">
                                                                                                                    <OuterReferences>
                                                                                                                      <ColumnReference Database="[servicetrax_dev]" Schema="[dbo]" Table="[INVOICES]" Column="INVOICE_ID" />
                                                                                                                      <ColumnReference Column="Expr1334" />
                                                                                                                    </OuterReferences>
                                                                                                                    <RelOp AvgRowSize="242" EstimateCPU="0.00587994" EstimateIO="0" EstimateRebinds="0" EstimateRewinds="0" EstimateRows="126.28" LogicalOp="Inner Join" NodeId="160" Parallel="false" PhysicalOp="Merge Join" EstimatedTotalSubtreeCost="1.09242">
                                                                                                                      <OutputList>
                                                                                                                        <ColumnReference Database="[servicetrax_dev]" Schema="[dbo]" Table="[INVOICES]" Column="INVOICE_ID" />
                                                                                                                        <ColumnReference Database="[servicetrax_dev]" Schema="[dbo]" Table="[INVOICES]" Column="PO_NO" />
                                                                                                                        <ColumnReference Database="[servicetrax_dev]" Schema="[dbo]" Table="[INVOICES]" Column="INVOICE_TYPE_ID" />
                                                                                                                        <ColumnReference Database="[servicetrax_dev]" Schema="[dbo]" Table="[INVOICES]" Column="BATCH_STATUS_ID" />
                                                                                                                        <ColumnReference Database="[servicetrax_dev]" Schema="[dbo]" Table="[INVOICES]" Column="ASSIGNED_TO_USER_ID" />
                                                                                                                        <ColumnReference Database="[servicetrax_dev]" Schema="[dbo]" Table="[INVOICES]" Column="STATUS_ID" />
                                                                                                                        <ColumnReference Database="[servicetrax_dev]" Schema="[dbo]" Table="[INVOICES]" Column="JOB_ID" />
                                                                                                                        <ColumnReference Database="[servicetrax_dev]" Schema="[dbo]" Table="[INVOICES]" Column="DESCRIPTION" />
                                                                                                                        <ColumnReference Database="[servicetrax_dev]" Schema="[dbo]" Table="[INVOICES]" Column="DATE_SENT" />
                                                                                                                        <ColumnReference Database="[servicetrax_dev]" Schema="[dbo]" Table="[INVOICES]" Column="DATE_CREATED" />
                                                                                                                        <ColumnReference Column="Expr1253" />
                                                                                                                        <ColumnReference Column="Expr1304" />
                                                                                                                      </OutputList>
                                                                                                                      <RunTimeInformation>
                                                                                                                        <RunTimeCountersPerThread Thread="0" ActualRows="52" ActualEndOfScans="1" ActualExecutions="1" />
                                                                                                                      </RunTimeInformation>
                                                                                                                      <Merge ManyToMany="false">
                                                                                                                        <InnerSideJoinColumns>
                                                                                                                          <ColumnReference Database="[servicetrax_dev]" Schema="[dbo]" Table="[LOOKUPS]" Column="LOOKUP_TYPE_ID" />
                                                                                                                        </InnerSideJoinColumns>
                                                                                                                        <OuterSideJoinColumns>
                                                                                                                          <ColumnReference Database="[servicetrax_dev]" Schema="[dbo]" Table="[LOOKUP_TYPES]" Column="LOOKUP_TYPE_ID" />
                                                                                                                        </OuterSideJoinColumns>
                                                                                                                        <Residual>
                                                                                                                          <ScalarOperator ScalarString="[servicetrax_dev].[dbo].[LOOKUPS].[LOOKUP_TYPE_ID]=[servicetrax_dev].[dbo].[LOOKUP_TYPES].[LOOKUP_TYPE_ID]">
                                                                                                                            <Compare CompareOp="EQ">
                                                                                                                              <ScalarOperator>
                                                                                                                                <Identifier>
                                                                                                                                  <ColumnReference Database="[servicetrax_dev]" Schema="[dbo]" Table="[LOOKUPS]" Column="LOOKUP_TYPE_ID" />
                                                                                                                                </Identifier>
                                                                                                                              </ScalarOperator>
                                                                                                                              <ScalarOperator>
                                                                                                                                <Identifier>
                                                                                                                                  <ColumnReference Database="[servicetrax_dev]" Schema="[dbo]" Table="[LOOKUP_TYPES]" Column="LOOKUP_TYPE_ID" />
                                                                                                                                </Identifier>
                                                                                                                              </ScalarOperator>
                                                                                                                            </Compare>
                                                                                                                          </ScalarOperator>
                                                                                                                        </Residual>
                                                                                                                        <RelOp AvgRowSize="38" EstimateCPU="0.0002373" EstimateIO="0.00386574" EstimateRebinds="0" EstimateRewinds="0" EstimateRows="1.01389" LogicalOp="Clustered Index Scan" NodeId="161" Parallel="false" PhysicalOp="Clustered Index Scan" EstimatedTotalSubtreeCost="0.00410304">
                                                                                                                          <OutputList>
                                                                                                                            <ColumnReference Database="[servicetrax_dev]" Schema="[dbo]" Table="[LOOKUP_TYPES]" Column="LOOKUP_TYPE_ID" />
                                                                                                                          </OutputList>
                                                                                                                          <RunTimeInformation>
                                                                                                                            <RunTimeCountersPerThread Thread="0" ActualRows="1" ActualEndOfScans="1" ActualExecutions="1" />
                                                                                                                          </RunTimeInformation>
                                                                                                                          <IndexScan Ordered="true" ScanDirection="FORWARD" ForcedIndex="false" NoExpandHint="false">
                                                                                                                            <DefinedValues>
                                                                                                                              <DefinedValue>
                                                                                                                                <ColumnReference Database="[servicetrax_dev]" Schema="[dbo]" Table="[LOOKUP_TYPES]" Column="LOOKUP_TYPE_ID" />
                                                                                                                              </DefinedValue>
                                                                                                                            </DefinedValues>
                                                                                                                            <Object Database="[servicetrax_dev]" Schema="[dbo]" Table="[LOOKUP_TYPES]" Index="[PK_LOOKUP_TYPES]" TableReferenceId="2" />
                                                                                                                            <Predicate>
                                                                                                                              <ScalarOperator ScalarString="[servicetrax_dev].[dbo].[LOOKUP_TYPES].[CODE]='invoice_line_type' AND [servicetrax_dev].[dbo].[LOOKUP_TYPES].[ACTIVE_FLAG]&lt;&gt;'N'">
                                                                                                                                <Logical Operation="AND">
                                                                                                                                  <ScalarOperator>
                                                                                                                                    <Compare CompareOp="EQ">
                                                                                                                                      <ScalarOperator>
                                                                                                                                        <Identifier>
                                                                                                                                          <ColumnReference Database="[servicetrax_dev]" Schema="[dbo]" Table="[LOOKUP_TYPES]" Column="CODE" />
                                                                                                                                        </Identifier>
                                                                                                                                      </ScalarOperator>
                                                                                                                                      <ScalarOperator>
                                                                                                                                        <Const ConstValue="'invoice_line_type'" />
                                                                                                                                      </ScalarOperator>
                                                                                                                                    </Compare>
                                                                                                                                  </ScalarOperator>
                                                                                                                                  <ScalarOperator>
                                                                                                                                    <Compare CompareOp="NE">
                                                                                                                                      <ScalarOperator>
                                                                                                                                        <Identifier>
                                                                                                                                          <ColumnReference Database="[servicetrax_dev]" Schema="[dbo]" Table="[LOOKUP_TYPES]" Column="ACTIVE_FLAG" />
                                                                                                                                        </Identifier>
                                                                                                                                      </ScalarOperator>
                                                                                                                                      <ScalarOperator>
                                                                                                                                        <Const ConstValue="'N'" />
                                                                                                                                      </ScalarOperator>
                                                                                                                                    </Compare>
                                                                                                                                  </ScalarOperator>
                                                                                                                                </Logical>
                                                                                                                              </ScalarOperator>
                                                                                                                            </Predicate>
                                                                                                                          </IndexScan>
                                                                                                                        </RelOp>
                                                                                                                        <RelOp AvgRowSize="251" EstimateCPU="0.00147538" EstimateIO="0.0112613" EstimateRebinds="0" EstimateRewinds="0" EstimateRows="126.28" LogicalOp="Sort" NodeId="162" Parallel="false" PhysicalOp="Sort" EstimatedTotalSubtreeCost="1.08237">
                                                                                                                          <OutputList>
                                                                                                                            <ColumnReference Database="[servicetrax_dev]" Schema="[dbo]" Table="[LOOKUPS]" Column="LOOKUP_TYPE_ID" />
                                                                                                                            <ColumnReference Database="[servicetrax_dev]" Schema="[dbo]" Table="[INVOICES]" Column="INVOICE_ID" />
                                                                                                                            <ColumnReference Database="[servicetrax_dev]" Schema="[dbo]" Table="[INVOICES]" Column="PO_NO" />
                                                                                                                            <ColumnReference Database="[servicetrax_dev]" Schema="[dbo]" Table="[INVOICES]" Column="INVOICE_TYPE_ID" />
                                                                                                                            <ColumnReference Database="[servicetrax_dev]" Schema="[dbo]" Table="[INVOICES]" Column="BATCH_STATUS_ID" />
                                                                                                                            <ColumnReference Database="[servicetrax_dev]" Schema="[dbo]" Table="[INVOICES]" Column="ASSIGNED_TO_USER_ID" />
                                                                                                                            <ColumnReference Database="[servicetrax_dev]" Schema="[dbo]" Table="[INVOICES]" Column="STATUS_ID" />
                                                                                                                            <ColumnReference Database="[servicetrax_dev]" Schema="[dbo]" Table="[INVOICES]" Column="JOB_ID" />
                                                                                                                            <ColumnReference Database="[servicetrax_dev]" Schema="[dbo]" Table="[INVOICES]" Column="DESCRIPTION" />
                                                                                                                            <ColumnReference Database="[servicetrax_dev]" Schema="[dbo]" Table="[INVOICES]" Column="DATE_SENT" />
                                                                                                                            <ColumnReference Database="[servicetrax_dev]" Schema="[dbo]" Table="[INVOICES]" Column="DATE_CREATED" />
                                                                                                                            <ColumnReference Column="Expr1253" />
                                                                                                                            <ColumnReference Column="Expr1304" />
                                                                                                                          </OutputList>
                                                                                                                          <MemoryFractions Input="0.0114679" Output="0.0114679" />
                                                                                                                          <RunTimeInformation>
                                                                                                                            <RunTimeCountersPerThread Thread="0" ActualRebinds="1" ActualRewinds="0" ActualRows="52" ActualEndOfScans="1" ActualExecutions="1" />
                                                                                                                          </RunTimeInformation>
                                                                                                                          <Sort Distinct="false">
                                                                                                                            <OrderBy>
                                                                                                                              <OrderByColumn Ascending="true">
                                                                                                                                <ColumnReference Database="[servicetrax_dev]" Schema="[dbo]" Table="[LOOKUPS]" Column="LOOKUP_TYPE_ID" />
                                                                                                                              </OrderByColumn>
                                                                                                                            </OrderBy>
                                                                                                                            <RelOp AvgRowSize="251" EstimateCPU="0.0193832" EstimateIO="0" EstimateRebinds="0" EstimateRewinds="0" EstimateRows="126.28" LogicalOp="Inner Join" NodeId="163" Parallel="false" PhysicalOp="Hash Match" EstimatedTotalSubtreeCost="1.06964">
                                                                                                                              <OutputList>
                                                                                                                                <ColumnReference Database="[servicetrax_dev]" Schema="[dbo]" Table="[LOOKUPS]" Column="LOOKUP_TYPE_ID" />
                                                                                                                                <ColumnReference Database="[servicetrax_dev]" Schema="[dbo]" Table="[INVOICES]" Column="INVOICE_ID" />
                                                                                                                                <ColumnReference Database="[servicetrax_dev]" Schema="[dbo]" Table="[INVOICES]" Column="PO_NO" />
                                                                                                                                <ColumnReference Database="[servicetrax_dev]" Schema="[dbo]" Table="[INVOICES]" Column="INVOICE_TYPE_ID" />
                                                                                                                                <ColumnReference Database="[servicetrax_dev]" Schema="[dbo]" Table="[INVOICES]" Column="BATCH_STATUS_ID" />
                                                                                                                                <ColumnReference Database="[servicetrax_dev]" Schema="[dbo]" Table="[INVOICES]" Column="ASSIGNED_TO_USER_ID" />
                                                                                                                                <ColumnReference Database="[servicetrax_dev]" Schema="[dbo]" Table="[INVOICES]" Column="STATUS_ID" />
                                                                                                                                <ColumnReference Database="[servicetrax_dev]" Schema="[dbo]" Table="[INVOICES]" Column="JOB_ID" />
                                                                                                                                <ColumnReference Database="[servicetrax_dev]" Schema="[dbo]" Table="[INVOICES]" Column="DESCRIPTION" />
                                                                                                                                <ColumnReference Database="[servicetrax_dev]" Schema="[dbo]" Table="[INVOICES]" Column="DATE_SENT" />
                                                                                                                                <ColumnReference Database="[servicetrax_dev]" Schema="[dbo]" Table="[INVOICES]" Column="DATE_CREATED" />
                                                                                                                                <ColumnReference Column="Expr1253" />
                                                                                                                                <ColumnReference Column="Expr1304" />
                                                                                                                              </OutputList>
                                                                                                                              <MemoryFractions Input="0" Output="0" />
                                                                                                                              <RunTimeInformation>
                                                                                                                                <RunTimeCountersPerThread Thread="0" ActualRows="52" ActualEndOfScans="1" ActualExecutions="1" />
                                                                                                                              </RunTimeInformation>
                                                                                                                              <Hash>
                                                                                                                                <DefinedValues />
                                                                                                                                <HashKeysBuild>
                                                                                                                                  <ColumnReference Database="[servicetrax_dev]" Schema="[dbo]" Table="[LOOKUPS]" Column="LOOKUP_ID" />
                                                                                                                                </HashKeysBuild>
                                                                                                                                <HashKeysProbe>
                                                                                                                                  <ColumnReference Database="[servicetrax_dev]" Schema="[dbo]" Table="[INVOICE_LINES]" Column="INVOICE_LINE_TYPE_ID" />
                                                                                                                                </HashKeysProbe>
                                                                                                                                <ProbeResidual>
                                                                                                                                  <ScalarOperator ScalarString="[servicetrax_dev].[dbo].[LOOKUPS].[LOOKUP_ID]=[servicetrax_dev].[dbo].[INVOICE_LINES].[INVOICE_LINE_TYPE_ID]">
                                                                                                                                    <Compare CompareOp="EQ">
                                                                                                                                      <ScalarOperator>
                                                                                                                                        <Identifier>
                                                                                                                                          <ColumnReference Database="[servicetrax_dev]" Schema="[dbo]" Table="[LOOKUPS]" Column="LOOKUP_ID" />
                                                                                                                                        </Identifier>
                                                                                                                                      </ScalarOperator>
                                                                                                                                      <ScalarOperator>
                                                                                                                                        <Identifier>
                                                                                                                                          <ColumnReference Database="[servicetrax_dev]" Schema="[dbo]" Table="[INVOICE_LINES]" Column="INVOICE_LINE_TYPE_ID" />
                                                                                                                                        </Identifier>
                                                                                                                                      </ScalarOperator>
                                                                                                                                    </Compare>
                                                                                                                                  </ScalarOperator>
                                                                                                                                </ProbeResidual>
                                                                                                                                <RelOp AvgRowSize="25" EstimateCPU="8.8E-07" EstimateIO="0" EstimateRebinds="0" EstimateRewinds="0" EstimateRows="1" LogicalOp="Filter" NodeId="164" Parallel="false" PhysicalOp="Filter" EstimatedTotalSubtreeCost="0.00657126">
                                                                                                                                  <OutputList>
                                                                                                                                    <ColumnReference Database="[servicetrax_dev]" Schema="[dbo]" Table="[LOOKUPS]" Column="LOOKUP_ID" />
                                                                                                                                    <ColumnReference Database="[servicetrax_dev]" Schema="[dbo]" Table="[LOOKUPS]" Column="LOOKUP_TYPE_ID" />
                                                                                                                                  </OutputList>
                                                                                                                                  <RunTimeInformation>
                                                                                                                                    <RunTimeCountersPerThread Thread="0" ActualRows="1" ActualEndOfScans="1" ActualExecutions="1" />
                                                                                                                                  </RunTimeInformation>
                                                                                                                                  <Filter StartupExpression="false">
                                                                                                                                    <RelOp AvgRowSize="30" EstimateCPU="4.18E-06" EstimateIO="0" EstimateRebinds="0" EstimateRewinds="0" EstimateRows="1" LogicalOp="Inner Join" NodeId="165" Parallel="false" PhysicalOp="Nested Loops" EstimatedTotalSubtreeCost="0.00657038">
                                                                                                                                      <OutputList>
                                                                                                                                        <ColumnReference Database="[servicetrax_dev]" Schema="[dbo]" Table="[LOOKUPS]" Column="LOOKUP_ID" />
                                                                                                                                        <ColumnReference Database="[servicetrax_dev]" Schema="[dbo]" Table="[LOOKUPS]" Column="LOOKUP_TYPE_ID" />
                                                                                                                                        <ColumnReference Database="[servicetrax_dev]" Schema="[dbo]" Table="[LOOKUPS]" Column="ACTIVE_FLAG" />
                                                                                                                                      </OutputList>
                                                                                                                                      <RunTimeInformation>
                                                                                                                                        <RunTimeCountersPerThread Thread="0" ActualRows="1" ActualEndOfScans="1" ActualExecutions="1" />
                                                                                                                                      </RunTimeInformation>
                                                                                                                                      <NestedLoops Optimized="false">
                                                                                                                                        <OuterReferences>
                                                                                                                                          <ColumnReference Database="[servicetrax_dev]" Schema="[dbo]" Table="[LOOKUPS]" Column="LOOKUP_ID" />
                                                                                                                                        </OuterReferences>
                                                                                                                                        <RelOp AvgRowSize="16" EstimateCPU="0.0001581" EstimateIO="0.003125" EstimateRebinds="0" EstimateRewinds="0" EstimateRows="1" LogicalOp="Index Seek" NodeId="166" Parallel="false" PhysicalOp="Index Seek" EstimatedTotalSubtreeCost="0.0032831">
                                                                                                                                          <OutputList>
                                                                                                                                            <ColumnReference Database="[servicetrax_dev]" Schema="[dbo]" Table="[LOOKUPS]" Column="LOOKUP_ID" />
                                                                                                                                          </OutputList>
                                                                                                                                          <RunTimeInformation>
                                                                                                                                            <RunTimeCountersPerThread Thread="0" ActualRows="1" ActualEndOfScans="1" ActualExecutions="1" />
                                                                                                                                          </RunTimeInformation>
                                                                                                                                          <IndexScan Ordered="true" ScanDirection="FORWARD" ForcedIndex="false" NoExpandHint="false">
                                                                                                                                            <DefinedValues>
                                                                                                                                              <DefinedValue>
                                                                                                                                                <ColumnReference Database="[servicetrax_dev]" Schema="[dbo]" Table="[LOOKUPS]" Column="LOOKUP_ID" />
                                                                                                                                              </DefinedValue>
                                                                                                                                            </DefinedValues>
                                                                                                                                            <Object Database="[servicetrax_dev]" Schema="[dbo]" Table="[LOOKUPS]" Index="[IX_L_CODE]" TableReferenceId="2" />
                                                                                                                                            <SeekPredicates>
                                                                                                                                              <SeekPredicate>
                                                                                                                                                <Prefix ScanType="EQ">
                                                                                                                                                  <RangeColumns>
                                                                                                                                                    <ColumnReference Database="[servicetrax_dev]" Schema="[dbo]" Table="[LOOKUPS]" Column="CODE" />
                                                                                                                                                  </RangeColumns>
                                                                                                                                                  <RangeExpressions>
                                                                                                                                                    <ScalarOperator ScalarString="'custom'">
                                                                                                                                                      <Const ConstValue="'custom'" />
                                                                                                                                                    </ScalarOperator>
                                                                                                                                                  </RangeExpressions>
                                                                                                                                                </Prefix>
                                                                                                                                              </SeekPredicate>
                                                                                                                                            </SeekPredicates>
                                                                                                                                          </IndexScan>
                                                                                                                                        </RelOp>
                                                                                                                                        <RelOp AvgRowSize="20" EstimateCPU="0.0001581" EstimateIO="0.003125" EstimateRebinds="0" EstimateRewinds="0" EstimateRows="1" LogicalOp="Clustered Index Seek" NodeId="168" Parallel="false" PhysicalOp="Clustered Index Seek" EstimatedTotalSubtreeCost="0.0032831">
                                                                                                                                          <OutputList>
                                                                                                                                            <ColumnReference Database="[servicetrax_dev]" Schema="[dbo]" Table="[LOOKUPS]" Column="LOOKUP_TYPE_ID" />
                                                                                                                                            <ColumnReference Database="[servicetrax_dev]" Schema="[dbo]" Table="[LOOKUPS]" Column="ACTIVE_FLAG" />
                                                                                                                                          </OutputList>
                                                                                                                                          <RunTimeInformation>
                                                                                                                                            <RunTimeCountersPerThread Thread="0" ActualRows="1" ActualEndOfScans="0" ActualExecutions="1" />
                                                                                                                                          </RunTimeInformation>
                                                                                                                                          <IndexScan Lookup="true" Ordered="true" ScanDirection="FORWARD" ForcedIndex="false" NoExpandHint="false">
                                                                                                                                            <DefinedValues>
                                                                                                                                              <DefinedValue>
                                                                                                                                                <ColumnReference Database="[servicetrax_dev]" Schema="[dbo]" Table="[LOOKUPS]" Column="LOOKUP_TYPE_ID" />
                                                                                                                                              </DefinedValue>
                                                                                                                                              <DefinedValue>
                                                                                                                                                <ColumnReference Database="[servicetrax_dev]" Schema="[dbo]" Table="[LOOKUPS]" Column="ACTIVE_FLAG" />
                                                                                                                                              </DefinedValue>
                                                                                                                                            </DefinedValues>
                                                                                                                                            <Object Database="[servicetrax_dev]" Schema="[dbo]" Table="[LOOKUPS]" Index="[PK_LOOKUPS]" TableReferenceId="-1" />
                                                                                                                                            <SeekPredicates>
                                                                                                                                              <SeekPredicate>
                                                                                                                                                <Prefix ScanType="EQ">
                                                                                                                                                  <RangeColumns>
                                                                                                                                                    <ColumnReference Database="[servicetrax_dev]" Schema="[dbo]" Table="[LOOKUPS]" Column="LOOKUP_ID" />
                                                                                                                                                  </RangeColumns>
                                                                                                                                                  <RangeExpressions>
                                                                                                                                                    <ScalarOperator ScalarString="[servicetrax_dev].[dbo].[LOOKUPS].[LOOKUP_ID]">
                                                                                                                                                      <Identifier>
                                                                                                                                                        <ColumnReference Database="[servicetrax_dev]" Schema="[dbo]" Table="[LOOKUPS]" Column="LOOKUP_ID" />
                                                                                                                                                      </Identifier>
                                                                                                                                                    </ScalarOperator>
                                                                                                                                                  </RangeExpressions>
                                                                                                                                                </Prefix>
                                                                                                                                              </SeekPredicate>
                                                                                                                                            </SeekPredicates>
                                                                                                                                          </IndexScan>
                                                                                                                                        </RelOp>
                                                                                                                                      </NestedLoops>
                                                                                                                                    </RelOp>
                                                                                                                                    <Predicate>
                                                                                                                                      <ScalarOperator ScalarString="[servicetrax_dev].[dbo].[LOOKUPS].[ACTIVE_FLAG]&lt;'N' OR [servicetrax_dev].[dbo].[LOOKUPS].[ACTIVE_FLAG]&gt;'N'">
                                                                                                                                        <Logical Operation="OR">
                                                                                                                                          <ScalarOperator>
                                                                                                                                            <Compare CompareOp="LT">
                                                                                                                                              <ScalarOperator>
                                                                                                                                                <Identifier>
                                                                                                                                                  <ColumnReference Database="[servicetrax_dev]" Schema="[dbo]" Table="[LOOKUPS]" Column="ACTIVE_FLAG" />
                                                                                                                                                </Identifier>
                                                                                                                                              </ScalarOperator>
                                                                                                                                              <ScalarOperator>
                                                                                                                                                <Const ConstValue="'N'" />
                                                                                                                                              </ScalarOperator>
                                                                                                                                            </Compare>
                                                                                                                                          </ScalarOperator>
                                                                                                                                          <ScalarOperator>
                                                                                                                                            <Compare CompareOp="GT">
                                                                                                                                              <ScalarOperator>
                                                                                                                                                <Identifier>
                                                                                                                                                  <ColumnReference Database="[servicetrax_dev]" Schema="[dbo]" Table="[LOOKUPS]" Column="ACTIVE_FLAG" />
                                                                                                                                                </Identifier>
                                                                                                                                              </ScalarOperator>
                                                                                                                                              <ScalarOperator>
                                                                                                                                                <Const ConstValue="'N'" />
                                                                                                                                              </ScalarOperator>
                                                                                                                                            </Compare>
                                                                                                                                          </ScalarOperator>
                                                                                                                                        </Logical>
                                                                                                                                      </ScalarOperator>
                                                                                                                                    </Predicate>
                                                                                                                                  </Filter>
                                                                                                                                </RelOp>
                                                                                                                                <RelOp AvgRowSize="251" EstimateCPU="2.25374E-05" EstimateIO="0" EstimateRebinds="0" EstimateRewinds="0" EstimateRows="225.374" LogicalOp="Compute Scalar" NodeId="175" Parallel="false" PhysicalOp="Compute Scalar" EstimatedTotalSubtreeCost="1.04368">
                                                                                                                                  <OutputList>
                                                                                                                                    <ColumnReference Database="[servicetrax_dev]" Schema="[dbo]" Table="[INVOICE_LINES]" Column="INVOICE_LINE_TYPE_ID" />
                                                                                                                                    <ColumnReference Database="[servicetrax_dev]" Schema="[dbo]" Table="[INVOICES]" Column="INVOICE_ID" />
                                                                                                                                    <ColumnReference Database="[servicetrax_dev]" Schema="[dbo]" Table="[INVOICES]" Column="PO_NO" />
                                                                                                                                    <ColumnReference Database="[servicetrax_dev]" Schema="[dbo]" Table="[INVOICES]" Column="INVOICE_TYPE_ID" />
                                                                                                                                    <ColumnReference Database="[servicetrax_dev]" Schema="[dbo]" Table="[INVOICES]" Column="BATCH_STATUS_ID" />
                                                                                                                                    <ColumnReference Database="[servicetrax_dev]" Schema="[dbo]" Table="[INVOICES]" Column="ASSIGNED_TO_USER_ID" />
                                                                                                                                    <ColumnReference Database="[servicetrax_dev]" Schema="[dbo]" Table="[INVOICES]" Column="STATUS_ID" />
                                                                                                                                    <ColumnReference Database="[servicetrax_dev]" Schema="[dbo]" Table="[INVOICES]" Column="JOB_ID" />
                                                                                                                                    <ColumnReference Database="[servicetrax_dev]" Schema="[dbo]" Table="[INVOICES]" Column="DESCRIPTION" />
                                                                                                                                    <ColumnReference Database="[servicetrax_dev]" Schema="[dbo]" Table="[INVOICES]" Column="DATE_SENT" />
                                                                                                                                    <ColumnReference Database="[servicetrax_dev]" Schema="[dbo]" Table="[INVOICES]" Column="DATE_CREATED" />
                                                                                                                                    <ColumnReference Column="Expr1253" />
                                                                                                                                    <ColumnReference Column="Expr1304" />
                                                                                                                                  </OutputList>
                                                                                                                                  <ComputeScalar>
                                                                                                                                    <DefinedValues>
                                                                                                                                      <DefinedValue>
                                                                                                                                        <ColumnReference Column="Expr1253" />
                                                                                                                                        <ScalarOperator ScalarString="[servicetrax_dev].[dbo].[INVOICE_LINES].[UNIT_PRICE]*[servicetrax_dev].[dbo].[INVOICE_LINES].[QTY]">
                                                                                                                                          <Arithmetic Operation="MULT">
                                                                                                                                            <ScalarOperator>
                                                                                                                                              <Identifier>
                                                                                                                                                <ColumnReference Database="[servicetrax_dev]" Schema="[dbo]" Table="[INVOICE_LINES]" Column="UNIT_PRICE" />
                                                                                                                                              </Identifier>
                                                                                                                                            </ScalarOperator>
                                                                                                                                            <ScalarOperator>
                                                                                                                                              <Identifier>
                                                                                                                                                <ColumnReference Database="[servicetrax_dev]" Schema="[dbo]" Table="[INVOICE_LINES]" Column="QTY" />
                                                                                                                                              </Identifier>
                                                                                                                                            </ScalarOperator>
                                                                                                                                          </Arithmetic>
                                                                                                                                        </ScalarOperator>
                                                                                                                                      </DefinedValue>
                                                                                                                                    </DefinedValues>
                                                                                                                                    <RelOp AvgRowSize="256" EstimateCPU="0.000942065" EstimateIO="0" EstimateRebinds="0" EstimateRewinds="0" EstimateRows="225.374" LogicalOp="Inner Join" NodeId="176" Parallel="false" PhysicalOp="Nested Loops" EstimatedTotalSubtreeCost="1.04366">
                                                                                                                                      <OutputList>
                                                                                                                                        <ColumnReference Database="[servicetrax_dev]" Schema="[dbo]" Table="[INVOICE_LINES]" Column="INVOICE_LINE_TYPE_ID" />
                                                                                                                                        <ColumnReference Database="[servicetrax_dev]" Schema="[dbo]" Table="[INVOICE_LINES]" Column="UNIT_PRICE" />
                                                                                                                                        <ColumnReference Database="[servicetrax_dev]" Schema="[dbo]" Table="[INVOICE_LINES]" Column="QTY" />
                                                                                                                                        <ColumnReference Database="[servicetrax_dev]" Schema="[dbo]" Table="[INVOICES]" Column="INVOICE_ID" />
                                                                                                                                        <ColumnReference Database="[servicetrax_dev]" Schema="[dbo]" Table="[INVOICES]" Column="PO_NO" />
                                                                                                                                        <ColumnReference Database="[servicetrax_dev]" Schema="[dbo]" Table="[INVOICES]" Column="INVOICE_TYPE_ID" />
                                                                                                                                        <ColumnReference Database="[servicetrax_dev]" Schema="[dbo]" Table="[INVOICES]" Column="BATCH_STATUS_ID" />
                                                                                                                                        <ColumnReference Database="[servicetrax_dev]" Schema="[dbo]" Table="[INVOICES]" Column="ASSIGNED_TO_USER_ID" />
                                                                                                                                        <ColumnReference Database="[servicetrax_dev]" Schema="[dbo]" Table="[INVOICES]" Column="STATUS_ID" />
                                                                                                                                        <ColumnReference Database="[servicetrax_dev]" Schema="[dbo]" Table="[INVOICES]" Column="JOB_ID" />
                                                                                                                                        <ColumnReference Database="[servicetrax_dev]" Schema="[dbo]" Table="[INVOICES]" Column="DESCRIPTION" />
                                                                                                                                        <ColumnReference Database="[servicetrax_dev]" Schema="[dbo]" Table="[INVOICES]" Column="DATE_SENT" />
                                                                                                                                        <ColumnReference Database="[servicetrax_dev]" Schema="[dbo]" Table="[INVOICES]" Column="DATE_CREATED" />
                                                                                                                                        <ColumnReference Column="Expr1304" />
                                                                                                                                      </OutputList>
                                                                                                                                      <RunTimeInformation>
                                                                                                                                        <RunTimeCountersPerThread Thread="0" ActualRows="52" ActualEndOfScans="1" ActualExecutions="1" />
                                                                                                                                      </RunTimeInformation>
                                                                                                                                      <NestedLoops Optimized="false" WithUnorderedPrefetch="true">
                                                                                                                                        <OuterReferences>
                                                                                                                                          <ColumnReference Database="[servicetrax_dev]" Schema="[dbo]" Table="[INVOICE_LINES]" Column="INVOICE_LINE_ID" />
                                                                                                                                          <ColumnReference Column="Expr1333" />
                                                                                                                                        </OuterReferences>
                                                                                                                                        <RelOp AvgRowSize="234" EstimateCPU="0.000942065" EstimateIO="0" EstimateRebinds="0" EstimateRewinds="0" EstimateRows="225.374" LogicalOp="Inner Join" NodeId="178" Parallel="false" PhysicalOp="Nested Loops" EstimatedTotalSubtreeCost="0.32425">
                                                                                                                                          <OutputList>
                                                                                                                                            <ColumnReference Database="[servicetrax_dev]" Schema="[dbo]" Table="[INVOICE_LINES]" Column="INVOICE_LINE_ID" />
                                                                                                                                            <ColumnReference Database="[servicetrax_dev]" Schema="[dbo]" Table="[INVOICES]" Column="INVOICE_ID" />
                                                                                                                                            <ColumnReference Database="[servicetrax_dev]" Schema="[dbo]" Table="[INVOICES]" Column="PO_NO" />
                                                                                                                                            <ColumnReference Database="[servicetrax_dev]" Schema="[dbo]" Table="[INVOICES]" Column="INVOICE_TYPE_ID" />
                                                                                                                                            <ColumnReference Database="[servicetrax_dev]" Schema="[dbo]" Table="[INVOICES]" Column="BATCH_STATUS_ID" />
                                                                                                                                            <ColumnReference Database="[servicetrax_dev]" Schema="[dbo]" Table="[INVOICES]" Column="ASSIGNED_TO_USER_ID" />
                                                                                                                                            <ColumnReference Database="[servicetrax_dev]" Schema="[dbo]" Table="[INVOICES]" Column="STATUS_ID" />
                                                                                                                                            <ColumnReference Database="[servicetrax_dev]" Schema="[dbo]" Table="[INVOICES]" Column="JOB_ID" />
                                                                                                                                            <ColumnReference Database="[servicetrax_dev]" Schema="[dbo]" Table="[INVOICES]" Column="DESCRIPTION" />
                                                                                                                                            <ColumnReference Database="[servicetrax_dev]" Schema="[dbo]" Table="[INVOICES]" Column="DATE_SENT" />
                                                                                                                                            <ColumnReference Database="[servicetrax_dev]" Schema="[dbo]" Table="[INVOICES]" Column="DATE_CREATED" />
                                                                                                                                            <ColumnReference Column="Expr1304" />
                                                                                                                                          </OutputList>
                                                                                                                                          <RunTimeInformation>
                                                                                                                                            <RunTimeCountersPerThread Thread="0" ActualRows="52" ActualEndOfScans="1" ActualExecutions="1" />
                                                                                                                                          </RunTimeInformation>
                                                                                                                                          <NestedLoops Optimized="false" WithUnorderedPrefetch="true">
                                                                                                                                            <OuterReferences>
                                                                                                                                              <ColumnReference Database="[servicetrax_dev]" Schema="[dbo]" Table="[INVOICES]" Column="INVOICE_ID" />
                                                                                                                                              <ColumnReference Column="Expr1332" />
                                                                                                                                            </OuterReferences>
                                                                                                                                            <RelOp AvgRowSize="225" EstimateCPU="5.05857E-06" EstimateIO="0" EstimateRebinds="0" EstimateRewinds="0" EstimateRows="50.5857" LogicalOp="Compute Scalar" NodeId="180" Parallel="false" PhysicalOp="Compute Scalar" EstimatedTotalSubtreeCost="0.165991">
                                                                                                                                              <OutputList>
                                                                                                                                                <ColumnReference Database="[servicetrax_dev]" Schema="[dbo]" Table="[INVOICES]" Column="INVOICE_ID" />
                                                                                                                                                <ColumnReference Database="[servicetrax_dev]" Schema="[dbo]" Table="[INVOICES]" Column="PO_NO" />
                                                                                                                                                <ColumnReference Database="[servicetrax_dev]" Schema="[dbo]" Table="[INVOICES]" Column="INVOICE_TYPE_ID" />
                                                                                                                                                <ColumnReference Database="[servicetrax_dev]" Schema="[dbo]" Table="[INVOICES]" Column="BATCH_STATUS_ID" />
                                                                                                                                                <ColumnReference Database="[servicetrax_dev]" Schema="[dbo]" Table="[INVOICES]" Column="ASSIGNED_TO_USER_ID" />
                                                                                                                                                <ColumnReference Database="[servicetrax_dev]" Schema="[dbo]" Table="[INVOICES]" Column="STATUS_ID" />
                                                                                                                                                <ColumnReference Database="[servicetrax_dev]" Schema="[dbo]" Table="[INVOICES]" Column="JOB_ID" />
                                                                                                                                                <ColumnReference Database="[servicetrax_dev]" Schema="[dbo]" Table="[INVOICES]" Column="DESCRIPTION" />
                                                                                                                                                <ColumnReference Database="[servicetrax_dev]" Schema="[dbo]" Table="[INVOICES]" Column="DATE_SENT" />
                                                                                                                                                <ColumnReference Database="[servicetrax_dev]" Schema="[dbo]" Table="[INVOICES]" Column="DATE_CREATED" />
                                                                                                                                                <ColumnReference Column="Expr1304" />
                                                                                                                                              </OutputList>
                                                                                                                                              <ComputeScalar>
                                                                                                                                                <DefinedValues>
                                                                                                                                                  <DefinedValue>
                                                                                                                                                    <ColumnReference Column="Expr1304" />
                                                                                                                                                    <ScalarOperator ScalarString="CONVERT(varchar(30),[servicetrax_dev].[dbo].[INVOICES].[INVOICE_ID],0)">
                                                                                                                                                      <Convert DataType="varchar" Length="30" Style="0" Implicit="false">
                                                                                                                                                        <ScalarOperator>
                                                                                                                                                          <Identifier>
                                                                                                                                                            <ColumnReference Database="[servicetrax_dev]" Schema="[dbo]" Table="[INVOICES]" Column="INVOICE_ID" />
                                                                                                                                                          </Identifier>
                                                                                                                                                        </ScalarOperator>
                                                                                                                                                      </Convert>
                                                                                                                                                    </ScalarOperator>
                                                                                                                                                  </DefinedValue>
                                                                                                                                                </DefinedValues>
                                                                                                                                                <RelOp AvgRowSize="214" EstimateCPU="0.000211448" EstimateIO="0" EstimateRebinds="0" EstimateRewinds="0" EstimateRows="50.5857" LogicalOp="Inner Join" NodeId="181" Parallel="false" PhysicalOp="Nested Loops" EstimatedTotalSubtreeCost="0.165986">
                                                                                                                                                  <OutputList>
                                                                                                                                                    <ColumnReference Database="[servicetrax_dev]" Schema="[dbo]" Table="[INVOICES]" Column="INVOICE_ID" />
                                                                                                                                                    <ColumnReference Database="[servicetrax_dev]" Schema="[dbo]" Table="[INVOICES]" Column="PO_NO" />
                                                                                                                                                    <ColumnReference Database="[servicetrax_dev]" Schema="[dbo]" Table="[INVOICES]" Column="INVOICE_TYPE_ID" />
                                                                                                                                                    <ColumnReference Database="[servicetrax_dev]" Schema="[dbo]" Table="[INVOICES]" Column="BATCH_STATUS_ID" />
                                                                                                                                                    <ColumnReference Database="[servicetrax_dev]" Schema="[dbo]" Table="[INVOICES]" Column="ASSIGNED_TO_USER_ID" />
                                                                                                                                                    <ColumnReference Database="[servicetrax_dev]" Schema="[dbo]" Table="[INVOICES]" Column="STATUS_ID" />
                                                                                                                                                    <ColumnReference Database="[servicetrax_dev]" Schema="[dbo]" Table="[INVOICES]" Column="JOB_ID" />
                                                                                                                                                    <ColumnReference Database="[servicetrax_dev]" Schema="[dbo]" Table="[INVOICES]" Column="DESCRIPTION" />
                                                                                                                                                    <ColumnReference Database="[servicetrax_dev]" Schema="[dbo]" Table="[INVOICES]" Column="DATE_SENT" />
                                                                                                                                                    <ColumnReference Database="[servicetrax_dev]" Schema="[dbo]" Table="[INVOICES]" Column="DATE_CREATED" />
                                                                                                                                                  </OutputList>
                                                                                                                                                  <RunTimeInformation>
                                                                                                                                                    <RunTimeCountersPerThread Thread="0" ActualRows="88" ActualEndOfScans="1" ActualExecutions="1" />
                                                                                                                                                  </RunTimeInformation>
                                                                                                                                                  <NestedLoops Optimized="false" WithOrderedPrefetch="true">
                                                                                                                                                    <OuterReferences>
                                                                                                                                                      <ColumnReference Database="[servicetrax_dev]" Schema="[dbo]" Table="[INVOICES]" Column="INVOICE_ID" />
                                                                                                                                                      <ColumnReference Column="Expr1331" />
                                                                                                                                                    </OuterReferences>
                                                                                                                                                    <RelOp AvgRowSize="25" EstimateCPU="0.000212644" EstimateIO="0.003125" EstimateRebinds="0" EstimateRewinds="0" EstimateRows="50.5857" LogicalOp="Index Seek" NodeId="183" Parallel="false" PhysicalOp="Index Seek" EstimatedTotalSubtreeCost="0.00333764">
                                                                                                                                                      <OutputList>
                                                                                                                                                        <ColumnReference Database="[servicetrax_dev]" Schema="[dbo]" Table="[INVOICES]" Column="INVOICE_ID" />
                                                                                                                                                        <ColumnReference Database="[servicetrax_dev]" Schema="[dbo]" Table="[INVOICES]" Column="STATUS_ID" />
                                                                                                                                                      </OutputList>
                                                                                                                                                      <RunTimeInformation>
                                                                                                                                                        <RunTimeCountersPerThread Thread="0" ActualRows="88" ActualEndOfScans="1" ActualExecutions="1" />
                                                                                                                                                      </RunTimeInformation>
                                                                                                                                                      <IndexScan Ordered="true" ScanDirection="FORWARD" ForcedIndex="false" NoExpandHint="false">
                                                                                                                                                        <DefinedValues>
                                                                                                                                                          <DefinedValue>
                                                                                                                                                            <ColumnReference Database="[servicetrax_dev]" Schema="[dbo]" Table="[INVOICES]" Column="INVOICE_ID" />
                                                                                                                                                          </DefinedValue>
                                                                                                                                                          <DefinedValue>
                                                                                                                                                            <ColumnReference Database="[servicetrax_dev]" Schema="[dbo]" Table="[INVOICES]" Column="STATUS_ID" />
                                                                                                                                                          </DefinedValue>
                                                                                                                                                        </DefinedValues>
                                                                                                                                                        <Object Database="[servicetrax_dev]" Schema="[dbo]" Table="[INVOICES]" Index="[IX_I_STATUS]" TableReferenceId="3" />
                                                                                                                                                        <SeekPredicates>
                                                                                                                                                          <SeekPredicate>
                                                                                                                                                            <Prefix ScanType="EQ">
                                                                                                                                                              <RangeColumns>
                                                                                                                                                                <ColumnReference Database="[servicetrax_dev]" Schema="[dbo]" Table="[INVOICES]" Column="STATUS_ID" />
                                                                                                                                                              </RangeColumns>
                                                                                                                                                              <RangeExpressions>
                                                                                                                                                                <ScalarOperator ScalarString="(2.)">
                                                                                                                                                                  <Const ConstValue="(2.)" />
                                                                                                                                                                </ScalarOperator>
                                                                                                                                                              </RangeExpressions>
                                                                                                                                                            </Prefix>
                                                                                                                                                          </SeekPredicate>
                                                                                                                                                        </SeekPredicates>
                                                                                                                                                      </IndexScan>
                                                                                                                                                    </RelOp>
                                                                                                                                                    <RelOp AvgRowSize="415" EstimateCPU="0.0001581" EstimateIO="0.003125" EstimateRebinds="49.5857" EstimateRewinds="0" EstimateRows="1" LogicalOp="Clustered Index Seek" NodeId="185" Parallel="false" PhysicalOp="Clustered Index Seek" EstimatedTotalSubtreeCost="0.162437">
                                                                                                                                                      <OutputList>
                                                                                                                                                        <ColumnReference Database="[servicetrax_dev]" Schema="[dbo]" Table="[INVOICES]" Column="PO_NO" />
                                                                                                                                                        <ColumnReference Database="[servicetrax_dev]" Schema="[dbo]" Table="[INVOICES]" Column="INVOICE_TYPE_ID" />
                                                                                                                                                        <ColumnReference Database="[servicetrax_dev]" Schema="[dbo]" Table="[INVOICES]" Column="BATCH_STATUS_ID" />
                                                                                                                                                        <ColumnReference Database="[servicetrax_dev]" Schema="[dbo]" Table="[INVOICES]" Column="ASSIGNED_TO_USER_ID" />
                                                                                                                                                        <ColumnReference Database="[servicetrax_dev]" Schema="[dbo]" Table="[INVOICES]" Column="JOB_ID" />
                                                                                                                                                        <ColumnReference Database="[servicetrax_dev]" Schema="[dbo]" Table="[INVOICES]" Column="DESCRIPTION" />
                                                                                                                                                        <ColumnReference Database="[servicetrax_dev]" Schema="[dbo]" Table="[INVOICES]" Column="DATE_SENT" />
                                                                                                                                                        <ColumnReference Database="[servicetrax_dev]" Schema="[dbo]" Table="[INVOICES]" Column="DATE_CREATED" />
                                                                                                                                                      </OutputList>
                                                                                                                                                      <RunTimeInformation>
                                                                                                                                                        <RunTimeCountersPerThread Thread="0" ActualRows="88" ActualEndOfScans="0" ActualExecutions="88" />
                                                                                                                                                      </RunTimeInformation>
                                                                                                                                                      <IndexScan Lookup="true" Ordered="true" ScanDirection="FORWARD" ForcedIndex="false" NoExpandHint="false">
                                                                                                                                                        <DefinedValues>
                                                                                                                                                          <DefinedValue>
                                                                                                                                                            <ColumnReference Database="[servicetrax_dev]" Schema="[dbo]" Table="[INVOICES]" Column="PO_NO" />
                                                                                                                                                          </DefinedValue>
                                                                                                                                                          <DefinedValue>
                                                                                                                                                            <ColumnReference Database="[servicetrax_dev]" Schema="[dbo]" Table="[INVOICES]" Column="INVOICE_TYPE_ID" />
                                                                                                                                                          </DefinedValue>
                                                                                                                                                          <DefinedValue>
                                                                                                                                                            <ColumnReference Database="[servicetrax_dev]" Schema="[dbo]" Table="[INVOICES]" Column="BATCH_STATUS_ID" />
                                                                                                                                                          </DefinedValue>
                                                                                                                                                          <DefinedValue>
                                                                                                                                                            <ColumnReference Database="[servicetrax_dev]" Schema="[dbo]" Table="[INVOICES]" Column="ASSIGNED_TO_USER_ID" />
                                                                                                                                                          </DefinedValue>
                                                                                                                                                          <DefinedValue>
                                                                                                                                                            <ColumnReference Database="[servicetrax_dev]" Schema="[dbo]" Table="[INVOICES]" Column="JOB_ID" />
                                                                                                                                                          </DefinedValue>
                                                                                                                                                          <DefinedValue>
                                                                                                                                                            <ColumnReference Database="[servicetrax_dev]" Schema="[dbo]" Table="[INVOICES]" Column="DESCRIPTION" />
                                                                                                                                                          </DefinedValue>
                                                                                                                                                          <DefinedValue>
                                                                                                                                                            <ColumnReference Database="[servicetrax_dev]" Schema="[dbo]" Table="[INVOICES]" Column="DATE_SENT" />
                                                                                                                                                          </DefinedValue>
                                                                                                                                                          <DefinedValue>
                                                                                                                                                            <ColumnReference Database="[servicetrax_dev]" Schema="[dbo]" Table="[INVOICES]" Column="DATE_CREATED" />
                                                                                                                                                          </DefinedValue>
                                                                                                                                                        </DefinedValues>
                                                                                                                                                        <Object Database="[servicetrax_dev]" Schema="[dbo]" Table="[INVOICES]" Index="[INV_PK]" TableReferenceId="-1" />
                                                                                                                                                        <SeekPredicates>
                                                                                                                                                          <SeekPredicate>
                                                                                                                                                            <Prefix ScanType="EQ">
                                                                                                                                                              <RangeColumns>
                                                                                                                                                                <ColumnReference Database="[servicetrax_dev]" Schema="[dbo]" Table="[INVOICES]" Column="INVOICE_ID" />
                                                                                                                                                              </RangeColumns>
                                                                                                                                                              <RangeExpressions>
                                                                                                                                                                <ScalarOperator ScalarString="[servicetrax_dev].[dbo].[INVOICES].[INVOICE_ID]">
                                                                                                                                                                  <Identifier>
                                                                                                                                                                    <ColumnReference Database="[servicetrax_dev]" Schema="[dbo]" Table="[INVOICES]" Column="INVOICE_ID" />
                                                                                                                                                                  </Identifier>
                                                                                                                                                                </ScalarOperator>
                                                                                                                                                              </RangeExpressions>
                                                                                                                                                            </Prefix>
                                                                                                                                                          </SeekPredicate>
                                                                                                                                                        </SeekPredicates>
                                                                                                                                                      </IndexScan>
                                                                                                                                                    </RelOp>
                                                                                                                                                  </NestedLoops>
                                                                                                                                                </RelOp>
                                                                                                                                              </ComputeScalar>
                                                                                                                                            </RelOp>
                                                                                                                                            <RelOp AvgRowSize="16" EstimateCPU="0.000161901" EstimateIO="0.003125" EstimateRebinds="49.5857" EstimateRewinds="0" EstimateRows="4.4553" LogicalOp="Index Seek" NodeId="206" Parallel="false" PhysicalOp="Index Seek" EstimatedTotalSubtreeCost="0.157318">
                                                                                                                                              <OutputList>
                                                                                                                                                <ColumnReference Database="[servicetrax_dev]" Schema="[dbo]" Table="[INVOICE_LINES]" Column="INVOICE_LINE_ID" />
                                                                                                                                              </OutputList>
                                                                                                                                              <RunTimeInformation>
                                                                                                                                                <RunTimeCountersPerThread Thread="0" ActualRows="52" ActualEndOfScans="88" ActualExecutions="88" />
                                                                                                                                              </RunTimeInformation>
                                                                                                                                              <IndexScan Ordered="true" ScanDirection="FORWARD" ForcedIndex="false" NoExpandHint="false">
                                                                                                                                                <DefinedValues>
                                                                                                                                                  <DefinedValue>
                                                                                                                                                    <ColumnReference Database="[servicetrax_dev]" Schema="[dbo]" Table="[INVOICE_LINES]" Column="INVOICE_LINE_ID" />
                                                                                                                                                  </DefinedValue>
                                                                                                                                                </DefinedValues>
                                                                                                                                                <Object Database="[servicetrax_dev]" Schema="[dbo]" Table="[INVOICE_LINES]" Index="[IX_IL_INVOICES]" />
                                                                                                                                                <SeekPredicates>
                                                                                                                                                  <SeekPredicate>
                                                                                                                                                    <Prefix ScanType="EQ">
                                                                                                                                                      <RangeColumns>
                                                                                                                                                        <ColumnReference Database="[servicetrax_dev]" Schema="[dbo]" Table="[INVOICE_LINES]" Column="INVOICE_ID" />
                                                                                                                                                      </RangeColumns>
                                                                                                                                                      <RangeExpressions>
                                                                                                                                                        <ScalarOperator ScalarString="[servicetrax_dev].[dbo].[INVOICES].[INVOICE_ID]">
                                                                                                                                                          <Identifier>
                                                                                                                                                            <ColumnReference Database="[servicetrax_dev]" Schema="[dbo]" Table="[INVOICES]" Column="INVOICE_ID" />
                                                                                                                                                          </Identifier>
                                                                                                                                                        </ScalarOperator>
                                                                                                                                                      </RangeExpressions>
                                                                                                                                                    </Prefix>
                                                                                                                                                  </SeekPredicate>
                                                                                                                                                </SeekPredicates>
                                                                                                                                              </IndexScan>
                                                                                                                                            </RelOp>
                                                                                                                                          </NestedLoops>
                                                                                                                                        </RelOp>
                                                                                                                                        <RelOp AvgRowSize="38" EstimateCPU="0.0001581" EstimateIO="0.003125" EstimateRebinds="224.374" EstimateRewinds="0" EstimateRows="1" LogicalOp="Clustered Index Seek" NodeId="208" Parallel="false" PhysicalOp="Clustered Index Seek" EstimatedTotalSubtreeCost="0.718464">
                                                                                                                                          <OutputList>
                                                                                                                                            <ColumnReference Database="[servicetrax_dev]" Schema="[dbo]" Table="[INVOICE_LINES]" Column="INVOICE_LINE_TYPE_ID" />
                                                                                                                                            <ColumnReference Database="[servicetrax_dev]" Schema="[dbo]" Table="[INVOICE_LINES]" Column="UNIT_PRICE" />
                                                                                                                                            <ColumnReference Database="[servicetrax_dev]" Schema="[dbo]" Table="[INVOICE_LINES]" Column="QTY" />
                                                                                                                                          </OutputList>
                                                                                                                                          <RunTimeInformation>
                                                                                                                                            <RunTimeCountersPerThread Thread="0" ActualRows="52" ActualEndOfScans="0" ActualExecutions="52" />
                                                                                                                                          </RunTimeInformation>
                                                                                                                                          <IndexScan Lookup="true" Ordered="true" ScanDirection="FORWARD" ForcedIndex="false" NoExpandHint="false">
                                                                                                                                            <DefinedValues>
                                                                                                                                              <DefinedValue>
                                                                                                                                                <ColumnReference Database="[servicetrax_dev]" Schema="[dbo]" Table="[INVOICE_LINES]" Column="INVOICE_LINE_TYPE_ID" />
                                                                                                                                              </DefinedValue>
                                                                                                                                              <DefinedValue>
                                                                                                                                                <ColumnReference Database="[servicetrax_dev]" Schema="[dbo]" Table="[INVOICE_LINES]" Column="UNIT_PRICE" />
                                                                                                                                              </DefinedValue>
                                                                                                                                              <DefinedValue>
                                                                                                                                                <ColumnReference Database="[servicetrax_dev]" Schema="[dbo]" Table="[INVOICE_LINES]" Column="QTY" />
                                                                                                                                              </DefinedValue>
                                                                                                                                            </DefinedValues>
                                                                                                                                            <Object Database="[servicetrax_dev]" Schema="[dbo]" Table="[INVOICE_LINES]" Index="[IL_PK]" TableReferenceId="-1" />
                                                                                                                                            <SeekPredicates>
                                                                                                                                              <SeekPredicate>
                                                                                                                                                <Prefix ScanType="EQ">
                                                                                                                                                  <RangeColumns>
                                                                                                                                                    <ColumnReference Database="[servicetrax_dev]" Schema="[dbo]" Table="[INVOICE_LINES]" Column="INVOICE_LINE_ID" />
                                                                                                                                                  </RangeColumns>
                                                                                                                                                  <RangeExpressions>
                                                                                                                                                    <ScalarOperator ScalarString="[servicetrax_dev].[dbo].[INVOICE_LINES].[INVOICE_LINE_ID]">
                                                                                                                                                      <Identifier>
                                                                                                                                                        <ColumnReference Database="[servicetrax_dev]" Schema="[dbo]" Table="[INVOICE_LINES]" Column="INVOICE_LINE_ID" />
                                                                                                                                                      </Identifier>
                                                                                                                                                    </ScalarOperator>
                                                                                                                                                  </RangeExpressions>
                                                                                                                                                </Prefix>
                                                                                                                                              </SeekPredicate>
                                                                                                                                            </SeekPredicates>
                                                                                                                                          </IndexScan>
                                                                                                                                        </RelOp>
                                                                                                                                      </NestedLoops>
                                                                                                                                    </RelOp>
                                                                                                                                  </ComputeScalar>
                                                                                                                                </RelOp>
                                                                                                                              </Hash>
                                                                                                                            </RelOp>
                                                                                                                          </Sort>
                                                                                                                        </RelOp>
                                                                                                                      </Merge>
                                                                                                                    </RelOp>
                                                                                                                    <RelOp AvgRowSize="16" EstimateCPU="0.0001581" EstimateIO="0.003125" EstimateRebinds="123.783" EstimateRewinds="1.49636" EstimateRows="1" LogicalOp="Clustered Index Seek" NodeId="221" Parallel="false" PhysicalOp="Clustered Index Seek" EstimatedTotalSubtreeCost="0.177508">
                                                                                                                      <OutputList>
                                                                                                                        <ColumnReference Database="[servicetrax_dev]" Schema="[dbo]" Table="[INVOICES]" Column="JOB_ID" />
                                                                                                                      </OutputList>
                                                                                                                      <RunTimeInformation>
                                                                                                                        <RunTimeCountersPerThread Thread="0" ActualRows="52" ActualEndOfScans="0" ActualExecutions="52" />
                                                                                                                      </RunTimeInformation>
                                                                                                                      <IndexScan Ordered="true" ScanDirection="FORWARD" ForcedIndex="false" NoExpandHint="false">
                                                                                                                        <DefinedValues>
                                                                                                                          <DefinedValue>
                                                                                                                            <ColumnReference Database="[servicetrax_dev]" Schema="[dbo]" Table="[INVOICES]" Column="JOB_ID" />
                                                                                                                          </DefinedValue>
                                                                                                                        </DefinedValues>
                                                                                                                        <Object Database="[servicetrax_dev]" Schema="[dbo]" Table="[INVOICES]" Index="[INV_PK]" TableReferenceId="2" />
                                                                                                                        <SeekPredicates>
                                                                                                                          <SeekPredicate>
                                                                                                                            <Prefix ScanType="EQ">
                                                                                                                              <RangeColumns>
                                                                                                                                <ColumnReference Database="[servicetrax_dev]" Schema="[dbo]" Table="[INVOICES]" Column="INVOICE_ID" />
                                                                                                                              </RangeColumns>
                                                                                                                              <RangeExpressions>
                                                                                                                                <ScalarOperator ScalarString="[servicetrax_dev].[dbo].[INVOICES].[INVOICE_ID]">
                                                                                                                                  <Identifier>
                                                                                                                                    <ColumnReference Database="[servicetrax_dev]" Schema="[dbo]" Table="[INVOICES]" Column="INVOICE_ID" />
                                                                                                                                  </Identifier>
                                                                                                                                </ScalarOperator>
                                                                                                                              </RangeExpressions>
                                                                                                                            </Prefix>
                                                                                                                          </SeekPredicate>
                                                                                                                        </SeekPredicates>
                                                                                                                      </IndexScan>
                                                                                                                    </RelOp>
                                                                                                                  </NestedLoops>
                                                                                                                </RelOp>
                                                                                                                <RelOp AvgRowSize="61" EstimateCPU="0.0001581" EstimateIO="0.003125" EstimateRebinds="125.28" EstimateRewinds="0" EstimateRows="1" LogicalOp="Clustered Index Seek" NodeId="222" Parallel="false" PhysicalOp="Clustered Index Seek" EstimatedTotalSubtreeCost="0.397589">
                                                                                                                  <OutputList>
                                                                                                                    <ColumnReference Database="[servicetrax_dev]" Schema="[dbo]" Table="[JOBS]" Alias="[j]" Column="PROJECT_ID" />
                                                                                                                    <ColumnReference Database="[servicetrax_dev]" Schema="[dbo]" Table="[JOBS]" Alias="[j]" Column="JOB_NO" />
                                                                                                                    <ColumnReference Database="[servicetrax_dev]" Schema="[dbo]" Table="[JOBS]" Alias="[j]" Column="JOB_TYPE_ID" />
                                                                                                                    <ColumnReference Database="[servicetrax_dev]" Schema="[dbo]" Table="[JOBS]" Alias="[j]" Column="JOB_STATUS_TYPE_ID" />
                                                                                                                    <ColumnReference Database="[servicetrax_dev]" Schema="[dbo]" Table="[JOBS]" Alias="[j]" Column="CUSTOMER_ID" />
                                                                                                                    <ColumnReference Database="[servicetrax_dev]" Schema="[dbo]" Table="[JOBS]" Alias="[j]" Column="CREATED_BY" />
                                                                                                                  </OutputList>
                                                                                                                  <RunTimeInformation>
                                                                                                                    <RunTimeCountersPerThread Thread="0" ActualRows="52" ActualEndOfScans="0" ActualExecutions="52" />
                                                                                                                  </RunTimeInformation>
                                                                                                                  <IndexScan Ordered="true" ScanDirection="FORWARD" ForcedIndex="false" NoExpandHint="false">
                                                                                                                    <DefinedValues>
                                                                                                                      <DefinedValue>
                                                                                                                        <ColumnReference Database="[servicetrax_dev]" Schema="[dbo]" Table="[JOBS]" Alias="[j]" Column="PROJECT_ID" />
                                                                                                                      </DefinedValue>
                                                                                                                      <DefinedValue>
                                                                                                                        <ColumnReference Database="[servicetrax_dev]" Schema="[dbo]" Table="[JOBS]" Alias="[j]" Column="JOB_NO" />
                                                                                                                      </DefinedValue>
                                                                                                                      <DefinedValue>
                                                                                                                        <ColumnReference Database="[servicetrax_dev]" Schema="[dbo]" Table="[JOBS]" Alias="[j]" Column="JOB_TYPE_ID" />
                                                                                                                      </DefinedValue>
                                                                                                                      <DefinedValue>
                                                                                                                        <ColumnReference Database="[servicetrax_dev]" Schema="[dbo]" Table="[JOBS]" Alias="[j]" Column="JOB_STATUS_TYPE_ID" />
                                                                                                                      </DefinedValue>
                                                                                                                      <DefinedValue>
                                                                                                                        <ColumnReference Database="[servicetrax_dev]" Schema="[dbo]" Table="[JOBS]" Alias="[j]" Column="CUSTOMER_ID" />
                                                                                                                      </DefinedValue>
                                                                                                                      <DefinedValue>
                                                                                                                        <ColumnReference Database="[servicetrax_dev]" Schema="[dbo]" Table="[JOBS]" Alias="[j]" Column="CREATED_BY" />
                                                                                                                      </DefinedValue>
                                                                                                                    </DefinedValues>
                                                                                                                    <Object Database="[servicetrax_dev]" Schema="[dbo]" Table="[JOBS]" Index="[PK_JOBS]" Alias="[j]" TableReferenceId="3" />
                                                                                                                    <SeekPredicates>
                                                                                                                      <SeekPredicate>
                                                                                                                        <Prefix ScanType="EQ">
                                                                                                                          <RangeColumns>
                                                                                                                            <ColumnReference Database="[servicetrax_dev]" Schema="[dbo]" Table="[JOBS]" Alias="[j]" Column="JOB_ID" />
                                                                                                                          </RangeColumns>
                                                                                                                          <RangeExpressions>
                                                                                                                            <ScalarOperator ScalarString="[servicetrax_dev].[dbo].[INVOICES].[JOB_ID]">
                                                                                                                              <Identifier>
                                                                                                                                <ColumnReference Database="[servicetrax_dev]" Schema="[dbo]" Table="[INVOICES]" Column="JOB_ID" />
                                                                                                                              </Identifier>
                                                                                                                            </ScalarOperator>
                                                                                                                          </RangeExpressions>
                                                                                                                        </Prefix>
                                                                                                                      </SeekPredicate>
                                                                                                                    </SeekPredicates>
                                                                                                                  </IndexScan>
                                                                                                                </RelOp>
                                                                                                              </NestedLoops>
                                                                                                            </RelOp>
                                                                                                          </Sort>
                                                                                                        </RelOp>
                                                                                                      </Merge>
                                                                                                    </RelOp>
                                                                                                  </Sort>
                                                                                                </RelOp>
                                                                                              </Merge>
                                                                                            </RelOp>
                                                                                          </Sort>
                                                                                        </RelOp>
                                                                                      </Merge>
                                                                                    </RelOp>
                                                                                    <RelOp AvgRowSize="9" EstimateCPU="0.0001581" EstimateIO="0.003125" EstimateRebinds="70.1428" EstimateRewinds="52.1781" EstimateRows="1" LogicalOp="Index Seek" NodeId="226" Parallel="false" PhysicalOp="Index Seek" EstimatedTotalSubtreeCost="0.022622">
                                                                                      <OutputList />
                                                                                      <RunTimeInformation>
                                                                                        <RunTimeCountersPerThread Thread="0" ActualRows="50" ActualEndOfScans="0" ActualExecutions="50" />
                                                                                      </RunTimeInformation>
                                                                                      <IndexScan Ordered="true" ScanDirection="FORWARD" ForcedIndex="false" NoExpandHint="false">
                                                                                        <DefinedValues />
                                                                                        <Object Database="[servicetrax_dev]" Schema="[dbo]" Table="[LOOKUPS]" Index="[IX_L_LID_NAME]" Alias="[job_status_type]" TableReferenceId="3" />
                                                                                        <SeekPredicates>
                                                                                          <SeekPredicate>
                                                                                            <Prefix ScanType="EQ">
                                                                                              <RangeColumns>
                                                                                                <ColumnReference Database="[servicetrax_dev]" Schema="[dbo]" Table="[LOOKUPS]" Alias="[job_status_type]" Column="LOOKUP_ID" />
                                                                                              </RangeColumns>
                                                                                              <RangeExpressions>
                                                                                                <ScalarOperator ScalarString="[servicetrax_dev].[dbo].[JOBS].[JOB_STATUS_TYPE_ID] as [j].[JOB_STATUS_TYPE_ID]">
                                                                                                  <Identifier>
                                                                                                    <ColumnReference Database="[servicetrax_dev]" Schema="[dbo]" Table="[JOBS]" Alias="[j]" Column="JOB_STATUS_TYPE_ID" />
                                                                                                  </Identifier>
                                                                                                </ScalarOperator>
                                                                                              </RangeExpressions>
                                                                                            </Prefix>
                                                                                          </SeekPredicate>
                                                                                        </SeekPredicates>
                                                                                      </IndexScan>
                                                                                    </RelOp>
                                                                                  </NestedLoops>
                                                                                </RelOp>
                                                                              </Sort>
                                                                            </RelOp>
                                                                          </Merge>
                                                                        </RelOp>
                                                                        <RelOp AvgRowSize="24" EstimateCPU="0.0001581" EstimateIO="0.003125" EstimateRebinds="94.3475" EstimateRewinds="27.9734" EstimateRows="1" LogicalOp="Clustered Index Seek" NodeId="228" Parallel="false" PhysicalOp="Clustered Index Seek" EstimatedTotalSubtreeCost="0.040768">
                                                                          <OutputList>
                                                                            <ColumnReference Database="[servicetrax_dev]" Schema="[dbo]" Table="[USERS]" Alias="[USERS_2]" Column="FIRST_NAME" />
                                                                            <ColumnReference Database="[servicetrax_dev]" Schema="[dbo]" Table="[USERS]" Alias="[USERS_2]" Column="LAST_NAME" />
                                                                          </OutputList>
                                                                          <RunTimeInformation>
                                                                            <RunTimeCountersPerThread Thread="0" ActualRows="50" ActualEndOfScans="0" ActualExecutions="50" />
                                                                          </RunTimeInformation>
                                                                          <IndexScan Ordered="true" ScanDirection="FORWARD" ForcedIndex="false" NoExpandHint="false">
                                                                            <DefinedValues>
                                                                              <DefinedValue>
                                                                                <ColumnReference Database="[servicetrax_dev]" Schema="[dbo]" Table="[USERS]" Alias="[USERS_2]" Column="FIRST_NAME" />
                                                                              </DefinedValue>
                                                                              <DefinedValue>
                                                                                <ColumnReference Database="[servicetrax_dev]" Schema="[dbo]" Table="[USERS]" Alias="[USERS_2]" Column="LAST_NAME" />
                                                                              </DefinedValue>
                                                                            </DefinedValues>
                                                                            <Object Database="[servicetrax_dev]" Schema="[dbo]" Table="[USERS]" Index="[PK_USERS]" Alias="[USERS_2]" TableReferenceId="3" />
                                                                            <SeekPredicates>
                                                                              <SeekPredicate>
                                                                                <Prefix ScanType="EQ">
                                                                                  <RangeColumns>
                                                                                    <ColumnReference Database="[servicetrax_dev]" Schema="[dbo]" Table="[USERS]" Alias="[USERS_2]" Column="USER_ID" />
                                                                                  </RangeColumns>
                                                                                  <RangeExpressions>
                                                                                    <ScalarOperator ScalarString="[servicetrax_dev].[dbo].[INVOICES].[ASSIGNED_TO_USER_ID]">
                                                                                      <Identifier>
                                                                                        <ColumnReference Database="[servicetrax_dev]" Schema="[dbo]" Table="[INVOICES]" Column="ASSIGNED_TO_USER_ID" />
                                                                                      </Identifier>
                                                                                    </ScalarOperator>
                                                                                  </RangeExpressions>
                                                                                </Prefix>
                                                                              </SeekPredicate>
                                                                            </SeekPredicates>
                                                                          </IndexScan>
                                                                        </RelOp>
                                                                      </NestedLoops>
                                                                    </RelOp>
                                                                  </ComputeScalar>
                                                                </RelOp>
                                                                <RelOp AvgRowSize="11" EstimateCPU="0.000258506" EstimateIO="0.003125" EstimateRebinds="120.825" EstimateRewinds="1.49636" EstimateRows="1" LogicalOp="Lazy Spool" NodeId="232" Parallel="false" PhysicalOp="Index Spool" EstimatedTotalSubtreeCost="0.22726">
                                                                  <OutputList>
                                                                    <ColumnReference Column="Expr1228" />
                                                                  </OutputList>
                                                                  <RunTimeInformation>
                                                                    <RunTimeCountersPerThread Thread="0" ActualRebinds="30" ActualRewinds="20" ActualRows="50" ActualEndOfScans="0" ActualExecutions="50" />
                                                                  </RunTimeInformation>
                                                                  <Spool>
                                                                    <SeekPredicate>
                                                                      <Prefix ScanType="EQ">
                                                                        <RangeColumns>
                                                                          <ColumnReference Database="[servicetrax_dev]" Schema="[dbo]" Table="[INVOICES]" Column="INVOICE_ID" />
                                                                        </RangeColumns>
                                                                        <RangeExpressions>
                                                                          <ScalarOperator ScalarString="[servicetrax_dev].[dbo].[INVOICES].[INVOICE_ID]">
                                                                            <Identifier>
                                                                              <ColumnReference Database="[servicetrax_dev]" Schema="[dbo]" Table="[INVOICES]" Column="INVOICE_ID" />
                                                                            </Identifier>
                                                                          </ScalarOperator>
                                                                        </RangeExpressions>
                                                                      </Prefix>
                                                                    </SeekPredicate>
                                                                    <RelOp AvgRowSize="11" EstimateCPU="1E-07" EstimateIO="0" EstimateRebinds="49.4004" EstimateRewinds="0" EstimateRows="1" LogicalOp="Compute Scalar" NodeId="233" Parallel="false" PhysicalOp="Compute Scalar" EstimatedTotalSubtreeCost="0.192256">
                                                                      <OutputList>
                                                                        <ColumnReference Column="Expr1228" />
                                                                      </OutputList>
                                                                      <ComputeScalar>
                                                                        <DefinedValues>
                                                                          <DefinedValue>
                                                                            <ColumnReference Column="Expr1228" />
                                                                            <ScalarOperator ScalarString="CASE WHEN [Expr1227]='*' THEN '*' ELSE '' END">
                                                                              <IF>
                                                                                <Condition>
                                                                                  <ScalarOperator>
                                                                                    <Compare CompareOp="EQ">
                                                                                      <ScalarOperator>
                                                                                        <Identifier>
                                                                                          <ColumnReference Column="Expr1227" />
                                                                                        </Identifier>
                                                                                      </ScalarOperator>
                                                                                      <ScalarOperator>
                                                                                        <Const ConstValue="'*'" />
                                                                                      </ScalarOperator>
                                                                                    </Compare>
                                                                                  </ScalarOperator>
                                                                                </Condition>
                                                                                <Then>
                                                                                  <ScalarOperator>
                                                                                    <Const ConstValue="'*'" />
                                                                                  </ScalarOperator>
                                                                                </Then>
                                                                                <Else>
                                                                                  <ScalarOperator>
                                                                                    <Const ConstValue="''" />
                                                                                  </ScalarOperator>
                                                                                </Else>
                                                                              </IF>
                                                                            </ScalarOperator>
                                                                          </DefinedValue>
                                                                        </DefinedValues>
                                                                        <RelOp AvgRowSize="11" EstimateCPU="4.18E-06" EstimateIO="0" EstimateRebinds="49.4004" EstimateRewinds="0" EstimateRows="1" LogicalOp="Left Outer Join" NodeId="234" Parallel="false" PhysicalOp="Nested Loops" EstimatedTotalSubtreeCost="0.192251">
                                                                          <OutputList>
                                                                            <ColumnReference Column="Expr1227" />
                                                                          </OutputList>
                                                                          <RunTimeInformation>
                                                                            <RunTimeCountersPerThread Thread="0" ActualRows="30" ActualEndOfScans="0" ActualExecutions="30" />
                                                                          </RunTimeInformation>
                                                                          <NestedLoops Optimized="false">
                                                                            <OuterReferences>
                                                                              <ColumnReference Database="[servicetrax_dev]" Schema="[dbo]" Table="[INVOICES]" Alias="[i]" Column="INVOICE_ID" />
                                                                            </OuterReferences>
                                                                            <RelOp AvgRowSize="16" EstimateCPU="0.0001581" EstimateIO="0.003125" EstimateRebinds="49.4004" EstimateRewinds="0" EstimateRows="1" LogicalOp="Clustered Index Seek" NodeId="235" Parallel="false" PhysicalOp="Clustered Index Seek" EstimatedTotalSubtreeCost="0.107061">
                                                                              <OutputList>
                                                                                <ColumnReference Database="[servicetrax_dev]" Schema="[dbo]" Table="[INVOICES]" Alias="[i]" Column="INVOICE_ID" />
                                                                              </OutputList>
                                                                              <RunTimeInformation>
                                                                                <RunTimeCountersPerThread Thread="0" ActualRows="30" ActualEndOfScans="0" ActualExecutions="30" />
                                                                              </RunTimeInformation>
                                                                              <IndexScan Ordered="true" ScanDirection="FORWARD" ForcedIndex="false" NoExpandHint="false">
                                                                                <DefinedValues>
                                                                                  <DefinedValue>
                                                                                    <ColumnReference Database="[servicetrax_dev]" Schema="[dbo]" Table="[INVOICES]" Alias="[i]" Column="INVOICE_ID" />
                                                                                  </DefinedValue>
                                                                                </DefinedValues>
                                                                                <Object Database="[servicetrax_dev]" Schema="[dbo]" Table="[INVOICES]" Index="[INV_PK]" Alias="[i]" TableReferenceId="3" />
                                                                                <SeekPredicates>
                                                                                  <SeekPredicate>
                                                                                    <Prefix ScanType="EQ">
                                                                                      <RangeColumns>
                                                                                        <ColumnReference Database="[servicetrax_dev]" Schema="[dbo]" Table="[INVOICES]" Alias="[i]" Column="INVOICE_ID" />
                                                                                      </RangeColumns>
                                                                                      <RangeExpressions>
                                                                                        <ScalarOperator ScalarString="[servicetrax_dev].[dbo].[INVOICES].[INVOICE_ID]">
                                                                                          <Identifier>
                                                                                            <ColumnReference Database="[servicetrax_dev]" Schema="[dbo]" Table="[INVOICES]" Column="INVOICE_ID" />
                                                                                          </Identifier>
                                                                                        </ScalarOperator>
                                                                                      </RangeExpressions>
                                                                                    </Prefix>
                                                                                  </SeekPredicate>
                                                                                </SeekPredicates>
                                                                              </IndexScan>
                                                                            </RelOp>
                                                                            <RelOp AvgRowSize="11" EstimateCPU="1.00967E-06" EstimateIO="0" EstimateRebinds="49.4004" EstimateRewinds="0" EstimateRows="1" LogicalOp="Aggregate" NodeId="236" Parallel="false" PhysicalOp="Stream Aggregate" EstimatedTotalSubtreeCost="0.0849801">
                                                                              <OutputList>
                                                                                <ColumnReference Column="Expr1227" />
                                                                              </OutputList>
                                                                              <RunTimeInformation>
                                                                                <RunTimeCountersPerThread Thread="0" ActualRows="0" ActualEndOfScans="30" ActualExecutions="30" />
                                                                              </RunTimeInformation>
                                                                              <StreamAggregate>
                                                                                <DefinedValues>
                                                                                  <DefinedValue>
                                                                                    <ColumnReference Column="Expr1227" />
                                                                                    <ScalarOperator ScalarString="ANY([Expr1227])">
                                                                                      <Aggregate AggType="ANY" Distinct="false">
                                                                                        <ScalarOperator>
                                                                                          <Identifier>
                                                                                            <ColumnReference Column="Expr1227" />
                                                                                          </Identifier>
                                                                                        </ScalarOperator>
                                                                                      </Aggregate>
                                                                                    </ScalarOperator>
                                                                                  </DefinedValue>
                                                                                </DefinedValues>
                                                                                <RelOp AvgRowSize="11" EstimateCPU="1.01934E-07" EstimateIO="0" EstimateRebinds="49.4004" EstimateRewinds="0" EstimateRows="1.01934" LogicalOp="Compute Scalar" NodeId="237" Parallel="false" PhysicalOp="Compute Scalar" EstimatedTotalSubtreeCost="0.0849292">
                                                                                  <OutputList>
                                                                                    <ColumnReference Column="Expr1227" />
                                                                                  </OutputList>
                                                                                  <ComputeScalar>
                                                                                    <DefinedValues>
                                                                                      <DefinedValue>
                                                                                        <ColumnReference Column="Expr1227" />
                                                                                        <ScalarOperator ScalarString="'*'">
                                                                                          <Const ConstValue="'*'" />
                                                                                        </ScalarOperator>
                                                                                      </DefinedValue>
                                                                                    </DefinedValues>
                                                                                    <RelOp AvgRowSize="9" EstimateCPU="0.000158121" EstimateIO="0.003125" EstimateRebinds="49.4004" EstimateRewinds="0" EstimateRows="1.01934" LogicalOp="Index Seek" NodeId="238" Parallel="false" PhysicalOp="Index Seek" EstimatedTotalSubtreeCost="0.0849241">
                                                                                      <OutputList />
                                                                                      <RunTimeInformation>
                                                                                        <RunTimeCountersPerThread Thread="0" ActualRows="0" ActualEndOfScans="30" ActualExecutions="30" />
                                                                                      </RunTimeInformation>
                                                                                      <IndexScan Ordered="true" ScanDirection="FORWARD" ForcedIndex="false" NoExpandHint="false">
                                                                                        <DefinedValues />
                                                                                        <Object Database="[servicetrax_dev]" Schema="[dbo]" Table="[INVOICE_TRACKING]" Index="[IX_IT_INVOICES]" TableReferenceId="2" />
                                                                                        <SeekPredicates>
                                                                                          <SeekPredicate>
                                                                                            <Prefix ScanType="EQ">
                                                                                              <RangeColumns>
                                                                                                <ColumnReference Database="[servicetrax_dev]" Schema="[dbo]" Table="[INVOICE_TRACKING]" Column="INVOICE_ID" />
                                                                                              </RangeColumns>
                                                                                              <RangeExpressions>
                                                                                                <ScalarOperator ScalarString="[servicetrax_dev].[dbo].[INVOICES].[INVOICE_ID] as [i].[INVOICE_ID]">
                                                                                                  <Identifier>
                                                                                                    <ColumnReference Database="[servicetrax_dev]" Schema="[dbo]" Table="[INVOICES]" Alias="[i]" Column="INVOICE_ID" />
                                                                                                  </Identifier>
                                                                                                </ScalarOperator>
                                                                                              </RangeExpressions>
                                                                                            </Prefix>
                                                                                          </SeekPredicate>
                                                                                        </SeekPredicates>
                                                                                      </IndexScan>
                                                                                    </RelOp>
                                                                                  </ComputeScalar>
                                                                                </RelOp>
                                                                              </StreamAggregate>
                                                                            </RelOp>
                                                                          </NestedLoops>
                                                                        </RelOp>
                                                                      </ComputeScalar>
                                                                    </RelOp>
                                                                  </Spool>
                                                                </RelOp>
                                                              </NestedLoops>
                                                            </RelOp>
                                                            <RelOp AvgRowSize="19" EstimateCPU="0.0001581" EstimateIO="0.003125" EstimateRebinds="50.8821" EstimateRewinds="71.4388" EstimateRows="1" LogicalOp="Index Seek" NodeId="248" Parallel="false" PhysicalOp="Index Seek" EstimatedTotalSubtreeCost="0.022622">
                                                              <OutputList>
                                                                <ColumnReference Database="[servicetrax_dev]" Schema="[dbo]" Table="[LOOKUPS]" Alias="[INVOICE_TYPE]" Column="NAME" />
                                                              </OutputList>
                                                              <RunTimeInformation>
                                                                <RunTimeCountersPerThread Thread="0" ActualRows="50" ActualEndOfScans="0" ActualExecutions="50" />
                                                              </RunTimeInformation>
                                                              <IndexScan Ordered="true" ScanDirection="FORWARD" ForcedIndex="false" NoExpandHint="false">
                                                                <DefinedValues>
                                                                  <DefinedValue>
                                                                    <ColumnReference Database="[servicetrax_dev]" Schema="[dbo]" Table="[LOOKUPS]" Alias="[INVOICE_TYPE]" Column="NAME" />
                                                                  </DefinedValue>
                                                                </DefinedValues>
                                                                <Object Database="[servicetrax_dev]" Schema="[dbo]" Table="[LOOKUPS]" Index="[IX_L_LID_NAME]" Alias="[INVOICE_TYPE]" TableReferenceId="2" />
                                                                <SeekPredicates>
                                                                  <SeekPredicate>
                                                                    <Prefix ScanType="EQ">
                                                                      <RangeColumns>
                                                                        <ColumnReference Database="[servicetrax_dev]" Schema="[dbo]" Table="[LOOKUPS]" Alias="[INVOICE_TYPE]" Column="LOOKUP_ID" />
                                                                      </RangeColumns>
                                                                      <RangeExpressions>
                                                                        <ScalarOperator ScalarString="[servicetrax_dev].[dbo].[INVOICES].[INVOICE_TYPE_ID]">
                                                                          <Identifier>
                                                                            <ColumnReference Database="[servicetrax_dev]" Schema="[dbo]" Table="[INVOICES]" Column="INVOICE_TYPE_ID" />
                                                                          </Identifier>
                                                                        </ScalarOperator>
                                                                      </RangeExpressions>
                                                                    </Prefix>
                                                                  </SeekPredicate>
                                                                </SeekPredicates>
                                                              </IndexScan>
                                                            </RelOp>
                                                          </NestedLoops>
                                                        </RelOp>
                                                        <RelOp AvgRowSize="16" EstimateCPU="0.0001581" EstimateIO="0.003125" EstimateRebinds="122.321" EstimateRewinds="0" EstimateRows="1" LogicalOp="Index Seek" NodeId="249" Parallel="false" PhysicalOp="Index Seek" EstimatedTotalSubtreeCost="0.326613">
                                                          <OutputList>
                                                            <ColumnReference Database="[servicetrax_dev]" Schema="[dbo]" Table="[PROJECTS]" Alias="[p]" Column="end_user_id" />
                                                          </OutputList>
                                                          <RunTimeInformation>
                                                            <RunTimeCountersPerThread Thread="0" ActualRows="50" ActualEndOfScans="0" ActualExecutions="50" />
                                                          </RunTimeInformation>
                                                          <IndexScan Ordered="true" ScanDirection="FORWARD" ForcedIndex="false" NoExpandHint="false">
                                                            <DefinedValues>
                                                              <DefinedValue>
                                                                <ColumnReference Database="[servicetrax_dev]" Schema="[dbo]" Table="[PROJECTS]" Alias="[p]" Column="end_user_id" />
                                                              </DefinedValue>
                                                            </DefinedValues>
                                                            <Object Database="[servicetrax_dev]" Schema="[dbo]" Table="[PROJECTS]" Index="[IX_project_p_eu]" Alias="[p]" TableReferenceId="4" />
                                                            <SeekPredicates>
                                                              <SeekPredicate>
                                                                <Prefix ScanType="EQ">
                                                                  <RangeColumns>
                                                                    <ColumnReference Database="[servicetrax_dev]" Schema="[dbo]" Table="[PROJECTS]" Alias="[p]" Column="PROJECT_ID" />
                                                                  </RangeColumns>
                                                                  <RangeExpressions>
                                                                    <ScalarOperator ScalarString="[servicetrax_dev].[dbo].[JOBS].[PROJECT_ID] as [j].[PROJECT_ID]">
                                                                      <Identifier>
                                                                        <ColumnReference Database="[servicetrax_dev]" Schema="[dbo]" Table="[JOBS]" Alias="[j]" Column="PROJECT_ID" />
                                                                      </Identifier>
                                                                    </ScalarOperator>
                                                                  </RangeExpressions>
                                                                </Prefix>
                                                              </SeekPredicate>
                                                            </SeekPredicates>
                                                          </IndexScan>
                                                        </RelOp>
                                                      </NestedLoops>
                                                    </RelOp>
                                                  </Sort>
                                                </RelOp>
                                              </Merge>
                                            </RelOp>
                                          </Sort>
                                        </RelOp>
                                      </Merge>
                                    </RelOp>
                                    <RelOp AvgRowSize="28" EstimateCPU="0.0001581" EstimateIO="0.003125" EstimateRebinds="122.288" EstimateRewinds="0" EstimateRows="1" LogicalOp="Clustered Index Seek" NodeId="252" Parallel="false" PhysicalOp="Clustered Index Seek" EstimatedTotalSubtreeCost="0.351583">
                                      <OutputList>
                                        <ColumnReference Database="[servicetrax_dev]" Schema="[dbo]" Table="[CUSTOMERS]" Column="CUSTOMER_NAME" />
                                      </OutputList>
                                      <RunTimeInformation>
                                        <RunTimeCountersPerThread Thread="0" ActualRows="6" ActualEndOfScans="44" ActualExecutions="50" />
                                      </RunTimeInformation>
                                      <IndexScan Ordered="true" ScanDirection="FORWARD" ForcedIndex="false" NoExpandHint="false">
                                        <DefinedValues>
                                          <DefinedValue>
                                            <ColumnReference Database="[servicetrax_dev]" Schema="[dbo]" Table="[CUSTOMERS]" Column="CUSTOMER_NAME" />
                                          </DefinedValue>
                                        </DefinedValues>
                                        <Object Database="[servicetrax_dev]" Schema="[dbo]" Table="[CUSTOMERS]" Index="[PK_CUSTOMERS]" TableReferenceId="3" />
                                        <SeekPredicates>
                                          <SeekPredicate>
                                            <Prefix ScanType="EQ">
                                              <RangeColumns>
                                                <ColumnReference Database="[servicetrax_dev]" Schema="[dbo]" Table="[CUSTOMERS]" Column="CUSTOMER_ID" />
                                              </RangeColumns>
                                              <RangeExpressions>
                                                <ScalarOperator ScalarString="[servicetrax_dev].[dbo].[CUSTOMERS].[end_user_parent_id] as [c].[end_user_parent_id]">
                                                  <Identifier>
                                                    <ColumnReference Database="[servicetrax_dev]" Schema="[dbo]" Table="[CUSTOMERS]" Alias="[c]" Column="end_user_parent_id" />
                                                  </Identifier>
                                                </ScalarOperator>
                                              </RangeExpressions>
                                            </Prefix>
                                          </SeekPredicate>
                                        </SeekPredicates>
                                      </IndexScan>
                                    </RelOp>
                                  </NestedLoops>
                                </RelOp>
                              </ComputeScalar>
                            </RelOp>
                          </Concat>
                        </RelOp>
                      </Sort>
                    </RelOp>
                  </StreamAggregate>
                </RelOp>
              </ComputeScalar>
            </RelOp>
          </QueryPlan>
        </StmtSimple>
      </Statements>
    </Batch>
  </BatchSequence>
</ShowPlanXML>