<?xml version="1.0" encoding="utf-16"?>
<ShowPlanXML xmlns:xsi="http://www.w3.org/2001/XMLSchema-instance" xmlns:xsd="http://www.w3.org/2001/XMLSchema" Version="1.0" Build="9.00.3054.00" xmlns="http://schemas.microsoft.com/sqlserver/2004/07/showplan">
  <BatchSequence>
    <Batch>
      <Statements>
        <StmtSimple StatementCompId="1" StatementEstRows="131.744" StatementId="1" StatementOptmLevel="FULL" StatementOptmEarlyAbortReason="TimeOut" StatementSubTreeCost="61.5878" StatementText="SELECT DISTINCT ISNULL(wdv.customer_contact_name,'--empty--') customer_contact_name, ISNULL(wdv.customer_contact_name,'--empty--') customer_contact_name&#xD;&#xA;				FROM workorder_detail_v wdv&#xD;&#xA;				WHERE wdv.request_type_code = 'workorder'&#xD;&#xA;				AND wdv.request_status_type_code &lt;&gt; 'closed'&#xD;&#xA;				AND wdv.organization_id =  2&#xD;&#xA;		   		ORDER BY wdv.customer_contact_name" StatementType="SELECT">
          <StatementSetOptions ANSI_NULLS="false" ANSI_PADDING="false" ANSI_WARNINGS="false" ARITHABORT="true" CONCAT_NULL_YIELDS_NULL="false" NUMERIC_ROUNDABORT="false" QUOTED_IDENTIFIER="false" />
          <QueryPlan DegreeOfParallelism="4" MemoryGrant="9328" CachedPlanSize="473" CompileTime="2028" CompileCPU="1991" CompileMemory="24232">
            <MissingIndexes>
              <MissingIndexGroup Impact="70.802">
                <MissingIndex Database="[servicetrax_dev]" Schema="[dbo]" Table="[REQUESTS]">
                  <ColumnGroup Usage="EQUALITY">
                    <Column Name="[REQUEST_TYPE_ID]" ColumnId="4" />
                  </ColumnGroup>
                  <ColumnGroup Usage="INCLUDE">
                    <Column Name="[PROJECT_ID]" ColumnId="2" />
                    <Column Name="[REQUEST_NO]" ColumnId="3" />
                    <Column Name="[REQUEST_STATUS_TYPE_ID]" ColumnId="5" />
                    <Column Name="[CUSTOMER_CONTACT_ID]" ColumnId="20" />
                    <Column Name="[VERSION_NO]" ColumnId="154" />
                  </ColumnGroup>
                </MissingIndex>
              </MissingIndexGroup>
            </MissingIndexes>
            <RelOp AvgRowSize="113" EstimateCPU="0.00340553" EstimateIO="0.0112613" EstimateRebinds="0" EstimateRewinds="0" EstimateRows="131.744" LogicalOp="Distinct Sort" NodeId="0" Parallel="false" PhysicalOp="Sort" EstimatedTotalSubtreeCost="61.5878">
              <OutputList>
                <ColumnReference Column="Expr1037" />
                <ColumnReference Column="Expr1038" />
              </OutputList>
              <MemoryFractions Input="0.010118" Output="1" />
              <RunTimeInformation>
                <RunTimeCountersPerThread Thread="0" ActualRebinds="1" ActualRewinds="0" ActualRows="138" ActualEndOfScans="1" ActualExecutions="1" />
              </RunTimeInformation>
              <Sort Distinct="true">
                <OrderBy>
                  <OrderByColumn Ascending="true">
                    <ColumnReference Column="Expr1037" />
                  </OrderByColumn>
                  <OrderByColumn Ascending="true">
                    <ColumnReference Column="Expr1038" />
                  </OrderByColumn>
                </OrderBy>
                <RelOp AvgRowSize="113" EstimateCPU="0.0297377" EstimateIO="0" EstimateRebinds="0" EstimateRewinds="0" EstimateRows="263.487" LogicalOp="Gather Streams" NodeId="1" Parallel="true" PhysicalOp="Parallelism" EstimatedTotalSubtreeCost="61.5732">
                  <OutputList>
                    <ColumnReference Column="Expr1037" />
                    <ColumnReference Column="Expr1038" />
                  </OutputList>
                  <RunTimeInformation>
                    <RunTimeCountersPerThread Thread="0" ActualRows="152" ActualEndOfScans="1" ActualExecutions="1" />
                  </RunTimeInformation>
                  <Parallelism>
                    <RelOp AvgRowSize="113" EstimateCPU="0.0857401" EstimateIO="0" EstimateRebinds="0" EstimateRewinds="0" EstimateRows="263.487" LogicalOp="Partial Aggregate" NodeId="2" Parallel="true" PhysicalOp="Hash Match" EstimatedTotalSubtreeCost="61.5434">
                      <OutputList>
                        <ColumnReference Column="Expr1037" />
                        <ColumnReference Column="Expr1038" />
                      </OutputList>
                      <MemoryFractions Input="0" Output="0" />
                      <RunTimeInformation>
                        <RunTimeCountersPerThread Thread="1" ActualRows="36" ActualEndOfScans="1" ActualExecutions="1" />
                        <RunTimeCountersPerThread Thread="2" ActualRows="39" ActualEndOfScans="1" ActualExecutions="1" />
                        <RunTimeCountersPerThread Thread="3" ActualRows="39" ActualEndOfScans="1" ActualExecutions="1" />
                        <RunTimeCountersPerThread Thread="4" ActualRows="38" ActualEndOfScans="1" ActualExecutions="1" />
                        <RunTimeCountersPerThread Thread="0" ActualRows="0" ActualEndOfScans="0" ActualExecutions="0" />
                      </RunTimeInformation>
                      <Hash>
                        <DefinedValues />
                        <HashKeysBuild>
                          <ColumnReference Column="Expr1037" />
                          <ColumnReference Column="Expr1038" />
                        </HashKeysBuild>
                        <BuildResidual>
                          <ScalarOperator ScalarString="[Expr1037] = [Expr1037] AND [Expr1038] = [Expr1038]">
                            <Logical Operation="AND">
                              <ScalarOperator>
                                <Compare CompareOp="IS">
                                  <ScalarOperator>
                                    <Identifier>
                                      <ColumnReference Column="Expr1037" />
                                    </Identifier>
                                  </ScalarOperator>
                                  <ScalarOperator>
                                    <Identifier>
                                      <ColumnReference Column="Expr1037" />
                                    </Identifier>
                                  </ScalarOperator>
                                </Compare>
                              </ScalarOperator>
                              <ScalarOperator>
                                <Compare CompareOp="IS">
                                  <ScalarOperator>
                                    <Identifier>
                                      <ColumnReference Column="Expr1038" />
                                    </Identifier>
                                  </ScalarOperator>
                                  <ScalarOperator>
                                    <Identifier>
                                      <ColumnReference Column="Expr1038" />
                                    </Identifier>
                                  </ScalarOperator>
                                </Compare>
                              </ScalarOperator>
                            </Logical>
                          </ScalarOperator>
                        </BuildResidual>
                        <RelOp AvgRowSize="113" EstimateCPU="0.000867818" EstimateIO="0" EstimateRebinds="0" EstimateRewinds="0" EstimateRows="17356.4" LogicalOp="Compute Scalar" NodeId="3" Parallel="true" PhysicalOp="Compute Scalar" EstimatedTotalSubtreeCost="61.4577">
                          <OutputList>
                            <ColumnReference Column="Expr1037" />
                            <ColumnReference Column="Expr1038" />
                          </OutputList>
                          <ComputeScalar>
                            <DefinedValues>
                              <DefinedValue>
                                <ColumnReference Column="Expr1037" />
                                <ScalarOperator ScalarString="isnull([servicetrax_dev].[dbo].[CONTACTS].[CONTACT_NAME],'--empty--')">
                                  <Intrinsic FunctionName="isnull">
                                    <ScalarOperator>
                                      <Identifier>
                                        <ColumnReference Database="[servicetrax_dev]" Schema="[dbo]" Table="[CONTACTS]" Column="CONTACT_NAME" />
                                      </Identifier>
                                    </ScalarOperator>
                                    <ScalarOperator>
                                      <Const ConstValue="'--empty--'" />
                                    </ScalarOperator>
                                  </Intrinsic>
                                </ScalarOperator>
                              </DefinedValue>
                              <DefinedValue>
                                <ColumnReference Column="Expr1038" />
                                <ScalarOperator ScalarString="isnull([servicetrax_dev].[dbo].[CONTACTS].[CONTACT_NAME],'--empty--')">
                                  <Intrinsic FunctionName="isnull">
                                    <ScalarOperator>
                                      <Identifier>
                                        <ColumnReference Database="[servicetrax_dev]" Schema="[dbo]" Table="[CONTACTS]" Column="CONTACT_NAME" />
                                      </Identifier>
                                    </ScalarOperator>
                                    <ScalarOperator>
                                      <Const ConstValue="'--empty--'" />
                                    </ScalarOperator>
                                  </Intrinsic>
                                </ScalarOperator>
                              </DefinedValue>
                            </DefinedValues>
                            <RelOp AvgRowSize="22" EstimateCPU="0.314975" EstimateIO="0" EstimateRebinds="0" EstimateRewinds="0" EstimateRows="17356.4" LogicalOp="Left Outer Join" NodeId="4" Parallel="true" PhysicalOp="Hash Match" EstimatedTotalSubtreeCost="61.4568">
                              <OutputList>
                                <ColumnReference Database="[servicetrax_dev]" Schema="[dbo]" Table="[CONTACTS]" Column="CONTACT_NAME" />
                              </OutputList>
                              <MemoryFractions Input="0.0883903" Output="0.989882" />
                              <RunTimeInformation>
                                <RunTimeCountersPerThread Thread="1" ActualRows="1160" ActualEndOfScans="1" ActualExecutions="1" />
                                <RunTimeCountersPerThread Thread="2" ActualRows="13710" ActualEndOfScans="1" ActualExecutions="1" />
                                <RunTimeCountersPerThread Thread="3" ActualRows="7459" ActualEndOfScans="1" ActualExecutions="1" />
                                <RunTimeCountersPerThread Thread="4" ActualRows="19910" ActualEndOfScans="1" ActualExecutions="1" />
                                <RunTimeCountersPerThread Thread="0" ActualRows="0" ActualEndOfScans="0" ActualExecutions="0" />
                              </RunTimeInformation>
                              <Hash>
                                <DefinedValues />
                                <HashKeysBuild>
                                  <ColumnReference Database="[servicetrax_dev]" Schema="[dbo]" Table="[REQUESTS]" Column="CUSTOMER_CONTACT_ID" />
                                </HashKeysBuild>
                                <HashKeysProbe>
                                  <ColumnReference Database="[servicetrax_dev]" Schema="[dbo]" Table="[CONTACTS]" Column="CONTACT_ID" />
                                </HashKeysProbe>
                                <ProbeResidual>
                                  <ScalarOperator ScalarString="[servicetrax_dev].[dbo].[REQUESTS].[CUSTOMER_CONTACT_ID]=[servicetrax_dev].[dbo].[CONTACTS].[CONTACT_ID]">
                                    <Compare CompareOp="EQ">
                                      <ScalarOperator>
                                        <Identifier>
                                          <ColumnReference Database="[servicetrax_dev]" Schema="[dbo]" Table="[REQUESTS]" Column="CUSTOMER_CONTACT_ID" />
                                        </Identifier>
                                      </ScalarOperator>
                                      <ScalarOperator>
                                        <Identifier>
                                          <ColumnReference Database="[servicetrax_dev]" Schema="[dbo]" Table="[CONTACTS]" Column="CONTACT_ID" />
                                        </Identifier>
                                      </ScalarOperator>
                                    </Compare>
                                  </ScalarOperator>
                                </ProbeResidual>
                                <RelOp AvgRowSize="16" EstimateCPU="0.0544369" EstimateIO="0" EstimateRebinds="0" EstimateRewinds="0" EstimateRows="17356.4" LogicalOp="Bitmap Create" NodeId="5" Parallel="true" PhysicalOp="Bitmap" EstimatedTotalSubtreeCost="60.8922">
                                  <OutputList>
                                    <ColumnReference Database="[servicetrax_dev]" Schema="[dbo]" Table="[REQUESTS]" Column="CUSTOMER_CONTACT_ID" />
                                  </OutputList>
                                  <RunTimeInformation>
                                    <RunTimeCountersPerThread Thread="1" ActualRows="1160" ActualEndOfScans="1" ActualExecutions="1" />
                                    <RunTimeCountersPerThread Thread="3" ActualRows="7459" ActualEndOfScans="1" ActualExecutions="1" />
                                    <RunTimeCountersPerThread Thread="4" ActualRows="19910" ActualEndOfScans="1" ActualExecutions="1" />
                                    <RunTimeCountersPerThread Thread="2" ActualRows="13710" ActualEndOfScans="1" ActualExecutions="1" />
                                    <RunTimeCountersPerThread Thread="0" ActualRows="0" ActualEndOfScans="0" ActualExecutions="0" />
                                  </RunTimeInformation>
                                  <Bitmap>
                                    <DefinedValues>
                                      <DefinedValue>
                                        <ColumnReference Column="Bitmap1043" />
                                      </DefinedValue>
                                    </DefinedValues>
                                    <HashKeys>
                                      <ColumnReference Database="[servicetrax_dev]" Schema="[dbo]" Table="[REQUESTS]" Column="CUSTOMER_CONTACT_ID" />
                                    </HashKeys>
                                    <RelOp AvgRowSize="16" EstimateCPU="0.0544369" EstimateIO="0" EstimateRebinds="0" EstimateRewinds="0" EstimateRows="17356.4" LogicalOp="Repartition Streams" NodeId="6" Parallel="true" PhysicalOp="Parallelism" EstimatedTotalSubtreeCost="60.8922">
                                      <OutputList>
                                        <ColumnReference Database="[servicetrax_dev]" Schema="[dbo]" Table="[REQUESTS]" Column="CUSTOMER_CONTACT_ID" />
                                      </OutputList>
                                      <RunTimeInformation>
                                        <RunTimeCountersPerThread Thread="1" ActualRows="1160" ActualEndOfScans="1" ActualExecutions="1" />
                                        <RunTimeCountersPerThread Thread="3" ActualRows="7459" ActualEndOfScans="1" ActualExecutions="1" />
                                        <RunTimeCountersPerThread Thread="4" ActualRows="19910" ActualEndOfScans="1" ActualExecutions="1" />
                                        <RunTimeCountersPerThread Thread="2" ActualRows="13710" ActualEndOfScans="1" ActualExecutions="1" />
                                        <RunTimeCountersPerThread Thread="0" ActualRows="0" ActualEndOfScans="0" ActualExecutions="0" />
                                      </RunTimeInformation>
                                      <Parallelism PartitioningType="Hash">
                                        <PartitionColumns>
                                          <ColumnReference Database="[servicetrax_dev]" Schema="[dbo]" Table="[REQUESTS]" Column="CUSTOMER_CONTACT_ID" />
                                        </PartitionColumns>
                                        <RelOp AvgRowSize="16" EstimateCPU="1.20801" EstimateIO="0" EstimateRebinds="0" EstimateRewinds="0" EstimateRows="17356.4" LogicalOp="Inner Join" NodeId="7" Parallel="true" PhysicalOp="Hash Match" EstimatedTotalSubtreeCost="60.8378">
                                          <OutputList>
                                            <ColumnReference Database="[servicetrax_dev]" Schema="[dbo]" Table="[REQUESTS]" Column="CUSTOMER_CONTACT_ID" />
                                          </OutputList>
                                          <MemoryFractions Input="0.202981" Output="0.257513" />
                                          <RunTimeInformation>
                                            <RunTimeCountersPerThread Thread="3" ActualRows="10584" ActualEndOfScans="1" ActualExecutions="1" />
                                            <RunTimeCountersPerThread Thread="2" ActualRows="10626" ActualEndOfScans="1" ActualExecutions="1" />
                                            <RunTimeCountersPerThread Thread="4" ActualRows="10421" ActualEndOfScans="1" ActualExecutions="1" />
                                            <RunTimeCountersPerThread Thread="1" ActualRows="10608" ActualEndOfScans="1" ActualExecutions="1" />
                                            <RunTimeCountersPerThread Thread="0" ActualRows="0" ActualEndOfScans="0" ActualExecutions="0" />
                                          </RunTimeInformation>
                                          <Hash>
                                            <DefinedValues />
                                            <HashKeysBuild>
                                              <ColumnReference Database="[servicetrax_dev]" Schema="[dbo]" Table="[PROJECTS]" Alias="[p]" Column="PROJECT_ID" />
                                              <ColumnReference Database="[servicetrax_dev]" Schema="[dbo]" Table="[REQUESTS]" Column="REQUEST_NO" />
                                              <ColumnReference Database="[servicetrax_dev]" Schema="[dbo]" Table="[REQUESTS]" Column="VERSION_NO" />
                                            </HashKeysBuild>
                                            <HashKeysProbe>
                                              <ColumnReference Database="[servicetrax_dev]" Schema="[dbo]" Table="[PROJECTS]" Column="PROJECT_ID" />
                                              <ColumnReference Database="[servicetrax_dev]" Schema="[dbo]" Table="[REQUESTS]" Column="REQUEST_NO" />
                                              <ColumnReference Column="Expr1011" />
                                            </HashKeysProbe>
                                            <ProbeResidual>
                                              <ScalarOperator ScalarString="[servicetrax_dev].[dbo].[PROJECTS].[PROJECT_ID]=[servicetrax_dev].[dbo].[PROJECTS].[PROJECT_ID] as [p].[PROJECT_ID] AND [servicetrax_dev].[dbo].[REQUESTS].[REQUEST_NO]=[servicetrax_dev].[dbo].[REQUESTS].[REQUEST_NO] AND [servicetrax_dev].[dbo].[REQUESTS].[VERSION_NO]=[Expr1011]">
                                                <Logical Operation="AND">
                                                  <ScalarOperator>
                                                    <Compare CompareOp="EQ">
                                                      <ScalarOperator>
                                                        <Identifier>
                                                          <ColumnReference Database="[servicetrax_dev]" Schema="[dbo]" Table="[PROJECTS]" Column="PROJECT_ID" />
                                                        </Identifier>
                                                      </ScalarOperator>
                                                      <ScalarOperator>
                                                        <Identifier>
                                                          <ColumnReference Database="[servicetrax_dev]" Schema="[dbo]" Table="[PROJECTS]" Alias="[p]" Column="PROJECT_ID" />
                                                        </Identifier>
                                                      </ScalarOperator>
                                                    </Compare>
                                                  </ScalarOperator>
                                                  <ScalarOperator>
                                                    <Compare CompareOp="EQ">
                                                      <ScalarOperator>
                                                        <Identifier>
                                                          <ColumnReference Database="[servicetrax_dev]" Schema="[dbo]" Table="[REQUESTS]" Column="REQUEST_NO" />
                                                        </Identifier>
                                                      </ScalarOperator>
                                                      <ScalarOperator>
                                                        <Identifier>
                                                          <ColumnReference Database="[servicetrax_dev]" Schema="[dbo]" Table="[REQUESTS]" Column="REQUEST_NO" />
                                                        </Identifier>
                                                      </ScalarOperator>
                                                    </Compare>
                                                  </ScalarOperator>
                                                  <ScalarOperator>
                                                    <Compare CompareOp="EQ">
                                                      <ScalarOperator>
                                                        <Identifier>
                                                          <ColumnReference Database="[servicetrax_dev]" Schema="[dbo]" Table="[REQUESTS]" Column="VERSION_NO" />
                                                        </Identifier>
                                                      </ScalarOperator>
                                                      <ScalarOperator>
                                                        <Identifier>
                                                          <ColumnReference Column="Expr1011" />
                                                        </Identifier>
                                                      </ScalarOperator>
                                                    </Compare>
                                                  </ScalarOperator>
                                                </Logical>
                                              </ScalarOperator>
                                            </ProbeResidual>
                                            <RelOp AvgRowSize="43" EstimateCPU="0.0775059" EstimateIO="0" EstimateRebinds="0" EstimateRewinds="0" EstimateRows="19914.2" LogicalOp="Bitmap Create" NodeId="8" Parallel="true" PhysicalOp="Bitmap" EstimatedTotalSubtreeCost="49.5397">
                                              <OutputList>
                                                <ColumnReference Database="[servicetrax_dev]" Schema="[dbo]" Table="[REQUESTS]" Column="REQUEST_NO" />
                                                <ColumnReference Database="[servicetrax_dev]" Schema="[dbo]" Table="[REQUESTS]" Column="CUSTOMER_CONTACT_ID" />
                                                <ColumnReference Database="[servicetrax_dev]" Schema="[dbo]" Table="[REQUESTS]" Column="VERSION_NO" />
                                                <ColumnReference Database="[servicetrax_dev]" Schema="[dbo]" Table="[PROJECTS]" Alias="[p]" Column="PROJECT_ID" />
                                              </OutputList>
                                              <RunTimeInformation>
                                                <RunTimeCountersPerThread Thread="3" ActualRows="10586" ActualEndOfScans="1" ActualExecutions="1" />
                                                <RunTimeCountersPerThread Thread="2" ActualRows="10629" ActualEndOfScans="1" ActualExecutions="1" />
                                                <RunTimeCountersPerThread Thread="1" ActualRows="10609" ActualEndOfScans="1" ActualExecutions="1" />
                                                <RunTimeCountersPerThread Thread="4" ActualRows="10423" ActualEndOfScans="1" ActualExecutions="1" />
                                                <RunTimeCountersPerThread Thread="0" ActualRows="0" ActualEndOfScans="0" ActualExecutions="0" />
                                              </RunTimeInformation>
                                              <Bitmap>
                                                <DefinedValues>
                                                  <DefinedValue>
                                                    <ColumnReference Column="Bitmap1042" />
                                                  </DefinedValue>
                                                </DefinedValues>
                                                <HashKeys>
                                                  <ColumnReference Database="[servicetrax_dev]" Schema="[dbo]" Table="[PROJECTS]" Alias="[p]" Column="PROJECT_ID" />
                                                  <ColumnReference Database="[servicetrax_dev]" Schema="[dbo]" Table="[REQUESTS]" Column="REQUEST_NO" />
                                                  <ColumnReference Database="[servicetrax_dev]" Schema="[dbo]" Table="[REQUESTS]" Column="VERSION_NO" />
                                                </HashKeys>
                                                <RelOp AvgRowSize="43" EstimateCPU="0.0775059" EstimateIO="0" EstimateRebinds="0" EstimateRewinds="0" EstimateRows="19914.2" LogicalOp="Repartition Streams" NodeId="9" Parallel="true" PhysicalOp="Parallelism" EstimatedTotalSubtreeCost="49.5397">
                                                  <OutputList>
                                                    <ColumnReference Database="[servicetrax_dev]" Schema="[dbo]" Table="[REQUESTS]" Column="REQUEST_NO" />
                                                    <ColumnReference Database="[servicetrax_dev]" Schema="[dbo]" Table="[REQUESTS]" Column="CUSTOMER_CONTACT_ID" />
                                                    <ColumnReference Database="[servicetrax_dev]" Schema="[dbo]" Table="[REQUESTS]" Column="VERSION_NO" />
                                                    <ColumnReference Database="[servicetrax_dev]" Schema="[dbo]" Table="[PROJECTS]" Alias="[p]" Column="PROJECT_ID" />
                                                  </OutputList>
                                                  <RunTimeInformation>
                                                    <RunTimeCountersPerThread Thread="3" ActualRows="10586" ActualEndOfScans="1" ActualExecutions="1" />
                                                    <RunTimeCountersPerThread Thread="2" ActualRows="10629" ActualEndOfScans="1" ActualExecutions="1" />
                                                    <RunTimeCountersPerThread Thread="1" ActualRows="10609" ActualEndOfScans="1" ActualExecutions="1" />
                                                    <RunTimeCountersPerThread Thread="4" ActualRows="10423" ActualEndOfScans="1" ActualExecutions="1" />
                                                    <RunTimeCountersPerThread Thread="0" ActualRows="0" ActualEndOfScans="0" ActualExecutions="0" />
                                                  </RunTimeInformation>
                                                  <Parallelism PartitioningType="Hash">
                                                    <PartitionColumns>
                                                      <ColumnReference Database="[servicetrax_dev]" Schema="[dbo]" Table="[PROJECTS]" Alias="[p]" Column="PROJECT_ID" />
                                                      <ColumnReference Database="[servicetrax_dev]" Schema="[dbo]" Table="[REQUESTS]" Column="REQUEST_NO" />
                                                      <ColumnReference Database="[servicetrax_dev]" Schema="[dbo]" Table="[REQUESTS]" Column="VERSION_NO" />
                                                    </PartitionColumns>
                                                    <RelOp AvgRowSize="43" EstimateCPU="0.125833" EstimateIO="0" EstimateRebinds="0" EstimateRewinds="0" EstimateRows="19914.2" LogicalOp="Inner Join" NodeId="10" Parallel="true" PhysicalOp="Hash Match" EstimatedTotalSubtreeCost="49.4622">
                                                      <OutputList>
                                                        <ColumnReference Database="[servicetrax_dev]" Schema="[dbo]" Table="[REQUESTS]" Column="REQUEST_NO" />
                                                        <ColumnReference Database="[servicetrax_dev]" Schema="[dbo]" Table="[REQUESTS]" Column="CUSTOMER_CONTACT_ID" />
                                                        <ColumnReference Database="[servicetrax_dev]" Schema="[dbo]" Table="[REQUESTS]" Column="VERSION_NO" />
                                                        <ColumnReference Database="[servicetrax_dev]" Schema="[dbo]" Table="[PROJECTS]" Alias="[p]" Column="PROJECT_ID" />
                                                      </OutputList>
                                                      <MemoryFractions Input="0.0200803" Output="0.0160044" />
                                                      <RunTimeInformation>
                                                        <RunTimeCountersPerThread Thread="1" ActualRows="43" ActualEndOfScans="1" ActualExecutions="1" />
                                                        <RunTimeCountersPerThread Thread="4" ActualRows="0" ActualEndOfScans="1" ActualExecutions="1" />
                                                        <RunTimeCountersPerThread Thread="2" ActualRows="9" ActualEndOfScans="1" ActualExecutions="1" />
                                                        <RunTimeCountersPerThread Thread="3" ActualRows="42195" ActualEndOfScans="1" ActualExecutions="1" />
                                                        <RunTimeCountersPerThread Thread="0" ActualRows="0" ActualEndOfScans="0" ActualExecutions="0" />
                                                      </RunTimeInformation>
                                                      <Hash>
                                                        <DefinedValues />
                                                        <HashKeysBuild>
                                                          <ColumnReference Database="[servicetrax_dev]" Schema="[dbo]" Table="[USERS]" Alias="[u]" Column="USER_ID" />
                                                        </HashKeysBuild>
                                                        <HashKeysProbe>
                                                          <ColumnReference Database="[servicetrax_dev]" Schema="[dbo]" Table="[PROJECTS]" Alias="[p]" Column="CREATED_BY" />
                                                        </HashKeysProbe>
                                                        <ProbeResidual>
                                                          <ScalarOperator ScalarString="[servicetrax_dev].[dbo].[PROJECTS].[CREATED_BY] as [p].[CREATED_BY]=[servicetrax_dev].[dbo].[USERS].[USER_ID] as [u].[USER_ID]">
                                                            <Compare CompareOp="EQ">
                                                              <ScalarOperator>
                                                                <Identifier>
                                                                  <ColumnReference Database="[servicetrax_dev]" Schema="[dbo]" Table="[PROJECTS]" Alias="[p]" Column="CREATED_BY" />
                                                                </Identifier>
                                                              </ScalarOperator>
                                                              <ScalarOperator>
                                                                <Identifier>
                                                                  <ColumnReference Database="[servicetrax_dev]" Schema="[dbo]" Table="[USERS]" Alias="[u]" Column="USER_ID" />
                                                                </Identifier>
                                                              </ScalarOperator>
                                                            </Compare>
                                                          </ScalarOperator>
                                                        </ProbeResidual>
                                                        <RelOp AvgRowSize="16" EstimateCPU="0.0321792" EstimateIO="0" EstimateRebinds="0" EstimateRewinds="0" EstimateRows="2462" LogicalOp="Repartition Streams" NodeId="11" Parallel="true" PhysicalOp="Parallelism" EstimatedTotalSubtreeCost="0.0419219">
                                                          <OutputList>
                                                            <ColumnReference Database="[servicetrax_dev]" Schema="[dbo]" Table="[USERS]" Alias="[u]" Column="USER_ID" />
                                                          </OutputList>
                                                          <RunTimeInformation>
                                                            <RunTimeCountersPerThread Thread="1" ActualRows="611" ActualEndOfScans="1" ActualExecutions="1" />
                                                            <RunTimeCountersPerThread Thread="3" ActualRows="610" ActualEndOfScans="1" ActualExecutions="1" />
                                                            <RunTimeCountersPerThread Thread="4" ActualRows="601" ActualEndOfScans="1" ActualExecutions="1" />
                                                            <RunTimeCountersPerThread Thread="2" ActualRows="640" ActualEndOfScans="1" ActualExecutions="1" />
                                                            <RunTimeCountersPerThread Thread="0" ActualRows="0" ActualEndOfScans="0" ActualExecutions="0" />
                                                          </RunTimeInformation>
                                                          <Parallelism PartitioningType="Hash">
                                                            <PartitionColumns>
                                                              <ColumnReference Database="[servicetrax_dev]" Schema="[dbo]" Table="[USERS]" Alias="[u]" Column="USER_ID" />
                                                            </PartitionColumns>
                                                            <RelOp AvgRowSize="16" EstimateCPU="0.0014326" EstimateIO="0.00831019" EstimateRebinds="0" EstimateRewinds="0" EstimateRows="2462" LogicalOp="Index Scan" NodeId="12" Parallel="true" PhysicalOp="Index Scan" EstimatedTotalSubtreeCost="0.00974279">
                                                              <OutputList>
                                                                <ColumnReference Database="[servicetrax_dev]" Schema="[dbo]" Table="[USERS]" Alias="[u]" Column="USER_ID" />
                                                              </OutputList>
                                                              <RunTimeInformation>
                                                                <RunTimeCountersPerThread Thread="1" ActualRows="615" ActualEndOfScans="1" ActualExecutions="1" />
                                                                <RunTimeCountersPerThread Thread="4" ActualRows="618" ActualEndOfScans="1" ActualExecutions="1" />
                                                                <RunTimeCountersPerThread Thread="3" ActualRows="607" ActualEndOfScans="1" ActualExecutions="1" />
                                                                <RunTimeCountersPerThread Thread="2" ActualRows="622" ActualEndOfScans="1" ActualExecutions="1" />
                                                                <RunTimeCountersPerThread Thread="0" ActualRows="0" ActualEndOfScans="0" ActualExecutions="0" />
                                                              </RunTimeInformation>
                                                              <IndexScan Ordered="false" ForcedIndex="false" NoExpandHint="false">
                                                                <DefinedValues>
                                                                  <DefinedValue>
                                                                    <ColumnReference Database="[servicetrax_dev]" Schema="[dbo]" Table="[USERS]" Alias="[u]" Column="USER_ID" />
                                                                  </DefinedValue>
                                                                </DefinedValues>
                                                                <Object Database="[servicetrax_dev]" Schema="[dbo]" Table="[USERS]" Index="[IX_USER_LOGINS]" Alias="[u]" />
                                                              </IndexScan>
                                                            </RelOp>
                                                          </Parallelism>
                                                        </RelOp>
                                                        <RelOp AvgRowSize="52" EstimateCPU="0.102677" EstimateIO="0" EstimateRebinds="0" EstimateRewinds="0" EstimateRows="20011.1" LogicalOp="Repartition Streams" NodeId="13" Parallel="true" PhysicalOp="Parallelism" EstimatedTotalSubtreeCost="49.2944">
                                                          <OutputList>
                                                            <ColumnReference Database="[servicetrax_dev]" Schema="[dbo]" Table="[REQUESTS]" Column="REQUEST_NO" />
                                                            <ColumnReference Database="[servicetrax_dev]" Schema="[dbo]" Table="[REQUESTS]" Column="CUSTOMER_CONTACT_ID" />
                                                            <ColumnReference Database="[servicetrax_dev]" Schema="[dbo]" Table="[REQUESTS]" Column="VERSION_NO" />
                                                            <ColumnReference Database="[servicetrax_dev]" Schema="[dbo]" Table="[PROJECTS]" Alias="[p]" Column="PROJECT_ID" />
                                                            <ColumnReference Database="[servicetrax_dev]" Schema="[dbo]" Table="[PROJECTS]" Alias="[p]" Column="CREATED_BY" />
                                                          </OutputList>
                                                          <RunTimeInformation>
                                                            <RunTimeCountersPerThread Thread="1" ActualRows="43" ActualEndOfScans="1" ActualExecutions="1" />
                                                            <RunTimeCountersPerThread Thread="4" ActualRows="0" ActualEndOfScans="1" ActualExecutions="1" />
                                                            <RunTimeCountersPerThread Thread="3" ActualRows="42195" ActualEndOfScans="1" ActualExecutions="1" />
                                                            <RunTimeCountersPerThread Thread="2" ActualRows="9" ActualEndOfScans="1" ActualExecutions="1" />
                                                            <RunTimeCountersPerThread Thread="0" ActualRows="0" ActualEndOfScans="0" ActualExecutions="0" />
                                                          </RunTimeInformation>
                                                          <Parallelism PartitioningType="Hash">
                                                            <PartitionColumns>
                                                              <ColumnReference Database="[servicetrax_dev]" Schema="[dbo]" Table="[PROJECTS]" Alias="[p]" Column="CREATED_BY" />
                                                            </PartitionColumns>
                                                            <RelOp AvgRowSize="52" EstimateCPU="0.257032" EstimateIO="0" EstimateRebinds="0" EstimateRewinds="0" EstimateRows="20011.1" LogicalOp="Inner Join" NodeId="14" Parallel="true" PhysicalOp="Hash Match" EstimatedTotalSubtreeCost="49.1917">
                                                              <OutputList>
                                                                <ColumnReference Database="[servicetrax_dev]" Schema="[dbo]" Table="[REQUESTS]" Column="REQUEST_NO" />
                                                                <ColumnReference Database="[servicetrax_dev]" Schema="[dbo]" Table="[REQUESTS]" Column="CUSTOMER_CONTACT_ID" />
                                                                <ColumnReference Database="[servicetrax_dev]" Schema="[dbo]" Table="[REQUESTS]" Column="VERSION_NO" />
                                                                <ColumnReference Database="[servicetrax_dev]" Schema="[dbo]" Table="[PROJECTS]" Alias="[p]" Column="PROJECT_ID" />
                                                                <ColumnReference Database="[servicetrax_dev]" Schema="[dbo]" Table="[PROJECTS]" Alias="[p]" Column="CREATED_BY" />
                                                              </OutputList>
                                                              <MemoryFractions Input="0.0542169" Output="0.0432118" />
                                                              <RunTimeInformation>
                                                                <RunTimeCountersPerThread Thread="2" ActualRows="7160" ActualEndOfScans="1" ActualExecutions="1" />
                                                                <RunTimeCountersPerThread Thread="4" ActualRows="28810" ActualEndOfScans="1" ActualExecutions="1" />
                                                                <RunTimeCountersPerThread Thread="3" ActualRows="3493" ActualEndOfScans="1" ActualExecutions="1" />
                                                                <RunTimeCountersPerThread Thread="1" ActualRows="2784" ActualEndOfScans="1" ActualExecutions="1" />
                                                                <RunTimeCountersPerThread Thread="0" ActualRows="0" ActualEndOfScans="0" ActualExecutions="0" />
                                                              </RunTimeInformation>
                                                              <Hash>
                                                                <DefinedValues />
                                                                <HashKeysBuild>
                                                                  <ColumnReference Database="[servicetrax_dev]" Schema="[dbo]" Table="[CUSTOMERS]" Alias="[c]" Column="CUSTOMER_ID" />
                                                                </HashKeysBuild>
                                                                <HashKeysProbe>
                                                                  <ColumnReference Database="[servicetrax_dev]" Schema="[dbo]" Table="[PROJECTS]" Alias="[p]" Column="CUSTOMER_ID" />
                                                                </HashKeysProbe>
                                                                <ProbeResidual>
                                                                  <ScalarOperator ScalarString="[servicetrax_dev].[dbo].[PROJECTS].[CUSTOMER_ID] as [p].[CUSTOMER_ID]=[servicetrax_dev].[dbo].[CUSTOMERS].[CUSTOMER_ID] as [c].[CUSTOMER_ID]">
                                                                    <Compare CompareOp="EQ">
                                                                      <ScalarOperator>
                                                                        <Identifier>
                                                                          <ColumnReference Database="[servicetrax_dev]" Schema="[dbo]" Table="[PROJECTS]" Alias="[p]" Column="CUSTOMER_ID" />
                                                                        </Identifier>
                                                                      </ScalarOperator>
                                                                      <ScalarOperator>
                                                                        <Identifier>
                                                                          <ColumnReference Database="[servicetrax_dev]" Schema="[dbo]" Table="[CUSTOMERS]" Alias="[c]" Column="CUSTOMER_ID" />
                                                                        </Identifier>
                                                                      </ScalarOperator>
                                                                    </Compare>
                                                                  </ScalarOperator>
                                                                </ProbeResidual>
                                                                <RelOp AvgRowSize="16" EstimateCPU="0.0321277" EstimateIO="0" EstimateRebinds="0" EstimateRewinds="0" EstimateRows="2427.58" LogicalOp="Bitmap Create" NodeId="15" Parallel="true" PhysicalOp="Bitmap" EstimatedTotalSubtreeCost="0.041185">
                                                                  <OutputList>
                                                                    <ColumnReference Database="[servicetrax_dev]" Schema="[dbo]" Table="[CUSTOMERS]" Alias="[c]" Column="CUSTOMER_ID" />
                                                                  </OutputList>
                                                                  <RunTimeInformation>
                                                                    <RunTimeCountersPerThread Thread="1" ActualRows="632" ActualEndOfScans="1" ActualExecutions="1" />
                                                                    <RunTimeCountersPerThread Thread="4" ActualRows="597" ActualEndOfScans="1" ActualExecutions="1" />
                                                                    <RunTimeCountersPerThread Thread="3" ActualRows="586" ActualEndOfScans="1" ActualExecutions="1" />
                                                                    <RunTimeCountersPerThread Thread="2" ActualRows="623" ActualEndOfScans="1" ActualExecutions="1" />
                                                                    <RunTimeCountersPerThread Thread="0" ActualRows="0" ActualEndOfScans="0" ActualExecutions="0" />
                                                                  </RunTimeInformation>
                                                                  <Bitmap>
                                                                    <DefinedValues>
                                                                      <DefinedValue>
                                                                        <ColumnReference Column="Bitmap1041" />
                                                                      </DefinedValue>
                                                                    </DefinedValues>
                                                                    <HashKeys>
                                                                      <ColumnReference Database="[servicetrax_dev]" Schema="[dbo]" Table="[CUSTOMERS]" Alias="[c]" Column="CUSTOMER_ID" />
                                                                    </HashKeys>
                                                                    <RelOp AvgRowSize="16" EstimateCPU="0.0321277" EstimateIO="0" EstimateRebinds="0" EstimateRewinds="0" EstimateRows="2427.58" LogicalOp="Repartition Streams" NodeId="16" Parallel="true" PhysicalOp="Parallelism" EstimatedTotalSubtreeCost="0.041185">
                                                                      <OutputList>
                                                                        <ColumnReference Database="[servicetrax_dev]" Schema="[dbo]" Table="[CUSTOMERS]" Alias="[c]" Column="CUSTOMER_ID" />
                                                                      </OutputList>
                                                                      <RunTimeInformation>
                                                                        <RunTimeCountersPerThread Thread="1" ActualRows="632" ActualEndOfScans="1" ActualExecutions="1" />
                                                                        <RunTimeCountersPerThread Thread="3" ActualRows="586" ActualEndOfScans="1" ActualExecutions="1" />
                                                                        <RunTimeCountersPerThread Thread="4" ActualRows="597" ActualEndOfScans="1" ActualExecutions="1" />
                                                                        <RunTimeCountersPerThread Thread="2" ActualRows="623" ActualEndOfScans="1" ActualExecutions="1" />
                                                                        <RunTimeCountersPerThread Thread="0" ActualRows="0" ActualEndOfScans="0" ActualExecutions="0" />
                                                                      </RunTimeInformation>
                                                                      <Parallelism PartitioningType="Hash">
                                                                        <PartitionColumns>
                                                                          <ColumnReference Database="[servicetrax_dev]" Schema="[dbo]" Table="[CUSTOMERS]" Alias="[c]" Column="CUSTOMER_ID" />
                                                                        </PartitionColumns>
                                                                        <RelOp AvgRowSize="16" EstimateCPU="0.00141367" EstimateIO="0.00764358" EstimateRebinds="0" EstimateRewinds="0" EstimateRows="2427.58" LogicalOp="Index Seek" NodeId="17" Parallel="true" PhysicalOp="Index Seek" EstimatedTotalSubtreeCost="0.00905725">
                                                                          <OutputList>
                                                                            <ColumnReference Database="[servicetrax_dev]" Schema="[dbo]" Table="[CUSTOMERS]" Alias="[c]" Column="CUSTOMER_ID" />
                                                                          </OutputList>
                                                                          <RunTimeInformation>
                                                                            <RunTimeCountersPerThread Thread="1" ActualRows="702" ActualEndOfScans="1" ActualExecutions="1" />
                                                                            <RunTimeCountersPerThread Thread="4" ActualRows="347" ActualEndOfScans="1" ActualExecutions="1" />
                                                                            <RunTimeCountersPerThread Thread="2" ActualRows="694" ActualEndOfScans="1" ActualExecutions="1" />
                                                                            <RunTimeCountersPerThread Thread="3" ActualRows="695" ActualEndOfScans="1" ActualExecutions="1" />
                                                                            <RunTimeCountersPerThread Thread="0" ActualRows="0" ActualEndOfScans="0" ActualExecutions="0" />
                                                                          </RunTimeInformation>
                                                                          <IndexScan Ordered="true" ScanDirection="FORWARD" ForcedIndex="false" NoExpandHint="false">
                                                                            <DefinedValues>
                                                                              <DefinedValue>
                                                                                <ColumnReference Database="[servicetrax_dev]" Schema="[dbo]" Table="[CUSTOMERS]" Alias="[c]" Column="CUSTOMER_ID" />
                                                                              </DefinedValue>
                                                                            </DefinedValues>
                                                                            <Object Database="[servicetrax_dev]" Schema="[dbo]" Table="[CUSTOMERS]" Index="[IX_ORG_CUSTOMERS]" Alias="[c]" />
                                                                            <SeekPredicates>
                                                                              <SeekPredicate>
                                                                                <Prefix ScanType="EQ">
                                                                                  <RangeColumns>
                                                                                    <ColumnReference Database="[servicetrax_dev]" Schema="[dbo]" Table="[CUSTOMERS]" Alias="[c]" Column="ORGANIZATION_ID" />
                                                                                  </RangeColumns>
                                                                                  <RangeExpressions>
                                                                                    <ScalarOperator ScalarString="(2.)">
                                                                                      <Const ConstValue="(2.)" />
                                                                                    </ScalarOperator>
                                                                                  </RangeExpressions>
                                                                                </Prefix>
                                                                              </SeekPredicate>
                                                                            </SeekPredicates>
                                                                          </IndexScan>
                                                                        </RelOp>
                                                                      </Parallelism>
                                                                    </RelOp>
                                                                  </Bitmap>
                                                                </RelOp>
                                                                <RelOp AvgRowSize="61" EstimateCPU="0.0345959" EstimateIO="0" EstimateRebinds="0" EstimateRewinds="0" EstimateRows="59016.6" LogicalOp="Repartition Streams" NodeId="18" Parallel="true" PhysicalOp="Parallelism" EstimatedTotalSubtreeCost="48.8935">
                                                                  <OutputList>
                                                                    <ColumnReference Database="[servicetrax_dev]" Schema="[dbo]" Table="[REQUESTS]" Column="REQUEST_NO" />
                                                                    <ColumnReference Database="[servicetrax_dev]" Schema="[dbo]" Table="[REQUESTS]" Column="CUSTOMER_CONTACT_ID" />
                                                                    <ColumnReference Database="[servicetrax_dev]" Schema="[dbo]" Table="[REQUESTS]" Column="VERSION_NO" />
                                                                    <ColumnReference Database="[servicetrax_dev]" Schema="[dbo]" Table="[PROJECTS]" Alias="[p]" Column="PROJECT_ID" />
                                                                    <ColumnReference Database="[servicetrax_dev]" Schema="[dbo]" Table="[PROJECTS]" Alias="[p]" Column="CUSTOMER_ID" />
                                                                    <ColumnReference Database="[servicetrax_dev]" Schema="[dbo]" Table="[PROJECTS]" Alias="[p]" Column="CREATED_BY" />
                                                                  </OutputList>
                                                                  <RunTimeInformation>
                                                                    <RunTimeCountersPerThread Thread="1" ActualRows="3702" ActualEndOfScans="1" ActualExecutions="1" />
                                                                    <RunTimeCountersPerThread Thread="4" ActualRows="28810" ActualEndOfScans="1" ActualExecutions="1" />
                                                                    <RunTimeCountersPerThread Thread="3" ActualRows="3493" ActualEndOfScans="1" ActualExecutions="1" />
                                                                    <RunTimeCountersPerThread Thread="2" ActualRows="7160" ActualEndOfScans="1" ActualExecutions="1" />
                                                                    <RunTimeCountersPerThread Thread="0" ActualRows="0" ActualEndOfScans="0" ActualExecutions="0" />
                                                                  </RunTimeInformation>
                                                                  <Parallelism PartitioningType="Hash">
                                                                    <PartitionColumns>
                                                                      <ColumnReference Database="[servicetrax_dev]" Schema="[dbo]" Table="[PROJECTS]" Alias="[p]" Column="CUSTOMER_ID" />
                                                                    </PartitionColumns>
                                                                    <ProbeColumn>
                                                                      <ColumnReference Column="Bitmap1041" />
                                                                    </ProbeColumn>
                                                                    <RelOp AvgRowSize="61" EstimateCPU="0.459987" EstimateIO="0" EstimateRebinds="0" EstimateRewinds="0" EstimateRows="59016.6" LogicalOp="Inner Join" NodeId="19" Parallel="true" PhysicalOp="Hash Match" EstimatedTotalSubtreeCost="48.8589">
                                                                      <OutputList>
                                                                        <ColumnReference Database="[servicetrax_dev]" Schema="[dbo]" Table="[REQUESTS]" Column="REQUEST_NO" />
                                                                        <ColumnReference Database="[servicetrax_dev]" Schema="[dbo]" Table="[REQUESTS]" Column="CUSTOMER_CONTACT_ID" />
                                                                        <ColumnReference Database="[servicetrax_dev]" Schema="[dbo]" Table="[REQUESTS]" Column="VERSION_NO" />
                                                                        <ColumnReference Database="[servicetrax_dev]" Schema="[dbo]" Table="[PROJECTS]" Alias="[p]" Column="PROJECT_ID" />
                                                                        <ColumnReference Database="[servicetrax_dev]" Schema="[dbo]" Table="[PROJECTS]" Alias="[p]" Column="CUSTOMER_ID" />
                                                                        <ColumnReference Database="[servicetrax_dev]" Schema="[dbo]" Table="[PROJECTS]" Alias="[p]" Column="CREATED_BY" />
                                                                      </OutputList>
                                                                      <MemoryFractions Input="0" Output="0" />
                                                                      <RunTimeInformation>
                                                                        <RunTimeCountersPerThread Thread="4" ActualRows="44995" ActualEndOfScans="1" ActualExecutions="1" />
                                                                        <RunTimeCountersPerThread Thread="2" ActualRows="0" ActualEndOfScans="1" ActualExecutions="1" />
                                                                        <RunTimeCountersPerThread Thread="3" ActualRows="802" ActualEndOfScans="1" ActualExecutions="1" />
                                                                        <RunTimeCountersPerThread Thread="1" ActualRows="437" ActualEndOfScans="1" ActualExecutions="1" />
                                                                        <RunTimeCountersPerThread Thread="0" ActualRows="0" ActualEndOfScans="0" ActualExecutions="0" />
                                                                      </RunTimeInformation>
                                                                      <Hash>
                                                                        <DefinedValues />
                                                                        <HashKeysBuild>
                                                                          <ColumnReference Database="[servicetrax_dev]" Schema="[dbo]" Table="[LOOKUPS]" Alias="[project_type]" Column="LOOKUP_ID" />
                                                                        </HashKeysBuild>
                                                                        <HashKeysProbe>
                                                                          <ColumnReference Database="[servicetrax_dev]" Schema="[dbo]" Table="[PROJECTS]" Alias="[p]" Column="PROJECT_TYPE_ID" />
                                                                        </HashKeysProbe>
                                                                        <ProbeResidual>
                                                                          <ScalarOperator ScalarString="[servicetrax_dev].[dbo].[LOOKUPS].[LOOKUP_ID] as [project_type].[LOOKUP_ID]=[servicetrax_dev].[dbo].[PROJECTS].[PROJECT_TYPE_ID] as [p].[PROJECT_TYPE_ID]">
                                                                            <Compare CompareOp="EQ">
                                                                              <ScalarOperator>
                                                                                <Identifier>
                                                                                  <ColumnReference Database="[servicetrax_dev]" Schema="[dbo]" Table="[LOOKUPS]" Alias="[project_type]" Column="LOOKUP_ID" />
                                                                                </Identifier>
                                                                              </ScalarOperator>
                                                                              <ScalarOperator>
                                                                                <Identifier>
                                                                                  <ColumnReference Database="[servicetrax_dev]" Schema="[dbo]" Table="[PROJECTS]" Alias="[p]" Column="PROJECT_TYPE_ID" />
                                                                                </Identifier>
                                                                              </ScalarOperator>
                                                                            </Compare>
                                                                          </ScalarOperator>
                                                                        </ProbeResidual>
                                                                        <RelOp AvgRowSize="16" EstimateCPU="0.029576" EstimateIO="0" EstimateRebinds="0" EstimateRewinds="0" EstimateRows="720" LogicalOp="Repartition Streams" NodeId="20" Parallel="true" PhysicalOp="Parallelism" EstimatedTotalSubtreeCost="0.0346569">
                                                                          <OutputList>
                                                                            <ColumnReference Database="[servicetrax_dev]" Schema="[dbo]" Table="[LOOKUPS]" Alias="[project_type]" Column="LOOKUP_ID" />
                                                                          </OutputList>
                                                                          <RunTimeInformation>
                                                                            <RunTimeCountersPerThread Thread="1" ActualRows="187" ActualEndOfScans="1" ActualExecutions="1" />
                                                                            <RunTimeCountersPerThread Thread="4" ActualRows="169" ActualEndOfScans="1" ActualExecutions="1" />
                                                                            <RunTimeCountersPerThread Thread="3" ActualRows="177" ActualEndOfScans="1" ActualExecutions="1" />
                                                                            <RunTimeCountersPerThread Thread="2" ActualRows="187" ActualEndOfScans="1" ActualExecutions="1" />
                                                                            <RunTimeCountersPerThread Thread="0" ActualRows="0" ActualEndOfScans="0" ActualExecutions="0" />
                                                                          </RunTimeInformation>
                                                                          <Parallelism PartitioningType="Hash">
                                                                            <PartitionColumns>
                                                                              <ColumnReference Database="[servicetrax_dev]" Schema="[dbo]" Table="[LOOKUPS]" Alias="[project_type]" Column="LOOKUP_ID" />
                                                                            </PartitionColumns>
                                                                            <RelOp AvgRowSize="16" EstimateCPU="0.0004745" EstimateIO="0.00460648" EstimateRebinds="0" EstimateRewinds="0" EstimateRows="720" LogicalOp="Index Scan" NodeId="21" Parallel="true" PhysicalOp="Index Scan" EstimatedTotalSubtreeCost="0.00508098">
                                                                              <OutputList>
                                                                                <ColumnReference Database="[servicetrax_dev]" Schema="[dbo]" Table="[LOOKUPS]" Alias="[project_type]" Column="LOOKUP_ID" />
                                                                              </OutputList>
                                                                              <RunTimeInformation>
                                                                                <RunTimeCountersPerThread Thread="1" ActualRows="337" ActualEndOfScans="1" ActualExecutions="1" />
                                                                                <RunTimeCountersPerThread Thread="2" ActualRows="0" ActualEndOfScans="1" ActualExecutions="1" />
                                                                                <RunTimeCountersPerThread Thread="3" ActualRows="222" ActualEndOfScans="1" ActualExecutions="1" />
                                                                                <RunTimeCountersPerThread Thread="4" ActualRows="161" ActualEndOfScans="1" ActualExecutions="1" />
                                                                                <RunTimeCountersPerThread Thread="0" ActualRows="0" ActualEndOfScans="0" ActualExecutions="0" />
                                                                              </RunTimeInformation>
                                                                              <IndexScan Ordered="false" ForcedIndex="false" NoExpandHint="false">
                                                                                <DefinedValues>
                                                                                  <DefinedValue>
                                                                                    <ColumnReference Database="[servicetrax_dev]" Schema="[dbo]" Table="[LOOKUPS]" Alias="[project_type]" Column="LOOKUP_ID" />
                                                                                  </DefinedValue>
                                                                                </DefinedValues>
                                                                                <Object Database="[servicetrax_dev]" Schema="[dbo]" Table="[LOOKUPS]" Index="[IX_L_LOOKUP_TYPES]" Alias="[project_type]" />
                                                                              </IndexScan>
                                                                            </RelOp>
                                                                          </Parallelism>
                                                                        </RelOp>
                                                                        <RelOp AvgRowSize="70" EstimateCPU="0.0299896" EstimateIO="0" EstimateRebinds="0" EstimateRewinds="0" EstimateRows="59017.6" LogicalOp="Repartition Streams" NodeId="22" Parallel="true" PhysicalOp="Parallelism" EstimatedTotalSubtreeCost="48.3643">
                                                                          <OutputList>
                                                                            <ColumnReference Database="[servicetrax_dev]" Schema="[dbo]" Table="[REQUESTS]" Column="REQUEST_NO" />
                                                                            <ColumnReference Database="[servicetrax_dev]" Schema="[dbo]" Table="[REQUESTS]" Column="CUSTOMER_CONTACT_ID" />
                                                                            <ColumnReference Database="[servicetrax_dev]" Schema="[dbo]" Table="[REQUESTS]" Column="VERSION_NO" />
                                                                            <ColumnReference Database="[servicetrax_dev]" Schema="[dbo]" Table="[PROJECTS]" Alias="[p]" Column="PROJECT_ID" />
                                                                            <ColumnReference Database="[servicetrax_dev]" Schema="[dbo]" Table="[PROJECTS]" Alias="[p]" Column="CUSTOMER_ID" />
                                                                            <ColumnReference Database="[servicetrax_dev]" Schema="[dbo]" Table="[PROJECTS]" Alias="[p]" Column="CREATED_BY" />
                                                                            <ColumnReference Database="[servicetrax_dev]" Schema="[dbo]" Table="[PROJECTS]" Alias="[p]" Column="PROJECT_TYPE_ID" />
                                                                          </OutputList>
                                                                          <RunTimeInformation>
                                                                            <RunTimeCountersPerThread Thread="1" ActualRows="437" ActualEndOfScans="1" ActualExecutions="1" />
                                                                            <RunTimeCountersPerThread Thread="3" ActualRows="802" ActualEndOfScans="1" ActualExecutions="1" />
                                                                            <RunTimeCountersPerThread Thread="4" ActualRows="44995" ActualEndOfScans="1" ActualExecutions="1" />
                                                                            <RunTimeCountersPerThread Thread="2" ActualRows="0" ActualEndOfScans="1" ActualExecutions="1" />
                                                                            <RunTimeCountersPerThread Thread="0" ActualRows="0" ActualEndOfScans="0" ActualExecutions="0" />
                                                                          </RunTimeInformation>
                                                                          <Parallelism PartitioningType="Hash">
                                                                            <PartitionColumns>
                                                                              <ColumnReference Database="[servicetrax_dev]" Schema="[dbo]" Table="[PROJECTS]" Alias="[p]" Column="PROJECT_TYPE_ID" />
                                                                            </PartitionColumns>
                                                                            <RelOp AvgRowSize="70" EstimateCPU="0.464699" EstimateIO="0" EstimateRebinds="0" EstimateRewinds="0" EstimateRows="59017.6" LogicalOp="Inner Join" NodeId="23" Parallel="true" PhysicalOp="Hash Match" EstimatedTotalSubtreeCost="48.3343">
                                                                              <OutputList>
                                                                                <ColumnReference Database="[servicetrax_dev]" Schema="[dbo]" Table="[REQUESTS]" Column="REQUEST_NO" />
                                                                                <ColumnReference Database="[servicetrax_dev]" Schema="[dbo]" Table="[REQUESTS]" Column="CUSTOMER_CONTACT_ID" />
                                                                                <ColumnReference Database="[servicetrax_dev]" Schema="[dbo]" Table="[REQUESTS]" Column="VERSION_NO" />
                                                                                <ColumnReference Database="[servicetrax_dev]" Schema="[dbo]" Table="[PROJECTS]" Alias="[p]" Column="PROJECT_ID" />
                                                                                <ColumnReference Database="[servicetrax_dev]" Schema="[dbo]" Table="[PROJECTS]" Alias="[p]" Column="CUSTOMER_ID" />
                                                                                <ColumnReference Database="[servicetrax_dev]" Schema="[dbo]" Table="[PROJECTS]" Alias="[p]" Column="CREATED_BY" />
                                                                                <ColumnReference Database="[servicetrax_dev]" Schema="[dbo]" Table="[PROJECTS]" Alias="[p]" Column="PROJECT_TYPE_ID" />
                                                                              </OutputList>
                                                                              <MemoryFractions Input="0" Output="0" />
                                                                              <RunTimeInformation>
                                                                                <RunTimeCountersPerThread Thread="4" ActualRows="0" ActualEndOfScans="1" ActualExecutions="1" />
                                                                                <RunTimeCountersPerThread Thread="3" ActualRows="41753" ActualEndOfScans="1" ActualExecutions="1" />
                                                                                <RunTimeCountersPerThread Thread="1" ActualRows="4481" ActualEndOfScans="1" ActualExecutions="1" />
                                                                                <RunTimeCountersPerThread Thread="2" ActualRows="0" ActualEndOfScans="1" ActualExecutions="1" />
                                                                                <RunTimeCountersPerThread Thread="0" ActualRows="0" ActualEndOfScans="0" ActualExecutions="0" />
                                                                              </RunTimeInformation>
                                                                              <Hash>
                                                                                <DefinedValues />
                                                                                <HashKeysBuild>
                                                                                  <ColumnReference Database="[servicetrax_dev]" Schema="[dbo]" Table="[LOOKUPS]" Alias="[project_status_type]" Column="LOOKUP_ID" />
                                                                                </HashKeysBuild>
                                                                                <HashKeysProbe>
                                                                                  <ColumnReference Database="[servicetrax_dev]" Schema="[dbo]" Table="[PROJECTS]" Alias="[p]" Column="PROJECT_STATUS_TYPE_ID" />
                                                                                </HashKeysProbe>
                                                                                <ProbeResidual>
                                                                                  <ScalarOperator ScalarString="[servicetrax_dev].[dbo].[LOOKUPS].[LOOKUP_ID] as [project_status_type].[LOOKUP_ID]=[servicetrax_dev].[dbo].[PROJECTS].[PROJECT_STATUS_TYPE_ID] as [p].[PROJECT_STATUS_TYPE_ID]">
                                                                                    <Compare CompareOp="EQ">
                                                                                      <ScalarOperator>
                                                                                        <Identifier>
                                                                                          <ColumnReference Database="[servicetrax_dev]" Schema="[dbo]" Table="[LOOKUPS]" Alias="[project_status_type]" Column="LOOKUP_ID" />
                                                                                        </Identifier>
                                                                                      </ScalarOperator>
                                                                                      <ScalarOperator>
                                                                                        <Identifier>
                                                                                          <ColumnReference Database="[servicetrax_dev]" Schema="[dbo]" Table="[PROJECTS]" Alias="[p]" Column="PROJECT_STATUS_TYPE_ID" />
                                                                                        </Identifier>
                                                                                      </ScalarOperator>
                                                                                    </Compare>
                                                                                  </ScalarOperator>
                                                                                </ProbeResidual>
                                                                                <RelOp AvgRowSize="16" EstimateCPU="0.029576" EstimateIO="0" EstimateRebinds="0" EstimateRewinds="0" EstimateRows="720" LogicalOp="Repartition Streams" NodeId="24" Parallel="true" PhysicalOp="Parallelism" EstimatedTotalSubtreeCost="0.0346569">
                                                                                  <OutputList>
                                                                                    <ColumnReference Database="[servicetrax_dev]" Schema="[dbo]" Table="[LOOKUPS]" Alias="[project_status_type]" Column="LOOKUP_ID" />
                                                                                  </OutputList>
                                                                                  <RunTimeInformation>
                                                                                    <RunTimeCountersPerThread Thread="1" ActualRows="187" ActualEndOfScans="1" ActualExecutions="1" />
                                                                                    <RunTimeCountersPerThread Thread="4" ActualRows="169" ActualEndOfScans="1" ActualExecutions="1" />
                                                                                    <RunTimeCountersPerThread Thread="3" ActualRows="177" ActualEndOfScans="1" ActualExecutions="1" />
                                                                                    <RunTimeCountersPerThread Thread="2" ActualRows="187" ActualEndOfScans="1" ActualExecutions="1" />
                                                                                    <RunTimeCountersPerThread Thread="0" ActualRows="0" ActualEndOfScans="0" ActualExecutions="0" />
                                                                                  </RunTimeInformation>
                                                                                  <Parallelism PartitioningType="Hash">
                                                                                    <PartitionColumns>
                                                                                      <ColumnReference Database="[servicetrax_dev]" Schema="[dbo]" Table="[LOOKUPS]" Alias="[project_status_type]" Column="LOOKUP_ID" />
                                                                                    </PartitionColumns>
                                                                                    <RelOp AvgRowSize="16" EstimateCPU="0.0004745" EstimateIO="0.00460648" EstimateRebinds="0" EstimateRewinds="0" EstimateRows="720" LogicalOp="Index Scan" NodeId="25" Parallel="true" PhysicalOp="Index Scan" EstimatedTotalSubtreeCost="0.00508098">
                                                                                      <OutputList>
                                                                                        <ColumnReference Database="[servicetrax_dev]" Schema="[dbo]" Table="[LOOKUPS]" Alias="[project_status_type]" Column="LOOKUP_ID" />
                                                                                      </OutputList>
                                                                                      <RunTimeInformation>
                                                                                        <RunTimeCountersPerThread Thread="1" ActualRows="0" ActualEndOfScans="1" ActualExecutions="1" />
                                                                                        <RunTimeCountersPerThread Thread="4" ActualRows="222" ActualEndOfScans="1" ActualExecutions="1" />
                                                                                        <RunTimeCountersPerThread Thread="3" ActualRows="337" ActualEndOfScans="1" ActualExecutions="1" />
                                                                                        <RunTimeCountersPerThread Thread="2" ActualRows="161" ActualEndOfScans="1" ActualExecutions="1" />
                                                                                        <RunTimeCountersPerThread Thread="0" ActualRows="0" ActualEndOfScans="0" ActualExecutions="0" />
                                                                                      </RunTimeInformation>
                                                                                      <IndexScan Ordered="false" ForcedIndex="false" NoExpandHint="false">
                                                                                        <DefinedValues>
                                                                                          <DefinedValue>
                                                                                            <ColumnReference Database="[servicetrax_dev]" Schema="[dbo]" Table="[LOOKUPS]" Alias="[project_status_type]" Column="LOOKUP_ID" />
                                                                                          </DefinedValue>
                                                                                        </DefinedValues>
                                                                                        <Object Database="[servicetrax_dev]" Schema="[dbo]" Table="[LOOKUPS]" Index="[IX_L_LOOKUP_TYPES]" Alias="[project_status_type]" />
                                                                                      </IndexScan>
                                                                                    </RelOp>
                                                                                  </Parallelism>
                                                                                </RelOp>
                                                                                <RelOp AvgRowSize="79" EstimateCPU="0.296002" EstimateIO="0" EstimateRebinds="0" EstimateRewinds="0" EstimateRows="59017.6" LogicalOp="Repartition Streams" NodeId="26" Parallel="true" PhysicalOp="Parallelism" EstimatedTotalSubtreeCost="47.8349">
                                                                                  <OutputList>
                                                                                    <ColumnReference Database="[servicetrax_dev]" Schema="[dbo]" Table="[REQUESTS]" Column="REQUEST_NO" />
                                                                                    <ColumnReference Database="[servicetrax_dev]" Schema="[dbo]" Table="[REQUESTS]" Column="CUSTOMER_CONTACT_ID" />
                                                                                    <ColumnReference Database="[servicetrax_dev]" Schema="[dbo]" Table="[REQUESTS]" Column="VERSION_NO" />
                                                                                    <ColumnReference Database="[servicetrax_dev]" Schema="[dbo]" Table="[PROJECTS]" Alias="[p]" Column="PROJECT_ID" />
                                                                                    <ColumnReference Database="[servicetrax_dev]" Schema="[dbo]" Table="[PROJECTS]" Alias="[p]" Column="CUSTOMER_ID" />
                                                                                    <ColumnReference Database="[servicetrax_dev]" Schema="[dbo]" Table="[PROJECTS]" Alias="[p]" Column="PROJECT_STATUS_TYPE_ID" />
                                                                                    <ColumnReference Database="[servicetrax_dev]" Schema="[dbo]" Table="[PROJECTS]" Alias="[p]" Column="CREATED_BY" />
                                                                                    <ColumnReference Database="[servicetrax_dev]" Schema="[dbo]" Table="[PROJECTS]" Alias="[p]" Column="PROJECT_TYPE_ID" />
                                                                                  </OutputList>
                                                                                  <RunTimeInformation>
                                                                                    <RunTimeCountersPerThread Thread="1" ActualRows="4481" ActualEndOfScans="1" ActualExecutions="1" />
                                                                                    <RunTimeCountersPerThread Thread="3" ActualRows="41753" ActualEndOfScans="1" ActualExecutions="1" />
                                                                                    <RunTimeCountersPerThread Thread="4" ActualRows="0" ActualEndOfScans="1" ActualExecutions="1" />
                                                                                    <RunTimeCountersPerThread Thread="2" ActualRows="0" ActualEndOfScans="1" ActualExecutions="1" />
                                                                                    <RunTimeCountersPerThread Thread="0" ActualRows="0" ActualEndOfScans="0" ActualExecutions="0" />
                                                                                  </RunTimeInformation>
                                                                                  <Parallelism PartitioningType="Hash">
                                                                                    <PartitionColumns>
                                                                                      <ColumnReference Database="[servicetrax_dev]" Schema="[dbo]" Table="[PROJECTS]" Alias="[p]" Column="PROJECT_STATUS_TYPE_ID" />
                                                                                    </PartitionColumns>
                                                                                    <RelOp AvgRowSize="79" EstimateCPU="1.4135" EstimateIO="0" EstimateRebinds="0" EstimateRewinds="0" EstimateRows="59017.6" LogicalOp="Inner Join" NodeId="27" Parallel="true" PhysicalOp="Hash Match" EstimatedTotalSubtreeCost="47.5389">
                                                                                      <OutputList>
                                                                                        <ColumnReference Database="[servicetrax_dev]" Schema="[dbo]" Table="[REQUESTS]" Column="REQUEST_NO" />
                                                                                        <ColumnReference Database="[servicetrax_dev]" Schema="[dbo]" Table="[REQUESTS]" Column="CUSTOMER_CONTACT_ID" />
                                                                                        <ColumnReference Database="[servicetrax_dev]" Schema="[dbo]" Table="[REQUESTS]" Column="VERSION_NO" />
                                                                                        <ColumnReference Database="[servicetrax_dev]" Schema="[dbo]" Table="[PROJECTS]" Alias="[p]" Column="PROJECT_ID" />
                                                                                        <ColumnReference Database="[servicetrax_dev]" Schema="[dbo]" Table="[PROJECTS]" Alias="[p]" Column="CUSTOMER_ID" />
                                                                                        <ColumnReference Database="[servicetrax_dev]" Schema="[dbo]" Table="[PROJECTS]" Alias="[p]" Column="PROJECT_STATUS_TYPE_ID" />
                                                                                        <ColumnReference Database="[servicetrax_dev]" Schema="[dbo]" Table="[PROJECTS]" Alias="[p]" Column="CREATED_BY" />
                                                                                        <ColumnReference Database="[servicetrax_dev]" Schema="[dbo]" Table="[PROJECTS]" Alias="[p]" Column="PROJECT_TYPE_ID" />
                                                                                      </OutputList>
                                                                                      <MemoryFractions Input="0.925703" Output="0.737802" />
                                                                                      <RunTimeInformation>
                                                                                        <RunTimeCountersPerThread Thread="4" ActualRows="24041" ActualEndOfScans="1" ActualExecutions="1" />
                                                                                        <RunTimeCountersPerThread Thread="1" ActualRows="10525" ActualEndOfScans="1" ActualExecutions="1" />
                                                                                        <RunTimeCountersPerThread Thread="2" ActualRows="6681" ActualEndOfScans="1" ActualExecutions="1" />
                                                                                        <RunTimeCountersPerThread Thread="3" ActualRows="4987" ActualEndOfScans="1" ActualExecutions="1" />
                                                                                        <RunTimeCountersPerThread Thread="0" ActualRows="0" ActualEndOfScans="0" ActualExecutions="0" />
                                                                                      </RunTimeInformation>
                                                                                      <Hash>
                                                                                        <DefinedValues />
                                                                                        <HashKeysBuild>
                                                                                          <ColumnReference Database="[servicetrax_dev]" Schema="[dbo]" Table="[REQUESTS]" Column="PROJECT_ID" />
                                                                                        </HashKeysBuild>
                                                                                        <HashKeysProbe>
                                                                                          <ColumnReference Database="[servicetrax_dev]" Schema="[dbo]" Table="[PROJECTS]" Alias="[p]" Column="PROJECT_ID" />
                                                                                        </HashKeysProbe>
                                                                                        <ProbeResidual>
                                                                                          <ScalarOperator ScalarString="[servicetrax_dev].[dbo].[PROJECTS].[PROJECT_ID] as [p].[PROJECT_ID]=[servicetrax_dev].[dbo].[REQUESTS].[PROJECT_ID]">
                                                                                            <Compare CompareOp="EQ">
                                                                                              <ScalarOperator>
                                                                                                <Identifier>
                                                                                                  <ColumnReference Database="[servicetrax_dev]" Schema="[dbo]" Table="[PROJECTS]" Alias="[p]" Column="PROJECT_ID" />
                                                                                                </Identifier>
                                                                                              </ScalarOperator>
                                                                                              <ScalarOperator>
                                                                                                <Identifier>
                                                                                                  <ColumnReference Database="[servicetrax_dev]" Schema="[dbo]" Table="[REQUESTS]" Column="PROJECT_ID" />
                                                                                                </Identifier>
                                                                                              </ScalarOperator>
                                                                                            </Compare>
                                                                                          </ScalarOperator>
                                                                                        </ProbeResidual>
                                                                                        <RelOp AvgRowSize="43" EstimateCPU="0.0408315" EstimateIO="0" EstimateRebinds="0" EstimateRewinds="0" EstimateRows="59064.1" LogicalOp="Bitmap Create" NodeId="28" Parallel="true" PhysicalOp="Bitmap" EstimatedTotalSubtreeCost="44.7236">
                                                                                          <OutputList>
                                                                                            <ColumnReference Database="[servicetrax_dev]" Schema="[dbo]" Table="[REQUESTS]" Column="PROJECT_ID" />
                                                                                            <ColumnReference Database="[servicetrax_dev]" Schema="[dbo]" Table="[REQUESTS]" Column="REQUEST_NO" />
                                                                                            <ColumnReference Database="[servicetrax_dev]" Schema="[dbo]" Table="[REQUESTS]" Column="CUSTOMER_CONTACT_ID" />
                                                                                            <ColumnReference Database="[servicetrax_dev]" Schema="[dbo]" Table="[REQUESTS]" Column="VERSION_NO" />
                                                                                          </OutputList>
                                                                                          <RunTimeInformation>
                                                                                            <RunTimeCountersPerThread Thread="4" ActualRows="24041" ActualEndOfScans="1" ActualExecutions="1" />
                                                                                            <RunTimeCountersPerThread Thread="1" ActualRows="10525" ActualEndOfScans="1" ActualExecutions="1" />
                                                                                            <RunTimeCountersPerThread Thread="3" ActualRows="4987" ActualEndOfScans="1" ActualExecutions="1" />
                                                                                            <RunTimeCountersPerThread Thread="2" ActualRows="6681" ActualEndOfScans="1" ActualExecutions="1" />
                                                                                            <RunTimeCountersPerThread Thread="0" ActualRows="0" ActualEndOfScans="0" ActualExecutions="0" />
                                                                                          </RunTimeInformation>
                                                                                          <Bitmap>
                                                                                            <DefinedValues>
                                                                                              <DefinedValue>
                                                                                                <ColumnReference Column="Bitmap1040" />
                                                                                              </DefinedValue>
                                                                                            </DefinedValues>
                                                                                            <HashKeys>
                                                                                              <ColumnReference Database="[servicetrax_dev]" Schema="[dbo]" Table="[REQUESTS]" Column="PROJECT_ID" />
                                                                                            </HashKeys>
                                                                                            <RelOp AvgRowSize="43" EstimateCPU="0.0408315" EstimateIO="0" EstimateRebinds="0" EstimateRewinds="0" EstimateRows="59064.1" LogicalOp="Repartition Streams" NodeId="29" Parallel="true" PhysicalOp="Parallelism" EstimatedTotalSubtreeCost="44.7236">
                                                                                              <OutputList>
                                                                                                <ColumnReference Database="[servicetrax_dev]" Schema="[dbo]" Table="[REQUESTS]" Column="PROJECT_ID" />
                                                                                                <ColumnReference Database="[servicetrax_dev]" Schema="[dbo]" Table="[REQUESTS]" Column="REQUEST_NO" />
                                                                                                <ColumnReference Database="[servicetrax_dev]" Schema="[dbo]" Table="[REQUESTS]" Column="CUSTOMER_CONTACT_ID" />
                                                                                                <ColumnReference Database="[servicetrax_dev]" Schema="[dbo]" Table="[REQUESTS]" Column="VERSION_NO" />
                                                                                              </OutputList>
                                                                                              <RunTimeInformation>
                                                                                                <RunTimeCountersPerThread Thread="4" ActualRows="24041" ActualEndOfScans="1" ActualExecutions="1" />
                                                                                                <RunTimeCountersPerThread Thread="1" ActualRows="10525" ActualEndOfScans="1" ActualExecutions="1" />
                                                                                                <RunTimeCountersPerThread Thread="3" ActualRows="4987" ActualEndOfScans="1" ActualExecutions="1" />
                                                                                                <RunTimeCountersPerThread Thread="2" ActualRows="6681" ActualEndOfScans="1" ActualExecutions="1" />
                                                                                                <RunTimeCountersPerThread Thread="0" ActualRows="0" ActualEndOfScans="0" ActualExecutions="0" />
                                                                                              </RunTimeInformation>
                                                                                              <Parallelism PartitioningType="Hash">
                                                                                                <PartitionColumns>
                                                                                                  <ColumnReference Database="[servicetrax_dev]" Schema="[dbo]" Table="[REQUESTS]" Column="PROJECT_ID" />
                                                                                                </PartitionColumns>
                                                                                                <RelOp AvgRowSize="43" EstimateCPU="0.396172" EstimateIO="0" EstimateRebinds="0" EstimateRewinds="0" EstimateRows="59064.1" LogicalOp="Inner Join" NodeId="30" Parallel="true" PhysicalOp="Hash Match" EstimatedTotalSubtreeCost="44.6827">
                                                                                                  <OutputList>
                                                                                                    <ColumnReference Database="[servicetrax_dev]" Schema="[dbo]" Table="[REQUESTS]" Column="PROJECT_ID" />
                                                                                                    <ColumnReference Database="[servicetrax_dev]" Schema="[dbo]" Table="[REQUESTS]" Column="REQUEST_NO" />
                                                                                                    <ColumnReference Database="[servicetrax_dev]" Schema="[dbo]" Table="[REQUESTS]" Column="CUSTOMER_CONTACT_ID" />
                                                                                                    <ColumnReference Database="[servicetrax_dev]" Schema="[dbo]" Table="[REQUESTS]" Column="VERSION_NO" />
                                                                                                  </OutputList>
                                                                                                  <MemoryFractions Input="0" Output="0" />
                                                                                                  <RunTimeInformation>
                                                                                                    <RunTimeCountersPerThread Thread="2" ActualRows="15929" ActualEndOfScans="1" ActualExecutions="1" />
                                                                                                    <RunTimeCountersPerThread Thread="4" ActualRows="197" ActualEndOfScans="1" ActualExecutions="1" />
                                                                                                    <RunTimeCountersPerThread Thread="3" ActualRows="30076" ActualEndOfScans="1" ActualExecutions="1" />
                                                                                                    <RunTimeCountersPerThread Thread="1" ActualRows="32" ActualEndOfScans="1" ActualExecutions="1" />
                                                                                                    <RunTimeCountersPerThread Thread="0" ActualRows="0" ActualEndOfScans="0" ActualExecutions="0" />
                                                                                                  </RunTimeInformation>
                                                                                                  <Hash>
                                                                                                    <DefinedValues />
                                                                                                    <HashKeysBuild>
                                                                                                      <ColumnReference Database="[servicetrax_dev]" Schema="[dbo]" Table="[LOOKUPS]" Alias="[request_status_types]" Column="LOOKUP_ID" />
                                                                                                    </HashKeysBuild>
                                                                                                    <HashKeysProbe>
                                                                                                      <ColumnReference Database="[servicetrax_dev]" Schema="[dbo]" Table="[REQUESTS]" Column="REQUEST_STATUS_TYPE_ID" />
                                                                                                    </HashKeysProbe>
                                                                                                    <ProbeResidual>
                                                                                                      <ScalarOperator ScalarString="[servicetrax_dev].[dbo].[LOOKUPS].[LOOKUP_ID] as [request_status_types].[LOOKUP_ID]=[servicetrax_dev].[dbo].[REQUESTS].[REQUEST_STATUS_TYPE_ID]">
                                                                                                        <Compare CompareOp="EQ">
                                                                                                          <ScalarOperator>
                                                                                                            <Identifier>
                                                                                                              <ColumnReference Database="[servicetrax_dev]" Schema="[dbo]" Table="[LOOKUPS]" Alias="[request_status_types]" Column="LOOKUP_ID" />
                                                                                                            </Identifier>
                                                                                                          </ScalarOperator>
                                                                                                          <ScalarOperator>
                                                                                                            <Identifier>
                                                                                                              <ColumnReference Database="[servicetrax_dev]" Schema="[dbo]" Table="[REQUESTS]" Column="REQUEST_STATUS_TYPE_ID" />
                                                                                                            </Identifier>
                                                                                                          </ScalarOperator>
                                                                                                        </Compare>
                                                                                                      </ScalarOperator>
                                                                                                    </ProbeResidual>
                                                                                                    <RelOp AvgRowSize="16" EstimateCPU="0.0295654" EstimateIO="0" EstimateRebinds="0" EstimateRewinds="0" EstimateRows="712.961" LogicalOp="Repartition Streams" NodeId="31" Parallel="true" PhysicalOp="Parallelism" EstimatedTotalSubtreeCost="0.0353833">
                                                                                                      <OutputList>
                                                                                                        <ColumnReference Database="[servicetrax_dev]" Schema="[dbo]" Table="[LOOKUPS]" Alias="[request_status_types]" Column="LOOKUP_ID" />
                                                                                                      </OutputList>
                                                                                                      <RunTimeInformation>
                                                                                                        <RunTimeCountersPerThread Thread="1" ActualRows="185" ActualEndOfScans="1" ActualExecutions="1" />
                                                                                                        <RunTimeCountersPerThread Thread="4" ActualRows="169" ActualEndOfScans="1" ActualExecutions="1" />
                                                                                                        <RunTimeCountersPerThread Thread="2" ActualRows="183" ActualEndOfScans="1" ActualExecutions="1" />
                                                                                                        <RunTimeCountersPerThread Thread="3" ActualRows="176" ActualEndOfScans="1" ActualExecutions="1" />
                                                                                                        <RunTimeCountersPerThread Thread="0" ActualRows="0" ActualEndOfScans="0" ActualExecutions="0" />
                                                                                                      </RunTimeInformation>
                                                                                                      <Parallelism PartitioningType="Hash">
                                                                                                        <PartitionColumns>
                                                                                                          <ColumnReference Database="[servicetrax_dev]" Schema="[dbo]" Table="[LOOKUPS]" Alias="[request_status_types]" Column="LOOKUP_ID" />
                                                                                                        </PartitionColumns>
                                                                                                        <RelOp AvgRowSize="16" EstimateCPU="0.000470628" EstimateIO="0.00534722" EstimateRebinds="0" EstimateRewinds="0" EstimateRows="712.961" LogicalOp="Index Seek" NodeId="32" Parallel="true" PhysicalOp="Index Seek" EstimatedTotalSubtreeCost="0.00581785">
                                                                                                          <OutputList>
                                                                                                            <ColumnReference Database="[servicetrax_dev]" Schema="[dbo]" Table="[LOOKUPS]" Alias="[request_status_types]" Column="LOOKUP_ID" />
                                                                                                          </OutputList>
                                                                                                          <RunTimeInformation>
                                                                                                            <RunTimeCountersPerThread Thread="1" ActualRows="129" ActualEndOfScans="1" ActualExecutions="1" />
                                                                                                            <RunTimeCountersPerThread Thread="3" ActualRows="363" ActualEndOfScans="1" ActualExecutions="1" />
                                                                                                            <RunTimeCountersPerThread Thread="4" ActualRows="187" ActualEndOfScans="1" ActualExecutions="1" />
                                                                                                            <RunTimeCountersPerThread Thread="2" ActualRows="34" ActualEndOfScans="1" ActualExecutions="1" />
                                                                                                            <RunTimeCountersPerThread Thread="0" ActualRows="0" ActualEndOfScans="0" ActualExecutions="0" />
                                                                                                          </RunTimeInformation>
                                                                                                          <IndexScan Ordered="true" ScanDirection="FORWARD" ForcedIndex="false" NoExpandHint="false">
                                                                                                            <DefinedValues>
                                                                                                              <DefinedValue>
                                                                                                                <ColumnReference Database="[servicetrax_dev]" Schema="[dbo]" Table="[LOOKUPS]" Alias="[request_status_types]" Column="LOOKUP_ID" />
                                                                                                              </DefinedValue>
                                                                                                            </DefinedValues>
                                                                                                            <Object Database="[servicetrax_dev]" Schema="[dbo]" Table="[LOOKUPS]" Index="[IX_L_CODE]" Alias="[request_status_types]" />
                                                                                                            <SeekPredicates>
                                                                                                              <SeekPredicate>
                                                                                                                <EndRange ScanType="LT">
                                                                                                                  <RangeColumns>
                                                                                                                    <ColumnReference Database="[servicetrax_dev]" Schema="[dbo]" Table="[LOOKUPS]" Alias="[request_status_types]" Column="CODE" />
                                                                                                                  </RangeColumns>
                                                                                                                  <RangeExpressions>
                                                                                                                    <ScalarOperator ScalarString="'closed'">
                                                                                                                      <Const ConstValue="'closed'" />
                                                                                                                    </ScalarOperator>
                                                                                                                  </RangeExpressions>
                                                                                                                </EndRange>
                                                                                                              </SeekPredicate>
                                                                                                              <SeekPredicate>
                                                                                                                <StartRange ScanType="GT">
                                                                                                                  <RangeColumns>
                                                                                                                    <ColumnReference Database="[servicetrax_dev]" Schema="[dbo]" Table="[LOOKUPS]" Alias="[request_status_types]" Column="CODE" />
                                                                                                                  </RangeColumns>
                                                                                                                  <RangeExpressions>
                                                                                                                    <ScalarOperator ScalarString="'closed'">
                                                                                                                      <Const ConstValue="'closed'" />
                                                                                                                    </ScalarOperator>
                                                                                                                  </RangeExpressions>
                                                                                                                </StartRange>
                                                                                                              </SeekPredicate>
                                                                                                            </SeekPredicates>
                                                                                                          </IndexScan>
                                                                                                        </RelOp>
                                                                                                      </Parallelism>
                                                                                                    </RelOp>
                                                                                                    <RelOp AvgRowSize="52" EstimateCPU="0.247481" EstimateIO="0" EstimateRebinds="0" EstimateRewinds="0" EstimateRows="59146" LogicalOp="Repartition Streams" NodeId="33" Parallel="true" PhysicalOp="Parallelism" EstimatedTotalSubtreeCost="44.2512">
                                                                                                      <OutputList>
                                                                                                        <ColumnReference Database="[servicetrax_dev]" Schema="[dbo]" Table="[REQUESTS]" Column="PROJECT_ID" />
                                                                                                        <ColumnReference Database="[servicetrax_dev]" Schema="[dbo]" Table="[REQUESTS]" Column="REQUEST_NO" />
                                                                                                        <ColumnReference Database="[servicetrax_dev]" Schema="[dbo]" Table="[REQUESTS]" Column="REQUEST_STATUS_TYPE_ID" />
                                                                                                        <ColumnReference Database="[servicetrax_dev]" Schema="[dbo]" Table="[REQUESTS]" Column="CUSTOMER_CONTACT_ID" />
                                                                                                        <ColumnReference Database="[servicetrax_dev]" Schema="[dbo]" Table="[REQUESTS]" Column="VERSION_NO" />
                                                                                                      </OutputList>
                                                                                                      <RunTimeInformation>
                                                                                                        <RunTimeCountersPerThread Thread="1" ActualRows="45501" ActualEndOfScans="1" ActualExecutions="1" />
                                                                                                        <RunTimeCountersPerThread Thread="2" ActualRows="15929" ActualEndOfScans="1" ActualExecutions="1" />
                                                                                                        <RunTimeCountersPerThread Thread="4" ActualRows="197" ActualEndOfScans="1" ActualExecutions="1" />
                                                                                                        <RunTimeCountersPerThread Thread="3" ActualRows="30078" ActualEndOfScans="1" ActualExecutions="1" />
                                                                                                        <RunTimeCountersPerThread Thread="0" ActualRows="0" ActualEndOfScans="0" ActualExecutions="0" />
                                                                                                      </RunTimeInformation>
                                                                                                      <Parallelism PartitioningType="Hash">
                                                                                                        <PartitionColumns>
                                                                                                          <ColumnReference Database="[servicetrax_dev]" Schema="[dbo]" Table="[REQUESTS]" Column="REQUEST_STATUS_TYPE_ID" />
                                                                                                        </PartitionColumns>
                                                                                                        <RelOp AvgRowSize="52" EstimateCPU="0.888944" EstimateIO="0" EstimateRebinds="0" EstimateRewinds="0" EstimateRows="59146" LogicalOp="Inner Join" NodeId="34" Parallel="true" PhysicalOp="Hash Match" EstimatedTotalSubtreeCost="44.0037">
                                                                                                          <OutputList>
                                                                                                            <ColumnReference Database="[servicetrax_dev]" Schema="[dbo]" Table="[REQUESTS]" Column="PROJECT_ID" />
                                                                                                            <ColumnReference Database="[servicetrax_dev]" Schema="[dbo]" Table="[REQUESTS]" Column="REQUEST_NO" />
                                                                                                            <ColumnReference Database="[servicetrax_dev]" Schema="[dbo]" Table="[REQUESTS]" Column="REQUEST_STATUS_TYPE_ID" />
                                                                                                            <ColumnReference Database="[servicetrax_dev]" Schema="[dbo]" Table="[REQUESTS]" Column="CUSTOMER_CONTACT_ID" />
                                                                                                            <ColumnReference Database="[servicetrax_dev]" Schema="[dbo]" Table="[REQUESTS]" Column="VERSION_NO" />
                                                                                                          </OutputList>
                                                                                                          <MemoryFractions Input="0" Output="0" />
                                                                                                          <RunTimeInformation>
                                                                                                            <RunTimeCountersPerThread Thread="4" ActualRows="25024" ActualEndOfScans="1" ActualExecutions="1" />
                                                                                                            <RunTimeCountersPerThread Thread="3" ActualRows="18001" ActualEndOfScans="1" ActualExecutions="1" />
                                                                                                            <RunTimeCountersPerThread Thread="2" ActualRows="23467" ActualEndOfScans="1" ActualExecutions="1" />
                                                                                                            <RunTimeCountersPerThread Thread="1" ActualRows="25213" ActualEndOfScans="1" ActualExecutions="1" />
                                                                                                            <RunTimeCountersPerThread Thread="0" ActualRows="0" ActualEndOfScans="0" ActualExecutions="0" />
                                                                                                          </RunTimeInformation>
                                                                                                          <Hash>
                                                                                                            <DefinedValues />
                                                                                                            <HashKeysBuild>
                                                                                                              <ColumnReference Database="[servicetrax_dev]" Schema="[dbo]" Table="[LOOKUPS]" Alias="[request_types]" Column="LOOKUP_ID" />
                                                                                                            </HashKeysBuild>
                                                                                                            <HashKeysProbe>
                                                                                                              <ColumnReference Database="[servicetrax_dev]" Schema="[dbo]" Table="[REQUESTS]" Column="REQUEST_TYPE_ID" />
                                                                                                            </HashKeysProbe>
                                                                                                            <ProbeResidual>
                                                                                                              <ScalarOperator ScalarString="[servicetrax_dev].[dbo].[REQUESTS].[REQUEST_TYPE_ID]=[servicetrax_dev].[dbo].[LOOKUPS].[LOOKUP_ID] as [request_types].[LOOKUP_ID]">
                                                                                                                <Compare CompareOp="EQ">
                                                                                                                  <ScalarOperator>
                                                                                                                    <Identifier>
                                                                                                                      <ColumnReference Database="[servicetrax_dev]" Schema="[dbo]" Table="[REQUESTS]" Column="REQUEST_TYPE_ID" />
                                                                                                                    </Identifier>
                                                                                                                  </ScalarOperator>
                                                                                                                  <ScalarOperator>
                                                                                                                    <Identifier>
                                                                                                                      <ColumnReference Database="[servicetrax_dev]" Schema="[dbo]" Table="[LOOKUPS]" Alias="[request_types]" Column="LOOKUP_ID" />
                                                                                                                    </Identifier>
                                                                                                                  </ScalarOperator>
                                                                                                                </Compare>
                                                                                                              </ScalarOperator>
                                                                                                            </ProbeResidual>
                                                                                                            <RelOp AvgRowSize="16" EstimateCPU="0.0285022" EstimateIO="0" EstimateRebinds="0" EstimateRewinds="0" EstimateRows="1" LogicalOp="Distribute Streams" NodeId="35" Parallel="true" PhysicalOp="Parallelism" EstimatedTotalSubtreeCost="0.0317853">
                                                                                                              <OutputList>
                                                                                                                <ColumnReference Database="[servicetrax_dev]" Schema="[dbo]" Table="[LOOKUPS]" Alias="[request_types]" Column="LOOKUP_ID" />
                                                                                                              </OutputList>
                                                                                                              <RunTimeInformation>
                                                                                                                <RunTimeCountersPerThread Thread="1" ActualRows="1" ActualEndOfScans="1" ActualExecutions="1" />
                                                                                                                <RunTimeCountersPerThread Thread="3" ActualRows="1" ActualEndOfScans="1" ActualExecutions="1" />
                                                                                                                <RunTimeCountersPerThread Thread="4" ActualRows="1" ActualEndOfScans="1" ActualExecutions="1" />
                                                                                                                <RunTimeCountersPerThread Thread="2" ActualRows="1" ActualEndOfScans="1" ActualExecutions="1" />
                                                                                                                <RunTimeCountersPerThread Thread="0" ActualRows="0" ActualEndOfScans="0" ActualExecutions="0" />
                                                                                                              </RunTimeInformation>
                                                                                                              <Parallelism PartitioningType="Broadcast">
                                                                                                                <RelOp AvgRowSize="16" EstimateCPU="0.0001581" EstimateIO="0.003125" EstimateRebinds="0" EstimateRewinds="0" EstimateRows="1" LogicalOp="Index Seek" NodeId="36" Parallel="false" PhysicalOp="Index Seek" EstimatedTotalSubtreeCost="0.0032831">
                                                                                                                  <OutputList>
                                                                                                                    <ColumnReference Database="[servicetrax_dev]" Schema="[dbo]" Table="[LOOKUPS]" Alias="[request_types]" Column="LOOKUP_ID" />
                                                                                                                  </OutputList>
                                                                                                                  <RunTimeInformation>
                                                                                                                    <RunTimeCountersPerThread Thread="1" ActualRows="1" ActualEndOfScans="1" ActualExecutions="1" />
                                                                                                                    <RunTimeCountersPerThread Thread="0" ActualRows="0" ActualEndOfScans="0" ActualExecutions="0" />
                                                                                                                  </RunTimeInformation>
                                                                                                                  <IndexScan Ordered="true" ScanDirection="FORWARD" ForcedIndex="false" NoExpandHint="false">
                                                                                                                    <DefinedValues>
                                                                                                                      <DefinedValue>
                                                                                                                        <ColumnReference Database="[servicetrax_dev]" Schema="[dbo]" Table="[LOOKUPS]" Alias="[request_types]" Column="LOOKUP_ID" />
                                                                                                                      </DefinedValue>
                                                                                                                    </DefinedValues>
                                                                                                                    <Object Database="[servicetrax_dev]" Schema="[dbo]" Table="[LOOKUPS]" Index="[IX_L_CODE]" Alias="[request_types]" />
                                                                                                                    <SeekPredicates>
                                                                                                                      <SeekPredicate>
                                                                                                                        <Prefix ScanType="EQ">
                                                                                                                          <RangeColumns>
                                                                                                                            <ColumnReference Database="[servicetrax_dev]" Schema="[dbo]" Table="[LOOKUPS]" Alias="[request_types]" Column="CODE" />
                                                                                                                          </RangeColumns>
                                                                                                                          <RangeExpressions>
                                                                                                                            <ScalarOperator ScalarString="'workorder'">
                                                                                                                              <Const ConstValue="'workorder'" />
                                                                                                                            </ScalarOperator>
                                                                                                                          </RangeExpressions>
                                                                                                                        </Prefix>
                                                                                                                      </SeekPredicate>
                                                                                                                    </SeekPredicates>
                                                                                                                  </IndexScan>
                                                                                                                </RelOp>
                                                                                                              </Parallelism>
                                                                                                            </RelOp>
                                                                                                            <RelOp AvgRowSize="61" EstimateCPU="0.130223" EstimateIO="42.9528" EstimateRebinds="0" EstimateRewinds="0" EstimateRows="236626" LogicalOp="Clustered Index Scan" NodeId="37" Parallel="true" PhysicalOp="Clustered Index Scan" EstimatedTotalSubtreeCost="43.083">
                                                                                                              <OutputList>
                                                                                                                <ColumnReference Database="[servicetrax_dev]" Schema="[dbo]" Table="[REQUESTS]" Column="PROJECT_ID" />
                                                                                                                <ColumnReference Database="[servicetrax_dev]" Schema="[dbo]" Table="[REQUESTS]" Column="REQUEST_NO" />
                                                                                                                <ColumnReference Database="[servicetrax_dev]" Schema="[dbo]" Table="[REQUESTS]" Column="REQUEST_TYPE_ID" />
                                                                                                                <ColumnReference Database="[servicetrax_dev]" Schema="[dbo]" Table="[REQUESTS]" Column="REQUEST_STATUS_TYPE_ID" />
                                                                                                                <ColumnReference Database="[servicetrax_dev]" Schema="[dbo]" Table="[REQUESTS]" Column="CUSTOMER_CONTACT_ID" />
                                                                                                                <ColumnReference Database="[servicetrax_dev]" Schema="[dbo]" Table="[REQUESTS]" Column="VERSION_NO" />
                                                                                                              </OutputList>
                                                                                                              <RunTimeInformation>
                                                                                                                <RunTimeCountersPerThread Thread="1" ActualRows="66122" ActualEndOfScans="1" ActualExecutions="1" />
                                                                                                                <RunTimeCountersPerThread Thread="3" ActualRows="48391" ActualEndOfScans="1" ActualExecutions="1" />
                                                                                                                <RunTimeCountersPerThread Thread="4" ActualRows="63781" ActualEndOfScans="1" ActualExecutions="1" />
                                                                                                                <RunTimeCountersPerThread Thread="2" ActualRows="58333" ActualEndOfScans="1" ActualExecutions="1" />
                                                                                                                <RunTimeCountersPerThread Thread="0" ActualRows="0" ActualEndOfScans="0" ActualExecutions="0" />
                                                                                                              </RunTimeInformation>
                                                                                                              <IndexScan Ordered="false" ForcedIndex="false" NoExpandHint="false">
                                                                                                                <DefinedValues>
                                                                                                                  <DefinedValue>
                                                                                                                    <ColumnReference Database="[servicetrax_dev]" Schema="[dbo]" Table="[REQUESTS]" Column="PROJECT_ID" />
                                                                                                                  </DefinedValue>
                                                                                                                  <DefinedValue>
                                                                                                                    <ColumnReference Database="[servicetrax_dev]" Schema="[dbo]" Table="[REQUESTS]" Column="REQUEST_NO" />
                                                                                                                  </DefinedValue>
                                                                                                                  <DefinedValue>
                                                                                                                    <ColumnReference Database="[servicetrax_dev]" Schema="[dbo]" Table="[REQUESTS]" Column="REQUEST_TYPE_ID" />
                                                                                                                  </DefinedValue>
                                                                                                                  <DefinedValue>
                                                                                                                    <ColumnReference Database="[servicetrax_dev]" Schema="[dbo]" Table="[REQUESTS]" Column="REQUEST_STATUS_TYPE_ID" />
                                                                                                                  </DefinedValue>
                                                                                                                  <DefinedValue>
                                                                                                                    <ColumnReference Database="[servicetrax_dev]" Schema="[dbo]" Table="[REQUESTS]" Column="CUSTOMER_CONTACT_ID" />
                                                                                                                  </DefinedValue>
                                                                                                                  <DefinedValue>
                                                                                                                    <ColumnReference Database="[servicetrax_dev]" Schema="[dbo]" Table="[REQUESTS]" Column="VERSION_NO" />
                                                                                                                  </DefinedValue>
                                                                                                                </DefinedValues>
                                                                                                                <Object Database="[servicetrax_dev]" Schema="[dbo]" Table="[REQUESTS]" Index="[PK_REQUESTS]" TableReferenceId="1" />
                                                                                                              </IndexScan>
                                                                                                            </RelOp>
                                                                                                          </Hash>
                                                                                                        </RelOp>
                                                                                                      </Parallelism>
                                                                                                    </RelOp>
                                                                                                  </Hash>
                                                                                                </RelOp>
                                                                                              </Parallelism>
                                                                                            </RelOp>
                                                                                          </Bitmap>
                                                                                        </RelOp>
                                                                                        <RelOp AvgRowSize="52" EstimateCPU="0.328185" EstimateIO="0" EstimateRebinds="0" EstimateRewinds="0" EstimateRows="80944" LogicalOp="Repartition Streams" NodeId="40" Parallel="true" PhysicalOp="Parallelism" EstimatedTotalSubtreeCost="1.40183">
                                                                                          <OutputList>
                                                                                            <ColumnReference Database="[servicetrax_dev]" Schema="[dbo]" Table="[PROJECTS]" Alias="[p]" Column="PROJECT_ID" />
                                                                                            <ColumnReference Database="[servicetrax_dev]" Schema="[dbo]" Table="[PROJECTS]" Alias="[p]" Column="CUSTOMER_ID" />
                                                                                            <ColumnReference Database="[servicetrax_dev]" Schema="[dbo]" Table="[PROJECTS]" Alias="[p]" Column="PROJECT_STATUS_TYPE_ID" />
                                                                                            <ColumnReference Database="[servicetrax_dev]" Schema="[dbo]" Table="[PROJECTS]" Alias="[p]" Column="CREATED_BY" />
                                                                                            <ColumnReference Database="[servicetrax_dev]" Schema="[dbo]" Table="[PROJECTS]" Alias="[p]" Column="PROJECT_TYPE_ID" />
                                                                                          </OutputList>
                                                                                          <RunTimeInformation>
                                                                                            <RunTimeCountersPerThread Thread="4" ActualRows="42" ActualEndOfScans="1" ActualExecutions="1" />
                                                                                            <RunTimeCountersPerThread Thread="1" ActualRows="39" ActualEndOfScans="1" ActualExecutions="1" />
                                                                                            <RunTimeCountersPerThread Thread="3" ActualRows="37" ActualEndOfScans="1" ActualExecutions="1" />
                                                                                            <RunTimeCountersPerThread Thread="2" ActualRows="41" ActualEndOfScans="1" ActualExecutions="1" />
                                                                                            <RunTimeCountersPerThread Thread="0" ActualRows="0" ActualEndOfScans="0" ActualExecutions="0" />
                                                                                          </RunTimeInformation>
                                                                                          <Parallelism PartitioningType="Hash">
                                                                                            <PartitionColumns>
                                                                                              <ColumnReference Database="[servicetrax_dev]" Schema="[dbo]" Table="[PROJECTS]" Alias="[p]" Column="PROJECT_ID" />
                                                                                            </PartitionColumns>
                                                                                            <ProbeColumn>
                                                                                              <ColumnReference Column="Bitmap1040" />
                                                                                            </ProbeColumn>
                                                                                            <RelOp AvgRowSize="52" EstimateCPU="0.0445977" EstimateIO="1.02905" EstimateRebinds="0" EstimateRewinds="0" EstimateRows="80944" LogicalOp="Clustered Index Scan" NodeId="41" Parallel="true" PhysicalOp="Clustered Index Scan" EstimatedTotalSubtreeCost="1.07365">
                                                                                              <OutputList>
                                                                                                <ColumnReference Database="[servicetrax_dev]" Schema="[dbo]" Table="[PROJECTS]" Alias="[p]" Column="PROJECT_ID" />
                                                                                                <ColumnReference Database="[servicetrax_dev]" Schema="[dbo]" Table="[PROJECTS]" Alias="[p]" Column="CUSTOMER_ID" />
                                                                                                <ColumnReference Database="[servicetrax_dev]" Schema="[dbo]" Table="[PROJECTS]" Alias="[p]" Column="PROJECT_STATUS_TYPE_ID" />
                                                                                                <ColumnReference Database="[servicetrax_dev]" Schema="[dbo]" Table="[PROJECTS]" Alias="[p]" Column="CREATED_BY" />
                                                                                                <ColumnReference Database="[servicetrax_dev]" Schema="[dbo]" Table="[PROJECTS]" Alias="[p]" Column="PROJECT_TYPE_ID" />
                                                                                              </OutputList>
                                                                                              <RunTimeInformation>
                                                                                                <RunTimeCountersPerThread Thread="4" ActualRows="20502" ActualEndOfScans="1" ActualExecutions="1" />
                                                                                                <RunTimeCountersPerThread Thread="3" ActualRows="19590" ActualEndOfScans="1" ActualExecutions="1" />
                                                                                                <RunTimeCountersPerThread Thread="1" ActualRows="20385" ActualEndOfScans="1" ActualExecutions="1" />
                                                                                                <RunTimeCountersPerThread Thread="2" ActualRows="20467" ActualEndOfScans="1" ActualExecutions="1" />
                                                                                                <RunTimeCountersPerThread Thread="0" ActualRows="0" ActualEndOfScans="0" ActualExecutions="0" />
                                                                                              </RunTimeInformation>
                                                                                              <IndexScan Ordered="false" ForcedIndex="false" NoExpandHint="false">
                                                                                                <DefinedValues>
                                                                                                  <DefinedValue>
                                                                                                    <ColumnReference Database="[servicetrax_dev]" Schema="[dbo]" Table="[PROJECTS]" Alias="[p]" Column="PROJECT_ID" />
                                                                                                  </DefinedValue>
                                                                                                  <DefinedValue>
                                                                                                    <ColumnReference Database="[servicetrax_dev]" Schema="[dbo]" Table="[PROJECTS]" Alias="[p]" Column="CUSTOMER_ID" />
                                                                                                  </DefinedValue>
                                                                                                  <DefinedValue>
                                                                                                    <ColumnReference Database="[servicetrax_dev]" Schema="[dbo]" Table="[PROJECTS]" Alias="[p]" Column="PROJECT_STATUS_TYPE_ID" />
                                                                                                  </DefinedValue>
                                                                                                  <DefinedValue>
                                                                                                    <ColumnReference Database="[servicetrax_dev]" Schema="[dbo]" Table="[PROJECTS]" Alias="[p]" Column="CREATED_BY" />
                                                                                                  </DefinedValue>
                                                                                                  <DefinedValue>
                                                                                                    <ColumnReference Database="[servicetrax_dev]" Schema="[dbo]" Table="[PROJECTS]" Alias="[p]" Column="PROJECT_TYPE_ID" />
                                                                                                  </DefinedValue>
                                                                                                </DefinedValues>
                                                                                                <Object Database="[servicetrax_dev]" Schema="[dbo]" Table="[PROJECTS]" Index="[PK_PROJECTS]" Alias="[p]" />
                                                                                              </IndexScan>
                                                                                            </RelOp>
                                                                                          </Parallelism>
                                                                                        </RelOp>
                                                                                      </Hash>
                                                                                    </RelOp>
                                                                                  </Parallelism>
                                                                                </RelOp>
                                                                              </Hash>
                                                                            </RelOp>
                                                                          </Parallelism>
                                                                        </RelOp>
                                                                      </Hash>
                                                                    </RelOp>
                                                                  </Parallelism>
                                                                </RelOp>
                                                              </Hash>
                                                            </RelOp>
                                                          </Parallelism>
                                                        </RelOp>
                                                      </Hash>
                                                    </RelOp>
                                                  </Parallelism>
                                                </RelOp>
                                              </Bitmap>
                                            </RelOp>
                                            <RelOp AvgRowSize="34" EstimateCPU="0.760785" EstimateIO="0" EstimateRebinds="0" EstimateRewinds="0" EstimateRows="236498" LogicalOp="Repartition Streams" NodeId="47" Parallel="true" PhysicalOp="Parallelism" EstimatedTotalSubtreeCost="10.0901">
                                              <OutputList>
                                                <ColumnReference Database="[servicetrax_dev]" Schema="[dbo]" Table="[REQUESTS]" Column="REQUEST_NO" />
                                                <ColumnReference Database="[servicetrax_dev]" Schema="[dbo]" Table="[PROJECTS]" Column="PROJECT_ID" />
                                                <ColumnReference Column="Expr1011" />
                                              </OutputList>
                                              <RunTimeInformation>
                                                <RunTimeCountersPerThread Thread="3" ActualRows="10947" ActualEndOfScans="1" ActualExecutions="1" />
                                                <RunTimeCountersPerThread Thread="2" ActualRows="10962" ActualEndOfScans="1" ActualExecutions="1" />
                                                <RunTimeCountersPerThread Thread="1" ActualRows="10995" ActualEndOfScans="1" ActualExecutions="1" />
                                                <RunTimeCountersPerThread Thread="4" ActualRows="10792" ActualEndOfScans="1" ActualExecutions="1" />
                                                <RunTimeCountersPerThread Thread="0" ActualRows="0" ActualEndOfScans="0" ActualExecutions="0" />
                                              </RunTimeInformation>
                                              <Parallelism PartitioningType="Hash">
                                                <PartitionColumns>
                                                  <ColumnReference Database="[servicetrax_dev]" Schema="[dbo]" Table="[PROJECTS]" Column="PROJECT_ID" />
                                                  <ColumnReference Database="[servicetrax_dev]" Schema="[dbo]" Table="[REQUESTS]" Column="REQUEST_NO" />
                                                  <ColumnReference Column="Expr1011" />
                                                </PartitionColumns>
                                                <ProbeColumn>
                                                  <ColumnReference Column="Bitmap1042" />
                                                </ProbeColumn>
                                                <RelOp AvgRowSize="34" EstimateCPU="4.90768" EstimateIO="0" EstimateRebinds="0" EstimateRewinds="0" EstimateRows="236498" LogicalOp="Aggregate" NodeId="48" Parallel="true" PhysicalOp="Hash Match" EstimatedTotalSubtreeCost="9.3293">
                                                  <OutputList>
                                                    <ColumnReference Database="[servicetrax_dev]" Schema="[dbo]" Table="[REQUESTS]" Column="REQUEST_NO" />
                                                    <ColumnReference Database="[servicetrax_dev]" Schema="[dbo]" Table="[PROJECTS]" Column="PROJECT_ID" />
                                                    <ColumnReference Column="Expr1011" />
                                                  </OutputList>
                                                  <MemoryFractions Input="0.515585" Output="0.654097" />
                                                  <RunTimeInformation>
                                                    <RunTimeCountersPerThread Thread="1" ActualRows="50528" ActualEndOfScans="1" ActualExecutions="1" />
                                                    <RunTimeCountersPerThread Thread="4" ActualRows="50778" ActualEndOfScans="1" ActualExecutions="1" />
                                                    <RunTimeCountersPerThread Thread="2" ActualRows="51193" ActualEndOfScans="1" ActualExecutions="1" />
                                                    <RunTimeCountersPerThread Thread="3" ActualRows="51295" ActualEndOfScans="1" ActualExecutions="1" />
                                                    <RunTimeCountersPerThread Thread="0" ActualRows="0" ActualEndOfScans="0" ActualExecutions="0" />
                                                  </RunTimeInformation>
                                                  <Hash>
                                                    <DefinedValues>
                                                      <DefinedValue>
                                                        <ColumnReference Column="Expr1011" />
                                                        <ScalarOperator ScalarString="MAX([servicetrax_dev].[dbo].[REQUESTS].[VERSION_NO])">
                                                          <Aggregate AggType="MAX" Distinct="false">
                                                            <ScalarOperator>
                                                              <Identifier>
                                                                <ColumnReference Database="[servicetrax_dev]" Schema="[dbo]" Table="[REQUESTS]" Column="VERSION_NO" />
                                                              </Identifier>
                                                            </ScalarOperator>
                                                          </Aggregate>
                                                        </ScalarOperator>
                                                      </DefinedValue>
                                                    </DefinedValues>
                                                    <HashKeysBuild>
                                                      <ColumnReference Database="[servicetrax_dev]" Schema="[dbo]" Table="[REQUESTS]" Column="REQUEST_NO" />
                                                      <ColumnReference Database="[servicetrax_dev]" Schema="[dbo]" Table="[PROJECTS]" Column="PROJECT_ID" />
                                                    </HashKeysBuild>
                                                    <BuildResidual>
                                                      <ScalarOperator ScalarString="[servicetrax_dev].[dbo].[REQUESTS].[REQUEST_NO] = [servicetrax_dev].[dbo].[REQUESTS].[REQUEST_NO] AND [servicetrax_dev].[dbo].[PROJECTS].[PROJECT_ID] = [servicetrax_dev].[dbo].[PROJECTS].[PROJECT_ID]">
                                                        <Logical Operation="AND">
                                                          <ScalarOperator>
                                                            <Compare CompareOp="IS">
                                                              <ScalarOperator>
                                                                <Identifier>
                                                                  <ColumnReference Database="[servicetrax_dev]" Schema="[dbo]" Table="[REQUESTS]" Column="REQUEST_NO" />
                                                                </Identifier>
                                                              </ScalarOperator>
                                                              <ScalarOperator>
                                                                <Identifier>
                                                                  <ColumnReference Database="[servicetrax_dev]" Schema="[dbo]" Table="[REQUESTS]" Column="REQUEST_NO" />
                                                                </Identifier>
                                                              </ScalarOperator>
                                                            </Compare>
                                                          </ScalarOperator>
                                                          <ScalarOperator>
                                                            <Compare CompareOp="IS">
                                                              <ScalarOperator>
                                                                <Identifier>
                                                                  <ColumnReference Database="[servicetrax_dev]" Schema="[dbo]" Table="[PROJECTS]" Column="PROJECT_ID" />
                                                                </Identifier>
                                                              </ScalarOperator>
                                                              <ScalarOperator>
                                                                <Identifier>
                                                                  <ColumnReference Database="[servicetrax_dev]" Schema="[dbo]" Table="[PROJECTS]" Column="PROJECT_ID" />
                                                                </Identifier>
                                                              </ScalarOperator>
                                                            </Compare>
                                                          </ScalarOperator>
                                                        </Logical>
                                                      </ScalarOperator>
                                                    </BuildResidual>
                                                    <RelOp AvgRowSize="34" EstimateCPU="0.598144" EstimateIO="0" EstimateRebinds="0" EstimateRewinds="0" EstimateRows="236498" LogicalOp="Repartition Streams" NodeId="49" Parallel="true" PhysicalOp="Parallelism" EstimatedTotalSubtreeCost="4.42162">
                                                      <OutputList>
                                                        <ColumnReference Database="[servicetrax_dev]" Schema="[dbo]" Table="[REQUESTS]" Column="REQUEST_NO" />
                                                        <ColumnReference Database="[servicetrax_dev]" Schema="[dbo]" Table="[REQUESTS]" Column="VERSION_NO" />
                                                        <ColumnReference Database="[servicetrax_dev]" Schema="[dbo]" Table="[PROJECTS]" Column="PROJECT_ID" />
                                                      </OutputList>
                                                      <RunTimeInformation>
                                                        <RunTimeCountersPerThread Thread="1" ActualRows="58760" ActualEndOfScans="1" ActualExecutions="1" />
                                                        <RunTimeCountersPerThread Thread="4" ActualRows="58996" ActualEndOfScans="1" ActualExecutions="1" />
                                                        <RunTimeCountersPerThread Thread="2" ActualRows="59488" ActualEndOfScans="1" ActualExecutions="1" />
                                                        <RunTimeCountersPerThread Thread="3" ActualRows="59383" ActualEndOfScans="1" ActualExecutions="1" />
                                                        <RunTimeCountersPerThread Thread="0" ActualRows="0" ActualEndOfScans="0" ActualExecutions="0" />
                                                      </RunTimeInformation>
                                                      <Parallelism PartitioningType="Hash">
                                                        <PartitionColumns>
                                                          <ColumnReference Database="[servicetrax_dev]" Schema="[dbo]" Table="[REQUESTS]" Column="REQUEST_NO" />
                                                          <ColumnReference Database="[servicetrax_dev]" Schema="[dbo]" Table="[PROJECTS]" Column="PROJECT_ID" />
                                                        </PartitionColumns>
                                                        <RelOp AvgRowSize="34" EstimateCPU="1.73701" EstimateIO="0" EstimateRebinds="0" EstimateRewinds="0" EstimateRows="236498" LogicalOp="Inner Join" NodeId="50" Parallel="true" PhysicalOp="Hash Match" EstimatedTotalSubtreeCost="3.82348">
                                                          <OutputList>
                                                            <ColumnReference Database="[servicetrax_dev]" Schema="[dbo]" Table="[REQUESTS]" Column="REQUEST_NO" />
                                                            <ColumnReference Database="[servicetrax_dev]" Schema="[dbo]" Table="[REQUESTS]" Column="VERSION_NO" />
                                                            <ColumnReference Database="[servicetrax_dev]" Schema="[dbo]" Table="[PROJECTS]" Column="PROJECT_ID" />
                                                          </OutputList>
                                                          <MemoryFractions Input="0.797019" Output="0.281434" />
                                                          <RunTimeInformation>
                                                            <RunTimeCountersPerThread Thread="2" ActualRows="55342" ActualEndOfScans="1" ActualExecutions="1" />
                                                            <RunTimeCountersPerThread Thread="4" ActualRows="68755" ActualEndOfScans="1" ActualExecutions="1" />
                                                            <RunTimeCountersPerThread Thread="1" ActualRows="63047" ActualEndOfScans="1" ActualExecutions="1" />
                                                            <RunTimeCountersPerThread Thread="3" ActualRows="49483" ActualEndOfScans="1" ActualExecutions="1" />
                                                            <RunTimeCountersPerThread Thread="0" ActualRows="0" ActualEndOfScans="0" ActualExecutions="0" />
                                                          </RunTimeInformation>
                                                          <Hash>
                                                            <DefinedValues />
                                                            <HashKeysBuild>
                                                              <ColumnReference Database="[servicetrax_dev]" Schema="[dbo]" Table="[PROJECTS]" Column="PROJECT_ID" />
                                                            </HashKeysBuild>
                                                            <HashKeysProbe>
                                                              <ColumnReference Database="[servicetrax_dev]" Schema="[dbo]" Table="[REQUESTS]" Column="PROJECT_ID" />
                                                            </HashKeysProbe>
                                                            <ProbeResidual>
                                                              <ScalarOperator ScalarString="[servicetrax_dev].[dbo].[REQUESTS].[PROJECT_ID]=[servicetrax_dev].[dbo].[PROJECTS].[PROJECT_ID]">
                                                                <Compare CompareOp="EQ">
                                                                  <ScalarOperator>
                                                                    <Identifier>
                                                                      <ColumnReference Database="[servicetrax_dev]" Schema="[dbo]" Table="[REQUESTS]" Column="PROJECT_ID" />
                                                                    </Identifier>
                                                                  </ScalarOperator>
                                                                  <ScalarOperator>
                                                                    <Identifier>
                                                                      <ColumnReference Database="[servicetrax_dev]" Schema="[dbo]" Table="[PROJECTS]" Column="PROJECT_ID" />
                                                                    </Identifier>
                                                                  </ScalarOperator>
                                                                </Compare>
                                                              </ScalarOperator>
                                                            </ProbeResidual>
                                                            <RelOp AvgRowSize="16" EstimateCPU="0.149461" EstimateIO="0" EstimateRebinds="0" EstimateRewinds="0" EstimateRows="80944" LogicalOp="Repartition Streams" NodeId="51" Parallel="true" PhysicalOp="Parallelism" EstimatedTotalSubtreeCost="0.369776">
                                                              <OutputList>
                                                                <ColumnReference Database="[servicetrax_dev]" Schema="[dbo]" Table="[PROJECTS]" Column="PROJECT_ID" />
                                                              </OutputList>
                                                              <RunTimeInformation>
                                                                <RunTimeCountersPerThread Thread="1" ActualRows="20429" ActualEndOfScans="1" ActualExecutions="1" />
                                                                <RunTimeCountersPerThread Thread="4" ActualRows="20073" ActualEndOfScans="1" ActualExecutions="1" />
                                                                <RunTimeCountersPerThread Thread="3" ActualRows="20149" ActualEndOfScans="1" ActualExecutions="1" />
                                                                <RunTimeCountersPerThread Thread="2" ActualRows="20293" ActualEndOfScans="1" ActualExecutions="1" />
                                                                <RunTimeCountersPerThread Thread="0" ActualRows="0" ActualEndOfScans="0" ActualExecutions="0" />
                                                              </RunTimeInformation>
                                                              <Parallelism PartitioningType="Hash">
                                                                <PartitionColumns>
                                                                  <ColumnReference Database="[servicetrax_dev]" Schema="[dbo]" Table="[PROJECTS]" Column="PROJECT_ID" />
                                                                </PartitionColumns>
                                                                <RelOp AvgRowSize="16" EstimateCPU="0.0445977" EstimateIO="0.175718" EstimateRebinds="0" EstimateRewinds="0" EstimateRows="80944" LogicalOp="Index Scan" NodeId="52" Parallel="true" PhysicalOp="Index Scan" EstimatedTotalSubtreeCost="0.220315">
                                                                  <OutputList>
                                                                    <ColumnReference Database="[servicetrax_dev]" Schema="[dbo]" Table="[PROJECTS]" Column="PROJECT_ID" />
                                                                  </OutputList>
                                                                  <RunTimeInformation>
                                                                    <RunTimeCountersPerThread Thread="4" ActualRows="20473" ActualEndOfScans="1" ActualExecutions="1" />
                                                                    <RunTimeCountersPerThread Thread="2" ActualRows="17454" ActualEndOfScans="1" ActualExecutions="1" />
                                                                    <RunTimeCountersPerThread Thread="1" ActualRows="21862" ActualEndOfScans="1" ActualExecutions="1" />
                                                                    <RunTimeCountersPerThread Thread="3" ActualRows="21155" ActualEndOfScans="1" ActualExecutions="1" />
                                                                    <RunTimeCountersPerThread Thread="0" ActualRows="0" ActualEndOfScans="0" ActualExecutions="0" />
                                                                  </RunTimeInformation>
                                                                  <IndexScan Ordered="false" ForcedIndex="false" NoExpandHint="false">
                                                                    <DefinedValues>
                                                                      <DefinedValue>
                                                                        <ColumnReference Database="[servicetrax_dev]" Schema="[dbo]" Table="[PROJECTS]" Column="PROJECT_ID" />
                                                                      </DefinedValue>
                                                                    </DefinedValues>
                                                                    <Object Database="[servicetrax_dev]" Schema="[dbo]" Table="[PROJECTS]" Index="[IX_PROJECT_STATUS_TYPE_ID]" />
                                                                  </IndexScan>
                                                                </RelOp>
                                                              </Parallelism>
                                                            </RelOp>
                                                            <RelOp AvgRowSize="34" EstimateCPU="0.643343" EstimateIO="0" EstimateRebinds="0" EstimateRewinds="0" EstimateRows="236626" LogicalOp="Repartition Streams" NodeId="53" Parallel="true" PhysicalOp="Parallelism" EstimatedTotalSubtreeCost="1.71669">
                                                              <OutputList>
                                                                <ColumnReference Database="[servicetrax_dev]" Schema="[dbo]" Table="[REQUESTS]" Column="PROJECT_ID" />
                                                                <ColumnReference Database="[servicetrax_dev]" Schema="[dbo]" Table="[REQUESTS]" Column="REQUEST_NO" />
                                                                <ColumnReference Database="[servicetrax_dev]" Schema="[dbo]" Table="[REQUESTS]" Column="VERSION_NO" />
                                                              </OutputList>
                                                              <RunTimeInformation>
                                                                <RunTimeCountersPerThread Thread="1" ActualRows="63047" ActualEndOfScans="1" ActualExecutions="1" />
                                                                <RunTimeCountersPerThread Thread="3" ActualRows="49483" ActualEndOfScans="1" ActualExecutions="1" />
                                                                <RunTimeCountersPerThread Thread="4" ActualRows="68755" ActualEndOfScans="1" ActualExecutions="1" />
                                                                <RunTimeCountersPerThread Thread="2" ActualRows="55342" ActualEndOfScans="1" ActualExecutions="1" />
                                                                <RunTimeCountersPerThread Thread="0" ActualRows="0" ActualEndOfScans="0" ActualExecutions="0" />
                                                              </RunTimeInformation>
                                                              <Parallelism PartitioningType="Hash">
                                                                <PartitionColumns>
                                                                  <ColumnReference Database="[servicetrax_dev]" Schema="[dbo]" Table="[REQUESTS]" Column="PROJECT_ID" />
                                                                </PartitionColumns>
                                                                <RelOp AvgRowSize="34" EstimateCPU="0.130223" EstimateIO="0.943125" EstimateRebinds="0" EstimateRewinds="0" EstimateRows="236626" LogicalOp="Index Scan" NodeId="54" Parallel="true" PhysicalOp="Index Scan" EstimatedTotalSubtreeCost="1.07335">
                                                                  <OutputList>
                                                                    <ColumnReference Database="[servicetrax_dev]" Schema="[dbo]" Table="[REQUESTS]" Column="PROJECT_ID" />
                                                                    <ColumnReference Database="[servicetrax_dev]" Schema="[dbo]" Table="[REQUESTS]" Column="REQUEST_NO" />
                                                                    <ColumnReference Database="[servicetrax_dev]" Schema="[dbo]" Table="[REQUESTS]" Column="VERSION_NO" />
                                                                  </OutputList>
                                                                  <RunTimeInformation>
                                                                    <RunTimeCountersPerThread Thread="4" ActualRows="47961" ActualEndOfScans="1" ActualExecutions="1" />
                                                                    <RunTimeCountersPerThread Thread="2" ActualRows="65559" ActualEndOfScans="1" ActualExecutions="1" />
                                                                    <RunTimeCountersPerThread Thread="1" ActualRows="53722" ActualEndOfScans="1" ActualExecutions="1" />
                                                                    <RunTimeCountersPerThread Thread="3" ActualRows="69385" ActualEndOfScans="1" ActualExecutions="1" />
                                                                    <RunTimeCountersPerThread Thread="0" ActualRows="0" ActualEndOfScans="0" ActualExecutions="0" />
                                                                  </RunTimeInformation>
                                                                  <IndexScan Ordered="false" ForcedIndex="false" NoExpandHint="false">
                                                                    <DefinedValues>
                                                                      <DefinedValue>
                                                                        <ColumnReference Database="[servicetrax_dev]" Schema="[dbo]" Table="[REQUESTS]" Column="PROJECT_ID" />
                                                                      </DefinedValue>
                                                                      <DefinedValue>
                                                                        <ColumnReference Database="[servicetrax_dev]" Schema="[dbo]" Table="[REQUESTS]" Column="REQUEST_NO" />
                                                                      </DefinedValue>
                                                                      <DefinedValue>
                                                                        <ColumnReference Database="[servicetrax_dev]" Schema="[dbo]" Table="[REQUESTS]" Column="VERSION_NO" />
                                                                      </DefinedValue>
                                                                    </DefinedValues>
                                                                    <Object Database="[servicetrax_dev]" Schema="[dbo]" Table="[REQUESTS]" Index="[ncx_product_request_version]" TableReferenceId="2" />
                                                                  </IndexScan>
                                                                </RelOp>
                                                              </Parallelism>
                                                            </RelOp>
                                                          </Hash>
                                                        </RelOp>
                                                      </Parallelism>
                                                    </RelOp>
                                                  </Hash>
                                                </RelOp>
                                              </Parallelism>
                                            </RelOp>
                                          </Hash>
                                        </RelOp>
                                      </Parallelism>
                                    </RelOp>
                                  </Bitmap>
                                </RelOp>
                                <RelOp AvgRowSize="31" EstimateCPU="0.116751" EstimateIO="0" EstimateRebinds="0" EstimateRewinds="0" EstimateRows="39164" LogicalOp="Repartition Streams" NodeId="60" Parallel="true" PhysicalOp="Parallelism" EstimatedTotalSubtreeCost="0.249643">
                                  <OutputList>
                                    <ColumnReference Database="[servicetrax_dev]" Schema="[dbo]" Table="[CONTACTS]" Column="CONTACT_ID" />
                                    <ColumnReference Database="[servicetrax_dev]" Schema="[dbo]" Table="[CONTACTS]" Column="CONTACT_NAME" />
                                  </OutputList>
                                  <RunTimeInformation>
                                    <RunTimeCountersPerThread Thread="1" ActualRows="50" ActualEndOfScans="1" ActualExecutions="1" />
                                    <RunTimeCountersPerThread Thread="3" ActualRows="52" ActualEndOfScans="1" ActualExecutions="1" />
                                    <RunTimeCountersPerThread Thread="4" ActualRows="56" ActualEndOfScans="1" ActualExecutions="1" />
                                    <RunTimeCountersPerThread Thread="2" ActualRows="45" ActualEndOfScans="1" ActualExecutions="1" />
                                    <RunTimeCountersPerThread Thread="0" ActualRows="0" ActualEndOfScans="0" ActualExecutions="0" />
                                  </RunTimeInformation>
                                  <Parallelism PartitioningType="Hash">
                                    <PartitionColumns>
                                      <ColumnReference Database="[servicetrax_dev]" Schema="[dbo]" Table="[CONTACTS]" Column="CONTACT_ID" />
                                    </PartitionColumns>
                                    <ProbeColumn>
                                      <ColumnReference Column="Bitmap1043" />
                                    </ProbeColumn>
                                    <RelOp AvgRowSize="31" EstimateCPU="0.0216187" EstimateIO="0.111273" EstimateRebinds="0" EstimateRewinds="0" EstimateRows="39164" LogicalOp="Index Scan" NodeId="61" Parallel="true" PhysicalOp="Index Scan" EstimatedTotalSubtreeCost="0.132892">
                                      <OutputList>
                                        <ColumnReference Database="[servicetrax_dev]" Schema="[dbo]" Table="[CONTACTS]" Column="CONTACT_ID" />
                                        <ColumnReference Database="[servicetrax_dev]" Schema="[dbo]" Table="[CONTACTS]" Column="CONTACT_NAME" />
                                      </OutputList>
                                      <RunTimeInformation>
                                        <RunTimeCountersPerThread Thread="4" ActualRows="8516" ActualEndOfScans="1" ActualExecutions="1" />
                                        <RunTimeCountersPerThread Thread="2" ActualRows="11157" ActualEndOfScans="1" ActualExecutions="1" />
                                        <RunTimeCountersPerThread Thread="3" ActualRows="8568" ActualEndOfScans="1" ActualExecutions="1" />
                                        <RunTimeCountersPerThread Thread="1" ActualRows="10923" ActualEndOfScans="1" ActualExecutions="1" />
                                        <RunTimeCountersPerThread Thread="0" ActualRows="0" ActualEndOfScans="0" ActualExecutions="0" />
                                      </RunTimeInformation>
                                      <IndexScan Ordered="false" ForcedIndex="false" NoExpandHint="false">
                                        <DefinedValues>
                                          <DefinedValue>
                                            <ColumnReference Database="[servicetrax_dev]" Schema="[dbo]" Table="[CONTACTS]" Column="CONTACT_ID" />
                                          </DefinedValue>
                                          <DefinedValue>
                                            <ColumnReference Database="[servicetrax_dev]" Schema="[dbo]" Table="[CONTACTS]" Column="CONTACT_NAME" />
                                          </DefinedValue>
                                        </DefinedValues>
                                        <Object Database="[servicetrax_dev]" Schema="[dbo]" Table="[CONTACTS]" Index="[IX_CONTACT_NAMES]" />
                                      </IndexScan>
                                    </RelOp>
                                  </Parallelism>
                                </RelOp>
                              </Hash>
                            </RelOp>
                          </ComputeScalar>
                        </RelOp>
                      </Hash>
                    </RelOp>
                  </Parallelism>
                </RelOp>
              </Sort>
            </RelOp>
          </QueryPlan>
        </StmtSimple>
      </Statements>
    </Batch>
  </BatchSequence>
</ShowPlanXML>