<?xml version="1.0" encoding="utf-16"?>
<ShowPlanXML xmlns:xsi="http://www.w3.org/2001/XMLSchema-instance" xmlns:xsd="http://www.w3.org/2001/XMLSchema" Version="1.0" Build="9.00.3054.00" xmlns="http://schemas.microsoft.com/sqlserver/2004/07/showplan">
  <BatchSequence>
    <Batch>
      <Statements>
        <StmtSimple StatementCompId="1" StatementEstRows="7067.62" StatementId="1" StatementOptmLevel="FULL" StatementSubTreeCost="12.5325" StatementText="select&#xD;&#xA;	IsNull(sum(il.unit_price * il.qty), 0) custom_tot,&#xD;&#xA;	IsNull(sum(sl.bill_hourly_total), 0) bill_hourly_total,&#xD;&#xA;	IsNull(sum(sl.bill_exp_total), 0) bill_exp_total,&#xD;&#xA;	IsNull(sum(sl.bill_total), 0) + IsNull(sum(il.unit_price * il.qty), 0) total_total,&#xD;&#xA;	i.job_id,&#xD;&#xA;	i_trk.invoice_id_trk,&#xD;&#xA;	i.invoice_id,&#xD;&#xA;	i.description invoice_description,&#xD;&#xA;	invoice_type.name invoice_type_name,&#xD;&#xA;	i.status_id invoice_status_id,&#xD;&#xA;	j.customer_name,&#xD;&#xA;	j.end_user_name,&#xD;&#xA;	j.billing_user_name,&#xD;&#xA;	j.job_no &#xD;&#xA;from&#xD;&#xA;	invoices i&#xD;&#xA;	left join (&#xD;&#xA;		select&#xD;&#xA;			i2.invoice_id,&#xD;&#xA;		case&#xD;&#xA;			when iv.invoice_tracking_id is null then cast(i2.invoice_id as varchar) + ''&#xD;&#xA;			else cast(i2.invoice_id as varchar) + '*'&#xD;&#xA;		end invoice_id_trk&#xD;&#xA;		from&#xD;&#xA;			invoices i2&#xD;&#xA;			left join invoice_tracking iv on&#xD;&#xA;				i2.invoice_id = iv.invoice_id) i_trk on&#xD;&#xA;			i.invoice_id = i_trk.invoice_id&#xD;&#xA;	left join lookups invoice_type on&#xD;&#xA;		i.invoice_type_id = invoice_type.lookup_id&#xD;&#xA;	join (&#xD;&#xA;		select&#xD;&#xA;			j.job_id,&#xD;&#xA;			j.job_no,&#xD;&#xA;			j.billing_user_id,&#xD;&#xA;			CASE &#xD;&#xA;				WHEN customer_type.code = 'end_user' THEN (SELECT customer_name FROM customers WHERE customer_id = c.end_user_parent_id) &#xD;&#xA;				ELSE c.customer_name &#xD;&#xA;			END customer_name,&#xD;&#xA;			CASE &#xD;&#xA;				WHEN customer_type.code = 'end_user' THEN c.customer_name &#xD;&#xA;				ELSE eu.customer_name &#xD;&#xA;			END end_user_name,&#xD;&#xA;			u.first_name + ' ' + u.last_name billing_user_name&#xD;&#xA;		from&#xD;&#xA;			jobs j&#xD;&#xA;			join customers c on&#xD;&#xA;				j.customer_id = c.customer_id&#xD;&#xA;			join lookups customer_type on&#xD;&#xA;				c.customer_type_id = customer_type.lookup_id&#xD;&#xA;			left join projects p on&#xD;&#xA;				p.project_id = j.project_id&#xD;&#xA;			left join customers eu on&#xD;&#xA;				eu.customer_id = p.customer_id&#xD;&#xA;			left join users u on&#xD;&#xA;				u.user_id = j.billing_user_id&#xD;&#xA;		) j on&#xD;&#xA;		i.job_id = j.job_id&#xD;&#xA;	left join (&#xD;&#xA;		select&#xD;&#xA;			invoices.invoice_id,&#xD;&#xA;			unit_price,&#xD;&#xA;			qty&#xD;&#xA;		from&#xD;&#xA;			invoices&#xD;&#xA;			join invoice_lines on&#xD;&#xA;				invoices.invoice_id = invoice_lines.invoice_id&#xD;&#xA;			join lookups l on&#xD;&#xA;				invoice_lines.invoice_line_type_id = lookup_id&#xD;&#xA;			join lookup_types lt on&#xD;&#xA;				l.lookup_type_id = lt.lookup_type_id&#xD;&#xA;		where &#xD;&#xA;			lt.code = 'invoice_line_type'&#xD;&#xA;			and lt.active_flag &lt;&gt; 'N'&#xD;&#xA;			and l.active_flag &lt;&gt; 'N'&#xD;&#xA;			and l.code = 'custom') il on&#xD;&#xA;		i.invoice_id = il.invoice_id&#xD;&#xA;	left join (&#xD;&#xA;		select&#xD;&#xA;			invoice_id,&#xD;&#xA;			bill_hourly_total,&#xD;&#xA;			bill_exp_total,&#xD;&#xA;			bill_total&#xD;&#xA;		from&#xD;&#xA;			service_lines&#xD;&#xA;		where&#xD;&#xA;			status_id &gt; 3&#xD;&#xA;			AND internal_req_flag = 'N') sl on&#xD;&#xA;		i.invoice_id = sl.invoice_id&#xD;&#xA;where&#xD;&#xA;	i.organization_id = 2 -- &lt;?s:org_id.toPStmtString()?&gt;&#xD;&#xA;	and i.status_id = 1 -- &lt;?r:status_inv:status_id.toPStmtString()?&gt;&#xD;&#xA;	and (j.billing_user_id = 2250 OR 'true' = 'true') -- &lt;?s:user_id.toPStmtString()?&gt; OR 'true' = &lt;?s:rights.view_all_jobs.view.toPStmtString()?&gt;&#xD;&#xA;GROUP BY i.invoice_id,&#xD;&#xA;	              i_trk.invoice_id_trk,&#xD;&#xA;	              i.description,&#xD;&#xA;	              invoice_type.name,&#xD;&#xA;	              i.status_id,&#xD;&#xA;	              j.customer_name,&#xD;&#xA;	              j.end_user_name,&#xD;&#xA;	              i.job_id,&#xD;&#xA;	              j.billing_user_name,&#xD;&#xA;	              job_no&#xD;&#xA;order by&#xD;&#xA;	i.invoice_id" StatementType="SELECT">
          <StatementSetOptions ANSI_NULLS="false" ANSI_PADDING="false" ANSI_WARNINGS="false" ARITHABORT="true" CONCAT_NULL_YIELDS_NULL="false" NUMERIC_ROUNDABORT="false" QUOTED_IDENTIFIER="false" />
          <QueryPlan DegreeOfParallelism="4" MemoryGrant="1292" CachedPlanSize="302" CompileTime="709" CompileCPU="709" CompileMemory="8952">
            <MissingIndexes>
              <MissingIndexGroup Impact="59.8097">
                <MissingIndex Database="[ims_new]" Schema="[dbo]" Table="[SERVICE_LINES]">
                  <ColumnGroup Usage="EQUALITY">
                    <Column Name="[INVOICE_ID]" ColumnId="29" />
                    <Column Name="[INTERNAL_REQ_FLAG]" ColumnId="58" />
                  </ColumnGroup>
                  <ColumnGroup Usage="INEQUALITY">
                    <Column Name="[STATUS_ID]" ColumnId="14" />
                  </ColumnGroup>
                  <ColumnGroup Usage="INCLUDE">
                    <Column Name="[bill_total]" ColumnId="85" />
                    <Column Name="[bill_hourly_total]" ColumnId="86" />
                    <Column Name="[bill_exp_total]" ColumnId="87" />
                  </ColumnGroup>
                </MissingIndex>
              </MissingIndexGroup>
            </MissingIndexes>
            <RelOp AvgRowSize="663" EstimateCPU="0.000706762" EstimateIO="0" EstimateRebinds="0" EstimateRewinds="0" EstimateRows="7067.62" LogicalOp="Compute Scalar" NodeId="0" Parallel="false" PhysicalOp="Compute Scalar" EstimatedTotalSubtreeCost="12.5325">
              <OutputList>
                <ColumnReference Database="[ims_new]" Schema="[dbo]" Table="[INVOICES]" Alias="[i]" Column="INVOICE_ID" />
                <ColumnReference Database="[ims_new]" Schema="[dbo]" Table="[INVOICES]" Alias="[i]" Column="STATUS_ID" />
                <ColumnReference Database="[ims_new]" Schema="[dbo]" Table="[INVOICES]" Alias="[i]" Column="JOB_ID" />
                <ColumnReference Database="[ims_new]" Schema="[dbo]" Table="[INVOICES]" Alias="[i]" Column="DESCRIPTION" />
                <ColumnReference Column="Expr1007" />
                <ColumnReference Database="[ims_new]" Schema="[dbo]" Table="[LOOKUPS]" Alias="[invoice_type]" Column="NAME" />
                <ColumnReference Database="[ims_new]" Schema="[dbo]" Table="[JOBS]" Alias="[j]" Column="JOB_NO" />
                <ColumnReference Column="Expr1026" />
                <ColumnReference Column="Expr1027" />
                <ColumnReference Column="Expr1028" />
                <ColumnReference Column="Expr1053" />
                <ColumnReference Column="Expr1054" />
                <ColumnReference Column="Expr1055" />
                <ColumnReference Column="Expr1056" />
              </OutputList>
              <ComputeScalar>
                <DefinedValues>
                  <DefinedValue>
                    <ColumnReference Column="Expr1053" />
                    <ScalarOperator ScalarString="isnull([Expr1049],(0.0000))">
                      <Intrinsic FunctionName="isnull">
                        <ScalarOperator>
                          <Identifier>
                            <ColumnReference Column="Expr1049" />
                          </Identifier>
                        </ScalarOperator>
                        <ScalarOperator>
                          <Const ConstValue="(0.0000)" />
                        </ScalarOperator>
                      </Intrinsic>
                    </ScalarOperator>
                  </DefinedValue>
                  <DefinedValue>
                    <ColumnReference Column="Expr1054" />
                    <ScalarOperator ScalarString="isnull([Expr1050],(0.00000))">
                      <Intrinsic FunctionName="isnull">
                        <ScalarOperator>
                          <Identifier>
                            <ColumnReference Column="Expr1050" />
                          </Identifier>
                        </ScalarOperator>
                        <ScalarOperator>
                          <Const ConstValue="(0.00000)" />
                        </ScalarOperator>
                      </Intrinsic>
                    </ScalarOperator>
                  </DefinedValue>
                  <DefinedValue>
                    <ColumnReference Column="Expr1055" />
                    <ScalarOperator ScalarString="isnull([Expr1051],(0.00000))">
                      <Intrinsic FunctionName="isnull">
                        <ScalarOperator>
                          <Identifier>
                            <ColumnReference Column="Expr1051" />
                          </Identifier>
                        </ScalarOperator>
                        <ScalarOperator>
                          <Const ConstValue="(0.00000)" />
                        </ScalarOperator>
                      </Intrinsic>
                    </ScalarOperator>
                  </DefinedValue>
                  <DefinedValue>
                    <ColumnReference Column="Expr1056" />
                    <ScalarOperator ScalarString="isnull([Expr1052],(0.00000))+isnull([Expr1049],(0.0000))">
                      <Arithmetic Operation="ADD">
                        <ScalarOperator>
                          <Intrinsic FunctionName="isnull">
                            <ScalarOperator>
                              <Identifier>
                                <ColumnReference Column="Expr1052" />
                              </Identifier>
                            </ScalarOperator>
                            <ScalarOperator>
                              <Const ConstValue="(0.00000)" />
                            </ScalarOperator>
                          </Intrinsic>
                        </ScalarOperator>
                        <ScalarOperator>
                          <Intrinsic FunctionName="isnull">
                            <ScalarOperator>
                              <Identifier>
                                <ColumnReference Column="Expr1049" />
                              </Identifier>
                            </ScalarOperator>
                            <ScalarOperator>
                              <Const ConstValue="(0.0000)" />
                            </ScalarOperator>
                          </Intrinsic>
                        </ScalarOperator>
                      </Arithmetic>
                    </ScalarOperator>
                  </DefinedValue>
                </DefinedValues>
                <RelOp AvgRowSize="663" EstimateCPU="0.251627" EstimateIO="0" EstimateRebinds="0" EstimateRewinds="0" EstimateRows="7067.62" LogicalOp="Gather Streams" NodeId="1" Parallel="true" PhysicalOp="Parallelism" EstimatedTotalSubtreeCost="12.5318">
                  <OutputList>
                    <ColumnReference Database="[ims_new]" Schema="[dbo]" Table="[INVOICES]" Alias="[i]" Column="INVOICE_ID" />
                    <ColumnReference Database="[ims_new]" Schema="[dbo]" Table="[INVOICES]" Alias="[i]" Column="STATUS_ID" />
                    <ColumnReference Database="[ims_new]" Schema="[dbo]" Table="[INVOICES]" Alias="[i]" Column="JOB_ID" />
                    <ColumnReference Database="[ims_new]" Schema="[dbo]" Table="[INVOICES]" Alias="[i]" Column="DESCRIPTION" />
                    <ColumnReference Column="Expr1007" />
                    <ColumnReference Database="[ims_new]" Schema="[dbo]" Table="[LOOKUPS]" Alias="[invoice_type]" Column="NAME" />
                    <ColumnReference Database="[ims_new]" Schema="[dbo]" Table="[JOBS]" Alias="[j]" Column="JOB_NO" />
                    <ColumnReference Column="Expr1026" />
                    <ColumnReference Column="Expr1027" />
                    <ColumnReference Column="Expr1028" />
                    <ColumnReference Column="Expr1049" />
                    <ColumnReference Column="Expr1050" />
                    <ColumnReference Column="Expr1051" />
                    <ColumnReference Column="Expr1052" />
                  </OutputList>
                  <RunTimeInformation>
                    <RunTimeCountersPerThread Thread="0" ActualRows="19" ActualEndOfScans="1" ActualExecutions="1" />
                  </RunTimeInformation>
                  <Parallelism>
                    <OrderBy>
                      <OrderByColumn Ascending="true">
                        <ColumnReference Database="[ims_new]" Schema="[dbo]" Table="[INVOICES]" Alias="[i]" Column="INVOICE_ID" />
                      </OrderByColumn>
                    </OrderBy>
                    <RelOp AvgRowSize="663" EstimateCPU="0.00388719" EstimateIO="0" EstimateRebinds="0" EstimateRewinds="0" EstimateRows="7067.62" LogicalOp="Compute Scalar" NodeId="2" Parallel="true" PhysicalOp="Compute Scalar" EstimatedTotalSubtreeCost="12.2802">
                      <OutputList>
                        <ColumnReference Database="[ims_new]" Schema="[dbo]" Table="[INVOICES]" Alias="[i]" Column="INVOICE_ID" />
                        <ColumnReference Database="[ims_new]" Schema="[dbo]" Table="[INVOICES]" Alias="[i]" Column="STATUS_ID" />
                        <ColumnReference Database="[ims_new]" Schema="[dbo]" Table="[INVOICES]" Alias="[i]" Column="JOB_ID" />
                        <ColumnReference Database="[ims_new]" Schema="[dbo]" Table="[INVOICES]" Alias="[i]" Column="DESCRIPTION" />
                        <ColumnReference Column="Expr1007" />
                        <ColumnReference Database="[ims_new]" Schema="[dbo]" Table="[LOOKUPS]" Alias="[invoice_type]" Column="NAME" />
                        <ColumnReference Database="[ims_new]" Schema="[dbo]" Table="[JOBS]" Alias="[j]" Column="JOB_NO" />
                        <ColumnReference Column="Expr1026" />
                        <ColumnReference Column="Expr1027" />
                        <ColumnReference Column="Expr1028" />
                        <ColumnReference Column="Expr1049" />
                        <ColumnReference Column="Expr1050" />
                        <ColumnReference Column="Expr1051" />
                        <ColumnReference Column="Expr1052" />
                      </OutputList>
                      <ComputeScalar>
                        <DefinedValues>
                          <DefinedValue>
                            <ColumnReference Column="Expr1049" />
                            <ScalarOperator ScalarString="CASE WHEN [Expr1087]=(0) THEN NULL ELSE [Expr1088] END">
                              <IF>
                                <Condition>
                                  <ScalarOperator>
                                    <Compare CompareOp="EQ">
                                      <ScalarOperator>
                                        <Identifier>
                                          <ColumnReference Column="Expr1087" />
                                        </Identifier>
                                      </ScalarOperator>
                                      <ScalarOperator>
                                        <Const ConstValue="(0)" />
                                      </ScalarOperator>
                                    </Compare>
                                  </ScalarOperator>
                                </Condition>
                                <Then>
                                  <ScalarOperator>
                                    <Const ConstValue="NULL" />
                                  </ScalarOperator>
                                </Then>
                                <Else>
                                  <ScalarOperator>
                                    <Identifier>
                                      <ColumnReference Column="Expr1088" />
                                    </Identifier>
                                  </ScalarOperator>
                                </Else>
                              </IF>
                            </ScalarOperator>
                          </DefinedValue>
                          <DefinedValue>
                            <ColumnReference Column="Expr1050" />
                            <ScalarOperator ScalarString="CASE WHEN [Expr1089]=(0) THEN NULL ELSE [Expr1090] END">
                              <IF>
                                <Condition>
                                  <ScalarOperator>
                                    <Compare CompareOp="EQ">
                                      <ScalarOperator>
                                        <Identifier>
                                          <ColumnReference Column="Expr1089" />
                                        </Identifier>
                                      </ScalarOperator>
                                      <ScalarOperator>
                                        <Const ConstValue="(0)" />
                                      </ScalarOperator>
                                    </Compare>
                                  </ScalarOperator>
                                </Condition>
                                <Then>
                                  <ScalarOperator>
                                    <Const ConstValue="NULL" />
                                  </ScalarOperator>
                                </Then>
                                <Else>
                                  <ScalarOperator>
                                    <Identifier>
                                      <ColumnReference Column="Expr1090" />
                                    </Identifier>
                                  </ScalarOperator>
                                </Else>
                              </IF>
                            </ScalarOperator>
                          </DefinedValue>
                          <DefinedValue>
                            <ColumnReference Column="Expr1051" />
                            <ScalarOperator ScalarString="CASE WHEN [Expr1091]=(0) THEN NULL ELSE [Expr1092] END">
                              <IF>
                                <Condition>
                                  <ScalarOperator>
                                    <Compare CompareOp="EQ">
                                      <ScalarOperator>
                                        <Identifier>
                                          <ColumnReference Column="Expr1091" />
                                        </Identifier>
                                      </ScalarOperator>
                                      <ScalarOperator>
                                        <Const ConstValue="(0)" />
                                      </ScalarOperator>
                                    </Compare>
                                  </ScalarOperator>
                                </Condition>
                                <Then>
                                  <ScalarOperator>
                                    <Const ConstValue="NULL" />
                                  </ScalarOperator>
                                </Then>
                                <Else>
                                  <ScalarOperator>
                                    <Identifier>
                                      <ColumnReference Column="Expr1092" />
                                    </Identifier>
                                  </ScalarOperator>
                                </Else>
                              </IF>
                            </ScalarOperator>
                          </DefinedValue>
                          <DefinedValue>
                            <ColumnReference Column="Expr1052" />
                            <ScalarOperator ScalarString="CASE WHEN [Expr1093]=(0) THEN NULL ELSE [Expr1094] END">
                              <IF>
                                <Condition>
                                  <ScalarOperator>
                                    <Compare CompareOp="EQ">
                                      <ScalarOperator>
                                        <Identifier>
                                          <ColumnReference Column="Expr1093" />
                                        </Identifier>
                                      </ScalarOperator>
                                      <ScalarOperator>
                                        <Const ConstValue="(0)" />
                                      </ScalarOperator>
                                    </Compare>
                                  </ScalarOperator>
                                </Condition>
                                <Then>
                                  <ScalarOperator>
                                    <Const ConstValue="NULL" />
                                  </ScalarOperator>
                                </Then>
                                <Else>
                                  <ScalarOperator>
                                    <Identifier>
                                      <ColumnReference Column="Expr1094" />
                                    </Identifier>
                                  </ScalarOperator>
                                </Else>
                              </IF>
                            </ScalarOperator>
                          </DefinedValue>
                        </DefinedValues>
                        <RelOp AvgRowSize="663" EstimateCPU="0.00388719" EstimateIO="0" EstimateRebinds="0" EstimateRewinds="0" EstimateRows="7067.62" LogicalOp="Aggregate" NodeId="3" Parallel="true" PhysicalOp="Stream Aggregate" EstimatedTotalSubtreeCost="12.2802">
                          <OutputList>
                            <ColumnReference Database="[ims_new]" Schema="[dbo]" Table="[INVOICES]" Alias="[i]" Column="INVOICE_ID" />
                            <ColumnReference Database="[ims_new]" Schema="[dbo]" Table="[INVOICES]" Alias="[i]" Column="STATUS_ID" />
                            <ColumnReference Database="[ims_new]" Schema="[dbo]" Table="[INVOICES]" Alias="[i]" Column="JOB_ID" />
                            <ColumnReference Database="[ims_new]" Schema="[dbo]" Table="[INVOICES]" Alias="[i]" Column="DESCRIPTION" />
                            <ColumnReference Column="Expr1007" />
                            <ColumnReference Database="[ims_new]" Schema="[dbo]" Table="[LOOKUPS]" Alias="[invoice_type]" Column="NAME" />
                            <ColumnReference Database="[ims_new]" Schema="[dbo]" Table="[JOBS]" Alias="[j]" Column="JOB_NO" />
                            <ColumnReference Column="Expr1026" />
                            <ColumnReference Column="Expr1027" />
                            <ColumnReference Column="Expr1028" />
                            <ColumnReference Column="Expr1087" />
                            <ColumnReference Column="Expr1088" />
                            <ColumnReference Column="Expr1089" />
                            <ColumnReference Column="Expr1090" />
                            <ColumnReference Column="Expr1091" />
                            <ColumnReference Column="Expr1092" />
                            <ColumnReference Column="Expr1093" />
                            <ColumnReference Column="Expr1094" />
                          </OutputList>
                          <RunTimeInformation>
                            <RunTimeCountersPerThread Thread="1" ActualRows="4" ActualEndOfScans="1" ActualExecutions="1" />
                            <RunTimeCountersPerThread Thread="2" ActualRows="1" ActualEndOfScans="1" ActualExecutions="1" />
                            <RunTimeCountersPerThread Thread="4" ActualRows="6" ActualEndOfScans="1" ActualExecutions="1" />
                            <RunTimeCountersPerThread Thread="3" ActualRows="8" ActualEndOfScans="1" ActualExecutions="1" />
                            <RunTimeCountersPerThread Thread="0" ActualRows="0" ActualEndOfScans="0" ActualExecutions="0" />
                          </RunTimeInformation>
                          <StreamAggregate>
                            <DefinedValues>
                              <DefinedValue>
                                <ColumnReference Column="Expr1087" />
                                <ScalarOperator ScalarString="COUNT_BIG([ims_new].[dbo].[INVOICE_LINES].[UNIT_PRICE]*[ims_new].[dbo].[INVOICE_LINES].[QTY])">
                                  <Aggregate AggType="COUNT_BIG" Distinct="false">
                                    <ScalarOperator>
                                      <Arithmetic Operation="MULT">
                                        <ScalarOperator>
                                          <Identifier>
                                            <ColumnReference Database="[ims_new]" Schema="[dbo]" Table="[INVOICE_LINES]" Column="UNIT_PRICE" />
                                          </Identifier>
                                        </ScalarOperator>
                                        <ScalarOperator>
                                          <Identifier>
                                            <ColumnReference Database="[ims_new]" Schema="[dbo]" Table="[INVOICE_LINES]" Column="QTY" />
                                          </Identifier>
                                        </ScalarOperator>
                                      </Arithmetic>
                                    </ScalarOperator>
                                  </Aggregate>
                                </ScalarOperator>
                              </DefinedValue>
                              <DefinedValue>
                                <ColumnReference Column="Expr1088" />
                                <ScalarOperator ScalarString="SUM([ims_new].[dbo].[INVOICE_LINES].[UNIT_PRICE]*[ims_new].[dbo].[INVOICE_LINES].[QTY])">
                                  <Aggregate AggType="SUM" Distinct="false">
                                    <ScalarOperator>
                                      <Arithmetic Operation="MULT">
                                        <ScalarOperator>
                                          <Identifier>
                                            <ColumnReference Database="[ims_new]" Schema="[dbo]" Table="[INVOICE_LINES]" Column="UNIT_PRICE" />
                                          </Identifier>
                                        </ScalarOperator>
                                        <ScalarOperator>
                                          <Identifier>
                                            <ColumnReference Database="[ims_new]" Schema="[dbo]" Table="[INVOICE_LINES]" Column="QTY" />
                                          </Identifier>
                                        </ScalarOperator>
                                      </Arithmetic>
                                    </ScalarOperator>
                                  </Aggregate>
                                </ScalarOperator>
                              </DefinedValue>
                              <DefinedValue>
                                <ColumnReference Column="Expr1089" />
                                <ScalarOperator ScalarString="COUNT_BIG([ims_new].[dbo].[SERVICE_LINES].[bill_hourly_total])">
                                  <Aggregate AggType="COUNT_BIG" Distinct="false">
                                    <ScalarOperator>
                                      <Identifier>
                                        <ColumnReference Database="[ims_new]" Schema="[dbo]" Table="[SERVICE_LINES]" Column="bill_hourly_total" ComputedColumn="true" />
                                      </Identifier>
                                    </ScalarOperator>
                                  </Aggregate>
                                </ScalarOperator>
                              </DefinedValue>
                              <DefinedValue>
                                <ColumnReference Column="Expr1090" />
                                <ScalarOperator ScalarString="SUM([ims_new].[dbo].[SERVICE_LINES].[bill_hourly_total])">
                                  <Aggregate AggType="SUM" Distinct="false">
                                    <ScalarOperator>
                                      <Identifier>
                                        <ColumnReference Database="[ims_new]" Schema="[dbo]" Table="[SERVICE_LINES]" Column="bill_hourly_total" ComputedColumn="true" />
                                      </Identifier>
                                    </ScalarOperator>
                                  </Aggregate>
                                </ScalarOperator>
                              </DefinedValue>
                              <DefinedValue>
                                <ColumnReference Column="Expr1091" />
                                <ScalarOperator ScalarString="COUNT_BIG([ims_new].[dbo].[SERVICE_LINES].[bill_exp_total])">
                                  <Aggregate AggType="COUNT_BIG" Distinct="false">
                                    <ScalarOperator>
                                      <Identifier>
                                        <ColumnReference Database="[ims_new]" Schema="[dbo]" Table="[SERVICE_LINES]" Column="bill_exp_total" ComputedColumn="true" />
                                      </Identifier>
                                    </ScalarOperator>
                                  </Aggregate>
                                </ScalarOperator>
                              </DefinedValue>
                              <DefinedValue>
                                <ColumnReference Column="Expr1092" />
                                <ScalarOperator ScalarString="SUM([ims_new].[dbo].[SERVICE_LINES].[bill_exp_total])">
                                  <Aggregate AggType="SUM" Distinct="false">
                                    <ScalarOperator>
                                      <Identifier>
                                        <ColumnReference Database="[ims_new]" Schema="[dbo]" Table="[SERVICE_LINES]" Column="bill_exp_total" ComputedColumn="true" />
                                      </Identifier>
                                    </ScalarOperator>
                                  </Aggregate>
                                </ScalarOperator>
                              </DefinedValue>
                              <DefinedValue>
                                <ColumnReference Column="Expr1093" />
                                <ScalarOperator ScalarString="COUNT_BIG([ims_new].[dbo].[SERVICE_LINES].[bill_total])">
                                  <Aggregate AggType="COUNT_BIG" Distinct="false">
                                    <ScalarOperator>
                                      <Identifier>
                                        <ColumnReference Database="[ims_new]" Schema="[dbo]" Table="[SERVICE_LINES]" Column="bill_total" ComputedColumn="true" />
                                      </Identifier>
                                    </ScalarOperator>
                                  </Aggregate>
                                </ScalarOperator>
                              </DefinedValue>
                              <DefinedValue>
                                <ColumnReference Column="Expr1094" />
                                <ScalarOperator ScalarString="SUM([ims_new].[dbo].[SERVICE_LINES].[bill_total])">
                                  <Aggregate AggType="SUM" Distinct="false">
                                    <ScalarOperator>
                                      <Identifier>
                                        <ColumnReference Database="[ims_new]" Schema="[dbo]" Table="[SERVICE_LINES]" Column="bill_total" ComputedColumn="true" />
                                      </Identifier>
                                    </ScalarOperator>
                                  </Aggregate>
                                </ScalarOperator>
                              </DefinedValue>
                              <DefinedValue>
                                <ColumnReference Database="[ims_new]" Schema="[dbo]" Table="[INVOICES]" Alias="[i]" Column="DESCRIPTION" />
                                <ScalarOperator ScalarString="ANY([ims_new].[dbo].[INVOICES].[DESCRIPTION] as [i].[DESCRIPTION])">
                                  <Aggregate AggType="ANY" Distinct="false">
                                    <ScalarOperator>
                                      <Identifier>
                                        <ColumnReference Database="[ims_new]" Schema="[dbo]" Table="[INVOICES]" Alias="[i]" Column="DESCRIPTION" />
                                      </Identifier>
                                    </ScalarOperator>
                                  </Aggregate>
                                </ScalarOperator>
                              </DefinedValue>
                              <DefinedValue>
                                <ColumnReference Database="[ims_new]" Schema="[dbo]" Table="[INVOICES]" Alias="[i]" Column="STATUS_ID" />
                                <ScalarOperator ScalarString="ANY([ims_new].[dbo].[INVOICES].[STATUS_ID] as [i].[STATUS_ID])">
                                  <Aggregate AggType="ANY" Distinct="false">
                                    <ScalarOperator>
                                      <Identifier>
                                        <ColumnReference Database="[ims_new]" Schema="[dbo]" Table="[INVOICES]" Alias="[i]" Column="STATUS_ID" />
                                      </Identifier>
                                    </ScalarOperator>
                                  </Aggregate>
                                </ScalarOperator>
                              </DefinedValue>
                              <DefinedValue>
                                <ColumnReference Database="[ims_new]" Schema="[dbo]" Table="[INVOICES]" Alias="[i]" Column="JOB_ID" />
                                <ScalarOperator ScalarString="ANY([ims_new].[dbo].[INVOICES].[JOB_ID] as [i].[JOB_ID])">
                                  <Aggregate AggType="ANY" Distinct="false">
                                    <ScalarOperator>
                                      <Identifier>
                                        <ColumnReference Database="[ims_new]" Schema="[dbo]" Table="[INVOICES]" Alias="[i]" Column="JOB_ID" />
                                      </Identifier>
                                    </ScalarOperator>
                                  </Aggregate>
                                </ScalarOperator>
                              </DefinedValue>
                            </DefinedValues>
                            <GroupBy>
                              <ColumnReference Database="[ims_new]" Schema="[dbo]" Table="[INVOICES]" Alias="[i]" Column="INVOICE_ID" />
                              <ColumnReference Column="Expr1007" />
                              <ColumnReference Database="[ims_new]" Schema="[dbo]" Table="[LOOKUPS]" Alias="[invoice_type]" Column="NAME" />
                              <ColumnReference Column="Expr1026" />
                              <ColumnReference Column="Expr1027" />
                              <ColumnReference Column="Expr1028" />
                              <ColumnReference Database="[ims_new]" Schema="[dbo]" Table="[JOBS]" Alias="[j]" Column="JOB_NO" />
                            </GroupBy>
                            <RelOp AvgRowSize="668" EstimateCPU="0.125577" EstimateIO="0.00563063" EstimateRebinds="0" EstimateRewinds="0" EstimateRows="7067.62" LogicalOp="Sort" NodeId="4" Parallel="true" PhysicalOp="Sort" EstimatedTotalSubtreeCost="12.2763">
                              <OutputList>
                                <ColumnReference Database="[ims_new]" Schema="[dbo]" Table="[INVOICES]" Alias="[i]" Column="INVOICE_ID" />
                                <ColumnReference Database="[ims_new]" Schema="[dbo]" Table="[INVOICES]" Alias="[i]" Column="STATUS_ID" />
                                <ColumnReference Database="[ims_new]" Schema="[dbo]" Table="[INVOICES]" Alias="[i]" Column="JOB_ID" />
                                <ColumnReference Database="[ims_new]" Schema="[dbo]" Table="[INVOICES]" Alias="[i]" Column="DESCRIPTION" />
                                <ColumnReference Column="Expr1007" />
                                <ColumnReference Database="[ims_new]" Schema="[dbo]" Table="[LOOKUPS]" Alias="[invoice_type]" Column="NAME" />
                                <ColumnReference Database="[ims_new]" Schema="[dbo]" Table="[JOBS]" Alias="[j]" Column="JOB_NO" />
                                <ColumnReference Column="Expr1026" />
                                <ColumnReference Column="Expr1027" />
                                <ColumnReference Column="Expr1028" />
                                <ColumnReference Database="[ims_new]" Schema="[dbo]" Table="[INVOICE_LINES]" Column="UNIT_PRICE" />
                                <ColumnReference Database="[ims_new]" Schema="[dbo]" Table="[INVOICE_LINES]" Column="QTY" />
                                <ColumnReference Database="[ims_new]" Schema="[dbo]" Table="[SERVICE_LINES]" Column="bill_hourly_total" ComputedColumn="true" />
                                <ColumnReference Database="[ims_new]" Schema="[dbo]" Table="[SERVICE_LINES]" Column="bill_exp_total" ComputedColumn="true" />
                                <ColumnReference Database="[ims_new]" Schema="[dbo]" Table="[SERVICE_LINES]" Column="bill_total" ComputedColumn="true" />
                              </OutputList>
                              <MemoryFractions Input="0.982097" Output="0.982097" />
                              <RunTimeInformation>
                                <RunTimeCountersPerThread Thread="1" ActualRebinds="1" ActualRewinds="0" ActualRows="17" ActualEndOfScans="1" ActualExecutions="1" />
                                <RunTimeCountersPerThread Thread="2" ActualRebinds="1" ActualRewinds="0" ActualRows="2" ActualEndOfScans="1" ActualExecutions="1" />
                                <RunTimeCountersPerThread Thread="4" ActualRebinds="1" ActualRewinds="0" ActualRows="25" ActualEndOfScans="1" ActualExecutions="1" />
                                <RunTimeCountersPerThread Thread="3" ActualRebinds="1" ActualRewinds="0" ActualRows="242" ActualEndOfScans="1" ActualExecutions="1" />
                                <RunTimeCountersPerThread Thread="0" ActualRebinds="0" ActualRewinds="0" ActualRows="0" ActualEndOfScans="0" ActualExecutions="0" />
                              </RunTimeInformation>
                              <Sort Distinct="false">
                                <OrderBy>
                                  <OrderByColumn Ascending="true">
                                    <ColumnReference Database="[ims_new]" Schema="[dbo]" Table="[INVOICES]" Alias="[i]" Column="INVOICE_ID" />
                                  </OrderByColumn>
                                  <OrderByColumn Ascending="true">
                                    <ColumnReference Column="Expr1007" />
                                  </OrderByColumn>
                                  <OrderByColumn Ascending="true">
                                    <ColumnReference Database="[ims_new]" Schema="[dbo]" Table="[LOOKUPS]" Alias="[invoice_type]" Column="NAME" />
                                  </OrderByColumn>
                                  <OrderByColumn Ascending="true">
                                    <ColumnReference Column="Expr1026" />
                                  </OrderByColumn>
                                  <OrderByColumn Ascending="true">
                                    <ColumnReference Column="Expr1027" />
                                  </OrderByColumn>
                                  <OrderByColumn Ascending="true">
                                    <ColumnReference Column="Expr1028" />
                                  </OrderByColumn>
                                  <OrderByColumn Ascending="true">
                                    <ColumnReference Database="[ims_new]" Schema="[dbo]" Table="[JOBS]" Alias="[j]" Column="JOB_NO" />
                                  </OrderByColumn>
                                </OrderBy>
                                <RelOp AvgRowSize="668" EstimateCPU="0.283573" EstimateIO="0" EstimateRebinds="0" EstimateRewinds="0" EstimateRows="7067.62" LogicalOp="Repartition Streams" NodeId="5" Parallel="true" PhysicalOp="Parallelism" EstimatedTotalSubtreeCost="12.1451">
                                  <OutputList>
                                    <ColumnReference Database="[ims_new]" Schema="[dbo]" Table="[INVOICES]" Alias="[i]" Column="INVOICE_ID" />
                                    <ColumnReference Database="[ims_new]" Schema="[dbo]" Table="[INVOICES]" Alias="[i]" Column="STATUS_ID" />
                                    <ColumnReference Database="[ims_new]" Schema="[dbo]" Table="[INVOICES]" Alias="[i]" Column="JOB_ID" />
                                    <ColumnReference Database="[ims_new]" Schema="[dbo]" Table="[INVOICES]" Alias="[i]" Column="DESCRIPTION" />
                                    <ColumnReference Column="Expr1007" />
                                    <ColumnReference Database="[ims_new]" Schema="[dbo]" Table="[LOOKUPS]" Alias="[invoice_type]" Column="NAME" />
                                    <ColumnReference Database="[ims_new]" Schema="[dbo]" Table="[JOBS]" Alias="[j]" Column="JOB_NO" />
                                    <ColumnReference Column="Expr1026" />
                                    <ColumnReference Column="Expr1027" />
                                    <ColumnReference Column="Expr1028" />
                                    <ColumnReference Database="[ims_new]" Schema="[dbo]" Table="[INVOICE_LINES]" Column="UNIT_PRICE" />
                                    <ColumnReference Database="[ims_new]" Schema="[dbo]" Table="[INVOICE_LINES]" Column="QTY" />
                                    <ColumnReference Database="[ims_new]" Schema="[dbo]" Table="[SERVICE_LINES]" Column="bill_hourly_total" ComputedColumn="true" />
                                    <ColumnReference Database="[ims_new]" Schema="[dbo]" Table="[SERVICE_LINES]" Column="bill_exp_total" ComputedColumn="true" />
                                    <ColumnReference Database="[ims_new]" Schema="[dbo]" Table="[SERVICE_LINES]" Column="bill_total" ComputedColumn="true" />
                                  </OutputList>
                                  <RunTimeInformation>
                                    <RunTimeCountersPerThread Thread="4" ActualRows="25" ActualEndOfScans="1" ActualExecutions="1" />
                                    <RunTimeCountersPerThread Thread="1" ActualRows="17" ActualEndOfScans="1" ActualExecutions="1" />
                                    <RunTimeCountersPerThread Thread="2" ActualRows="2" ActualEndOfScans="1" ActualExecutions="1" />
                                    <RunTimeCountersPerThread Thread="3" ActualRows="242" ActualEndOfScans="1" ActualExecutions="1" />
                                    <RunTimeCountersPerThread Thread="0" ActualRows="0" ActualEndOfScans="0" ActualExecutions="0" />
                                  </RunTimeInformation>
                                  <Parallelism PartitioningType="Hash">
                                    <PartitionColumns>
                                      <ColumnReference Database="[ims_new]" Schema="[dbo]" Table="[INVOICES]" Alias="[i]" Column="INVOICE_ID" />
                                      <ColumnReference Column="Expr1007" />
                                      <ColumnReference Database="[ims_new]" Schema="[dbo]" Table="[LOOKUPS]" Alias="[invoice_type]" Column="NAME" />
                                      <ColumnReference Column="Expr1026" />
                                      <ColumnReference Column="Expr1027" />
                                      <ColumnReference Column="Expr1028" />
                                      <ColumnReference Database="[ims_new]" Schema="[dbo]" Table="[JOBS]" Alias="[j]" Column="JOB_NO" />
                                    </PartitionColumns>
                                    <RelOp AvgRowSize="668" EstimateCPU="0.000353381" EstimateIO="0" EstimateRebinds="0" EstimateRewinds="0" EstimateRows="7067.62" LogicalOp="Compute Scalar" NodeId="6" Parallel="true" PhysicalOp="Compute Scalar" EstimatedTotalSubtreeCost="11.8615">
                                      <OutputList>
                                        <ColumnReference Database="[ims_new]" Schema="[dbo]" Table="[INVOICES]" Alias="[i]" Column="INVOICE_ID" />
                                        <ColumnReference Database="[ims_new]" Schema="[dbo]" Table="[INVOICES]" Alias="[i]" Column="STATUS_ID" />
                                        <ColumnReference Database="[ims_new]" Schema="[dbo]" Table="[INVOICES]" Alias="[i]" Column="JOB_ID" />
                                        <ColumnReference Database="[ims_new]" Schema="[dbo]" Table="[INVOICES]" Alias="[i]" Column="DESCRIPTION" />
                                        <ColumnReference Column="Expr1007" />
                                        <ColumnReference Database="[ims_new]" Schema="[dbo]" Table="[LOOKUPS]" Alias="[invoice_type]" Column="NAME" />
                                        <ColumnReference Database="[ims_new]" Schema="[dbo]" Table="[JOBS]" Alias="[j]" Column="JOB_NO" />
                                        <ColumnReference Column="Expr1026" />
                                        <ColumnReference Column="Expr1027" />
                                        <ColumnReference Column="Expr1028" />
                                        <ColumnReference Database="[ims_new]" Schema="[dbo]" Table="[INVOICE_LINES]" Column="UNIT_PRICE" />
                                        <ColumnReference Database="[ims_new]" Schema="[dbo]" Table="[INVOICE_LINES]" Column="QTY" />
                                        <ColumnReference Database="[ims_new]" Schema="[dbo]" Table="[SERVICE_LINES]" Column="bill_hourly_total" ComputedColumn="true" />
                                        <ColumnReference Database="[ims_new]" Schema="[dbo]" Table="[SERVICE_LINES]" Column="bill_exp_total" ComputedColumn="true" />
                                        <ColumnReference Database="[ims_new]" Schema="[dbo]" Table="[SERVICE_LINES]" Column="bill_total" ComputedColumn="true" />
                                      </OutputList>
                                      <ComputeScalar>
                                        <DefinedValues>
                                          <DefinedValue>
                                            <ColumnReference Column="Expr1026" />
                                            <ScalarOperator ScalarString="CASE WHEN [ims_new].[dbo].[LOOKUPS].[CODE] as [customer_type].[CODE]='end_user' THEN [ims_new].[dbo].[CUSTOMERS].[CUSTOMER_NAME] ELSE [ims_new].[dbo].[CUSTOMERS].[CUSTOMER_NAME] as [c].[CUSTOMER_NAME] END">
                                              <IF>
                                                <Condition>
                                                  <ScalarOperator>
                                                    <Compare CompareOp="EQ">
                                                      <ScalarOperator>
                                                        <Identifier>
                                                          <ColumnReference Database="[ims_new]" Schema="[dbo]" Table="[LOOKUPS]" Alias="[customer_type]" Column="CODE" />
                                                        </Identifier>
                                                      </ScalarOperator>
                                                      <ScalarOperator>
                                                        <Const ConstValue="'end_user'" />
                                                      </ScalarOperator>
                                                    </Compare>
                                                  </ScalarOperator>
                                                </Condition>
                                                <Then>
                                                  <ScalarOperator>
                                                    <Identifier>
                                                      <ColumnReference Database="[ims_new]" Schema="[dbo]" Table="[CUSTOMERS]" Column="CUSTOMER_NAME" />
                                                    </Identifier>
                                                  </ScalarOperator>
                                                </Then>
                                                <Else>
                                                  <ScalarOperator>
                                                    <Identifier>
                                                      <ColumnReference Database="[ims_new]" Schema="[dbo]" Table="[CUSTOMERS]" Alias="[c]" Column="CUSTOMER_NAME" />
                                                    </Identifier>
                                                  </ScalarOperator>
                                                </Else>
                                              </IF>
                                            </ScalarOperator>
                                          </DefinedValue>
                                          <DefinedValue>
                                            <ColumnReference Column="Expr1027" />
                                            <ScalarOperator ScalarString="CASE WHEN [ims_new].[dbo].[LOOKUPS].[CODE] as [customer_type].[CODE]='end_user' THEN [ims_new].[dbo].[CUSTOMERS].[CUSTOMER_NAME] as [c].[CUSTOMER_NAME] ELSE [ims_new].[dbo].[CUSTOMERS].[CUSTOMER_NAME] as [eu].[CUSTOMER_NAME] END">
                                              <IF>
                                                <Condition>
                                                  <ScalarOperator>
                                                    <Compare CompareOp="EQ">
                                                      <ScalarOperator>
                                                        <Identifier>
                                                          <ColumnReference Database="[ims_new]" Schema="[dbo]" Table="[LOOKUPS]" Alias="[customer_type]" Column="CODE" />
                                                        </Identifier>
                                                      </ScalarOperator>
                                                      <ScalarOperator>
                                                        <Const ConstValue="'end_user'" />
                                                      </ScalarOperator>
                                                    </Compare>
                                                  </ScalarOperator>
                                                </Condition>
                                                <Then>
                                                  <ScalarOperator>
                                                    <Identifier>
                                                      <ColumnReference Database="[ims_new]" Schema="[dbo]" Table="[CUSTOMERS]" Alias="[c]" Column="CUSTOMER_NAME" />
                                                    </Identifier>
                                                  </ScalarOperator>
                                                </Then>
                                                <Else>
                                                  <ScalarOperator>
                                                    <Identifier>
                                                      <ColumnReference Database="[ims_new]" Schema="[dbo]" Table="[CUSTOMERS]" Alias="[eu]" Column="CUSTOMER_NAME" />
                                                    </Identifier>
                                                  </ScalarOperator>
                                                </Else>
                                              </IF>
                                            </ScalarOperator>
                                          </DefinedValue>
                                        </DefinedValues>
                                        <RelOp AvgRowSize="667" EstimateCPU="0.0147713" EstimateIO="0" EstimateRebinds="0" EstimateRewinds="0" EstimateRows="7067.62" LogicalOp="Left Outer Join" NodeId="7" Parallel="true" PhysicalOp="Nested Loops" EstimatedTotalSubtreeCost="11.8612">
                                          <OutputList>
                                            <ColumnReference Database="[ims_new]" Schema="[dbo]" Table="[INVOICES]" Alias="[i]" Column="INVOICE_ID" />
                                            <ColumnReference Database="[ims_new]" Schema="[dbo]" Table="[INVOICES]" Alias="[i]" Column="STATUS_ID" />
                                            <ColumnReference Database="[ims_new]" Schema="[dbo]" Table="[INVOICES]" Alias="[i]" Column="JOB_ID" />
                                            <ColumnReference Database="[ims_new]" Schema="[dbo]" Table="[INVOICES]" Alias="[i]" Column="DESCRIPTION" />
                                            <ColumnReference Column="Expr1007" />
                                            <ColumnReference Database="[ims_new]" Schema="[dbo]" Table="[LOOKUPS]" Alias="[invoice_type]" Column="NAME" />
                                            <ColumnReference Database="[ims_new]" Schema="[dbo]" Table="[JOBS]" Alias="[j]" Column="JOB_NO" />
                                            <ColumnReference Database="[ims_new]" Schema="[dbo]" Table="[CUSTOMERS]" Alias="[c]" Column="CUSTOMER_NAME" />
                                            <ColumnReference Database="[ims_new]" Schema="[dbo]" Table="[LOOKUPS]" Alias="[customer_type]" Column="CODE" />
                                            <ColumnReference Database="[ims_new]" Schema="[dbo]" Table="[CUSTOMERS]" Alias="[eu]" Column="CUSTOMER_NAME" />
                                            <ColumnReference Database="[ims_new]" Schema="[dbo]" Table="[CUSTOMERS]" Column="CUSTOMER_NAME" />
                                            <ColumnReference Column="Expr1028" />
                                            <ColumnReference Database="[ims_new]" Schema="[dbo]" Table="[INVOICE_LINES]" Column="UNIT_PRICE" />
                                            <ColumnReference Database="[ims_new]" Schema="[dbo]" Table="[INVOICE_LINES]" Column="QTY" />
                                            <ColumnReference Database="[ims_new]" Schema="[dbo]" Table="[SERVICE_LINES]" Column="bill_hourly_total" ComputedColumn="true" />
                                            <ColumnReference Database="[ims_new]" Schema="[dbo]" Table="[SERVICE_LINES]" Column="bill_exp_total" ComputedColumn="true" />
                                            <ColumnReference Database="[ims_new]" Schema="[dbo]" Table="[SERVICE_LINES]" Column="bill_total" ComputedColumn="true" />
                                          </OutputList>
                                          <RunTimeInformation>
                                            <RunTimeCountersPerThread Thread="4" ActualRows="33" ActualEndOfScans="1" ActualExecutions="1" />
                                            <RunTimeCountersPerThread Thread="1" ActualRows="3" ActualEndOfScans="1" ActualExecutions="1" />
                                            <RunTimeCountersPerThread Thread="2" ActualRows="175" ActualEndOfScans="1" ActualExecutions="1" />
                                            <RunTimeCountersPerThread Thread="3" ActualRows="75" ActualEndOfScans="1" ActualExecutions="1" />
                                            <RunTimeCountersPerThread Thread="0" ActualRows="0" ActualEndOfScans="0" ActualExecutions="0" />
                                          </RunTimeInformation>
                                          <NestedLoops Optimized="false">
                                            <OuterReferences>
                                              <ColumnReference Database="[ims_new]" Schema="[dbo]" Table="[INVOICES]" Alias="[i]" Column="INVOICE_ID" />
                                            </OuterReferences>
                                            <RelOp AvgRowSize="644" EstimateCPU="0.0105822" EstimateIO="0" EstimateRebinds="0" EstimateRewinds="0" EstimateRows="2831.18" LogicalOp="Left Outer Join" NodeId="8" Parallel="true" PhysicalOp="Nested Loops" EstimatedTotalSubtreeCost="8.11948">
                                              <OutputList>
                                                <ColumnReference Database="[ims_new]" Schema="[dbo]" Table="[INVOICES]" Alias="[i]" Column="INVOICE_ID" />
                                                <ColumnReference Database="[ims_new]" Schema="[dbo]" Table="[INVOICES]" Alias="[i]" Column="STATUS_ID" />
                                                <ColumnReference Database="[ims_new]" Schema="[dbo]" Table="[INVOICES]" Alias="[i]" Column="JOB_ID" />
                                                <ColumnReference Database="[ims_new]" Schema="[dbo]" Table="[INVOICES]" Alias="[i]" Column="DESCRIPTION" />
                                                <ColumnReference Column="Expr1007" />
                                                <ColumnReference Database="[ims_new]" Schema="[dbo]" Table="[LOOKUPS]" Alias="[invoice_type]" Column="NAME" />
                                                <ColumnReference Database="[ims_new]" Schema="[dbo]" Table="[JOBS]" Alias="[j]" Column="JOB_NO" />
                                                <ColumnReference Database="[ims_new]" Schema="[dbo]" Table="[CUSTOMERS]" Alias="[c]" Column="CUSTOMER_NAME" />
                                                <ColumnReference Database="[ims_new]" Schema="[dbo]" Table="[LOOKUPS]" Alias="[customer_type]" Column="CODE" />
                                                <ColumnReference Database="[ims_new]" Schema="[dbo]" Table="[CUSTOMERS]" Alias="[eu]" Column="CUSTOMER_NAME" />
                                                <ColumnReference Database="[ims_new]" Schema="[dbo]" Table="[CUSTOMERS]" Column="CUSTOMER_NAME" />
                                                <ColumnReference Column="Expr1028" />
                                                <ColumnReference Database="[ims_new]" Schema="[dbo]" Table="[SERVICE_LINES]" Column="bill_hourly_total" ComputedColumn="true" />
                                                <ColumnReference Database="[ims_new]" Schema="[dbo]" Table="[SERVICE_LINES]" Column="bill_exp_total" ComputedColumn="true" />
                                                <ColumnReference Database="[ims_new]" Schema="[dbo]" Table="[SERVICE_LINES]" Column="bill_total" ComputedColumn="true" />
                                              </OutputList>
                                              <RunTimeInformation>
                                                <RunTimeCountersPerThread Thread="4" ActualRows="33" ActualEndOfScans="1" ActualExecutions="1" />
                                                <RunTimeCountersPerThread Thread="1" ActualRows="3" ActualEndOfScans="1" ActualExecutions="1" />
                                                <RunTimeCountersPerThread Thread="3" ActualRows="75" ActualEndOfScans="1" ActualExecutions="1" />
                                                <RunTimeCountersPerThread Thread="2" ActualRows="175" ActualEndOfScans="1" ActualExecutions="1" />
                                                <RunTimeCountersPerThread Thread="0" ActualRows="0" ActualEndOfScans="0" ActualExecutions="0" />
                                              </RunTimeInformation>
                                              <NestedLoops Optimized="false">
                                                <OuterReferences>
                                                  <ColumnReference Database="[ims_new]" Schema="[dbo]" Table="[INVOICES]" Alias="[i]" Column="INVOICE_ID" />
                                                </OuterReferences>
                                                <RelOp AvgRowSize="593" EstimateCPU="0.0288733" EstimateIO="0" EstimateRebinds="0" EstimateRewinds="0" EstimateRows="12.848" LogicalOp="Repartition Streams" NodeId="9" Parallel="true" PhysicalOp="Parallelism" EstimatedTotalSubtreeCost="0.47692">
                                                  <OutputList>
                                                    <ColumnReference Database="[ims_new]" Schema="[dbo]" Table="[INVOICES]" Alias="[i]" Column="INVOICE_ID" />
                                                    <ColumnReference Database="[ims_new]" Schema="[dbo]" Table="[INVOICES]" Alias="[i]" Column="STATUS_ID" />
                                                    <ColumnReference Database="[ims_new]" Schema="[dbo]" Table="[INVOICES]" Alias="[i]" Column="JOB_ID" />
                                                    <ColumnReference Database="[ims_new]" Schema="[dbo]" Table="[INVOICES]" Alias="[i]" Column="DESCRIPTION" />
                                                    <ColumnReference Column="Expr1007" />
                                                    <ColumnReference Database="[ims_new]" Schema="[dbo]" Table="[LOOKUPS]" Alias="[invoice_type]" Column="NAME" />
                                                    <ColumnReference Database="[ims_new]" Schema="[dbo]" Table="[JOBS]" Alias="[j]" Column="JOB_NO" />
                                                    <ColumnReference Database="[ims_new]" Schema="[dbo]" Table="[CUSTOMERS]" Alias="[c]" Column="CUSTOMER_NAME" />
                                                    <ColumnReference Database="[ims_new]" Schema="[dbo]" Table="[LOOKUPS]" Alias="[customer_type]" Column="CODE" />
                                                    <ColumnReference Database="[ims_new]" Schema="[dbo]" Table="[CUSTOMERS]" Alias="[eu]" Column="CUSTOMER_NAME" />
                                                    <ColumnReference Database="[ims_new]" Schema="[dbo]" Table="[CUSTOMERS]" Column="CUSTOMER_NAME" />
                                                    <ColumnReference Column="Expr1028" />
                                                  </OutputList>
                                                  <RunTimeInformation>
                                                    <RunTimeCountersPerThread Thread="4" ActualRows="4" ActualEndOfScans="1" ActualExecutions="1" />
                                                    <RunTimeCountersPerThread Thread="1" ActualRows="3" ActualEndOfScans="1" ActualExecutions="1" />
                                                    <RunTimeCountersPerThread Thread="2" ActualRows="7" ActualEndOfScans="1" ActualExecutions="1" />
                                                    <RunTimeCountersPerThread Thread="3" ActualRows="5" ActualEndOfScans="1" ActualExecutions="1" />
                                                    <RunTimeCountersPerThread Thread="0" ActualRows="0" ActualEndOfScans="0" ActualExecutions="0" />
                                                  </RunTimeInformation>
                                                  <Parallelism PartitioningType="Hash">
                                                    <PartitionColumns>
                                                      <ColumnReference Database="[ims_new]" Schema="[dbo]" Table="[INVOICES]" Alias="[i]" Column="INVOICE_ID" />
                                                    </PartitionColumns>
                                                    <OrderBy>
                                                      <OrderByColumn Ascending="true">
                                                        <ColumnReference Database="[ims_new]" Schema="[dbo]" Table="[INVOICES]" Alias="[i]" Column="INVOICE_ID" />
                                                      </OrderByColumn>
                                                    </OrderBy>
                                                    <RelOp AvgRowSize="593" EstimateCPU="2.68522E-05" EstimateIO="0" EstimateRebinds="0" EstimateRewinds="0" EstimateRows="12.848" LogicalOp="Left Outer Join" NodeId="10" Parallel="true" PhysicalOp="Nested Loops" EstimatedTotalSubtreeCost="0.448046">
                                                      <OutputList>
                                                        <ColumnReference Database="[ims_new]" Schema="[dbo]" Table="[INVOICES]" Alias="[i]" Column="INVOICE_ID" />
                                                        <ColumnReference Database="[ims_new]" Schema="[dbo]" Table="[INVOICES]" Alias="[i]" Column="STATUS_ID" />
                                                        <ColumnReference Database="[ims_new]" Schema="[dbo]" Table="[INVOICES]" Alias="[i]" Column="JOB_ID" />
                                                        <ColumnReference Database="[ims_new]" Schema="[dbo]" Table="[INVOICES]" Alias="[i]" Column="DESCRIPTION" />
                                                        <ColumnReference Column="Expr1007" />
                                                        <ColumnReference Database="[ims_new]" Schema="[dbo]" Table="[LOOKUPS]" Alias="[invoice_type]" Column="NAME" />
                                                        <ColumnReference Database="[ims_new]" Schema="[dbo]" Table="[JOBS]" Alias="[j]" Column="JOB_NO" />
                                                        <ColumnReference Database="[ims_new]" Schema="[dbo]" Table="[CUSTOMERS]" Alias="[c]" Column="CUSTOMER_NAME" />
                                                        <ColumnReference Database="[ims_new]" Schema="[dbo]" Table="[LOOKUPS]" Alias="[customer_type]" Column="CODE" />
                                                        <ColumnReference Database="[ims_new]" Schema="[dbo]" Table="[CUSTOMERS]" Alias="[eu]" Column="CUSTOMER_NAME" />
                                                        <ColumnReference Database="[ims_new]" Schema="[dbo]" Table="[CUSTOMERS]" Column="CUSTOMER_NAME" />
                                                        <ColumnReference Column="Expr1028" />
                                                      </OutputList>
                                                      <RunTimeInformation>
                                                        <RunTimeCountersPerThread Thread="3" ActualRows="5" ActualEndOfScans="1" ActualExecutions="1" />
                                                        <RunTimeCountersPerThread Thread="1" ActualRows="4" ActualEndOfScans="1" ActualExecutions="1" />
                                                        <RunTimeCountersPerThread Thread="2" ActualRows="4" ActualEndOfScans="1" ActualExecutions="1" />
                                                        <RunTimeCountersPerThread Thread="4" ActualRows="6" ActualEndOfScans="1" ActualExecutions="1" />
                                                        <RunTimeCountersPerThread Thread="0" ActualRows="0" ActualEndOfScans="0" ActualExecutions="0" />
                                                      </RunTimeInformation>
                                                      <NestedLoops Optimized="false">
                                                        <PassThru>
                                                          <ScalarOperator ScalarString="IsFalseOrNull [ims_new].[dbo].[LOOKUPS].[CODE] as [customer_type].[CODE]='end_user'">
                                                            <Logical Operation="IsFalseOrNull">
                                                              <ScalarOperator>
                                                                <Compare CompareOp="EQ">
                                                                  <ScalarOperator>
                                                                    <Identifier>
                                                                      <ColumnReference Database="[ims_new]" Schema="[dbo]" Table="[LOOKUPS]" Alias="[customer_type]" Column="CODE" />
                                                                    </Identifier>
                                                                  </ScalarOperator>
                                                                  <ScalarOperator>
                                                                    <Const ConstValue="'end_user'" />
                                                                  </ScalarOperator>
                                                                </Compare>
                                                              </ScalarOperator>
                                                            </Logical>
                                                          </ScalarOperator>
                                                        </PassThru>
                                                        <OuterReferences>
                                                          <ColumnReference Database="[ims_new]" Schema="[dbo]" Table="[CUSTOMERS]" Alias="[c]" Column="end_user_parent_id" />
                                                        </OuterReferences>
                                                        <RelOp AvgRowSize="583" EstimateCPU="2.68522E-05" EstimateIO="0" EstimateRebinds="0" EstimateRewinds="0" EstimateRows="12.848" LogicalOp="Left Outer Join" NodeId="11" Parallel="true" PhysicalOp="Nested Loops" EstimatedTotalSubtreeCost="0.409489">
                                                          <OutputList>
                                                            <ColumnReference Database="[ims_new]" Schema="[dbo]" Table="[INVOICES]" Alias="[i]" Column="INVOICE_ID" />
                                                            <ColumnReference Database="[ims_new]" Schema="[dbo]" Table="[INVOICES]" Alias="[i]" Column="STATUS_ID" />
                                                            <ColumnReference Database="[ims_new]" Schema="[dbo]" Table="[INVOICES]" Alias="[i]" Column="JOB_ID" />
                                                            <ColumnReference Database="[ims_new]" Schema="[dbo]" Table="[INVOICES]" Alias="[i]" Column="DESCRIPTION" />
                                                            <ColumnReference Column="Expr1007" />
                                                            <ColumnReference Database="[ims_new]" Schema="[dbo]" Table="[LOOKUPS]" Alias="[invoice_type]" Column="NAME" />
                                                            <ColumnReference Database="[ims_new]" Schema="[dbo]" Table="[JOBS]" Alias="[j]" Column="JOB_NO" />
                                                            <ColumnReference Database="[ims_new]" Schema="[dbo]" Table="[CUSTOMERS]" Alias="[c]" Column="CUSTOMER_NAME" />
                                                            <ColumnReference Database="[ims_new]" Schema="[dbo]" Table="[CUSTOMERS]" Alias="[c]" Column="end_user_parent_id" />
                                                            <ColumnReference Database="[ims_new]" Schema="[dbo]" Table="[LOOKUPS]" Alias="[customer_type]" Column="CODE" />
                                                            <ColumnReference Database="[ims_new]" Schema="[dbo]" Table="[CUSTOMERS]" Alias="[eu]" Column="CUSTOMER_NAME" />
                                                            <ColumnReference Column="Expr1028" />
                                                          </OutputList>
                                                          <RunTimeInformation>
                                                            <RunTimeCountersPerThread Thread="3" ActualRows="5" ActualEndOfScans="1" ActualExecutions="1" />
                                                            <RunTimeCountersPerThread Thread="1" ActualRows="4" ActualEndOfScans="1" ActualExecutions="1" />
                                                            <RunTimeCountersPerThread Thread="2" ActualRows="4" ActualEndOfScans="1" ActualExecutions="1" />
                                                            <RunTimeCountersPerThread Thread="4" ActualRows="6" ActualEndOfScans="1" ActualExecutions="1" />
                                                            <RunTimeCountersPerThread Thread="0" ActualRows="0" ActualEndOfScans="0" ActualExecutions="0" />
                                                          </RunTimeInformation>
                                                          <NestedLoops Optimized="false">
                                                            <OuterReferences>
                                                              <ColumnReference Database="[ims_new]" Schema="[dbo]" Table="[INVOICES]" Alias="[i]" Column="INVOICE_TYPE_ID" />
                                                            </OuterReferences>
                                                            <RelOp AvgRowSize="582" EstimateCPU="2.68522E-05" EstimateIO="0" EstimateRebinds="0" EstimateRewinds="0" EstimateRows="12.848" LogicalOp="Left Outer Join" NodeId="12" Parallel="true" PhysicalOp="Nested Loops" EstimatedTotalSubtreeCost="0.404306">
                                                              <OutputList>
                                                                <ColumnReference Database="[ims_new]" Schema="[dbo]" Table="[INVOICES]" Alias="[i]" Column="INVOICE_ID" />
                                                                <ColumnReference Database="[ims_new]" Schema="[dbo]" Table="[INVOICES]" Alias="[i]" Column="INVOICE_TYPE_ID" />
                                                                <ColumnReference Database="[ims_new]" Schema="[dbo]" Table="[INVOICES]" Alias="[i]" Column="STATUS_ID" />
                                                                <ColumnReference Database="[ims_new]" Schema="[dbo]" Table="[INVOICES]" Alias="[i]" Column="JOB_ID" />
                                                                <ColumnReference Database="[ims_new]" Schema="[dbo]" Table="[INVOICES]" Alias="[i]" Column="DESCRIPTION" />
                                                                <ColumnReference Column="Expr1007" />
                                                                <ColumnReference Database="[ims_new]" Schema="[dbo]" Table="[JOBS]" Alias="[j]" Column="JOB_NO" />
                                                                <ColumnReference Database="[ims_new]" Schema="[dbo]" Table="[CUSTOMERS]" Alias="[c]" Column="CUSTOMER_NAME" />
                                                                <ColumnReference Database="[ims_new]" Schema="[dbo]" Table="[CUSTOMERS]" Alias="[c]" Column="end_user_parent_id" />
                                                                <ColumnReference Database="[ims_new]" Schema="[dbo]" Table="[LOOKUPS]" Alias="[customer_type]" Column="CODE" />
                                                                <ColumnReference Database="[ims_new]" Schema="[dbo]" Table="[CUSTOMERS]" Alias="[eu]" Column="CUSTOMER_NAME" />
                                                                <ColumnReference Column="Expr1028" />
                                                              </OutputList>
                                                              <RunTimeInformation>
                                                                <RunTimeCountersPerThread Thread="3" ActualRows="5" ActualEndOfScans="1" ActualExecutions="1" />
                                                                <RunTimeCountersPerThread Thread="1" ActualRows="4" ActualEndOfScans="1" ActualExecutions="1" />
                                                                <RunTimeCountersPerThread Thread="2" ActualRows="4" ActualEndOfScans="1" ActualExecutions="1" />
                                                                <RunTimeCountersPerThread Thread="4" ActualRows="6" ActualEndOfScans="1" ActualExecutions="1" />
                                                                <RunTimeCountersPerThread Thread="0" ActualRows="0" ActualEndOfScans="0" ActualExecutions="0" />
                                                              </RunTimeInformation>
                                                              <NestedLoops Optimized="false">
                                                                <OuterReferences>
                                                                  <ColumnReference Database="[ims_new]" Schema="[dbo]" Table="[INVOICES]" Alias="[i]" Column="INVOICE_ID" />
                                                                </OuterReferences>
                                                                <RelOp AvgRowSize="565" EstimateCPU="6.30207E-07" EstimateIO="0" EstimateRebinds="0" EstimateRewinds="0" EstimateRows="12.6041" LogicalOp="Compute Scalar" NodeId="13" Parallel="true" PhysicalOp="Compute Scalar" EstimatedTotalSubtreeCost="0.330895">
                                                                  <OutputList>
                                                                    <ColumnReference Database="[ims_new]" Schema="[dbo]" Table="[INVOICES]" Alias="[i]" Column="INVOICE_ID" />
                                                                    <ColumnReference Database="[ims_new]" Schema="[dbo]" Table="[INVOICES]" Alias="[i]" Column="INVOICE_TYPE_ID" />
                                                                    <ColumnReference Database="[ims_new]" Schema="[dbo]" Table="[INVOICES]" Alias="[i]" Column="STATUS_ID" />
                                                                    <ColumnReference Database="[ims_new]" Schema="[dbo]" Table="[INVOICES]" Alias="[i]" Column="JOB_ID" />
                                                                    <ColumnReference Database="[ims_new]" Schema="[dbo]" Table="[INVOICES]" Alias="[i]" Column="DESCRIPTION" />
                                                                    <ColumnReference Database="[ims_new]" Schema="[dbo]" Table="[JOBS]" Alias="[j]" Column="JOB_NO" />
                                                                    <ColumnReference Database="[ims_new]" Schema="[dbo]" Table="[CUSTOMERS]" Alias="[c]" Column="CUSTOMER_NAME" />
                                                                    <ColumnReference Database="[ims_new]" Schema="[dbo]" Table="[CUSTOMERS]" Alias="[c]" Column="end_user_parent_id" />
                                                                    <ColumnReference Database="[ims_new]" Schema="[dbo]" Table="[LOOKUPS]" Alias="[customer_type]" Column="CODE" />
                                                                    <ColumnReference Database="[ims_new]" Schema="[dbo]" Table="[CUSTOMERS]" Alias="[eu]" Column="CUSTOMER_NAME" />
                                                                    <ColumnReference Column="Expr1028" />
                                                                  </OutputList>
                                                                  <ComputeScalar>
                                                                    <DefinedValues>
                                                                      <DefinedValue>
                                                                        <ColumnReference Column="Expr1028" />
                                                                        <ScalarOperator ScalarString="([ims_new].[dbo].[USERS].[FIRST_NAME] as [u].[FIRST_NAME]+' ')+[ims_new].[dbo].[USERS].[LAST_NAME] as [u].[LAST_NAME]">
                                                                          <Arithmetic Operation="ADD">
                                                                            <ScalarOperator>
                                                                              <Arithmetic Operation="ADD">
                                                                                <ScalarOperator>
                                                                                  <Identifier>
                                                                                    <ColumnReference Database="[ims_new]" Schema="[dbo]" Table="[USERS]" Alias="[u]" Column="FIRST_NAME" />
                                                                                  </Identifier>
                                                                                </ScalarOperator>
                                                                                <ScalarOperator>
                                                                                  <Const ConstValue="' '" />
                                                                                </ScalarOperator>
                                                                              </Arithmetic>
                                                                            </ScalarOperator>
                                                                            <ScalarOperator>
                                                                              <Identifier>
                                                                                <ColumnReference Database="[ims_new]" Schema="[dbo]" Table="[USERS]" Alias="[u]" Column="LAST_NAME" />
                                                                              </Identifier>
                                                                            </ScalarOperator>
                                                                          </Arithmetic>
                                                                        </ScalarOperator>
                                                                      </DefinedValue>
                                                                    </DefinedValues>
                                                                    <RelOp AvgRowSize="378" EstimateCPU="2.63427E-05" EstimateIO="0" EstimateRebinds="0" EstimateRewinds="0" EstimateRows="12.6041" LogicalOp="Left Outer Join" NodeId="14" Parallel="true" PhysicalOp="Nested Loops" EstimatedTotalSubtreeCost="0.330894">
                                                                      <OutputList>
                                                                        <ColumnReference Database="[ims_new]" Schema="[dbo]" Table="[INVOICES]" Alias="[i]" Column="INVOICE_ID" />
                                                                        <ColumnReference Database="[ims_new]" Schema="[dbo]" Table="[INVOICES]" Alias="[i]" Column="INVOICE_TYPE_ID" />
                                                                        <ColumnReference Database="[ims_new]" Schema="[dbo]" Table="[INVOICES]" Alias="[i]" Column="STATUS_ID" />
                                                                        <ColumnReference Database="[ims_new]" Schema="[dbo]" Table="[INVOICES]" Alias="[i]" Column="JOB_ID" />
                                                                        <ColumnReference Database="[ims_new]" Schema="[dbo]" Table="[INVOICES]" Alias="[i]" Column="DESCRIPTION" />
                                                                        <ColumnReference Database="[ims_new]" Schema="[dbo]" Table="[JOBS]" Alias="[j]" Column="JOB_NO" />
                                                                        <ColumnReference Database="[ims_new]" Schema="[dbo]" Table="[CUSTOMERS]" Alias="[c]" Column="CUSTOMER_NAME" />
                                                                        <ColumnReference Database="[ims_new]" Schema="[dbo]" Table="[CUSTOMERS]" Alias="[c]" Column="end_user_parent_id" />
                                                                        <ColumnReference Database="[ims_new]" Schema="[dbo]" Table="[LOOKUPS]" Alias="[customer_type]" Column="CODE" />
                                                                        <ColumnReference Database="[ims_new]" Schema="[dbo]" Table="[CUSTOMERS]" Alias="[eu]" Column="CUSTOMER_NAME" />
                                                                        <ColumnReference Database="[ims_new]" Schema="[dbo]" Table="[USERS]" Alias="[u]" Column="FIRST_NAME" />
                                                                        <ColumnReference Database="[ims_new]" Schema="[dbo]" Table="[USERS]" Alias="[u]" Column="LAST_NAME" />
                                                                      </OutputList>
                                                                      <RunTimeInformation>
                                                                        <RunTimeCountersPerThread Thread="3" ActualRows="5" ActualEndOfScans="1" ActualExecutions="1" />
                                                                        <RunTimeCountersPerThread Thread="1" ActualRows="4" ActualEndOfScans="1" ActualExecutions="1" />
                                                                        <RunTimeCountersPerThread Thread="2" ActualRows="4" ActualEndOfScans="1" ActualExecutions="1" />
                                                                        <RunTimeCountersPerThread Thread="4" ActualRows="6" ActualEndOfScans="1" ActualExecutions="1" />
                                                                        <RunTimeCountersPerThread Thread="0" ActualRows="0" ActualEndOfScans="0" ActualExecutions="0" />
                                                                      </RunTimeInformation>
                                                                      <NestedLoops Optimized="false">
                                                                        <OuterReferences>
                                                                          <ColumnReference Database="[ims_new]" Schema="[dbo]" Table="[JOBS]" Alias="[j]" Column="BILLING_USER_ID" />
                                                                        </OuterReferences>
                                                                        <RelOp AvgRowSize="372" EstimateCPU="2.63427E-05" EstimateIO="0" EstimateRebinds="0" EstimateRewinds="0" EstimateRows="12.6041" LogicalOp="Left Outer Join" NodeId="15" Parallel="true" PhysicalOp="Nested Loops" EstimatedTotalSubtreeCost="0.295225">
                                                                          <OutputList>
                                                                            <ColumnReference Database="[ims_new]" Schema="[dbo]" Table="[INVOICES]" Alias="[i]" Column="INVOICE_ID" />
                                                                            <ColumnReference Database="[ims_new]" Schema="[dbo]" Table="[INVOICES]" Alias="[i]" Column="INVOICE_TYPE_ID" />
                                                                            <ColumnReference Database="[ims_new]" Schema="[dbo]" Table="[INVOICES]" Alias="[i]" Column="STATUS_ID" />
                                                                            <ColumnReference Database="[ims_new]" Schema="[dbo]" Table="[INVOICES]" Alias="[i]" Column="JOB_ID" />
                                                                            <ColumnReference Database="[ims_new]" Schema="[dbo]" Table="[INVOICES]" Alias="[i]" Column="DESCRIPTION" />
                                                                            <ColumnReference Database="[ims_new]" Schema="[dbo]" Table="[JOBS]" Alias="[j]" Column="JOB_NO" />
                                                                            <ColumnReference Database="[ims_new]" Schema="[dbo]" Table="[JOBS]" Alias="[j]" Column="BILLING_USER_ID" />
                                                                            <ColumnReference Database="[ims_new]" Schema="[dbo]" Table="[CUSTOMERS]" Alias="[c]" Column="CUSTOMER_NAME" />
                                                                            <ColumnReference Database="[ims_new]" Schema="[dbo]" Table="[CUSTOMERS]" Alias="[c]" Column="end_user_parent_id" />
                                                                            <ColumnReference Database="[ims_new]" Schema="[dbo]" Table="[LOOKUPS]" Alias="[customer_type]" Column="CODE" />
                                                                            <ColumnReference Database="[ims_new]" Schema="[dbo]" Table="[CUSTOMERS]" Alias="[eu]" Column="CUSTOMER_NAME" />
                                                                          </OutputList>
                                                                          <RunTimeInformation>
                                                                            <RunTimeCountersPerThread Thread="3" ActualRows="5" ActualEndOfScans="1" ActualExecutions="1" />
                                                                            <RunTimeCountersPerThread Thread="1" ActualRows="4" ActualEndOfScans="1" ActualExecutions="1" />
                                                                            <RunTimeCountersPerThread Thread="2" ActualRows="4" ActualEndOfScans="1" ActualExecutions="1" />
                                                                            <RunTimeCountersPerThread Thread="4" ActualRows="6" ActualEndOfScans="1" ActualExecutions="1" />
                                                                            <RunTimeCountersPerThread Thread="0" ActualRows="0" ActualEndOfScans="0" ActualExecutions="0" />
                                                                          </RunTimeInformation>
                                                                          <NestedLoops Optimized="false">
                                                                            <OuterReferences>
                                                                              <ColumnReference Database="[ims_new]" Schema="[dbo]" Table="[PROJECTS]" Alias="[p]" Column="CUSTOMER_ID" />
                                                                            </OuterReferences>
                                                                            <RelOp AvgRowSize="362" EstimateCPU="2.63427E-05" EstimateIO="0" EstimateRebinds="0" EstimateRewinds="0" EstimateRows="12.6041" LogicalOp="Left Outer Join" NodeId="16" Parallel="true" PhysicalOp="Nested Loops" EstimatedTotalSubtreeCost="0.258375">
                                                                              <OutputList>
                                                                                <ColumnReference Database="[ims_new]" Schema="[dbo]" Table="[INVOICES]" Alias="[i]" Column="INVOICE_ID" />
                                                                                <ColumnReference Database="[ims_new]" Schema="[dbo]" Table="[INVOICES]" Alias="[i]" Column="INVOICE_TYPE_ID" />
                                                                                <ColumnReference Database="[ims_new]" Schema="[dbo]" Table="[INVOICES]" Alias="[i]" Column="STATUS_ID" />
                                                                                <ColumnReference Database="[ims_new]" Schema="[dbo]" Table="[INVOICES]" Alias="[i]" Column="JOB_ID" />
                                                                                <ColumnReference Database="[ims_new]" Schema="[dbo]" Table="[INVOICES]" Alias="[i]" Column="DESCRIPTION" />
                                                                                <ColumnReference Database="[ims_new]" Schema="[dbo]" Table="[JOBS]" Alias="[j]" Column="JOB_NO" />
                                                                                <ColumnReference Database="[ims_new]" Schema="[dbo]" Table="[JOBS]" Alias="[j]" Column="BILLING_USER_ID" />
                                                                                <ColumnReference Database="[ims_new]" Schema="[dbo]" Table="[CUSTOMERS]" Alias="[c]" Column="CUSTOMER_NAME" />
                                                                                <ColumnReference Database="[ims_new]" Schema="[dbo]" Table="[CUSTOMERS]" Alias="[c]" Column="end_user_parent_id" />
                                                                                <ColumnReference Database="[ims_new]" Schema="[dbo]" Table="[LOOKUPS]" Alias="[customer_type]" Column="CODE" />
                                                                                <ColumnReference Database="[ims_new]" Schema="[dbo]" Table="[PROJECTS]" Alias="[p]" Column="CUSTOMER_ID" />
                                                                              </OutputList>
                                                                              <RunTimeInformation>
                                                                                <RunTimeCountersPerThread Thread="3" ActualRows="5" ActualEndOfScans="1" ActualExecutions="1" />
                                                                                <RunTimeCountersPerThread Thread="1" ActualRows="4" ActualEndOfScans="1" ActualExecutions="1" />
                                                                                <RunTimeCountersPerThread Thread="2" ActualRows="4" ActualEndOfScans="1" ActualExecutions="1" />
                                                                                <RunTimeCountersPerThread Thread="4" ActualRows="6" ActualEndOfScans="1" ActualExecutions="1" />
                                                                                <RunTimeCountersPerThread Thread="0" ActualRows="0" ActualEndOfScans="0" ActualExecutions="0" />
                                                                              </RunTimeInformation>
                                                                              <NestedLoops Optimized="false">
                                                                                <OuterReferences>
                                                                                  <ColumnReference Database="[ims_new]" Schema="[dbo]" Table="[JOBS]" Alias="[j]" Column="PROJECT_ID" />
                                                                                </OuterReferences>
                                                                                <RelOp AvgRowSize="362" EstimateCPU="2.69747E-05" EstimateIO="0" EstimateRebinds="0" EstimateRewinds="0" EstimateRows="12.6041" LogicalOp="Inner Join" NodeId="17" Parallel="true" PhysicalOp="Nested Loops" EstimatedTotalSubtreeCost="0.220232">
                                                                                  <OutputList>
                                                                                    <ColumnReference Database="[ims_new]" Schema="[dbo]" Table="[INVOICES]" Alias="[i]" Column="INVOICE_ID" />
                                                                                    <ColumnReference Database="[ims_new]" Schema="[dbo]" Table="[INVOICES]" Alias="[i]" Column="INVOICE_TYPE_ID" />
                                                                                    <ColumnReference Database="[ims_new]" Schema="[dbo]" Table="[INVOICES]" Alias="[i]" Column="STATUS_ID" />
                                                                                    <ColumnReference Database="[ims_new]" Schema="[dbo]" Table="[INVOICES]" Alias="[i]" Column="JOB_ID" />
                                                                                    <ColumnReference Database="[ims_new]" Schema="[dbo]" Table="[INVOICES]" Alias="[i]" Column="DESCRIPTION" />
                                                                                    <ColumnReference Database="[ims_new]" Schema="[dbo]" Table="[JOBS]" Alias="[j]" Column="PROJECT_ID" />
                                                                                    <ColumnReference Database="[ims_new]" Schema="[dbo]" Table="[JOBS]" Alias="[j]" Column="JOB_NO" />
                                                                                    <ColumnReference Database="[ims_new]" Schema="[dbo]" Table="[JOBS]" Alias="[j]" Column="BILLING_USER_ID" />
                                                                                    <ColumnReference Database="[ims_new]" Schema="[dbo]" Table="[CUSTOMERS]" Alias="[c]" Column="CUSTOMER_NAME" />
                                                                                    <ColumnReference Database="[ims_new]" Schema="[dbo]" Table="[CUSTOMERS]" Alias="[c]" Column="end_user_parent_id" />
                                                                                    <ColumnReference Database="[ims_new]" Schema="[dbo]" Table="[LOOKUPS]" Alias="[customer_type]" Column="CODE" />
                                                                                  </OutputList>
                                                                                  <RunTimeInformation>
                                                                                    <RunTimeCountersPerThread Thread="3" ActualRows="5" ActualEndOfScans="1" ActualExecutions="1" />
                                                                                    <RunTimeCountersPerThread Thread="1" ActualRows="4" ActualEndOfScans="1" ActualExecutions="1" />
                                                                                    <RunTimeCountersPerThread Thread="2" ActualRows="4" ActualEndOfScans="1" ActualExecutions="1" />
                                                                                    <RunTimeCountersPerThread Thread="4" ActualRows="6" ActualEndOfScans="1" ActualExecutions="1" />
                                                                                    <RunTimeCountersPerThread Thread="0" ActualRows="0" ActualEndOfScans="0" ActualExecutions="0" />
                                                                                  </RunTimeInformation>
                                                                                  <NestedLoops Optimized="false">
                                                                                    <OuterReferences>
                                                                                      <ColumnReference Database="[ims_new]" Schema="[dbo]" Table="[CUSTOMERS]" Alias="[c]" Column="customer_type_id" />
                                                                                    </OuterReferences>
                                                                                    <RelOp AvgRowSize="362" EstimateCPU="2.69747E-05" EstimateIO="0" EstimateRebinds="0" EstimateRewinds="0" EstimateRows="12.9066" LogicalOp="Inner Join" NodeId="18" Parallel="true" PhysicalOp="Nested Loops" EstimatedTotalSubtreeCost="0.21161">
                                                                                      <OutputList>
                                                                                        <ColumnReference Database="[ims_new]" Schema="[dbo]" Table="[INVOICES]" Alias="[i]" Column="INVOICE_ID" />
                                                                                        <ColumnReference Database="[ims_new]" Schema="[dbo]" Table="[INVOICES]" Alias="[i]" Column="INVOICE_TYPE_ID" />
                                                                                        <ColumnReference Database="[ims_new]" Schema="[dbo]" Table="[INVOICES]" Alias="[i]" Column="STATUS_ID" />
                                                                                        <ColumnReference Database="[ims_new]" Schema="[dbo]" Table="[INVOICES]" Alias="[i]" Column="JOB_ID" />
                                                                                        <ColumnReference Database="[ims_new]" Schema="[dbo]" Table="[INVOICES]" Alias="[i]" Column="DESCRIPTION" />
                                                                                        <ColumnReference Database="[ims_new]" Schema="[dbo]" Table="[JOBS]" Alias="[j]" Column="PROJECT_ID" />
                                                                                        <ColumnReference Database="[ims_new]" Schema="[dbo]" Table="[JOBS]" Alias="[j]" Column="JOB_NO" />
                                                                                        <ColumnReference Database="[ims_new]" Schema="[dbo]" Table="[JOBS]" Alias="[j]" Column="BILLING_USER_ID" />
                                                                                        <ColumnReference Database="[ims_new]" Schema="[dbo]" Table="[CUSTOMERS]" Alias="[c]" Column="CUSTOMER_NAME" />
                                                                                        <ColumnReference Database="[ims_new]" Schema="[dbo]" Table="[CUSTOMERS]" Alias="[c]" Column="customer_type_id" />
                                                                                        <ColumnReference Database="[ims_new]" Schema="[dbo]" Table="[CUSTOMERS]" Alias="[c]" Column="end_user_parent_id" />
                                                                                      </OutputList>
                                                                                      <RunTimeInformation>
                                                                                        <RunTimeCountersPerThread Thread="3" ActualRows="5" ActualEndOfScans="1" ActualExecutions="1" />
                                                                                        <RunTimeCountersPerThread Thread="1" ActualRows="4" ActualEndOfScans="1" ActualExecutions="1" />
                                                                                        <RunTimeCountersPerThread Thread="2" ActualRows="4" ActualEndOfScans="1" ActualExecutions="1" />
                                                                                        <RunTimeCountersPerThread Thread="4" ActualRows="6" ActualEndOfScans="1" ActualExecutions="1" />
                                                                                        <RunTimeCountersPerThread Thread="0" ActualRows="0" ActualEndOfScans="0" ActualExecutions="0" />
                                                                                      </RunTimeInformation>
                                                                                      <NestedLoops Optimized="false">
                                                                                        <OuterReferences>
                                                                                          <ColumnReference Database="[ims_new]" Schema="[dbo]" Table="[JOBS]" Alias="[j]" Column="CUSTOMER_ID" />
                                                                                        </OuterReferences>
                                                                                        <RelOp AvgRowSize="334" EstimateCPU="2.69747E-05" EstimateIO="0" EstimateRebinds="0" EstimateRewinds="0" EstimateRows="12.9066" LogicalOp="Inner Join" NodeId="19" Parallel="true" PhysicalOp="Nested Loops" EstimatedTotalSubtreeCost="0.173837">
                                                                                          <OutputList>
                                                                                            <ColumnReference Database="[ims_new]" Schema="[dbo]" Table="[INVOICES]" Alias="[i]" Column="INVOICE_ID" />
                                                                                            <ColumnReference Database="[ims_new]" Schema="[dbo]" Table="[INVOICES]" Alias="[i]" Column="INVOICE_TYPE_ID" />
                                                                                            <ColumnReference Database="[ims_new]" Schema="[dbo]" Table="[INVOICES]" Alias="[i]" Column="STATUS_ID" />
                                                                                            <ColumnReference Database="[ims_new]" Schema="[dbo]" Table="[INVOICES]" Alias="[i]" Column="JOB_ID" />
                                                                                            <ColumnReference Database="[ims_new]" Schema="[dbo]" Table="[INVOICES]" Alias="[i]" Column="DESCRIPTION" />
                                                                                            <ColumnReference Database="[ims_new]" Schema="[dbo]" Table="[JOBS]" Alias="[j]" Column="PROJECT_ID" />
                                                                                            <ColumnReference Database="[ims_new]" Schema="[dbo]" Table="[JOBS]" Alias="[j]" Column="JOB_NO" />
                                                                                            <ColumnReference Database="[ims_new]" Schema="[dbo]" Table="[JOBS]" Alias="[j]" Column="CUSTOMER_ID" />
                                                                                            <ColumnReference Database="[ims_new]" Schema="[dbo]" Table="[JOBS]" Alias="[j]" Column="BILLING_USER_ID" />
                                                                                          </OutputList>
                                                                                          <RunTimeInformation>
                                                                                            <RunTimeCountersPerThread Thread="3" ActualRows="5" ActualEndOfScans="1" ActualExecutions="1" />
                                                                                            <RunTimeCountersPerThread Thread="1" ActualRows="4" ActualEndOfScans="1" ActualExecutions="1" />
                                                                                            <RunTimeCountersPerThread Thread="2" ActualRows="4" ActualEndOfScans="1" ActualExecutions="1" />
                                                                                            <RunTimeCountersPerThread Thread="4" ActualRows="6" ActualEndOfScans="1" ActualExecutions="1" />
                                                                                            <RunTimeCountersPerThread Thread="0" ActualRows="0" ActualEndOfScans="0" ActualExecutions="0" />
                                                                                          </RunTimeInformation>
                                                                                          <NestedLoops Optimized="false">
                                                                                            <OuterReferences>
                                                                                              <ColumnReference Database="[ims_new]" Schema="[dbo]" Table="[INVOICES]" Alias="[i]" Column="JOB_ID" />
                                                                                            </OuterReferences>
                                                                                            <RelOp AvgRowSize="297" EstimateCPU="7.72581E-06" EstimateIO="0" EstimateRebinds="0" EstimateRewinds="0" EstimateRows="12.9066" LogicalOp="Filter" NodeId="20" Parallel="true" PhysicalOp="Filter" EstimatedTotalSubtreeCost="0.13468">
                                                                                              <OutputList>
                                                                                                <ColumnReference Database="[ims_new]" Schema="[dbo]" Table="[INVOICES]" Alias="[i]" Column="INVOICE_ID" />
                                                                                                <ColumnReference Database="[ims_new]" Schema="[dbo]" Table="[INVOICES]" Alias="[i]" Column="INVOICE_TYPE_ID" />
                                                                                                <ColumnReference Database="[ims_new]" Schema="[dbo]" Table="[INVOICES]" Alias="[i]" Column="STATUS_ID" />
                                                                                                <ColumnReference Database="[ims_new]" Schema="[dbo]" Table="[INVOICES]" Alias="[i]" Column="JOB_ID" />
                                                                                                <ColumnReference Database="[ims_new]" Schema="[dbo]" Table="[INVOICES]" Alias="[i]" Column="DESCRIPTION" />
                                                                                              </OutputList>
                                                                                              <RunTimeInformation>
                                                                                                <RunTimeCountersPerThread Thread="3" ActualRows="5" ActualEndOfScans="1" ActualExecutions="1" />
                                                                                                <RunTimeCountersPerThread Thread="1" ActualRows="4" ActualEndOfScans="1" ActualExecutions="1" />
                                                                                                <RunTimeCountersPerThread Thread="2" ActualRows="4" ActualEndOfScans="1" ActualExecutions="1" />
                                                                                                <RunTimeCountersPerThread Thread="4" ActualRows="6" ActualEndOfScans="1" ActualExecutions="1" />
                                                                                                <RunTimeCountersPerThread Thread="0" ActualRows="0" ActualEndOfScans="0" ActualExecutions="0" />
                                                                                              </RunTimeInformation>
                                                                                              <Filter StartupExpression="false">
                                                                                                <RelOp AvgRowSize="306" EstimateCPU="6.72789E-05" EstimateIO="0" EstimateRebinds="0" EstimateRewinds="0" EstimateRows="32.1909" LogicalOp="Inner Join" NodeId="21" Parallel="true" PhysicalOp="Nested Loops" EstimatedTotalSubtreeCost="0.134672">
                                                                                                  <OutputList>
                                                                                                    <ColumnReference Database="[ims_new]" Schema="[dbo]" Table="[INVOICES]" Alias="[i]" Column="INVOICE_ID" />
                                                                                                    <ColumnReference Database="[ims_new]" Schema="[dbo]" Table="[INVOICES]" Alias="[i]" Column="ORGANIZATION_ID" />
                                                                                                    <ColumnReference Database="[ims_new]" Schema="[dbo]" Table="[INVOICES]" Alias="[i]" Column="INVOICE_TYPE_ID" />
                                                                                                    <ColumnReference Database="[ims_new]" Schema="[dbo]" Table="[INVOICES]" Alias="[i]" Column="STATUS_ID" />
                                                                                                    <ColumnReference Database="[ims_new]" Schema="[dbo]" Table="[INVOICES]" Alias="[i]" Column="JOB_ID" />
                                                                                                    <ColumnReference Database="[ims_new]" Schema="[dbo]" Table="[INVOICES]" Alias="[i]" Column="DESCRIPTION" />
                                                                                                  </OutputList>
                                                                                                  <RunTimeInformation>
                                                                                                    <RunTimeCountersPerThread Thread="3" ActualRows="6" ActualEndOfScans="1" ActualExecutions="1" />
                                                                                                    <RunTimeCountersPerThread Thread="1" ActualRows="6" ActualEndOfScans="1" ActualExecutions="1" />
                                                                                                    <RunTimeCountersPerThread Thread="2" ActualRows="6" ActualEndOfScans="1" ActualExecutions="1" />
                                                                                                    <RunTimeCountersPerThread Thread="4" ActualRows="6" ActualEndOfScans="1" ActualExecutions="1" />
                                                                                                    <RunTimeCountersPerThread Thread="0" ActualRows="0" ActualEndOfScans="0" ActualExecutions="0" />
                                                                                                  </RunTimeInformation>
                                                                                                  <NestedLoops Optimized="false" WithOrderedPrefetch="true">
                                                                                                    <OuterReferences>
                                                                                                      <ColumnReference Database="[ims_new]" Schema="[dbo]" Table="[INVOICES]" Alias="[i]" Column="INVOICE_ID" />
                                                                                                      <ColumnReference Column="Expr1085" />
                                                                                                    </OuterReferences>
                                                                                                    <RelOp AvgRowSize="25" EstimateCPU="0.0289289" EstimateIO="0" EstimateRebinds="0" EstimateRewinds="0" EstimateRows="32.1909" LogicalOp="Distribute Streams" NodeId="23" Parallel="true" PhysicalOp="Parallelism" EstimatedTotalSubtreeCost="0.0322463">
                                                                                                      <OutputList>
                                                                                                        <ColumnReference Database="[ims_new]" Schema="[dbo]" Table="[INVOICES]" Alias="[i]" Column="INVOICE_ID" />
                                                                                                        <ColumnReference Database="[ims_new]" Schema="[dbo]" Table="[INVOICES]" Alias="[i]" Column="STATUS_ID" />
                                                                                                      </OutputList>
                                                                                                      <RunTimeInformation>
                                                                                                        <RunTimeCountersPerThread Thread="3" ActualRows="6" ActualEndOfScans="1" ActualExecutions="1" />
                                                                                                        <RunTimeCountersPerThread Thread="1" ActualRows="6" ActualEndOfScans="1" ActualExecutions="1" />
                                                                                                        <RunTimeCountersPerThread Thread="2" ActualRows="6" ActualEndOfScans="1" ActualExecutions="1" />
                                                                                                        <RunTimeCountersPerThread Thread="4" ActualRows="6" ActualEndOfScans="1" ActualExecutions="1" />
                                                                                                        <RunTimeCountersPerThread Thread="0" ActualRows="0" ActualEndOfScans="0" ActualExecutions="0" />
                                                                                                      </RunTimeInformation>
                                                                                                      <Parallelism PartitioningType="RoundRobin">
                                                                                                        <RelOp AvgRowSize="25" EstimateCPU="0.00019241" EstimateIO="0.003125" EstimateRebinds="0" EstimateRewinds="0" EstimateRows="32.1909" LogicalOp="Index Seek" NodeId="24" Parallel="false" PhysicalOp="Index Seek" EstimatedTotalSubtreeCost="0.00331741">
                                                                                                          <OutputList>
                                                                                                            <ColumnReference Database="[ims_new]" Schema="[dbo]" Table="[INVOICES]" Alias="[i]" Column="INVOICE_ID" />
                                                                                                            <ColumnReference Database="[ims_new]" Schema="[dbo]" Table="[INVOICES]" Alias="[i]" Column="STATUS_ID" />
                                                                                                          </OutputList>
                                                                                                          <RunTimeInformation>
                                                                                                            <RunTimeCountersPerThread Thread="1" ActualRows="24" ActualEndOfScans="1" ActualExecutions="1" />
                                                                                                            <RunTimeCountersPerThread Thread="0" ActualRows="0" ActualEndOfScans="0" ActualExecutions="0" />
                                                                                                          </RunTimeInformation>
                                                                                                          <IndexScan Ordered="true" ScanDirection="FORWARD" ForcedIndex="false" NoExpandHint="false">
                                                                                                            <DefinedValues>
                                                                                                              <DefinedValue>
                                                                                                                <ColumnReference Database="[ims_new]" Schema="[dbo]" Table="[INVOICES]" Alias="[i]" Column="INVOICE_ID" />
                                                                                                              </DefinedValue>
                                                                                                              <DefinedValue>
                                                                                                                <ColumnReference Database="[ims_new]" Schema="[dbo]" Table="[INVOICES]" Alias="[i]" Column="STATUS_ID" />
                                                                                                              </DefinedValue>
                                                                                                            </DefinedValues>
                                                                                                            <Object Database="[ims_new]" Schema="[dbo]" Table="[INVOICES]" Index="[IX_I_STATUS]" Alias="[i]" />
                                                                                                            <SeekPredicates>
                                                                                                              <SeekPredicate>
                                                                                                                <Prefix ScanType="EQ">
                                                                                                                  <RangeColumns>
                                                                                                                    <ColumnReference Database="[ims_new]" Schema="[dbo]" Table="[INVOICES]" Alias="[i]" Column="STATUS_ID" />
                                                                                                                  </RangeColumns>
                                                                                                                  <RangeExpressions>
                                                                                                                    <ScalarOperator ScalarString="(1.)">
                                                                                                                      <Const ConstValue="(1.)" />
                                                                                                                    </ScalarOperator>
                                                                                                                  </RangeExpressions>
                                                                                                                </Prefix>
                                                                                                              </SeekPredicate>
                                                                                                            </SeekPredicates>
                                                                                                          </IndexScan>
                                                                                                        </RelOp>
                                                                                                      </Parallelism>
                                                                                                    </RelOp>
                                                                                                    <RelOp AvgRowSize="288" EstimateCPU="0.0001581" EstimateIO="0.003125" EstimateRebinds="31.1909" EstimateRewinds="0" EstimateRows="1" LogicalOp="Clustered Index Seek" NodeId="26" Parallel="true" PhysicalOp="Clustered Index Seek" EstimatedTotalSubtreeCost="0.102359">
                                                                                                      <OutputList>
                                                                                                        <ColumnReference Database="[ims_new]" Schema="[dbo]" Table="[INVOICES]" Alias="[i]" Column="ORGANIZATION_ID" />
                                                                                                        <ColumnReference Database="[ims_new]" Schema="[dbo]" Table="[INVOICES]" Alias="[i]" Column="INVOICE_TYPE_ID" />
                                                                                                        <ColumnReference Database="[ims_new]" Schema="[dbo]" Table="[INVOICES]" Alias="[i]" Column="JOB_ID" />
                                                                                                        <ColumnReference Database="[ims_new]" Schema="[dbo]" Table="[INVOICES]" Alias="[i]" Column="DESCRIPTION" />
                                                                                                      </OutputList>
                                                                                                      <RunTimeInformation>
                                                                                                        <RunTimeCountersPerThread Thread="3" ActualRows="6" ActualEndOfScans="0" ActualExecutions="6" />
                                                                                                        <RunTimeCountersPerThread Thread="1" ActualRows="6" ActualEndOfScans="0" ActualExecutions="6" />
                                                                                                        <RunTimeCountersPerThread Thread="2" ActualRows="6" ActualEndOfScans="0" ActualExecutions="6" />
                                                                                                        <RunTimeCountersPerThread Thread="4" ActualRows="6" ActualEndOfScans="0" ActualExecutions="6" />
                                                                                                        <RunTimeCountersPerThread Thread="0" ActualRows="0" ActualEndOfScans="0" ActualExecutions="0" />
                                                                                                      </RunTimeInformation>
                                                                                                      <IndexScan Lookup="true" Ordered="true" ScanDirection="FORWARD" ForcedIndex="false" NoExpandHint="false">
                                                                                                        <DefinedValues>
                                                                                                          <DefinedValue>
                                                                                                            <ColumnReference Database="[ims_new]" Schema="[dbo]" Table="[INVOICES]" Alias="[i]" Column="ORGANIZATION_ID" />
                                                                                                          </DefinedValue>
                                                                                                          <DefinedValue>
                                                                                                            <ColumnReference Database="[ims_new]" Schema="[dbo]" Table="[INVOICES]" Alias="[i]" Column="INVOICE_TYPE_ID" />
                                                                                                          </DefinedValue>
                                                                                                          <DefinedValue>
                                                                                                            <ColumnReference Database="[ims_new]" Schema="[dbo]" Table="[INVOICES]" Alias="[i]" Column="JOB_ID" />
                                                                                                          </DefinedValue>
                                                                                                          <DefinedValue>
                                                                                                            <ColumnReference Database="[ims_new]" Schema="[dbo]" Table="[INVOICES]" Alias="[i]" Column="DESCRIPTION" />
                                                                                                          </DefinedValue>
                                                                                                        </DefinedValues>
                                                                                                        <Object Database="[ims_new]" Schema="[dbo]" Table="[INVOICES]" Index="[INV_PK]" Alias="[i]" TableReferenceId="-1" />
                                                                                                        <SeekPredicates>
                                                                                                          <SeekPredicate>
                                                                                                            <Prefix ScanType="EQ">
                                                                                                              <RangeColumns>
                                                                                                                <ColumnReference Database="[ims_new]" Schema="[dbo]" Table="[INVOICES]" Alias="[i]" Column="INVOICE_ID" />
                                                                                                              </RangeColumns>
                                                                                                              <RangeExpressions>
                                                                                                                <ScalarOperator ScalarString="[ims_new].[dbo].[INVOICES].[INVOICE_ID] as [i].[INVOICE_ID]">
                                                                                                                  <Identifier>
                                                                                                                    <ColumnReference Database="[ims_new]" Schema="[dbo]" Table="[INVOICES]" Alias="[i]" Column="INVOICE_ID" />
                                                                                                                  </Identifier>
                                                                                                                </ScalarOperator>
                                                                                                              </RangeExpressions>
                                                                                                            </Prefix>
                                                                                                          </SeekPredicate>
                                                                                                        </SeekPredicates>
                                                                                                      </IndexScan>
                                                                                                    </RelOp>
                                                                                                  </NestedLoops>
                                                                                                </RelOp>
                                                                                                <Predicate>
                                                                                                  <ScalarOperator ScalarString="[ims_new].[dbo].[INVOICES].[ORGANIZATION_ID] as [i].[ORGANIZATION_ID]=(2.)">
                                                                                                    <Compare CompareOp="EQ">
                                                                                                      <ScalarOperator>
                                                                                                        <Identifier>
                                                                                                          <ColumnReference Database="[ims_new]" Schema="[dbo]" Table="[INVOICES]" Alias="[i]" Column="ORGANIZATION_ID" />
                                                                                                        </Identifier>
                                                                                                      </ScalarOperator>
                                                                                                      <ScalarOperator>
                                                                                                        <Const ConstValue="(2.)" />
                                                                                                      </ScalarOperator>
                                                                                                    </Compare>
                                                                                                  </ScalarOperator>
                                                                                                </Predicate>
                                                                                              </Filter>
                                                                                            </RelOp>
                                                                                            <RelOp AvgRowSize="43" EstimateCPU="0.0001581" EstimateIO="0.003125" EstimateRebinds="11.9066" EstimateRewinds="0" EstimateRows="1" LogicalOp="Clustered Index Seek" NodeId="37" Parallel="true" PhysicalOp="Clustered Index Seek" EstimatedTotalSubtreeCost="0.0391303">
                                                                                              <OutputList>
                                                                                                <ColumnReference Database="[ims_new]" Schema="[dbo]" Table="[JOBS]" Alias="[j]" Column="PROJECT_ID" />
                                                                                                <ColumnReference Database="[ims_new]" Schema="[dbo]" Table="[JOBS]" Alias="[j]" Column="JOB_NO" />
                                                                                                <ColumnReference Database="[ims_new]" Schema="[dbo]" Table="[JOBS]" Alias="[j]" Column="CUSTOMER_ID" />
                                                                                                <ColumnReference Database="[ims_new]" Schema="[dbo]" Table="[JOBS]" Alias="[j]" Column="BILLING_USER_ID" />
                                                                                              </OutputList>
                                                                                              <RunTimeInformation>
                                                                                                <RunTimeCountersPerThread Thread="3" ActualRows="5" ActualEndOfScans="0" ActualExecutions="5" />
                                                                                                <RunTimeCountersPerThread Thread="1" ActualRows="4" ActualEndOfScans="0" ActualExecutions="4" />
                                                                                                <RunTimeCountersPerThread Thread="2" ActualRows="4" ActualEndOfScans="0" ActualExecutions="4" />
                                                                                                <RunTimeCountersPerThread Thread="4" ActualRows="6" ActualEndOfScans="0" ActualExecutions="6" />
                                                                                                <RunTimeCountersPerThread Thread="0" ActualRows="0" ActualEndOfScans="0" ActualExecutions="0" />
                                                                                              </RunTimeInformation>
                                                                                              <IndexScan Ordered="true" ScanDirection="FORWARD" ForcedIndex="false" NoExpandHint="false">
                                                                                                <DefinedValues>
                                                                                                  <DefinedValue>
                                                                                                    <ColumnReference Database="[ims_new]" Schema="[dbo]" Table="[JOBS]" Alias="[j]" Column="PROJECT_ID" />
                                                                                                  </DefinedValue>
                                                                                                  <DefinedValue>
                                                                                                    <ColumnReference Database="[ims_new]" Schema="[dbo]" Table="[JOBS]" Alias="[j]" Column="JOB_NO" />
                                                                                                  </DefinedValue>
                                                                                                  <DefinedValue>
                                                                                                    <ColumnReference Database="[ims_new]" Schema="[dbo]" Table="[JOBS]" Alias="[j]" Column="CUSTOMER_ID" />
                                                                                                  </DefinedValue>
                                                                                                  <DefinedValue>
                                                                                                    <ColumnReference Database="[ims_new]" Schema="[dbo]" Table="[JOBS]" Alias="[j]" Column="BILLING_USER_ID" />
                                                                                                  </DefinedValue>
                                                                                                </DefinedValues>
                                                                                                <Object Database="[ims_new]" Schema="[dbo]" Table="[JOBS]" Index="[PK_JOBS]" Alias="[j]" />
                                                                                                <SeekPredicates>
                                                                                                  <SeekPredicate>
                                                                                                    <Prefix ScanType="EQ">
                                                                                                      <RangeColumns>
                                                                                                        <ColumnReference Database="[ims_new]" Schema="[dbo]" Table="[JOBS]" Alias="[j]" Column="JOB_ID" />
                                                                                                      </RangeColumns>
                                                                                                      <RangeExpressions>
                                                                                                        <ScalarOperator ScalarString="[ims_new].[dbo].[INVOICES].[JOB_ID] as [i].[JOB_ID]">
                                                                                                          <Identifier>
                                                                                                            <ColumnReference Database="[ims_new]" Schema="[dbo]" Table="[INVOICES]" Alias="[i]" Column="JOB_ID" />
                                                                                                          </Identifier>
                                                                                                        </ScalarOperator>
                                                                                                      </RangeExpressions>
                                                                                                    </Prefix>
                                                                                                  </SeekPredicate>
                                                                                                </SeekPredicates>
                                                                                              </IndexScan>
                                                                                            </RelOp>
                                                                                          </NestedLoops>
                                                                                        </RelOp>
                                                                                        <RelOp AvgRowSize="46" EstimateCPU="0.0001581" EstimateIO="0.003125" EstimateRebinds="11.9066" EstimateRewinds="0" EstimateRows="1" LogicalOp="Index Seek" NodeId="38" Parallel="true" PhysicalOp="Index Seek" EstimatedTotalSubtreeCost="0.0377459">
                                                                                          <OutputList>
                                                                                            <ColumnReference Database="[ims_new]" Schema="[dbo]" Table="[CUSTOMERS]" Alias="[c]" Column="CUSTOMER_NAME" />
                                                                                            <ColumnReference Database="[ims_new]" Schema="[dbo]" Table="[CUSTOMERS]" Alias="[c]" Column="customer_type_id" />
                                                                                            <ColumnReference Database="[ims_new]" Schema="[dbo]" Table="[CUSTOMERS]" Alias="[c]" Column="end_user_parent_id" />
                                                                                          </OutputList>
                                                                                          <RunTimeInformation>
                                                                                            <RunTimeCountersPerThread Thread="3" ActualRows="5" ActualEndOfScans="0" ActualExecutions="5" />
                                                                                            <RunTimeCountersPerThread Thread="1" ActualRows="4" ActualEndOfScans="0" ActualExecutions="4" />
                                                                                            <RunTimeCountersPerThread Thread="2" ActualRows="4" ActualEndOfScans="0" ActualExecutions="4" />
                                                                                            <RunTimeCountersPerThread Thread="4" ActualRows="6" ActualEndOfScans="0" ActualExecutions="6" />
                                                                                            <RunTimeCountersPerThread Thread="0" ActualRows="0" ActualEndOfScans="0" ActualExecutions="0" />
                                                                                          </RunTimeInformation>
                                                                                          <IndexScan Ordered="true" ScanDirection="FORWARD" ForcedIndex="false" NoExpandHint="false">
                                                                                            <DefinedValues>
                                                                                              <DefinedValue>
                                                                                                <ColumnReference Database="[ims_new]" Schema="[dbo]" Table="[CUSTOMERS]" Alias="[c]" Column="CUSTOMER_NAME" />
                                                                                              </DefinedValue>
                                                                                              <DefinedValue>
                                                                                                <ColumnReference Database="[ims_new]" Schema="[dbo]" Table="[CUSTOMERS]" Alias="[c]" Column="customer_type_id" />
                                                                                              </DefinedValue>
                                                                                              <DefinedValue>
                                                                                                <ColumnReference Database="[ims_new]" Schema="[dbo]" Table="[CUSTOMERS]" Alias="[c]" Column="end_user_parent_id" />
                                                                                              </DefinedValue>
                                                                                            </DefinedValues>
                                                                                            <Object Database="[ims_new]" Schema="[dbo]" Table="[CUSTOMERS]" Index="[IX_CUSTOMERS2]" Alias="[c]" />
                                                                                            <SeekPredicates>
                                                                                              <SeekPredicate>
                                                                                                <Prefix ScanType="EQ">
                                                                                                  <RangeColumns>
                                                                                                    <ColumnReference Database="[ims_new]" Schema="[dbo]" Table="[CUSTOMERS]" Alias="[c]" Column="CUSTOMER_ID" />
                                                                                                  </RangeColumns>
                                                                                                  <RangeExpressions>
                                                                                                    <ScalarOperator ScalarString="[ims_new].[dbo].[JOBS].[CUSTOMER_ID] as [j].[CUSTOMER_ID]">
                                                                                                      <Identifier>
                                                                                                        <ColumnReference Database="[ims_new]" Schema="[dbo]" Table="[JOBS]" Alias="[j]" Column="CUSTOMER_ID" />
                                                                                                      </Identifier>
                                                                                                    </ScalarOperator>
                                                                                                  </RangeExpressions>
                                                                                                </Prefix>
                                                                                              </SeekPredicate>
                                                                                            </SeekPredicates>
                                                                                          </IndexScan>
                                                                                        </RelOp>
                                                                                      </NestedLoops>
                                                                                    </RelOp>
                                                                                    <RelOp AvgRowSize="18" EstimateCPU="0.0001581" EstimateIO="0.003125" EstimateRebinds="3.52429" EstimateRewinds="8.38227" EstimateRows="1" LogicalOp="Index Seek" NodeId="39" Parallel="true" PhysicalOp="Index Seek" EstimatedTotalSubtreeCost="0.00859426">
                                                                                      <OutputList>
                                                                                        <ColumnReference Database="[ims_new]" Schema="[dbo]" Table="[LOOKUPS]" Alias="[customer_type]" Column="CODE" />
                                                                                      </OutputList>
                                                                                      <RunTimeInformation>
                                                                                        <RunTimeCountersPerThread Thread="3" ActualRows="5" ActualEndOfScans="0" ActualExecutions="5" />
                                                                                        <RunTimeCountersPerThread Thread="1" ActualRows="4" ActualEndOfScans="0" ActualExecutions="4" />
                                                                                        <RunTimeCountersPerThread Thread="2" ActualRows="4" ActualEndOfScans="0" ActualExecutions="4" />
                                                                                        <RunTimeCountersPerThread Thread="4" ActualRows="6" ActualEndOfScans="0" ActualExecutions="6" />
                                                                                        <RunTimeCountersPerThread Thread="0" ActualRows="0" ActualEndOfScans="0" ActualExecutions="0" />
                                                                                      </RunTimeInformation>
                                                                                      <IndexScan Ordered="true" ScanDirection="FORWARD" ForcedIndex="false" NoExpandHint="false">
                                                                                        <DefinedValues>
                                                                                          <DefinedValue>
                                                                                            <ColumnReference Database="[ims_new]" Schema="[dbo]" Table="[LOOKUPS]" Alias="[customer_type]" Column="CODE" />
                                                                                          </DefinedValue>
                                                                                        </DefinedValues>
                                                                                        <Object Database="[ims_new]" Schema="[dbo]" Table="[LOOKUPS]" Index="[IX_L_LID_CODE]" Alias="[customer_type]" />
                                                                                        <SeekPredicates>
                                                                                          <SeekPredicate>
                                                                                            <Prefix ScanType="EQ">
                                                                                              <RangeColumns>
                                                                                                <ColumnReference Database="[ims_new]" Schema="[dbo]" Table="[LOOKUPS]" Alias="[customer_type]" Column="LOOKUP_ID" />
                                                                                              </RangeColumns>
                                                                                              <RangeExpressions>
                                                                                                <ScalarOperator ScalarString="[ims_new].[dbo].[CUSTOMERS].[customer_type_id] as [c].[customer_type_id]">
                                                                                                  <Identifier>
                                                                                                    <ColumnReference Database="[ims_new]" Schema="[dbo]" Table="[CUSTOMERS]" Alias="[c]" Column="customer_type_id" />
                                                                                                  </Identifier>
                                                                                                </ScalarOperator>
                                                                                              </RangeExpressions>
                                                                                            </Prefix>
                                                                                          </SeekPredicate>
                                                                                        </SeekPredicates>
                                                                                      </IndexScan>
                                                                                    </RelOp>
                                                                                  </NestedLoops>
                                                                                </RelOp>
                                                                                <RelOp AvgRowSize="16" EstimateCPU="0.0001581" EstimateIO="0.003125" EstimateRebinds="11.6041" EstimateRewinds="0" EstimateRows="1" LogicalOp="Clustered Index Seek" NodeId="40" Parallel="true" PhysicalOp="Clustered Index Seek" EstimatedTotalSubtreeCost="0.0381173">
                                                                                  <OutputList>
                                                                                    <ColumnReference Database="[ims_new]" Schema="[dbo]" Table="[PROJECTS]" Alias="[p]" Column="CUSTOMER_ID" />
                                                                                  </OutputList>
                                                                                  <RunTimeInformation>
                                                                                    <RunTimeCountersPerThread Thread="3" ActualRows="3" ActualEndOfScans="2" ActualExecutions="5" />
                                                                                    <RunTimeCountersPerThread Thread="1" ActualRows="3" ActualEndOfScans="1" ActualExecutions="4" />
                                                                                    <RunTimeCountersPerThread Thread="2" ActualRows="3" ActualEndOfScans="1" ActualExecutions="4" />
                                                                                    <RunTimeCountersPerThread Thread="4" ActualRows="5" ActualEndOfScans="1" ActualExecutions="6" />
                                                                                    <RunTimeCountersPerThread Thread="0" ActualRows="0" ActualEndOfScans="0" ActualExecutions="0" />
                                                                                  </RunTimeInformation>
                                                                                  <IndexScan Ordered="true" ScanDirection="FORWARD" ForcedIndex="false" NoExpandHint="false">
                                                                                    <DefinedValues>
                                                                                      <DefinedValue>
                                                                                        <ColumnReference Database="[ims_new]" Schema="[dbo]" Table="[PROJECTS]" Alias="[p]" Column="CUSTOMER_ID" />
                                                                                      </DefinedValue>
                                                                                    </DefinedValues>
                                                                                    <Object Database="[ims_new]" Schema="[dbo]" Table="[PROJECTS]" Index="[PK_PROJECTS]" Alias="[p]" />
                                                                                    <SeekPredicates>
                                                                                      <SeekPredicate>
                                                                                        <Prefix ScanType="EQ">
                                                                                          <RangeColumns>
                                                                                            <ColumnReference Database="[ims_new]" Schema="[dbo]" Table="[PROJECTS]" Alias="[p]" Column="PROJECT_ID" />
                                                                                          </RangeColumns>
                                                                                          <RangeExpressions>
                                                                                            <ScalarOperator ScalarString="[ims_new].[dbo].[JOBS].[PROJECT_ID] as [j].[PROJECT_ID]">
                                                                                              <Identifier>
                                                                                                <ColumnReference Database="[ims_new]" Schema="[dbo]" Table="[JOBS]" Alias="[j]" Column="PROJECT_ID" />
                                                                                              </Identifier>
                                                                                            </ScalarOperator>
                                                                                          </RangeExpressions>
                                                                                        </Prefix>
                                                                                      </SeekPredicate>
                                                                                    </SeekPredicates>
                                                                                  </IndexScan>
                                                                                </RelOp>
                                                                              </NestedLoops>
                                                                            </RelOp>
                                                                            <RelOp AvgRowSize="28" EstimateCPU="0.0001581" EstimateIO="0.003125" EstimateRebinds="11.6017" EstimateRewinds="0.00248852" EstimateRows="1" LogicalOp="Index Seek" NodeId="41" Parallel="true" PhysicalOp="Index Seek" EstimatedTotalSubtreeCost="0.0368236">
                                                                              <OutputList>
                                                                                <ColumnReference Database="[ims_new]" Schema="[dbo]" Table="[CUSTOMERS]" Alias="[eu]" Column="CUSTOMER_NAME" />
                                                                              </OutputList>
                                                                              <RunTimeInformation>
                                                                                <RunTimeCountersPerThread Thread="3" ActualRows="3" ActualEndOfScans="2" ActualExecutions="5" />
                                                                                <RunTimeCountersPerThread Thread="1" ActualRows="3" ActualEndOfScans="1" ActualExecutions="4" />
                                                                                <RunTimeCountersPerThread Thread="2" ActualRows="3" ActualEndOfScans="1" ActualExecutions="4" />
                                                                                <RunTimeCountersPerThread Thread="4" ActualRows="5" ActualEndOfScans="1" ActualExecutions="6" />
                                                                                <RunTimeCountersPerThread Thread="0" ActualRows="0" ActualEndOfScans="0" ActualExecutions="0" />
                                                                              </RunTimeInformation>
                                                                              <IndexScan Ordered="true" ScanDirection="FORWARD" ForcedIndex="false" NoExpandHint="false">
                                                                                <DefinedValues>
                                                                                  <DefinedValue>
                                                                                    <ColumnReference Database="[ims_new]" Schema="[dbo]" Table="[CUSTOMERS]" Alias="[eu]" Column="CUSTOMER_NAME" />
                                                                                  </DefinedValue>
                                                                                </DefinedValues>
                                                                                <Object Database="[ims_new]" Schema="[dbo]" Table="[CUSTOMERS]" Index="[IX_CUSTOMERS2]" Alias="[eu]" />
                                                                                <SeekPredicates>
                                                                                  <SeekPredicate>
                                                                                    <Prefix ScanType="EQ">
                                                                                      <RangeColumns>
                                                                                        <ColumnReference Database="[ims_new]" Schema="[dbo]" Table="[CUSTOMERS]" Alias="[eu]" Column="CUSTOMER_ID" />
                                                                                      </RangeColumns>
                                                                                      <RangeExpressions>
                                                                                        <ScalarOperator ScalarString="[ims_new].[dbo].[PROJECTS].[CUSTOMER_ID] as [p].[CUSTOMER_ID]">
                                                                                          <Identifier>
                                                                                            <ColumnReference Database="[ims_new]" Schema="[dbo]" Table="[PROJECTS]" Alias="[p]" Column="CUSTOMER_ID" />
                                                                                          </Identifier>
                                                                                        </ScalarOperator>
                                                                                      </RangeExpressions>
                                                                                    </Prefix>
                                                                                  </SeekPredicate>
                                                                                </SeekPredicates>
                                                                              </IndexScan>
                                                                            </RelOp>
                                                                          </NestedLoops>
                                                                        </RelOp>
                                                                        <RelOp AvgRowSize="24" EstimateCPU="0.0001581" EstimateIO="0.003125" EstimateRebinds="11.6041" EstimateRewinds="0" EstimateRows="1" LogicalOp="Clustered Index Seek" NodeId="42" Parallel="true" PhysicalOp="Clustered Index Seek" EstimatedTotalSubtreeCost="0.0356425">
                                                                          <OutputList>
                                                                            <ColumnReference Database="[ims_new]" Schema="[dbo]" Table="[USERS]" Alias="[u]" Column="FIRST_NAME" />
                                                                            <ColumnReference Database="[ims_new]" Schema="[dbo]" Table="[USERS]" Alias="[u]" Column="LAST_NAME" />
                                                                          </OutputList>
                                                                          <RunTimeInformation>
                                                                            <RunTimeCountersPerThread Thread="3" ActualRows="5" ActualEndOfScans="0" ActualExecutions="5" />
                                                                            <RunTimeCountersPerThread Thread="1" ActualRows="4" ActualEndOfScans="0" ActualExecutions="4" />
                                                                            <RunTimeCountersPerThread Thread="2" ActualRows="4" ActualEndOfScans="0" ActualExecutions="4" />
                                                                            <RunTimeCountersPerThread Thread="4" ActualRows="6" ActualEndOfScans="0" ActualExecutions="6" />
                                                                            <RunTimeCountersPerThread Thread="0" ActualRows="0" ActualEndOfScans="0" ActualExecutions="0" />
                                                                          </RunTimeInformation>
                                                                          <IndexScan Ordered="true" ScanDirection="FORWARD" ForcedIndex="false" NoExpandHint="false">
                                                                            <DefinedValues>
                                                                              <DefinedValue>
                                                                                <ColumnReference Database="[ims_new]" Schema="[dbo]" Table="[USERS]" Alias="[u]" Column="FIRST_NAME" />
                                                                              </DefinedValue>
                                                                              <DefinedValue>
                                                                                <ColumnReference Database="[ims_new]" Schema="[dbo]" Table="[USERS]" Alias="[u]" Column="LAST_NAME" />
                                                                              </DefinedValue>
                                                                            </DefinedValues>
                                                                            <Object Database="[ims_new]" Schema="[dbo]" Table="[USERS]" Index="[PK_USERS]" Alias="[u]" />
                                                                            <SeekPredicates>
                                                                              <SeekPredicate>
                                                                                <Prefix ScanType="EQ">
                                                                                  <RangeColumns>
                                                                                    <ColumnReference Database="[ims_new]" Schema="[dbo]" Table="[USERS]" Alias="[u]" Column="USER_ID" />
                                                                                  </RangeColumns>
                                                                                  <RangeExpressions>
                                                                                    <ScalarOperator ScalarString="[ims_new].[dbo].[JOBS].[BILLING_USER_ID] as [j].[BILLING_USER_ID]">
                                                                                      <Identifier>
                                                                                        <ColumnReference Database="[ims_new]" Schema="[dbo]" Table="[JOBS]" Alias="[j]" Column="BILLING_USER_ID" />
                                                                                      </Identifier>
                                                                                    </ScalarOperator>
                                                                                  </RangeExpressions>
                                                                                </Prefix>
                                                                              </SeekPredicate>
                                                                            </SeekPredicates>
                                                                          </IndexScan>
                                                                        </RelOp>
                                                                      </NestedLoops>
                                                                    </RelOp>
                                                                  </ComputeScalar>
                                                                </RelOp>
                                                                <RelOp AvgRowSize="26" EstimateCPU="1.01934E-07" EstimateIO="0" EstimateRebinds="11.6041" EstimateRewinds="0" EstimateRows="1.01934" LogicalOp="Compute Scalar" NodeId="46" Parallel="true" PhysicalOp="Compute Scalar" EstimatedTotalSubtreeCost="0.0733846">
                                                                  <OutputList>
                                                                    <ColumnReference Column="Expr1007" />
                                                                  </OutputList>
                                                                  <ComputeScalar>
                                                                    <DefinedValues>
                                                                      <DefinedValue>
                                                                        <ColumnReference Column="Expr1007" />
                                                                        <ScalarOperator ScalarString="CASE WHEN [ims_new].[dbo].[INVOICE_TRACKING].[INVOICE_TRACKING_ID] as [iv].[INVOICE_TRACKING_ID] IS NULL THEN CONVERT(varchar(30),[ims_new].[dbo].[INVOICES].[INVOICE_ID] as [i2].[INVOICE_ID],0)+'' ELSE CONVERT(varchar(30),[ims_new].[dbo].[INVOICES].[INVOICE_ID] as [i2].[INVOICE_ID],0)+'*' END">
                                                                          <IF>
                                                                            <Condition>
                                                                              <ScalarOperator>
                                                                                <Compare CompareOp="IS">
                                                                                  <ScalarOperator>
                                                                                    <Identifier>
                                                                                      <ColumnReference Database="[ims_new]" Schema="[dbo]" Table="[INVOICE_TRACKING]" Alias="[iv]" Column="INVOICE_TRACKING_ID" />
                                                                                    </Identifier>
                                                                                  </ScalarOperator>
                                                                                  <ScalarOperator>
                                                                                    <Const ConstValue="NULL" />
                                                                                  </ScalarOperator>
                                                                                </Compare>
                                                                              </ScalarOperator>
                                                                            </Condition>
                                                                            <Then>
                                                                              <ScalarOperator>
                                                                                <Arithmetic Operation="ADD">
                                                                                  <ScalarOperator>
                                                                                    <Convert DataType="varchar" Length="30" Style="0" Implicit="false">
                                                                                      <ScalarOperator>
                                                                                        <Identifier>
                                                                                          <ColumnReference Database="[ims_new]" Schema="[dbo]" Table="[INVOICES]" Alias="[i2]" Column="INVOICE_ID" />
                                                                                        </Identifier>
                                                                                      </ScalarOperator>
                                                                                    </Convert>
                                                                                  </ScalarOperator>
                                                                                  <ScalarOperator>
                                                                                    <Const ConstValue="''" />
                                                                                  </ScalarOperator>
                                                                                </Arithmetic>
                                                                              </ScalarOperator>
                                                                            </Then>
                                                                            <Else>
                                                                              <ScalarOperator>
                                                                                <Arithmetic Operation="ADD">
                                                                                  <ScalarOperator>
                                                                                    <Convert DataType="varchar" Length="30" Style="0" Implicit="false">
                                                                                      <ScalarOperator>
                                                                                        <Identifier>
                                                                                          <ColumnReference Database="[ims_new]" Schema="[dbo]" Table="[INVOICES]" Alias="[i2]" Column="INVOICE_ID" />
                                                                                        </Identifier>
                                                                                      </ScalarOperator>
                                                                                    </Convert>
                                                                                  </ScalarOperator>
                                                                                  <ScalarOperator>
                                                                                    <Const ConstValue="'*'" />
                                                                                  </ScalarOperator>
                                                                                </Arithmetic>
                                                                              </ScalarOperator>
                                                                            </Else>
                                                                          </IF>
                                                                        </ScalarOperator>
                                                                      </DefinedValue>
                                                                    </DefinedValues>
                                                                    <RelOp AvgRowSize="25" EstimateCPU="4.26086E-06" EstimateIO="0" EstimateRebinds="11.6041" EstimateRewinds="0" EstimateRows="1.01934" LogicalOp="Left Outer Join" NodeId="47" Parallel="true" PhysicalOp="Nested Loops" EstimatedTotalSubtreeCost="0.0733833">
                                                                      <OutputList>
                                                                        <ColumnReference Database="[ims_new]" Schema="[dbo]" Table="[INVOICES]" Alias="[i2]" Column="INVOICE_ID" />
                                                                        <ColumnReference Database="[ims_new]" Schema="[dbo]" Table="[INVOICE_TRACKING]" Alias="[iv]" Column="INVOICE_TRACKING_ID" />
                                                                      </OutputList>
                                                                      <RunTimeInformation>
                                                                        <RunTimeCountersPerThread Thread="3" ActualRows="5" ActualEndOfScans="5" ActualExecutions="5" />
                                                                        <RunTimeCountersPerThread Thread="1" ActualRows="4" ActualEndOfScans="4" ActualExecutions="4" />
                                                                        <RunTimeCountersPerThread Thread="2" ActualRows="4" ActualEndOfScans="4" ActualExecutions="4" />
                                                                        <RunTimeCountersPerThread Thread="4" ActualRows="6" ActualEndOfScans="6" ActualExecutions="6" />
                                                                        <RunTimeCountersPerThread Thread="0" ActualRows="0" ActualEndOfScans="0" ActualExecutions="0" />
                                                                      </RunTimeInformation>
                                                                      <NestedLoops Optimized="false">
                                                                        <OuterReferences>
                                                                          <ColumnReference Database="[ims_new]" Schema="[dbo]" Table="[INVOICES]" Alias="[i2]" Column="INVOICE_ID" />
                                                                        </OuterReferences>
                                                                        <RelOp AvgRowSize="16" EstimateCPU="0.0001581" EstimateIO="0.003125" EstimateRebinds="11.6041" EstimateRewinds="0" EstimateRows="1" LogicalOp="Clustered Index Seek" NodeId="48" Parallel="true" PhysicalOp="Clustered Index Seek" EstimatedTotalSubtreeCost="0.0382293">
                                                                          <OutputList>
                                                                            <ColumnReference Database="[ims_new]" Schema="[dbo]" Table="[INVOICES]" Alias="[i2]" Column="INVOICE_ID" />
                                                                          </OutputList>
                                                                          <RunTimeInformation>
                                                                            <RunTimeCountersPerThread Thread="3" ActualRows="5" ActualEndOfScans="5" ActualExecutions="5" />
                                                                            <RunTimeCountersPerThread Thread="1" ActualRows="4" ActualEndOfScans="4" ActualExecutions="4" />
                                                                            <RunTimeCountersPerThread Thread="2" ActualRows="4" ActualEndOfScans="4" ActualExecutions="4" />
                                                                            <RunTimeCountersPerThread Thread="4" ActualRows="6" ActualEndOfScans="6" ActualExecutions="6" />
                                                                            <RunTimeCountersPerThread Thread="0" ActualRows="0" ActualEndOfScans="0" ActualExecutions="0" />
                                                                          </RunTimeInformation>
                                                                          <IndexScan Ordered="true" ScanDirection="FORWARD" ForcedIndex="false" NoExpandHint="false">
                                                                            <DefinedValues>
                                                                              <DefinedValue>
                                                                                <ColumnReference Database="[ims_new]" Schema="[dbo]" Table="[INVOICES]" Alias="[i2]" Column="INVOICE_ID" />
                                                                              </DefinedValue>
                                                                            </DefinedValues>
                                                                            <Object Database="[ims_new]" Schema="[dbo]" Table="[INVOICES]" Index="[INV_PK]" Alias="[i2]" />
                                                                            <SeekPredicates>
                                                                              <SeekPredicate>
                                                                                <Prefix ScanType="EQ">
                                                                                  <RangeColumns>
                                                                                    <ColumnReference Database="[ims_new]" Schema="[dbo]" Table="[INVOICES]" Alias="[i2]" Column="INVOICE_ID" />
                                                                                  </RangeColumns>
                                                                                  <RangeExpressions>
                                                                                    <ScalarOperator ScalarString="[ims_new].[dbo].[INVOICES].[INVOICE_ID] as [i].[INVOICE_ID]">
                                                                                      <Identifier>
                                                                                        <ColumnReference Database="[ims_new]" Schema="[dbo]" Table="[INVOICES]" Alias="[i]" Column="INVOICE_ID" />
                                                                                      </Identifier>
                                                                                    </ScalarOperator>
                                                                                  </RangeExpressions>
                                                                                </Prefix>
                                                                              </SeekPredicate>
                                                                            </SeekPredicates>
                                                                          </IndexScan>
                                                                        </RelOp>
                                                                        <RelOp AvgRowSize="16" EstimateCPU="0.000158121" EstimateIO="0.003125" EstimateRebinds="11.6041" EstimateRewinds="0" EstimateRows="1.01934" LogicalOp="Index Seek" NodeId="49" Parallel="true" PhysicalOp="Index Seek" EstimatedTotalSubtreeCost="0.0351004">
                                                                          <OutputList>
                                                                            <ColumnReference Database="[ims_new]" Schema="[dbo]" Table="[INVOICE_TRACKING]" Alias="[iv]" Column="INVOICE_TRACKING_ID" />
                                                                          </OutputList>
                                                                          <RunTimeInformation>
                                                                            <RunTimeCountersPerThread Thread="3" ActualRows="1" ActualEndOfScans="5" ActualExecutions="5" />
                                                                            <RunTimeCountersPerThread Thread="1" ActualRows="0" ActualEndOfScans="4" ActualExecutions="4" />
                                                                            <RunTimeCountersPerThread Thread="2" ActualRows="0" ActualEndOfScans="4" ActualExecutions="4" />
                                                                            <RunTimeCountersPerThread Thread="4" ActualRows="0" ActualEndOfScans="6" ActualExecutions="6" />
                                                                            <RunTimeCountersPerThread Thread="0" ActualRows="0" ActualEndOfScans="0" ActualExecutions="0" />
                                                                          </RunTimeInformation>
                                                                          <IndexScan Ordered="true" ScanDirection="FORWARD" ForcedIndex="false" NoExpandHint="false">
                                                                            <DefinedValues>
                                                                              <DefinedValue>
                                                                                <ColumnReference Database="[ims_new]" Schema="[dbo]" Table="[INVOICE_TRACKING]" Alias="[iv]" Column="INVOICE_TRACKING_ID" />
                                                                              </DefinedValue>
                                                                            </DefinedValues>
                                                                            <Object Database="[ims_new]" Schema="[dbo]" Table="[INVOICE_TRACKING]" Index="[IX_IT_INVOICES]" Alias="[iv]" />
                                                                            <SeekPredicates>
                                                                              <SeekPredicate>
                                                                                <Prefix ScanType="EQ">
                                                                                  <RangeColumns>
                                                                                    <ColumnReference Database="[ims_new]" Schema="[dbo]" Table="[INVOICE_TRACKING]" Alias="[iv]" Column="INVOICE_ID" />
                                                                                  </RangeColumns>
                                                                                  <RangeExpressions>
                                                                                    <ScalarOperator ScalarString="[ims_new].[dbo].[INVOICES].[INVOICE_ID] as [i2].[INVOICE_ID]">
                                                                                      <Identifier>
                                                                                        <ColumnReference Database="[ims_new]" Schema="[dbo]" Table="[INVOICES]" Alias="[i2]" Column="INVOICE_ID" />
                                                                                      </Identifier>
                                                                                    </ScalarOperator>
                                                                                  </RangeExpressions>
                                                                                </Prefix>
                                                                              </SeekPredicate>
                                                                            </SeekPredicates>
                                                                          </IndexScan>
                                                                        </RelOp>
                                                                      </NestedLoops>
                                                                    </RelOp>
                                                                  </ComputeScalar>
                                                                </RelOp>
                                                              </NestedLoops>
                                                            </RelOp>
                                                            <RelOp AvgRowSize="19" EstimateCPU="0.0001581" EstimateIO="0.003125" EstimateRebinds="5.30105" EstimateRewinds="6.5469" EstimateRows="1" LogicalOp="Index Seek" NodeId="53" Parallel="true" PhysicalOp="Index Seek" EstimatedTotalSubtreeCost="0.00515626">
                                                              <OutputList>
                                                                <ColumnReference Database="[ims_new]" Schema="[dbo]" Table="[LOOKUPS]" Alias="[invoice_type]" Column="NAME" />
                                                              </OutputList>
                                                              <RunTimeInformation>
                                                                <RunTimeCountersPerThread Thread="3" ActualRows="5" ActualEndOfScans="0" ActualExecutions="5" />
                                                                <RunTimeCountersPerThread Thread="1" ActualRows="4" ActualEndOfScans="0" ActualExecutions="4" />
                                                                <RunTimeCountersPerThread Thread="2" ActualRows="4" ActualEndOfScans="0" ActualExecutions="4" />
                                                                <RunTimeCountersPerThread Thread="4" ActualRows="6" ActualEndOfScans="0" ActualExecutions="6" />
                                                                <RunTimeCountersPerThread Thread="0" ActualRows="0" ActualEndOfScans="0" ActualExecutions="0" />
                                                              </RunTimeInformation>
                                                              <IndexScan Ordered="true" ScanDirection="FORWARD" ForcedIndex="false" NoExpandHint="false">
                                                                <DefinedValues>
                                                                  <DefinedValue>
                                                                    <ColumnReference Database="[ims_new]" Schema="[dbo]" Table="[LOOKUPS]" Alias="[invoice_type]" Column="NAME" />
                                                                  </DefinedValue>
                                                                </DefinedValues>
                                                                <Object Database="[ims_new]" Schema="[dbo]" Table="[LOOKUPS]" Index="[IX_L_LID_NAME]" Alias="[invoice_type]" />
                                                                <SeekPredicates>
                                                                  <SeekPredicate>
                                                                    <Prefix ScanType="EQ">
                                                                      <RangeColumns>
                                                                        <ColumnReference Database="[ims_new]" Schema="[dbo]" Table="[LOOKUPS]" Alias="[invoice_type]" Column="LOOKUP_ID" />
                                                                      </RangeColumns>
                                                                      <RangeExpressions>
                                                                        <ScalarOperator ScalarString="[ims_new].[dbo].[INVOICES].[INVOICE_TYPE_ID] as [i].[INVOICE_TYPE_ID]">
                                                                          <Identifier>
                                                                            <ColumnReference Database="[ims_new]" Schema="[dbo]" Table="[INVOICES]" Alias="[i]" Column="INVOICE_TYPE_ID" />
                                                                          </Identifier>
                                                                        </ScalarOperator>
                                                                      </RangeExpressions>
                                                                    </Prefix>
                                                                  </SeekPredicate>
                                                                </SeekPredicates>
                                                              </IndexScan>
                                                            </RelOp>
                                                          </NestedLoops>
                                                        </RelOp>
                                                        <RelOp AvgRowSize="28" EstimateCPU="0.0001581" EstimateIO="0.003125" EstimateRebinds="11.8286" EstimateRewinds="0.0193433" EstimateRows="1" LogicalOp="Clustered Index Seek" NodeId="54" Parallel="true" PhysicalOp="Clustered Index Seek" EstimatedTotalSubtreeCost="0.0385251">
                                                          <OutputList>
                                                            <ColumnReference Database="[ims_new]" Schema="[dbo]" Table="[CUSTOMERS]" Column="CUSTOMER_NAME" />
                                                          </OutputList>
                                                          <RunTimeInformation>
                                                            <RunTimeCountersPerThread Thread="3" ActualRows="2" ActualEndOfScans="0" ActualExecutions="2" />
                                                            <RunTimeCountersPerThread Thread="1" ActualRows="2" ActualEndOfScans="0" ActualExecutions="2" />
                                                            <RunTimeCountersPerThread Thread="2" ActualRows="2" ActualEndOfScans="0" ActualExecutions="2" />
                                                            <RunTimeCountersPerThread Thread="4" ActualRows="3" ActualEndOfScans="0" ActualExecutions="3" />
                                                            <RunTimeCountersPerThread Thread="0" ActualRows="0" ActualEndOfScans="0" ActualExecutions="0" />
                                                          </RunTimeInformation>
                                                          <IndexScan Ordered="true" ScanDirection="FORWARD" ForcedIndex="false" NoExpandHint="false">
                                                            <DefinedValues>
                                                              <DefinedValue>
                                                                <ColumnReference Database="[ims_new]" Schema="[dbo]" Table="[CUSTOMERS]" Column="CUSTOMER_NAME" />
                                                              </DefinedValue>
                                                            </DefinedValues>
                                                            <Object Database="[ims_new]" Schema="[dbo]" Table="[CUSTOMERS]" Index="[PK_CUSTOMERS]" />
                                                            <SeekPredicates>
                                                              <SeekPredicate>
                                                                <Prefix ScanType="EQ">
                                                                  <RangeColumns>
                                                                    <ColumnReference Database="[ims_new]" Schema="[dbo]" Table="[CUSTOMERS]" Column="CUSTOMER_ID" />
                                                                  </RangeColumns>
                                                                  <RangeExpressions>
                                                                    <ScalarOperator ScalarString="[ims_new].[dbo].[CUSTOMERS].[end_user_parent_id] as [c].[end_user_parent_id]">
                                                                      <Identifier>
                                                                        <ColumnReference Database="[ims_new]" Schema="[dbo]" Table="[CUSTOMERS]" Alias="[c]" Column="end_user_parent_id" />
                                                                      </Identifier>
                                                                    </ScalarOperator>
                                                                  </RangeExpressions>
                                                                </Prefix>
                                                              </SeekPredicate>
                                                            </SeekPredicates>
                                                          </IndexScan>
                                                        </RelOp>
                                                      </NestedLoops>
                                                    </RelOp>
                                                  </Parallelism>
                                                </RelOp>
                                                <RelOp AvgRowSize="58" EstimateCPU="0.000171236" EstimateIO="0.01" EstimateRebinds="11.6041" EstimateRewinds="0.243806" EstimateRows="394.09" LogicalOp="Lazy Spool" NodeId="55" Parallel="true" PhysicalOp="Table Spool" EstimatedTotalSubtreeCost="7.63198">
                                                  <OutputList>
                                                    <ColumnReference Database="[ims_new]" Schema="[dbo]" Table="[SERVICE_LINES]" Column="bill_hourly_total" ComputedColumn="true" />
                                                    <ColumnReference Database="[ims_new]" Schema="[dbo]" Table="[SERVICE_LINES]" Column="bill_exp_total" ComputedColumn="true" />
                                                    <ColumnReference Database="[ims_new]" Schema="[dbo]" Table="[SERVICE_LINES]" Column="bill_total" ComputedColumn="true" />
                                                  </OutputList>
                                                  <RunTimeInformation>
                                                    <RunTimeCountersPerThread Thread="4" ActualRebinds="4" ActualRewinds="0" ActualRows="32" ActualEndOfScans="4" ActualExecutions="4" />
                                                    <RunTimeCountersPerThread Thread="1" ActualRebinds="3" ActualRewinds="0" ActualRows="0" ActualEndOfScans="3" ActualExecutions="3" />
                                                    <RunTimeCountersPerThread Thread="3" ActualRebinds="5" ActualRewinds="0" ActualRows="74" ActualEndOfScans="5" ActualExecutions="5" />
                                                    <RunTimeCountersPerThread Thread="2" ActualRebinds="7" ActualRewinds="0" ActualRows="171" ActualEndOfScans="7" ActualExecutions="7" />
                                                    <RunTimeCountersPerThread Thread="0" ActualRebinds="0" ActualRewinds="0" ActualRows="0" ActualEndOfScans="0" ActualExecutions="0" />
                                                  </RunTimeInformation>
                                                  <Spool>
                                                    <RelOp AvgRowSize="58" EstimateCPU="3.9409E-05" EstimateIO="0" EstimateRebinds="11.6041" EstimateRewinds="0" EstimateRows="394.09" LogicalOp="Compute Scalar" NodeId="56" Parallel="true" PhysicalOp="Compute Scalar" EstimatedTotalSubtreeCost="7.50374">
                                                      <OutputList>
                                                        <ColumnReference Database="[ims_new]" Schema="[dbo]" Table="[SERVICE_LINES]" Column="bill_hourly_total" ComputedColumn="true" />
                                                        <ColumnReference Database="[ims_new]" Schema="[dbo]" Table="[SERVICE_LINES]" Column="bill_exp_total" ComputedColumn="true" />
                                                        <ColumnReference Database="[ims_new]" Schema="[dbo]" Table="[SERVICE_LINES]" Column="bill_total" ComputedColumn="true" />
                                                      </OutputList>
                                                      <ComputeScalar>
                                                        <DefinedValues>
                                                          <DefinedValue>
                                                            <ColumnReference Database="[ims_new]" Schema="[dbo]" Table="[SERVICE_LINES]" Column="bill_hourly_total" ComputedColumn="true" />
                                                            <ScalarOperator ScalarString="[ims_new].[dbo].[SERVICE_LINES].[bill_hourly_total]">
                                                              <Identifier>
                                                                <ColumnReference Database="[ims_new]" Schema="[dbo]" Table="[SERVICE_LINES]" Column="bill_hourly_total" ComputedColumn="true" />
                                                              </Identifier>
                                                            </ScalarOperator>
                                                          </DefinedValue>
                                                          <DefinedValue>
                                                            <ColumnReference Database="[ims_new]" Schema="[dbo]" Table="[SERVICE_LINES]" Column="bill_exp_total" ComputedColumn="true" />
                                                            <ScalarOperator ScalarString="[ims_new].[dbo].[SERVICE_LINES].[bill_exp_total]">
                                                              <Identifier>
                                                                <ColumnReference Database="[ims_new]" Schema="[dbo]" Table="[SERVICE_LINES]" Column="bill_exp_total" ComputedColumn="true" />
                                                              </Identifier>
                                                            </ScalarOperator>
                                                          </DefinedValue>
                                                          <DefinedValue>
                                                            <ColumnReference Database="[ims_new]" Schema="[dbo]" Table="[SERVICE_LINES]" Column="bill_total" ComputedColumn="true" />
                                                            <ScalarOperator ScalarString="[ims_new].[dbo].[SERVICE_LINES].[bill_total]">
                                                              <Identifier>
                                                                <ColumnReference Database="[ims_new]" Schema="[dbo]" Table="[SERVICE_LINES]" Column="bill_total" ComputedColumn="true" />
                                                              </Identifier>
                                                            </ScalarOperator>
                                                          </DefinedValue>
                                                        </DefinedValues>
                                                        <RelOp AvgRowSize="58" EstimateCPU="0.000381725" EstimateIO="0" EstimateRebinds="11.6041" EstimateRewinds="0" EstimateRows="394.09" LogicalOp="Filter" NodeId="57" Parallel="true" PhysicalOp="Filter" EstimatedTotalSubtreeCost="7.50324">
                                                          <OutputList>
                                                            <ColumnReference Database="[ims_new]" Schema="[dbo]" Table="[SERVICE_LINES]" Column="bill_total" ComputedColumn="true" />
                                                            <ColumnReference Database="[ims_new]" Schema="[dbo]" Table="[SERVICE_LINES]" Column="bill_hourly_total" ComputedColumn="true" />
                                                            <ColumnReference Database="[ims_new]" Schema="[dbo]" Table="[SERVICE_LINES]" Column="bill_exp_total" ComputedColumn="true" />
                                                          </OutputList>
                                                          <RunTimeInformation>
                                                            <RunTimeCountersPerThread Thread="4" ActualRows="32" ActualEndOfScans="4" ActualExecutions="4" />
                                                            <RunTimeCountersPerThread Thread="1" ActualRows="0" ActualEndOfScans="3" ActualExecutions="3" />
                                                            <RunTimeCountersPerThread Thread="2" ActualRows="171" ActualEndOfScans="7" ActualExecutions="7" />
                                                            <RunTimeCountersPerThread Thread="3" ActualRows="74" ActualEndOfScans="5" ActualExecutions="5" />
                                                            <RunTimeCountersPerThread Thread="0" ActualRows="0" ActualEndOfScans="0" ActualExecutions="0" />
                                                          </RunTimeInformation>
                                                          <Filter StartupExpression="false">
                                                            <RelOp AvgRowSize="72" EstimateCPU="0.00181319" EstimateIO="0" EstimateRebinds="11.6041" EstimateRewinds="0" EstimateRows="433.778" LogicalOp="Inner Join" NodeId="58" Parallel="true" PhysicalOp="Nested Loops" EstimatedTotalSubtreeCost="7.49843">
                                                              <OutputList>
                                                                <ColumnReference Database="[ims_new]" Schema="[dbo]" Table="[SERVICE_LINES]" Column="STATUS_ID" />
                                                                <ColumnReference Database="[ims_new]" Schema="[dbo]" Table="[SERVICE_LINES]" Column="INTERNAL_REQ_FLAG" />
                                                                <ColumnReference Database="[ims_new]" Schema="[dbo]" Table="[SERVICE_LINES]" Column="bill_total" ComputedColumn="true" />
                                                                <ColumnReference Database="[ims_new]" Schema="[dbo]" Table="[SERVICE_LINES]" Column="bill_hourly_total" ComputedColumn="true" />
                                                                <ColumnReference Database="[ims_new]" Schema="[dbo]" Table="[SERVICE_LINES]" Column="bill_exp_total" ComputedColumn="true" />
                                                              </OutputList>
                                                              <RunTimeInformation>
                                                                <RunTimeCountersPerThread Thread="4" ActualRows="32" ActualEndOfScans="4" ActualExecutions="4" />
                                                                <RunTimeCountersPerThread Thread="1" ActualRows="0" ActualEndOfScans="3" ActualExecutions="3" />
                                                                <RunTimeCountersPerThread Thread="2" ActualRows="171" ActualEndOfScans="7" ActualExecutions="7" />
                                                                <RunTimeCountersPerThread Thread="3" ActualRows="74" ActualEndOfScans="5" ActualExecutions="5" />
                                                                <RunTimeCountersPerThread Thread="0" ActualRows="0" ActualEndOfScans="0" ActualExecutions="0" />
                                                              </RunTimeInformation>
                                                              <NestedLoops Optimized="true" WithUnorderedPrefetch="true">
                                                                <OuterReferences>
                                                                  <ColumnReference Database="[ims_new]" Schema="[dbo]" Table="[SERVICE_LINES]" Column="SERVICE_LINE_ID" />
                                                                  <ColumnReference Column="Expr1086" />
                                                                </OuterReferences>
                                                                <RelOp AvgRowSize="16" EstimateCPU="0.000634156" EstimateIO="0.00386574" EstimateRebinds="11.6041" EstimateRewinds="0" EstimateRows="433.778" LogicalOp="Index Seek" NodeId="61" Parallel="true" PhysicalOp="Index Seek" EstimatedTotalSubtreeCost="0.0527818">
                                                                  <OutputList>
                                                                    <ColumnReference Database="[ims_new]" Schema="[dbo]" Table="[SERVICE_LINES]" Column="SERVICE_LINE_ID" />
                                                                  </OutputList>
                                                                  <RunTimeInformation>
                                                                    <RunTimeCountersPerThread Thread="4" ActualRows="32" ActualEndOfScans="4" ActualExecutions="4" />
                                                                    <RunTimeCountersPerThread Thread="1" ActualRows="0" ActualEndOfScans="3" ActualExecutions="3" />
                                                                    <RunTimeCountersPerThread Thread="2" ActualRows="171" ActualEndOfScans="7" ActualExecutions="7" />
                                                                    <RunTimeCountersPerThread Thread="3" ActualRows="74" ActualEndOfScans="5" ActualExecutions="5" />
                                                                    <RunTimeCountersPerThread Thread="0" ActualRows="0" ActualEndOfScans="0" ActualExecutions="0" />
                                                                  </RunTimeInformation>
                                                                  <IndexScan Ordered="true" ScanDirection="FORWARD" ForcedIndex="false" NoExpandHint="false">
                                                                    <DefinedValues>
                                                                      <DefinedValue>
                                                                        <ColumnReference Database="[ims_new]" Schema="[dbo]" Table="[SERVICE_LINES]" Column="SERVICE_LINE_ID" />
                                                                      </DefinedValue>
                                                                    </DefinedValues>
                                                                    <Object Database="[ims_new]" Schema="[dbo]" Table="[SERVICE_LINES]" Index="[IX_SL_INVOICES]" />
                                                                    <SeekPredicates>
                                                                      <SeekPredicate>
                                                                        <Prefix ScanType="EQ">
                                                                          <RangeColumns>
                                                                            <ColumnReference Database="[ims_new]" Schema="[dbo]" Table="[SERVICE_LINES]" Column="INVOICE_ID" />
                                                                          </RangeColumns>
                                                                          <RangeExpressions>
                                                                            <ScalarOperator ScalarString="[ims_new].[dbo].[INVOICES].[INVOICE_ID] as [i].[INVOICE_ID]">
                                                                              <Identifier>
                                                                                <ColumnReference Database="[ims_new]" Schema="[dbo]" Table="[INVOICES]" Alias="[i]" Column="INVOICE_ID" />
                                                                              </Identifier>
                                                                            </ScalarOperator>
                                                                          </RangeExpressions>
                                                                        </Prefix>
                                                                      </SeekPredicate>
                                                                    </SeekPredicates>
                                                                  </IndexScan>
                                                                </RelOp>
                                                                <RelOp AvgRowSize="71" EstimateCPU="1E-07" EstimateIO="0" EstimateRebinds="5466.4" EstimateRewinds="0" EstimateRows="1" LogicalOp="Compute Scalar" NodeId="63" Parallel="true" PhysicalOp="Compute Scalar" EstimatedTotalSubtreeCost="7.42279">
                                                                  <OutputList>
                                                                    <ColumnReference Database="[ims_new]" Schema="[dbo]" Table="[SERVICE_LINES]" Column="bill_total" ComputedColumn="true" />
                                                                    <ColumnReference Database="[ims_new]" Schema="[dbo]" Table="[SERVICE_LINES]" Column="bill_hourly_total" ComputedColumn="true" />
                                                                    <ColumnReference Database="[ims_new]" Schema="[dbo]" Table="[SERVICE_LINES]" Column="bill_exp_total" ComputedColumn="true" />
                                                                    <ColumnReference Database="[ims_new]" Schema="[dbo]" Table="[SERVICE_LINES]" Column="STATUS_ID" />
                                                                    <ColumnReference Database="[ims_new]" Schema="[dbo]" Table="[SERVICE_LINES]" Column="INTERNAL_REQ_FLAG" />
                                                                  </OutputList>
                                                                  <ComputeScalar>
                                                                    <DefinedValues>
                                                                      <DefinedValue>
                                                                        <ColumnReference Database="[ims_new]" Schema="[dbo]" Table="[SERVICE_LINES]" Column="bill_total" ComputedColumn="true" />
                                                                        <ScalarOperator ScalarString="isnull([ims_new].[dbo].[SERVICE_LINES].[BILL_QTY]*[ims_new].[dbo].[SERVICE_LINES].[BILL_RATE],(0.00000))">
                                                                          <Intrinsic FunctionName="isnull">
                                                                            <ScalarOperator>
                                                                              <Arithmetic Operation="MULT">
                                                                                <ScalarOperator>
                                                                                  <Identifier>
                                                                                    <ColumnReference Database="[ims_new]" Schema="[dbo]" Table="[SERVICE_LINES]" Column="BILL_QTY" />
                                                                                  </Identifier>
                                                                                </ScalarOperator>
                                                                                <ScalarOperator>
                                                                                  <Identifier>
                                                                                    <ColumnReference Database="[ims_new]" Schema="[dbo]" Table="[SERVICE_LINES]" Column="BILL_RATE" />
                                                                                  </Identifier>
                                                                                </ScalarOperator>
                                                                              </Arithmetic>
                                                                            </ScalarOperator>
                                                                            <ScalarOperator>
                                                                              <Const ConstValue="(0.00000)" />
                                                                            </ScalarOperator>
                                                                          </Intrinsic>
                                                                        </ScalarOperator>
                                                                      </DefinedValue>
                                                                      <DefinedValue>
                                                                        <ColumnReference Database="[ims_new]" Schema="[dbo]" Table="[SERVICE_LINES]" Column="bill_hourly_total" ComputedColumn="true" />
                                                                        <ScalarOperator ScalarString="isnull([ims_new].[dbo].[SERVICE_LINES].[BILL_HOURLY_QTY]*[ims_new].[dbo].[SERVICE_LINES].[BILL_HOURLY_RATE],(0.00000))">
                                                                          <Intrinsic FunctionName="isnull">
                                                                            <ScalarOperator>
                                                                              <Arithmetic Operation="MULT">
                                                                                <ScalarOperator>
                                                                                  <Identifier>
                                                                                    <ColumnReference Database="[ims_new]" Schema="[dbo]" Table="[SERVICE_LINES]" Column="BILL_HOURLY_QTY" />
                                                                                  </Identifier>
                                                                                </ScalarOperator>
                                                                                <ScalarOperator>
                                                                                  <Identifier>
                                                                                    <ColumnReference Database="[ims_new]" Schema="[dbo]" Table="[SERVICE_LINES]" Column="BILL_HOURLY_RATE" />
                                                                                  </Identifier>
                                                                                </ScalarOperator>
                                                                              </Arithmetic>
                                                                            </ScalarOperator>
                                                                            <ScalarOperator>
                                                                              <Const ConstValue="(0.00000)" />
                                                                            </ScalarOperator>
                                                                          </Intrinsic>
                                                                        </ScalarOperator>
                                                                      </DefinedValue>
                                                                      <DefinedValue>
                                                                        <ColumnReference Database="[ims_new]" Schema="[dbo]" Table="[SERVICE_LINES]" Column="bill_exp_total" ComputedColumn="true" />
                                                                        <ScalarOperator ScalarString="isnull([ims_new].[dbo].[SERVICE_LINES].[BILL_EXP_QTY]*[ims_new].[dbo].[SERVICE_LINES].[BILL_EXP_RATE],(0.00000))">
                                                                          <Intrinsic FunctionName="isnull">
                                                                            <ScalarOperator>
                                                                              <Arithmetic Operation="MULT">
                                                                                <ScalarOperator>
                                                                                  <Identifier>
                                                                                    <ColumnReference Database="[ims_new]" Schema="[dbo]" Table="[SERVICE_LINES]" Column="BILL_EXP_QTY" />
                                                                                  </Identifier>
                                                                                </ScalarOperator>
                                                                                <ScalarOperator>
                                                                                  <Identifier>
                                                                                    <ColumnReference Database="[ims_new]" Schema="[dbo]" Table="[SERVICE_LINES]" Column="BILL_EXP_RATE" />
                                                                                  </Identifier>
                                                                                </ScalarOperator>
                                                                              </Arithmetic>
                                                                            </ScalarOperator>
                                                                            <ScalarOperator>
                                                                              <Const ConstValue="(0.00000)" />
                                                                            </ScalarOperator>
                                                                          </Intrinsic>
                                                                        </ScalarOperator>
                                                                      </DefinedValue>
                                                                    </DefinedValues>
                                                                    <RelOp AvgRowSize="74" EstimateCPU="0.0001581" EstimateIO="0.003125" EstimateRebinds="5466.4" EstimateRewinds="0" EstimateRows="1" LogicalOp="Clustered Index Seek" NodeId="64" Parallel="true" PhysicalOp="Clustered Index Seek" EstimatedTotalSubtreeCost="7.42225">
                                                                      <OutputList>
                                                                        <ColumnReference Database="[ims_new]" Schema="[dbo]" Table="[SERVICE_LINES]" Column="STATUS_ID" />
                                                                        <ColumnReference Database="[ims_new]" Schema="[dbo]" Table="[SERVICE_LINES]" Column="BILL_QTY" />
                                                                        <ColumnReference Database="[ims_new]" Schema="[dbo]" Table="[SERVICE_LINES]" Column="BILL_RATE" />
                                                                        <ColumnReference Database="[ims_new]" Schema="[dbo]" Table="[SERVICE_LINES]" Column="BILL_HOURLY_QTY" />
                                                                        <ColumnReference Database="[ims_new]" Schema="[dbo]" Table="[SERVICE_LINES]" Column="BILL_HOURLY_RATE" />
                                                                        <ColumnReference Database="[ims_new]" Schema="[dbo]" Table="[SERVICE_LINES]" Column="BILL_EXP_QTY" />
                                                                        <ColumnReference Database="[ims_new]" Schema="[dbo]" Table="[SERVICE_LINES]" Column="BILL_EXP_RATE" />
                                                                        <ColumnReference Database="[ims_new]" Schema="[dbo]" Table="[SERVICE_LINES]" Column="INTERNAL_REQ_FLAG" />
                                                                      </OutputList>
                                                                      <RunTimeInformation>
                                                                        <RunTimeCountersPerThread Thread="4" ActualRows="32" ActualEndOfScans="0" ActualExecutions="32" />
                                                                        <RunTimeCountersPerThread Thread="1" ActualRows="0" ActualEndOfScans="0" ActualExecutions="0" />
                                                                        <RunTimeCountersPerThread Thread="2" ActualRows="171" ActualEndOfScans="0" ActualExecutions="171" />
                                                                        <RunTimeCountersPerThread Thread="3" ActualRows="74" ActualEndOfScans="0" ActualExecutions="74" />
                                                                        <RunTimeCountersPerThread Thread="0" ActualRows="0" ActualEndOfScans="0" ActualExecutions="0" />
                                                                      </RunTimeInformation>
                                                                      <IndexScan Lookup="true" Ordered="true" ScanDirection="FORWARD" ForcedIndex="false" NoExpandHint="false">
                                                                        <DefinedValues>
                                                                          <DefinedValue>
                                                                            <ColumnReference Database="[ims_new]" Schema="[dbo]" Table="[SERVICE_LINES]" Column="STATUS_ID" />
                                                                          </DefinedValue>
                                                                          <DefinedValue>
                                                                            <ColumnReference Database="[ims_new]" Schema="[dbo]" Table="[SERVICE_LINES]" Column="BILL_QTY" />
                                                                          </DefinedValue>
                                                                          <DefinedValue>
                                                                            <ColumnReference Database="[ims_new]" Schema="[dbo]" Table="[SERVICE_LINES]" Column="BILL_RATE" />
                                                                          </DefinedValue>
                                                                          <DefinedValue>
                                                                            <ColumnReference Database="[ims_new]" Schema="[dbo]" Table="[SERVICE_LINES]" Column="BILL_HOURLY_QTY" />
                                                                          </DefinedValue>
                                                                          <DefinedValue>
                                                                            <ColumnReference Database="[ims_new]" Schema="[dbo]" Table="[SERVICE_LINES]" Column="BILL_HOURLY_RATE" />
                                                                          </DefinedValue>
                                                                          <DefinedValue>
                                                                            <ColumnReference Database="[ims_new]" Schema="[dbo]" Table="[SERVICE_LINES]" Column="BILL_EXP_QTY" />
                                                                          </DefinedValue>
                                                                          <DefinedValue>
                                                                            <ColumnReference Database="[ims_new]" Schema="[dbo]" Table="[SERVICE_LINES]" Column="BILL_EXP_RATE" />
                                                                          </DefinedValue>
                                                                          <DefinedValue>
                                                                            <ColumnReference Database="[ims_new]" Schema="[dbo]" Table="[SERVICE_LINES]" Column="INTERNAL_REQ_FLAG" />
                                                                          </DefinedValue>
                                                                        </DefinedValues>
                                                                        <Object Database="[ims_new]" Schema="[dbo]" Table="[SERVICE_LINES]" Index="[PK_SERVICE_LINES]" TableReferenceId="-1" />
                                                                        <SeekPredicates>
                                                                          <SeekPredicate>
                                                                            <Prefix ScanType="EQ">
                                                                              <RangeColumns>
                                                                                <ColumnReference Database="[ims_new]" Schema="[dbo]" Table="[SERVICE_LINES]" Column="SERVICE_LINE_ID" />
                                                                              </RangeColumns>
                                                                              <RangeExpressions>
                                                                                <ScalarOperator ScalarString="[ims_new].[dbo].[SERVICE_LINES].[SERVICE_LINE_ID]">
                                                                                  <Identifier>
                                                                                    <ColumnReference Database="[ims_new]" Schema="[dbo]" Table="[SERVICE_LINES]" Column="SERVICE_LINE_ID" />
                                                                                  </Identifier>
                                                                                </ScalarOperator>
                                                                              </RangeExpressions>
                                                                            </Prefix>
                                                                          </SeekPredicate>
                                                                        </SeekPredicates>
                                                                      </IndexScan>
                                                                    </RelOp>
                                                                  </ComputeScalar>
                                                                </RelOp>
                                                              </NestedLoops>
                                                            </RelOp>
                                                            <Predicate>
                                                              <ScalarOperator ScalarString="[ims_new].[dbo].[SERVICE_LINES].[STATUS_ID]&gt;(3.) AND [ims_new].[dbo].[SERVICE_LINES].[INTERNAL_REQ_FLAG]='N'">
                                                                <Logical Operation="AND">
                                                                  <ScalarOperator>
                                                                    <Compare CompareOp="GT">
                                                                      <ScalarOperator>
                                                                        <Identifier>
                                                                          <ColumnReference Database="[ims_new]" Schema="[dbo]" Table="[SERVICE_LINES]" Column="STATUS_ID" />
                                                                        </Identifier>
                                                                      </ScalarOperator>
                                                                      <ScalarOperator>
                                                                        <Const ConstValue="(3.)" />
                                                                      </ScalarOperator>
                                                                    </Compare>
                                                                  </ScalarOperator>
                                                                  <ScalarOperator>
                                                                    <Compare CompareOp="EQ">
                                                                      <ScalarOperator>
                                                                        <Identifier>
                                                                          <ColumnReference Database="[ims_new]" Schema="[dbo]" Table="[SERVICE_LINES]" Column="INTERNAL_REQ_FLAG" />
                                                                        </Identifier>
                                                                      </ScalarOperator>
                                                                      <ScalarOperator>
                                                                        <Const ConstValue="'N'" />
                                                                      </ScalarOperator>
                                                                    </Compare>
                                                                  </ScalarOperator>
                                                                </Logical>
                                                              </ScalarOperator>
                                                            </Predicate>
                                                          </Filter>
                                                        </RelOp>
                                                      </ComputeScalar>
                                                    </RelOp>
                                                  </Spool>
                                                </RelOp>
                                              </NestedLoops>
                                            </RelOp>
                                            <RelOp AvgRowSize="29" EstimateCPU="0.000100649" EstimateIO="0.01" EstimateRebinds="164.363" EstimateRewinds="2665.81" EstimateRows="2.49636" LogicalOp="Lazy Spool" NodeId="85" Parallel="true" PhysicalOp="Table Spool" EstimatedTotalSubtreeCost="3.72692">
                                              <OutputList>
                                                <ColumnReference Database="[ims_new]" Schema="[dbo]" Table="[INVOICE_LINES]" Column="UNIT_PRICE" />
                                                <ColumnReference Database="[ims_new]" Schema="[dbo]" Table="[INVOICE_LINES]" Column="QTY" />
                                              </OutputList>
                                              <RunTimeInformation>
                                                <RunTimeCountersPerThread Thread="4" ActualRebinds="4" ActualRewinds="29" ActualRows="1" ActualEndOfScans="33" ActualExecutions="33" />
                                                <RunTimeCountersPerThread Thread="1" ActualRebinds="3" ActualRewinds="0" ActualRows="0" ActualEndOfScans="3" ActualExecutions="3" />
                                                <RunTimeCountersPerThread Thread="2" ActualRebinds="7" ActualRewinds="168" ActualRows="0" ActualEndOfScans="175" ActualExecutions="175" />
                                                <RunTimeCountersPerThread Thread="3" ActualRebinds="5" ActualRewinds="70" ActualRows="0" ActualEndOfScans="75" ActualExecutions="75" />
                                                <RunTimeCountersPerThread Thread="0" ActualRebinds="0" ActualRewinds="0" ActualRows="0" ActualEndOfScans="0" ActualExecutions="0" />
                                              </RunTimeInformation>
                                              <Spool>
                                                <RelOp AvgRowSize="29" EstimateCPU="9.89015E-06" EstimateIO="0" EstimateRebinds="164.363" EstimateRewinds="0" EstimateRows="2.49636" LogicalOp="Inner Join" NodeId="86" Parallel="true" PhysicalOp="Nested Loops" EstimatedTotalSubtreeCost="1.78887">
                                                  <OutputList>
                                                    <ColumnReference Database="[ims_new]" Schema="[dbo]" Table="[INVOICE_LINES]" Column="UNIT_PRICE" />
                                                    <ColumnReference Database="[ims_new]" Schema="[dbo]" Table="[INVOICE_LINES]" Column="QTY" />
                                                  </OutputList>
                                                  <RunTimeInformation>
                                                    <RunTimeCountersPerThread Thread="4" ActualRows="1" ActualEndOfScans="4" ActualExecutions="4" />
                                                    <RunTimeCountersPerThread Thread="1" ActualRows="0" ActualEndOfScans="3" ActualExecutions="3" />
                                                    <RunTimeCountersPerThread Thread="2" ActualRows="0" ActualEndOfScans="7" ActualExecutions="7" />
                                                    <RunTimeCountersPerThread Thread="3" ActualRows="0" ActualEndOfScans="5" ActualExecutions="5" />
                                                    <RunTimeCountersPerThread Thread="0" ActualRows="0" ActualEndOfScans="0" ActualExecutions="0" />
                                                  </RunTimeInformation>
                                                  <NestedLoops Optimized="false">
                                                    <Predicate>
                                                      <ScalarOperator ScalarString="[ims_new].[dbo].[LOOKUPS].[LOOKUP_TYPE_ID] as [l].[LOOKUP_TYPE_ID]=[ims_new].[dbo].[LOOKUP_TYPES].[LOOKUP_TYPE_ID] as [lt].[LOOKUP_TYPE_ID]">
                                                        <Compare CompareOp="EQ">
                                                          <ScalarOperator>
                                                            <Identifier>
                                                              <ColumnReference Database="[ims_new]" Schema="[dbo]" Table="[LOOKUPS]" Alias="[l]" Column="LOOKUP_TYPE_ID" />
                                                            </Identifier>
                                                          </ScalarOperator>
                                                          <ScalarOperator>
                                                            <Identifier>
                                                              <ColumnReference Database="[ims_new]" Schema="[dbo]" Table="[LOOKUP_TYPES]" Alias="[lt]" Column="LOOKUP_TYPE_ID" />
                                                            </Identifier>
                                                          </ScalarOperator>
                                                        </Compare>
                                                      </ScalarOperator>
                                                    </Predicate>
                                                    <RelOp AvgRowSize="38" EstimateCPU="9.75467E-06" EstimateIO="0" EstimateRebinds="164.363" EstimateRewinds="0" EstimateRows="2.33365" LogicalOp="Inner Join" NodeId="87" Parallel="true" PhysicalOp="Nested Loops" EstimatedTotalSubtreeCost="1.73429">
                                                      <OutputList>
                                                        <ColumnReference Database="[ims_new]" Schema="[dbo]" Table="[LOOKUPS]" Alias="[l]" Column="LOOKUP_TYPE_ID" />
                                                        <ColumnReference Database="[ims_new]" Schema="[dbo]" Table="[INVOICE_LINES]" Column="UNIT_PRICE" />
                                                        <ColumnReference Database="[ims_new]" Schema="[dbo]" Table="[INVOICE_LINES]" Column="QTY" />
                                                      </OutputList>
                                                      <RunTimeInformation>
                                                        <RunTimeCountersPerThread Thread="4" ActualRows="1" ActualEndOfScans="4" ActualExecutions="4" />
                                                        <RunTimeCountersPerThread Thread="1" ActualRows="0" ActualEndOfScans="3" ActualExecutions="3" />
                                                        <RunTimeCountersPerThread Thread="2" ActualRows="0" ActualEndOfScans="7" ActualExecutions="7" />
                                                        <RunTimeCountersPerThread Thread="3" ActualRows="0" ActualEndOfScans="5" ActualExecutions="5" />
                                                        <RunTimeCountersPerThread Thread="0" ActualRows="0" ActualEndOfScans="0" ActualExecutions="0" />
                                                      </RunTimeInformation>
                                                      <NestedLoops Optimized="false">
                                                        <RelOp AvgRowSize="9" EstimateCPU="0.0001581" EstimateIO="0.003125" EstimateRebinds="164.363" EstimateRewinds="0" EstimateRows="1" LogicalOp="Clustered Index Seek" NodeId="88" Parallel="true" PhysicalOp="Clustered Index Seek" EstimatedTotalSubtreeCost="0.0563085">
                                                          <OutputList />
                                                          <RunTimeInformation>
                                                            <RunTimeCountersPerThread Thread="4" ActualRows="4" ActualEndOfScans="1" ActualExecutions="4" />
                                                            <RunTimeCountersPerThread Thread="1" ActualRows="3" ActualEndOfScans="0" ActualExecutions="3" />
                                                            <RunTimeCountersPerThread Thread="2" ActualRows="7" ActualEndOfScans="0" ActualExecutions="7" />
                                                            <RunTimeCountersPerThread Thread="3" ActualRows="5" ActualEndOfScans="0" ActualExecutions="5" />
                                                            <RunTimeCountersPerThread Thread="0" ActualRows="0" ActualEndOfScans="0" ActualExecutions="0" />
                                                          </RunTimeInformation>
                                                          <IndexScan Ordered="true" ScanDirection="FORWARD" ForcedIndex="false" NoExpandHint="false">
                                                            <DefinedValues />
                                                            <Object Database="[ims_new]" Schema="[dbo]" Table="[INVOICES]" Index="[INV_PK]" />
                                                            <SeekPredicates>
                                                              <SeekPredicate>
                                                                <Prefix ScanType="EQ">
                                                                  <RangeColumns>
                                                                    <ColumnReference Database="[ims_new]" Schema="[dbo]" Table="[INVOICES]" Column="INVOICE_ID" />
                                                                  </RangeColumns>
                                                                  <RangeExpressions>
                                                                    <ScalarOperator ScalarString="[ims_new].[dbo].[INVOICES].[INVOICE_ID] as [i].[INVOICE_ID]">
                                                                      <Identifier>
                                                                        <ColumnReference Database="[ims_new]" Schema="[dbo]" Table="[INVOICES]" Alias="[i]" Column="INVOICE_ID" />
                                                                      </Identifier>
                                                                    </ScalarOperator>
                                                                  </RangeExpressions>
                                                                </Prefix>
                                                              </SeekPredicate>
                                                            </SeekPredicates>
                                                          </IndexScan>
                                                        </RelOp>
                                                        <RelOp AvgRowSize="38" EstimateCPU="1.86232E-05" EstimateIO="0" EstimateRebinds="164.363" EstimateRewinds="0" EstimateRows="2.33365" LogicalOp="Inner Join" NodeId="89" Parallel="true" PhysicalOp="Nested Loops" EstimatedTotalSubtreeCost="1.67637">
                                                          <OutputList>
                                                            <ColumnReference Database="[ims_new]" Schema="[dbo]" Table="[LOOKUPS]" Alias="[l]" Column="LOOKUP_TYPE_ID" />
                                                            <ColumnReference Database="[ims_new]" Schema="[dbo]" Table="[INVOICE_LINES]" Column="UNIT_PRICE" />
                                                            <ColumnReference Database="[ims_new]" Schema="[dbo]" Table="[INVOICE_LINES]" Column="QTY" />
                                                          </OutputList>
                                                          <RunTimeInformation>
                                                            <RunTimeCountersPerThread Thread="4" ActualRows="1" ActualEndOfScans="4" ActualExecutions="4" />
                                                            <RunTimeCountersPerThread Thread="1" ActualRows="0" ActualEndOfScans="3" ActualExecutions="3" />
                                                            <RunTimeCountersPerThread Thread="2" ActualRows="0" ActualEndOfScans="7" ActualExecutions="7" />
                                                            <RunTimeCountersPerThread Thread="3" ActualRows="0" ActualEndOfScans="5" ActualExecutions="5" />
                                                            <RunTimeCountersPerThread Thread="0" ActualRows="0" ActualEndOfScans="0" ActualExecutions="0" />
                                                          </RunTimeInformation>
                                                          <NestedLoops Optimized="false">
                                                            <OuterReferences>
                                                              <ColumnReference Database="[ims_new]" Schema="[dbo]" Table="[INVOICE_LINES]" Column="INVOICE_LINE_TYPE_ID" />
                                                            </OuterReferences>
                                                            <RelOp AvgRowSize="38" EstimateCPU="4.4553E-07" EstimateIO="0" EstimateRebinds="164.363" EstimateRewinds="0" EstimateRows="4.4553" LogicalOp="Compute Scalar" NodeId="90" Parallel="true" PhysicalOp="Compute Scalar" EstimatedTotalSubtreeCost="1.55304">
                                                              <OutputList>
                                                                <ColumnReference Database="[ims_new]" Schema="[dbo]" Table="[INVOICE_LINES]" Column="INVOICE_LINE_TYPE_ID" />
                                                                <ColumnReference Database="[ims_new]" Schema="[dbo]" Table="[INVOICE_LINES]" Column="UNIT_PRICE" />
                                                                <ColumnReference Database="[ims_new]" Schema="[dbo]" Table="[INVOICE_LINES]" Column="QTY" />
                                                              </OutputList>
                                                              <ComputeScalar>
                                                                <DefinedValues>
                                                                  <DefinedValue>
                                                                    <ColumnReference Database="[ims_new]" Schema="[dbo]" Table="[INVOICE_LINES]" Column="UNIT_PRICE" />
                                                                    <ScalarOperator ScalarString="[ims_new].[dbo].[INVOICE_LINES].[UNIT_PRICE]">
                                                                      <Identifier>
                                                                        <ColumnReference Database="[ims_new]" Schema="[dbo]" Table="[INVOICE_LINES]" Column="UNIT_PRICE" />
                                                                      </Identifier>
                                                                    </ScalarOperator>
                                                                  </DefinedValue>
                                                                  <DefinedValue>
                                                                    <ColumnReference Database="[ims_new]" Schema="[dbo]" Table="[INVOICE_LINES]" Column="QTY" />
                                                                    <ScalarOperator ScalarString="[ims_new].[dbo].[INVOICE_LINES].[QTY]">
                                                                      <Identifier>
                                                                        <ColumnReference Database="[ims_new]" Schema="[dbo]" Table="[INVOICE_LINES]" Column="QTY" />
                                                                      </Identifier>
                                                                    </ScalarOperator>
                                                                  </DefinedValue>
                                                                </DefinedValues>
                                                                <RelOp AvgRowSize="38" EstimateCPU="1.86232E-05" EstimateIO="0" EstimateRebinds="164.363" EstimateRewinds="0" EstimateRows="4.4553" LogicalOp="Inner Join" NodeId="91" Parallel="true" PhysicalOp="Nested Loops" EstimatedTotalSubtreeCost="1.55297">
                                                                  <OutputList>
                                                                    <ColumnReference Database="[ims_new]" Schema="[dbo]" Table="[INVOICE_LINES]" Column="INVOICE_LINE_TYPE_ID" />
                                                                    <ColumnReference Database="[ims_new]" Schema="[dbo]" Table="[INVOICE_LINES]" Column="UNIT_PRICE" />
                                                                    <ColumnReference Database="[ims_new]" Schema="[dbo]" Table="[INVOICE_LINES]" Column="QTY" />
                                                                  </OutputList>
                                                                  <RunTimeInformation>
                                                                    <RunTimeCountersPerThread Thread="4" ActualRows="1" ActualEndOfScans="4" ActualExecutions="4" />
                                                                    <RunTimeCountersPerThread Thread="1" ActualRows="0" ActualEndOfScans="3" ActualExecutions="3" />
                                                                    <RunTimeCountersPerThread Thread="2" ActualRows="0" ActualEndOfScans="7" ActualExecutions="7" />
                                                                    <RunTimeCountersPerThread Thread="3" ActualRows="0" ActualEndOfScans="5" ActualExecutions="5" />
                                                                    <RunTimeCountersPerThread Thread="0" ActualRows="0" ActualEndOfScans="0" ActualExecutions="0" />
                                                                  </RunTimeInformation>
                                                                  <NestedLoops Optimized="false">
                                                                    <OuterReferences>
                                                                      <ColumnReference Database="[ims_new]" Schema="[dbo]" Table="[INVOICE_LINES]" Column="INVOICE_LINE_ID" />
                                                                    </OuterReferences>
                                                                    <RelOp AvgRowSize="16" EstimateCPU="0.000161901" EstimateIO="0.003125" EstimateRebinds="164.363" EstimateRewinds="0" EstimateRows="4.4553" LogicalOp="Index Seek" NodeId="92" Parallel="true" PhysicalOp="Index Seek" EstimatedTotalSubtreeCost="0.0567488">
                                                                      <OutputList>
                                                                        <ColumnReference Database="[ims_new]" Schema="[dbo]" Table="[INVOICE_LINES]" Column="INVOICE_LINE_ID" />
                                                                      </OutputList>
                                                                      <RunTimeInformation>
                                                                        <RunTimeCountersPerThread Thread="4" ActualRows="1" ActualEndOfScans="4" ActualExecutions="4" />
                                                                        <RunTimeCountersPerThread Thread="1" ActualRows="0" ActualEndOfScans="3" ActualExecutions="3" />
                                                                        <RunTimeCountersPerThread Thread="2" ActualRows="0" ActualEndOfScans="7" ActualExecutions="7" />
                                                                        <RunTimeCountersPerThread Thread="3" ActualRows="0" ActualEndOfScans="5" ActualExecutions="5" />
                                                                        <RunTimeCountersPerThread Thread="0" ActualRows="0" ActualEndOfScans="0" ActualExecutions="0" />
                                                                      </RunTimeInformation>
                                                                      <IndexScan Ordered="true" ScanDirection="FORWARD" ForcedIndex="false" NoExpandHint="false">
                                                                        <DefinedValues>
                                                                          <DefinedValue>
                                                                            <ColumnReference Database="[ims_new]" Schema="[dbo]" Table="[INVOICE_LINES]" Column="INVOICE_LINE_ID" />
                                                                          </DefinedValue>
                                                                        </DefinedValues>
                                                                        <Object Database="[ims_new]" Schema="[dbo]" Table="[INVOICE_LINES]" Index="[IX_IL_INVOICES]" />
                                                                        <SeekPredicates>
                                                                          <SeekPredicate>
                                                                            <Prefix ScanType="EQ">
                                                                              <RangeColumns>
                                                                                <ColumnReference Database="[ims_new]" Schema="[dbo]" Table="[INVOICE_LINES]" Column="INVOICE_ID" />
                                                                              </RangeColumns>
                                                                              <RangeExpressions>
                                                                                <ScalarOperator ScalarString="[ims_new].[dbo].[INVOICES].[INVOICE_ID] as [i].[INVOICE_ID]">
                                                                                  <Identifier>
                                                                                    <ColumnReference Database="[ims_new]" Schema="[dbo]" Table="[INVOICES]" Alias="[i]" Column="INVOICE_ID" />
                                                                                  </Identifier>
                                                                                </ScalarOperator>
                                                                              </RangeExpressions>
                                                                            </Prefix>
                                                                          </SeekPredicate>
                                                                        </SeekPredicates>
                                                                      </IndexScan>
                                                                    </RelOp>
                                                                    <RelOp AvgRowSize="38" EstimateCPU="0.0001581" EstimateIO="0.003125" EstimateRebinds="735.74" EstimateRewinds="0" EstimateRows="1" LogicalOp="Clustered Index Seek" NodeId="94" Parallel="true" PhysicalOp="Clustered Index Seek" EstimatedTotalSubtreeCost="1.49314">
                                                                      <OutputList>
                                                                        <ColumnReference Database="[ims_new]" Schema="[dbo]" Table="[INVOICE_LINES]" Column="INVOICE_LINE_TYPE_ID" />
                                                                        <ColumnReference Database="[ims_new]" Schema="[dbo]" Table="[INVOICE_LINES]" Column="UNIT_PRICE" />
                                                                        <ColumnReference Database="[ims_new]" Schema="[dbo]" Table="[INVOICE_LINES]" Column="QTY" />
                                                                      </OutputList>
                                                                      <RunTimeInformation>
                                                                        <RunTimeCountersPerThread Thread="4" ActualRows="1" ActualEndOfScans="0" ActualExecutions="1" />
                                                                        <RunTimeCountersPerThread Thread="1" ActualRows="0" ActualEndOfScans="0" ActualExecutions="0" />
                                                                        <RunTimeCountersPerThread Thread="2" ActualRows="0" ActualEndOfScans="0" ActualExecutions="0" />
                                                                        <RunTimeCountersPerThread Thread="3" ActualRows="0" ActualEndOfScans="0" ActualExecutions="0" />
                                                                        <RunTimeCountersPerThread Thread="0" ActualRows="0" ActualEndOfScans="0" ActualExecutions="0" />
                                                                      </RunTimeInformation>
                                                                      <IndexScan Lookup="true" Ordered="true" ScanDirection="FORWARD" ForcedIndex="false" NoExpandHint="false">
                                                                        <DefinedValues>
                                                                          <DefinedValue>
                                                                            <ColumnReference Database="[ims_new]" Schema="[dbo]" Table="[INVOICE_LINES]" Column="INVOICE_LINE_TYPE_ID" />
                                                                          </DefinedValue>
                                                                          <DefinedValue>
                                                                            <ColumnReference Database="[ims_new]" Schema="[dbo]" Table="[INVOICE_LINES]" Column="UNIT_PRICE" />
                                                                          </DefinedValue>
                                                                          <DefinedValue>
                                                                            <ColumnReference Database="[ims_new]" Schema="[dbo]" Table="[INVOICE_LINES]" Column="QTY" />
                                                                          </DefinedValue>
                                                                        </DefinedValues>
                                                                        <Object Database="[ims_new]" Schema="[dbo]" Table="[INVOICE_LINES]" Index="[IL_PK]" TableReferenceId="-1" />
                                                                        <SeekPredicates>
                                                                          <SeekPredicate>
                                                                            <Prefix ScanType="EQ">
                                                                              <RangeColumns>
                                                                                <ColumnReference Database="[ims_new]" Schema="[dbo]" Table="[INVOICE_LINES]" Column="INVOICE_LINE_ID" />
                                                                              </RangeColumns>
                                                                              <RangeExpressions>
                                                                                <ScalarOperator ScalarString="[ims_new].[dbo].[INVOICE_LINES].[INVOICE_LINE_ID]">
                                                                                  <Identifier>
                                                                                    <ColumnReference Database="[ims_new]" Schema="[dbo]" Table="[INVOICE_LINES]" Column="INVOICE_LINE_ID" />
                                                                                  </Identifier>
                                                                                </ScalarOperator>
                                                                              </RangeExpressions>
                                                                            </Prefix>
                                                                          </SeekPredicate>
                                                                        </SeekPredicates>
                                                                      </IndexScan>
                                                                    </RelOp>
                                                                  </NestedLoops>
                                                                </RelOp>
                                                              </ComputeScalar>
                                                            </RelOp>
                                                            <RelOp AvgRowSize="30" EstimateCPU="0.0001581" EstimateIO="0.003125" EstimateRebinds="490.963" EstimateRewinds="244.777" EstimateRows="1" LogicalOp="Clustered Index Seek" NodeId="107" Parallel="true" PhysicalOp="Clustered Index Seek" EstimatedTotalSubtreeCost="0.119604">
                                                              <OutputList>
                                                                <ColumnReference Database="[ims_new]" Schema="[dbo]" Table="[LOOKUPS]" Alias="[l]" Column="LOOKUP_TYPE_ID" />
                                                                <ColumnReference Database="[ims_new]" Schema="[dbo]" Table="[LOOKUPS]" Alias="[l]" Column="CODE" />
                                                                <ColumnReference Database="[ims_new]" Schema="[dbo]" Table="[LOOKUPS]" Alias="[l]" Column="ACTIVE_FLAG" />
                                                              </OutputList>
                                                              <RunTimeInformation>
                                                                <RunTimeCountersPerThread Thread="4" ActualRows="1" ActualEndOfScans="0" ActualExecutions="1" />
                                                                <RunTimeCountersPerThread Thread="1" ActualRows="0" ActualEndOfScans="0" ActualExecutions="0" />
                                                                <RunTimeCountersPerThread Thread="2" ActualRows="0" ActualEndOfScans="0" ActualExecutions="0" />
                                                                <RunTimeCountersPerThread Thread="3" ActualRows="0" ActualEndOfScans="0" ActualExecutions="0" />
                                                                <RunTimeCountersPerThread Thread="0" ActualRows="0" ActualEndOfScans="0" ActualExecutions="0" />
                                                              </RunTimeInformation>
                                                              <IndexScan Ordered="true" ScanDirection="FORWARD" ForcedIndex="false" NoExpandHint="false">
                                                                <DefinedValues>
                                                                  <DefinedValue>
                                                                    <ColumnReference Database="[ims_new]" Schema="[dbo]" Table="[LOOKUPS]" Alias="[l]" Column="LOOKUP_TYPE_ID" />
                                                                  </DefinedValue>
                                                                  <DefinedValue>
                                                                    <ColumnReference Database="[ims_new]" Schema="[dbo]" Table="[LOOKUPS]" Alias="[l]" Column="CODE" />
                                                                  </DefinedValue>
                                                                  <DefinedValue>
                                                                    <ColumnReference Database="[ims_new]" Schema="[dbo]" Table="[LOOKUPS]" Alias="[l]" Column="ACTIVE_FLAG" />
                                                                  </DefinedValue>
                                                                </DefinedValues>
                                                                <Object Database="[ims_new]" Schema="[dbo]" Table="[LOOKUPS]" Index="[PK_LOOKUPS]" Alias="[l]" />
                                                                <SeekPredicates>
                                                                  <SeekPredicate>
                                                                    <Prefix ScanType="EQ">
                                                                      <RangeColumns>
                                                                        <ColumnReference Database="[ims_new]" Schema="[dbo]" Table="[LOOKUPS]" Alias="[l]" Column="LOOKUP_ID" />
                                                                      </RangeColumns>
                                                                      <RangeExpressions>
                                                                        <ScalarOperator ScalarString="[ims_new].[dbo].[INVOICE_LINES].[INVOICE_LINE_TYPE_ID]">
                                                                          <Identifier>
                                                                            <ColumnReference Database="[ims_new]" Schema="[dbo]" Table="[INVOICE_LINES]" Column="INVOICE_LINE_TYPE_ID" />
                                                                          </Identifier>
                                                                        </ScalarOperator>
                                                                      </RangeExpressions>
                                                                    </Prefix>
                                                                  </SeekPredicate>
                                                                </SeekPredicates>
                                                                <Predicate>
                                                                  <ScalarOperator ScalarString="[ims_new].[dbo].[LOOKUPS].[CODE] as [l].[CODE]='custom' AND [ims_new].[dbo].[LOOKUPS].[ACTIVE_FLAG] as [l].[ACTIVE_FLAG]&lt;&gt;'N'">
                                                                    <Logical Operation="AND">
                                                                      <ScalarOperator>
                                                                        <Compare CompareOp="EQ">
                                                                          <ScalarOperator>
                                                                            <Identifier>
                                                                              <ColumnReference Database="[ims_new]" Schema="[dbo]" Table="[LOOKUPS]" Alias="[l]" Column="CODE" />
                                                                            </Identifier>
                                                                          </ScalarOperator>
                                                                          <ScalarOperator>
                                                                            <Const ConstValue="'custom'" />
                                                                          </ScalarOperator>
                                                                        </Compare>
                                                                      </ScalarOperator>
                                                                      <ScalarOperator>
                                                                        <Compare CompareOp="NE">
                                                                          <ScalarOperator>
                                                                            <Identifier>
                                                                              <ColumnReference Database="[ims_new]" Schema="[dbo]" Table="[LOOKUPS]" Alias="[l]" Column="ACTIVE_FLAG" />
                                                                            </Identifier>
                                                                          </ScalarOperator>
                                                                          <ScalarOperator>
                                                                            <Const ConstValue="'N'" />
                                                                          </ScalarOperator>
                                                                        </Compare>
                                                                      </ScalarOperator>
                                                                    </Logical>
                                                                  </ScalarOperator>
                                                                </Predicate>
                                                              </IndexScan>
                                                            </RelOp>
                                                          </NestedLoops>
                                                        </RelOp>
                                                      </NestedLoops>
                                                    </RelOp>
                                                    <RelOp AvgRowSize="16" EstimateCPU="0.000100283" EstimateIO="0.01" EstimateRebinds="0" EstimateRewinds="384.899" EstimateRows="1.01389" LogicalOp="Lazy Spool" NodeId="108" Parallel="true" PhysicalOp="Table Spool" EstimatedTotalSubtreeCost="0.0528277">
                                                      <OutputList>
                                                        <ColumnReference Database="[ims_new]" Schema="[dbo]" Table="[LOOKUP_TYPES]" Alias="[lt]" Column="LOOKUP_TYPE_ID" />
                                                      </OutputList>
                                                      <RunTimeInformation>
                                                        <RunTimeCountersPerThread Thread="4" ActualRebinds="1" ActualRewinds="0" ActualRows="1" ActualEndOfScans="1" ActualExecutions="1" />
                                                        <RunTimeCountersPerThread Thread="1" ActualRebinds="0" ActualRewinds="0" ActualRows="0" ActualEndOfScans="0" ActualExecutions="0" />
                                                        <RunTimeCountersPerThread Thread="2" ActualRebinds="0" ActualRewinds="0" ActualRows="0" ActualEndOfScans="0" ActualExecutions="0" />
                                                        <RunTimeCountersPerThread Thread="3" ActualRebinds="0" ActualRewinds="0" ActualRows="0" ActualEndOfScans="0" ActualExecutions="0" />
                                                        <RunTimeCountersPerThread Thread="0" ActualRebinds="0" ActualRewinds="0" ActualRows="0" ActualEndOfScans="0" ActualExecutions="0" />
                                                      </RunTimeInformation>
                                                      <Spool>
                                                        <RelOp AvgRowSize="38" EstimateCPU="0.0002373" EstimateIO="0.00386574" EstimateRebinds="0" EstimateRewinds="0" EstimateRows="1.01389" LogicalOp="Clustered Index Scan" NodeId="109" Parallel="true" PhysicalOp="Clustered Index Scan" EstimatedTotalSubtreeCost="0.00410304">
                                                          <OutputList>
                                                            <ColumnReference Database="[ims_new]" Schema="[dbo]" Table="[LOOKUP_TYPES]" Alias="[lt]" Column="LOOKUP_TYPE_ID" />
                                                          </OutputList>
                                                          <RunTimeInformation>
                                                            <RunTimeCountersPerThread Thread="4" ActualRows="1" ActualEndOfScans="1" ActualExecutions="1" />
                                                            <RunTimeCountersPerThread Thread="1" ActualRows="0" ActualEndOfScans="0" ActualExecutions="0" />
                                                            <RunTimeCountersPerThread Thread="2" ActualRows="0" ActualEndOfScans="0" ActualExecutions="0" />
                                                            <RunTimeCountersPerThread Thread="3" ActualRows="0" ActualEndOfScans="0" ActualExecutions="0" />
                                                            <RunTimeCountersPerThread Thread="0" ActualRows="0" ActualEndOfScans="0" ActualExecutions="0" />
                                                          </RunTimeInformation>
                                                          <IndexScan Ordered="false" ForcedIndex="false" NoExpandHint="false">
                                                            <DefinedValues>
                                                              <DefinedValue>
                                                                <ColumnReference Database="[ims_new]" Schema="[dbo]" Table="[LOOKUP_TYPES]" Alias="[lt]" Column="LOOKUP_TYPE_ID" />
                                                              </DefinedValue>
                                                            </DefinedValues>
                                                            <Object Database="[ims_new]" Schema="[dbo]" Table="[LOOKUP_TYPES]" Index="[PK_LOOKUP_TYPES]" Alias="[lt]" />
                                                            <Predicate>
                                                              <ScalarOperator ScalarString="[ims_new].[dbo].[LOOKUP_TYPES].[CODE] as [lt].[CODE]='invoice_line_type' AND [ims_new].[dbo].[LOOKUP_TYPES].[ACTIVE_FLAG] as [lt].[ACTIVE_FLAG]&lt;&gt;'N'">
                                                                <Logical Operation="AND">
                                                                  <ScalarOperator>
                                                                    <Compare CompareOp="EQ">
                                                                      <ScalarOperator>
                                                                        <Identifier>
                                                                          <ColumnReference Database="[ims_new]" Schema="[dbo]" Table="[LOOKUP_TYPES]" Alias="[lt]" Column="CODE" />
                                                                        </Identifier>
                                                                      </ScalarOperator>
                                                                      <ScalarOperator>
                                                                        <Const ConstValue="'invoice_line_type'" />
                                                                      </ScalarOperator>
                                                                    </Compare>
                                                                  </ScalarOperator>
                                                                  <ScalarOperator>
                                                                    <Compare CompareOp="NE">
                                                                      <ScalarOperator>
                                                                        <Identifier>
                                                                          <ColumnReference Database="[ims_new]" Schema="[dbo]" Table="[LOOKUP_TYPES]" Alias="[lt]" Column="ACTIVE_FLAG" />
                                                                        </Identifier>
                                                                      </ScalarOperator>
                                                                      <ScalarOperator>
                                                                        <Const ConstValue="'N'" />
                                                                      </ScalarOperator>
                                                                    </Compare>
                                                                  </ScalarOperator>
                                                                </Logical>
                                                              </ScalarOperator>
                                                            </Predicate>
                                                          </IndexScan>
                                                        </RelOp>
                                                      </Spool>
                                                    </RelOp>
                                                  </NestedLoops>
                                                </RelOp>
                                              </Spool>
                                            </RelOp>
                                          </NestedLoops>
                                        </RelOp>
                                      </ComputeScalar>
                                    </RelOp>
                                  </Parallelism>
                                </RelOp>
                              </Sort>
                            </RelOp>
                          </StreamAggregate>
                        </RelOp>
                      </ComputeScalar>
                    </RelOp>
                  </Parallelism>
                </RelOp>
              </ComputeScalar>
            </RelOp>
          </QueryPlan>
        </StmtSimple>
      </Statements>
    </Batch>
  </BatchSequence>
</ShowPlanXML>