<?xml version="1.0" encoding="utf-16"?>
<ShowPlanXML xmlns:xsi="http://www.w3.org/2001/XMLSchema-instance" xmlns:xsd="http://www.w3.org/2001/XMLSchema" Version="1.0" Build="9.00.3054.00" xmlns="http://schemas.microsoft.com/sqlserver/2004/07/showplan">
  <BatchSequence>
    <Batch>
      <Statements>
        <StmtSimple StatementCompId="1" StatementEstRows="129232" StatementId="1" StatementOptmLevel="FULL" StatementSubTreeCost="65.2613" StatementText="SELECT DISTINCT iev.customer_name, iev.customer_name&#xD;&#xA;				FROM invoices_extranet_v iev&#xD;&#xA;				WHERE iev.organization_id =  2&#xD;&#xA;		  		ORDER BY iev.customer_name" StatementType="SELECT">
          <StatementSetOptions ANSI_NULLS="false" ANSI_PADDING="false" ANSI_WARNINGS="false" ARITHABORT="true" CONCAT_NULL_YIELDS_NULL="false" NUMERIC_ROUNDABORT="false" QUOTED_IDENTIFIER="false" />
          <QueryPlan DegreeOfParallelism="4" MemoryGrant="8956" CachedPlanSize="592" CompileTime="1229" CompileCPU="1164" CompileMemory="11160">
            <RelOp AvgRowSize="43" EstimateCPU="0.93839" EstimateIO="0" EstimateRebinds="0" EstimateRewinds="0" EstimateRows="129232" LogicalOp="Gather Streams" NodeId="0" Parallel="true" PhysicalOp="Parallelism" EstimatedTotalSubtreeCost="65.2613">
              <OutputList>
                <ColumnReference Column="Expr1040" />
              </OutputList>
              <RunTimeInformation>
                <RunTimeCountersPerThread Thread="0" ActualRows="100" ActualEndOfScans="1" ActualExecutions="1" />
              </RunTimeInformation>
              <Parallelism>
                <OrderBy>
                  <OrderByColumn Ascending="true">
                    <ColumnReference Column="Expr1040" />
                  </OrderByColumn>
                </OrderBy>
                <RelOp AvgRowSize="43" EstimateCPU="5.07507" EstimateIO="0.00563063" EstimateRebinds="0" EstimateRewinds="0" EstimateRows="129232" LogicalOp="Distinct Sort" NodeId="1" Parallel="true" PhysicalOp="Sort" EstimatedTotalSubtreeCost="64.3229">
                  <OutputList>
                    <ColumnReference Column="Expr1040" />
                  </OutputList>
                  <MemoryFractions Input="0.489412" Output="1" />
                  <RunTimeInformation>
                    <RunTimeCountersPerThread Thread="4" ActualRebinds="1" ActualRewinds="0" ActualRows="22" ActualEndOfScans="1" ActualExecutions="1" />
                    <RunTimeCountersPerThread Thread="1" ActualRebinds="1" ActualRewinds="0" ActualRows="18" ActualEndOfScans="1" ActualExecutions="1" />
                    <RunTimeCountersPerThread Thread="2" ActualRebinds="1" ActualRewinds="0" ActualRows="36" ActualEndOfScans="1" ActualExecutions="1" />
                    <RunTimeCountersPerThread Thread="3" ActualRebinds="1" ActualRewinds="0" ActualRows="24" ActualEndOfScans="1" ActualExecutions="1" />
                    <RunTimeCountersPerThread Thread="0" ActualRebinds="0" ActualRewinds="0" ActualRows="0" ActualEndOfScans="0" ActualExecutions="0" />
                  </RunTimeInformation>
                  <Sort Distinct="true">
                    <OrderBy>
                      <OrderByColumn Ascending="true">
                        <ColumnReference Column="Expr1040" />
                      </OrderByColumn>
                    </OrderBy>
                    <RelOp AvgRowSize="43" EstimateCPU="0.426387" EstimateIO="0" EstimateRebinds="0" EstimateRewinds="0" EstimateRows="130156" LogicalOp="Repartition Streams" NodeId="2" Parallel="true" PhysicalOp="Parallelism" EstimatedTotalSubtreeCost="59.2422">
                      <OutputList>
                        <ColumnReference Column="Expr1040" />
                      </OutputList>
                      <RunTimeInformation>
                        <RunTimeCountersPerThread Thread="4" ActualRows="486" ActualEndOfScans="1" ActualExecutions="1" />
                        <RunTimeCountersPerThread Thread="1" ActualRows="27043" ActualEndOfScans="1" ActualExecutions="1" />
                        <RunTimeCountersPerThread Thread="2" ActualRows="5238" ActualEndOfScans="1" ActualExecutions="1" />
                        <RunTimeCountersPerThread Thread="3" ActualRows="7687" ActualEndOfScans="1" ActualExecutions="1" />
                        <RunTimeCountersPerThread Thread="0" ActualRows="0" ActualEndOfScans="0" ActualExecutions="0" />
                      </RunTimeInformation>
                      <Parallelism PartitioningType="Hash">
                        <PartitionColumns>
                          <ColumnReference Column="Expr1040" />
                        </PartitionColumns>
                        <RelOp AvgRowSize="43" EstimateCPU="0.0065078" EstimateIO="0" EstimateRebinds="0" EstimateRewinds="0" EstimateRows="130156" LogicalOp="Compute Scalar" NodeId="3" Parallel="true" PhysicalOp="Compute Scalar" EstimatedTotalSubtreeCost="58.8158">
                          <OutputList>
                            <ColumnReference Column="Expr1040" />
                          </OutputList>
                          <ComputeScalar>
                            <DefinedValues>
                              <DefinedValue>
                                <ColumnReference Column="Expr1040" />
                                <ScalarOperator ScalarString="CASE WHEN [servicetrax_dev].[dbo].[LOOKUPS].[CODE] as [customer_type].[CODE]='end_user' THEN [servicetrax_dev].[dbo].[CUSTOMERS].[CUSTOMER_NAME] ELSE [servicetrax_dev].[dbo].[CUSTOMERS].[CUSTOMER_NAME] as [c].[CUSTOMER_NAME] END">
                                  <IF>
                                    <Condition>
                                      <ScalarOperator>
                                        <Compare CompareOp="EQ">
                                          <ScalarOperator>
                                            <Identifier>
                                              <ColumnReference Database="[servicetrax_dev]" Schema="[dbo]" Table="[LOOKUPS]" Alias="[customer_type]" Column="CODE" />
                                            </Identifier>
                                          </ScalarOperator>
                                          <ScalarOperator>
                                            <Const ConstValue="'end_user'" />
                                          </ScalarOperator>
                                        </Compare>
                                      </ScalarOperator>
                                    </Condition>
                                    <Then>
                                      <ScalarOperator>
                                        <Identifier>
                                          <ColumnReference Database="[servicetrax_dev]" Schema="[dbo]" Table="[CUSTOMERS]" Column="CUSTOMER_NAME" />
                                        </Identifier>
                                      </ScalarOperator>
                                    </Then>
                                    <Else>
                                      <ScalarOperator>
                                        <Identifier>
                                          <ColumnReference Database="[servicetrax_dev]" Schema="[dbo]" Table="[CUSTOMERS]" Alias="[c]" Column="CUSTOMER_NAME" />
                                        </Identifier>
                                      </ScalarOperator>
                                    </Else>
                                  </IF>
                                </ScalarOperator>
                              </DefinedValue>
                            </DefinedValues>
                            <RelOp AvgRowSize="56" EstimateCPU="0.272026" EstimateIO="0" EstimateRebinds="0" EstimateRewinds="0" EstimateRows="130156" LogicalOp="Left Outer Join" NodeId="4" Parallel="true" PhysicalOp="Nested Loops" EstimatedTotalSubtreeCost="58.8093">
                              <OutputList>
                                <ColumnReference Database="[servicetrax_dev]" Schema="[dbo]" Table="[CUSTOMERS]" Alias="[c]" Column="CUSTOMER_NAME" />
                                <ColumnReference Database="[servicetrax_dev]" Schema="[dbo]" Table="[LOOKUPS]" Alias="[customer_type]" Column="CODE" />
                                <ColumnReference Database="[servicetrax_dev]" Schema="[dbo]" Table="[CUSTOMERS]" Column="CUSTOMER_NAME" />
                              </OutputList>
                              <RunTimeInformation>
                                <RunTimeCountersPerThread Thread="1" ActualRows="10161" ActualEndOfScans="1" ActualExecutions="1" />
                                <RunTimeCountersPerThread Thread="4" ActualRows="10036" ActualEndOfScans="1" ActualExecutions="1" />
                                <RunTimeCountersPerThread Thread="2" ActualRows="10241" ActualEndOfScans="1" ActualExecutions="1" />
                                <RunTimeCountersPerThread Thread="3" ActualRows="10016" ActualEndOfScans="1" ActualExecutions="1" />
                                <RunTimeCountersPerThread Thread="0" ActualRows="0" ActualEndOfScans="0" ActualExecutions="0" />
                              </RunTimeInformation>
                              <NestedLoops Optimized="false">
                                <PassThru>
                                  <ScalarOperator ScalarString="IsFalseOrNull [servicetrax_dev].[dbo].[LOOKUPS].[CODE] as [customer_type].[CODE]='end_user'">
                                    <Logical Operation="IsFalseOrNull">
                                      <ScalarOperator>
                                        <Compare CompareOp="EQ">
                                          <ScalarOperator>
                                            <Identifier>
                                              <ColumnReference Database="[servicetrax_dev]" Schema="[dbo]" Table="[LOOKUPS]" Alias="[customer_type]" Column="CODE" />
                                            </Identifier>
                                          </ScalarOperator>
                                          <ScalarOperator>
                                            <Const ConstValue="'end_user'" />
                                          </ScalarOperator>
                                        </Compare>
                                      </ScalarOperator>
                                    </Logical>
                                  </ScalarOperator>
                                </PassThru>
                                <OuterReferences>
                                  <ColumnReference Database="[servicetrax_dev]" Schema="[dbo]" Table="[CUSTOMERS]" Alias="[c]" Column="end_user_parent_id" />
                                </OuterReferences>
                                <RelOp AvgRowSize="46" EstimateCPU="5.07507" EstimateIO="0.00563063" EstimateRebinds="0" EstimateRewinds="0" EstimateRows="130156" LogicalOp="Distinct Sort" NodeId="5" Parallel="true" PhysicalOp="Sort" EstimatedTotalSubtreeCost="36.5888">
                                  <OutputList>
                                    <ColumnReference Database="[servicetrax_dev]" Schema="[dbo]" Table="[CUSTOMERS]" Alias="[c]" Column="CUSTOMER_NAME" />
                                    <ColumnReference Database="[servicetrax_dev]" Schema="[dbo]" Table="[CUSTOMERS]" Alias="[c]" Column="end_user_parent_id" />
                                    <ColumnReference Database="[servicetrax_dev]" Schema="[dbo]" Table="[LOOKUPS]" Alias="[customer_type]" Column="CODE" />
                                  </OutputList>
                                  <MemoryFractions Input="0.25725" Output="0.510588" />
                                  <RunTimeInformation>
                                    <RunTimeCountersPerThread Thread="1" ActualRebinds="1" ActualRewinds="0" ActualRows="10161" ActualEndOfScans="1" ActualExecutions="1" />
                                    <RunTimeCountersPerThread Thread="4" ActualRebinds="1" ActualRewinds="0" ActualRows="10036" ActualEndOfScans="1" ActualExecutions="1" />
                                    <RunTimeCountersPerThread Thread="2" ActualRebinds="1" ActualRewinds="0" ActualRows="10241" ActualEndOfScans="1" ActualExecutions="1" />
                                    <RunTimeCountersPerThread Thread="3" ActualRebinds="1" ActualRewinds="0" ActualRows="10016" ActualEndOfScans="1" ActualExecutions="1" />
                                    <RunTimeCountersPerThread Thread="0" ActualRebinds="0" ActualRewinds="0" ActualRows="0" ActualEndOfScans="0" ActualExecutions="0" />
                                  </RunTimeInformation>
                                  <Sort Distinct="true">
                                    <OrderBy>
                                      <OrderByColumn Ascending="true">
                                        <ColumnReference Database="[servicetrax_dev]" Schema="[dbo]" Table="[PROJECTS]" Alias="[p]" Column="PROJECT_ID" />
                                      </OrderByColumn>
                                      <OrderByColumn Ascending="true">
                                        <ColumnReference Database="[servicetrax_dev]" Schema="[dbo]" Table="[LOOKUPS]" Alias="[project_status_type]" Column="CODE" />
                                      </OrderByColumn>
                                      <OrderByColumn Ascending="true">
                                        <ColumnReference Database="[servicetrax_dev]" Schema="[dbo]" Table="[LOOKUPS]" Alias="[project_status_type]" Column="NAME" />
                                      </OrderByColumn>
                                      <OrderByColumn Ascending="true">
                                        <ColumnReference Database="[servicetrax_dev]" Schema="[dbo]" Table="[CUSTOMERS]" Alias="[c]" Column="EXT_DEALER_ID" />
                                      </OrderByColumn>
                                      <OrderByColumn Ascending="true">
                                        <ColumnReference Database="[servicetrax_dev]" Schema="[dbo]" Table="[CUSTOMERS]" Alias="[c]" Column="EXT_CUSTOMER_ID" />
                                      </OrderByColumn>
                                      <OrderByColumn Ascending="true">
                                        <ColumnReference Database="[servicetrax_dev]" Schema="[dbo]" Table="[CUSTOMERS]" Alias="[c]" Column="CUSTOMER_NAME" />
                                      </OrderByColumn>
                                      <OrderByColumn Ascending="true">
                                        <ColumnReference Database="[servicetrax_dev]" Schema="[dbo]" Table="[CUSTOMERS]" Alias="[c]" Column="PARENT_CUSTOMER_ID" />
                                      </OrderByColumn>
                                      <OrderByColumn Ascending="true">
                                        <ColumnReference Database="[servicetrax_dev]" Schema="[dbo]" Table="[JOBS]" Alias="[j]" Column="JOB_ID" />
                                      </OrderByColumn>
                                      <OrderByColumn Ascending="true">
                                        <ColumnReference Database="[servicetrax_dev]" Schema="[dbo]" Table="[INVOICES]" Alias="[i]" Column="INVOICE_ID" />
                                      </OrderByColumn>
                                      <OrderByColumn Ascending="true">
                                        <ColumnReference Database="[servicetrax_dev]" Schema="[dbo]" Table="[INVOICE_STATUSES]" Alias="[ist]" Column="NAME" />
                                      </OrderByColumn>
                                      <OrderByColumn Ascending="true">
                                        <ColumnReference Column="Expr1030" />
                                      </OrderByColumn>
                                      <OrderByColumn Ascending="true">
                                        <ColumnReference Database="[servicetrax_dev]" Schema="[dbo]" Table="[LOOKUPS]" Alias="[invoice_type]" Column="NAME" />
                                      </OrderByColumn>
                                      <OrderByColumn Ascending="true">
                                        <ColumnReference Database="[servicetrax_dev]" Schema="[dbo]" Table="[LOOKUPS]" Alias="[customer_type]" Column="CODE" />
                                      </OrderByColumn>
                                      <OrderByColumn Ascending="true">
                                        <ColumnReference Database="[servicetrax_dev]" Schema="[dbo]" Table="[CUSTOMERS]" Alias="[c]" Column="end_user_parent_id" />
                                      </OrderByColumn>
                                      <OrderByColumn Ascending="true">
                                        <ColumnReference Database="[servicetrax_dev]" Schema="[dbo]" Table="[CUSTOMERS]" Alias="[eu]" Column="CUSTOMER_NAME" />
                                      </OrderByColumn>
                                    </OrderBy>
                                    <RelOp AvgRowSize="186" EstimateCPU="0.0285376" EstimateIO="0" EstimateRebinds="0" EstimateRewinds="0" EstimateRows="130156" LogicalOp="Repartition Streams" NodeId="6" Parallel="true" PhysicalOp="Parallelism" EstimatedTotalSubtreeCost="31.5081">
                                      <OutputList>
                                        <ColumnReference Database="[servicetrax_dev]" Schema="[dbo]" Table="[PROJECTS]" Alias="[p]" Column="PROJECT_ID" />
                                        <ColumnReference Database="[servicetrax_dev]" Schema="[dbo]" Table="[LOOKUPS]" Alias="[project_status_type]" Column="CODE" />
                                        <ColumnReference Database="[servicetrax_dev]" Schema="[dbo]" Table="[LOOKUPS]" Alias="[project_status_type]" Column="NAME" />
                                        <ColumnReference Database="[servicetrax_dev]" Schema="[dbo]" Table="[CUSTOMERS]" Alias="[c]" Column="EXT_DEALER_ID" />
                                        <ColumnReference Database="[servicetrax_dev]" Schema="[dbo]" Table="[CUSTOMERS]" Alias="[c]" Column="EXT_CUSTOMER_ID" />
                                        <ColumnReference Database="[servicetrax_dev]" Schema="[dbo]" Table="[CUSTOMERS]" Alias="[c]" Column="CUSTOMER_NAME" />
                                        <ColumnReference Database="[servicetrax_dev]" Schema="[dbo]" Table="[CUSTOMERS]" Alias="[c]" Column="PARENT_CUSTOMER_ID" />
                                        <ColumnReference Database="[servicetrax_dev]" Schema="[dbo]" Table="[CUSTOMERS]" Alias="[c]" Column="end_user_parent_id" />
                                        <ColumnReference Database="[servicetrax_dev]" Schema="[dbo]" Table="[LOOKUPS]" Alias="[customer_type]" Column="CODE" />
                                        <ColumnReference Database="[servicetrax_dev]" Schema="[dbo]" Table="[CUSTOMERS]" Alias="[eu]" Column="CUSTOMER_NAME" />
                                        <ColumnReference Database="[servicetrax_dev]" Schema="[dbo]" Table="[JOBS]" Alias="[j]" Column="JOB_ID" />
                                        <ColumnReference Database="[servicetrax_dev]" Schema="[dbo]" Table="[INVOICES]" Alias="[i]" Column="INVOICE_ID" />
                                        <ColumnReference Database="[servicetrax_dev]" Schema="[dbo]" Table="[LOOKUPS]" Alias="[invoice_type]" Column="NAME" />
                                        <ColumnReference Database="[servicetrax_dev]" Schema="[dbo]" Table="[INVOICE_STATUSES]" Alias="[ist]" Column="NAME" />
                                        <ColumnReference Column="Expr1030" />
                                      </OutputList>
                                      <RunTimeInformation>
                                        <RunTimeCountersPerThread Thread="1" ActualRows="10161" ActualEndOfScans="1" ActualExecutions="1" />
                                        <RunTimeCountersPerThread Thread="4" ActualRows="10036" ActualEndOfScans="1" ActualExecutions="1" />
                                        <RunTimeCountersPerThread Thread="2" ActualRows="10241" ActualEndOfScans="1" ActualExecutions="1" />
                                        <RunTimeCountersPerThread Thread="3" ActualRows="10016" ActualEndOfScans="1" ActualExecutions="1" />
                                        <RunTimeCountersPerThread Thread="0" ActualRows="0" ActualEndOfScans="0" ActualExecutions="0" />
                                      </RunTimeInformation>
                                      <Parallelism PartitioningType="Hash">
                                        <PartitionColumns>
                                          <ColumnReference Database="[servicetrax_dev]" Schema="[dbo]" Table="[PROJECTS]" Alias="[p]" Column="PROJECT_ID" />
                                          <ColumnReference Database="[servicetrax_dev]" Schema="[dbo]" Table="[LOOKUPS]" Alias="[project_status_type]" Column="CODE" />
                                          <ColumnReference Database="[servicetrax_dev]" Schema="[dbo]" Table="[LOOKUPS]" Alias="[project_status_type]" Column="NAME" />
                                          <ColumnReference Database="[servicetrax_dev]" Schema="[dbo]" Table="[CUSTOMERS]" Alias="[c]" Column="EXT_DEALER_ID" />
                                          <ColumnReference Database="[servicetrax_dev]" Schema="[dbo]" Table="[CUSTOMERS]" Alias="[c]" Column="EXT_CUSTOMER_ID" />
                                          <ColumnReference Database="[servicetrax_dev]" Schema="[dbo]" Table="[CUSTOMERS]" Alias="[c]" Column="CUSTOMER_NAME" />
                                          <ColumnReference Database="[servicetrax_dev]" Schema="[dbo]" Table="[CUSTOMERS]" Alias="[c]" Column="PARENT_CUSTOMER_ID" />
                                          <ColumnReference Database="[servicetrax_dev]" Schema="[dbo]" Table="[JOBS]" Alias="[j]" Column="JOB_ID" />
                                          <ColumnReference Database="[servicetrax_dev]" Schema="[dbo]" Table="[INVOICES]" Alias="[i]" Column="INVOICE_ID" />
                                          <ColumnReference Database="[servicetrax_dev]" Schema="[dbo]" Table="[INVOICE_STATUSES]" Alias="[ist]" Column="NAME" />
                                          <ColumnReference Column="Expr1030" />
                                          <ColumnReference Database="[servicetrax_dev]" Schema="[dbo]" Table="[LOOKUPS]" Alias="[invoice_type]" Column="NAME" />
                                          <ColumnReference Database="[servicetrax_dev]" Schema="[dbo]" Table="[LOOKUPS]" Alias="[customer_type]" Column="CODE" />
                                          <ColumnReference Database="[servicetrax_dev]" Schema="[dbo]" Table="[CUSTOMERS]" Alias="[c]" Column="end_user_parent_id" />
                                          <ColumnReference Database="[servicetrax_dev]" Schema="[dbo]" Table="[CUSTOMERS]" Alias="[eu]" Column="CUSTOMER_NAME" />
                                        </PartitionColumns>
                                        <RelOp AvgRowSize="186" EstimateCPU="0.782833" EstimateIO="0" EstimateRebinds="0" EstimateRewinds="0" EstimateRows="130156" LogicalOp="Right Outer Join" NodeId="7" Parallel="true" PhysicalOp="Hash Match" EstimatedTotalSubtreeCost="31.4795">
                                          <OutputList>
                                            <ColumnReference Database="[servicetrax_dev]" Schema="[dbo]" Table="[PROJECTS]" Alias="[p]" Column="PROJECT_ID" />
                                            <ColumnReference Database="[servicetrax_dev]" Schema="[dbo]" Table="[LOOKUPS]" Alias="[project_status_type]" Column="CODE" />
                                            <ColumnReference Database="[servicetrax_dev]" Schema="[dbo]" Table="[LOOKUPS]" Alias="[project_status_type]" Column="NAME" />
                                            <ColumnReference Database="[servicetrax_dev]" Schema="[dbo]" Table="[CUSTOMERS]" Alias="[c]" Column="EXT_DEALER_ID" />
                                            <ColumnReference Database="[servicetrax_dev]" Schema="[dbo]" Table="[CUSTOMERS]" Alias="[c]" Column="EXT_CUSTOMER_ID" />
                                            <ColumnReference Database="[servicetrax_dev]" Schema="[dbo]" Table="[CUSTOMERS]" Alias="[c]" Column="CUSTOMER_NAME" />
                                            <ColumnReference Database="[servicetrax_dev]" Schema="[dbo]" Table="[CUSTOMERS]" Alias="[c]" Column="PARENT_CUSTOMER_ID" />
                                            <ColumnReference Database="[servicetrax_dev]" Schema="[dbo]" Table="[CUSTOMERS]" Alias="[c]" Column="end_user_parent_id" />
                                            <ColumnReference Database="[servicetrax_dev]" Schema="[dbo]" Table="[LOOKUPS]" Alias="[customer_type]" Column="CODE" />
                                            <ColumnReference Database="[servicetrax_dev]" Schema="[dbo]" Table="[CUSTOMERS]" Alias="[eu]" Column="CUSTOMER_NAME" />
                                            <ColumnReference Database="[servicetrax_dev]" Schema="[dbo]" Table="[JOBS]" Alias="[j]" Column="JOB_ID" />
                                            <ColumnReference Database="[servicetrax_dev]" Schema="[dbo]" Table="[INVOICES]" Alias="[i]" Column="INVOICE_ID" />
                                            <ColumnReference Database="[servicetrax_dev]" Schema="[dbo]" Table="[LOOKUPS]" Alias="[invoice_type]" Column="NAME" />
                                            <ColumnReference Database="[servicetrax_dev]" Schema="[dbo]" Table="[INVOICE_STATUSES]" Alias="[ist]" Column="NAME" />
                                            <ColumnReference Column="Expr1030" />
                                          </OutputList>
                                          <MemoryFractions Input="0.0103978" Output="0.0103681" />
                                          <RunTimeInformation>
                                            <RunTimeCountersPerThread Thread="1" ActualRows="0" ActualEndOfScans="1" ActualExecutions="1" />
                                            <RunTimeCountersPerThread Thread="3" ActualRows="4562" ActualEndOfScans="1" ActualExecutions="1" />
                                            <RunTimeCountersPerThread Thread="2" ActualRows="35892" ActualEndOfScans="1" ActualExecutions="1" />
                                            <RunTimeCountersPerThread Thread="4" ActualRows="0" ActualEndOfScans="1" ActualExecutions="1" />
                                            <RunTimeCountersPerThread Thread="0" ActualRows="0" ActualEndOfScans="0" ActualExecutions="0" />
                                          </RunTimeInformation>
                                          <Hash>
                                            <DefinedValues />
                                            <HashKeysBuild>
                                              <ColumnReference Database="[servicetrax_dev]" Schema="[dbo]" Table="[LOOKUPS]" Alias="[invoice_type]" Column="LOOKUP_ID" />
                                            </HashKeysBuild>
                                            <HashKeysProbe>
                                              <ColumnReference Database="[servicetrax_dev]" Schema="[dbo]" Table="[INVOICES]" Alias="[i]" Column="INVOICE_TYPE_ID" />
                                            </HashKeysProbe>
                                            <ProbeResidual>
                                              <ScalarOperator ScalarString="[servicetrax_dev].[dbo].[INVOICES].[INVOICE_TYPE_ID] as [i].[INVOICE_TYPE_ID]=[servicetrax_dev].[dbo].[LOOKUPS].[LOOKUP_ID] as [invoice_type].[LOOKUP_ID]">
                                                <Compare CompareOp="EQ">
                                                  <ScalarOperator>
                                                    <Identifier>
                                                      <ColumnReference Database="[servicetrax_dev]" Schema="[dbo]" Table="[INVOICES]" Alias="[i]" Column="INVOICE_TYPE_ID" />
                                                    </Identifier>
                                                  </ScalarOperator>
                                                  <ScalarOperator>
                                                    <Identifier>
                                                      <ColumnReference Database="[servicetrax_dev]" Schema="[dbo]" Table="[LOOKUPS]" Alias="[invoice_type]" Column="LOOKUP_ID" />
                                                    </Identifier>
                                                  </ScalarOperator>
                                                </Compare>
                                              </ScalarOperator>
                                            </ProbeResidual>
                                            <RelOp AvgRowSize="28" EstimateCPU="0.0300479" EstimateIO="0" EstimateRebinds="0" EstimateRewinds="0" EstimateRows="720" LogicalOp="Repartition Streams" NodeId="8" Parallel="true" PhysicalOp="Parallelism" EstimatedTotalSubtreeCost="0.0366104">
                                              <OutputList>
                                                <ColumnReference Database="[servicetrax_dev]" Schema="[dbo]" Table="[LOOKUPS]" Alias="[invoice_type]" Column="LOOKUP_ID" />
                                                <ColumnReference Database="[servicetrax_dev]" Schema="[dbo]" Table="[LOOKUPS]" Alias="[invoice_type]" Column="NAME" />
                                              </OutputList>
                                              <RunTimeInformation>
                                                <RunTimeCountersPerThread Thread="2" ActualRows="187" ActualEndOfScans="1" ActualExecutions="1" />
                                                <RunTimeCountersPerThread Thread="3" ActualRows="177" ActualEndOfScans="1" ActualExecutions="1" />
                                                <RunTimeCountersPerThread Thread="4" ActualRows="169" ActualEndOfScans="1" ActualExecutions="1" />
                                                <RunTimeCountersPerThread Thread="1" ActualRows="187" ActualEndOfScans="1" ActualExecutions="1" />
                                                <RunTimeCountersPerThread Thread="0" ActualRows="0" ActualEndOfScans="0" ActualExecutions="0" />
                                              </RunTimeInformation>
                                              <Parallelism PartitioningType="Hash">
                                                <PartitionColumns>
                                                  <ColumnReference Database="[servicetrax_dev]" Schema="[dbo]" Table="[LOOKUPS]" Alias="[invoice_type]" Column="LOOKUP_ID" />
                                                </PartitionColumns>
                                                <RelOp AvgRowSize="28" EstimateCPU="0.0004745" EstimateIO="0.00608796" EstimateRebinds="0" EstimateRewinds="0" EstimateRows="720" LogicalOp="Index Scan" NodeId="9" Parallel="true" PhysicalOp="Index Scan" EstimatedTotalSubtreeCost="0.00656246">
                                                  <OutputList>
                                                    <ColumnReference Database="[servicetrax_dev]" Schema="[dbo]" Table="[LOOKUPS]" Alias="[invoice_type]" Column="LOOKUP_ID" />
                                                    <ColumnReference Database="[servicetrax_dev]" Schema="[dbo]" Table="[LOOKUPS]" Alias="[invoice_type]" Column="NAME" />
                                                  </OutputList>
                                                  <RunTimeInformation>
                                                    <RunTimeCountersPerThread Thread="1" ActualRows="160" ActualEndOfScans="1" ActualExecutions="1" />
                                                    <RunTimeCountersPerThread Thread="2" ActualRows="161" ActualEndOfScans="1" ActualExecutions="1" />
                                                    <RunTimeCountersPerThread Thread="4" ActualRows="258" ActualEndOfScans="1" ActualExecutions="1" />
                                                    <RunTimeCountersPerThread Thread="3" ActualRows="141" ActualEndOfScans="1" ActualExecutions="1" />
                                                    <RunTimeCountersPerThread Thread="0" ActualRows="0" ActualEndOfScans="0" ActualExecutions="0" />
                                                  </RunTimeInformation>
                                                  <IndexScan Ordered="false" ForcedIndex="false" NoExpandHint="false">
                                                    <DefinedValues>
                                                      <DefinedValue>
                                                        <ColumnReference Database="[servicetrax_dev]" Schema="[dbo]" Table="[LOOKUPS]" Alias="[invoice_type]" Column="LOOKUP_ID" />
                                                      </DefinedValue>
                                                      <DefinedValue>
                                                        <ColumnReference Database="[servicetrax_dev]" Schema="[dbo]" Table="[LOOKUPS]" Alias="[invoice_type]" Column="NAME" />
                                                      </DefinedValue>
                                                    </DefinedValues>
                                                    <Object Database="[servicetrax_dev]" Schema="[dbo]" Table="[LOOKUPS]" Index="[IX_L_LID_NAME]" Alias="[invoice_type]" />
                                                  </IndexScan>
                                                </RelOp>
                                              </Parallelism>
                                            </RelOp>
                                            <RelOp AvgRowSize="185" EstimateCPU="1.43993" EstimateIO="0" EstimateRebinds="0" EstimateRewinds="0" EstimateRows="130156" LogicalOp="Repartition Streams" NodeId="10" Parallel="true" PhysicalOp="Parallelism" EstimatedTotalSubtreeCost="30.6601">
                                              <OutputList>
                                                <ColumnReference Database="[servicetrax_dev]" Schema="[dbo]" Table="[PROJECTS]" Alias="[p]" Column="PROJECT_ID" />
                                                <ColumnReference Database="[servicetrax_dev]" Schema="[dbo]" Table="[LOOKUPS]" Alias="[project_status_type]" Column="CODE" />
                                                <ColumnReference Database="[servicetrax_dev]" Schema="[dbo]" Table="[LOOKUPS]" Alias="[project_status_type]" Column="NAME" />
                                                <ColumnReference Database="[servicetrax_dev]" Schema="[dbo]" Table="[CUSTOMERS]" Alias="[c]" Column="EXT_DEALER_ID" />
                                                <ColumnReference Database="[servicetrax_dev]" Schema="[dbo]" Table="[CUSTOMERS]" Alias="[c]" Column="EXT_CUSTOMER_ID" />
                                                <ColumnReference Database="[servicetrax_dev]" Schema="[dbo]" Table="[CUSTOMERS]" Alias="[c]" Column="CUSTOMER_NAME" />
                                                <ColumnReference Database="[servicetrax_dev]" Schema="[dbo]" Table="[CUSTOMERS]" Alias="[c]" Column="PARENT_CUSTOMER_ID" />
                                                <ColumnReference Database="[servicetrax_dev]" Schema="[dbo]" Table="[CUSTOMERS]" Alias="[c]" Column="end_user_parent_id" />
                                                <ColumnReference Database="[servicetrax_dev]" Schema="[dbo]" Table="[LOOKUPS]" Alias="[customer_type]" Column="CODE" />
                                                <ColumnReference Database="[servicetrax_dev]" Schema="[dbo]" Table="[CUSTOMERS]" Alias="[eu]" Column="CUSTOMER_NAME" />
                                                <ColumnReference Database="[servicetrax_dev]" Schema="[dbo]" Table="[JOBS]" Alias="[j]" Column="JOB_ID" />
                                                <ColumnReference Database="[servicetrax_dev]" Schema="[dbo]" Table="[INVOICES]" Alias="[i]" Column="INVOICE_ID" />
                                                <ColumnReference Database="[servicetrax_dev]" Schema="[dbo]" Table="[INVOICES]" Alias="[i]" Column="INVOICE_TYPE_ID" />
                                                <ColumnReference Database="[servicetrax_dev]" Schema="[dbo]" Table="[INVOICE_STATUSES]" Alias="[ist]" Column="NAME" />
                                                <ColumnReference Column="Expr1030" />
                                              </OutputList>
                                              <RunTimeInformation>
                                                <RunTimeCountersPerThread Thread="2" ActualRows="35892" ActualEndOfScans="1" ActualExecutions="1" />
                                                <RunTimeCountersPerThread Thread="3" ActualRows="4562" ActualEndOfScans="1" ActualExecutions="1" />
                                                <RunTimeCountersPerThread Thread="4" ActualRows="0" ActualEndOfScans="1" ActualExecutions="1" />
                                                <RunTimeCountersPerThread Thread="1" ActualRows="0" ActualEndOfScans="1" ActualExecutions="1" />
                                                <RunTimeCountersPerThread Thread="0" ActualRows="0" ActualEndOfScans="0" ActualExecutions="0" />
                                              </RunTimeInformation>
                                              <Parallelism PartitioningType="Hash">
                                                <PartitionColumns>
                                                  <ColumnReference Database="[servicetrax_dev]" Schema="[dbo]" Table="[INVOICES]" Alias="[i]" Column="INVOICE_TYPE_ID" />
                                                </PartitionColumns>
                                                <RelOp AvgRowSize="185" EstimateCPU="2.48619" EstimateIO="0" EstimateRebinds="0" EstimateRewinds="0" EstimateRows="130156" LogicalOp="Left Outer Join" NodeId="11" Parallel="true" PhysicalOp="Hash Match" EstimatedTotalSubtreeCost="29.2202">
                                                  <OutputList>
                                                    <ColumnReference Database="[servicetrax_dev]" Schema="[dbo]" Table="[PROJECTS]" Alias="[p]" Column="PROJECT_ID" />
                                                    <ColumnReference Database="[servicetrax_dev]" Schema="[dbo]" Table="[LOOKUPS]" Alias="[project_status_type]" Column="CODE" />
                                                    <ColumnReference Database="[servicetrax_dev]" Schema="[dbo]" Table="[LOOKUPS]" Alias="[project_status_type]" Column="NAME" />
                                                    <ColumnReference Database="[servicetrax_dev]" Schema="[dbo]" Table="[CUSTOMERS]" Alias="[c]" Column="EXT_DEALER_ID" />
                                                    <ColumnReference Database="[servicetrax_dev]" Schema="[dbo]" Table="[CUSTOMERS]" Alias="[c]" Column="EXT_CUSTOMER_ID" />
                                                    <ColumnReference Database="[servicetrax_dev]" Schema="[dbo]" Table="[CUSTOMERS]" Alias="[c]" Column="CUSTOMER_NAME" />
                                                    <ColumnReference Database="[servicetrax_dev]" Schema="[dbo]" Table="[CUSTOMERS]" Alias="[c]" Column="PARENT_CUSTOMER_ID" />
                                                    <ColumnReference Database="[servicetrax_dev]" Schema="[dbo]" Table="[CUSTOMERS]" Alias="[c]" Column="end_user_parent_id" />
                                                    <ColumnReference Database="[servicetrax_dev]" Schema="[dbo]" Table="[LOOKUPS]" Alias="[customer_type]" Column="CODE" />
                                                    <ColumnReference Database="[servicetrax_dev]" Schema="[dbo]" Table="[CUSTOMERS]" Alias="[eu]" Column="CUSTOMER_NAME" />
                                                    <ColumnReference Database="[servicetrax_dev]" Schema="[dbo]" Table="[JOBS]" Alias="[j]" Column="JOB_ID" />
                                                    <ColumnReference Database="[servicetrax_dev]" Schema="[dbo]" Table="[INVOICES]" Alias="[i]" Column="INVOICE_ID" />
                                                    <ColumnReference Database="[servicetrax_dev]" Schema="[dbo]" Table="[INVOICES]" Alias="[i]" Column="INVOICE_TYPE_ID" />
                                                    <ColumnReference Database="[servicetrax_dev]" Schema="[dbo]" Table="[INVOICE_STATUSES]" Alias="[ist]" Column="NAME" />
                                                    <ColumnReference Column="Expr1030" />
                                                  </OutputList>
                                                  <MemoryFractions Input="0.209765" Output="0.209166" />
                                                  <RunTimeInformation>
                                                    <RunTimeCountersPerThread Thread="4" ActualRows="11295" ActualEndOfScans="1" ActualExecutions="1" />
                                                    <RunTimeCountersPerThread Thread="1" ActualRows="8298" ActualEndOfScans="1" ActualExecutions="1" />
                                                    <RunTimeCountersPerThread Thread="2" ActualRows="11445" ActualEndOfScans="1" ActualExecutions="1" />
                                                    <RunTimeCountersPerThread Thread="3" ActualRows="9416" ActualEndOfScans="1" ActualExecutions="1" />
                                                    <RunTimeCountersPerThread Thread="0" ActualRows="0" ActualEndOfScans="0" ActualExecutions="0" />
                                                  </RunTimeInformation>
                                                  <Hash>
                                                    <DefinedValues />
                                                    <HashKeysBuild>
                                                      <ColumnReference Database="[servicetrax_dev]" Schema="[dbo]" Table="[JOBS]" Alias="[j]" Column="JOB_ID" />
                                                    </HashKeysBuild>
                                                    <HashKeysProbe>
                                                      <ColumnReference Database="[servicetrax_dev]" Schema="[dbo]" Table="[INVOICES]" Alias="[i]" Column="JOB_ID" />
                                                    </HashKeysProbe>
                                                    <ProbeResidual>
                                                      <ScalarOperator ScalarString="[servicetrax_dev].[dbo].[JOBS].[JOB_ID] as [j].[JOB_ID]=[servicetrax_dev].[dbo].[INVOICES].[JOB_ID] as [i].[JOB_ID]">
                                                        <Compare CompareOp="EQ">
                                                          <ScalarOperator>
                                                            <Identifier>
                                                              <ColumnReference Database="[servicetrax_dev]" Schema="[dbo]" Table="[JOBS]" Alias="[j]" Column="JOB_ID" />
                                                            </Identifier>
                                                          </ScalarOperator>
                                                          <ScalarOperator>
                                                            <Identifier>
                                                              <ColumnReference Database="[servicetrax_dev]" Schema="[dbo]" Table="[INVOICES]" Alias="[i]" Column="JOB_ID" />
                                                            </Identifier>
                                                          </ScalarOperator>
                                                        </Compare>
                                                      </ScalarOperator>
                                                    </ProbeResidual>
                                                    <RelOp AvgRowSize="142" EstimateCPU="0.220016" EstimateIO="0" EstimateRebinds="0" EstimateRewinds="0" EstimateRows="23196.1" LogicalOp="Repartition Streams" NodeId="12" Parallel="true" PhysicalOp="Parallelism" EstimatedTotalSubtreeCost="5.02991">
                                                      <OutputList>
                                                        <ColumnReference Database="[servicetrax_dev]" Schema="[dbo]" Table="[PROJECTS]" Alias="[p]" Column="PROJECT_ID" />
                                                        <ColumnReference Database="[servicetrax_dev]" Schema="[dbo]" Table="[LOOKUPS]" Alias="[project_status_type]" Column="CODE" />
                                                        <ColumnReference Database="[servicetrax_dev]" Schema="[dbo]" Table="[LOOKUPS]" Alias="[project_status_type]" Column="NAME" />
                                                        <ColumnReference Database="[servicetrax_dev]" Schema="[dbo]" Table="[CUSTOMERS]" Alias="[c]" Column="EXT_DEALER_ID" />
                                                        <ColumnReference Database="[servicetrax_dev]" Schema="[dbo]" Table="[CUSTOMERS]" Alias="[c]" Column="EXT_CUSTOMER_ID" />
                                                        <ColumnReference Database="[servicetrax_dev]" Schema="[dbo]" Table="[CUSTOMERS]" Alias="[c]" Column="CUSTOMER_NAME" />
                                                        <ColumnReference Database="[servicetrax_dev]" Schema="[dbo]" Table="[CUSTOMERS]" Alias="[c]" Column="PARENT_CUSTOMER_ID" />
                                                        <ColumnReference Database="[servicetrax_dev]" Schema="[dbo]" Table="[CUSTOMERS]" Alias="[c]" Column="end_user_parent_id" />
                                                        <ColumnReference Database="[servicetrax_dev]" Schema="[dbo]" Table="[LOOKUPS]" Alias="[customer_type]" Column="CODE" />
                                                        <ColumnReference Database="[servicetrax_dev]" Schema="[dbo]" Table="[CUSTOMERS]" Alias="[eu]" Column="CUSTOMER_NAME" />
                                                        <ColumnReference Database="[servicetrax_dev]" Schema="[dbo]" Table="[JOBS]" Alias="[j]" Column="JOB_ID" />
                                                      </OutputList>
                                                      <RunTimeInformation>
                                                        <RunTimeCountersPerThread Thread="4" ActualRows="2556" ActualEndOfScans="1" ActualExecutions="1" />
                                                        <RunTimeCountersPerThread Thread="1" ActualRows="2633" ActualEndOfScans="1" ActualExecutions="1" />
                                                        <RunTimeCountersPerThread Thread="2" ActualRows="2636" ActualEndOfScans="1" ActualExecutions="1" />
                                                        <RunTimeCountersPerThread Thread="3" ActualRows="5165" ActualEndOfScans="1" ActualExecutions="1" />
                                                        <RunTimeCountersPerThread Thread="0" ActualRows="0" ActualEndOfScans="0" ActualExecutions="0" />
                                                      </RunTimeInformation>
                                                      <Parallelism PartitioningType="Hash">
                                                        <PartitionColumns>
                                                          <ColumnReference Database="[servicetrax_dev]" Schema="[dbo]" Table="[JOBS]" Alias="[j]" Column="JOB_ID" />
                                                        </PartitionColumns>
                                                        <RelOp AvgRowSize="142" EstimateCPU="1.01558" EstimateIO="0" EstimateRebinds="0" EstimateRewinds="0" EstimateRows="23196.1" LogicalOp="Right Outer Join" NodeId="13" Parallel="true" PhysicalOp="Hash Match" EstimatedTotalSubtreeCost="4.80989">
                                                          <OutputList>
                                                            <ColumnReference Database="[servicetrax_dev]" Schema="[dbo]" Table="[PROJECTS]" Alias="[p]" Column="PROJECT_ID" />
                                                            <ColumnReference Database="[servicetrax_dev]" Schema="[dbo]" Table="[LOOKUPS]" Alias="[project_status_type]" Column="CODE" />
                                                            <ColumnReference Database="[servicetrax_dev]" Schema="[dbo]" Table="[LOOKUPS]" Alias="[project_status_type]" Column="NAME" />
                                                            <ColumnReference Database="[servicetrax_dev]" Schema="[dbo]" Table="[CUSTOMERS]" Alias="[c]" Column="EXT_DEALER_ID" />
                                                            <ColumnReference Database="[servicetrax_dev]" Schema="[dbo]" Table="[CUSTOMERS]" Alias="[c]" Column="EXT_CUSTOMER_ID" />
                                                            <ColumnReference Database="[servicetrax_dev]" Schema="[dbo]" Table="[CUSTOMERS]" Alias="[c]" Column="CUSTOMER_NAME" />
                                                            <ColumnReference Database="[servicetrax_dev]" Schema="[dbo]" Table="[CUSTOMERS]" Alias="[c]" Column="PARENT_CUSTOMER_ID" />
                                                            <ColumnReference Database="[servicetrax_dev]" Schema="[dbo]" Table="[CUSTOMERS]" Alias="[c]" Column="end_user_parent_id" />
                                                            <ColumnReference Database="[servicetrax_dev]" Schema="[dbo]" Table="[LOOKUPS]" Alias="[customer_type]" Column="CODE" />
                                                            <ColumnReference Database="[servicetrax_dev]" Schema="[dbo]" Table="[CUSTOMERS]" Alias="[eu]" Column="CUSTOMER_NAME" />
                                                            <ColumnReference Database="[servicetrax_dev]" Schema="[dbo]" Table="[JOBS]" Alias="[j]" Column="JOB_ID" />
                                                          </OutputList>
                                                          <MemoryFractions Input="0.620792" Output="0.504783" />
                                                          <RunTimeInformation>
                                                            <RunTimeCountersPerThread Thread="1" ActualRows="3265" ActualEndOfScans="1" ActualExecutions="1" />
                                                            <RunTimeCountersPerThread Thread="4" ActualRows="3188" ActualEndOfScans="1" ActualExecutions="1" />
                                                            <RunTimeCountersPerThread Thread="2" ActualRows="3279" ActualEndOfScans="1" ActualExecutions="1" />
                                                            <RunTimeCountersPerThread Thread="3" ActualRows="3258" ActualEndOfScans="1" ActualExecutions="1" />
                                                            <RunTimeCountersPerThread Thread="0" ActualRows="0" ActualEndOfScans="0" ActualExecutions="0" />
                                                          </RunTimeInformation>
                                                          <Hash>
                                                            <DefinedValues />
                                                            <HashKeysBuild>
                                                              <ColumnReference Database="[servicetrax_dev]" Schema="[dbo]" Table="[JOBS]" Alias="[j]" Column="PROJECT_ID" />
                                                            </HashKeysBuild>
                                                            <HashKeysProbe>
                                                              <ColumnReference Database="[servicetrax_dev]" Schema="[dbo]" Table="[PROJECTS]" Alias="[p]" Column="PROJECT_ID" />
                                                            </HashKeysProbe>
                                                            <ProbeResidual>
                                                              <ScalarOperator ScalarString="[servicetrax_dev].[dbo].[PROJECTS].[PROJECT_ID] as [p].[PROJECT_ID]=[servicetrax_dev].[dbo].[JOBS].[PROJECT_ID] as [j].[PROJECT_ID]">
                                                                <Compare CompareOp="EQ">
                                                                  <ScalarOperator>
                                                                    <Identifier>
                                                                      <ColumnReference Database="[servicetrax_dev]" Schema="[dbo]" Table="[PROJECTS]" Alias="[p]" Column="PROJECT_ID" />
                                                                    </Identifier>
                                                                  </ScalarOperator>
                                                                  <ScalarOperator>
                                                                    <Identifier>
                                                                      <ColumnReference Database="[servicetrax_dev]" Schema="[dbo]" Table="[JOBS]" Alias="[j]" Column="PROJECT_ID" />
                                                                    </Identifier>
                                                                  </ScalarOperator>
                                                                </Compare>
                                                              </ScalarOperator>
                                                            </ProbeResidual>
                                                            <RelOp AvgRowSize="25" EstimateCPU="0.182797" EstimateIO="0" EstimateRebinds="0" EstimateRewinds="0" EstimateRows="75400" LogicalOp="Repartition Streams" NodeId="14" Parallel="true" PhysicalOp="Parallelism" EstimatedTotalSubtreeCost="0.410433">
                                                              <OutputList>
                                                                <ColumnReference Database="[servicetrax_dev]" Schema="[dbo]" Table="[JOBS]" Alias="[j]" Column="JOB_ID" />
                                                                <ColumnReference Database="[servicetrax_dev]" Schema="[dbo]" Table="[JOBS]" Alias="[j]" Column="PROJECT_ID" />
                                                              </OutputList>
                                                              <RunTimeInformation>
                                                                <RunTimeCountersPerThread Thread="1" ActualRows="17442" ActualEndOfScans="1" ActualExecutions="1" />
                                                                <RunTimeCountersPerThread Thread="4" ActualRows="17212" ActualEndOfScans="1" ActualExecutions="1" />
                                                                <RunTimeCountersPerThread Thread="2" ActualRows="17310" ActualEndOfScans="1" ActualExecutions="1" />
                                                                <RunTimeCountersPerThread Thread="3" ActualRows="23436" ActualEndOfScans="1" ActualExecutions="1" />
                                                                <RunTimeCountersPerThread Thread="0" ActualRows="0" ActualEndOfScans="0" ActualExecutions="0" />
                                                              </RunTimeInformation>
                                                              <Parallelism PartitioningType="Hash">
                                                                <PartitionColumns>
                                                                  <ColumnReference Database="[servicetrax_dev]" Schema="[dbo]" Table="[JOBS]" Alias="[j]" Column="PROJECT_ID" />
                                                                </PartitionColumns>
                                                                <RelOp AvgRowSize="25" EstimateCPU="0.0415485" EstimateIO="0.186088" EstimateRebinds="0" EstimateRewinds="0" EstimateRows="75400" LogicalOp="Index Scan" NodeId="15" Parallel="true" PhysicalOp="Index Scan" EstimatedTotalSubtreeCost="0.227636">
                                                                  <OutputList>
                                                                    <ColumnReference Database="[servicetrax_dev]" Schema="[dbo]" Table="[JOBS]" Alias="[j]" Column="JOB_ID" />
                                                                    <ColumnReference Database="[servicetrax_dev]" Schema="[dbo]" Table="[JOBS]" Alias="[j]" Column="PROJECT_ID" />
                                                                  </OutputList>
                                                                  <RunTimeInformation>
                                                                    <RunTimeCountersPerThread Thread="4" ActualRows="20374" ActualEndOfScans="1" ActualExecutions="1" />
                                                                    <RunTimeCountersPerThread Thread="1" ActualRows="20662" ActualEndOfScans="1" ActualExecutions="1" />
                                                                    <RunTimeCountersPerThread Thread="3" ActualRows="15201" ActualEndOfScans="1" ActualExecutions="1" />
                                                                    <RunTimeCountersPerThread Thread="2" ActualRows="19163" ActualEndOfScans="1" ActualExecutions="1" />
                                                                    <RunTimeCountersPerThread Thread="0" ActualRows="0" ActualEndOfScans="0" ActualExecutions="0" />
                                                                  </RunTimeInformation>
                                                                  <IndexScan Ordered="false" ForcedIndex="false" NoExpandHint="false">
                                                                    <DefinedValues>
                                                                      <DefinedValue>
                                                                        <ColumnReference Database="[servicetrax_dev]" Schema="[dbo]" Table="[JOBS]" Alias="[j]" Column="JOB_ID" />
                                                                      </DefinedValue>
                                                                      <DefinedValue>
                                                                        <ColumnReference Database="[servicetrax_dev]" Schema="[dbo]" Table="[JOBS]" Alias="[j]" Column="PROJECT_ID" />
                                                                      </DefinedValue>
                                                                    </DefinedValues>
                                                                    <Object Database="[servicetrax_dev]" Schema="[dbo]" Table="[JOBS]" Index="[IX_JOB_PROJECTS]" Alias="[j]" />
                                                                  </IndexScan>
                                                                </RelOp>
                                                              </Parallelism>
                                                            </RelOp>
                                                            <RelOp AvgRowSize="133" EstimateCPU="0.0308163" EstimateIO="0" EstimateRebinds="0" EstimateRewinds="0" EstimateRows="23184.4" LogicalOp="Repartition Streams" NodeId="16" Parallel="true" PhysicalOp="Parallelism" EstimatedTotalSubtreeCost="3.38388">
                                                              <OutputList>
                                                                <ColumnReference Database="[servicetrax_dev]" Schema="[dbo]" Table="[PROJECTS]" Alias="[p]" Column="PROJECT_ID" />
                                                                <ColumnReference Database="[servicetrax_dev]" Schema="[dbo]" Table="[LOOKUPS]" Alias="[project_status_type]" Column="CODE" />
                                                                <ColumnReference Database="[servicetrax_dev]" Schema="[dbo]" Table="[LOOKUPS]" Alias="[project_status_type]" Column="NAME" />
                                                                <ColumnReference Database="[servicetrax_dev]" Schema="[dbo]" Table="[CUSTOMERS]" Alias="[c]" Column="EXT_DEALER_ID" />
                                                                <ColumnReference Database="[servicetrax_dev]" Schema="[dbo]" Table="[CUSTOMERS]" Alias="[c]" Column="EXT_CUSTOMER_ID" />
                                                                <ColumnReference Database="[servicetrax_dev]" Schema="[dbo]" Table="[CUSTOMERS]" Alias="[c]" Column="CUSTOMER_NAME" />
                                                                <ColumnReference Database="[servicetrax_dev]" Schema="[dbo]" Table="[CUSTOMERS]" Alias="[c]" Column="PARENT_CUSTOMER_ID" />
                                                                <ColumnReference Database="[servicetrax_dev]" Schema="[dbo]" Table="[CUSTOMERS]" Alias="[c]" Column="end_user_parent_id" />
                                                                <ColumnReference Database="[servicetrax_dev]" Schema="[dbo]" Table="[LOOKUPS]" Alias="[customer_type]" Column="CODE" />
                                                                <ColumnReference Database="[servicetrax_dev]" Schema="[dbo]" Table="[CUSTOMERS]" Alias="[eu]" Column="CUSTOMER_NAME" />
                                                              </OutputList>
                                                              <RunTimeInformation>
                                                                <RunTimeCountersPerThread Thread="1" ActualRows="3265" ActualEndOfScans="1" ActualExecutions="1" />
                                                                <RunTimeCountersPerThread Thread="4" ActualRows="3188" ActualEndOfScans="1" ActualExecutions="1" />
                                                                <RunTimeCountersPerThread Thread="3" ActualRows="3257" ActualEndOfScans="1" ActualExecutions="1" />
                                                                <RunTimeCountersPerThread Thread="2" ActualRows="3277" ActualEndOfScans="1" ActualExecutions="1" />
                                                                <RunTimeCountersPerThread Thread="0" ActualRows="0" ActualEndOfScans="0" ActualExecutions="0" />
                                                              </RunTimeInformation>
                                                              <Parallelism PartitioningType="Hash">
                                                                <PartitionColumns>
                                                                  <ColumnReference Database="[servicetrax_dev]" Schema="[dbo]" Table="[PROJECTS]" Alias="[p]" Column="PROJECT_ID" />
                                                                </PartitionColumns>
                                                                <RelOp AvgRowSize="133" EstimateCPU="0.497594" EstimateIO="0" EstimateRebinds="0" EstimateRewinds="0" EstimateRows="23184.4" LogicalOp="Right Outer Join" NodeId="17" Parallel="true" PhysicalOp="Hash Match" EstimatedTotalSubtreeCost="3.35306">
                                                                  <OutputList>
                                                                    <ColumnReference Database="[servicetrax_dev]" Schema="[dbo]" Table="[PROJECTS]" Alias="[p]" Column="PROJECT_ID" />
                                                                    <ColumnReference Database="[servicetrax_dev]" Schema="[dbo]" Table="[LOOKUPS]" Alias="[project_status_type]" Column="CODE" />
                                                                    <ColumnReference Database="[servicetrax_dev]" Schema="[dbo]" Table="[LOOKUPS]" Alias="[project_status_type]" Column="NAME" />
                                                                    <ColumnReference Database="[servicetrax_dev]" Schema="[dbo]" Table="[CUSTOMERS]" Alias="[c]" Column="EXT_DEALER_ID" />
                                                                    <ColumnReference Database="[servicetrax_dev]" Schema="[dbo]" Table="[CUSTOMERS]" Alias="[c]" Column="EXT_CUSTOMER_ID" />
                                                                    <ColumnReference Database="[servicetrax_dev]" Schema="[dbo]" Table="[CUSTOMERS]" Alias="[c]" Column="CUSTOMER_NAME" />
                                                                    <ColumnReference Database="[servicetrax_dev]" Schema="[dbo]" Table="[CUSTOMERS]" Alias="[c]" Column="PARENT_CUSTOMER_ID" />
                                                                    <ColumnReference Database="[servicetrax_dev]" Schema="[dbo]" Table="[CUSTOMERS]" Alias="[c]" Column="end_user_parent_id" />
                                                                    <ColumnReference Database="[servicetrax_dev]" Schema="[dbo]" Table="[LOOKUPS]" Alias="[customer_type]" Column="CODE" />
                                                                    <ColumnReference Database="[servicetrax_dev]" Schema="[dbo]" Table="[CUSTOMERS]" Alias="[eu]" Column="CUSTOMER_NAME" />
                                                                  </OutputList>
                                                                  <MemoryFractions Input="0.247401" Output="0.201168" />
                                                                  <RunTimeInformation>
                                                                    <RunTimeCountersPerThread Thread="1" ActualRows="39" ActualEndOfScans="1" ActualExecutions="1" />
                                                                    <RunTimeCountersPerThread Thread="3" ActualRows="12894" ActualEndOfScans="1" ActualExecutions="1" />
                                                                    <RunTimeCountersPerThread Thread="4" ActualRows="33" ActualEndOfScans="1" ActualExecutions="1" />
                                                                    <RunTimeCountersPerThread Thread="2" ActualRows="21" ActualEndOfScans="1" ActualExecutions="1" />
                                                                    <RunTimeCountersPerThread Thread="0" ActualRows="0" ActualEndOfScans="0" ActualExecutions="0" />
                                                                  </RunTimeInformation>
                                                                  <Hash>
                                                                    <DefinedValues />
                                                                    <HashKeysBuild>
                                                                      <ColumnReference Database="[servicetrax_dev]" Schema="[dbo]" Table="[CUSTOMERS]" Alias="[eu]" Column="CUSTOMER_ID" />
                                                                    </HashKeysBuild>
                                                                    <HashKeysProbe>
                                                                      <ColumnReference Database="[servicetrax_dev]" Schema="[dbo]" Table="[PROJECTS]" Alias="[p]" Column="end_user_id" />
                                                                    </HashKeysProbe>
                                                                    <ProbeResidual>
                                                                      <ScalarOperator ScalarString="[servicetrax_dev].[dbo].[PROJECTS].[end_user_id] as [p].[end_user_id]=[servicetrax_dev].[dbo].[CUSTOMERS].[CUSTOMER_ID] as [eu].[CUSTOMER_ID]">
                                                                        <Compare CompareOp="EQ">
                                                                          <ScalarOperator>
                                                                            <Identifier>
                                                                              <ColumnReference Database="[servicetrax_dev]" Schema="[dbo]" Table="[PROJECTS]" Alias="[p]" Column="end_user_id" />
                                                                            </Identifier>
                                                                          </ScalarOperator>
                                                                          <ScalarOperator>
                                                                            <Identifier>
                                                                              <ColumnReference Database="[servicetrax_dev]" Schema="[dbo]" Table="[CUSTOMERS]" Alias="[eu]" Column="CUSTOMER_ID" />
                                                                            </Identifier>
                                                                          </ScalarOperator>
                                                                        </Compare>
                                                                      </ScalarOperator>
                                                                    </ProbeResidual>
                                                                    <RelOp AvgRowSize="37" EstimateCPU="0.0655139" EstimateIO="0" EstimateRebinds="0" EstimateRewinds="0" EstimateRows="15044" LogicalOp="Repartition Streams" NodeId="18" Parallel="true" PhysicalOp="Parallelism" EstimatedTotalSubtreeCost="0.146621">
                                                                      <OutputList>
                                                                        <ColumnReference Database="[servicetrax_dev]" Schema="[dbo]" Table="[CUSTOMERS]" Alias="[eu]" Column="CUSTOMER_ID" />
                                                                        <ColumnReference Database="[servicetrax_dev]" Schema="[dbo]" Table="[CUSTOMERS]" Alias="[eu]" Column="CUSTOMER_NAME" />
                                                                      </OutputList>
                                                                      <RunTimeInformation>
                                                                        <RunTimeCountersPerThread Thread="1" ActualRows="3736" ActualEndOfScans="1" ActualExecutions="1" />
                                                                        <RunTimeCountersPerThread Thread="2" ActualRows="3862" ActualEndOfScans="1" ActualExecutions="1" />
                                                                        <RunTimeCountersPerThread Thread="4" ActualRows="3710" ActualEndOfScans="1" ActualExecutions="1" />
                                                                        <RunTimeCountersPerThread Thread="3" ActualRows="3736" ActualEndOfScans="1" ActualExecutions="1" />
                                                                        <RunTimeCountersPerThread Thread="0" ActualRows="0" ActualEndOfScans="0" ActualExecutions="0" />
                                                                      </RunTimeInformation>
                                                                      <Parallelism PartitioningType="Hash">
                                                                        <PartitionColumns>
                                                                          <ColumnReference Database="[servicetrax_dev]" Schema="[dbo]" Table="[CUSTOMERS]" Alias="[eu]" Column="CUSTOMER_ID" />
                                                                        </PartitionColumns>
                                                                        <RelOp AvgRowSize="37" EstimateCPU="0.0083527" EstimateIO="0.0727546" EstimateRebinds="0" EstimateRewinds="0" EstimateRows="15044" LogicalOp="Index Scan" NodeId="19" Parallel="true" PhysicalOp="Index Scan" EstimatedTotalSubtreeCost="0.0811073">
                                                                          <OutputList>
                                                                            <ColumnReference Database="[servicetrax_dev]" Schema="[dbo]" Table="[CUSTOMERS]" Alias="[eu]" Column="CUSTOMER_ID" />
                                                                            <ColumnReference Database="[servicetrax_dev]" Schema="[dbo]" Table="[CUSTOMERS]" Alias="[eu]" Column="CUSTOMER_NAME" />
                                                                          </OutputList>
                                                                          <RunTimeInformation>
                                                                            <RunTimeCountersPerThread Thread="4" ActualRows="4331" ActualEndOfScans="1" ActualExecutions="1" />
                                                                            <RunTimeCountersPerThread Thread="3" ActualRows="3670" ActualEndOfScans="1" ActualExecutions="1" />
                                                                            <RunTimeCountersPerThread Thread="1" ActualRows="3671" ActualEndOfScans="1" ActualExecutions="1" />
                                                                            <RunTimeCountersPerThread Thread="2" ActualRows="3372" ActualEndOfScans="1" ActualExecutions="1" />
                                                                            <RunTimeCountersPerThread Thread="0" ActualRows="0" ActualEndOfScans="0" ActualExecutions="0" />
                                                                          </RunTimeInformation>
                                                                          <IndexScan Ordered="false" ForcedIndex="false" NoExpandHint="false">
                                                                            <DefinedValues>
                                                                              <DefinedValue>
                                                                                <ColumnReference Database="[servicetrax_dev]" Schema="[dbo]" Table="[CUSTOMERS]" Alias="[eu]" Column="CUSTOMER_ID" />
                                                                              </DefinedValue>
                                                                              <DefinedValue>
                                                                                <ColumnReference Database="[servicetrax_dev]" Schema="[dbo]" Table="[CUSTOMERS]" Alias="[eu]" Column="CUSTOMER_NAME" />
                                                                              </DefinedValue>
                                                                            </DefinedValues>
                                                                            <Object Database="[servicetrax_dev]" Schema="[dbo]" Table="[CUSTOMERS]" Index="[IX_CUSTOMER_TYPE_NAME]" Alias="[eu]" />
                                                                          </IndexScan>
                                                                        </RelOp>
                                                                      </Parallelism>
                                                                    </RelOp>
                                                                    <RelOp AvgRowSize="123" EstimateCPU="0.029396" EstimateIO="0" EstimateRebinds="0" EstimateRewinds="0" EstimateRows="23184.4" LogicalOp="Repartition Streams" NodeId="20" Parallel="true" PhysicalOp="Parallelism" EstimatedTotalSubtreeCost="2.70884">
                                                                      <OutputList>
                                                                        <ColumnReference Database="[servicetrax_dev]" Schema="[dbo]" Table="[PROJECTS]" Alias="[p]" Column="PROJECT_ID" />
                                                                        <ColumnReference Database="[servicetrax_dev]" Schema="[dbo]" Table="[PROJECTS]" Alias="[p]" Column="end_user_id" />
                                                                        <ColumnReference Database="[servicetrax_dev]" Schema="[dbo]" Table="[LOOKUPS]" Alias="[project_status_type]" Column="CODE" />
                                                                        <ColumnReference Database="[servicetrax_dev]" Schema="[dbo]" Table="[LOOKUPS]" Alias="[project_status_type]" Column="NAME" />
                                                                        <ColumnReference Database="[servicetrax_dev]" Schema="[dbo]" Table="[CUSTOMERS]" Alias="[c]" Column="EXT_DEALER_ID" />
                                                                        <ColumnReference Database="[servicetrax_dev]" Schema="[dbo]" Table="[CUSTOMERS]" Alias="[c]" Column="EXT_CUSTOMER_ID" />
                                                                        <ColumnReference Database="[servicetrax_dev]" Schema="[dbo]" Table="[CUSTOMERS]" Alias="[c]" Column="CUSTOMER_NAME" />
                                                                        <ColumnReference Database="[servicetrax_dev]" Schema="[dbo]" Table="[CUSTOMERS]" Alias="[c]" Column="PARENT_CUSTOMER_ID" />
                                                                        <ColumnReference Database="[servicetrax_dev]" Schema="[dbo]" Table="[CUSTOMERS]" Alias="[c]" Column="end_user_parent_id" />
                                                                        <ColumnReference Database="[servicetrax_dev]" Schema="[dbo]" Table="[LOOKUPS]" Alias="[customer_type]" Column="CODE" />
                                                                      </OutputList>
                                                                      <RunTimeInformation>
                                                                        <RunTimeCountersPerThread Thread="1" ActualRows="39" ActualEndOfScans="1" ActualExecutions="1" />
                                                                        <RunTimeCountersPerThread Thread="2" ActualRows="21" ActualEndOfScans="1" ActualExecutions="1" />
                                                                        <RunTimeCountersPerThread Thread="4" ActualRows="33" ActualEndOfScans="1" ActualExecutions="1" />
                                                                        <RunTimeCountersPerThread Thread="3" ActualRows="12894" ActualEndOfScans="1" ActualExecutions="1" />
                                                                        <RunTimeCountersPerThread Thread="0" ActualRows="0" ActualEndOfScans="0" ActualExecutions="0" />
                                                                      </RunTimeInformation>
                                                                      <Parallelism PartitioningType="Hash">
                                                                        <PartitionColumns>
                                                                          <ColumnReference Database="[servicetrax_dev]" Schema="[dbo]" Table="[PROJECTS]" Alias="[p]" Column="end_user_id" />
                                                                        </PartitionColumns>
                                                                        <RelOp AvgRowSize="123" EstimateCPU="0.213397" EstimateIO="0" EstimateRebinds="0" EstimateRewinds="0" EstimateRows="23184.4" LogicalOp="Inner Join" NodeId="21" Parallel="true" PhysicalOp="Hash Match" EstimatedTotalSubtreeCost="2.67945">
                                                                          <OutputList>
                                                                            <ColumnReference Database="[servicetrax_dev]" Schema="[dbo]" Table="[PROJECTS]" Alias="[p]" Column="PROJECT_ID" />
                                                                            <ColumnReference Database="[servicetrax_dev]" Schema="[dbo]" Table="[PROJECTS]" Alias="[p]" Column="end_user_id" />
                                                                            <ColumnReference Database="[servicetrax_dev]" Schema="[dbo]" Table="[LOOKUPS]" Alias="[project_status_type]" Column="CODE" />
                                                                            <ColumnReference Database="[servicetrax_dev]" Schema="[dbo]" Table="[LOOKUPS]" Alias="[project_status_type]" Column="NAME" />
                                                                            <ColumnReference Database="[servicetrax_dev]" Schema="[dbo]" Table="[CUSTOMERS]" Alias="[c]" Column="EXT_DEALER_ID" />
                                                                            <ColumnReference Database="[servicetrax_dev]" Schema="[dbo]" Table="[CUSTOMERS]" Alias="[c]" Column="EXT_CUSTOMER_ID" />
                                                                            <ColumnReference Database="[servicetrax_dev]" Schema="[dbo]" Table="[CUSTOMERS]" Alias="[c]" Column="CUSTOMER_NAME" />
                                                                            <ColumnReference Database="[servicetrax_dev]" Schema="[dbo]" Table="[CUSTOMERS]" Alias="[c]" Column="PARENT_CUSTOMER_ID" />
                                                                            <ColumnReference Database="[servicetrax_dev]" Schema="[dbo]" Table="[CUSTOMERS]" Alias="[c]" Column="end_user_parent_id" />
                                                                            <ColumnReference Database="[servicetrax_dev]" Schema="[dbo]" Table="[LOOKUPS]" Alias="[customer_type]" Column="CODE" />
                                                                          </OutputList>
                                                                          <MemoryFractions Input="0" Output="0" />
                                                                          <RunTimeInformation>
                                                                            <RunTimeCountersPerThread Thread="1" ActualRows="362" ActualEndOfScans="1" ActualExecutions="1" />
                                                                            <RunTimeCountersPerThread Thread="3" ActualRows="12625" ActualEndOfScans="1" ActualExecutions="1" />
                                                                            <RunTimeCountersPerThread Thread="2" ActualRows="0" ActualEndOfScans="1" ActualExecutions="1" />
                                                                            <RunTimeCountersPerThread Thread="4" ActualRows="0" ActualEndOfScans="1" ActualExecutions="1" />
                                                                            <RunTimeCountersPerThread Thread="0" ActualRows="0" ActualEndOfScans="0" ActualExecutions="0" />
                                                                          </RunTimeInformation>
                                                                          <Hash>
                                                                            <DefinedValues />
                                                                            <HashKeysBuild>
                                                                              <ColumnReference Database="[servicetrax_dev]" Schema="[dbo]" Table="[LOOKUPS]" Alias="[project_status_type]" Column="LOOKUP_ID" />
                                                                            </HashKeysBuild>
                                                                            <HashKeysProbe>
                                                                              <ColumnReference Database="[servicetrax_dev]" Schema="[dbo]" Table="[PROJECTS]" Alias="[p]" Column="PROJECT_STATUS_TYPE_ID" />
                                                                            </HashKeysProbe>
                                                                            <ProbeResidual>
                                                                              <ScalarOperator ScalarString="[servicetrax_dev].[dbo].[PROJECTS].[PROJECT_STATUS_TYPE_ID] as [p].[PROJECT_STATUS_TYPE_ID]=[servicetrax_dev].[dbo].[LOOKUPS].[LOOKUP_ID] as [project_status_type].[LOOKUP_ID]">
                                                                                <Compare CompareOp="EQ">
                                                                                  <ScalarOperator>
                                                                                    <Identifier>
                                                                                      <ColumnReference Database="[servicetrax_dev]" Schema="[dbo]" Table="[PROJECTS]" Alias="[p]" Column="PROJECT_STATUS_TYPE_ID" />
                                                                                    </Identifier>
                                                                                  </ScalarOperator>
                                                                                  <ScalarOperator>
                                                                                    <Identifier>
                                                                                      <ColumnReference Database="[servicetrax_dev]" Schema="[dbo]" Table="[LOOKUPS]" Alias="[project_status_type]" Column="LOOKUP_ID" />
                                                                                    </Identifier>
                                                                                  </ScalarOperator>
                                                                                </Compare>
                                                                              </ScalarOperator>
                                                                            </ProbeResidual>
                                                                            <RelOp AvgRowSize="37" EstimateCPU="0.0304453" EstimateIO="0" EstimateRebinds="0" EstimateRewinds="0" EstimateRows="720" LogicalOp="Repartition Streams" NodeId="22" Parallel="true" PhysicalOp="Parallelism" EstimatedTotalSubtreeCost="0.0384893">
                                                                              <OutputList>
                                                                                <ColumnReference Database="[servicetrax_dev]" Schema="[dbo]" Table="[LOOKUPS]" Alias="[project_status_type]" Column="LOOKUP_ID" />
                                                                                <ColumnReference Database="[servicetrax_dev]" Schema="[dbo]" Table="[LOOKUPS]" Alias="[project_status_type]" Column="CODE" />
                                                                                <ColumnReference Database="[servicetrax_dev]" Schema="[dbo]" Table="[LOOKUPS]" Alias="[project_status_type]" Column="NAME" />
                                                                              </OutputList>
                                                                              <RunTimeInformation>
                                                                                <RunTimeCountersPerThread Thread="4" ActualRows="169" ActualEndOfScans="1" ActualExecutions="1" />
                                                                                <RunTimeCountersPerThread Thread="1" ActualRows="187" ActualEndOfScans="1" ActualExecutions="1" />
                                                                                <RunTimeCountersPerThread Thread="2" ActualRows="187" ActualEndOfScans="1" ActualExecutions="1" />
                                                                                <RunTimeCountersPerThread Thread="3" ActualRows="177" ActualEndOfScans="1" ActualExecutions="1" />
                                                                                <RunTimeCountersPerThread Thread="0" ActualRows="0" ActualEndOfScans="0" ActualExecutions="0" />
                                                                              </RunTimeInformation>
                                                                              <Parallelism PartitioningType="Hash">
                                                                                <PartitionColumns>
                                                                                  <ColumnReference Database="[servicetrax_dev]" Schema="[dbo]" Table="[LOOKUPS]" Alias="[project_status_type]" Column="LOOKUP_ID" />
                                                                                </PartitionColumns>
                                                                                <RelOp AvgRowSize="37" EstimateCPU="0.0004745" EstimateIO="0.00756944" EstimateRebinds="0" EstimateRewinds="0" EstimateRows="720" LogicalOp="Index Scan" NodeId="23" Parallel="true" PhysicalOp="Index Scan" EstimatedTotalSubtreeCost="0.00804394">
                                                                                  <OutputList>
                                                                                    <ColumnReference Database="[servicetrax_dev]" Schema="[dbo]" Table="[LOOKUPS]" Alias="[project_status_type]" Column="LOOKUP_ID" />
                                                                                    <ColumnReference Database="[servicetrax_dev]" Schema="[dbo]" Table="[LOOKUPS]" Alias="[project_status_type]" Column="CODE" />
                                                                                    <ColumnReference Database="[servicetrax_dev]" Schema="[dbo]" Table="[LOOKUPS]" Alias="[project_status_type]" Column="NAME" />
                                                                                  </OutputList>
                                                                                  <RunTimeInformation>
                                                                                    <RunTimeCountersPerThread Thread="4" ActualRows="141" ActualEndOfScans="1" ActualExecutions="1" />
                                                                                    <RunTimeCountersPerThread Thread="1" ActualRows="242" ActualEndOfScans="1" ActualExecutions="1" />
                                                                                    <RunTimeCountersPerThread Thread="2" ActualRows="105" ActualEndOfScans="1" ActualExecutions="1" />
                                                                                    <RunTimeCountersPerThread Thread="3" ActualRows="232" ActualEndOfScans="1" ActualExecutions="1" />
                                                                                    <RunTimeCountersPerThread Thread="0" ActualRows="0" ActualEndOfScans="0" ActualExecutions="0" />
                                                                                  </RunTimeInformation>
                                                                                  <IndexScan Ordered="false" ForcedIndex="false" NoExpandHint="false">
                                                                                    <DefinedValues>
                                                                                      <DefinedValue>
                                                                                        <ColumnReference Database="[servicetrax_dev]" Schema="[dbo]" Table="[LOOKUPS]" Alias="[project_status_type]" Column="LOOKUP_ID" />
                                                                                      </DefinedValue>
                                                                                      <DefinedValue>
                                                                                        <ColumnReference Database="[servicetrax_dev]" Schema="[dbo]" Table="[LOOKUPS]" Alias="[project_status_type]" Column="CODE" />
                                                                                      </DefinedValue>
                                                                                      <DefinedValue>
                                                                                        <ColumnReference Database="[servicetrax_dev]" Schema="[dbo]" Table="[LOOKUPS]" Alias="[project_status_type]" Column="NAME" />
                                                                                      </DefinedValue>
                                                                                    </DefinedValues>
                                                                                    <Object Database="[servicetrax_dev]" Schema="[dbo]" Table="[LOOKUPS]" Index="[IX_L_LID_CODE_NAME]" Alias="[project_status_type]" />
                                                                                  </IndexScan>
                                                                                </RelOp>
                                                                              </Parallelism>
                                                                            </RelOp>
                                                                            <RelOp AvgRowSize="113" EstimateCPU="0.185741" EstimateIO="0" EstimateRebinds="0" EstimateRewinds="0" EstimateRows="23184.4" LogicalOp="Repartition Streams" NodeId="24" Parallel="true" PhysicalOp="Parallelism" EstimatedTotalSubtreeCost="2.42756">
                                                                              <OutputList>
                                                                                <ColumnReference Database="[servicetrax_dev]" Schema="[dbo]" Table="[PROJECTS]" Alias="[p]" Column="PROJECT_ID" />
                                                                                <ColumnReference Database="[servicetrax_dev]" Schema="[dbo]" Table="[PROJECTS]" Alias="[p]" Column="PROJECT_STATUS_TYPE_ID" />
                                                                                <ColumnReference Database="[servicetrax_dev]" Schema="[dbo]" Table="[PROJECTS]" Alias="[p]" Column="end_user_id" />
                                                                                <ColumnReference Database="[servicetrax_dev]" Schema="[dbo]" Table="[CUSTOMERS]" Alias="[c]" Column="EXT_DEALER_ID" />
                                                                                <ColumnReference Database="[servicetrax_dev]" Schema="[dbo]" Table="[CUSTOMERS]" Alias="[c]" Column="EXT_CUSTOMER_ID" />
                                                                                <ColumnReference Database="[servicetrax_dev]" Schema="[dbo]" Table="[CUSTOMERS]" Alias="[c]" Column="CUSTOMER_NAME" />
                                                                                <ColumnReference Database="[servicetrax_dev]" Schema="[dbo]" Table="[CUSTOMERS]" Alias="[c]" Column="PARENT_CUSTOMER_ID" />
                                                                                <ColumnReference Database="[servicetrax_dev]" Schema="[dbo]" Table="[CUSTOMERS]" Alias="[c]" Column="end_user_parent_id" />
                                                                                <ColumnReference Database="[servicetrax_dev]" Schema="[dbo]" Table="[LOOKUPS]" Alias="[customer_type]" Column="CODE" />
                                                                              </OutputList>
                                                                              <RunTimeInformation>
                                                                                <RunTimeCountersPerThread Thread="1" ActualRows="362" ActualEndOfScans="1" ActualExecutions="1" />
                                                                                <RunTimeCountersPerThread Thread="4" ActualRows="0" ActualEndOfScans="1" ActualExecutions="1" />
                                                                                <RunTimeCountersPerThread Thread="3" ActualRows="12625" ActualEndOfScans="1" ActualExecutions="1" />
                                                                                <RunTimeCountersPerThread Thread="2" ActualRows="0" ActualEndOfScans="1" ActualExecutions="1" />
                                                                                <RunTimeCountersPerThread Thread="0" ActualRows="0" ActualEndOfScans="0" ActualExecutions="0" />
                                                                              </RunTimeInformation>
                                                                              <Parallelism PartitioningType="Hash">
                                                                                <PartitionColumns>
                                                                                  <ColumnReference Database="[servicetrax_dev]" Schema="[dbo]" Table="[PROJECTS]" Alias="[p]" Column="PROJECT_STATUS_TYPE_ID" />
                                                                                </PartitionColumns>
                                                                                <RelOp AvgRowSize="113" EstimateCPU="0.414388" EstimateIO="0" EstimateRebinds="0" EstimateRewinds="0" EstimateRows="23184.4" LogicalOp="Inner Join" NodeId="25" Parallel="true" PhysicalOp="Hash Match" EstimatedTotalSubtreeCost="2.24182">
                                                                                  <OutputList>
                                                                                    <ColumnReference Database="[servicetrax_dev]" Schema="[dbo]" Table="[PROJECTS]" Alias="[p]" Column="PROJECT_ID" />
                                                                                    <ColumnReference Database="[servicetrax_dev]" Schema="[dbo]" Table="[PROJECTS]" Alias="[p]" Column="PROJECT_STATUS_TYPE_ID" />
                                                                                    <ColumnReference Database="[servicetrax_dev]" Schema="[dbo]" Table="[PROJECTS]" Alias="[p]" Column="end_user_id" />
                                                                                    <ColumnReference Database="[servicetrax_dev]" Schema="[dbo]" Table="[CUSTOMERS]" Alias="[c]" Column="EXT_DEALER_ID" />
                                                                                    <ColumnReference Database="[servicetrax_dev]" Schema="[dbo]" Table="[CUSTOMERS]" Alias="[c]" Column="EXT_CUSTOMER_ID" />
                                                                                    <ColumnReference Database="[servicetrax_dev]" Schema="[dbo]" Table="[CUSTOMERS]" Alias="[c]" Column="CUSTOMER_NAME" />
                                                                                    <ColumnReference Database="[servicetrax_dev]" Schema="[dbo]" Table="[CUSTOMERS]" Alias="[c]" Column="PARENT_CUSTOMER_ID" />
                                                                                    <ColumnReference Database="[servicetrax_dev]" Schema="[dbo]" Table="[CUSTOMERS]" Alias="[c]" Column="end_user_parent_id" />
                                                                                    <ColumnReference Database="[servicetrax_dev]" Schema="[dbo]" Table="[LOOKUPS]" Alias="[customer_type]" Column="CODE" />
                                                                                  </OutputList>
                                                                                  <MemoryFractions Input="0.0908662" Output="0.0738859" />
                                                                                  <RunTimeInformation>
                                                                                    <RunTimeCountersPerThread Thread="4" ActualRows="2524" ActualEndOfScans="1" ActualExecutions="1" />
                                                                                    <RunTimeCountersPerThread Thread="3" ActualRows="3959" ActualEndOfScans="1" ActualExecutions="1" />
                                                                                    <RunTimeCountersPerThread Thread="1" ActualRows="3805" ActualEndOfScans="1" ActualExecutions="1" />
                                                                                    <RunTimeCountersPerThread Thread="2" ActualRows="2699" ActualEndOfScans="1" ActualExecutions="1" />
                                                                                    <RunTimeCountersPerThread Thread="0" ActualRows="0" ActualEndOfScans="0" ActualExecutions="0" />
                                                                                  </RunTimeInformation>
                                                                                  <Hash>
                                                                                    <DefinedValues />
                                                                                    <HashKeysBuild>
                                                                                      <ColumnReference Database="[servicetrax_dev]" Schema="[dbo]" Table="[CUSTOMERS]" Alias="[c]" Column="CUSTOMER_ID" />
                                                                                    </HashKeysBuild>
                                                                                    <HashKeysProbe>
                                                                                      <ColumnReference Database="[servicetrax_dev]" Schema="[dbo]" Table="[PROJECTS]" Alias="[p]" Column="CUSTOMER_ID" />
                                                                                    </HashKeysProbe>
                                                                                    <ProbeResidual>
                                                                                      <ScalarOperator ScalarString="[servicetrax_dev].[dbo].[CUSTOMERS].[CUSTOMER_ID] as [c].[CUSTOMER_ID]=[servicetrax_dev].[dbo].[PROJECTS].[CUSTOMER_ID] as [p].[CUSTOMER_ID]">
                                                                                        <Compare CompareOp="EQ">
                                                                                          <ScalarOperator>
                                                                                            <Identifier>
                                                                                              <ColumnReference Database="[servicetrax_dev]" Schema="[dbo]" Table="[CUSTOMERS]" Alias="[c]" Column="CUSTOMER_ID" />
                                                                                            </Identifier>
                                                                                          </ScalarOperator>
                                                                                          <ScalarOperator>
                                                                                            <Identifier>
                                                                                              <ColumnReference Database="[servicetrax_dev]" Schema="[dbo]" Table="[PROJECTS]" Alias="[p]" Column="CUSTOMER_ID" />
                                                                                            </Identifier>
                                                                                          </ScalarOperator>
                                                                                        </Compare>
                                                                                      </ScalarOperator>
                                                                                    </ProbeResidual>
                                                                                    <RelOp AvgRowSize="94" EstimateCPU="0.0285113" EstimateIO="0" EstimateRebinds="0" EstimateRewinds="0" EstimateRows="2370.7" LogicalOp="Bitmap Create" NodeId="26" Parallel="true" PhysicalOp="Bitmap" EstimatedTotalSubtreeCost="0.470274">
                                                                                      <OutputList>
                                                                                        <ColumnReference Database="[servicetrax_dev]" Schema="[dbo]" Table="[CUSTOMERS]" Alias="[c]" Column="CUSTOMER_ID" />
                                                                                        <ColumnReference Database="[servicetrax_dev]" Schema="[dbo]" Table="[CUSTOMERS]" Alias="[c]" Column="EXT_DEALER_ID" />
                                                                                        <ColumnReference Database="[servicetrax_dev]" Schema="[dbo]" Table="[CUSTOMERS]" Alias="[c]" Column="EXT_CUSTOMER_ID" />
                                                                                        <ColumnReference Database="[servicetrax_dev]" Schema="[dbo]" Table="[CUSTOMERS]" Alias="[c]" Column="CUSTOMER_NAME" />
                                                                                        <ColumnReference Database="[servicetrax_dev]" Schema="[dbo]" Table="[CUSTOMERS]" Alias="[c]" Column="PARENT_CUSTOMER_ID" />
                                                                                        <ColumnReference Database="[servicetrax_dev]" Schema="[dbo]" Table="[CUSTOMERS]" Alias="[c]" Column="end_user_parent_id" />
                                                                                        <ColumnReference Database="[servicetrax_dev]" Schema="[dbo]" Table="[LOOKUPS]" Alias="[customer_type]" Column="CODE" />
                                                                                      </OutputList>
                                                                                      <RunTimeInformation>
                                                                                        <RunTimeCountersPerThread Thread="1" ActualRows="631" ActualEndOfScans="1" ActualExecutions="1" />
                                                                                        <RunTimeCountersPerThread Thread="4" ActualRows="597" ActualEndOfScans="1" ActualExecutions="1" />
                                                                                        <RunTimeCountersPerThread Thread="3" ActualRows="586" ActualEndOfScans="1" ActualExecutions="1" />
                                                                                        <RunTimeCountersPerThread Thread="2" ActualRows="623" ActualEndOfScans="1" ActualExecutions="1" />
                                                                                        <RunTimeCountersPerThread Thread="0" ActualRows="0" ActualEndOfScans="0" ActualExecutions="0" />
                                                                                      </RunTimeInformation>
                                                                                      <Bitmap>
                                                                                        <DefinedValues>
                                                                                          <DefinedValue>
                                                                                            <ColumnReference Column="Bitmap1049" />
                                                                                          </DefinedValue>
                                                                                        </DefinedValues>
                                                                                        <HashKeys>
                                                                                          <ColumnReference Database="[servicetrax_dev]" Schema="[dbo]" Table="[CUSTOMERS]" Alias="[c]" Column="CUSTOMER_ID" />
                                                                                        </HashKeys>
                                                                                        <RelOp AvgRowSize="94" EstimateCPU="0.0285113" EstimateIO="0" EstimateRebinds="0" EstimateRewinds="0" EstimateRows="2370.7" LogicalOp="Repartition Streams" NodeId="27" Parallel="true" PhysicalOp="Parallelism" EstimatedTotalSubtreeCost="0.470274">
                                                                                          <OutputList>
                                                                                            <ColumnReference Database="[servicetrax_dev]" Schema="[dbo]" Table="[CUSTOMERS]" Alias="[c]" Column="CUSTOMER_ID" />
                                                                                            <ColumnReference Database="[servicetrax_dev]" Schema="[dbo]" Table="[CUSTOMERS]" Alias="[c]" Column="EXT_DEALER_ID" />
                                                                                            <ColumnReference Database="[servicetrax_dev]" Schema="[dbo]" Table="[CUSTOMERS]" Alias="[c]" Column="EXT_CUSTOMER_ID" />
                                                                                            <ColumnReference Database="[servicetrax_dev]" Schema="[dbo]" Table="[CUSTOMERS]" Alias="[c]" Column="CUSTOMER_NAME" />
                                                                                            <ColumnReference Database="[servicetrax_dev]" Schema="[dbo]" Table="[CUSTOMERS]" Alias="[c]" Column="PARENT_CUSTOMER_ID" />
                                                                                            <ColumnReference Database="[servicetrax_dev]" Schema="[dbo]" Table="[CUSTOMERS]" Alias="[c]" Column="end_user_parent_id" />
                                                                                            <ColumnReference Database="[servicetrax_dev]" Schema="[dbo]" Table="[LOOKUPS]" Alias="[customer_type]" Column="CODE" />
                                                                                          </OutputList>
                                                                                          <RunTimeInformation>
                                                                                            <RunTimeCountersPerThread Thread="1" ActualRows="631" ActualEndOfScans="1" ActualExecutions="1" />
                                                                                            <RunTimeCountersPerThread Thread="3" ActualRows="586" ActualEndOfScans="1" ActualExecutions="1" />
                                                                                            <RunTimeCountersPerThread Thread="4" ActualRows="597" ActualEndOfScans="1" ActualExecutions="1" />
                                                                                            <RunTimeCountersPerThread Thread="2" ActualRows="623" ActualEndOfScans="1" ActualExecutions="1" />
                                                                                            <RunTimeCountersPerThread Thread="0" ActualRows="0" ActualEndOfScans="0" ActualExecutions="0" />
                                                                                          </RunTimeInformation>
                                                                                          <Parallelism PartitioningType="Hash">
                                                                                            <PartitionColumns>
                                                                                              <ColumnReference Database="[servicetrax_dev]" Schema="[dbo]" Table="[CUSTOMERS]" Alias="[c]" Column="CUSTOMER_ID" />
                                                                                            </PartitionColumns>
                                                                                            <RelOp AvgRowSize="94" EstimateCPU="0.0062235" EstimateIO="0" EstimateRebinds="0" EstimateRewinds="0" EstimateRows="2370.7" LogicalOp="Inner Join" NodeId="28" Parallel="true" PhysicalOp="Merge Join" EstimatedTotalSubtreeCost="0.441763">
                                                                                              <OutputList>
                                                                                                <ColumnReference Database="[servicetrax_dev]" Schema="[dbo]" Table="[CUSTOMERS]" Alias="[c]" Column="CUSTOMER_ID" />
                                                                                                <ColumnReference Database="[servicetrax_dev]" Schema="[dbo]" Table="[CUSTOMERS]" Alias="[c]" Column="EXT_DEALER_ID" />
                                                                                                <ColumnReference Database="[servicetrax_dev]" Schema="[dbo]" Table="[CUSTOMERS]" Alias="[c]" Column="EXT_CUSTOMER_ID" />
                                                                                                <ColumnReference Database="[servicetrax_dev]" Schema="[dbo]" Table="[CUSTOMERS]" Alias="[c]" Column="CUSTOMER_NAME" />
                                                                                                <ColumnReference Database="[servicetrax_dev]" Schema="[dbo]" Table="[CUSTOMERS]" Alias="[c]" Column="PARENT_CUSTOMER_ID" />
                                                                                                <ColumnReference Database="[servicetrax_dev]" Schema="[dbo]" Table="[CUSTOMERS]" Alias="[c]" Column="end_user_parent_id" />
                                                                                                <ColumnReference Database="[servicetrax_dev]" Schema="[dbo]" Table="[LOOKUPS]" Alias="[customer_type]" Column="CODE" />
                                                                                              </OutputList>
                                                                                              <RunTimeInformation>
                                                                                                <RunTimeCountersPerThread Thread="3" ActualRows="1723" ActualEndOfScans="1" ActualExecutions="1" />
                                                                                                <RunTimeCountersPerThread Thread="4" ActualRows="0" ActualEndOfScans="1" ActualExecutions="1" />
                                                                                                <RunTimeCountersPerThread Thread="1" ActualRows="711" ActualEndOfScans="1" ActualExecutions="1" />
                                                                                                <RunTimeCountersPerThread Thread="2" ActualRows="3" ActualEndOfScans="1" ActualExecutions="1" />
                                                                                                <RunTimeCountersPerThread Thread="0" ActualRows="0" ActualEndOfScans="0" ActualExecutions="0" />
                                                                                              </RunTimeInformation>
                                                                                              <Merge ManyToMany="false">
                                                                                                <InnerSideJoinColumns>
                                                                                                  <ColumnReference Database="[servicetrax_dev]" Schema="[dbo]" Table="[CUSTOMERS]" Alias="[c]" Column="customer_type_id" />
                                                                                                </InnerSideJoinColumns>
                                                                                                <OuterSideJoinColumns>
                                                                                                  <ColumnReference Database="[servicetrax_dev]" Schema="[dbo]" Table="[LOOKUPS]" Alias="[customer_type]" Column="LOOKUP_ID" />
                                                                                                </OuterSideJoinColumns>
                                                                                                <Residual>
                                                                                                  <ScalarOperator ScalarString="[servicetrax_dev].[dbo].[LOOKUPS].[LOOKUP_ID] as [customer_type].[LOOKUP_ID]=[servicetrax_dev].[dbo].[CUSTOMERS].[customer_type_id] as [c].[customer_type_id]">
                                                                                                    <Compare CompareOp="EQ">
                                                                                                      <ScalarOperator>
                                                                                                        <Identifier>
                                                                                                          <ColumnReference Database="[servicetrax_dev]" Schema="[dbo]" Table="[LOOKUPS]" Alias="[customer_type]" Column="LOOKUP_ID" />
                                                                                                        </Identifier>
                                                                                                      </ScalarOperator>
                                                                                                      <ScalarOperator>
                                                                                                        <Identifier>
                                                                                                          <ColumnReference Database="[servicetrax_dev]" Schema="[dbo]" Table="[CUSTOMERS]" Alias="[c]" Column="customer_type_id" />
                                                                                                        </Identifier>
                                                                                                      </ScalarOperator>
                                                                                                    </Compare>
                                                                                                  </ScalarOperator>
                                                                                                </Residual>
                                                                                                <RelOp AvgRowSize="27" EstimateCPU="0.0336231" EstimateIO="0" EstimateRebinds="0" EstimateRewinds="0" EstimateRows="720" LogicalOp="Repartition Streams" NodeId="29" Parallel="true" PhysicalOp="Parallelism" EstimatedTotalSubtreeCost="0.0394448">
                                                                                                  <OutputList>
                                                                                                    <ColumnReference Database="[servicetrax_dev]" Schema="[dbo]" Table="[LOOKUPS]" Alias="[customer_type]" Column="LOOKUP_ID" />
                                                                                                    <ColumnReference Database="[servicetrax_dev]" Schema="[dbo]" Table="[LOOKUPS]" Alias="[customer_type]" Column="CODE" />
                                                                                                  </OutputList>
                                                                                                  <RunTimeInformation>
                                                                                                    <RunTimeCountersPerThread Thread="3" ActualRows="167" ActualEndOfScans="0" ActualExecutions="1" />
                                                                                                    <RunTimeCountersPerThread Thread="4" ActualRows="1" ActualEndOfScans="0" ActualExecutions="1" />
                                                                                                    <RunTimeCountersPerThread Thread="1" ActualRows="177" ActualEndOfScans="0" ActualExecutions="1" />
                                                                                                    <RunTimeCountersPerThread Thread="2" ActualRows="14" ActualEndOfScans="0" ActualExecutions="1" />
                                                                                                    <RunTimeCountersPerThread Thread="0" ActualRows="0" ActualEndOfScans="0" ActualExecutions="0" />
                                                                                                  </RunTimeInformation>
                                                                                                  <Parallelism PartitioningType="Hash">
                                                                                                    <PartitionColumns>
                                                                                                      <ColumnReference Database="[servicetrax_dev]" Schema="[dbo]" Table="[LOOKUPS]" Alias="[customer_type]" Column="LOOKUP_ID" />
                                                                                                    </PartitionColumns>
                                                                                                    <OrderBy>
                                                                                                      <OrderByColumn Ascending="true">
                                                                                                        <ColumnReference Database="[servicetrax_dev]" Schema="[dbo]" Table="[LOOKUPS]" Alias="[customer_type]" Column="LOOKUP_ID" />
                                                                                                      </OrderByColumn>
                                                                                                    </OrderBy>
                                                                                                    <RelOp AvgRowSize="27" EstimateCPU="0.0004745" EstimateIO="0.00534722" EstimateRebinds="0" EstimateRewinds="0" EstimateRows="720" LogicalOp="Index Scan" NodeId="30" Parallel="true" PhysicalOp="Index Scan" EstimatedTotalSubtreeCost="0.00582172">
                                                                                                      <OutputList>
                                                                                                        <ColumnReference Database="[servicetrax_dev]" Schema="[dbo]" Table="[LOOKUPS]" Alias="[customer_type]" Column="LOOKUP_ID" />
                                                                                                        <ColumnReference Database="[servicetrax_dev]" Schema="[dbo]" Table="[LOOKUPS]" Alias="[customer_type]" Column="CODE" />
                                                                                                      </OutputList>
                                                                                                      <RunTimeInformation>
                                                                                                        <RunTimeCountersPerThread Thread="4" ActualRows="144" ActualEndOfScans="1" ActualExecutions="1" />
                                                                                                        <RunTimeCountersPerThread Thread="1" ActualRows="107" ActualEndOfScans="1" ActualExecutions="1" />
                                                                                                        <RunTimeCountersPerThread Thread="3" ActualRows="327" ActualEndOfScans="1" ActualExecutions="1" />
                                                                                                        <RunTimeCountersPerThread Thread="2" ActualRows="142" ActualEndOfScans="1" ActualExecutions="1" />
                                                                                                        <RunTimeCountersPerThread Thread="0" ActualRows="0" ActualEndOfScans="0" ActualExecutions="0" />
                                                                                                      </RunTimeInformation>
                                                                                                      <IndexScan Ordered="true" ScanDirection="FORWARD" ForcedIndex="false" NoExpandHint="false">
                                                                                                        <DefinedValues>
                                                                                                          <DefinedValue>
                                                                                                            <ColumnReference Database="[servicetrax_dev]" Schema="[dbo]" Table="[LOOKUPS]" Alias="[customer_type]" Column="LOOKUP_ID" />
                                                                                                          </DefinedValue>
                                                                                                          <DefinedValue>
                                                                                                            <ColumnReference Database="[servicetrax_dev]" Schema="[dbo]" Table="[LOOKUPS]" Alias="[customer_type]" Column="CODE" />
                                                                                                          </DefinedValue>
                                                                                                        </DefinedValues>
                                                                                                        <Object Database="[servicetrax_dev]" Schema="[dbo]" Table="[LOOKUPS]" Index="[IX_L_LID_CODE]" Alias="[customer_type]" />
                                                                                                      </IndexScan>
                                                                                                    </RelOp>
                                                                                                  </Parallelism>
                                                                                                </RelOp>
                                                                                                <RelOp AvgRowSize="94" EstimateCPU="0.0213432" EstimateIO="0.00563063" EstimateRebinds="0" EstimateRewinds="0" EstimateRows="2427.58" LogicalOp="Sort" NodeId="31" Parallel="true" PhysicalOp="Sort" EstimatedTotalSubtreeCost="0.396092">
                                                                                                  <OutputList>
                                                                                                    <ColumnReference Database="[servicetrax_dev]" Schema="[dbo]" Table="[CUSTOMERS]" Alias="[c]" Column="CUSTOMER_ID" />
                                                                                                    <ColumnReference Database="[servicetrax_dev]" Schema="[dbo]" Table="[CUSTOMERS]" Alias="[c]" Column="EXT_DEALER_ID" />
                                                                                                    <ColumnReference Database="[servicetrax_dev]" Schema="[dbo]" Table="[CUSTOMERS]" Alias="[c]" Column="EXT_CUSTOMER_ID" />
                                                                                                    <ColumnReference Database="[servicetrax_dev]" Schema="[dbo]" Table="[CUSTOMERS]" Alias="[c]" Column="CUSTOMER_NAME" />
                                                                                                    <ColumnReference Database="[servicetrax_dev]" Schema="[dbo]" Table="[CUSTOMERS]" Alias="[c]" Column="PARENT_CUSTOMER_ID" />
                                                                                                    <ColumnReference Database="[servicetrax_dev]" Schema="[dbo]" Table="[CUSTOMERS]" Alias="[c]" Column="customer_type_id" />
                                                                                                    <ColumnReference Database="[servicetrax_dev]" Schema="[dbo]" Table="[CUSTOMERS]" Alias="[c]" Column="end_user_parent_id" />
                                                                                                  </OutputList>
                                                                                                  <MemoryFractions Input="0.0305433" Output="0.0305433" />
                                                                                                  <RunTimeInformation>
                                                                                                    <RunTimeCountersPerThread Thread="3" ActualRebinds="1" ActualRewinds="0" ActualRows="1724" ActualEndOfScans="1" ActualExecutions="1" />
                                                                                                    <RunTimeCountersPerThread Thread="4" ActualRebinds="1" ActualRewinds="0" ActualRows="0" ActualEndOfScans="1" ActualExecutions="1" />
                                                                                                    <RunTimeCountersPerThread Thread="1" ActualRebinds="1" ActualRewinds="0" ActualRows="711" ActualEndOfScans="1" ActualExecutions="1" />
                                                                                                    <RunTimeCountersPerThread Thread="2" ActualRebinds="1" ActualRewinds="0" ActualRows="3" ActualEndOfScans="1" ActualExecutions="1" />
                                                                                                    <RunTimeCountersPerThread Thread="0" ActualRebinds="0" ActualRewinds="0" ActualRows="0" ActualEndOfScans="0" ActualExecutions="0" />
                                                                                                  </RunTimeInformation>
                                                                                                  <Sort Distinct="false">
                                                                                                    <OrderBy>
                                                                                                      <OrderByColumn Ascending="true">
                                                                                                        <ColumnReference Database="[servicetrax_dev]" Schema="[dbo]" Table="[CUSTOMERS]" Alias="[c]" Column="customer_type_id" />
                                                                                                      </OrderByColumn>
                                                                                                    </OrderBy>
                                                                                                    <RelOp AvgRowSize="94" EstimateCPU="0.0421779" EstimateIO="0" EstimateRebinds="0" EstimateRewinds="0" EstimateRows="2427.58" LogicalOp="Repartition Streams" NodeId="32" Parallel="true" PhysicalOp="Parallelism" EstimatedTotalSubtreeCost="0.369118">
                                                                                                      <OutputList>
                                                                                                        <ColumnReference Database="[servicetrax_dev]" Schema="[dbo]" Table="[CUSTOMERS]" Alias="[c]" Column="CUSTOMER_ID" />
                                                                                                        <ColumnReference Database="[servicetrax_dev]" Schema="[dbo]" Table="[CUSTOMERS]" Alias="[c]" Column="EXT_DEALER_ID" />
                                                                                                        <ColumnReference Database="[servicetrax_dev]" Schema="[dbo]" Table="[CUSTOMERS]" Alias="[c]" Column="EXT_CUSTOMER_ID" />
                                                                                                        <ColumnReference Database="[servicetrax_dev]" Schema="[dbo]" Table="[CUSTOMERS]" Alias="[c]" Column="CUSTOMER_NAME" />
                                                                                                        <ColumnReference Database="[servicetrax_dev]" Schema="[dbo]" Table="[CUSTOMERS]" Alias="[c]" Column="PARENT_CUSTOMER_ID" />
                                                                                                        <ColumnReference Database="[servicetrax_dev]" Schema="[dbo]" Table="[CUSTOMERS]" Alias="[c]" Column="customer_type_id" />
                                                                                                        <ColumnReference Database="[servicetrax_dev]" Schema="[dbo]" Table="[CUSTOMERS]" Alias="[c]" Column="end_user_parent_id" />
                                                                                                      </OutputList>
                                                                                                      <RunTimeInformation>
                                                                                                        <RunTimeCountersPerThread Thread="3" ActualRows="1724" ActualEndOfScans="1" ActualExecutions="1" />
                                                                                                        <RunTimeCountersPerThread Thread="4" ActualRows="0" ActualEndOfScans="1" ActualExecutions="1" />
                                                                                                        <RunTimeCountersPerThread Thread="1" ActualRows="711" ActualEndOfScans="1" ActualExecutions="1" />
                                                                                                        <RunTimeCountersPerThread Thread="2" ActualRows="3" ActualEndOfScans="1" ActualExecutions="1" />
                                                                                                        <RunTimeCountersPerThread Thread="0" ActualRows="0" ActualEndOfScans="0" ActualExecutions="0" />
                                                                                                      </RunTimeInformation>
                                                                                                      <Parallelism PartitioningType="Hash">
                                                                                                        <PartitionColumns>
                                                                                                          <ColumnReference Database="[servicetrax_dev]" Schema="[dbo]" Table="[CUSTOMERS]" Alias="[c]" Column="customer_type_id" />
                                                                                                        </PartitionColumns>
                                                                                                        <RelOp AvgRowSize="103" EstimateCPU="0.0083527" EstimateIO="0.314977" EstimateRebinds="0" EstimateRewinds="0" EstimateRows="2427.58" LogicalOp="Clustered Index Scan" NodeId="33" Parallel="true" PhysicalOp="Clustered Index Scan" EstimatedTotalSubtreeCost="0.32333">
                                                                                                          <OutputList>
                                                                                                            <ColumnReference Database="[servicetrax_dev]" Schema="[dbo]" Table="[CUSTOMERS]" Alias="[c]" Column="CUSTOMER_ID" />
                                                                                                            <ColumnReference Database="[servicetrax_dev]" Schema="[dbo]" Table="[CUSTOMERS]" Alias="[c]" Column="EXT_DEALER_ID" />
                                                                                                            <ColumnReference Database="[servicetrax_dev]" Schema="[dbo]" Table="[CUSTOMERS]" Alias="[c]" Column="EXT_CUSTOMER_ID" />
                                                                                                            <ColumnReference Database="[servicetrax_dev]" Schema="[dbo]" Table="[CUSTOMERS]" Alias="[c]" Column="CUSTOMER_NAME" />
                                                                                                            <ColumnReference Database="[servicetrax_dev]" Schema="[dbo]" Table="[CUSTOMERS]" Alias="[c]" Column="PARENT_CUSTOMER_ID" />
                                                                                                            <ColumnReference Database="[servicetrax_dev]" Schema="[dbo]" Table="[CUSTOMERS]" Alias="[c]" Column="customer_type_id" />
                                                                                                            <ColumnReference Database="[servicetrax_dev]" Schema="[dbo]" Table="[CUSTOMERS]" Alias="[c]" Column="end_user_parent_id" />
                                                                                                          </OutputList>
                                                                                                          <RunTimeInformation>
                                                                                                            <RunTimeCountersPerThread Thread="2" ActualRows="733" ActualEndOfScans="1" ActualExecutions="1" />
                                                                                                            <RunTimeCountersPerThread Thread="4" ActualRows="687" ActualEndOfScans="1" ActualExecutions="1" />
                                                                                                            <RunTimeCountersPerThread Thread="1" ActualRows="502" ActualEndOfScans="1" ActualExecutions="1" />
                                                                                                            <RunTimeCountersPerThread Thread="3" ActualRows="516" ActualEndOfScans="1" ActualExecutions="1" />
                                                                                                            <RunTimeCountersPerThread Thread="0" ActualRows="0" ActualEndOfScans="0" ActualExecutions="0" />
                                                                                                          </RunTimeInformation>
                                                                                                          <IndexScan Ordered="false" ForcedIndex="false" NoExpandHint="false">
                                                                                                            <DefinedValues>
                                                                                                              <DefinedValue>
                                                                                                                <ColumnReference Database="[servicetrax_dev]" Schema="[dbo]" Table="[CUSTOMERS]" Alias="[c]" Column="CUSTOMER_ID" />
                                                                                                              </DefinedValue>
                                                                                                              <DefinedValue>
                                                                                                                <ColumnReference Database="[servicetrax_dev]" Schema="[dbo]" Table="[CUSTOMERS]" Alias="[c]" Column="EXT_DEALER_ID" />
                                                                                                              </DefinedValue>
                                                                                                              <DefinedValue>
                                                                                                                <ColumnReference Database="[servicetrax_dev]" Schema="[dbo]" Table="[CUSTOMERS]" Alias="[c]" Column="EXT_CUSTOMER_ID" />
                                                                                                              </DefinedValue>
                                                                                                              <DefinedValue>
                                                                                                                <ColumnReference Database="[servicetrax_dev]" Schema="[dbo]" Table="[CUSTOMERS]" Alias="[c]" Column="CUSTOMER_NAME" />
                                                                                                              </DefinedValue>
                                                                                                              <DefinedValue>
                                                                                                                <ColumnReference Database="[servicetrax_dev]" Schema="[dbo]" Table="[CUSTOMERS]" Alias="[c]" Column="PARENT_CUSTOMER_ID" />
                                                                                                              </DefinedValue>
                                                                                                              <DefinedValue>
                                                                                                                <ColumnReference Database="[servicetrax_dev]" Schema="[dbo]" Table="[CUSTOMERS]" Alias="[c]" Column="customer_type_id" />
                                                                                                              </DefinedValue>
                                                                                                              <DefinedValue>
                                                                                                                <ColumnReference Database="[servicetrax_dev]" Schema="[dbo]" Table="[CUSTOMERS]" Alias="[c]" Column="end_user_parent_id" />
                                                                                                              </DefinedValue>
                                                                                                            </DefinedValues>
                                                                                                            <Object Database="[servicetrax_dev]" Schema="[dbo]" Table="[CUSTOMERS]" Index="[PK_CUSTOMERS]" Alias="[c]" />
                                                                                                            <Predicate>
                                                                                                              <ScalarOperator ScalarString="[servicetrax_dev].[dbo].[CUSTOMERS].[ORGANIZATION_ID] as [c].[ORGANIZATION_ID]=(2.)">
                                                                                                                <Compare CompareOp="EQ">
                                                                                                                  <ScalarOperator>
                                                                                                                    <Identifier>
                                                                                                                      <ColumnReference Database="[servicetrax_dev]" Schema="[dbo]" Table="[CUSTOMERS]" Alias="[c]" Column="ORGANIZATION_ID" />
                                                                                                                    </Identifier>
                                                                                                                  </ScalarOperator>
                                                                                                                  <ScalarOperator>
                                                                                                                    <Const ConstValue="(2.)" />
                                                                                                                  </ScalarOperator>
                                                                                                                </Compare>
                                                                                                              </ScalarOperator>
                                                                                                            </Predicate>
                                                                                                          </IndexScan>
                                                                                                        </RelOp>
                                                                                                      </Parallelism>
                                                                                                    </RelOp>
                                                                                                  </Sort>
                                                                                                </RelOp>
                                                                                              </Merge>
                                                                                            </RelOp>
                                                                                          </Parallelism>
                                                                                        </RelOp>
                                                                                      </Bitmap>
                                                                                    </RelOp>
                                                                                    <RelOp AvgRowSize="43" EstimateCPU="0.283504" EstimateIO="0" EstimateRebinds="0" EstimateRewinds="0" EstimateRows="80944" LogicalOp="Repartition Streams" NodeId="35" Parallel="true" PhysicalOp="Parallelism" EstimatedTotalSubtreeCost="1.35715">
                                                                                      <OutputList>
                                                                                        <ColumnReference Database="[servicetrax_dev]" Schema="[dbo]" Table="[PROJECTS]" Alias="[p]" Column="PROJECT_ID" />
                                                                                        <ColumnReference Database="[servicetrax_dev]" Schema="[dbo]" Table="[PROJECTS]" Alias="[p]" Column="CUSTOMER_ID" />
                                                                                        <ColumnReference Database="[servicetrax_dev]" Schema="[dbo]" Table="[PROJECTS]" Alias="[p]" Column="PROJECT_STATUS_TYPE_ID" />
                                                                                        <ColumnReference Database="[servicetrax_dev]" Schema="[dbo]" Table="[PROJECTS]" Alias="[p]" Column="end_user_id" />
                                                                                      </OutputList>
                                                                                      <RunTimeInformation>
                                                                                        <RunTimeCountersPerThread Thread="1" ActualRows="5219" ActualEndOfScans="1" ActualExecutions="1" />
                                                                                        <RunTimeCountersPerThread Thread="3" ActualRows="5667" ActualEndOfScans="1" ActualExecutions="1" />
                                                                                        <RunTimeCountersPerThread Thread="4" ActualRows="5729" ActualEndOfScans="1" ActualExecutions="1" />
                                                                                        <RunTimeCountersPerThread Thread="2" ActualRows="5605" ActualEndOfScans="1" ActualExecutions="1" />
                                                                                        <RunTimeCountersPerThread Thread="0" ActualRows="0" ActualEndOfScans="0" ActualExecutions="0" />
                                                                                      </RunTimeInformation>
                                                                                      <Parallelism PartitioningType="Hash">
                                                                                        <PartitionColumns>
                                                                                          <ColumnReference Database="[servicetrax_dev]" Schema="[dbo]" Table="[PROJECTS]" Alias="[p]" Column="CUSTOMER_ID" />
                                                                                        </PartitionColumns>
                                                                                        <ProbeColumn>
                                                                                          <ColumnReference Column="Bitmap1049" />
                                                                                        </ProbeColumn>
                                                                                        <RelOp AvgRowSize="43" EstimateCPU="0.0445977" EstimateIO="1.02905" EstimateRebinds="0" EstimateRewinds="0" EstimateRows="80944" LogicalOp="Clustered Index Scan" NodeId="36" Parallel="true" PhysicalOp="Clustered Index Scan" EstimatedTotalSubtreeCost="1.07365">
                                                                                          <OutputList>
                                                                                            <ColumnReference Database="[servicetrax_dev]" Schema="[dbo]" Table="[PROJECTS]" Alias="[p]" Column="PROJECT_ID" />
                                                                                            <ColumnReference Database="[servicetrax_dev]" Schema="[dbo]" Table="[PROJECTS]" Alias="[p]" Column="CUSTOMER_ID" />
                                                                                            <ColumnReference Database="[servicetrax_dev]" Schema="[dbo]" Table="[PROJECTS]" Alias="[p]" Column="PROJECT_STATUS_TYPE_ID" />
                                                                                            <ColumnReference Database="[servicetrax_dev]" Schema="[dbo]" Table="[PROJECTS]" Alias="[p]" Column="end_user_id" />
                                                                                          </OutputList>
                                                                                          <RunTimeInformation>
                                                                                            <RunTimeCountersPerThread Thread="4" ActualRows="30802" ActualEndOfScans="1" ActualExecutions="1" />
                                                                                            <RunTimeCountersPerThread Thread="2" ActualRows="14861" ActualEndOfScans="1" ActualExecutions="1" />
                                                                                            <RunTimeCountersPerThread Thread="1" ActualRows="16705" ActualEndOfScans="1" ActualExecutions="1" />
                                                                                            <RunTimeCountersPerThread Thread="3" ActualRows="18576" ActualEndOfScans="1" ActualExecutions="1" />
                                                                                            <RunTimeCountersPerThread Thread="0" ActualRows="0" ActualEndOfScans="0" ActualExecutions="0" />
                                                                                          </RunTimeInformation>
                                                                                          <IndexScan Ordered="false" ForcedIndex="false" NoExpandHint="false">
                                                                                            <DefinedValues>
                                                                                              <DefinedValue>
                                                                                                <ColumnReference Database="[servicetrax_dev]" Schema="[dbo]" Table="[PROJECTS]" Alias="[p]" Column="PROJECT_ID" />
                                                                                              </DefinedValue>
                                                                                              <DefinedValue>
                                                                                                <ColumnReference Database="[servicetrax_dev]" Schema="[dbo]" Table="[PROJECTS]" Alias="[p]" Column="CUSTOMER_ID" />
                                                                                              </DefinedValue>
                                                                                              <DefinedValue>
                                                                                                <ColumnReference Database="[servicetrax_dev]" Schema="[dbo]" Table="[PROJECTS]" Alias="[p]" Column="PROJECT_STATUS_TYPE_ID" />
                                                                                              </DefinedValue>
                                                                                              <DefinedValue>
                                                                                                <ColumnReference Database="[servicetrax_dev]" Schema="[dbo]" Table="[PROJECTS]" Alias="[p]" Column="end_user_id" />
                                                                                              </DefinedValue>
                                                                                            </DefinedValues>
                                                                                            <Object Database="[servicetrax_dev]" Schema="[dbo]" Table="[PROJECTS]" Index="[PK_PROJECTS]" Alias="[p]" />
                                                                                          </IndexScan>
                                                                                        </RelOp>
                                                                                      </Parallelism>
                                                                                    </RelOp>
                                                                                  </Hash>
                                                                                </RelOp>
                                                                              </Parallelism>
                                                                            </RelOp>
                                                                          </Hash>
                                                                        </RelOp>
                                                                      </Parallelism>
                                                                    </RelOp>
                                                                  </Hash>
                                                                </RelOp>
                                                              </Parallelism>
                                                            </RelOp>
                                                          </Hash>
                                                        </RelOp>
                                                      </Parallelism>
                                                    </RelOp>
                                                    <RelOp AvgRowSize="61" EstimateCPU="0.512573" EstimateIO="0" EstimateRebinds="0" EstimateRewinds="0" EstimateRows="154248" LogicalOp="Repartition Streams" NodeId="41" Parallel="true" PhysicalOp="Parallelism" EstimatedTotalSubtreeCost="21.7041">
                                                      <OutputList>
                                                        <ColumnReference Database="[servicetrax_dev]" Schema="[dbo]" Table="[INVOICES]" Alias="[i]" Column="INVOICE_ID" />
                                                        <ColumnReference Database="[servicetrax_dev]" Schema="[dbo]" Table="[INVOICES]" Alias="[i]" Column="INVOICE_TYPE_ID" />
                                                        <ColumnReference Database="[servicetrax_dev]" Schema="[dbo]" Table="[INVOICES]" Alias="[i]" Column="JOB_ID" />
                                                        <ColumnReference Database="[servicetrax_dev]" Schema="[dbo]" Table="[INVOICE_STATUSES]" Alias="[ist]" Column="NAME" />
                                                        <ColumnReference Column="Expr1030" />
                                                      </OutputList>
                                                      <RunTimeInformation>
                                                        <RunTimeCountersPerThread Thread="4" ActualRows="32981" ActualEndOfScans="1" ActualExecutions="1" />
                                                        <RunTimeCountersPerThread Thread="1" ActualRows="28123" ActualEndOfScans="1" ActualExecutions="1" />
                                                        <RunTimeCountersPerThread Thread="2" ActualRows="31498" ActualEndOfScans="1" ActualExecutions="1" />
                                                        <RunTimeCountersPerThread Thread="3" ActualRows="27025" ActualEndOfScans="1" ActualExecutions="1" />
                                                        <RunTimeCountersPerThread Thread="0" ActualRows="0" ActualEndOfScans="0" ActualExecutions="0" />
                                                      </RunTimeInformation>
                                                      <Parallelism PartitioningType="Hash">
                                                        <PartitionColumns>
                                                          <ColumnReference Database="[servicetrax_dev]" Schema="[dbo]" Table="[INVOICES]" Alias="[i]" Column="JOB_ID" />
                                                        </PartitionColumns>
                                                        <RelOp AvgRowSize="61" EstimateCPU="2.23579" EstimateIO="0" EstimateRebinds="0" EstimateRewinds="0" EstimateRows="154248" LogicalOp="Right Outer Join" NodeId="42" Parallel="true" PhysicalOp="Hash Match" EstimatedTotalSubtreeCost="21.1915">
                                                          <OutputList>
                                                            <ColumnReference Database="[servicetrax_dev]" Schema="[dbo]" Table="[INVOICES]" Alias="[i]" Column="INVOICE_ID" />
                                                            <ColumnReference Database="[servicetrax_dev]" Schema="[dbo]" Table="[INVOICES]" Alias="[i]" Column="INVOICE_TYPE_ID" />
                                                            <ColumnReference Database="[servicetrax_dev]" Schema="[dbo]" Table="[INVOICES]" Alias="[i]" Column="JOB_ID" />
                                                            <ColumnReference Database="[servicetrax_dev]" Schema="[dbo]" Table="[INVOICE_STATUSES]" Alias="[ist]" Column="NAME" />
                                                            <ColumnReference Column="Expr1030" />
                                                          </OutputList>
                                                          <MemoryFractions Input="0.524714" Output="0.523216" />
                                                          <RunTimeInformation>
                                                            <RunTimeCountersPerThread Thread="4" ActualRows="29804" ActualEndOfScans="1" ActualExecutions="1" />
                                                            <RunTimeCountersPerThread Thread="1" ActualRows="30037" ActualEndOfScans="1" ActualExecutions="1" />
                                                            <RunTimeCountersPerThread Thread="3" ActualRows="29787" ActualEndOfScans="1" ActualExecutions="1" />
                                                            <RunTimeCountersPerThread Thread="2" ActualRows="29999" ActualEndOfScans="1" ActualExecutions="1" />
                                                            <RunTimeCountersPerThread Thread="0" ActualRows="0" ActualEndOfScans="0" ActualExecutions="0" />
                                                          </RunTimeInformation>
                                                          <Hash>
                                                            <DefinedValues />
                                                            <HashKeysBuild>
                                                              <ColumnReference Database="[servicetrax_dev]" Schema="[dbo]" Table="[INVOICES]" Column="INVOICE_ID" />
                                                            </HashKeysBuild>
                                                            <HashKeysProbe>
                                                              <ColumnReference Database="[servicetrax_dev]" Schema="[dbo]" Table="[INVOICES]" Alias="[i]" Column="INVOICE_ID" />
                                                            </HashKeysProbe>
                                                            <ProbeResidual>
                                                              <ScalarOperator ScalarString="[servicetrax_dev].[dbo].[INVOICES].[INVOICE_ID] as [i].[INVOICE_ID]=[servicetrax_dev].[dbo].[INVOICES].[INVOICE_ID]">
                                                                <Compare CompareOp="EQ">
                                                                  <ScalarOperator>
                                                                    <Identifier>
                                                                      <ColumnReference Database="[servicetrax_dev]" Schema="[dbo]" Table="[INVOICES]" Alias="[i]" Column="INVOICE_ID" />
                                                                    </Identifier>
                                                                  </ScalarOperator>
                                                                  <ScalarOperator>
                                                                    <Identifier>
                                                                      <ColumnReference Database="[servicetrax_dev]" Schema="[dbo]" Table="[INVOICES]" Column="INVOICE_ID" />
                                                                    </Identifier>
                                                                  </ScalarOperator>
                                                                </Compare>
                                                              </ScalarOperator>
                                                            </ProbeResidual>
                                                            <RelOp AvgRowSize="33" EstimateCPU="0.00608058" EstimateIO="0" EstimateRebinds="0" EstimateRewinds="0" EstimateRows="121612" LogicalOp="Compute Scalar" NodeId="43" Parallel="true" PhysicalOp="Compute Scalar" EstimatedTotalSubtreeCost="12.5462">
                                                              <OutputList>
                                                                <ColumnReference Database="[servicetrax_dev]" Schema="[dbo]" Table="[INVOICES]" Column="INVOICE_ID" />
                                                                <ColumnReference Column="Expr1030" />
                                                              </OutputList>
                                                              <ComputeScalar>
                                                                <DefinedValues>
                                                                  <DefinedValue>
                                                                    <ColumnReference Column="Expr1030" />
                                                                    <ScalarOperator ScalarString="[Expr1030]">
                                                                      <Identifier>
                                                                        <ColumnReference Column="Expr1030" />
                                                                      </Identifier>
                                                                    </ScalarOperator>
                                                                  </DefinedValue>
                                                                </DefinedValues>
                                                                <RelOp AvgRowSize="33" EstimateCPU="0.310928" EstimateIO="0" EstimateRebinds="0" EstimateRewinds="0" EstimateRows="121612" LogicalOp="Repartition Streams" NodeId="44" Parallel="true" PhysicalOp="Parallelism" EstimatedTotalSubtreeCost="12.5401">
                                                                  <OutputList>
                                                                    <ColumnReference Database="[servicetrax_dev]" Schema="[dbo]" Table="[INVOICES]" Column="INVOICE_ID" />
                                                                    <ColumnReference Column="Expr1030" />
                                                                  </OutputList>
                                                                  <RunTimeInformation>
                                                                    <RunTimeCountersPerThread Thread="1" ActualRows="30037" ActualEndOfScans="1" ActualExecutions="1" />
                                                                    <RunTimeCountersPerThread Thread="4" ActualRows="29804" ActualEndOfScans="1" ActualExecutions="1" />
                                                                    <RunTimeCountersPerThread Thread="3" ActualRows="29787" ActualEndOfScans="1" ActualExecutions="1" />
                                                                    <RunTimeCountersPerThread Thread="2" ActualRows="29999" ActualEndOfScans="1" ActualExecutions="1" />
                                                                    <RunTimeCountersPerThread Thread="0" ActualRows="0" ActualEndOfScans="0" ActualExecutions="0" />
                                                                  </RunTimeInformation>
                                                                  <Parallelism PartitioningType="Hash">
                                                                    <PartitionColumns>
                                                                      <ColumnReference Database="[servicetrax_dev]" Schema="[dbo]" Table="[INVOICES]" Column="INVOICE_ID" />
                                                                    </PartitionColumns>
                                                                    <RelOp AvgRowSize="33" EstimateCPU="3.59132" EstimateIO="0" EstimateRebinds="0" EstimateRewinds="0" EstimateRows="121612" LogicalOp="Aggregate" NodeId="45" Parallel="true" PhysicalOp="Hash Match" EstimatedTotalSubtreeCost="12.2292">
                                                                      <OutputList>
                                                                        <ColumnReference Database="[servicetrax_dev]" Schema="[dbo]" Table="[INVOICES]" Column="INVOICE_ID" />
                                                                        <ColumnReference Column="Expr1030" />
                                                                      </OutputList>
                                                                      <MemoryFractions Input="0.295229" Output="0.255124" />
                                                                      <RunTimeInformation>
                                                                        <RunTimeCountersPerThread Thread="1" ActualRows="30100" ActualEndOfScans="1" ActualExecutions="1" />
                                                                        <RunTimeCountersPerThread Thread="3" ActualRows="29979" ActualEndOfScans="1" ActualExecutions="1" />
                                                                        <RunTimeCountersPerThread Thread="4" ActualRows="29804" ActualEndOfScans="1" ActualExecutions="1" />
                                                                        <RunTimeCountersPerThread Thread="2" ActualRows="29744" ActualEndOfScans="1" ActualExecutions="1" />
                                                                        <RunTimeCountersPerThread Thread="0" ActualRows="0" ActualEndOfScans="0" ActualExecutions="0" />
                                                                      </RunTimeInformation>
                                                                      <Hash>
                                                                        <DefinedValues>
                                                                          <DefinedValue>
                                                                            <ColumnReference Column="Expr1030" />
                                                                            <ScalarOperator ScalarString="SUM([Expr1045])">
                                                                              <Aggregate AggType="SUM" Distinct="false">
                                                                                <ScalarOperator>
                                                                                  <Identifier>
                                                                                    <ColumnReference Column="Expr1045" />
                                                                                  </Identifier>
                                                                                </ScalarOperator>
                                                                              </Aggregate>
                                                                            </ScalarOperator>
                                                                          </DefinedValue>
                                                                        </DefinedValues>
                                                                        <HashKeysBuild>
                                                                          <ColumnReference Database="[servicetrax_dev]" Schema="[dbo]" Table="[INVOICES]" Column="INVOICE_ID" />
                                                                          <ColumnReference Database="[servicetrax_dev]" Schema="[dbo]" Table="[LOOKUPS]" Column="CODE" />
                                                                        </HashKeysBuild>
                                                                        <BuildResidual>
                                                                          <ScalarOperator ScalarString="[servicetrax_dev].[dbo].[INVOICES].[INVOICE_ID] = [servicetrax_dev].[dbo].[INVOICES].[INVOICE_ID] AND [servicetrax_dev].[dbo].[LOOKUPS].[CODE] = [servicetrax_dev].[dbo].[LOOKUPS].[CODE]">
                                                                            <Logical Operation="AND">
                                                                              <ScalarOperator>
                                                                                <Compare CompareOp="IS">
                                                                                  <ScalarOperator>
                                                                                    <Identifier>
                                                                                      <ColumnReference Database="[servicetrax_dev]" Schema="[dbo]" Table="[INVOICES]" Column="INVOICE_ID" />
                                                                                    </Identifier>
                                                                                  </ScalarOperator>
                                                                                  <ScalarOperator>
                                                                                    <Identifier>
                                                                                      <ColumnReference Database="[servicetrax_dev]" Schema="[dbo]" Table="[INVOICES]" Column="INVOICE_ID" />
                                                                                    </Identifier>
                                                                                  </ScalarOperator>
                                                                                </Compare>
                                                                              </ScalarOperator>
                                                                              <ScalarOperator>
                                                                                <Compare CompareOp="IS">
                                                                                  <ScalarOperator>
                                                                                    <Identifier>
                                                                                      <ColumnReference Database="[servicetrax_dev]" Schema="[dbo]" Table="[LOOKUPS]" Column="CODE" />
                                                                                    </Identifier>
                                                                                  </ScalarOperator>
                                                                                  <ScalarOperator>
                                                                                    <Identifier>
                                                                                      <ColumnReference Database="[servicetrax_dev]" Schema="[dbo]" Table="[LOOKUPS]" Column="CODE" />
                                                                                    </Identifier>
                                                                                  </ScalarOperator>
                                                                                </Compare>
                                                                              </ScalarOperator>
                                                                            </Logical>
                                                                          </ScalarOperator>
                                                                        </BuildResidual>
                                                                        <RelOp AvgRowSize="44" EstimateCPU="0.0120302" EstimateIO="0" EstimateRebinds="0" EstimateRewinds="0" EstimateRows="240604" LogicalOp="Compute Scalar" NodeId="46" Parallel="true" PhysicalOp="Compute Scalar" EstimatedTotalSubtreeCost="8.6379">
                                                                          <OutputList>
                                                                            <ColumnReference Database="[servicetrax_dev]" Schema="[dbo]" Table="[LOOKUPS]" Column="CODE" />
                                                                            <ColumnReference Database="[servicetrax_dev]" Schema="[dbo]" Table="[INVOICES]" Column="INVOICE_ID" />
                                                                            <ColumnReference Column="Expr1045" />
                                                                          </OutputList>
                                                                          <ComputeScalar>
                                                                            <DefinedValues>
                                                                              <DefinedValue>
                                                                                <ColumnReference Column="Expr1045" />
                                                                                <ScalarOperator ScalarString="isnull([servicetrax_dev].[dbo].[INVOICE_LINES].[UNIT_PRICE],(0.00))*isnull([servicetrax_dev].[dbo].[INVOICE_LINES].[QTY],(0.00))">
                                                                                  <Arithmetic Operation="MULT">
                                                                                    <ScalarOperator>
                                                                                      <Intrinsic FunctionName="isnull">
                                                                                        <ScalarOperator>
                                                                                          <Identifier>
                                                                                            <ColumnReference Database="[servicetrax_dev]" Schema="[dbo]" Table="[INVOICE_LINES]" Column="UNIT_PRICE" />
                                                                                          </Identifier>
                                                                                        </ScalarOperator>
                                                                                        <ScalarOperator>
                                                                                          <Const ConstValue="(0.00)" />
                                                                                        </ScalarOperator>
                                                                                      </Intrinsic>
                                                                                    </ScalarOperator>
                                                                                    <ScalarOperator>
                                                                                      <Intrinsic FunctionName="isnull">
                                                                                        <ScalarOperator>
                                                                                          <Identifier>
                                                                                            <ColumnReference Database="[servicetrax_dev]" Schema="[dbo]" Table="[INVOICE_LINES]" Column="QTY" />
                                                                                          </Identifier>
                                                                                        </ScalarOperator>
                                                                                        <ScalarOperator>
                                                                                          <Const ConstValue="(0.00)" />
                                                                                        </ScalarOperator>
                                                                                      </Intrinsic>
                                                                                    </ScalarOperator>
                                                                                  </Arithmetic>
                                                                                </ScalarOperator>
                                                                              </DefinedValue>
                                                                            </DefinedValues>
                                                                            <RelOp AvgRowSize="49" EstimateCPU="0.943848" EstimateIO="0" EstimateRebinds="0" EstimateRewinds="0" EstimateRows="240604" LogicalOp="Repartition Streams" NodeId="47" Parallel="true" PhysicalOp="Parallelism" EstimatedTotalSubtreeCost="8.62587">
                                                                              <OutputList>
                                                                                <ColumnReference Database="[servicetrax_dev]" Schema="[dbo]" Table="[LOOKUPS]" Column="CODE" />
                                                                                <ColumnReference Database="[servicetrax_dev]" Schema="[dbo]" Table="[INVOICE_LINES]" Column="UNIT_PRICE" />
                                                                                <ColumnReference Database="[servicetrax_dev]" Schema="[dbo]" Table="[INVOICE_LINES]" Column="QTY" />
                                                                                <ColumnReference Database="[servicetrax_dev]" Schema="[dbo]" Table="[INVOICES]" Column="INVOICE_ID" />
                                                                              </OutputList>
                                                                              <RunTimeInformation>
                                                                                <RunTimeCountersPerThread Thread="1" ActualRows="54991" ActualEndOfScans="1" ActualExecutions="1" />
                                                                                <RunTimeCountersPerThread Thread="3" ActualRows="55204" ActualEndOfScans="1" ActualExecutions="1" />
                                                                                <RunTimeCountersPerThread Thread="4" ActualRows="54369" ActualEndOfScans="1" ActualExecutions="1" />
                                                                                <RunTimeCountersPerThread Thread="2" ActualRows="54505" ActualEndOfScans="1" ActualExecutions="1" />
                                                                                <RunTimeCountersPerThread Thread="0" ActualRows="0" ActualEndOfScans="0" ActualExecutions="0" />
                                                                              </RunTimeInformation>
                                                                              <Parallelism PartitioningType="Hash">
                                                                                <PartitionColumns>
                                                                                  <ColumnReference Database="[servicetrax_dev]" Schema="[dbo]" Table="[INVOICES]" Column="INVOICE_ID" />
                                                                                  <ColumnReference Database="[servicetrax_dev]" Schema="[dbo]" Table="[LOOKUPS]" Column="CODE" />
                                                                                </PartitionColumns>
                                                                                <RelOp AvgRowSize="49" EstimateCPU="1.96824" EstimateIO="0" EstimateRebinds="0" EstimateRewinds="0" EstimateRows="240604" LogicalOp="Left Outer Join" NodeId="48" Parallel="true" PhysicalOp="Hash Match" EstimatedTotalSubtreeCost="7.68202">
                                                                                  <OutputList>
                                                                                    <ColumnReference Database="[servicetrax_dev]" Schema="[dbo]" Table="[LOOKUPS]" Column="CODE" />
                                                                                    <ColumnReference Database="[servicetrax_dev]" Schema="[dbo]" Table="[INVOICE_LINES]" Column="UNIT_PRICE" />
                                                                                    <ColumnReference Database="[servicetrax_dev]" Schema="[dbo]" Table="[INVOICE_LINES]" Column="QTY" />
                                                                                    <ColumnReference Database="[servicetrax_dev]" Schema="[dbo]" Table="[INVOICES]" Column="INVOICE_ID" />
                                                                                  </OutputList>
                                                                                  <MemoryFractions Input="0.768051" Output="0.477284" />
                                                                                  <RunTimeInformation>
                                                                                    <RunTimeCountersPerThread Thread="4" ActualRows="54553" ActualEndOfScans="1" ActualExecutions="1" />
                                                                                    <RunTimeCountersPerThread Thread="1" ActualRows="55041" ActualEndOfScans="1" ActualExecutions="1" />
                                                                                    <RunTimeCountersPerThread Thread="3" ActualRows="54734" ActualEndOfScans="1" ActualExecutions="1" />
                                                                                    <RunTimeCountersPerThread Thread="2" ActualRows="54741" ActualEndOfScans="1" ActualExecutions="1" />
                                                                                    <RunTimeCountersPerThread Thread="0" ActualRows="0" ActualEndOfScans="0" ActualExecutions="0" />
                                                                                  </RunTimeInformation>
                                                                                  <Hash>
                                                                                    <DefinedValues />
                                                                                    <HashKeysBuild>
                                                                                      <ColumnReference Database="[servicetrax_dev]" Schema="[dbo]" Table="[INVOICES]" Column="INVOICE_ID" />
                                                                                    </HashKeysBuild>
                                                                                    <HashKeysProbe>
                                                                                      <ColumnReference Database="[servicetrax_dev]" Schema="[dbo]" Table="[INVOICE_LINES]" Column="INVOICE_ID" />
                                                                                    </HashKeysProbe>
                                                                                    <ProbeResidual>
                                                                                      <ScalarOperator ScalarString="[servicetrax_dev].[dbo].[INVOICE_LINES].[INVOICE_ID]=[servicetrax_dev].[dbo].[INVOICES].[INVOICE_ID]">
                                                                                        <Compare CompareOp="EQ">
                                                                                          <ScalarOperator>
                                                                                            <Identifier>
                                                                                              <ColumnReference Database="[servicetrax_dev]" Schema="[dbo]" Table="[INVOICE_LINES]" Column="INVOICE_ID" />
                                                                                            </Identifier>
                                                                                          </ScalarOperator>
                                                                                          <ScalarOperator>
                                                                                            <Identifier>
                                                                                              <ColumnReference Database="[servicetrax_dev]" Schema="[dbo]" Table="[INVOICES]" Column="INVOICE_ID" />
                                                                                            </Identifier>
                                                                                          </ScalarOperator>
                                                                                        </Compare>
                                                                                      </ScalarOperator>
                                                                                    </ProbeResidual>
                                                                                    <RelOp AvgRowSize="16" EstimateCPU="0.202764" EstimateIO="0" EstimateRebinds="0" EstimateRewinds="0" EstimateRows="116613" LogicalOp="Repartition Streams" NodeId="49" Parallel="true" PhysicalOp="Parallelism" EstimatedTotalSubtreeCost="0.518252">
                                                                                      <OutputList>
                                                                                        <ColumnReference Database="[servicetrax_dev]" Schema="[dbo]" Table="[INVOICES]" Column="INVOICE_ID" />
                                                                                      </OutputList>
                                                                                      <RunTimeInformation>
                                                                                        <RunTimeCountersPerThread Thread="1" ActualRows="29261" ActualEndOfScans="1" ActualExecutions="1" />
                                                                                        <RunTimeCountersPerThread Thread="2" ActualRows="29236" ActualEndOfScans="1" ActualExecutions="1" />
                                                                                        <RunTimeCountersPerThread Thread="3" ActualRows="29112" ActualEndOfScans="1" ActualExecutions="1" />
                                                                                        <RunTimeCountersPerThread Thread="4" ActualRows="29004" ActualEndOfScans="1" ActualExecutions="1" />
                                                                                        <RunTimeCountersPerThread Thread="0" ActualRows="0" ActualEndOfScans="0" ActualExecutions="0" />
                                                                                      </RunTimeInformation>
                                                                                      <Parallelism PartitioningType="Hash">
                                                                                        <PartitionColumns>
                                                                                          <ColumnReference Database="[servicetrax_dev]" Schema="[dbo]" Table="[INVOICES]" Column="INVOICE_ID" />
                                                                                        </PartitionColumns>
                                                                                        <RelOp AvgRowSize="16" EstimateCPU="0.0642156" EstimateIO="0.251273" EstimateRebinds="0" EstimateRewinds="0" EstimateRows="116613" LogicalOp="Index Scan" NodeId="50" Parallel="true" PhysicalOp="Index Scan" EstimatedTotalSubtreeCost="0.315489">
                                                                                          <OutputList>
                                                                                            <ColumnReference Database="[servicetrax_dev]" Schema="[dbo]" Table="[INVOICES]" Column="INVOICE_ID" />
                                                                                          </OutputList>
                                                                                          <RunTimeInformation>
                                                                                            <RunTimeCountersPerThread Thread="1" ActualRows="29855" ActualEndOfScans="1" ActualExecutions="1" />
                                                                                            <RunTimeCountersPerThread Thread="4" ActualRows="31234" ActualEndOfScans="1" ActualExecutions="1" />
                                                                                            <RunTimeCountersPerThread Thread="3" ActualRows="28829" ActualEndOfScans="1" ActualExecutions="1" />
                                                                                            <RunTimeCountersPerThread Thread="2" ActualRows="26695" ActualEndOfScans="1" ActualExecutions="1" />
                                                                                            <RunTimeCountersPerThread Thread="0" ActualRows="0" ActualEndOfScans="0" ActualExecutions="0" />
                                                                                          </RunTimeInformation>
                                                                                          <IndexScan Ordered="false" ForcedIndex="false" NoExpandHint="false">
                                                                                            <DefinedValues>
                                                                                              <DefinedValue>
                                                                                                <ColumnReference Database="[servicetrax_dev]" Schema="[dbo]" Table="[INVOICES]" Column="INVOICE_ID" />
                                                                                              </DefinedValue>
                                                                                            </DefinedValues>
                                                                                            <Object Database="[servicetrax_dev]" Schema="[dbo]" Table="[INVOICES]" Index="[IX_I_JOBS]" />
                                                                                          </IndexScan>
                                                                                        </RelOp>
                                                                                      </Parallelism>
                                                                                    </RelOp>
                                                                                    <RelOp AvgRowSize="49" EstimateCPU="0.0285067" EstimateIO="0" EstimateRebinds="0" EstimateRewinds="0" EstimateRows="218731" LogicalOp="Repartition Streams" NodeId="51" Parallel="true" PhysicalOp="Parallelism" EstimatedTotalSubtreeCost="5.19552">
                                                                                      <OutputList>
                                                                                        <ColumnReference Database="[servicetrax_dev]" Schema="[dbo]" Table="[LOOKUPS]" Column="CODE" />
                                                                                        <ColumnReference Database="[servicetrax_dev]" Schema="[dbo]" Table="[INVOICE_LINES]" Column="INVOICE_ID" />
                                                                                        <ColumnReference Database="[servicetrax_dev]" Schema="[dbo]" Table="[INVOICE_LINES]" Column="UNIT_PRICE" />
                                                                                        <ColumnReference Database="[servicetrax_dev]" Schema="[dbo]" Table="[INVOICE_LINES]" Column="QTY" />
                                                                                      </OutputList>
                                                                                      <RunTimeInformation>
                                                                                        <RunTimeCountersPerThread Thread="1" ActualRows="54955" ActualEndOfScans="1" ActualExecutions="1" />
                                                                                        <RunTimeCountersPerThread Thread="3" ActualRows="54652" ActualEndOfScans="1" ActualExecutions="1" />
                                                                                        <RunTimeCountersPerThread Thread="2" ActualRows="54650" ActualEndOfScans="1" ActualExecutions="1" />
                                                                                        <RunTimeCountersPerThread Thread="4" ActualRows="54474" ActualEndOfScans="1" ActualExecutions="1" />
                                                                                        <RunTimeCountersPerThread Thread="0" ActualRows="0" ActualEndOfScans="0" ActualExecutions="0" />
                                                                                      </RunTimeInformation>
                                                                                      <Parallelism PartitioningType="Hash">
                                                                                        <PartitionColumns>
                                                                                          <ColumnReference Database="[servicetrax_dev]" Schema="[dbo]" Table="[INVOICE_LINES]" Column="INVOICE_ID" />
                                                                                        </PartitionColumns>
                                                                                        <RelOp AvgRowSize="49" EstimateCPU="1.21322" EstimateIO="0" EstimateRebinds="0" EstimateRewinds="0" EstimateRows="218731" LogicalOp="Right Outer Join" NodeId="52" Parallel="true" PhysicalOp="Hash Match" EstimatedTotalSubtreeCost="5.16701">
                                                                                          <OutputList>
                                                                                            <ColumnReference Database="[servicetrax_dev]" Schema="[dbo]" Table="[LOOKUPS]" Column="CODE" />
                                                                                            <ColumnReference Database="[servicetrax_dev]" Schema="[dbo]" Table="[INVOICE_LINES]" Column="INVOICE_ID" />
                                                                                            <ColumnReference Database="[servicetrax_dev]" Schema="[dbo]" Table="[INVOICE_LINES]" Column="UNIT_PRICE" />
                                                                                            <ColumnReference Database="[servicetrax_dev]" Schema="[dbo]" Table="[INVOICE_LINES]" Column="QTY" />
                                                                                          </OutputList>
                                                                                          <MemoryFractions Input="0.011786" Output="0.00732405" />
                                                                                          <RunTimeInformation>
                                                                                            <RunTimeCountersPerThread Thread="1" ActualRows="0" ActualEndOfScans="1" ActualExecutions="1" />
                                                                                            <RunTimeCountersPerThread Thread="3" ActualRows="0" ActualEndOfScans="1" ActualExecutions="1" />
                                                                                            <RunTimeCountersPerThread Thread="4" ActualRows="218731" ActualEndOfScans="1" ActualExecutions="1" />
                                                                                            <RunTimeCountersPerThread Thread="2" ActualRows="0" ActualEndOfScans="1" ActualExecutions="1" />
                                                                                            <RunTimeCountersPerThread Thread="0" ActualRows="0" ActualEndOfScans="0" ActualExecutions="0" />
                                                                                          </RunTimeInformation>
                                                                                          <Hash>
                                                                                            <DefinedValues />
                                                                                            <HashKeysBuild>
                                                                                              <ColumnReference Database="[servicetrax_dev]" Schema="[dbo]" Table="[LOOKUPS]" Column="LOOKUP_ID" />
                                                                                            </HashKeysBuild>
                                                                                            <HashKeysProbe>
                                                                                              <ColumnReference Database="[servicetrax_dev]" Schema="[dbo]" Table="[INVOICE_LINES]" Column="INVOICE_LINE_TYPE_ID" />
                                                                                            </HashKeysProbe>
                                                                                            <ProbeResidual>
                                                                                              <ScalarOperator ScalarString="[servicetrax_dev].[dbo].[LOOKUPS].[LOOKUP_ID]=[servicetrax_dev].[dbo].[INVOICE_LINES].[INVOICE_LINE_TYPE_ID]">
                                                                                                <Compare CompareOp="EQ">
                                                                                                  <ScalarOperator>
                                                                                                    <Identifier>
                                                                                                      <ColumnReference Database="[servicetrax_dev]" Schema="[dbo]" Table="[LOOKUPS]" Column="LOOKUP_ID" />
                                                                                                    </Identifier>
                                                                                                  </ScalarOperator>
                                                                                                  <ScalarOperator>
                                                                                                    <Identifier>
                                                                                                      <ColumnReference Database="[servicetrax_dev]" Schema="[dbo]" Table="[INVOICE_LINES]" Column="INVOICE_LINE_TYPE_ID" />
                                                                                                    </Identifier>
                                                                                                  </ScalarOperator>
                                                                                                </Compare>
                                                                                              </ScalarOperator>
                                                                                            </ProbeResidual>
                                                                                            <RelOp AvgRowSize="27" EstimateCPU="0.0300231" EstimateIO="0" EstimateRebinds="0" EstimateRewinds="0" EstimateRows="720" LogicalOp="Repartition Streams" NodeId="53" Parallel="true" PhysicalOp="Parallelism" EstimatedTotalSubtreeCost="0.0358448">
                                                                                              <OutputList>
                                                                                                <ColumnReference Database="[servicetrax_dev]" Schema="[dbo]" Table="[LOOKUPS]" Column="LOOKUP_ID" />
                                                                                                <ColumnReference Database="[servicetrax_dev]" Schema="[dbo]" Table="[LOOKUPS]" Column="CODE" />
                                                                                              </OutputList>
                                                                                              <RunTimeInformation>
                                                                                                <RunTimeCountersPerThread Thread="3" ActualRows="177" ActualEndOfScans="1" ActualExecutions="1" />
                                                                                                <RunTimeCountersPerThread Thread="1" ActualRows="187" ActualEndOfScans="1" ActualExecutions="1" />
                                                                                                <RunTimeCountersPerThread Thread="4" ActualRows="169" ActualEndOfScans="1" ActualExecutions="1" />
                                                                                                <RunTimeCountersPerThread Thread="2" ActualRows="187" ActualEndOfScans="1" ActualExecutions="1" />
                                                                                                <RunTimeCountersPerThread Thread="0" ActualRows="0" ActualEndOfScans="0" ActualExecutions="0" />
                                                                                              </RunTimeInformation>
                                                                                              <Parallelism PartitioningType="Hash">
                                                                                                <PartitionColumns>
                                                                                                  <ColumnReference Database="[servicetrax_dev]" Schema="[dbo]" Table="[LOOKUPS]" Column="LOOKUP_ID" />
                                                                                                </PartitionColumns>
                                                                                                <RelOp AvgRowSize="27" EstimateCPU="0.0004745" EstimateIO="0.00534722" EstimateRebinds="0" EstimateRewinds="0" EstimateRows="720" LogicalOp="Index Scan" NodeId="54" Parallel="true" PhysicalOp="Index Scan" EstimatedTotalSubtreeCost="0.00582172">
                                                                                                  <OutputList>
                                                                                                    <ColumnReference Database="[servicetrax_dev]" Schema="[dbo]" Table="[LOOKUPS]" Column="LOOKUP_ID" />
                                                                                                    <ColumnReference Database="[servicetrax_dev]" Schema="[dbo]" Table="[LOOKUPS]" Column="CODE" />
                                                                                                  </OutputList>
                                                                                                  <RunTimeInformation>
                                                                                                    <RunTimeCountersPerThread Thread="1" ActualRows="107" ActualEndOfScans="1" ActualExecutions="1" />
                                                                                                    <RunTimeCountersPerThread Thread="2" ActualRows="144" ActualEndOfScans="1" ActualExecutions="1" />
                                                                                                    <RunTimeCountersPerThread Thread="3" ActualRows="142" ActualEndOfScans="1" ActualExecutions="1" />
                                                                                                    <RunTimeCountersPerThread Thread="4" ActualRows="327" ActualEndOfScans="1" ActualExecutions="1" />
                                                                                                    <RunTimeCountersPerThread Thread="0" ActualRows="0" ActualEndOfScans="0" ActualExecutions="0" />
                                                                                                  </RunTimeInformation>
                                                                                                  <IndexScan Ordered="false" ForcedIndex="false" NoExpandHint="false">
                                                                                                    <DefinedValues>
                                                                                                      <DefinedValue>
                                                                                                        <ColumnReference Database="[servicetrax_dev]" Schema="[dbo]" Table="[LOOKUPS]" Column="LOOKUP_ID" />
                                                                                                      </DefinedValue>
                                                                                                      <DefinedValue>
                                                                                                        <ColumnReference Database="[servicetrax_dev]" Schema="[dbo]" Table="[LOOKUPS]" Column="CODE" />
                                                                                                      </DefinedValue>
                                                                                                    </DefinedValues>
                                                                                                    <Object Database="[servicetrax_dev]" Schema="[dbo]" Table="[LOOKUPS]" Index="[IX_L_LID_CODE]" />
                                                                                                  </IndexScan>
                                                                                                </RelOp>
                                                                                              </Parallelism>
                                                                                            </RelOp>
                                                                                            <RelOp AvgRowSize="47" EstimateCPU="0.74777" EstimateIO="0" EstimateRebinds="0" EstimateRewinds="0" EstimateRows="218731" LogicalOp="Repartition Streams" NodeId="55" Parallel="true" PhysicalOp="Parallelism" EstimatedTotalSubtreeCost="3.91794">
                                                                                              <OutputList>
                                                                                                <ColumnReference Database="[servicetrax_dev]" Schema="[dbo]" Table="[INVOICE_LINES]" Column="INVOICE_ID" />
                                                                                                <ColumnReference Database="[servicetrax_dev]" Schema="[dbo]" Table="[INVOICE_LINES]" Column="INVOICE_LINE_TYPE_ID" />
                                                                                                <ColumnReference Database="[servicetrax_dev]" Schema="[dbo]" Table="[INVOICE_LINES]" Column="UNIT_PRICE" />
                                                                                                <ColumnReference Database="[servicetrax_dev]" Schema="[dbo]" Table="[INVOICE_LINES]" Column="QTY" />
                                                                                              </OutputList>
                                                                                              <RunTimeInformation>
                                                                                                <RunTimeCountersPerThread Thread="3" ActualRows="0" ActualEndOfScans="1" ActualExecutions="1" />
                                                                                                <RunTimeCountersPerThread Thread="1" ActualRows="0" ActualEndOfScans="1" ActualExecutions="1" />
                                                                                                <RunTimeCountersPerThread Thread="2" ActualRows="0" ActualEndOfScans="1" ActualExecutions="1" />
                                                                                                <RunTimeCountersPerThread Thread="4" ActualRows="218731" ActualEndOfScans="1" ActualExecutions="1" />
                                                                                                <RunTimeCountersPerThread Thread="0" ActualRows="0" ActualEndOfScans="0" ActualExecutions="0" />
                                                                                              </RunTimeInformation>
                                                                                              <Parallelism PartitioningType="Hash">
                                                                                                <PartitionColumns>
                                                                                                  <ColumnReference Database="[servicetrax_dev]" Schema="[dbo]" Table="[INVOICE_LINES]" Column="INVOICE_LINE_TYPE_ID" />
                                                                                                </PartitionColumns>
                                                                                                <RelOp AvgRowSize="47" EstimateCPU="0.120381" EstimateIO="3.04979" EstimateRebinds="0" EstimateRewinds="0" EstimateRows="218731" LogicalOp="Clustered Index Scan" NodeId="56" Parallel="true" PhysicalOp="Clustered Index Scan" EstimatedTotalSubtreeCost="3.17017">
                                                                                                  <OutputList>
                                                                                                    <ColumnReference Database="[servicetrax_dev]" Schema="[dbo]" Table="[INVOICE_LINES]" Column="INVOICE_ID" />
                                                                                                    <ColumnReference Database="[servicetrax_dev]" Schema="[dbo]" Table="[INVOICE_LINES]" Column="INVOICE_LINE_TYPE_ID" />
                                                                                                    <ColumnReference Database="[servicetrax_dev]" Schema="[dbo]" Table="[INVOICE_LINES]" Column="UNIT_PRICE" />
                                                                                                    <ColumnReference Database="[servicetrax_dev]" Schema="[dbo]" Table="[INVOICE_LINES]" Column="QTY" />
                                                                                                  </OutputList>
                                                                                                  <RunTimeInformation>
                                                                                                    <RunTimeCountersPerThread Thread="1" ActualRows="65930" ActualEndOfScans="1" ActualExecutions="1" />
                                                                                                    <RunTimeCountersPerThread Thread="3" ActualRows="62809" ActualEndOfScans="1" ActualExecutions="1" />
                                                                                                    <RunTimeCountersPerThread Thread="4" ActualRows="1727" ActualEndOfScans="1" ActualExecutions="1" />
                                                                                                    <RunTimeCountersPerThread Thread="2" ActualRows="88265" ActualEndOfScans="1" ActualExecutions="1" />
                                                                                                    <RunTimeCountersPerThread Thread="0" ActualRows="0" ActualEndOfScans="0" ActualExecutions="0" />
                                                                                                  </RunTimeInformation>
                                                                                                  <IndexScan Ordered="false" ForcedIndex="false" NoExpandHint="false">
                                                                                                    <DefinedValues>
                                                                                                      <DefinedValue>
                                                                                                        <ColumnReference Database="[servicetrax_dev]" Schema="[dbo]" Table="[INVOICE_LINES]" Column="INVOICE_ID" />
                                                                                                      </DefinedValue>
                                                                                                      <DefinedValue>
                                                                                                        <ColumnReference Database="[servicetrax_dev]" Schema="[dbo]" Table="[INVOICE_LINES]" Column="INVOICE_LINE_TYPE_ID" />
                                                                                                      </DefinedValue>
                                                                                                      <DefinedValue>
                                                                                                        <ColumnReference Database="[servicetrax_dev]" Schema="[dbo]" Table="[INVOICE_LINES]" Column="UNIT_PRICE" />
                                                                                                      </DefinedValue>
                                                                                                      <DefinedValue>
                                                                                                        <ColumnReference Database="[servicetrax_dev]" Schema="[dbo]" Table="[INVOICE_LINES]" Column="QTY" />
                                                                                                      </DefinedValue>
                                                                                                    </DefinedValues>
                                                                                                    <Object Database="[servicetrax_dev]" Schema="[dbo]" Table="[INVOICE_LINES]" Index="[IL_PK]" />
                                                                                                  </IndexScan>
                                                                                                </RelOp>
                                                                                              </Parallelism>
                                                                                            </RelOp>
                                                                                          </Hash>
                                                                                        </RelOp>
                                                                                      </Parallelism>
                                                                                    </RelOp>
                                                                                  </Hash>
                                                                                </RelOp>
                                                                              </Parallelism>
                                                                            </RelOp>
                                                                          </ComputeScalar>
                                                                        </RelOp>
                                                                      </Hash>
                                                                    </RelOp>
                                                                  </Parallelism>
                                                                </RelOp>
                                                              </ComputeScalar>
                                                            </RelOp>
                                                            <RelOp AvgRowSize="44" EstimateCPU="0.0287246" EstimateIO="0" EstimateRebinds="0" EstimateRewinds="0" EstimateRows="116613" LogicalOp="Repartition Streams" NodeId="68" Parallel="true" PhysicalOp="Parallelism" EstimatedTotalSubtreeCost="6.40946">
                                                              <OutputList>
                                                                <ColumnReference Database="[servicetrax_dev]" Schema="[dbo]" Table="[INVOICES]" Alias="[i]" Column="INVOICE_ID" />
                                                                <ColumnReference Database="[servicetrax_dev]" Schema="[dbo]" Table="[INVOICES]" Alias="[i]" Column="INVOICE_TYPE_ID" />
                                                                <ColumnReference Database="[servicetrax_dev]" Schema="[dbo]" Table="[INVOICES]" Alias="[i]" Column="JOB_ID" />
                                                                <ColumnReference Database="[servicetrax_dev]" Schema="[dbo]" Table="[INVOICE_STATUSES]" Alias="[ist]" Column="NAME" />
                                                              </OutputList>
                                                              <RunTimeInformation>
                                                                <RunTimeCountersPerThread Thread="1" ActualRows="29261" ActualEndOfScans="1" ActualExecutions="1" />
                                                                <RunTimeCountersPerThread Thread="3" ActualRows="29112" ActualEndOfScans="1" ActualExecutions="1" />
                                                                <RunTimeCountersPerThread Thread="4" ActualRows="29004" ActualEndOfScans="1" ActualExecutions="1" />
                                                                <RunTimeCountersPerThread Thread="2" ActualRows="29236" ActualEndOfScans="1" ActualExecutions="1" />
                                                                <RunTimeCountersPerThread Thread="0" ActualRows="0" ActualEndOfScans="0" ActualExecutions="0" />
                                                              </RunTimeInformation>
                                                              <Parallelism PartitioningType="Hash">
                                                                <PartitionColumns>
                                                                  <ColumnReference Database="[servicetrax_dev]" Schema="[dbo]" Table="[INVOICES]" Alias="[i]" Column="INVOICE_ID" />
                                                                </PartitionColumns>
                                                                <RelOp AvgRowSize="44" EstimateCPU="0.8927" EstimateIO="0" EstimateRebinds="0" EstimateRewinds="0" EstimateRows="116613" LogicalOp="Right Outer Join" NodeId="69" Parallel="true" PhysicalOp="Hash Match" EstimatedTotalSubtreeCost="6.38073">
                                                                  <OutputList>
                                                                    <ColumnReference Database="[servicetrax_dev]" Schema="[dbo]" Table="[INVOICES]" Alias="[i]" Column="INVOICE_ID" />
                                                                    <ColumnReference Database="[servicetrax_dev]" Schema="[dbo]" Table="[INVOICES]" Alias="[i]" Column="INVOICE_TYPE_ID" />
                                                                    <ColumnReference Database="[servicetrax_dev]" Schema="[dbo]" Table="[INVOICES]" Alias="[i]" Column="JOB_ID" />
                                                                    <ColumnReference Database="[servicetrax_dev]" Schema="[dbo]" Table="[INVOICE_STATUSES]" Alias="[ist]" Column="NAME" />
                                                                  </OutputList>
                                                                  <MemoryFractions Input="0" Output="0" />
                                                                  <RunTimeInformation>
                                                                    <RunTimeCountersPerThread Thread="1" ActualRows="39272" ActualEndOfScans="1" ActualExecutions="1" />
                                                                    <RunTimeCountersPerThread Thread="3" ActualRows="36296" ActualEndOfScans="1" ActualExecutions="1" />
                                                                    <RunTimeCountersPerThread Thread="4" ActualRows="34113" ActualEndOfScans="1" ActualExecutions="1" />
                                                                    <RunTimeCountersPerThread Thread="2" ActualRows="6932" ActualEndOfScans="1" ActualExecutions="1" />
                                                                    <RunTimeCountersPerThread Thread="0" ActualRows="0" ActualEndOfScans="0" ActualExecutions="0" />
                                                                  </RunTimeInformation>
                                                                  <Hash>
                                                                    <DefinedValues />
                                                                    <HashKeysBuild>
                                                                      <ColumnReference Database="[servicetrax_dev]" Schema="[dbo]" Table="[INVOICE_STATUSES]" Alias="[ist]" Column="STATUS_ID" />
                                                                    </HashKeysBuild>
                                                                    <HashKeysProbe>
                                                                      <ColumnReference Database="[servicetrax_dev]" Schema="[dbo]" Table="[INVOICES]" Alias="[i]" Column="STATUS_ID" />
                                                                    </HashKeysProbe>
                                                                    <ProbeResidual>
                                                                      <ScalarOperator ScalarString="[servicetrax_dev].[dbo].[INVOICES].[STATUS_ID] as [i].[STATUS_ID]=[servicetrax_dev].[dbo].[INVOICE_STATUSES].[STATUS_ID] as [ist].[STATUS_ID]">
                                                                        <Compare CompareOp="EQ">
                                                                          <ScalarOperator>
                                                                            <Identifier>
                                                                              <ColumnReference Database="[servicetrax_dev]" Schema="[dbo]" Table="[INVOICES]" Alias="[i]" Column="STATUS_ID" />
                                                                            </Identifier>
                                                                          </ScalarOperator>
                                                                          <ScalarOperator>
                                                                            <Identifier>
                                                                              <ColumnReference Database="[servicetrax_dev]" Schema="[dbo]" Table="[INVOICE_STATUSES]" Alias="[ist]" Column="STATUS_ID" />
                                                                            </Identifier>
                                                                          </ScalarOperator>
                                                                        </Compare>
                                                                      </ScalarOperator>
                                                                    </ProbeResidual>
                                                                    <RelOp AvgRowSize="26" EstimateCPU="0.0285136" EstimateIO="0" EstimateRebinds="0" EstimateRewinds="0" EstimateRows="4" LogicalOp="Distribute Streams" NodeId="70" Parallel="true" PhysicalOp="Parallelism" EstimatedTotalSubtreeCost="0.0318">
                                                                      <OutputList>
                                                                        <ColumnReference Database="[servicetrax_dev]" Schema="[dbo]" Table="[INVOICE_STATUSES]" Alias="[ist]" Column="STATUS_ID" />
                                                                        <ColumnReference Database="[servicetrax_dev]" Schema="[dbo]" Table="[INVOICE_STATUSES]" Alias="[ist]" Column="NAME" />
                                                                      </OutputList>
                                                                      <RunTimeInformation>
                                                                        <RunTimeCountersPerThread Thread="4" ActualRows="4" ActualEndOfScans="1" ActualExecutions="1" />
                                                                        <RunTimeCountersPerThread Thread="2" ActualRows="4" ActualEndOfScans="1" ActualExecutions="1" />
                                                                        <RunTimeCountersPerThread Thread="1" ActualRows="4" ActualEndOfScans="1" ActualExecutions="1" />
                                                                        <RunTimeCountersPerThread Thread="3" ActualRows="4" ActualEndOfScans="1" ActualExecutions="1" />
                                                                        <RunTimeCountersPerThread Thread="0" ActualRows="0" ActualEndOfScans="0" ActualExecutions="0" />
                                                                      </RunTimeInformation>
                                                                      <Parallelism PartitioningType="Broadcast">
                                                                        <RelOp AvgRowSize="26" EstimateCPU="0.0001614" EstimateIO="0.003125" EstimateRebinds="0" EstimateRewinds="0" EstimateRows="4" LogicalOp="Table Scan" NodeId="71" Parallel="false" PhysicalOp="Table Scan" EstimatedTotalSubtreeCost="0.0032864">
                                                                          <OutputList>
                                                                            <ColumnReference Database="[servicetrax_dev]" Schema="[dbo]" Table="[INVOICE_STATUSES]" Alias="[ist]" Column="STATUS_ID" />
                                                                            <ColumnReference Database="[servicetrax_dev]" Schema="[dbo]" Table="[INVOICE_STATUSES]" Alias="[ist]" Column="NAME" />
                                                                          </OutputList>
                                                                          <RunTimeInformation>
                                                                            <RunTimeCountersPerThread Thread="1" ActualRows="4" ActualEndOfScans="1" ActualExecutions="1" />
                                                                            <RunTimeCountersPerThread Thread="0" ActualRows="0" ActualEndOfScans="0" ActualExecutions="0" />
                                                                          </RunTimeInformation>
                                                                          <TableScan Ordered="false" ForcedIndex="false" NoExpandHint="false">
                                                                            <DefinedValues>
                                                                              <DefinedValue>
                                                                                <ColumnReference Database="[servicetrax_dev]" Schema="[dbo]" Table="[INVOICE_STATUSES]" Alias="[ist]" Column="STATUS_ID" />
                                                                              </DefinedValue>
                                                                              <DefinedValue>
                                                                                <ColumnReference Database="[servicetrax_dev]" Schema="[dbo]" Table="[INVOICE_STATUSES]" Alias="[ist]" Column="NAME" />
                                                                              </DefinedValue>
                                                                            </DefinedValues>
                                                                            <Object Database="[servicetrax_dev]" Schema="[dbo]" Table="[INVOICE_STATUSES]" Alias="[ist]" />
                                                                          </TableScan>
                                                                        </RelOp>
                                                                      </Parallelism>
                                                                    </RelOp>
                                                                    <RelOp AvgRowSize="43" EstimateCPU="0.0642156" EstimateIO="5.39201" EstimateRebinds="0" EstimateRewinds="0" EstimateRows="116613" LogicalOp="Clustered Index Scan" NodeId="72" Parallel="true" PhysicalOp="Clustered Index Scan" EstimatedTotalSubtreeCost="5.45623">
                                                                      <OutputList>
                                                                        <ColumnReference Database="[servicetrax_dev]" Schema="[dbo]" Table="[INVOICES]" Alias="[i]" Column="INVOICE_ID" />
                                                                        <ColumnReference Database="[servicetrax_dev]" Schema="[dbo]" Table="[INVOICES]" Alias="[i]" Column="INVOICE_TYPE_ID" />
                                                                        <ColumnReference Database="[servicetrax_dev]" Schema="[dbo]" Table="[INVOICES]" Alias="[i]" Column="STATUS_ID" />
                                                                        <ColumnReference Database="[servicetrax_dev]" Schema="[dbo]" Table="[INVOICES]" Alias="[i]" Column="JOB_ID" />
                                                                      </OutputList>
                                                                      <RunTimeInformation>
                                                                        <RunTimeCountersPerThread Thread="2" ActualRows="6932" ActualEndOfScans="1" ActualExecutions="1" />
                                                                        <RunTimeCountersPerThread Thread="4" ActualRows="34113" ActualEndOfScans="1" ActualExecutions="1" />
                                                                        <RunTimeCountersPerThread Thread="3" ActualRows="36296" ActualEndOfScans="1" ActualExecutions="1" />
                                                                        <RunTimeCountersPerThread Thread="1" ActualRows="39272" ActualEndOfScans="1" ActualExecutions="1" />
                                                                        <RunTimeCountersPerThread Thread="0" ActualRows="0" ActualEndOfScans="0" ActualExecutions="0" />
                                                                      </RunTimeInformation>
                                                                      <IndexScan Ordered="false" ForcedIndex="false" NoExpandHint="false">
                                                                        <DefinedValues>
                                                                          <DefinedValue>
                                                                            <ColumnReference Database="[servicetrax_dev]" Schema="[dbo]" Table="[INVOICES]" Alias="[i]" Column="INVOICE_ID" />
                                                                          </DefinedValue>
                                                                          <DefinedValue>
                                                                            <ColumnReference Database="[servicetrax_dev]" Schema="[dbo]" Table="[INVOICES]" Alias="[i]" Column="INVOICE_TYPE_ID" />
                                                                          </DefinedValue>
                                                                          <DefinedValue>
                                                                            <ColumnReference Database="[servicetrax_dev]" Schema="[dbo]" Table="[INVOICES]" Alias="[i]" Column="STATUS_ID" />
                                                                          </DefinedValue>
                                                                          <DefinedValue>
                                                                            <ColumnReference Database="[servicetrax_dev]" Schema="[dbo]" Table="[INVOICES]" Alias="[i]" Column="JOB_ID" />
                                                                          </DefinedValue>
                                                                        </DefinedValues>
                                                                        <Object Database="[servicetrax_dev]" Schema="[dbo]" Table="[INVOICES]" Index="[INV_PK]" Alias="[i]" />
                                                                      </IndexScan>
                                                                    </RelOp>
                                                                  </Hash>
                                                                </RelOp>
                                                              </Parallelism>
                                                            </RelOp>
                                                          </Hash>
                                                        </RelOp>
                                                      </Parallelism>
                                                    </RelOp>
                                                  </Hash>
                                                </RelOp>
                                              </Parallelism>
                                            </RelOp>
                                          </Hash>
                                        </RelOp>
                                      </Parallelism>
                                    </RelOp>
                                  </Sort>
                                </RelOp>
                                <RelOp AvgRowSize="28" EstimateCPU="0.0001581" EstimateIO="0.003125" EstimateRebinds="130148" EstimateRewinds="7.32757" EstimateRows="1" LogicalOp="Clustered Index Seek" NodeId="77" Parallel="true" PhysicalOp="Clustered Index Seek" EstimatedTotalSubtreeCost="21.8964">
                                  <OutputList>
                                    <ColumnReference Database="[servicetrax_dev]" Schema="[dbo]" Table="[CUSTOMERS]" Column="CUSTOMER_NAME" />
                                  </OutputList>
                                  <RunTimeInformation>
                                    <RunTimeCountersPerThread Thread="1" ActualRows="6261" ActualEndOfScans="12" ActualExecutions="6273" />
                                    <RunTimeCountersPerThread Thread="4" ActualRows="6194" ActualEndOfScans="3" ActualExecutions="6197" />
                                    <RunTimeCountersPerThread Thread="2" ActualRows="6328" ActualEndOfScans="12" ActualExecutions="6340" />
                                    <RunTimeCountersPerThread Thread="3" ActualRows="6244" ActualEndOfScans="8" ActualExecutions="6252" />
                                    <RunTimeCountersPerThread Thread="0" ActualRows="0" ActualEndOfScans="0" ActualExecutions="0" />
                                  </RunTimeInformation>
                                  <IndexScan Ordered="true" ScanDirection="FORWARD" ForcedIndex="false" NoExpandHint="false">
                                    <DefinedValues>
                                      <DefinedValue>
                                        <ColumnReference Database="[servicetrax_dev]" Schema="[dbo]" Table="[CUSTOMERS]" Column="CUSTOMER_NAME" />
                                      </DefinedValue>
                                    </DefinedValues>
                                    <Object Database="[servicetrax_dev]" Schema="[dbo]" Table="[CUSTOMERS]" Index="[PK_CUSTOMERS]" />
                                    <SeekPredicates>
                                      <SeekPredicate>
                                        <Prefix ScanType="EQ">
                                          <RangeColumns>
                                            <ColumnReference Database="[servicetrax_dev]" Schema="[dbo]" Table="[CUSTOMERS]" Column="CUSTOMER_ID" />
                                          </RangeColumns>
                                          <RangeExpressions>
                                            <ScalarOperator ScalarString="[servicetrax_dev].[dbo].[CUSTOMERS].[end_user_parent_id] as [c].[end_user_parent_id]">
                                              <Identifier>
                                                <ColumnReference Database="[servicetrax_dev]" Schema="[dbo]" Table="[CUSTOMERS]" Alias="[c]" Column="end_user_parent_id" />
                                              </Identifier>
                                            </ScalarOperator>
                                          </RangeExpressions>
                                        </Prefix>
                                      </SeekPredicate>
                                    </SeekPredicates>
                                  </IndexScan>
                                </RelOp>
                              </NestedLoops>
                            </RelOp>
                          </ComputeScalar>
                        </RelOp>
                      </Parallelism>
                    </RelOp>
                  </Sort>
                </RelOp>
              </Parallelism>
            </RelOp>
          </QueryPlan>
        </StmtSimple>
      </Statements>
    </Batch>
  </BatchSequence>
</ShowPlanXML>