<?xml version="1.0" encoding="utf-16"?>
<ShowPlanXML xmlns:xsi="http://www.w3.org/2001/XMLSchema-instance" xmlns:xsd="http://www.w3.org/2001/XMLSchema" Version="1.0" Build="9.00.3068.00" xmlns="http://schemas.microsoft.com/sqlserver/2004/07/showplan">
  <BatchSequence>
    <Batch>
      <Statements>
        <StmtSimple StatementCompId="2" StatementEstRows="97.4166" StatementId="1" StatementOptmLevel="FULL" StatementSubTreeCost="90.6984" StatementText="UPDATE request_vendors   SET total_cost = ISNULL(total_cost, 0) + ISNULL(i.sum_bill_total, 0),       invoice_date = getDate(),       invoice_numbers = ISNULL(invoice_numbers, '''') + CONVERT(VARCHAR, i.invoice_id)   FROM request_invoices_v i  WHERE request_vendors.request_id = i.request_id    AND request_vendors.vendor_contact_id = i.vendor_contact_id    AND i.invoice_id =  164325&#xD;" StatementType="UPDATE">
          <StatementSetOptions ANSI_NULLS="false" ANSI_PADDING="false" ANSI_WARNINGS="false" ARITHABORT="true" CONCAT_NULL_YIELDS_NULL="false" NUMERIC_ROUNDABORT="false" QUOTED_IDENTIFIER="false" />
          <QueryPlan DegreeOfParallelism="4" MemoryGrant="584" CachedPlanSize="139" CompileTime="1101" CompileCPU="1078" CompileMemory="5856">
            <RelOp AvgRowSize="9" EstimateCPU="9.74166E-05" EstimateIO="0.0188383" EstimateRebinds="0" EstimateRewinds="0" EstimateRows="97.4166" LogicalOp="Update" NodeId="0" Parallel="false" PhysicalOp="Clustered Index Update" EstimatedTotalSubtreeCost="90.6984">
              <OutputList />
              <RunTimeInformation>
                <RunTimeCountersPerThread Thread="0" ActualRows="0" ActualEndOfScans="1" ActualExecutions="1" />
              </RunTimeInformation>
              <Update>
                <Object Database="[ims_new]" Schema="[dbo]" Table="[REQUEST_VENDORS]" Index="[PK_REQUEST_VENDORS]" />
                <SetPredicate>
                  <ScalarOperator ScalarString="[ims_new].[dbo].[REQUEST_VENDORS].[TOTAL_COST] = [Expr1023],[ims_new].[dbo].[REQUEST_VENDORS].[INVOICE_DATE] = [ConstExpr1032],[ims_new].[dbo].[REQUEST_VENDORS].[INVOICE_NUMBERS] = [Expr1025]">
                    <ScalarExpressionList />
                  </ScalarOperator>
                </SetPredicate>
                <RelOp AvgRowSize="537" EstimateCPU="0.00013547" EstimateIO="0.013125" EstimateRebinds="0" EstimateRewinds="0" EstimateRows="97.4166" LogicalOp="Eager Spool" NodeId="1" Parallel="false" PhysicalOp="Table Spool" EstimatedTotalSubtreeCost="90.6794">
                  <OutputList>
                    <ColumnReference Database="[ims_new]" Schema="[dbo]" Table="[REQUEST_VENDORS]" Column="REQUEST_VENDOR_ID" />
                    <ColumnReference Column="Expr1023" />
                    <ColumnReference Column="ConstExpr1032" />
                    <ColumnReference Column="Expr1025" />
                  </OutputList>
                  <RunTimeInformation>
                    <RunTimeCountersPerThread Thread="0" ActualRebinds="1" ActualRewinds="0" ActualRows="0" ActualEndOfScans="1" ActualExecutions="1" />
                  </RunTimeInformation>
                  <Spool>
                    <RelOp AvgRowSize="537" EstimateCPU="9.74166E-06" EstimateIO="0" EstimateRebinds="0" EstimateRewinds="0" EstimateRows="97.4166" LogicalOp="Compute Scalar" NodeId="2" Parallel="false" PhysicalOp="Compute Scalar" EstimatedTotalSubtreeCost="90.6662">
                      <OutputList>
                        <ColumnReference Database="[ims_new]" Schema="[dbo]" Table="[REQUEST_VENDORS]" Column="REQUEST_VENDOR_ID" />
                        <ColumnReference Column="Expr1023" />
                        <ColumnReference Column="ConstExpr1032">
                          <ScalarOperator ScalarString="getdate()">
                            <Intrinsic FunctionName="getdate" />
                          </ScalarOperator>
                        </ColumnReference>
                        <ColumnReference Column="Expr1025" />
                      </OutputList>
                      <ComputeScalar>
                        <DefinedValues>
                          <DefinedValue>
                            <ColumnReference Column="Expr1023" />
                            <ScalarOperator ScalarString="CONVERT_IMPLICIT(numeric(18,2),[Expr1039]+isnull([Expr1022],(0.00000)),0)">
                              <Convert DataType="numeric" Precision="18" Scale="2" Style="0" Implicit="true">
                                <ScalarOperator>
                                  <Arithmetic Operation="ADD">
                                    <ScalarOperator>
                                      <Identifier>
                                        <ColumnReference Column="Expr1039" />
                                      </Identifier>
                                    </ScalarOperator>
                                    <ScalarOperator>
                                      <Intrinsic FunctionName="isnull">
                                        <ScalarOperator>
                                          <Identifier>
                                            <ColumnReference Column="Expr1022" />
                                          </Identifier>
                                        </ScalarOperator>
                                        <ScalarOperator>
                                          <Const ConstValue="(0.00000)" />
                                        </ScalarOperator>
                                      </Intrinsic>
                                    </ScalarOperator>
                                  </Arithmetic>
                                </ScalarOperator>
                              </Convert>
                            </ScalarOperator>
                          </DefinedValue>
                          <DefinedValue>
                            <ColumnReference Column="ConstExpr1032">
                              <ScalarOperator ScalarString="getdate()">
                                <Intrinsic FunctionName="getdate" />
                              </ScalarOperator>
                            </ColumnReference>
                            <ScalarOperator ScalarString="getdate()">
                              <Identifier>
                                <ColumnReference Column="ConstExpr1032">
                                  <ScalarOperator>
                                    <Intrinsic FunctionName="getdate" />
                                  </ScalarOperator>
                                </ColumnReference>
                              </Identifier>
                            </ScalarOperator>
                          </DefinedValue>
                          <DefinedValue>
                            <ColumnReference Column="Expr1025" />
                            <ScalarOperator ScalarString="CONVERT_IMPLICIT(varchar(1000),[Expr1040]+CONVERT(varchar(30),[Expr1021],0),0)">
                              <Convert DataType="varchar" Length="1000" Style="0" Implicit="true">
                                <ScalarOperator>
                                  <Arithmetic Operation="ADD">
                                    <ScalarOperator>
                                      <Identifier>
                                        <ColumnReference Column="Expr1040" />
                                      </Identifier>
                                    </ScalarOperator>
                                    <ScalarOperator>
                                      <Convert DataType="varchar" Length="30" Style="0" Implicit="false">
                                        <ScalarOperator>
                                          <Identifier>
                                            <ColumnReference Column="Expr1021" />
                                          </Identifier>
                                        </ScalarOperator>
                                      </Convert>
                                    </ScalarOperator>
                                  </Arithmetic>
                                </ScalarOperator>
                              </Convert>
                            </ScalarOperator>
                          </DefinedValue>
                        </DefinedValues>
                        <RelOp AvgRowSize="555" EstimateCPU="9.74166E-06" EstimateIO="0" EstimateRebinds="0" EstimateRewinds="0" EstimateRows="97.4166" LogicalOp="Top" NodeId="3" Parallel="false" PhysicalOp="Top" EstimatedTotalSubtreeCost="90.6662">
                          <OutputList>
                            <ColumnReference Database="[ims_new]" Schema="[dbo]" Table="[REQUEST_VENDORS]" Column="REQUEST_VENDOR_ID" />
                            <ColumnReference Column="Expr1021" />
                            <ColumnReference Column="Expr1022" />
                            <ColumnReference Column="Expr1039" />
                            <ColumnReference Column="Expr1040" />
                          </OutputList>
                          <RunTimeInformation>
                            <RunTimeCountersPerThread Thread="0" ActualRows="0" ActualEndOfScans="1" ActualExecutions="1" />
                          </RunTimeInformation>
                          <Top RowCount="true" IsPercent="false" WithTies="false">
                            <TopExpression>
                              <ScalarOperator ScalarString="(0)">
                                <Const ConstValue="(0)" />
                              </ScalarOperator>
                            </TopExpression>
                            <RelOp AvgRowSize="555" EstimateCPU="9.74166E-06" EstimateIO="0" EstimateRebinds="0" EstimateRewinds="0" EstimateRows="97.4166" LogicalOp="Compute Scalar" NodeId="4" Parallel="false" PhysicalOp="Compute Scalar" EstimatedTotalSubtreeCost="90.6662">
                              <OutputList>
                                <ColumnReference Database="[ims_new]" Schema="[dbo]" Table="[REQUEST_VENDORS]" Column="REQUEST_VENDOR_ID" />
                                <ColumnReference Column="Expr1021" />
                                <ColumnReference Column="Expr1022" />
                                <ColumnReference Column="Expr1039" />
                                <ColumnReference Column="Expr1040" />
                              </OutputList>
                              <ComputeScalar>
                                <DefinedValues>
                                  <DefinedValue>
                                    <ColumnReference Column="Expr1039" />
                                    <ScalarOperator ScalarString="isnull([ims_new].[dbo].[REQUEST_VENDORS].[TOTAL_COST],(0.00))">
                                      <Intrinsic FunctionName="isnull">
                                        <ScalarOperator>
                                          <Identifier>
                                            <ColumnReference Database="[ims_new]" Schema="[dbo]" Table="[REQUEST_VENDORS]" Column="TOTAL_COST" />
                                          </Identifier>
                                        </ScalarOperator>
                                        <ScalarOperator>
                                          <Const ConstValue="(0.00)" />
                                        </ScalarOperator>
                                      </Intrinsic>
                                    </ScalarOperator>
                                  </DefinedValue>
                                  <DefinedValue>
                                    <ColumnReference Column="Expr1040" />
                                    <ScalarOperator ScalarString="isnull([ims_new].[dbo].[REQUEST_VENDORS].[INVOICE_NUMBERS],'''')">
                                      <Intrinsic FunctionName="isnull">
                                        <ScalarOperator>
                                          <Identifier>
                                            <ColumnReference Database="[ims_new]" Schema="[dbo]" Table="[REQUEST_VENDORS]" Column="INVOICE_NUMBERS" />
                                          </Identifier>
                                        </ScalarOperator>
                                        <ScalarOperator>
                                          <Const ConstValue="''''" />
                                        </ScalarOperator>
                                      </Intrinsic>
                                    </ScalarOperator>
                                  </DefinedValue>
                                </DefinedValues>
                                <RelOp AvgRowSize="555" EstimateCPU="0.0011061" EstimateIO="0.0112613" EstimateRebinds="0" EstimateRewinds="0" EstimateRows="97.4166" LogicalOp="Distinct Sort" NodeId="5" Parallel="false" PhysicalOp="Sort" EstimatedTotalSubtreeCost="90.6662">
                                  <OutputList>
                                    <ColumnReference Database="[ims_new]" Schema="[dbo]" Table="[REQUEST_VENDORS]" Column="REQUEST_VENDOR_ID" />
                                    <ColumnReference Database="[ims_new]" Schema="[dbo]" Table="[REQUEST_VENDORS]" Column="TOTAL_COST" />
                                    <ColumnReference Database="[ims_new]" Schema="[dbo]" Table="[REQUEST_VENDORS]" Column="INVOICE_NUMBERS" />
                                    <ColumnReference Column="Expr1021" />
                                    <ColumnReference Column="Expr1022" />
                                  </OutputList>
                                  <MemoryFractions Input="1" Output="1" />
                                  <RunTimeInformation>
                                    <RunTimeCountersPerThread Thread="0" ActualRebinds="1" ActualRewinds="0" ActualRows="0" ActualEndOfScans="1" ActualExecutions="1" />
                                  </RunTimeInformation>
                                  <Sort Distinct="true">
                                    <OrderBy>
                                      <OrderByColumn Ascending="true">
                                        <ColumnReference Database="[ims_new]" Schema="[dbo]" Table="[REQUEST_VENDORS]" Column="REQUEST_VENDOR_ID" />
                                      </OrderByColumn>
                                    </OrderBy>
                                    <RelOp AvgRowSize="555" EstimateCPU="0.0305163" EstimateIO="0" EstimateRebinds="0" EstimateRewinds="0" EstimateRows="97.5452" LogicalOp="Gather Streams" NodeId="6" Parallel="true" PhysicalOp="Parallelism" EstimatedTotalSubtreeCost="90.6538">
                                      <OutputList>
                                        <ColumnReference Database="[ims_new]" Schema="[dbo]" Table="[REQUEST_VENDORS]" Column="REQUEST_VENDOR_ID" />
                                        <ColumnReference Database="[ims_new]" Schema="[dbo]" Table="[REQUEST_VENDORS]" Column="TOTAL_COST" />
                                        <ColumnReference Database="[ims_new]" Schema="[dbo]" Table="[REQUEST_VENDORS]" Column="INVOICE_NUMBERS" />
                                        <ColumnReference Column="Expr1021" />
                                        <ColumnReference Column="Expr1022" />
                                      </OutputList>
                                      <RunTimeInformation>
                                        <RunTimeCountersPerThread Thread="0" ActualRows="0" ActualEndOfScans="1" ActualExecutions="1" />
                                      </RunTimeInformation>
                                      <Parallelism>
                                        <RelOp AvgRowSize="555" EstimateCPU="0.27043" EstimateIO="0" EstimateRebinds="0" EstimateRewinds="0" EstimateRows="97.5452" LogicalOp="Inner Join" NodeId="7" Parallel="true" PhysicalOp="Hash Match" EstimatedTotalSubtreeCost="90.6233">
                                          <OutputList>
                                            <ColumnReference Database="[ims_new]" Schema="[dbo]" Table="[REQUEST_VENDORS]" Column="REQUEST_VENDOR_ID" />
                                            <ColumnReference Database="[ims_new]" Schema="[dbo]" Table="[REQUEST_VENDORS]" Column="TOTAL_COST" />
                                            <ColumnReference Database="[ims_new]" Schema="[dbo]" Table="[REQUEST_VENDORS]" Column="INVOICE_NUMBERS" />
                                            <ColumnReference Column="Expr1021" />
                                            <ColumnReference Column="Expr1022" />
                                          </OutputList>
                                          <MemoryFractions Input="0" Output="0" />
                                          <RunTimeInformation>
                                            <RunTimeCountersPerThread Thread="2" ActualRows="0" ActualEndOfScans="1" ActualExecutions="1" />
                                            <RunTimeCountersPerThread Thread="3" ActualRows="0" ActualEndOfScans="1" ActualExecutions="1" />
                                            <RunTimeCountersPerThread Thread="1" ActualRows="0" ActualEndOfScans="1" ActualExecutions="1" />
                                            <RunTimeCountersPerThread Thread="4" ActualRows="0" ActualEndOfScans="1" ActualExecutions="1" />
                                            <RunTimeCountersPerThread Thread="0" ActualRows="0" ActualEndOfScans="0" ActualExecutions="0" />
                                          </RunTimeInformation>
                                          <Hash>
                                            <DefinedValues />
                                            <HashKeysBuild>
                                              <ColumnReference Database="[ims_new]" Schema="[dbo]" Table="[REQUESTS]" Column="REQUEST_ID" />
                                              <ColumnReference Database="[ims_new]" Schema="[dbo]" Table="[REQUEST_VENDORS]" Column="VENDOR_CONTACT_ID" />
                                            </HashKeysBuild>
                                            <HashKeysProbe>
                                              <ColumnReference Database="[ims_new]" Schema="[dbo]" Table="[REQUEST_VENDORS]" Column="REQUEST_ID" />
                                              <ColumnReference Database="[ims_new]" Schema="[dbo]" Table="[REQUEST_VENDORS]" Column="VENDOR_CONTACT_ID" />
                                            </HashKeysProbe>
                                            <ProbeResidual>
                                              <ScalarOperator ScalarString="[ims_new].[dbo].[REQUEST_VENDORS].[REQUEST_ID]=[ims_new].[dbo].[REQUESTS].[REQUEST_ID] AND [ims_new].[dbo].[REQUEST_VENDORS].[VENDOR_CONTACT_ID]=[ims_new].[dbo].[REQUEST_VENDORS].[VENDOR_CONTACT_ID]">
                                                <Logical Operation="AND">
                                                  <ScalarOperator>
                                                    <Compare CompareOp="EQ">
                                                      <ScalarOperator>
                                                        <Identifier>
                                                          <ColumnReference Database="[ims_new]" Schema="[dbo]" Table="[REQUEST_VENDORS]" Column="REQUEST_ID" />
                                                        </Identifier>
                                                      </ScalarOperator>
                                                      <ScalarOperator>
                                                        <Identifier>
                                                          <ColumnReference Database="[ims_new]" Schema="[dbo]" Table="[REQUESTS]" Column="REQUEST_ID" />
                                                        </Identifier>
                                                      </ScalarOperator>
                                                    </Compare>
                                                  </ScalarOperator>
                                                  <ScalarOperator>
                                                    <Compare CompareOp="EQ">
                                                      <ScalarOperator>
                                                        <Identifier>
                                                          <ColumnReference Database="[ims_new]" Schema="[dbo]" Table="[REQUEST_VENDORS]" Column="VENDOR_CONTACT_ID" />
                                                        </Identifier>
                                                      </ScalarOperator>
                                                      <ScalarOperator>
                                                        <Identifier>
                                                          <ColumnReference Database="[ims_new]" Schema="[dbo]" Table="[REQUEST_VENDORS]" Column="VENDOR_CONTACT_ID" />
                                                        </Identifier>
                                                      </ScalarOperator>
                                                    </Compare>
                                                  </ScalarOperator>
                                                </Logical>
                                              </ScalarOperator>
                                            </ProbeResidual>
                                            <RelOp AvgRowSize="51" EstimateCPU="0.0290925" EstimateIO="0" EstimateRebinds="0" EstimateRewinds="0" EstimateRows="97.4166" LogicalOp="Distribute Streams" NodeId="8" Parallel="true" PhysicalOp="Parallelism" EstimatedTotalSubtreeCost="88.963">
                                              <OutputList>
                                                <ColumnReference Database="[ims_new]" Schema="[dbo]" Table="[REQUEST_VENDORS]" Column="VENDOR_CONTACT_ID" />
                                                <ColumnReference Database="[ims_new]" Schema="[dbo]" Table="[REQUESTS]" Column="REQUEST_ID" />
                                                <ColumnReference Column="Expr1021" />
                                                <ColumnReference Column="Expr1022" />
                                              </OutputList>
                                              <RunTimeInformation>
                                                <RunTimeCountersPerThread Thread="3" ActualRows="0" ActualEndOfScans="1" ActualExecutions="1" />
                                                <RunTimeCountersPerThread Thread="2" ActualRows="0" ActualEndOfScans="1" ActualExecutions="1" />
                                                <RunTimeCountersPerThread Thread="4" ActualRows="0" ActualEndOfScans="1" ActualExecutions="1" />
                                                <RunTimeCountersPerThread Thread="1" ActualRows="0" ActualEndOfScans="1" ActualExecutions="1" />
                                                <RunTimeCountersPerThread Thread="0" ActualRows="0" ActualEndOfScans="0" ActualExecutions="0" />
                                              </RunTimeInformation>
                                              <Parallelism PartitioningType="Broadcast">
                                                <RelOp AvgRowSize="51" EstimateCPU="0.000107158" EstimateIO="0" EstimateRebinds="0" EstimateRewinds="0" EstimateRows="97.4166" LogicalOp="Aggregate" NodeId="9" Parallel="false" PhysicalOp="Stream Aggregate" EstimatedTotalSubtreeCost="88.9339">
                                                  <OutputList>
                                                    <ColumnReference Database="[ims_new]" Schema="[dbo]" Table="[REQUEST_VENDORS]" Column="VENDOR_CONTACT_ID" />
                                                    <ColumnReference Database="[ims_new]" Schema="[dbo]" Table="[REQUESTS]" Column="REQUEST_ID" />
                                                    <ColumnReference Column="Expr1021" />
                                                    <ColumnReference Column="Expr1022" />
                                                  </OutputList>
                                                  <RunTimeInformation>
                                                    <RunTimeCountersPerThread Thread="1" ActualRows="0" ActualEndOfScans="1" ActualExecutions="1" />
                                                    <RunTimeCountersPerThread Thread="0" ActualRows="0" ActualEndOfScans="0" ActualExecutions="0" />
                                                  </RunTimeInformation>
                                                  <StreamAggregate>
                                                    <DefinedValues>
                                                      <DefinedValue>
                                                        <ColumnReference Column="Expr1022" />
                                                        <ScalarOperator ScalarString="SUM([Expr1041])">
                                                          <Aggregate AggType="SUM" Distinct="false">
                                                            <ScalarOperator>
                                                              <Identifier>
                                                                <ColumnReference Column="Expr1041" />
                                                              </Identifier>
                                                            </ScalarOperator>
                                                          </Aggregate>
                                                        </ScalarOperator>
                                                      </DefinedValue>
                                                      <DefinedValue>
                                                        <ColumnReference Column="Expr1021" />
                                                        <ScalarOperator ScalarString="ANY([Expr1021])">
                                                          <Aggregate AggType="ANY" Distinct="false">
                                                            <ScalarOperator>
                                                              <Identifier>
                                                                <ColumnReference Column="Expr1021" />
                                                              </Identifier>
                                                            </ScalarOperator>
                                                          </Aggregate>
                                                        </ScalarOperator>
                                                      </DefinedValue>
                                                      <DefinedValue>
                                                        <ColumnReference Database="[ims_new]" Schema="[dbo]" Table="[REQUEST_VENDORS]" Column="VENDOR_CONTACT_ID" />
                                                        <ScalarOperator ScalarString="ANY([ims_new].[dbo].[REQUEST_VENDORS].[VENDOR_CONTACT_ID])">
                                                          <Aggregate AggType="ANY" Distinct="false">
                                                            <ScalarOperator>
                                                              <Identifier>
                                                                <ColumnReference Database="[ims_new]" Schema="[dbo]" Table="[REQUEST_VENDORS]" Column="VENDOR_CONTACT_ID" />
                                                              </Identifier>
                                                            </ScalarOperator>
                                                          </Aggregate>
                                                        </ScalarOperator>
                                                      </DefinedValue>
                                                    </DefinedValues>
                                                    <GroupBy>
                                                      <ColumnReference Database="[ims_new]" Schema="[dbo]" Table="[PROJECTS]" Column="PROJECT_NO" />
                                                      <ColumnReference Database="[ims_new]" Schema="[dbo]" Table="[REQUESTS]" Column="REQUEST_ID" />
                                                    </GroupBy>
                                                    <RelOp AvgRowSize="69" EstimateCPU="0.0293607" EstimateIO="0" EstimateRebinds="0" EstimateRewinds="0" EstimateRows="97.4166" LogicalOp="Gather Streams" NodeId="10" Parallel="true" PhysicalOp="Parallelism" EstimatedTotalSubtreeCost="88.9338">
                                                      <OutputList>
                                                        <ColumnReference Database="[ims_new]" Schema="[dbo]" Table="[REQUEST_VENDORS]" Column="REQUEST_ID" />
                                                        <ColumnReference Database="[ims_new]" Schema="[dbo]" Table="[REQUEST_VENDORS]" Column="VENDOR_CONTACT_ID" />
                                                        <ColumnReference Database="[ims_new]" Schema="[dbo]" Table="[REQUESTS]" Column="REQUEST_ID" />
                                                        <ColumnReference Database="[ims_new]" Schema="[dbo]" Table="[PROJECTS]" Column="PROJECT_NO" />
                                                        <ColumnReference Column="Expr1021" />
                                                        <ColumnReference Column="Expr1041" />
                                                      </OutputList>
                                                      <RunTimeInformation>
                                                        <RunTimeCountersPerThread Thread="1" ActualRows="0" ActualEndOfScans="1" ActualExecutions="1" />
                                                        <RunTimeCountersPerThread Thread="0" ActualRows="0" ActualEndOfScans="0" ActualExecutions="0" />
                                                      </RunTimeInformation>
                                                      <Parallelism>
                                                        <OrderBy>
                                                          <OrderByColumn Ascending="true">
                                                            <ColumnReference Database="[ims_new]" Schema="[dbo]" Table="[PROJECTS]" Column="PROJECT_NO" />
                                                          </OrderByColumn>
                                                          <OrderByColumn Ascending="true">
                                                            <ColumnReference Database="[ims_new]" Schema="[dbo]" Table="[REQUEST_VENDORS]" Column="REQUEST_ID" />
                                                          </OrderByColumn>
                                                        </OrderBy>
                                                        <RelOp AvgRowSize="69" EstimateCPU="0.000203601" EstimateIO="0" EstimateRebinds="0" EstimateRewinds="0" EstimateRows="97.4166" LogicalOp="Inner Join" NodeId="11" Parallel="true" PhysicalOp="Nested Loops" EstimatedTotalSubtreeCost="88.9045">
                                                          <OutputList>
                                                            <ColumnReference Database="[ims_new]" Schema="[dbo]" Table="[REQUEST_VENDORS]" Column="REQUEST_ID" />
                                                            <ColumnReference Database="[ims_new]" Schema="[dbo]" Table="[REQUEST_VENDORS]" Column="VENDOR_CONTACT_ID" />
                                                            <ColumnReference Database="[ims_new]" Schema="[dbo]" Table="[REQUESTS]" Column="REQUEST_ID" />
                                                            <ColumnReference Database="[ims_new]" Schema="[dbo]" Table="[PROJECTS]" Column="PROJECT_NO" />
                                                            <ColumnReference Column="Expr1021" />
                                                            <ColumnReference Column="Expr1041" />
                                                          </OutputList>
                                                          <RunTimeInformation>
                                                            <RunTimeCountersPerThread Thread="2" ActualRows="0" ActualEndOfScans="1" ActualExecutions="1" />
                                                            <RunTimeCountersPerThread Thread="1" ActualRows="0" ActualEndOfScans="1" ActualExecutions="1" />
                                                            <RunTimeCountersPerThread Thread="4" ActualRows="0" ActualEndOfScans="1" ActualExecutions="1" />
                                                            <RunTimeCountersPerThread Thread="3" ActualRows="0" ActualEndOfScans="1" ActualExecutions="1" />
                                                            <RunTimeCountersPerThread Thread="0" ActualRows="0" ActualEndOfScans="0" ActualExecutions="0" />
                                                          </RunTimeInformation>
                                                          <NestedLoops Optimized="false" WithOrderedPrefetch="true">
                                                            <OuterReferences>
                                                              <ColumnReference Database="[ims_new]" Schema="[dbo]" Table="[PROJECTS]" Column="CUSTOMER_ID" />
                                                              <ColumnReference Column="Expr1053" />
                                                            </OuterReferences>
                                                            <RelOp AvgRowSize="78" EstimateCPU="0.000552003" EstimateIO="0.00563063" EstimateRebinds="0" EstimateRewinds="0" EstimateRows="97.4166" LogicalOp="Sort" NodeId="13" Parallel="true" PhysicalOp="Sort" EstimatedTotalSubtreeCost="88.7552">
                                                              <OutputList>
                                                                <ColumnReference Database="[ims_new]" Schema="[dbo]" Table="[REQUEST_VENDORS]" Column="REQUEST_ID" />
                                                                <ColumnReference Database="[ims_new]" Schema="[dbo]" Table="[REQUEST_VENDORS]" Column="VENDOR_CONTACT_ID" />
                                                                <ColumnReference Database="[ims_new]" Schema="[dbo]" Table="[REQUESTS]" Column="REQUEST_ID" />
                                                                <ColumnReference Database="[ims_new]" Schema="[dbo]" Table="[PROJECTS]" Column="PROJECT_NO" />
                                                                <ColumnReference Database="[ims_new]" Schema="[dbo]" Table="[PROJECTS]" Column="CUSTOMER_ID" />
                                                                <ColumnReference Column="Expr1021" />
                                                                <ColumnReference Column="Expr1041" />
                                                              </OutputList>
                                                              <MemoryFractions Input="0.333333" Output="1" />
                                                              <RunTimeInformation>
                                                                <RunTimeCountersPerThread Thread="2" ActualRebinds="1" ActualRewinds="0" ActualRows="0" ActualEndOfScans="1" ActualExecutions="1" />
                                                                <RunTimeCountersPerThread Thread="1" ActualRebinds="1" ActualRewinds="0" ActualRows="0" ActualEndOfScans="1" ActualExecutions="1" />
                                                                <RunTimeCountersPerThread Thread="4" ActualRebinds="1" ActualRewinds="0" ActualRows="0" ActualEndOfScans="1" ActualExecutions="1" />
                                                                <RunTimeCountersPerThread Thread="3" ActualRebinds="1" ActualRewinds="0" ActualRows="0" ActualEndOfScans="1" ActualExecutions="1" />
                                                                <RunTimeCountersPerThread Thread="0" ActualRebinds="0" ActualRewinds="0" ActualRows="0" ActualEndOfScans="0" ActualExecutions="0" />
                                                              </RunTimeInformation>
                                                              <Sort Distinct="false">
                                                                <OrderBy>
                                                                  <OrderByColumn Ascending="true">
                                                                    <ColumnReference Database="[ims_new]" Schema="[dbo]" Table="[PROJECTS]" Column="PROJECT_NO" />
                                                                  </OrderByColumn>
                                                                  <OrderByColumn Ascending="true">
                                                                    <ColumnReference Database="[ims_new]" Schema="[dbo]" Table="[REQUEST_VENDORS]" Column="REQUEST_ID" />
                                                                  </OrderByColumn>
                                                                </OrderBy>
                                                                <RelOp AvgRowSize="78" EstimateCPU="0.000203601" EstimateIO="0" EstimateRebinds="0" EstimateRewinds="0" EstimateRows="97.4166" LogicalOp="Inner Join" NodeId="14" Parallel="true" PhysicalOp="Nested Loops" EstimatedTotalSubtreeCost="88.749">
                                                                  <OutputList>
                                                                    <ColumnReference Database="[ims_new]" Schema="[dbo]" Table="[REQUEST_VENDORS]" Column="REQUEST_ID" />
                                                                    <ColumnReference Database="[ims_new]" Schema="[dbo]" Table="[REQUEST_VENDORS]" Column="VENDOR_CONTACT_ID" />
                                                                    <ColumnReference Database="[ims_new]" Schema="[dbo]" Table="[REQUESTS]" Column="REQUEST_ID" />
                                                                    <ColumnReference Database="[ims_new]" Schema="[dbo]" Table="[PROJECTS]" Column="PROJECT_NO" />
                                                                    <ColumnReference Database="[ims_new]" Schema="[dbo]" Table="[PROJECTS]" Column="CUSTOMER_ID" />
                                                                    <ColumnReference Column="Expr1021" />
                                                                    <ColumnReference Column="Expr1041" />
                                                                  </OutputList>
                                                                  <RunTimeInformation>
                                                                    <RunTimeCountersPerThread Thread="2" ActualRows="0" ActualEndOfScans="1" ActualExecutions="1" />
                                                                    <RunTimeCountersPerThread Thread="1" ActualRows="0" ActualEndOfScans="1" ActualExecutions="1" />
                                                                    <RunTimeCountersPerThread Thread="4" ActualRows="0" ActualEndOfScans="1" ActualExecutions="1" />
                                                                    <RunTimeCountersPerThread Thread="3" ActualRows="0" ActualEndOfScans="1" ActualExecutions="1" />
                                                                    <RunTimeCountersPerThread Thread="0" ActualRows="0" ActualEndOfScans="0" ActualExecutions="0" />
                                                                  </RunTimeInformation>
                                                                  <NestedLoops Optimized="false" WithUnorderedPrefetch="true">
                                                                    <OuterReferences>
                                                                      <ColumnReference Database="[ims_new]" Schema="[dbo]" Table="[REQUESTS]" Column="PROJECT_ID" />
                                                                      <ColumnReference Column="Expr1052" />
                                                                    </OuterReferences>
                                                                    <RelOp AvgRowSize="69" EstimateCPU="0.000237293" EstimateIO="0" EstimateRebinds="0" EstimateRewinds="0" EstimateRows="97.4166" LogicalOp="Inner Join" NodeId="16" Parallel="true" PhysicalOp="Nested Loops" EstimatedTotalSubtreeCost="88.4423">
                                                                      <OutputList>
                                                                        <ColumnReference Database="[ims_new]" Schema="[dbo]" Table="[REQUEST_VENDORS]" Column="REQUEST_ID" />
                                                                        <ColumnReference Database="[ims_new]" Schema="[dbo]" Table="[REQUEST_VENDORS]" Column="VENDOR_CONTACT_ID" />
                                                                        <ColumnReference Database="[ims_new]" Schema="[dbo]" Table="[REQUESTS]" Column="REQUEST_ID" />
                                                                        <ColumnReference Database="[ims_new]" Schema="[dbo]" Table="[REQUESTS]" Column="PROJECT_ID" />
                                                                        <ColumnReference Column="Expr1021" />
                                                                        <ColumnReference Column="Expr1041" />
                                                                      </OutputList>
                                                                      <RunTimeInformation>
                                                                        <RunTimeCountersPerThread Thread="2" ActualRows="0" ActualEndOfScans="1" ActualExecutions="1" />
                                                                        <RunTimeCountersPerThread Thread="1" ActualRows="0" ActualEndOfScans="1" ActualExecutions="1" />
                                                                        <RunTimeCountersPerThread Thread="4" ActualRows="0" ActualEndOfScans="1" ActualExecutions="1" />
                                                                        <RunTimeCountersPerThread Thread="3" ActualRows="0" ActualEndOfScans="1" ActualExecutions="1" />
                                                                        <RunTimeCountersPerThread Thread="0" ActualRows="0" ActualEndOfScans="0" ActualExecutions="0" />
                                                                      </RunTimeInformation>
                                                                      <NestedLoops Optimized="true" WithUnorderedPrefetch="true">
                                                                        <OuterReferences>
                                                                          <ColumnReference Database="[ims_new]" Schema="[dbo]" Table="[REQUEST_VENDORS]" Column="VENDOR_CONTACT_ID" />
                                                                          <ColumnReference Database="[ims_new]" Schema="[dbo]" Table="[SERVICES]" Column="REQUEST_ID" />
                                                                          <ColumnReference Column="Expr1051" />
                                                                        </OuterReferences>
                                                                        <RelOp AvgRowSize="60" EstimateCPU="0.270949" EstimateIO="0" EstimateRebinds="0" EstimateRewinds="0" EstimateRows="113.537" LogicalOp="Inner Join" NodeId="19" Parallel="true" PhysicalOp="Hash Match" EstimatedTotalSubtreeCost="88.0724">
                                                                          <OutputList>
                                                                            <ColumnReference Database="[ims_new]" Schema="[dbo]" Table="[REQUEST_VENDORS]" Column="REQUEST_ID" />
                                                                            <ColumnReference Database="[ims_new]" Schema="[dbo]" Table="[REQUEST_VENDORS]" Column="VENDOR_CONTACT_ID" />
                                                                            <ColumnReference Database="[ims_new]" Schema="[dbo]" Table="[SERVICES]" Column="REQUEST_ID" />
                                                                            <ColumnReference Column="Expr1021" />
                                                                            <ColumnReference Column="Expr1041" />
                                                                          </OutputList>
                                                                          <MemoryFractions Input="0" Output="0" />
                                                                          <RunTimeInformation>
                                                                            <RunTimeCountersPerThread Thread="2" ActualRows="0" ActualEndOfScans="1" ActualExecutions="1" />
                                                                            <RunTimeCountersPerThread Thread="1" ActualRows="0" ActualEndOfScans="1" ActualExecutions="1" />
                                                                            <RunTimeCountersPerThread Thread="4" ActualRows="0" ActualEndOfScans="1" ActualExecutions="1" />
                                                                            <RunTimeCountersPerThread Thread="3" ActualRows="0" ActualEndOfScans="1" ActualExecutions="1" />
                                                                            <RunTimeCountersPerThread Thread="0" ActualRows="0" ActualEndOfScans="0" ActualExecutions="0" />
                                                                          </RunTimeInformation>
                                                                          <Hash>
                                                                            <DefinedValues />
                                                                            <HashKeysBuild>
                                                                              <ColumnReference Database="[ims_new]" Schema="[dbo]" Table="[SERVICES]" Column="REQUEST_ID" />
                                                                            </HashKeysBuild>
                                                                            <HashKeysProbe>
                                                                              <ColumnReference Database="[ims_new]" Schema="[dbo]" Table="[REQUEST_VENDORS]" Column="REQUEST_ID" />
                                                                            </HashKeysProbe>
                                                                            <ProbeResidual>
                                                                              <ScalarOperator ScalarString="[ims_new].[dbo].[REQUEST_VENDORS].[REQUEST_ID]=[ims_new].[dbo].[SERVICES].[REQUEST_ID]">
                                                                                <Compare CompareOp="EQ">
                                                                                  <ScalarOperator>
                                                                                    <Identifier>
                                                                                      <ColumnReference Database="[ims_new]" Schema="[dbo]" Table="[REQUEST_VENDORS]" Column="REQUEST_ID" />
                                                                                    </Identifier>
                                                                                  </ScalarOperator>
                                                                                  <ScalarOperator>
                                                                                    <Identifier>
                                                                                      <ColumnReference Database="[ims_new]" Schema="[dbo]" Table="[SERVICES]" Column="REQUEST_ID" />
                                                                                    </Identifier>
                                                                                  </ScalarOperator>
                                                                                </Compare>
                                                                              </ScalarOperator>
                                                                            </ProbeResidual>
                                                                            <RelOp AvgRowSize="42" EstimateCPU="0.0288696" EstimateIO="0" EstimateRebinds="0" EstimateRewinds="0" EstimateRows="128.581" LogicalOp="Bitmap Create" NodeId="20" Parallel="true" PhysicalOp="Bitmap" EstimatedTotalSubtreeCost="86.2263">
                                                                              <OutputList>
                                                                                <ColumnReference Database="[ims_new]" Schema="[dbo]" Table="[SERVICES]" Column="REQUEST_ID" />
                                                                                <ColumnReference Column="Expr1021" />
                                                                                <ColumnReference Column="Expr1041" />
                                                                              </OutputList>
                                                                              <RunTimeInformation>
                                                                                <RunTimeCountersPerThread Thread="4" ActualRows="0" ActualEndOfScans="1" ActualExecutions="1" />
                                                                                <RunTimeCountersPerThread Thread="2" ActualRows="0" ActualEndOfScans="1" ActualExecutions="1" />
                                                                                <RunTimeCountersPerThread Thread="1" ActualRows="0" ActualEndOfScans="1" ActualExecutions="1" />
                                                                                <RunTimeCountersPerThread Thread="3" ActualRows="12" ActualEndOfScans="1" ActualExecutions="1" />
                                                                                <RunTimeCountersPerThread Thread="0" ActualRows="0" ActualEndOfScans="0" ActualExecutions="0" />
                                                                              </RunTimeInformation>
                                                                              <Bitmap>
                                                                                <DefinedValues>
                                                                                  <DefinedValue>
                                                                                    <ColumnReference Column="Bitmap1050" />
                                                                                  </DefinedValue>
                                                                                </DefinedValues>
                                                                                <HashKeys>
                                                                                  <ColumnReference Database="[ims_new]" Schema="[dbo]" Table="[SERVICES]" Column="REQUEST_ID" />
                                                                                </HashKeys>
                                                                                <RelOp AvgRowSize="42" EstimateCPU="0.0288696" EstimateIO="0" EstimateRebinds="0" EstimateRewinds="0" EstimateRows="128.581" LogicalOp="Repartition Streams" NodeId="21" Parallel="true" PhysicalOp="Parallelism" EstimatedTotalSubtreeCost="86.2263">
                                                                                  <OutputList>
                                                                                    <ColumnReference Database="[ims_new]" Schema="[dbo]" Table="[SERVICES]" Column="REQUEST_ID" />
                                                                                    <ColumnReference Column="Expr1021" />
                                                                                    <ColumnReference Column="Expr1041" />
                                                                                  </OutputList>
                                                                                  <RunTimeInformation>
                                                                                    <RunTimeCountersPerThread Thread="4" ActualRows="0" ActualEndOfScans="1" ActualExecutions="1" />
                                                                                    <RunTimeCountersPerThread Thread="1" ActualRows="0" ActualEndOfScans="1" ActualExecutions="1" />
                                                                                    <RunTimeCountersPerThread Thread="2" ActualRows="0" ActualEndOfScans="1" ActualExecutions="1" />
                                                                                    <RunTimeCountersPerThread Thread="3" ActualRows="12" ActualEndOfScans="1" ActualExecutions="1" />
                                                                                    <RunTimeCountersPerThread Thread="0" ActualRows="0" ActualEndOfScans="0" ActualExecutions="0" />
                                                                                  </RunTimeInformation>
                                                                                  <Parallelism PartitioningType="Hash">
                                                                                    <PartitionColumns>
                                                                                      <ColumnReference Database="[ims_new]" Schema="[dbo]" Table="[SERVICES]" Column="REQUEST_ID" />
                                                                                    </PartitionColumns>
                                                                                    <RelOp AvgRowSize="42" EstimateCPU="0.000268735" EstimateIO="0" EstimateRebinds="0" EstimateRewinds="0" EstimateRows="128.581" LogicalOp="Inner Join" NodeId="22" Parallel="true" PhysicalOp="Nested Loops" EstimatedTotalSubtreeCost="86.1974">
                                                                                      <OutputList>
                                                                                        <ColumnReference Database="[ims_new]" Schema="[dbo]" Table="[SERVICES]" Column="REQUEST_ID" />
                                                                                        <ColumnReference Column="Expr1021" />
                                                                                        <ColumnReference Column="Expr1041" />
                                                                                      </OutputList>
                                                                                      <RunTimeInformation>
                                                                                        <RunTimeCountersPerThread Thread="3" ActualRows="0" ActualEndOfScans="1" ActualExecutions="1" />
                                                                                        <RunTimeCountersPerThread Thread="1" ActualRows="0" ActualEndOfScans="1" ActualExecutions="1" />
                                                                                        <RunTimeCountersPerThread Thread="2" ActualRows="0" ActualEndOfScans="1" ActualExecutions="1" />
                                                                                        <RunTimeCountersPerThread Thread="4" ActualRows="12" ActualEndOfScans="1" ActualExecutions="1" />
                                                                                        <RunTimeCountersPerThread Thread="0" ActualRows="0" ActualEndOfScans="0" ActualExecutions="0" />
                                                                                      </RunTimeInformation>
                                                                                      <NestedLoops Optimized="true" WithUnorderedPrefetch="true">
                                                                                        <OuterReferences>
                                                                                          <ColumnReference Database="[ims_new]" Schema="[dbo]" Table="[SERVICE_LINES]" Column="BILL_SERVICE_ID" />
                                                                                          <ColumnReference Column="Expr1049" />
                                                                                        </OuterReferences>
                                                                                        <RelOp AvgRowSize="42" EstimateCPU="0.248299" EstimateIO="0" EstimateRebinds="0" EstimateRewinds="0" EstimateRows="128.581" LogicalOp="Filter" NodeId="25" Parallel="true" PhysicalOp="Filter" EstimatedTotalSubtreeCost="85.7795">
                                                                                          <OutputList>
                                                                                            <ColumnReference Database="[ims_new]" Schema="[dbo]" Table="[SERVICE_LINES]" Column="BILL_SERVICE_ID" />
                                                                                            <ColumnReference Column="Expr1021" />
                                                                                            <ColumnReference Database="[ims_new]" Schema="[dbo]" Table="[SERVICE_LINES]" Column="bill_total" ComputedColumn="true" />
                                                                                          </OutputList>
                                                                                          <RunTimeInformation>
                                                                                            <RunTimeCountersPerThread Thread="1" ActualRows="0" ActualEndOfScans="1" ActualExecutions="1" />
                                                                                            <RunTimeCountersPerThread Thread="2" ActualRows="0" ActualEndOfScans="1" ActualExecutions="1" />
                                                                                            <RunTimeCountersPerThread Thread="3" ActualRows="0" ActualEndOfScans="1" ActualExecutions="1" />
                                                                                            <RunTimeCountersPerThread Thread="4" ActualRows="12" ActualEndOfScans="1" ActualExecutions="1" />
                                                                                            <RunTimeCountersPerThread Thread="0" ActualRows="0" ActualEndOfScans="0" ActualExecutions="0" />
                                                                                          </RunTimeInformation>
                                                                                          <Filter StartupExpression="false">
                                                                                            <RelOp AvgRowSize="42" EstimateCPU="0.0517289" EstimateIO="0" EstimateRebinds="0" EstimateRewinds="0" EstimateRows="1034580" LogicalOp="Compute Scalar" NodeId="26" Parallel="true" PhysicalOp="Compute Scalar" EstimatedTotalSubtreeCost="85.5312">
                                                                                              <OutputList>
                                                                                                <ColumnReference Database="[ims_new]" Schema="[dbo]" Table="[SERVICE_LINES]" Column="BILL_SERVICE_ID" />
                                                                                                <ColumnReference Column="Expr1021" />
                                                                                                <ColumnReference Database="[ims_new]" Schema="[dbo]" Table="[SERVICE_LINES]" Column="bill_total" ComputedColumn="true" />
                                                                                              </OutputList>
                                                                                              <ComputeScalar>
                                                                                                <DefinedValues>
                                                                                                  <DefinedValue>
                                                                                                    <ColumnReference Column="Expr1021" />
                                                                                                    <ScalarOperator ScalarString="isnull([ims_new].[dbo].[SERVICE_LINES].[INVOICE_ID],[ims_new].[dbo].[SERVICE_LINES].[POSTED_FROM_INVOICE_ID])">
                                                                                                      <Intrinsic FunctionName="isnull">
                                                                                                        <ScalarOperator>
                                                                                                          <Identifier>
                                                                                                            <ColumnReference Database="[ims_new]" Schema="[dbo]" Table="[SERVICE_LINES]" Column="INVOICE_ID" />
                                                                                                          </Identifier>
                                                                                                        </ScalarOperator>
                                                                                                        <ScalarOperator>
                                                                                                          <Identifier>
                                                                                                            <ColumnReference Database="[ims_new]" Schema="[dbo]" Table="[SERVICE_LINES]" Column="POSTED_FROM_INVOICE_ID" />
                                                                                                          </Identifier>
                                                                                                        </ScalarOperator>
                                                                                                      </Intrinsic>
                                                                                                    </ScalarOperator>
                                                                                                  </DefinedValue>
                                                                                                  <DefinedValue>
                                                                                                    <ColumnReference Database="[ims_new]" Schema="[dbo]" Table="[SERVICE_LINES]" Column="bill_total" ComputedColumn="true" />
                                                                                                    <ScalarOperator ScalarString="[ims_new].[dbo].[SERVICE_LINES].[bill_total]">
                                                                                                      <Identifier>
                                                                                                        <ColumnReference Database="[ims_new]" Schema="[dbo]" Table="[SERVICE_LINES]" Column="bill_total" ComputedColumn="true" />
                                                                                                      </Identifier>
                                                                                                    </ScalarOperator>
                                                                                                  </DefinedValue>
                                                                                                </DefinedValues>
                                                                                                <RelOp AvgRowSize="51" EstimateCPU="0.0517289" EstimateIO="0" EstimateRebinds="0" EstimateRewinds="0" EstimateRows="1034580" LogicalOp="Compute Scalar" NodeId="27" Parallel="true" PhysicalOp="Compute Scalar" EstimatedTotalSubtreeCost="85.4795">
                                                                                                  <OutputList>
                                                                                                    <ColumnReference Database="[ims_new]" Schema="[dbo]" Table="[SERVICE_LINES]" Column="BILL_SERVICE_ID" />
                                                                                                    <ColumnReference Database="[ims_new]" Schema="[dbo]" Table="[SERVICE_LINES]" Column="INVOICE_ID" />
                                                                                                    <ColumnReference Database="[ims_new]" Schema="[dbo]" Table="[SERVICE_LINES]" Column="POSTED_FROM_INVOICE_ID" />
                                                                                                    <ColumnReference Database="[ims_new]" Schema="[dbo]" Table="[SERVICE_LINES]" Column="bill_total" ComputedColumn="true" />
                                                                                                  </OutputList>
                                                                                                  <ComputeScalar>
                                                                                                    <DefinedValues>
                                                                                                      <DefinedValue>
                                                                                                        <ColumnReference Database="[ims_new]" Schema="[dbo]" Table="[SERVICE_LINES]" Column="bill_total" ComputedColumn="true" />
                                                                                                        <ScalarOperator ScalarString="isnull([ims_new].[dbo].[SERVICE_LINES].[BILL_QTY]*[ims_new].[dbo].[SERVICE_LINES].[BILL_RATE],(0.00000))">
                                                                                                          <Intrinsic FunctionName="isnull">
                                                                                                            <ScalarOperator>
                                                                                                              <Arithmetic Operation="MULT">
                                                                                                                <ScalarOperator>
                                                                                                                  <Identifier>
                                                                                                                    <ColumnReference Database="[ims_new]" Schema="[dbo]" Table="[SERVICE_LINES]" Column="BILL_QTY" />
                                                                                                                  </Identifier>
                                                                                                                </ScalarOperator>
                                                                                                                <ScalarOperator>
                                                                                                                  <Identifier>
                                                                                                                    <ColumnReference Database="[ims_new]" Schema="[dbo]" Table="[SERVICE_LINES]" Column="BILL_RATE" />
                                                                                                                  </Identifier>
                                                                                                                </ScalarOperator>
                                                                                                              </Arithmetic>
                                                                                                            </ScalarOperator>
                                                                                                            <ScalarOperator>
                                                                                                              <Const ConstValue="(0.00000)" />
                                                                                                            </ScalarOperator>
                                                                                                          </Intrinsic>
                                                                                                        </ScalarOperator>
                                                                                                      </DefinedValue>
                                                                                                    </DefinedValues>
                                                                                                    <RelOp AvgRowSize="52" EstimateCPU="0.569096" EstimateIO="84.8587" EstimateRebinds="0" EstimateRewinds="0" EstimateRows="1034580" LogicalOp="Clustered Index Scan" NodeId="28" Parallel="true" PhysicalOp="Clustered Index Scan" EstimatedTotalSubtreeCost="85.4278">
                                                                                                      <OutputList>
                                                                                                        <ColumnReference Database="[ims_new]" Schema="[dbo]" Table="[SERVICE_LINES]" Column="BILL_SERVICE_ID" />
                                                                                                        <ColumnReference Database="[ims_new]" Schema="[dbo]" Table="[SERVICE_LINES]" Column="INVOICE_ID" />
                                                                                                        <ColumnReference Database="[ims_new]" Schema="[dbo]" Table="[SERVICE_LINES]" Column="POSTED_FROM_INVOICE_ID" />
                                                                                                        <ColumnReference Database="[ims_new]" Schema="[dbo]" Table="[SERVICE_LINES]" Column="BILL_QTY" />
                                                                                                        <ColumnReference Database="[ims_new]" Schema="[dbo]" Table="[SERVICE_LINES]" Column="BILL_RATE" />
                                                                                                      </OutputList>
                                                                                                      <RunTimeInformation>
                                                                                                        <RunTimeCountersPerThread Thread="2" ActualRows="269094" ActualEndOfScans="1" ActualExecutions="1" />
                                                                                                        <RunTimeCountersPerThread Thread="1" ActualRows="256579" ActualEndOfScans="1" ActualExecutions="1" />
                                                                                                        <RunTimeCountersPerThread Thread="4" ActualRows="244059" ActualEndOfScans="1" ActualExecutions="1" />
                                                                                                        <RunTimeCountersPerThread Thread="3" ActualRows="264846" ActualEndOfScans="1" ActualExecutions="1" />
                                                                                                        <RunTimeCountersPerThread Thread="0" ActualRows="0" ActualEndOfScans="0" ActualExecutions="0" />
                                                                                                      </RunTimeInformation>
                                                                                                      <IndexScan Ordered="false" ForcedIndex="false" NoExpandHint="false">
                                                                                                        <DefinedValues>
                                                                                                          <DefinedValue>
                                                                                                            <ColumnReference Database="[ims_new]" Schema="[dbo]" Table="[SERVICE_LINES]" Column="BILL_SERVICE_ID" />
                                                                                                          </DefinedValue>
                                                                                                          <DefinedValue>
                                                                                                            <ColumnReference Database="[ims_new]" Schema="[dbo]" Table="[SERVICE_LINES]" Column="INVOICE_ID" />
                                                                                                          </DefinedValue>
                                                                                                          <DefinedValue>
                                                                                                            <ColumnReference Database="[ims_new]" Schema="[dbo]" Table="[SERVICE_LINES]" Column="POSTED_FROM_INVOICE_ID" />
                                                                                                          </DefinedValue>
                                                                                                          <DefinedValue>
                                                                                                            <ColumnReference Database="[ims_new]" Schema="[dbo]" Table="[SERVICE_LINES]" Column="BILL_QTY" />
                                                                                                          </DefinedValue>
                                                                                                          <DefinedValue>
                                                                                                            <ColumnReference Database="[ims_new]" Schema="[dbo]" Table="[SERVICE_LINES]" Column="BILL_RATE" />
                                                                                                          </DefinedValue>
                                                                                                        </DefinedValues>
                                                                                                        <Object Database="[ims_new]" Schema="[dbo]" Table="[SERVICE_LINES]" Index="[PK_SERVICE_LINES]" TableReferenceId="-1" />
                                                                                                      </IndexScan>
                                                                                                    </RelOp>
                                                                                                  </ComputeScalar>
                                                                                                </RelOp>
                                                                                              </ComputeScalar>
                                                                                            </RelOp>
                                                                                            <Predicate>
                                                                                              <ScalarOperator ScalarString="[Expr1021]=(164325.)">
                                                                                                <Compare CompareOp="EQ">
                                                                                                  <ScalarOperator>
                                                                                                    <Identifier>
                                                                                                      <ColumnReference Column="Expr1021" />
                                                                                                    </Identifier>
                                                                                                  </ScalarOperator>
                                                                                                  <ScalarOperator>
                                                                                                    <Const ConstValue="(164325.)" />
                                                                                                  </ScalarOperator>
                                                                                                </Compare>
                                                                                              </ScalarOperator>
                                                                                            </Predicate>
                                                                                          </Filter>
                                                                                        </RelOp>
                                                                                        <RelOp AvgRowSize="16" EstimateCPU="0.0001581" EstimateIO="0.003125" EstimateRebinds="127.581" EstimateRewinds="0" EstimateRows="1" LogicalOp="Clustered Index Seek" NodeId="38" Parallel="true" PhysicalOp="Clustered Index Seek" EstimatedTotalSubtreeCost="0.417591">
                                                                                          <OutputList>
                                                                                            <ColumnReference Database="[ims_new]" Schema="[dbo]" Table="[SERVICES]" Column="REQUEST_ID" />
                                                                                          </OutputList>
                                                                                          <RunTimeInformation>
                                                                                            <RunTimeCountersPerThread Thread="3" ActualRows="0" ActualEndOfScans="0" ActualExecutions="0" />
                                                                                            <RunTimeCountersPerThread Thread="1" ActualRows="0" ActualEndOfScans="0" ActualExecutions="0" />
                                                                                            <RunTimeCountersPerThread Thread="2" ActualRows="0" ActualEndOfScans="0" ActualExecutions="0" />
                                                                                            <RunTimeCountersPerThread Thread="4" ActualRows="12" ActualEndOfScans="0" ActualExecutions="12" />
                                                                                            <RunTimeCountersPerThread Thread="0" ActualRows="0" ActualEndOfScans="0" ActualExecutions="0" />
                                                                                          </RunTimeInformation>
                                                                                          <IndexScan Ordered="true" ScanDirection="FORWARD" ForcedIndex="false" NoExpandHint="false">
                                                                                            <DefinedValues>
                                                                                              <DefinedValue>
                                                                                                <ColumnReference Database="[ims_new]" Schema="[dbo]" Table="[SERVICES]" Column="REQUEST_ID" />
                                                                                              </DefinedValue>
                                                                                            </DefinedValues>
                                                                                            <Object Database="[ims_new]" Schema="[dbo]" Table="[SERVICES]" Index="[PK_SERVICES]" TableReferenceId="-1" />
                                                                                            <SeekPredicates>
                                                                                              <SeekPredicate>
                                                                                                <Prefix ScanType="EQ">
                                                                                                  <RangeColumns>
                                                                                                    <ColumnReference Database="[ims_new]" Schema="[dbo]" Table="[SERVICES]" Column="SERVICE_ID" />
                                                                                                  </RangeColumns>
                                                                                                  <RangeExpressions>
                                                                                                    <ScalarOperator ScalarString="[ims_new].[dbo].[SERVICE_LINES].[BILL_SERVICE_ID]">
                                                                                                      <Identifier>
                                                                                                        <ColumnReference Database="[ims_new]" Schema="[dbo]" Table="[SERVICE_LINES]" Column="BILL_SERVICE_ID" />
                                                                                                      </Identifier>
                                                                                                    </ScalarOperator>
                                                                                                  </RangeExpressions>
                                                                                                </Prefix>
                                                                                              </SeekPredicate>
                                                                                            </SeekPredicates>
                                                                                          </IndexScan>
                                                                                        </RelOp>
                                                                                      </NestedLoops>
                                                                                    </RelOp>
                                                                                  </Parallelism>
                                                                                </RelOp>
                                                                              </Bitmap>
                                                                            </RelOp>
                                                                            <RelOp AvgRowSize="25" EstimateCPU="0.185351" EstimateIO="0" EstimateRebinds="0" EstimateRewinds="0" EstimateRows="76648" LogicalOp="Repartition Streams" NodeId="39" Parallel="true" PhysicalOp="Parallelism" EstimatedTotalSubtreeCost="1.57515">
                                                                              <OutputList>
                                                                                <ColumnReference Database="[ims_new]" Schema="[dbo]" Table="[REQUEST_VENDORS]" Column="REQUEST_ID" />
                                                                                <ColumnReference Database="[ims_new]" Schema="[dbo]" Table="[REQUEST_VENDORS]" Column="VENDOR_CONTACT_ID" />
                                                                              </OutputList>
                                                                              <RunTimeInformation>
                                                                                <RunTimeCountersPerThread Thread="4" ActualRows="0" ActualEndOfScans="0" ActualExecutions="1" />
                                                                                <RunTimeCountersPerThread Thread="1" ActualRows="0" ActualEndOfScans="0" ActualExecutions="1" />
                                                                                <RunTimeCountersPerThread Thread="2" ActualRows="0" ActualEndOfScans="0" ActualExecutions="1" />
                                                                                <RunTimeCountersPerThread Thread="3" ActualRows="19169" ActualEndOfScans="1" ActualExecutions="1" />
                                                                                <RunTimeCountersPerThread Thread="0" ActualRows="0" ActualEndOfScans="0" ActualExecutions="0" />
                                                                              </RunTimeInformation>
                                                                              <Parallelism PartitioningType="Hash">
                                                                                <PartitionColumns>
                                                                                  <ColumnReference Database="[ims_new]" Schema="[dbo]" Table="[REQUEST_VENDORS]" Column="REQUEST_ID" />
                                                                                </PartitionColumns>
                                                                                <ProbeColumn>
                                                                                  <ColumnReference Column="Bitmap1050" />
                                                                                </ProbeColumn>
                                                                                <RelOp AvgRowSize="25" EstimateCPU="0.0422349" EstimateIO="1.34757" EstimateRebinds="0" EstimateRewinds="0" EstimateRows="76648" LogicalOp="Clustered Index Scan" NodeId="40" Parallel="true" PhysicalOp="Clustered Index Scan" EstimatedTotalSubtreeCost="1.3898">
                                                                                  <OutputList>
                                                                                    <ColumnReference Database="[ims_new]" Schema="[dbo]" Table="[REQUEST_VENDORS]" Column="REQUEST_ID" />
                                                                                    <ColumnReference Database="[ims_new]" Schema="[dbo]" Table="[REQUEST_VENDORS]" Column="VENDOR_CONTACT_ID" />
                                                                                  </OutputList>
                                                                                  <RunTimeInformation>
                                                                                    <RunTimeCountersPerThread Thread="3" ActualRows="6688" ActualEndOfScans="1" ActualExecutions="1" />
                                                                                    <RunTimeCountersPerThread Thread="2" ActualRows="22876" ActualEndOfScans="1" ActualExecutions="1" />
                                                                                    <RunTimeCountersPerThread Thread="1" ActualRows="9464" ActualEndOfScans="1" ActualExecutions="1" />
                                                                                    <RunTimeCountersPerThread Thread="4" ActualRows="37620" ActualEndOfScans="1" ActualExecutions="1" />
                                                                                    <RunTimeCountersPerThread Thread="0" ActualRows="0" ActualEndOfScans="0" ActualExecutions="0" />
                                                                                  </RunTimeInformation>
                                                                                  <IndexScan Ordered="false" ForcedIndex="false" NoExpandHint="false">
                                                                                    <DefinedValues>
                                                                                      <DefinedValue>
                                                                                        <ColumnReference Database="[ims_new]" Schema="[dbo]" Table="[REQUEST_VENDORS]" Column="REQUEST_ID" />
                                                                                      </DefinedValue>
                                                                                      <DefinedValue>
                                                                                        <ColumnReference Database="[ims_new]" Schema="[dbo]" Table="[REQUEST_VENDORS]" Column="VENDOR_CONTACT_ID" />
                                                                                      </DefinedValue>
                                                                                    </DefinedValues>
                                                                                    <Object Database="[ims_new]" Schema="[dbo]" Table="[REQUEST_VENDORS]" Index="[PK_REQUEST_VENDORS]" TableReferenceId="-1" />
                                                                                  </IndexScan>
                                                                                </RelOp>
                                                                              </Parallelism>
                                                                            </RelOp>
                                                                          </Hash>
                                                                        </RelOp>
                                                                        <RelOp AvgRowSize="34" EstimateCPU="0.0001581" EstimateIO="0.003125" EstimateRebinds="112.537" EstimateRewinds="0" EstimateRows="1" LogicalOp="Clustered Index Seek" NodeId="42" Parallel="true" PhysicalOp="Clustered Index Seek" EstimatedTotalSubtreeCost="0.369614">
                                                                          <OutputList>
                                                                            <ColumnReference Database="[ims_new]" Schema="[dbo]" Table="[REQUESTS]" Column="REQUEST_ID" />
                                                                            <ColumnReference Database="[ims_new]" Schema="[dbo]" Table="[REQUESTS]" Column="PROJECT_ID" />
                                                                            <ColumnReference Database="[ims_new]" Schema="[dbo]" Table="[REQUESTS]" Column="FURNITURE1_CONTACT_ID" />
                                                                          </OutputList>
                                                                          <RunTimeInformation>
                                                                            <RunTimeCountersPerThread Thread="1" ActualRows="0" ActualEndOfScans="0" ActualExecutions="0" />
                                                                            <RunTimeCountersPerThread Thread="2" ActualRows="0" ActualEndOfScans="0" ActualExecutions="0" />
                                                                            <RunTimeCountersPerThread Thread="4" ActualRows="0" ActualEndOfScans="0" ActualExecutions="0" />
                                                                            <RunTimeCountersPerThread Thread="3" ActualRows="0" ActualEndOfScans="0" ActualExecutions="0" />
                                                                            <RunTimeCountersPerThread Thread="0" ActualRows="0" ActualEndOfScans="0" ActualExecutions="0" />
                                                                          </RunTimeInformation>
                                                                          <IndexScan Ordered="true" ScanDirection="FORWARD" ForcedIndex="false" NoExpandHint="false">
                                                                            <DefinedValues>
                                                                              <DefinedValue>
                                                                                <ColumnReference Database="[ims_new]" Schema="[dbo]" Table="[REQUESTS]" Column="REQUEST_ID" />
                                                                              </DefinedValue>
                                                                              <DefinedValue>
                                                                                <ColumnReference Database="[ims_new]" Schema="[dbo]" Table="[REQUESTS]" Column="PROJECT_ID" />
                                                                              </DefinedValue>
                                                                              <DefinedValue>
                                                                                <ColumnReference Database="[ims_new]" Schema="[dbo]" Table="[REQUESTS]" Column="FURNITURE1_CONTACT_ID" />
                                                                              </DefinedValue>
                                                                            </DefinedValues>
                                                                            <Object Database="[ims_new]" Schema="[dbo]" Table="[REQUESTS]" Index="[PK_REQUESTS]" TableReferenceId="-1" />
                                                                            <SeekPredicates>
                                                                              <SeekPredicate>
                                                                                <Prefix ScanType="EQ">
                                                                                  <RangeColumns>
                                                                                    <ColumnReference Database="[ims_new]" Schema="[dbo]" Table="[REQUESTS]" Column="REQUEST_ID" />
                                                                                  </RangeColumns>
                                                                                  <RangeExpressions>
                                                                                    <ScalarOperator ScalarString="[ims_new].[dbo].[SERVICES].[REQUEST_ID]">
                                                                                      <Identifier>
                                                                                        <ColumnReference Database="[ims_new]" Schema="[dbo]" Table="[SERVICES]" Column="REQUEST_ID" />
                                                                                      </Identifier>
                                                                                    </ScalarOperator>
                                                                                  </RangeExpressions>
                                                                                </Prefix>
                                                                              </SeekPredicate>
                                                                            </SeekPredicates>
                                                                            <Predicate>
                                                                              <ScalarOperator ScalarString="[ims_new].[dbo].[REQUEST_VENDORS].[VENDOR_CONTACT_ID]=[ims_new].[dbo].[REQUESTS].[FURNITURE1_CONTACT_ID]">
                                                                                <Compare CompareOp="EQ">
                                                                                  <ScalarOperator>
                                                                                    <Identifier>
                                                                                      <ColumnReference Database="[ims_new]" Schema="[dbo]" Table="[REQUEST_VENDORS]" Column="VENDOR_CONTACT_ID" />
                                                                                    </Identifier>
                                                                                  </ScalarOperator>
                                                                                  <ScalarOperator>
                                                                                    <Identifier>
                                                                                      <ColumnReference Database="[ims_new]" Schema="[dbo]" Table="[REQUESTS]" Column="FURNITURE1_CONTACT_ID" />
                                                                                    </Identifier>
                                                                                  </ScalarOperator>
                                                                                </Compare>
                                                                              </ScalarOperator>
                                                                            </Predicate>
                                                                          </IndexScan>
                                                                        </RelOp>
                                                                      </NestedLoops>
                                                                    </RelOp>
                                                                    <RelOp AvgRowSize="25" EstimateCPU="0.0001581" EstimateIO="0.003125" EstimateRebinds="96.4166" EstimateRewinds="0" EstimateRows="1" LogicalOp="Clustered Index Seek" NodeId="43" Parallel="true" PhysicalOp="Clustered Index Seek" EstimatedTotalSubtreeCost="0.306559">
                                                                      <OutputList>
                                                                        <ColumnReference Database="[ims_new]" Schema="[dbo]" Table="[PROJECTS]" Column="PROJECT_NO" />
                                                                        <ColumnReference Database="[ims_new]" Schema="[dbo]" Table="[PROJECTS]" Column="CUSTOMER_ID" />
                                                                      </OutputList>
                                                                      <RunTimeInformation>
                                                                        <RunTimeCountersPerThread Thread="1" ActualRows="0" ActualEndOfScans="0" ActualExecutions="0" />
                                                                        <RunTimeCountersPerThread Thread="2" ActualRows="0" ActualEndOfScans="0" ActualExecutions="0" />
                                                                        <RunTimeCountersPerThread Thread="4" ActualRows="0" ActualEndOfScans="0" ActualExecutions="0" />
                                                                        <RunTimeCountersPerThread Thread="3" ActualRows="0" ActualEndOfScans="0" ActualExecutions="0" />
                                                                        <RunTimeCountersPerThread Thread="0" ActualRows="0" ActualEndOfScans="0" ActualExecutions="0" />
                                                                      </RunTimeInformation>
                                                                      <IndexScan Ordered="true" ScanDirection="FORWARD" ForcedIndex="false" NoExpandHint="false">
                                                                        <DefinedValues>
                                                                          <DefinedValue>
                                                                            <ColumnReference Database="[ims_new]" Schema="[dbo]" Table="[PROJECTS]" Column="PROJECT_NO" />
                                                                          </DefinedValue>
                                                                          <DefinedValue>
                                                                            <ColumnReference Database="[ims_new]" Schema="[dbo]" Table="[PROJECTS]" Column="CUSTOMER_ID" />
                                                                          </DefinedValue>
                                                                        </DefinedValues>
                                                                        <Object Database="[ims_new]" Schema="[dbo]" Table="[PROJECTS]" Index="[PK_PROJECTS]" TableReferenceId="-1" />
                                                                        <SeekPredicates>
                                                                          <SeekPredicate>
                                                                            <Prefix ScanType="EQ">
                                                                              <RangeColumns>
                                                                                <ColumnReference Database="[ims_new]" Schema="[dbo]" Table="[PROJECTS]" Column="PROJECT_ID" />
                                                                              </RangeColumns>
                                                                              <RangeExpressions>
                                                                                <ScalarOperator ScalarString="[ims_new].[dbo].[REQUESTS].[PROJECT_ID]">
                                                                                  <Identifier>
                                                                                    <ColumnReference Database="[ims_new]" Schema="[dbo]" Table="[REQUESTS]" Column="PROJECT_ID" />
                                                                                  </Identifier>
                                                                                </ScalarOperator>
                                                                              </RangeExpressions>
                                                                            </Prefix>
                                                                          </SeekPredicate>
                                                                        </SeekPredicates>
                                                                      </IndexScan>
                                                                    </RelOp>
                                                                  </NestedLoops>
                                                                </RelOp>
                                                              </Sort>
                                                            </RelOp>
                                                            <RelOp AvgRowSize="9" EstimateCPU="0.0001581" EstimateIO="0.003125" EstimateRebinds="96.4166" EstimateRewinds="0" EstimateRows="1" LogicalOp="Index Seek" NodeId="44" Parallel="true" PhysicalOp="Index Seek" EstimatedTotalSubtreeCost="0.149046">
                                                              <OutputList />
                                                              <RunTimeInformation>
                                                                <RunTimeCountersPerThread Thread="1" ActualRows="0" ActualEndOfScans="0" ActualExecutions="0" />
                                                                <RunTimeCountersPerThread Thread="2" ActualRows="0" ActualEndOfScans="0" ActualExecutions="0" />
                                                                <RunTimeCountersPerThread Thread="4" ActualRows="0" ActualEndOfScans="0" ActualExecutions="0" />
                                                                <RunTimeCountersPerThread Thread="3" ActualRows="0" ActualEndOfScans="0" ActualExecutions="0" />
                                                                <RunTimeCountersPerThread Thread="0" ActualRows="0" ActualEndOfScans="0" ActualExecutions="0" />
                                                              </RunTimeInformation>
                                                              <IndexScan Ordered="true" ScanDirection="FORWARD" ForcedIndex="false" NoExpandHint="false">
                                                                <DefinedValues />
                                                                <Object Database="[ims_new]" Schema="[dbo]" Table="[CUSTOMERS]" Index="[IX_customer_cust_eu_parent]" TableReferenceId="-1" />
                                                                <SeekPredicates>
                                                                  <SeekPredicate>
                                                                    <Prefix ScanType="EQ">
                                                                      <RangeColumns>
                                                                        <ColumnReference Database="[ims_new]" Schema="[dbo]" Table="[CUSTOMERS]" Column="CUSTOMER_ID" />
                                                                      </RangeColumns>
                                                                      <RangeExpressions>
                                                                        <ScalarOperator ScalarString="[ims_new].[dbo].[PROJECTS].[CUSTOMER_ID]">
                                                                          <Identifier>
                                                                            <ColumnReference Database="[ims_new]" Schema="[dbo]" Table="[PROJECTS]" Column="CUSTOMER_ID" />
                                                                          </Identifier>
                                                                        </ScalarOperator>
                                                                      </RangeExpressions>
                                                                    </Prefix>
                                                                  </SeekPredicate>
                                                                </SeekPredicates>
                                                              </IndexScan>
                                                            </RelOp>
                                                          </NestedLoops>
                                                        </RelOp>
                                                      </Parallelism>
                                                    </RelOp>
                                                  </StreamAggregate>
                                                </RelOp>
                                              </Parallelism>
                                            </RelOp>
                                            <RelOp AvgRowSize="547" EstimateCPU="0.0422349" EstimateIO="1.34757" EstimateRebinds="0" EstimateRewinds="0" EstimateRows="76648" LogicalOp="Clustered Index Scan" NodeId="52" Parallel="true" PhysicalOp="Clustered Index Scan" EstimatedTotalSubtreeCost="1.3898">
                                              <OutputList>
                                                <ColumnReference Database="[ims_new]" Schema="[dbo]" Table="[REQUEST_VENDORS]" Column="REQUEST_VENDOR_ID" />
                                                <ColumnReference Database="[ims_new]" Schema="[dbo]" Table="[REQUEST_VENDORS]" Column="REQUEST_ID" />
                                                <ColumnReference Database="[ims_new]" Schema="[dbo]" Table="[REQUEST_VENDORS]" Column="VENDOR_CONTACT_ID" />
                                                <ColumnReference Database="[ims_new]" Schema="[dbo]" Table="[REQUEST_VENDORS]" Column="TOTAL_COST" />
                                                <ColumnReference Database="[ims_new]" Schema="[dbo]" Table="[REQUEST_VENDORS]" Column="INVOICE_NUMBERS" />
                                              </OutputList>
                                              <RunTimeInformation>
                                                <RunTimeCountersPerThread Thread="3" ActualRows="0" ActualEndOfScans="0" ActualExecutions="1" />
                                                <RunTimeCountersPerThread Thread="2" ActualRows="0" ActualEndOfScans="0" ActualExecutions="1" />
                                                <RunTimeCountersPerThread Thread="4" ActualRows="0" ActualEndOfScans="0" ActualExecutions="1" />
                                                <RunTimeCountersPerThread Thread="1" ActualRows="0" ActualEndOfScans="0" ActualExecutions="1" />
                                                <RunTimeCountersPerThread Thread="0" ActualRows="0" ActualEndOfScans="0" ActualExecutions="0" />
                                              </RunTimeInformation>
                                              <IndexScan Ordered="true" ForcedIndex="false" NoExpandHint="false">
                                                <DefinedValues>
                                                  <DefinedValue>
                                                    <ColumnReference Database="[ims_new]" Schema="[dbo]" Table="[REQUEST_VENDORS]" Column="REQUEST_VENDOR_ID" />
                                                  </DefinedValue>
                                                  <DefinedValue>
                                                    <ColumnReference Database="[ims_new]" Schema="[dbo]" Table="[REQUEST_VENDORS]" Column="REQUEST_ID" />
                                                  </DefinedValue>
                                                  <DefinedValue>
                                                    <ColumnReference Database="[ims_new]" Schema="[dbo]" Table="[REQUEST_VENDORS]" Column="VENDOR_CONTACT_ID" />
                                                  </DefinedValue>
                                                  <DefinedValue>
                                                    <ColumnReference Database="[ims_new]" Schema="[dbo]" Table="[REQUEST_VENDORS]" Column="TOTAL_COST" />
                                                  </DefinedValue>
                                                  <DefinedValue>
                                                    <ColumnReference Database="[ims_new]" Schema="[dbo]" Table="[REQUEST_VENDORS]" Column="INVOICE_NUMBERS" />
                                                  </DefinedValue>
                                                </DefinedValues>
                                                <Object Database="[ims_new]" Schema="[dbo]" Table="[REQUEST_VENDORS]" Index="[PK_REQUEST_VENDORS]" TableReferenceId="-1" />
                                              </IndexScan>
                                            </RelOp>
                                          </Hash>
                                        </RelOp>
                                      </Parallelism>
                                    </RelOp>
                                  </Sort>
                                </RelOp>
                              </ComputeScalar>
                            </RelOp>
                          </Top>
                        </RelOp>
                      </ComputeScalar>
                    </RelOp>
                  </Spool>
                </RelOp>
              </Update>
            </RelOp>
          </QueryPlan>
        </StmtSimple>
      </Statements>
    </Batch>
  </BatchSequence>
</ShowPlanXML>