<?xml version="1.0" encoding="utf-16"?>
<ShowPlanXML xmlns:xsi="http://www.w3.org/2001/XMLSchema-instance" xmlns:xsd="http://www.w3.org/2001/XMLSchema" Version="1.0" Build="9.00.3054.00" xmlns="http://schemas.microsoft.com/sqlserver/2004/07/showplan">
  <BatchSequence>
    <Batch>
      <Statements>
        <StmtSimple StatementCompId="1" StatementEstRows="222.786" StatementId="1" StatementOptmLevel="FULL" StatementSubTreeCost="1.57184" StatementText="SELECT sum(custom_line_total) custom_tot, sum(bill_hourly_total) bill_hours_tot, sum(bill_exp_total) exp_tot, job_id, invoice_id_trk,&#xD;&#xA;					sum(bill_total + custom_line_total) total_tot, invoice_id, invoice_description, job_type_name, invoice_status_id, ext_dealer_id, dealer_name, customer_name, po_no, billing_user_name&#xD;&#xA;	FROM invoice_pre_total_v&#xD;&#xA;	WHERE job_id =  70867&#xD;&#xA;	AND invoice_status_id = 1&#xD;&#xA;	GROUP BY invoice_id, invoice_id_trk, invoice_description, job_type_name, invoice_status_id, ext_dealer_id, dealer_name, customer_name, job_id, po_no, billing_user_name&#xD;&#xA;	ORDER BY invoice_id" StatementType="SELECT">
          <StatementSetOptions ANSI_NULLS="false" ANSI_PADDING="false" ANSI_WARNINGS="false" ARITHABORT="true" CONCAT_NULL_YIELDS_NULL="false" NUMERIC_ROUNDABORT="false" QUOTED_IDENTIFIER="false" />
          <QueryPlan DegreeOfParallelism="1" MemoryGrant="260" CachedPlanSize="448" CompileTime="429" CompileCPU="399" CompileMemory="12312">
            <MissingIndexes>
              <MissingIndexGroup Impact="90.1897">
                <MissingIndex Database="[servicetrax_dev]" Schema="[dbo]" Table="[SERVICE_LINES]">
                  <ColumnGroup Usage="EQUALITY">
                    <Column Name="[INVOICE_ID]" ColumnId="29" />
                    <Column Name="[INTERNAL_REQ_FLAG]" ColumnId="58" />
                  </ColumnGroup>
                  <ColumnGroup Usage="INEQUALITY">
                    <Column Name="[STATUS_ID]" ColumnId="14" />
                  </ColumnGroup>
                  <ColumnGroup Usage="INCLUDE">
                    <Column Name="[bill_total]" ColumnId="85" />
                    <Column Name="[bill_hourly_total]" ColumnId="86" />
                    <Column Name="[bill_exp_total]" ColumnId="87" />
                  </ColumnGroup>
                </MissingIndex>
              </MissingIndexGroup>
            </MissingIndexes>
            <RelOp AvgRowSize="813" EstimateCPU="0.000245065" EstimateIO="0" EstimateRebinds="0" EstimateRewinds="0" EstimateRows="222.786" LogicalOp="Compute Scalar" NodeId="0" Parallel="false" PhysicalOp="Compute Scalar" EstimatedTotalSubtreeCost="1.57184">
              <OutputList>
                <ColumnReference Column="Union1258" />
                <ColumnReference Column="Union1261" />
                <ColumnReference Column="Union1262" />
                <ColumnReference Column="Union1263" />
                <ColumnReference Column="Union1264" />
                <ColumnReference Column="Union1276" />
                <ColumnReference Column="Union1279" />
                <ColumnReference Column="Union1280" />
                <ColumnReference Column="Union1281" />
                <ColumnReference Column="Union1282" />
                <ColumnReference Column="Union1285" />
                <ColumnReference Column="Expr1287" />
                <ColumnReference Column="Expr1288" />
                <ColumnReference Column="Expr1289" />
                <ColumnReference Column="Expr1290" />
              </OutputList>
              <ComputeScalar>
                <DefinedValues>
                  <DefinedValue>
                    <ColumnReference Column="Expr1287" />
                    <ScalarOperator ScalarString="CASE WHEN [Expr1312]=(0) THEN NULL ELSE [Expr1313] END">
                      <IF>
                        <Condition>
                          <ScalarOperator>
                            <Compare CompareOp="EQ">
                              <ScalarOperator>
                                <Identifier>
                                  <ColumnReference Column="Expr1312" />
                                </Identifier>
                              </ScalarOperator>
                              <ScalarOperator>
                                <Const ConstValue="(0)" />
                              </ScalarOperator>
                            </Compare>
                          </ScalarOperator>
                        </Condition>
                        <Then>
                          <ScalarOperator>
                            <Const ConstValue="NULL" />
                          </ScalarOperator>
                        </Then>
                        <Else>
                          <ScalarOperator>
                            <Identifier>
                              <ColumnReference Column="Expr1313" />
                            </Identifier>
                          </ScalarOperator>
                        </Else>
                      </IF>
                    </ScalarOperator>
                  </DefinedValue>
                  <DefinedValue>
                    <ColumnReference Column="Expr1290" />
                    <ScalarOperator ScalarString="CASE WHEN [Expr1314]=(0) THEN NULL ELSE [Expr1315] END">
                      <IF>
                        <Condition>
                          <ScalarOperator>
                            <Compare CompareOp="EQ">
                              <ScalarOperator>
                                <Identifier>
                                  <ColumnReference Column="Expr1314" />
                                </Identifier>
                              </ScalarOperator>
                              <ScalarOperator>
                                <Const ConstValue="(0)" />
                              </ScalarOperator>
                            </Compare>
                          </ScalarOperator>
                        </Condition>
                        <Then>
                          <ScalarOperator>
                            <Const ConstValue="NULL" />
                          </ScalarOperator>
                        </Then>
                        <Else>
                          <ScalarOperator>
                            <Identifier>
                              <ColumnReference Column="Expr1315" />
                            </Identifier>
                          </ScalarOperator>
                        </Else>
                      </IF>
                    </ScalarOperator>
                  </DefinedValue>
                </DefinedValues>
                <RelOp AvgRowSize="813" EstimateCPU="0.000245065" EstimateIO="0" EstimateRebinds="0" EstimateRewinds="0" EstimateRows="222.786" LogicalOp="Aggregate" NodeId="1" Parallel="false" PhysicalOp="Stream Aggregate" EstimatedTotalSubtreeCost="1.57184">
                  <OutputList>
                    <ColumnReference Column="Union1258" />
                    <ColumnReference Column="Union1261" />
                    <ColumnReference Column="Union1262" />
                    <ColumnReference Column="Union1263" />
                    <ColumnReference Column="Union1264" />
                    <ColumnReference Column="Union1276" />
                    <ColumnReference Column="Union1279" />
                    <ColumnReference Column="Union1280" />
                    <ColumnReference Column="Union1281" />
                    <ColumnReference Column="Union1282" />
                    <ColumnReference Column="Union1285" />
                    <ColumnReference Column="Expr1288" />
                    <ColumnReference Column="Expr1289" />
                    <ColumnReference Column="Expr1312" />
                    <ColumnReference Column="Expr1313" />
                    <ColumnReference Column="Expr1314" />
                    <ColumnReference Column="Expr1315" />
                  </OutputList>
                  <RunTimeInformation>
                    <RunTimeCountersPerThread Thread="0" ActualRows="1" ActualEndOfScans="1" ActualExecutions="1" />
                  </RunTimeInformation>
                  <StreamAggregate>
                    <DefinedValues>
                      <DefinedValue>
                        <ColumnReference Column="Expr1312" />
                        <ScalarOperator ScalarString="COUNT_BIG([Union1270])">
                          <Aggregate AggType="COUNT_BIG" Distinct="false">
                            <ScalarOperator>
                              <Identifier>
                                <ColumnReference Column="Union1270" />
                              </Identifier>
                            </ScalarOperator>
                          </Aggregate>
                        </ScalarOperator>
                      </DefinedValue>
                      <DefinedValue>
                        <ColumnReference Column="Expr1313" />
                        <ScalarOperator ScalarString="SUM([Union1270])">
                          <Aggregate AggType="SUM" Distinct="false">
                            <ScalarOperator>
                              <Identifier>
                                <ColumnReference Column="Union1270" />
                              </Identifier>
                            </ScalarOperator>
                          </Aggregate>
                        </ScalarOperator>
                      </DefinedValue>
                      <DefinedValue>
                        <ColumnReference Column="Expr1288" />
                        <ScalarOperator ScalarString="SUM([Union1271])">
                          <Aggregate AggType="SUM" Distinct="false">
                            <ScalarOperator>
                              <Identifier>
                                <ColumnReference Column="Union1271" />
                              </Identifier>
                            </ScalarOperator>
                          </Aggregate>
                        </ScalarOperator>
                      </DefinedValue>
                      <DefinedValue>
                        <ColumnReference Column="Expr1289" />
                        <ScalarOperator ScalarString="SUM([Union1272])">
                          <Aggregate AggType="SUM" Distinct="false">
                            <ScalarOperator>
                              <Identifier>
                                <ColumnReference Column="Union1272" />
                              </Identifier>
                            </ScalarOperator>
                          </Aggregate>
                        </ScalarOperator>
                      </DefinedValue>
                      <DefinedValue>
                        <ColumnReference Column="Expr1314" />
                        <ScalarOperator ScalarString="COUNT_BIG([Union1273]+[Union1270])">
                          <Aggregate AggType="COUNT_BIG" Distinct="false">
                            <ScalarOperator>
                              <Arithmetic Operation="ADD">
                                <ScalarOperator>
                                  <Identifier>
                                    <ColumnReference Column="Union1273" />
                                  </Identifier>
                                </ScalarOperator>
                                <ScalarOperator>
                                  <Identifier>
                                    <ColumnReference Column="Union1270" />
                                  </Identifier>
                                </ScalarOperator>
                              </Arithmetic>
                            </ScalarOperator>
                          </Aggregate>
                        </ScalarOperator>
                      </DefinedValue>
                      <DefinedValue>
                        <ColumnReference Column="Expr1315" />
                        <ScalarOperator ScalarString="SUM([Union1273]+[Union1270])">
                          <Aggregate AggType="SUM" Distinct="false">
                            <ScalarOperator>
                              <Arithmetic Operation="ADD">
                                <ScalarOperator>
                                  <Identifier>
                                    <ColumnReference Column="Union1273" />
                                  </Identifier>
                                </ScalarOperator>
                                <ScalarOperator>
                                  <Identifier>
                                    <ColumnReference Column="Union1270" />
                                  </Identifier>
                                </ScalarOperator>
                              </Arithmetic>
                            </ScalarOperator>
                          </Aggregate>
                        </ScalarOperator>
                      </DefinedValue>
                      <DefinedValue>
                        <ColumnReference Column="Union1264" />
                        <ScalarOperator ScalarString="ANY([Union1264])">
                          <Aggregate AggType="ANY" Distinct="false">
                            <ScalarOperator>
                              <Identifier>
                                <ColumnReference Column="Union1264" />
                              </Identifier>
                            </ScalarOperator>
                          </Aggregate>
                        </ScalarOperator>
                      </DefinedValue>
                      <DefinedValue>
                        <ColumnReference Column="Union1258" />
                        <ScalarOperator ScalarString="ANY([Union1258])">
                          <Aggregate AggType="ANY" Distinct="false">
                            <ScalarOperator>
                              <Identifier>
                                <ColumnReference Column="Union1258" />
                              </Identifier>
                            </ScalarOperator>
                          </Aggregate>
                        </ScalarOperator>
                      </DefinedValue>
                    </DefinedValues>
                    <GroupBy>
                      <ColumnReference Column="Union1261" />
                      <ColumnReference Column="Union1262" />
                      <ColumnReference Column="Union1263" />
                      <ColumnReference Column="Union1285" />
                      <ColumnReference Column="Union1281" />
                      <ColumnReference Column="Union1280" />
                      <ColumnReference Column="Union1282" />
                      <ColumnReference Column="Union1279" />
                      <ColumnReference Column="Union1276" />
                    </GroupBy>
                    <RelOp AvgRowSize="813" EstimateCPU="0.00281151" EstimateIO="0.0112613" EstimateRebinds="0" EstimateRewinds="0" EstimateRows="222.786" LogicalOp="Sort" NodeId="2" Parallel="false" PhysicalOp="Sort" EstimatedTotalSubtreeCost="1.57159">
                      <OutputList>
                        <ColumnReference Column="Union1258" />
                        <ColumnReference Column="Union1261" />
                        <ColumnReference Column="Union1262" />
                        <ColumnReference Column="Union1263" />
                        <ColumnReference Column="Union1264" />
                        <ColumnReference Column="Union1270" />
                        <ColumnReference Column="Union1271" />
                        <ColumnReference Column="Union1272" />
                        <ColumnReference Column="Union1273" />
                        <ColumnReference Column="Union1276" />
                        <ColumnReference Column="Union1279" />
                        <ColumnReference Column="Union1280" />
                        <ColumnReference Column="Union1281" />
                        <ColumnReference Column="Union1282" />
                        <ColumnReference Column="Union1285" />
                      </OutputList>
                      <MemoryFractions Input="0.735294" Output="1" />
                      <RunTimeInformation>
                        <RunTimeCountersPerThread Thread="0" ActualRebinds="1" ActualRewinds="0" ActualRows="137" ActualEndOfScans="1" ActualExecutions="1" />
                      </RunTimeInformation>
                      <Sort Distinct="false">
                        <OrderBy>
                          <OrderByColumn Ascending="true">
                            <ColumnReference Column="Union1261" />
                          </OrderByColumn>
                          <OrderByColumn Ascending="true">
                            <ColumnReference Column="Union1262" />
                          </OrderByColumn>
                          <OrderByColumn Ascending="true">
                            <ColumnReference Column="Union1263" />
                          </OrderByColumn>
                          <OrderByColumn Ascending="true">
                            <ColumnReference Column="Union1285" />
                          </OrderByColumn>
                          <OrderByColumn Ascending="true">
                            <ColumnReference Column="Union1281" />
                          </OrderByColumn>
                          <OrderByColumn Ascending="true">
                            <ColumnReference Column="Union1280" />
                          </OrderByColumn>
                          <OrderByColumn Ascending="true">
                            <ColumnReference Column="Union1282" />
                          </OrderByColumn>
                          <OrderByColumn Ascending="true">
                            <ColumnReference Column="Union1279" />
                          </OrderByColumn>
                          <OrderByColumn Ascending="true">
                            <ColumnReference Column="Union1276" />
                          </OrderByColumn>
                        </OrderBy>
                        <RelOp AvgRowSize="813" EstimateCPU="2.22786E-05" EstimateIO="0" EstimateRebinds="0" EstimateRewinds="0" EstimateRows="222.786" LogicalOp="Concatenation" NodeId="3" Parallel="false" PhysicalOp="Concatenation" EstimatedTotalSubtreeCost="1.55752">
                          <OutputList>
                            <ColumnReference Column="Union1258" />
                            <ColumnReference Column="Union1261" />
                            <ColumnReference Column="Union1262" />
                            <ColumnReference Column="Union1263" />
                            <ColumnReference Column="Union1264" />
                            <ColumnReference Column="Union1270" />
                            <ColumnReference Column="Union1271" />
                            <ColumnReference Column="Union1272" />
                            <ColumnReference Column="Union1273" />
                            <ColumnReference Column="Union1276" />
                            <ColumnReference Column="Union1279" />
                            <ColumnReference Column="Union1280" />
                            <ColumnReference Column="Union1281" />
                            <ColumnReference Column="Union1282" />
                            <ColumnReference Column="Union1285" />
                          </OutputList>
                          <RunTimeInformation>
                            <RunTimeCountersPerThread Thread="0" ActualRows="137" ActualEndOfScans="1" ActualExecutions="1" />
                          </RunTimeInformation>
                          <Concat>
                            <DefinedValues>
                              <DefinedValue>
                                <ColumnReference Column="Union1258" />
                                <ColumnReference Database="[servicetrax_dev]" Schema="[dbo]" Table="[INVOICES]" Column="JOB_ID" />
                                <ColumnReference Database="[servicetrax_dev]" Schema="[dbo]" Table="[INVOICES]" Column="JOB_ID" />
                              </DefinedValue>
                              <DefinedValue>
                                <ColumnReference Column="Union1261" />
                                <ColumnReference Database="[servicetrax_dev]" Schema="[dbo]" Table="[INVOICES]" Column="INVOICE_ID" />
                                <ColumnReference Database="[servicetrax_dev]" Schema="[dbo]" Table="[INVOICES]" Column="INVOICE_ID" />
                              </DefinedValue>
                              <DefinedValue>
                                <ColumnReference Column="Union1262" />
                                <ColumnReference Column="Expr1027" />
                                <ColumnReference Column="Expr1248" />
                              </DefinedValue>
                              <DefinedValue>
                                <ColumnReference Column="Union1263" />
                                <ColumnReference Database="[servicetrax_dev]" Schema="[dbo]" Table="[INVOICES]" Column="DESCRIPTION" />
                                <ColumnReference Database="[servicetrax_dev]" Schema="[dbo]" Table="[INVOICES]" Column="DESCRIPTION" />
                              </DefinedValue>
                              <DefinedValue>
                                <ColumnReference Column="Union1264" />
                                <ColumnReference Database="[servicetrax_dev]" Schema="[dbo]" Table="[INVOICES]" Column="STATUS_ID" />
                                <ColumnReference Database="[servicetrax_dev]" Schema="[dbo]" Table="[INVOICES]" Column="STATUS_ID" />
                              </DefinedValue>
                              <DefinedValue>
                                <ColumnReference Column="Union1270" />
                                <ColumnReference Column="Expr1137" />
                                <ColumnReference Column="Expr1253" />
                              </DefinedValue>
                              <DefinedValue>
                                <ColumnReference Column="Union1271" />
                                <ColumnReference Column="Expr1138" />
                                <ColumnReference Column="Expr1254" />
                              </DefinedValue>
                              <DefinedValue>
                                <ColumnReference Column="Union1272" />
                                <ColumnReference Column="Expr1139" />
                                <ColumnReference Column="Expr1255" />
                              </DefinedValue>
                              <DefinedValue>
                                <ColumnReference Column="Union1273" />
                                <ColumnReference Column="Expr1140" />
                                <ColumnReference Column="Expr1256" />
                              </DefinedValue>
                              <DefinedValue>
                                <ColumnReference Column="Union1276" />
                                <ColumnReference Column="Expr1059" />
                                <ColumnReference Column="Expr1169" />
                              </DefinedValue>
                              <DefinedValue>
                                <ColumnReference Column="Union1279" />
                                <ColumnReference Database="[servicetrax_dev]" Schema="[dbo]" Table="[INVOICES]" Column="PO_NO" />
                                <ColumnReference Database="[servicetrax_dev]" Schema="[dbo]" Table="[INVOICES]" Column="PO_NO" />
                              </DefinedValue>
                              <DefinedValue>
                                <ColumnReference Column="Union1280" />
                                <ColumnReference Column="Expr1056" />
                                <ColumnReference Column="Expr1166" />
                              </DefinedValue>
                              <DefinedValue>
                                <ColumnReference Column="Union1281" />
                                <ColumnReference Column="Expr1057" />
                                <ColumnReference Column="Expr1167" />
                              </DefinedValue>
                              <DefinedValue>
                                <ColumnReference Column="Union1282" />
                                <ColumnReference Column="Expr1067" />
                                <ColumnReference Column="Expr1177" />
                              </DefinedValue>
                              <DefinedValue>
                                <ColumnReference Column="Union1285" />
                                <ColumnReference Database="[servicetrax_dev]" Schema="[dbo]" Table="[LOOKUPS]" Alias="[job_type]" Column="NAME" />
                                <ColumnReference Database="[servicetrax_dev]" Schema="[dbo]" Table="[LOOKUPS]" Alias="[job_type]" Column="NAME" />
                              </DefinedValue>
                            </DefinedValues>
                            <RelOp AvgRowSize="551" EstimateCPU="2.2036E-05" EstimateIO="0" EstimateRebinds="0" EstimateRewinds="0" EstimateRows="220.36" LogicalOp="Compute Scalar" NodeId="4" Parallel="false" PhysicalOp="Compute Scalar" EstimatedTotalSubtreeCost="1.48171">
                              <OutputList>
                                <ColumnReference Database="[servicetrax_dev]" Schema="[dbo]" Table="[INVOICES]" Column="INVOICE_ID" />
                                <ColumnReference Database="[servicetrax_dev]" Schema="[dbo]" Table="[INVOICES]" Column="PO_NO" />
                                <ColumnReference Database="[servicetrax_dev]" Schema="[dbo]" Table="[INVOICES]" Column="STATUS_ID" />
                                <ColumnReference Database="[servicetrax_dev]" Schema="[dbo]" Table="[INVOICES]" Column="JOB_ID" />
                                <ColumnReference Database="[servicetrax_dev]" Schema="[dbo]" Table="[INVOICES]" Column="DESCRIPTION" />
                                <ColumnReference Column="Expr1027" />
                                <ColumnReference Database="[servicetrax_dev]" Schema="[dbo]" Table="[LOOKUPS]" Alias="[job_type]" Column="NAME" />
                                <ColumnReference Column="Expr1056" />
                                <ColumnReference Column="Expr1057" />
                                <ColumnReference Column="Expr1059" />
                                <ColumnReference Column="Expr1067" />
                                <ColumnReference Column="Expr1137" />
                                <ColumnReference Column="Expr1138" />
                                <ColumnReference Column="Expr1139" />
                                <ColumnReference Column="Expr1140" />
                              </OutputList>
                              <ComputeScalar>
                                <DefinedValues>
                                  <DefinedValue>
                                    <ColumnReference Column="Expr1027" />
                                    <ScalarOperator ScalarString="[Expr1299]+[Expr1007]">
                                      <Arithmetic Operation="ADD">
                                        <ScalarOperator>
                                          <Identifier>
                                            <ColumnReference Column="Expr1299" />
                                          </Identifier>
                                        </ScalarOperator>
                                        <ScalarOperator>
                                          <Identifier>
                                            <ColumnReference Column="Expr1007" />
                                          </Identifier>
                                        </ScalarOperator>
                                      </Arithmetic>
                                    </ScalarOperator>
                                  </DefinedValue>
                                  <DefinedValue>
                                    <ColumnReference Column="Expr1137" />
                                    <ScalarOperator ScalarString="(0.0000)">
                                      <Const ConstValue="(0.0000)" />
                                    </ScalarOperator>
                                  </DefinedValue>
                                  <DefinedValue>
                                    <ColumnReference Column="Expr1138" />
                                    <ScalarOperator ScalarString="isnull([servicetrax_dev].[dbo].[SERVICE_LINES].[bill_hourly_total] as [sl].[bill_hourly_total],(0.00000))">
                                      <Intrinsic FunctionName="isnull">
                                        <ScalarOperator>
                                          <Identifier>
                                            <ColumnReference Database="[servicetrax_dev]" Schema="[dbo]" Table="[SERVICE_LINES]" Alias="[sl]" Column="bill_hourly_total" ComputedColumn="true" />
                                          </Identifier>
                                        </ScalarOperator>
                                        <ScalarOperator>
                                          <Const ConstValue="(0.00000)" />
                                        </ScalarOperator>
                                      </Intrinsic>
                                    </ScalarOperator>
                                  </DefinedValue>
                                  <DefinedValue>
                                    <ColumnReference Column="Expr1139" />
                                    <ScalarOperator ScalarString="isnull([servicetrax_dev].[dbo].[SERVICE_LINES].[bill_exp_total] as [sl].[bill_exp_total],(0.00000))">
                                      <Intrinsic FunctionName="isnull">
                                        <ScalarOperator>
                                          <Identifier>
                                            <ColumnReference Database="[servicetrax_dev]" Schema="[dbo]" Table="[SERVICE_LINES]" Alias="[sl]" Column="bill_exp_total" ComputedColumn="true" />
                                          </Identifier>
                                        </ScalarOperator>
                                        <ScalarOperator>
                                          <Const ConstValue="(0.00000)" />
                                        </ScalarOperator>
                                      </Intrinsic>
                                    </ScalarOperator>
                                  </DefinedValue>
                                  <DefinedValue>
                                    <ColumnReference Column="Expr1140" />
                                    <ScalarOperator ScalarString="isnull([servicetrax_dev].[dbo].[SERVICE_LINES].[bill_total] as [sl].[bill_total],(0.00000))">
                                      <Intrinsic FunctionName="isnull">
                                        <ScalarOperator>
                                          <Identifier>
                                            <ColumnReference Database="[servicetrax_dev]" Schema="[dbo]" Table="[SERVICE_LINES]" Alias="[sl]" Column="bill_total" ComputedColumn="true" />
                                          </Identifier>
                                        </ScalarOperator>
                                        <ScalarOperator>
                                          <Const ConstValue="(0.00000)" />
                                        </ScalarOperator>
                                      </Intrinsic>
                                    </ScalarOperator>
                                  </DefinedValue>
                                </DefinedValues>
                                <RelOp AvgRowSize="530" EstimateCPU="0.0016473" EstimateIO="0" EstimateRebinds="0" EstimateRewinds="0" EstimateRows="220.36" LogicalOp="Left Outer Join" NodeId="5" Parallel="false" PhysicalOp="Nested Loops" EstimatedTotalSubtreeCost="1.48169">
                                  <OutputList>
                                    <ColumnReference Column="Expr1007" />
                                    <ColumnReference Database="[servicetrax_dev]" Schema="[dbo]" Table="[INVOICES]" Column="INVOICE_ID" />
                                    <ColumnReference Database="[servicetrax_dev]" Schema="[dbo]" Table="[INVOICES]" Column="PO_NO" />
                                    <ColumnReference Database="[servicetrax_dev]" Schema="[dbo]" Table="[INVOICES]" Column="STATUS_ID" />
                                    <ColumnReference Database="[servicetrax_dev]" Schema="[dbo]" Table="[INVOICES]" Column="JOB_ID" />
                                    <ColumnReference Database="[servicetrax_dev]" Schema="[dbo]" Table="[INVOICES]" Column="DESCRIPTION" />
                                    <ColumnReference Database="[servicetrax_dev]" Schema="[dbo]" Table="[LOOKUPS]" Alias="[job_type]" Column="NAME" />
                                    <ColumnReference Column="Expr1056" />
                                    <ColumnReference Column="Expr1057" />
                                    <ColumnReference Column="Expr1059" />
                                    <ColumnReference Column="Expr1067" />
                                    <ColumnReference Database="[servicetrax_dev]" Schema="[dbo]" Table="[SERVICE_LINES]" Alias="[sl]" Column="bill_total" ComputedColumn="true" />
                                    <ColumnReference Database="[servicetrax_dev]" Schema="[dbo]" Table="[SERVICE_LINES]" Alias="[sl]" Column="bill_hourly_total" ComputedColumn="true" />
                                    <ColumnReference Database="[servicetrax_dev]" Schema="[dbo]" Table="[SERVICE_LINES]" Alias="[sl]" Column="bill_exp_total" ComputedColumn="true" />
                                    <ColumnReference Column="Expr1299" />
                                  </OutputList>
                                  <RunTimeInformation>
                                    <RunTimeCountersPerThread Thread="0" ActualRows="137" ActualEndOfScans="1" ActualExecutions="1" />
                                  </RunTimeInformation>
                                  <NestedLoops Optimized="false">
                                    <OuterReferences>
                                      <ColumnReference Database="[servicetrax_dev]" Schema="[dbo]" Table="[INVOICES]" Column="INVOICE_ID" />
                                    </OuterReferences>
                                    <RelOp AvgRowSize="479" EstimateCPU="4.18E-06" EstimateIO="0" EstimateRebinds="0" EstimateRewinds="0" EstimateRows="1" LogicalOp="Left Outer Join" NodeId="6" Parallel="false" PhysicalOp="Nested Loops" EstimatedTotalSubtreeCost="0.0547934">
                                      <OutputList>
                                        <ColumnReference Column="Expr1007" />
                                        <ColumnReference Database="[servicetrax_dev]" Schema="[dbo]" Table="[INVOICES]" Column="INVOICE_ID" />
                                        <ColumnReference Database="[servicetrax_dev]" Schema="[dbo]" Table="[INVOICES]" Column="PO_NO" />
                                        <ColumnReference Database="[servicetrax_dev]" Schema="[dbo]" Table="[INVOICES]" Column="STATUS_ID" />
                                        <ColumnReference Database="[servicetrax_dev]" Schema="[dbo]" Table="[INVOICES]" Column="JOB_ID" />
                                        <ColumnReference Database="[servicetrax_dev]" Schema="[dbo]" Table="[INVOICES]" Column="DESCRIPTION" />
                                        <ColumnReference Database="[servicetrax_dev]" Schema="[dbo]" Table="[LOOKUPS]" Alias="[job_type]" Column="NAME" />
                                        <ColumnReference Column="Expr1056" />
                                        <ColumnReference Column="Expr1057" />
                                        <ColumnReference Column="Expr1059" />
                                        <ColumnReference Column="Expr1067" />
                                        <ColumnReference Column="Expr1299" />
                                      </OutputList>
                                      <RunTimeInformation>
                                        <RunTimeCountersPerThread Thread="0" ActualRows="1" ActualEndOfScans="1" ActualExecutions="1" />
                                      </RunTimeInformation>
                                      <NestedLoops Optimized="false">
                                        <RelOp AvgRowSize="183" EstimateCPU="4.18E-06" EstimateIO="0" EstimateRebinds="0" EstimateRewinds="0" EstimateRows="1" LogicalOp="Left Outer Join" NodeId="7" Parallel="false" PhysicalOp="Nested Loops" EstimatedTotalSubtreeCost="0.0183939">
                                          <OutputList>
                                            <ColumnReference Column="Expr1007" />
                                            <ColumnReference Database="[servicetrax_dev]" Schema="[dbo]" Table="[INVOICES]" Column="INVOICE_ID" />
                                            <ColumnReference Database="[servicetrax_dev]" Schema="[dbo]" Table="[INVOICES]" Column="PO_NO" />
                                            <ColumnReference Database="[servicetrax_dev]" Schema="[dbo]" Table="[INVOICES]" Column="STATUS_ID" />
                                            <ColumnReference Database="[servicetrax_dev]" Schema="[dbo]" Table="[INVOICES]" Column="JOB_ID" />
                                            <ColumnReference Database="[servicetrax_dev]" Schema="[dbo]" Table="[INVOICES]" Column="DESCRIPTION" />
                                            <ColumnReference Column="Expr1299" />
                                          </OutputList>
                                          <RunTimeInformation>
                                            <RunTimeCountersPerThread Thread="0" ActualRows="1" ActualEndOfScans="1" ActualExecutions="1" />
                                          </RunTimeInformation>
                                          <NestedLoops Optimized="false">
                                            <OuterReferences>
                                              <ColumnReference Database="[servicetrax_dev]" Schema="[dbo]" Table="[INVOICES]" Column="INVOICE_ID" />
                                            </OuterReferences>
                                            <RelOp AvgRowSize="181" EstimateCPU="1E-07" EstimateIO="0" EstimateRebinds="0" EstimateRewinds="0" EstimateRows="1" LogicalOp="Compute Scalar" NodeId="8" Parallel="false" PhysicalOp="Compute Scalar" EstimatedTotalSubtreeCost="0.0118181">
                                              <OutputList>
                                                <ColumnReference Database="[servicetrax_dev]" Schema="[dbo]" Table="[INVOICES]" Column="INVOICE_ID" />
                                                <ColumnReference Database="[servicetrax_dev]" Schema="[dbo]" Table="[INVOICES]" Column="PO_NO" />
                                                <ColumnReference Database="[servicetrax_dev]" Schema="[dbo]" Table="[INVOICES]" Column="STATUS_ID" />
                                                <ColumnReference Database="[servicetrax_dev]" Schema="[dbo]" Table="[INVOICES]" Column="JOB_ID" />
                                                <ColumnReference Database="[servicetrax_dev]" Schema="[dbo]" Table="[INVOICES]" Column="DESCRIPTION" />
                                                <ColumnReference Column="Expr1299" />
                                              </OutputList>
                                              <ComputeScalar>
                                                <DefinedValues>
                                                  <DefinedValue>
                                                    <ColumnReference Column="Expr1299" />
                                                    <ScalarOperator ScalarString="CONVERT(varchar(30),[servicetrax_dev].[dbo].[INVOICES].[INVOICE_ID],0)">
                                                      <Convert DataType="varchar" Length="30" Style="0" Implicit="false">
                                                        <ScalarOperator>
                                                          <Identifier>
                                                            <ColumnReference Database="[servicetrax_dev]" Schema="[dbo]" Table="[INVOICES]" Column="INVOICE_ID" />
                                                          </Identifier>
                                                        </ScalarOperator>
                                                      </Convert>
                                                    </ScalarOperator>
                                                  </DefinedValue>
                                                </DefinedValues>
                                                <RelOp AvgRowSize="170" EstimateCPU="1.70202E-06" EstimateIO="0" EstimateRebinds="0" EstimateRewinds="0" EstimateRows="1" LogicalOp="Filter" NodeId="9" Parallel="false" PhysicalOp="Filter" EstimatedTotalSubtreeCost="0.011818">
                                                  <OutputList>
                                                    <ColumnReference Database="[servicetrax_dev]" Schema="[dbo]" Table="[INVOICES]" Column="INVOICE_ID" />
                                                    <ColumnReference Database="[servicetrax_dev]" Schema="[dbo]" Table="[INVOICES]" Column="PO_NO" />
                                                    <ColumnReference Database="[servicetrax_dev]" Schema="[dbo]" Table="[INVOICES]" Column="STATUS_ID" />
                                                    <ColumnReference Database="[servicetrax_dev]" Schema="[dbo]" Table="[INVOICES]" Column="JOB_ID" />
                                                    <ColumnReference Database="[servicetrax_dev]" Schema="[dbo]" Table="[INVOICES]" Column="DESCRIPTION" />
                                                  </OutputList>
                                                  <RunTimeInformation>
                                                    <RunTimeCountersPerThread Thread="0" ActualRows="1" ActualEndOfScans="1" ActualExecutions="1" />
                                                  </RunTimeInformation>
                                                  <Filter StartupExpression="false">
                                                    <RelOp AvgRowSize="170" EstimateCPU="1.48217E-05" EstimateIO="0" EstimateRebinds="0" EstimateRewinds="0" EstimateRows="3.54587" LogicalOp="Inner Join" NodeId="10" Parallel="false" PhysicalOp="Nested Loops" EstimatedTotalSubtreeCost="0.0118163">
                                                      <OutputList>
                                                        <ColumnReference Database="[servicetrax_dev]" Schema="[dbo]" Table="[INVOICES]" Column="INVOICE_ID" />
                                                        <ColumnReference Database="[servicetrax_dev]" Schema="[dbo]" Table="[INVOICES]" Column="PO_NO" />
                                                        <ColumnReference Database="[servicetrax_dev]" Schema="[dbo]" Table="[INVOICES]" Column="STATUS_ID" />
                                                        <ColumnReference Database="[servicetrax_dev]" Schema="[dbo]" Table="[INVOICES]" Column="JOB_ID" />
                                                        <ColumnReference Database="[servicetrax_dev]" Schema="[dbo]" Table="[INVOICES]" Column="DESCRIPTION" />
                                                      </OutputList>
                                                      <RunTimeInformation>
                                                        <RunTimeCountersPerThread Thread="0" ActualRows="5" ActualEndOfScans="1" ActualExecutions="1" />
                                                      </RunTimeInformation>
                                                      <NestedLoops Optimized="true">
                                                        <OuterReferences>
                                                          <ColumnReference Database="[servicetrax_dev]" Schema="[dbo]" Table="[INVOICES]" Column="INVOICE_ID" />
                                                        </OuterReferences>
                                                        <RelOp AvgRowSize="25" EstimateCPU="0.0001609" EstimateIO="0.003125" EstimateRebinds="0" EstimateRewinds="0" EstimateRows="3.54587" LogicalOp="Index Seek" NodeId="12" Parallel="false" PhysicalOp="Index Seek" EstimatedTotalSubtreeCost="0.0032859">
                                                          <OutputList>
                                                            <ColumnReference Database="[servicetrax_dev]" Schema="[dbo]" Table="[INVOICES]" Column="INVOICE_ID" />
                                                            <ColumnReference Database="[servicetrax_dev]" Schema="[dbo]" Table="[INVOICES]" Column="JOB_ID" />
                                                          </OutputList>
                                                          <RunTimeInformation>
                                                            <RunTimeCountersPerThread Thread="0" ActualRows="5" ActualEndOfScans="1" ActualExecutions="1" />
                                                          </RunTimeInformation>
                                                          <IndexScan Ordered="true" ScanDirection="FORWARD" ForcedIndex="false" NoExpandHint="false">
                                                            <DefinedValues>
                                                              <DefinedValue>
                                                                <ColumnReference Database="[servicetrax_dev]" Schema="[dbo]" Table="[INVOICES]" Column="INVOICE_ID" />
                                                              </DefinedValue>
                                                              <DefinedValue>
                                                                <ColumnReference Database="[servicetrax_dev]" Schema="[dbo]" Table="[INVOICES]" Column="JOB_ID" />
                                                              </DefinedValue>
                                                            </DefinedValues>
                                                            <Object Database="[servicetrax_dev]" Schema="[dbo]" Table="[INVOICES]" Index="[IX_I_JOBS]" TableReferenceId="1" />
                                                            <SeekPredicates>
                                                              <SeekPredicate>
                                                                <Prefix ScanType="EQ">
                                                                  <RangeColumns>
                                                                    <ColumnReference Database="[servicetrax_dev]" Schema="[dbo]" Table="[INVOICES]" Column="JOB_ID" />
                                                                  </RangeColumns>
                                                                  <RangeExpressions>
                                                                    <ScalarOperator ScalarString="(70867.)">
                                                                      <Const ConstValue="(70867.)" />
                                                                    </ScalarOperator>
                                                                  </RangeExpressions>
                                                                </Prefix>
                                                              </SeekPredicate>
                                                            </SeekPredicates>
                                                          </IndexScan>
                                                        </RelOp>
                                                        <RelOp AvgRowSize="372" EstimateCPU="0.0001581" EstimateIO="0.003125" EstimateRebinds="2.54587" EstimateRewinds="0" EstimateRows="1" LogicalOp="Clustered Index Seek" NodeId="14" Parallel="false" PhysicalOp="Clustered Index Seek" EstimatedTotalSubtreeCost="0.00851561">
                                                          <OutputList>
                                                            <ColumnReference Database="[servicetrax_dev]" Schema="[dbo]" Table="[INVOICES]" Column="PO_NO" />
                                                            <ColumnReference Database="[servicetrax_dev]" Schema="[dbo]" Table="[INVOICES]" Column="STATUS_ID" />
                                                            <ColumnReference Database="[servicetrax_dev]" Schema="[dbo]" Table="[INVOICES]" Column="DESCRIPTION" />
                                                          </OutputList>
                                                          <RunTimeInformation>
                                                            <RunTimeCountersPerThread Thread="0" ActualRows="5" ActualEndOfScans="0" ActualExecutions="5" />
                                                          </RunTimeInformation>
                                                          <IndexScan Lookup="true" Ordered="true" ScanDirection="FORWARD" ForcedIndex="false" NoExpandHint="false">
                                                            <DefinedValues>
                                                              <DefinedValue>
                                                                <ColumnReference Database="[servicetrax_dev]" Schema="[dbo]" Table="[INVOICES]" Column="PO_NO" />
                                                              </DefinedValue>
                                                              <DefinedValue>
                                                                <ColumnReference Database="[servicetrax_dev]" Schema="[dbo]" Table="[INVOICES]" Column="STATUS_ID" />
                                                              </DefinedValue>
                                                              <DefinedValue>
                                                                <ColumnReference Database="[servicetrax_dev]" Schema="[dbo]" Table="[INVOICES]" Column="DESCRIPTION" />
                                                              </DefinedValue>
                                                            </DefinedValues>
                                                            <Object Database="[servicetrax_dev]" Schema="[dbo]" Table="[INVOICES]" Index="[INV_PK]" TableReferenceId="-1" />
                                                            <SeekPredicates>
                                                              <SeekPredicate>
                                                                <Prefix ScanType="EQ">
                                                                  <RangeColumns>
                                                                    <ColumnReference Database="[servicetrax_dev]" Schema="[dbo]" Table="[INVOICES]" Column="INVOICE_ID" />
                                                                  </RangeColumns>
                                                                  <RangeExpressions>
                                                                    <ScalarOperator ScalarString="[servicetrax_dev].[dbo].[INVOICES].[INVOICE_ID]">
                                                                      <Identifier>
                                                                        <ColumnReference Database="[servicetrax_dev]" Schema="[dbo]" Table="[INVOICES]" Column="INVOICE_ID" />
                                                                      </Identifier>
                                                                    </ScalarOperator>
                                                                  </RangeExpressions>
                                                                </Prefix>
                                                              </SeekPredicate>
                                                            </SeekPredicates>
                                                          </IndexScan>
                                                        </RelOp>
                                                      </NestedLoops>
                                                    </RelOp>
                                                    <Predicate>
                                                      <ScalarOperator ScalarString="[servicetrax_dev].[dbo].[INVOICES].[STATUS_ID]=(1.)">
                                                        <Compare CompareOp="EQ">
                                                          <ScalarOperator>
                                                            <Identifier>
                                                              <ColumnReference Database="[servicetrax_dev]" Schema="[dbo]" Table="[INVOICES]" Column="STATUS_ID" />
                                                            </Identifier>
                                                          </ScalarOperator>
                                                          <ScalarOperator>
                                                            <Const ConstValue="(1.)" />
                                                          </ScalarOperator>
                                                        </Compare>
                                                      </ScalarOperator>
                                                    </Predicate>
                                                  </Filter>
                                                </RelOp>
                                              </ComputeScalar>
                                            </RelOp>
                                            <RelOp AvgRowSize="11" EstimateCPU="1E-07" EstimateIO="0" EstimateRebinds="0" EstimateRewinds="0" EstimateRows="1" LogicalOp="Compute Scalar" NodeId="26" Parallel="false" PhysicalOp="Compute Scalar" EstimatedTotalSubtreeCost="0.00657161">
                                              <OutputList>
                                                <ColumnReference Column="Expr1007" />
                                              </OutputList>
                                              <ComputeScalar>
                                                <DefinedValues>
                                                  <DefinedValue>
                                                    <ColumnReference Column="Expr1007" />
                                                    <ScalarOperator ScalarString="CASE WHEN [Expr1006]='*' THEN '*' ELSE '' END">
                                                      <IF>
                                                        <Condition>
                                                          <ScalarOperator>
                                                            <Compare CompareOp="EQ">
                                                              <ScalarOperator>
                                                                <Identifier>
                                                                  <ColumnReference Column="Expr1006" />
                                                                </Identifier>
                                                              </ScalarOperator>
                                                              <ScalarOperator>
                                                                <Const ConstValue="'*'" />
                                                              </ScalarOperator>
                                                            </Compare>
                                                          </ScalarOperator>
                                                        </Condition>
                                                        <Then>
                                                          <ScalarOperator>
                                                            <Const ConstValue="'*'" />
                                                          </ScalarOperator>
                                                        </Then>
                                                        <Else>
                                                          <ScalarOperator>
                                                            <Const ConstValue="''" />
                                                          </ScalarOperator>
                                                        </Else>
                                                      </IF>
                                                    </ScalarOperator>
                                                  </DefinedValue>
                                                </DefinedValues>
                                                <RelOp AvgRowSize="11" EstimateCPU="4.18E-06" EstimateIO="0" EstimateRebinds="0" EstimateRewinds="0" EstimateRows="1" LogicalOp="Left Outer Join" NodeId="27" Parallel="false" PhysicalOp="Nested Loops" EstimatedTotalSubtreeCost="0.00657151">
                                                  <OutputList>
                                                    <ColumnReference Column="Expr1006" />
                                                  </OutputList>
                                                  <RunTimeInformation>
                                                    <RunTimeCountersPerThread Thread="0" ActualRows="1" ActualEndOfScans="0" ActualExecutions="1" />
                                                  </RunTimeInformation>
                                                  <NestedLoops Optimized="false">
                                                    <OuterReferences>
                                                      <ColumnReference Database="[servicetrax_dev]" Schema="[dbo]" Table="[INVOICES]" Alias="[i]" Column="INVOICE_ID" />
                                                    </OuterReferences>
                                                    <RelOp AvgRowSize="16" EstimateCPU="0.0001581" EstimateIO="0.003125" EstimateRebinds="0" EstimateRewinds="0" EstimateRows="1" LogicalOp="Clustered Index Seek" NodeId="28" Parallel="false" PhysicalOp="Clustered Index Seek" EstimatedTotalSubtreeCost="0.0032831">
                                                      <OutputList>
                                                        <ColumnReference Database="[servicetrax_dev]" Schema="[dbo]" Table="[INVOICES]" Alias="[i]" Column="INVOICE_ID" />
                                                      </OutputList>
                                                      <RunTimeInformation>
                                                        <RunTimeCountersPerThread Thread="0" ActualRows="1" ActualEndOfScans="0" ActualExecutions="1" />
                                                      </RunTimeInformation>
                                                      <IndexScan Ordered="true" ScanDirection="FORWARD" ForcedIndex="false" NoExpandHint="false">
                                                        <DefinedValues>
                                                          <DefinedValue>
                                                            <ColumnReference Database="[servicetrax_dev]" Schema="[dbo]" Table="[INVOICES]" Alias="[i]" Column="INVOICE_ID" />
                                                          </DefinedValue>
                                                        </DefinedValues>
                                                        <Object Database="[servicetrax_dev]" Schema="[dbo]" Table="[INVOICES]" Index="[INV_PK]" Alias="[i]" TableReferenceId="1" />
                                                        <SeekPredicates>
                                                          <SeekPredicate>
                                                            <Prefix ScanType="EQ">
                                                              <RangeColumns>
                                                                <ColumnReference Database="[servicetrax_dev]" Schema="[dbo]" Table="[INVOICES]" Alias="[i]" Column="INVOICE_ID" />
                                                              </RangeColumns>
                                                              <RangeExpressions>
                                                                <ScalarOperator ScalarString="[servicetrax_dev].[dbo].[INVOICES].[INVOICE_ID]">
                                                                  <Identifier>
                                                                    <ColumnReference Database="[servicetrax_dev]" Schema="[dbo]" Table="[INVOICES]" Column="INVOICE_ID" />
                                                                  </Identifier>
                                                                </ScalarOperator>
                                                              </RangeExpressions>
                                                            </Prefix>
                                                          </SeekPredicate>
                                                        </SeekPredicates>
                                                      </IndexScan>
                                                    </RelOp>
                                                    <RelOp AvgRowSize="11" EstimateCPU="1.00967E-06" EstimateIO="0" EstimateRebinds="0" EstimateRewinds="0" EstimateRows="1" LogicalOp="Aggregate" NodeId="29" Parallel="false" PhysicalOp="Stream Aggregate" EstimatedTotalSubtreeCost="0.00328423">
                                                      <OutputList>
                                                        <ColumnReference Column="Expr1006" />
                                                      </OutputList>
                                                      <RunTimeInformation>
                                                        <RunTimeCountersPerThread Thread="0" ActualRows="0" ActualEndOfScans="1" ActualExecutions="1" />
                                                      </RunTimeInformation>
                                                      <StreamAggregate>
                                                        <DefinedValues>
                                                          <DefinedValue>
                                                            <ColumnReference Column="Expr1006" />
                                                            <ScalarOperator ScalarString="ANY([Expr1006])">
                                                              <Aggregate AggType="ANY" Distinct="false">
                                                                <ScalarOperator>
                                                                  <Identifier>
                                                                    <ColumnReference Column="Expr1006" />
                                                                  </Identifier>
                                                                </ScalarOperator>
                                                              </Aggregate>
                                                            </ScalarOperator>
                                                          </DefinedValue>
                                                        </DefinedValues>
                                                        <RelOp AvgRowSize="11" EstimateCPU="1.01934E-07" EstimateIO="0" EstimateRebinds="0" EstimateRewinds="0" EstimateRows="1.01934" LogicalOp="Compute Scalar" NodeId="30" Parallel="false" PhysicalOp="Compute Scalar" EstimatedTotalSubtreeCost="0.00328322">
                                                          <OutputList>
                                                            <ColumnReference Column="Expr1006" />
                                                          </OutputList>
                                                          <ComputeScalar>
                                                            <DefinedValues>
                                                              <DefinedValue>
                                                                <ColumnReference Column="Expr1006" />
                                                                <ScalarOperator ScalarString="'*'">
                                                                  <Const ConstValue="'*'" />
                                                                </ScalarOperator>
                                                              </DefinedValue>
                                                            </DefinedValues>
                                                            <RelOp AvgRowSize="9" EstimateCPU="0.000158121" EstimateIO="0.003125" EstimateRebinds="0" EstimateRewinds="0" EstimateRows="1.01934" LogicalOp="Index Seek" NodeId="31" Parallel="false" PhysicalOp="Index Seek" EstimatedTotalSubtreeCost="0.00328312">
                                                              <OutputList />
                                                              <RunTimeInformation>
                                                                <RunTimeCountersPerThread Thread="0" ActualRows="0" ActualEndOfScans="1" ActualExecutions="1" />
                                                              </RunTimeInformation>
                                                              <IndexScan Ordered="true" ScanDirection="FORWARD" ForcedIndex="false" NoExpandHint="false">
                                                                <DefinedValues />
                                                                <Object Database="[servicetrax_dev]" Schema="[dbo]" Table="[INVOICE_TRACKING]" Index="[IX_IT_INVOICES]" TableReferenceId="1" />
                                                                <SeekPredicates>
                                                                  <SeekPredicate>
                                                                    <Prefix ScanType="EQ">
                                                                      <RangeColumns>
                                                                        <ColumnReference Database="[servicetrax_dev]" Schema="[dbo]" Table="[INVOICE_TRACKING]" Column="INVOICE_ID" />
                                                                      </RangeColumns>
                                                                      <RangeExpressions>
                                                                        <ScalarOperator ScalarString="[servicetrax_dev].[dbo].[INVOICES].[INVOICE_ID] as [i].[INVOICE_ID]">
                                                                          <Identifier>
                                                                            <ColumnReference Database="[servicetrax_dev]" Schema="[dbo]" Table="[INVOICES]" Alias="[i]" Column="INVOICE_ID" />
                                                                          </Identifier>
                                                                        </ScalarOperator>
                                                                      </RangeExpressions>
                                                                    </Prefix>
                                                                  </SeekPredicate>
                                                                </SeekPredicates>
                                                              </IndexScan>
                                                            </RelOp>
                                                          </ComputeScalar>
                                                        </RelOp>
                                                      </StreamAggregate>
                                                    </RelOp>
                                                  </NestedLoops>
                                                </RelOp>
                                              </ComputeScalar>
                                            </RelOp>
                                          </NestedLoops>
                                        </RelOp>
                                        <RelOp AvgRowSize="304" EstimateCPU="0.00010068" EstimateIO="0.01" EstimateRebinds="0" EstimateRewinds="0" EstimateRows="1" LogicalOp="Lazy Spool" NodeId="41" Parallel="false" PhysicalOp="Table Spool" EstimatedTotalSubtreeCost="0.0363953">
                                          <OutputList>
                                            <ColumnReference Database="[servicetrax_dev]" Schema="[dbo]" Table="[LOOKUPS]" Alias="[job_type]" Column="NAME" />
                                            <ColumnReference Column="Expr1056" />
                                            <ColumnReference Column="Expr1057" />
                                            <ColumnReference Column="Expr1059" />
                                            <ColumnReference Column="Expr1067" />
                                          </OutputList>
                                          <RunTimeInformation>
                                            <RunTimeCountersPerThread Thread="0" ActualRebinds="1" ActualRewinds="0" ActualRows="1" ActualEndOfScans="0" ActualExecutions="1" />
                                          </RunTimeInformation>
                                          <Spool>
                                            <RelOp AvgRowSize="304" EstimateCPU="1E-07" EstimateIO="0" EstimateRebinds="0" EstimateRewinds="0" EstimateRows="1" LogicalOp="Compute Scalar" NodeId="42" Parallel="false" PhysicalOp="Compute Scalar" EstimatedTotalSubtreeCost="0.0262947">
                                              <OutputList>
                                                <ColumnReference Database="[servicetrax_dev]" Schema="[dbo]" Table="[LOOKUPS]" Alias="[job_type]" Column="NAME" />
                                                <ColumnReference Column="Expr1056" />
                                                <ColumnReference Column="Expr1057" />
                                                <ColumnReference Column="Expr1059" />
                                                <ColumnReference Column="Expr1067" />
                                              </OutputList>
                                              <ComputeScalar>
                                                <DefinedValues>
                                                  <DefinedValue>
                                                    <ColumnReference Column="Expr1056" />
                                                    <ScalarOperator ScalarString="CASE WHEN [servicetrax_dev].[dbo].[LOOKUPS].[CODE] as [customer_type].[CODE]='dealer' THEN [servicetrax_dev].[dbo].[CUSTOMERS].[CUSTOMER_NAME] as [c].[CUSTOMER_NAME] ELSE [servicetrax_dev].[dbo].[CUSTOMERS].[DEALER_NAME] as [c].[DEALER_NAME] END">
                                                      <IF>
                                                        <Condition>
                                                          <ScalarOperator>
                                                            <Compare CompareOp="EQ">
                                                              <ScalarOperator>
                                                                <Identifier>
                                                                  <ColumnReference Database="[servicetrax_dev]" Schema="[dbo]" Table="[LOOKUPS]" Alias="[customer_type]" Column="CODE" />
                                                                </Identifier>
                                                              </ScalarOperator>
                                                              <ScalarOperator>
                                                                <Const ConstValue="'dealer'" />
                                                              </ScalarOperator>
                                                            </Compare>
                                                          </ScalarOperator>
                                                        </Condition>
                                                        <Then>
                                                          <ScalarOperator>
                                                            <Identifier>
                                                              <ColumnReference Database="[servicetrax_dev]" Schema="[dbo]" Table="[CUSTOMERS]" Alias="[c]" Column="CUSTOMER_NAME" />
                                                            </Identifier>
                                                          </ScalarOperator>
                                                        </Then>
                                                        <Else>
                                                          <ScalarOperator>
                                                            <Identifier>
                                                              <ColumnReference Database="[servicetrax_dev]" Schema="[dbo]" Table="[CUSTOMERS]" Alias="[c]" Column="DEALER_NAME" />
                                                            </Identifier>
                                                          </ScalarOperator>
                                                        </Else>
                                                      </IF>
                                                    </ScalarOperator>
                                                  </DefinedValue>
                                                  <DefinedValue>
                                                    <ColumnReference Column="Expr1057" />
                                                    <ScalarOperator ScalarString="CASE WHEN [servicetrax_dev].[dbo].[LOOKUPS].[CODE] as [customer_type].[CODE]='dealer' THEN [servicetrax_dev].[dbo].[CUSTOMERS].[EXT_CUSTOMER_ID] as [c].[EXT_CUSTOMER_ID] ELSE [servicetrax_dev].[dbo].[CUSTOMERS].[EXT_DEALER_ID] as [c].[EXT_DEALER_ID] END">
                                                      <IF>
                                                        <Condition>
                                                          <ScalarOperator>
                                                            <Compare CompareOp="EQ">
                                                              <ScalarOperator>
                                                                <Identifier>
                                                                  <ColumnReference Database="[servicetrax_dev]" Schema="[dbo]" Table="[LOOKUPS]" Alias="[customer_type]" Column="CODE" />
                                                                </Identifier>
                                                              </ScalarOperator>
                                                              <ScalarOperator>
                                                                <Const ConstValue="'dealer'" />
                                                              </ScalarOperator>
                                                            </Compare>
                                                          </ScalarOperator>
                                                        </Condition>
                                                        <Then>
                                                          <ScalarOperator>
                                                            <Identifier>
                                                              <ColumnReference Database="[servicetrax_dev]" Schema="[dbo]" Table="[CUSTOMERS]" Alias="[c]" Column="EXT_CUSTOMER_ID" />
                                                            </Identifier>
                                                          </ScalarOperator>
                                                        </Then>
                                                        <Else>
                                                          <ScalarOperator>
                                                            <Identifier>
                                                              <ColumnReference Database="[servicetrax_dev]" Schema="[dbo]" Table="[CUSTOMERS]" Alias="[c]" Column="EXT_DEALER_ID" />
                                                            </Identifier>
                                                          </ScalarOperator>
                                                        </Else>
                                                      </IF>
                                                    </ScalarOperator>
                                                  </DefinedValue>
                                                  <DefinedValue>
                                                    <ColumnReference Column="Expr1067" />
                                                    <ScalarOperator ScalarString="CASE WHEN [servicetrax_dev].[dbo].[LOOKUPS].[CODE] as [customer_type].[CODE]='end_user' THEN [servicetrax_dev].[dbo].[CUSTOMERS].[CUSTOMER_NAME] ELSE [servicetrax_dev].[dbo].[CUSTOMERS].[CUSTOMER_NAME] as [c].[CUSTOMER_NAME] END">
                                                      <IF>
                                                        <Condition>
                                                          <ScalarOperator>
                                                            <Compare CompareOp="EQ">
                                                              <ScalarOperator>
                                                                <Identifier>
                                                                  <ColumnReference Database="[servicetrax_dev]" Schema="[dbo]" Table="[LOOKUPS]" Alias="[customer_type]" Column="CODE" />
                                                                </Identifier>
                                                              </ScalarOperator>
                                                              <ScalarOperator>
                                                                <Const ConstValue="'end_user'" />
                                                              </ScalarOperator>
                                                            </Compare>
                                                          </ScalarOperator>
                                                        </Condition>
                                                        <Then>
                                                          <ScalarOperator>
                                                            <Identifier>
                                                              <ColumnReference Database="[servicetrax_dev]" Schema="[dbo]" Table="[CUSTOMERS]" Column="CUSTOMER_NAME" />
                                                            </Identifier>
                                                          </ScalarOperator>
                                                        </Then>
                                                        <Else>
                                                          <ScalarOperator>
                                                            <Identifier>
                                                              <ColumnReference Database="[servicetrax_dev]" Schema="[dbo]" Table="[CUSTOMERS]" Alias="[c]" Column="CUSTOMER_NAME" />
                                                            </Identifier>
                                                          </ScalarOperator>
                                                        </Else>
                                                      </IF>
                                                    </ScalarOperator>
                                                  </DefinedValue>
                                                </DefinedValues>
                                                <RelOp AvgRowSize="314" EstimateCPU="4.18E-06" EstimateIO="0" EstimateRebinds="0" EstimateRewinds="0" EstimateRows="1" LogicalOp="Left Outer Join" NodeId="43" Parallel="false" PhysicalOp="Nested Loops" EstimatedTotalSubtreeCost="0.0262946">
                                                  <OutputList>
                                                    <ColumnReference Database="[servicetrax_dev]" Schema="[dbo]" Table="[CUSTOMERS]" Alias="[c]" Column="EXT_DEALER_ID" />
                                                    <ColumnReference Database="[servicetrax_dev]" Schema="[dbo]" Table="[CUSTOMERS]" Alias="[c]" Column="DEALER_NAME" />
                                                    <ColumnReference Database="[servicetrax_dev]" Schema="[dbo]" Table="[CUSTOMERS]" Alias="[c]" Column="EXT_CUSTOMER_ID" />
                                                    <ColumnReference Database="[servicetrax_dev]" Schema="[dbo]" Table="[CUSTOMERS]" Alias="[c]" Column="CUSTOMER_NAME" />
                                                    <ColumnReference Database="[servicetrax_dev]" Schema="[dbo]" Table="[LOOKUPS]" Alias="[customer_type]" Column="CODE" />
                                                    <ColumnReference Database="[servicetrax_dev]" Schema="[dbo]" Table="[LOOKUPS]" Alias="[job_type]" Column="NAME" />
                                                    <ColumnReference Column="Expr1059" />
                                                    <ColumnReference Database="[servicetrax_dev]" Schema="[dbo]" Table="[CUSTOMERS]" Column="CUSTOMER_NAME" />
                                                  </OutputList>
                                                  <RunTimeInformation>
                                                    <RunTimeCountersPerThread Thread="0" ActualRows="1" ActualEndOfScans="0" ActualExecutions="1" />
                                                  </RunTimeInformation>
                                                  <NestedLoops Optimized="false">
                                                    <PassThru>
                                                      <ScalarOperator ScalarString="IsFalseOrNull [servicetrax_dev].[dbo].[LOOKUPS].[CODE] as [customer_type].[CODE]='end_user'">
                                                        <Logical Operation="IsFalseOrNull">
                                                          <ScalarOperator>
                                                            <Compare CompareOp="EQ">
                                                              <ScalarOperator>
                                                                <Identifier>
                                                                  <ColumnReference Database="[servicetrax_dev]" Schema="[dbo]" Table="[LOOKUPS]" Alias="[customer_type]" Column="CODE" />
                                                                </Identifier>
                                                              </ScalarOperator>
                                                              <ScalarOperator>
                                                                <Const ConstValue="'end_user'" />
                                                              </ScalarOperator>
                                                            </Compare>
                                                          </ScalarOperator>
                                                        </Logical>
                                                      </ScalarOperator>
                                                    </PassThru>
                                                    <OuterReferences>
                                                      <ColumnReference Database="[servicetrax_dev]" Schema="[dbo]" Table="[CUSTOMERS]" Alias="[c]" Column="end_user_parent_id" />
                                                    </OuterReferences>
                                                    <RelOp AvgRowSize="304" EstimateCPU="1E-07" EstimateIO="0" EstimateRebinds="0" EstimateRewinds="0" EstimateRows="1" LogicalOp="Compute Scalar" NodeId="44" Parallel="false" PhysicalOp="Compute Scalar" EstimatedTotalSubtreeCost="0.0230069">
                                                      <OutputList>
                                                        <ColumnReference Database="[servicetrax_dev]" Schema="[dbo]" Table="[CUSTOMERS]" Alias="[c]" Column="EXT_DEALER_ID" />
                                                        <ColumnReference Database="[servicetrax_dev]" Schema="[dbo]" Table="[CUSTOMERS]" Alias="[c]" Column="DEALER_NAME" />
                                                        <ColumnReference Database="[servicetrax_dev]" Schema="[dbo]" Table="[CUSTOMERS]" Alias="[c]" Column="EXT_CUSTOMER_ID" />
                                                        <ColumnReference Database="[servicetrax_dev]" Schema="[dbo]" Table="[CUSTOMERS]" Alias="[c]" Column="CUSTOMER_NAME" />
                                                        <ColumnReference Database="[servicetrax_dev]" Schema="[dbo]" Table="[CUSTOMERS]" Alias="[c]" Column="end_user_parent_id" />
                                                        <ColumnReference Database="[servicetrax_dev]" Schema="[dbo]" Table="[LOOKUPS]" Alias="[customer_type]" Column="CODE" />
                                                        <ColumnReference Database="[servicetrax_dev]" Schema="[dbo]" Table="[LOOKUPS]" Alias="[job_type]" Column="NAME" />
                                                        <ColumnReference Column="Expr1059" />
                                                      </OutputList>
                                                      <ComputeScalar>
                                                        <DefinedValues>
                                                          <DefinedValue>
                                                            <ColumnReference Column="Expr1059" />
                                                            <ScalarOperator ScalarString="([servicetrax_dev].[dbo].[USERS].[FIRST_NAME] as [u_billing].[FIRST_NAME]+' ')+[servicetrax_dev].[dbo].[USERS].[LAST_NAME] as [u_billing].[LAST_NAME]">
                                                              <Arithmetic Operation="ADD">
                                                                <ScalarOperator>
                                                                  <Arithmetic Operation="ADD">
                                                                    <ScalarOperator>
                                                                      <Identifier>
                                                                        <ColumnReference Database="[servicetrax_dev]" Schema="[dbo]" Table="[USERS]" Alias="[u_billing]" Column="FIRST_NAME" />
                                                                      </Identifier>
                                                                    </ScalarOperator>
                                                                    <ScalarOperator>
                                                                      <Const ConstValue="' '" />
                                                                    </ScalarOperator>
                                                                  </Arithmetic>
                                                                </ScalarOperator>
                                                                <ScalarOperator>
                                                                  <Identifier>
                                                                    <ColumnReference Database="[servicetrax_dev]" Schema="[dbo]" Table="[USERS]" Alias="[u_billing]" Column="LAST_NAME" />
                                                                  </Identifier>
                                                                </ScalarOperator>
                                                              </Arithmetic>
                                                            </ScalarOperator>
                                                          </DefinedValue>
                                                        </DefinedValues>
                                                        <RelOp AvgRowSize="118" EstimateCPU="4.18E-06" EstimateIO="0" EstimateRebinds="0" EstimateRewinds="0" EstimateRows="1" LogicalOp="Left Outer Join" NodeId="45" Parallel="false" PhysicalOp="Nested Loops" EstimatedTotalSubtreeCost="0.0230068">
                                                          <OutputList>
                                                            <ColumnReference Database="[servicetrax_dev]" Schema="[dbo]" Table="[CUSTOMERS]" Alias="[c]" Column="EXT_DEALER_ID" />
                                                            <ColumnReference Database="[servicetrax_dev]" Schema="[dbo]" Table="[CUSTOMERS]" Alias="[c]" Column="DEALER_NAME" />
                                                            <ColumnReference Database="[servicetrax_dev]" Schema="[dbo]" Table="[CUSTOMERS]" Alias="[c]" Column="EXT_CUSTOMER_ID" />
                                                            <ColumnReference Database="[servicetrax_dev]" Schema="[dbo]" Table="[CUSTOMERS]" Alias="[c]" Column="CUSTOMER_NAME" />
                                                            <ColumnReference Database="[servicetrax_dev]" Schema="[dbo]" Table="[CUSTOMERS]" Alias="[c]" Column="end_user_parent_id" />
                                                            <ColumnReference Database="[servicetrax_dev]" Schema="[dbo]" Table="[LOOKUPS]" Alias="[customer_type]" Column="CODE" />
                                                            <ColumnReference Database="[servicetrax_dev]" Schema="[dbo]" Table="[LOOKUPS]" Alias="[job_type]" Column="NAME" />
                                                            <ColumnReference Database="[servicetrax_dev]" Schema="[dbo]" Table="[USERS]" Alias="[u_billing]" Column="FIRST_NAME" />
                                                            <ColumnReference Database="[servicetrax_dev]" Schema="[dbo]" Table="[USERS]" Alias="[u_billing]" Column="LAST_NAME" />
                                                          </OutputList>
                                                          <RunTimeInformation>
                                                            <RunTimeCountersPerThread Thread="0" ActualRows="1" ActualEndOfScans="0" ActualExecutions="1" />
                                                          </RunTimeInformation>
                                                          <NestedLoops Optimized="false">
                                                            <OuterReferences>
                                                              <ColumnReference Database="[servicetrax_dev]" Schema="[dbo]" Table="[JOBS]" Alias="[j]" Column="BILLING_USER_ID" />
                                                            </OuterReferences>
                                                            <RelOp AvgRowSize="111" EstimateCPU="4.18E-06" EstimateIO="0" EstimateRebinds="0" EstimateRewinds="0" EstimateRows="1" LogicalOp="Inner Join" NodeId="46" Parallel="false" PhysicalOp="Nested Loops" EstimatedTotalSubtreeCost="0.0197195">
                                                              <OutputList>
                                                                <ColumnReference Database="[servicetrax_dev]" Schema="[dbo]" Table="[JOBS]" Alias="[j]" Column="BILLING_USER_ID" />
                                                                <ColumnReference Database="[servicetrax_dev]" Schema="[dbo]" Table="[CUSTOMERS]" Alias="[c]" Column="EXT_DEALER_ID" />
                                                                <ColumnReference Database="[servicetrax_dev]" Schema="[dbo]" Table="[CUSTOMERS]" Alias="[c]" Column="DEALER_NAME" />
                                                                <ColumnReference Database="[servicetrax_dev]" Schema="[dbo]" Table="[CUSTOMERS]" Alias="[c]" Column="EXT_CUSTOMER_ID" />
                                                                <ColumnReference Database="[servicetrax_dev]" Schema="[dbo]" Table="[CUSTOMERS]" Alias="[c]" Column="CUSTOMER_NAME" />
                                                                <ColumnReference Database="[servicetrax_dev]" Schema="[dbo]" Table="[CUSTOMERS]" Alias="[c]" Column="end_user_parent_id" />
                                                                <ColumnReference Database="[servicetrax_dev]" Schema="[dbo]" Table="[LOOKUPS]" Alias="[customer_type]" Column="CODE" />
                                                                <ColumnReference Database="[servicetrax_dev]" Schema="[dbo]" Table="[LOOKUPS]" Alias="[job_type]" Column="NAME" />
                                                              </OutputList>
                                                              <RunTimeInformation>
                                                                <RunTimeCountersPerThread Thread="0" ActualRows="1" ActualEndOfScans="0" ActualExecutions="1" />
                                                              </RunTimeInformation>
                                                              <NestedLoops Optimized="false">
                                                                <OuterReferences>
                                                                  <ColumnReference Database="[servicetrax_dev]" Schema="[dbo]" Table="[JOBS]" Alias="[j]" Column="JOB_STATUS_TYPE_ID" />
                                                                </OuterReferences>
                                                                <RelOp AvgRowSize="121" EstimateCPU="4.18E-06" EstimateIO="0" EstimateRebinds="0" EstimateRewinds="0" EstimateRows="1" LogicalOp="Inner Join" NodeId="47" Parallel="false" PhysicalOp="Nested Loops" EstimatedTotalSubtreeCost="0.0164322">
                                                                  <OutputList>
                                                                    <ColumnReference Database="[servicetrax_dev]" Schema="[dbo]" Table="[JOBS]" Alias="[j]" Column="JOB_STATUS_TYPE_ID" />
                                                                    <ColumnReference Database="[servicetrax_dev]" Schema="[dbo]" Table="[JOBS]" Alias="[j]" Column="BILLING_USER_ID" />
                                                                    <ColumnReference Database="[servicetrax_dev]" Schema="[dbo]" Table="[CUSTOMERS]" Alias="[c]" Column="EXT_DEALER_ID" />
                                                                    <ColumnReference Database="[servicetrax_dev]" Schema="[dbo]" Table="[CUSTOMERS]" Alias="[c]" Column="DEALER_NAME" />
                                                                    <ColumnReference Database="[servicetrax_dev]" Schema="[dbo]" Table="[CUSTOMERS]" Alias="[c]" Column="EXT_CUSTOMER_ID" />
                                                                    <ColumnReference Database="[servicetrax_dev]" Schema="[dbo]" Table="[CUSTOMERS]" Alias="[c]" Column="CUSTOMER_NAME" />
                                                                    <ColumnReference Database="[servicetrax_dev]" Schema="[dbo]" Table="[CUSTOMERS]" Alias="[c]" Column="end_user_parent_id" />
                                                                    <ColumnReference Database="[servicetrax_dev]" Schema="[dbo]" Table="[LOOKUPS]" Alias="[customer_type]" Column="CODE" />
                                                                    <ColumnReference Database="[servicetrax_dev]" Schema="[dbo]" Table="[LOOKUPS]" Alias="[job_type]" Column="NAME" />
                                                                  </OutputList>
                                                                  <RunTimeInformation>
                                                                    <RunTimeCountersPerThread Thread="0" ActualRows="1" ActualEndOfScans="0" ActualExecutions="1" />
                                                                  </RunTimeInformation>
                                                                  <NestedLoops Optimized="false">
                                                                    <OuterReferences>
                                                                      <ColumnReference Database="[servicetrax_dev]" Schema="[dbo]" Table="[CUSTOMERS]" Alias="[c]" Column="customer_type_id" />
                                                                    </OuterReferences>
                                                                    <RelOp AvgRowSize="121" EstimateCPU="4.18E-06" EstimateIO="0" EstimateRebinds="0" EstimateRewinds="0" EstimateRows="1" LogicalOp="Inner Join" NodeId="48" Parallel="false" PhysicalOp="Nested Loops" EstimatedTotalSubtreeCost="0.0131449">
                                                                      <OutputList>
                                                                        <ColumnReference Database="[servicetrax_dev]" Schema="[dbo]" Table="[JOBS]" Alias="[j]" Column="JOB_STATUS_TYPE_ID" />
                                                                        <ColumnReference Database="[servicetrax_dev]" Schema="[dbo]" Table="[JOBS]" Alias="[j]" Column="BILLING_USER_ID" />
                                                                        <ColumnReference Database="[servicetrax_dev]" Schema="[dbo]" Table="[CUSTOMERS]" Alias="[c]" Column="EXT_DEALER_ID" />
                                                                        <ColumnReference Database="[servicetrax_dev]" Schema="[dbo]" Table="[CUSTOMERS]" Alias="[c]" Column="DEALER_NAME" />
                                                                        <ColumnReference Database="[servicetrax_dev]" Schema="[dbo]" Table="[CUSTOMERS]" Alias="[c]" Column="EXT_CUSTOMER_ID" />
                                                                        <ColumnReference Database="[servicetrax_dev]" Schema="[dbo]" Table="[CUSTOMERS]" Alias="[c]" Column="CUSTOMER_NAME" />
                                                                        <ColumnReference Database="[servicetrax_dev]" Schema="[dbo]" Table="[CUSTOMERS]" Alias="[c]" Column="customer_type_id" />
                                                                        <ColumnReference Database="[servicetrax_dev]" Schema="[dbo]" Table="[CUSTOMERS]" Alias="[c]" Column="end_user_parent_id" />
                                                                        <ColumnReference Database="[servicetrax_dev]" Schema="[dbo]" Table="[LOOKUPS]" Alias="[job_type]" Column="NAME" />
                                                                      </OutputList>
                                                                      <RunTimeInformation>
                                                                        <RunTimeCountersPerThread Thread="0" ActualRows="1" ActualEndOfScans="0" ActualExecutions="1" />
                                                                      </RunTimeInformation>
                                                                      <NestedLoops Optimized="false">
                                                                        <OuterReferences>
                                                                          <ColumnReference Database="[servicetrax_dev]" Schema="[dbo]" Table="[JOBS]" Alias="[j]" Column="JOB_TYPE_ID" />
                                                                        </OuterReferences>
                                                                        <RelOp AvgRowSize="120" EstimateCPU="4.18E-06" EstimateIO="0" EstimateRebinds="0" EstimateRewinds="0" EstimateRows="1" LogicalOp="Inner Join" NodeId="49" Parallel="false" PhysicalOp="Nested Loops" EstimatedTotalSubtreeCost="0.00985766">
                                                                          <OutputList>
                                                                            <ColumnReference Database="[servicetrax_dev]" Schema="[dbo]" Table="[JOBS]" Alias="[j]" Column="JOB_TYPE_ID" />
                                                                            <ColumnReference Database="[servicetrax_dev]" Schema="[dbo]" Table="[JOBS]" Alias="[j]" Column="JOB_STATUS_TYPE_ID" />
                                                                            <ColumnReference Database="[servicetrax_dev]" Schema="[dbo]" Table="[JOBS]" Alias="[j]" Column="BILLING_USER_ID" />
                                                                            <ColumnReference Database="[servicetrax_dev]" Schema="[dbo]" Table="[CUSTOMERS]" Alias="[c]" Column="EXT_DEALER_ID" />
                                                                            <ColumnReference Database="[servicetrax_dev]" Schema="[dbo]" Table="[CUSTOMERS]" Alias="[c]" Column="DEALER_NAME" />
                                                                            <ColumnReference Database="[servicetrax_dev]" Schema="[dbo]" Table="[CUSTOMERS]" Alias="[c]" Column="EXT_CUSTOMER_ID" />
                                                                            <ColumnReference Database="[servicetrax_dev]" Schema="[dbo]" Table="[CUSTOMERS]" Alias="[c]" Column="CUSTOMER_NAME" />
                                                                            <ColumnReference Database="[servicetrax_dev]" Schema="[dbo]" Table="[CUSTOMERS]" Alias="[c]" Column="customer_type_id" />
                                                                            <ColumnReference Database="[servicetrax_dev]" Schema="[dbo]" Table="[CUSTOMERS]" Alias="[c]" Column="end_user_parent_id" />
                                                                          </OutputList>
                                                                          <RunTimeInformation>
                                                                            <RunTimeCountersPerThread Thread="0" ActualRows="1" ActualEndOfScans="0" ActualExecutions="1" />
                                                                          </RunTimeInformation>
                                                                          <NestedLoops Optimized="false">
                                                                            <OuterReferences>
                                                                              <ColumnReference Database="[servicetrax_dev]" Schema="[dbo]" Table="[JOBS]" Alias="[j]" Column="CREATED_BY" />
                                                                            </OuterReferences>
                                                                            <RelOp AvgRowSize="129" EstimateCPU="4.18E-06" EstimateIO="0" EstimateRebinds="0" EstimateRewinds="0" EstimateRows="1" LogicalOp="Inner Join" NodeId="50" Parallel="false" PhysicalOp="Nested Loops" EstimatedTotalSubtreeCost="0.00657038">
                                                                              <OutputList>
                                                                                <ColumnReference Database="[servicetrax_dev]" Schema="[dbo]" Table="[JOBS]" Alias="[j]" Column="JOB_TYPE_ID" />
                                                                                <ColumnReference Database="[servicetrax_dev]" Schema="[dbo]" Table="[JOBS]" Alias="[j]" Column="JOB_STATUS_TYPE_ID" />
                                                                                <ColumnReference Database="[servicetrax_dev]" Schema="[dbo]" Table="[JOBS]" Alias="[j]" Column="BILLING_USER_ID" />
                                                                                <ColumnReference Database="[servicetrax_dev]" Schema="[dbo]" Table="[JOBS]" Alias="[j]" Column="CREATED_BY" />
                                                                                <ColumnReference Database="[servicetrax_dev]" Schema="[dbo]" Table="[CUSTOMERS]" Alias="[c]" Column="EXT_DEALER_ID" />
                                                                                <ColumnReference Database="[servicetrax_dev]" Schema="[dbo]" Table="[CUSTOMERS]" Alias="[c]" Column="DEALER_NAME" />
                                                                                <ColumnReference Database="[servicetrax_dev]" Schema="[dbo]" Table="[CUSTOMERS]" Alias="[c]" Column="EXT_CUSTOMER_ID" />
                                                                                <ColumnReference Database="[servicetrax_dev]" Schema="[dbo]" Table="[CUSTOMERS]" Alias="[c]" Column="CUSTOMER_NAME" />
                                                                                <ColumnReference Database="[servicetrax_dev]" Schema="[dbo]" Table="[CUSTOMERS]" Alias="[c]" Column="customer_type_id" />
                                                                                <ColumnReference Database="[servicetrax_dev]" Schema="[dbo]" Table="[CUSTOMERS]" Alias="[c]" Column="end_user_parent_id" />
                                                                              </OutputList>
                                                                              <RunTimeInformation>
                                                                                <RunTimeCountersPerThread Thread="0" ActualRows="1" ActualEndOfScans="0" ActualExecutions="1" />
                                                                              </RunTimeInformation>
                                                                              <NestedLoops Optimized="false">
                                                                                <OuterReferences>
                                                                                  <ColumnReference Database="[servicetrax_dev]" Schema="[dbo]" Table="[JOBS]" Alias="[j]" Column="CUSTOMER_ID" />
                                                                                </OuterReferences>
                                                                                <RelOp AvgRowSize="52" EstimateCPU="0.0001581" EstimateIO="0.003125" EstimateRebinds="0" EstimateRewinds="0" EstimateRows="1" LogicalOp="Clustered Index Seek" NodeId="51" Parallel="false" PhysicalOp="Clustered Index Seek" EstimatedTotalSubtreeCost="0.0032831">
                                                                                  <OutputList>
                                                                                    <ColumnReference Database="[servicetrax_dev]" Schema="[dbo]" Table="[JOBS]" Alias="[j]" Column="JOB_TYPE_ID" />
                                                                                    <ColumnReference Database="[servicetrax_dev]" Schema="[dbo]" Table="[JOBS]" Alias="[j]" Column="JOB_STATUS_TYPE_ID" />
                                                                                    <ColumnReference Database="[servicetrax_dev]" Schema="[dbo]" Table="[JOBS]" Alias="[j]" Column="CUSTOMER_ID" />
                                                                                    <ColumnReference Database="[servicetrax_dev]" Schema="[dbo]" Table="[JOBS]" Alias="[j]" Column="BILLING_USER_ID" />
                                                                                    <ColumnReference Database="[servicetrax_dev]" Schema="[dbo]" Table="[JOBS]" Alias="[j]" Column="CREATED_BY" />
                                                                                  </OutputList>
                                                                                  <RunTimeInformation>
                                                                                    <RunTimeCountersPerThread Thread="0" ActualRows="1" ActualEndOfScans="0" ActualExecutions="1" />
                                                                                  </RunTimeInformation>
                                                                                  <IndexScan Ordered="true" ScanDirection="FORWARD" ForcedIndex="false" NoExpandHint="false">
                                                                                    <DefinedValues>
                                                                                      <DefinedValue>
                                                                                        <ColumnReference Database="[servicetrax_dev]" Schema="[dbo]" Table="[JOBS]" Alias="[j]" Column="JOB_TYPE_ID" />
                                                                                      </DefinedValue>
                                                                                      <DefinedValue>
                                                                                        <ColumnReference Database="[servicetrax_dev]" Schema="[dbo]" Table="[JOBS]" Alias="[j]" Column="JOB_STATUS_TYPE_ID" />
                                                                                      </DefinedValue>
                                                                                      <DefinedValue>
                                                                                        <ColumnReference Database="[servicetrax_dev]" Schema="[dbo]" Table="[JOBS]" Alias="[j]" Column="CUSTOMER_ID" />
                                                                                      </DefinedValue>
                                                                                      <DefinedValue>
                                                                                        <ColumnReference Database="[servicetrax_dev]" Schema="[dbo]" Table="[JOBS]" Alias="[j]" Column="BILLING_USER_ID" />
                                                                                      </DefinedValue>
                                                                                      <DefinedValue>
                                                                                        <ColumnReference Database="[servicetrax_dev]" Schema="[dbo]" Table="[JOBS]" Alias="[j]" Column="CREATED_BY" />
                                                                                      </DefinedValue>
                                                                                    </DefinedValues>
                                                                                    <Object Database="[servicetrax_dev]" Schema="[dbo]" Table="[JOBS]" Index="[PK_JOBS]" Alias="[j]" TableReferenceId="1" />
                                                                                    <SeekPredicates>
                                                                                      <SeekPredicate>
                                                                                        <Prefix ScanType="EQ">
                                                                                          <RangeColumns>
                                                                                            <ColumnReference Database="[servicetrax_dev]" Schema="[dbo]" Table="[JOBS]" Alias="[j]" Column="JOB_ID" />
                                                                                          </RangeColumns>
                                                                                          <RangeExpressions>
                                                                                            <ScalarOperator ScalarString="(70867.)">
                                                                                              <Const ConstValue="(70867.)" />
                                                                                            </ScalarOperator>
                                                                                          </RangeExpressions>
                                                                                        </Prefix>
                                                                                      </SeekPredicate>
                                                                                    </SeekPredicates>
                                                                                  </IndexScan>
                                                                                </RelOp>
                                                                                <RelOp AvgRowSize="92" EstimateCPU="0.0001581" EstimateIO="0.003125" EstimateRebinds="0" EstimateRewinds="0" EstimateRows="1" LogicalOp="Clustered Index Seek" NodeId="52" Parallel="false" PhysicalOp="Clustered Index Seek" EstimatedTotalSubtreeCost="0.0032831">
                                                                                  <OutputList>
                                                                                    <ColumnReference Database="[servicetrax_dev]" Schema="[dbo]" Table="[CUSTOMERS]" Alias="[c]" Column="EXT_DEALER_ID" />
                                                                                    <ColumnReference Database="[servicetrax_dev]" Schema="[dbo]" Table="[CUSTOMERS]" Alias="[c]" Column="DEALER_NAME" />
                                                                                    <ColumnReference Database="[servicetrax_dev]" Schema="[dbo]" Table="[CUSTOMERS]" Alias="[c]" Column="EXT_CUSTOMER_ID" />
                                                                                    <ColumnReference Database="[servicetrax_dev]" Schema="[dbo]" Table="[CUSTOMERS]" Alias="[c]" Column="CUSTOMER_NAME" />
                                                                                    <ColumnReference Database="[servicetrax_dev]" Schema="[dbo]" Table="[CUSTOMERS]" Alias="[c]" Column="customer_type_id" />
                                                                                    <ColumnReference Database="[servicetrax_dev]" Schema="[dbo]" Table="[CUSTOMERS]" Alias="[c]" Column="end_user_parent_id" />
                                                                                  </OutputList>
                                                                                  <RunTimeInformation>
                                                                                    <RunTimeCountersPerThread Thread="0" ActualRows="1" ActualEndOfScans="0" ActualExecutions="1" />
                                                                                  </RunTimeInformation>
                                                                                  <IndexScan Ordered="true" ScanDirection="FORWARD" ForcedIndex="false" NoExpandHint="false">
                                                                                    <DefinedValues>
                                                                                      <DefinedValue>
                                                                                        <ColumnReference Database="[servicetrax_dev]" Schema="[dbo]" Table="[CUSTOMERS]" Alias="[c]" Column="EXT_DEALER_ID" />
                                                                                      </DefinedValue>
                                                                                      <DefinedValue>
                                                                                        <ColumnReference Database="[servicetrax_dev]" Schema="[dbo]" Table="[CUSTOMERS]" Alias="[c]" Column="DEALER_NAME" />
                                                                                      </DefinedValue>
                                                                                      <DefinedValue>
                                                                                        <ColumnReference Database="[servicetrax_dev]" Schema="[dbo]" Table="[CUSTOMERS]" Alias="[c]" Column="EXT_CUSTOMER_ID" />
                                                                                      </DefinedValue>
                                                                                      <DefinedValue>
                                                                                        <ColumnReference Database="[servicetrax_dev]" Schema="[dbo]" Table="[CUSTOMERS]" Alias="[c]" Column="CUSTOMER_NAME" />
                                                                                      </DefinedValue>
                                                                                      <DefinedValue>
                                                                                        <ColumnReference Database="[servicetrax_dev]" Schema="[dbo]" Table="[CUSTOMERS]" Alias="[c]" Column="customer_type_id" />
                                                                                      </DefinedValue>
                                                                                      <DefinedValue>
                                                                                        <ColumnReference Database="[servicetrax_dev]" Schema="[dbo]" Table="[CUSTOMERS]" Alias="[c]" Column="end_user_parent_id" />
                                                                                      </DefinedValue>
                                                                                    </DefinedValues>
                                                                                    <Object Database="[servicetrax_dev]" Schema="[dbo]" Table="[CUSTOMERS]" Index="[PK_CUSTOMERS]" Alias="[c]" TableReferenceId="1" />
                                                                                    <SeekPredicates>
                                                                                      <SeekPredicate>
                                                                                        <Prefix ScanType="EQ">
                                                                                          <RangeColumns>
                                                                                            <ColumnReference Database="[servicetrax_dev]" Schema="[dbo]" Table="[CUSTOMERS]" Alias="[c]" Column="CUSTOMER_ID" />
                                                                                          </RangeColumns>
                                                                                          <RangeExpressions>
                                                                                            <ScalarOperator ScalarString="[servicetrax_dev].[dbo].[JOBS].[CUSTOMER_ID] as [j].[CUSTOMER_ID]">
                                                                                              <Identifier>
                                                                                                <ColumnReference Database="[servicetrax_dev]" Schema="[dbo]" Table="[JOBS]" Alias="[j]" Column="CUSTOMER_ID" />
                                                                                              </Identifier>
                                                                                            </ScalarOperator>
                                                                                          </RangeExpressions>
                                                                                        </Prefix>
                                                                                      </SeekPredicate>
                                                                                    </SeekPredicates>
                                                                                  </IndexScan>
                                                                                </RelOp>
                                                                              </NestedLoops>
                                                                            </RelOp>
                                                                            <RelOp AvgRowSize="9" EstimateCPU="0.0001581" EstimateIO="0.003125" EstimateRebinds="0" EstimateRewinds="0" EstimateRows="1" LogicalOp="Clustered Index Seek" NodeId="53" Parallel="false" PhysicalOp="Clustered Index Seek" EstimatedTotalSubtreeCost="0.0032831">
                                                                              <OutputList />
                                                                              <RunTimeInformation>
                                                                                <RunTimeCountersPerThread Thread="0" ActualRows="1" ActualEndOfScans="0" ActualExecutions="1" />
                                                                              </RunTimeInformation>
                                                                              <IndexScan Ordered="true" ScanDirection="FORWARD" ForcedIndex="false" NoExpandHint="false">
                                                                                <DefinedValues />
                                                                                <Object Database="[servicetrax_dev]" Schema="[dbo]" Table="[USERS]" Index="[PK_USERS]" Alias="[created_by]" TableReferenceId="1" />
                                                                                <SeekPredicates>
                                                                                  <SeekPredicate>
                                                                                    <Prefix ScanType="EQ">
                                                                                      <RangeColumns>
                                                                                        <ColumnReference Database="[servicetrax_dev]" Schema="[dbo]" Table="[USERS]" Alias="[created_by]" Column="USER_ID" />
                                                                                      </RangeColumns>
                                                                                      <RangeExpressions>
                                                                                        <ScalarOperator ScalarString="[servicetrax_dev].[dbo].[JOBS].[CREATED_BY] as [j].[CREATED_BY]">
                                                                                          <Identifier>
                                                                                            <ColumnReference Database="[servicetrax_dev]" Schema="[dbo]" Table="[JOBS]" Alias="[j]" Column="CREATED_BY" />
                                                                                          </Identifier>
                                                                                        </ScalarOperator>
                                                                                      </RangeExpressions>
                                                                                    </Prefix>
                                                                                  </SeekPredicate>
                                                                                </SeekPredicates>
                                                                              </IndexScan>
                                                                            </RelOp>
                                                                          </NestedLoops>
                                                                        </RelOp>
                                                                        <RelOp AvgRowSize="19" EstimateCPU="0.0001581" EstimateIO="0.003125" EstimateRebinds="0" EstimateRewinds="0" EstimateRows="1" LogicalOp="Index Seek" NodeId="54" Parallel="false" PhysicalOp="Index Seek" EstimatedTotalSubtreeCost="0.0032831">
                                                                          <OutputList>
                                                                            <ColumnReference Database="[servicetrax_dev]" Schema="[dbo]" Table="[LOOKUPS]" Alias="[job_type]" Column="NAME" />
                                                                          </OutputList>
                                                                          <RunTimeInformation>
                                                                            <RunTimeCountersPerThread Thread="0" ActualRows="1" ActualEndOfScans="0" ActualExecutions="1" />
                                                                          </RunTimeInformation>
                                                                          <IndexScan Ordered="true" ScanDirection="FORWARD" ForcedIndex="false" NoExpandHint="false">
                                                                            <DefinedValues>
                                                                              <DefinedValue>
                                                                                <ColumnReference Database="[servicetrax_dev]" Schema="[dbo]" Table="[LOOKUPS]" Alias="[job_type]" Column="NAME" />
                                                                              </DefinedValue>
                                                                            </DefinedValues>
                                                                            <Object Database="[servicetrax_dev]" Schema="[dbo]" Table="[LOOKUPS]" Index="[IX_L_LID_NAME]" Alias="[job_type]" TableReferenceId="1" />
                                                                            <SeekPredicates>
                                                                              <SeekPredicate>
                                                                                <Prefix ScanType="EQ">
                                                                                  <RangeColumns>
                                                                                    <ColumnReference Database="[servicetrax_dev]" Schema="[dbo]" Table="[LOOKUPS]" Alias="[job_type]" Column="LOOKUP_ID" />
                                                                                  </RangeColumns>
                                                                                  <RangeExpressions>
                                                                                    <ScalarOperator ScalarString="[servicetrax_dev].[dbo].[JOBS].[JOB_TYPE_ID] as [j].[JOB_TYPE_ID]">
                                                                                      <Identifier>
                                                                                        <ColumnReference Database="[servicetrax_dev]" Schema="[dbo]" Table="[JOBS]" Alias="[j]" Column="JOB_TYPE_ID" />
                                                                                      </Identifier>
                                                                                    </ScalarOperator>
                                                                                  </RangeExpressions>
                                                                                </Prefix>
                                                                              </SeekPredicate>
                                                                            </SeekPredicates>
                                                                          </IndexScan>
                                                                        </RelOp>
                                                                      </NestedLoops>
                                                                    </RelOp>
                                                                    <RelOp AvgRowSize="18" EstimateCPU="0.0001581" EstimateIO="0.003125" EstimateRebinds="0" EstimateRewinds="0" EstimateRows="1" LogicalOp="Index Seek" NodeId="55" Parallel="false" PhysicalOp="Index Seek" EstimatedTotalSubtreeCost="0.0032831">
                                                                      <OutputList>
                                                                        <ColumnReference Database="[servicetrax_dev]" Schema="[dbo]" Table="[LOOKUPS]" Alias="[customer_type]" Column="CODE" />
                                                                      </OutputList>
                                                                      <RunTimeInformation>
                                                                        <RunTimeCountersPerThread Thread="0" ActualRows="1" ActualEndOfScans="0" ActualExecutions="1" />
                                                                      </RunTimeInformation>
                                                                      <IndexScan Ordered="true" ScanDirection="FORWARD" ForcedIndex="false" NoExpandHint="false">
                                                                        <DefinedValues>
                                                                          <DefinedValue>
                                                                            <ColumnReference Database="[servicetrax_dev]" Schema="[dbo]" Table="[LOOKUPS]" Alias="[customer_type]" Column="CODE" />
                                                                          </DefinedValue>
                                                                        </DefinedValues>
                                                                        <Object Database="[servicetrax_dev]" Schema="[dbo]" Table="[LOOKUPS]" Index="[IX_L_LID_CODE]" Alias="[customer_type]" TableReferenceId="1" />
                                                                        <SeekPredicates>
                                                                          <SeekPredicate>
                                                                            <Prefix ScanType="EQ">
                                                                              <RangeColumns>
                                                                                <ColumnReference Database="[servicetrax_dev]" Schema="[dbo]" Table="[LOOKUPS]" Alias="[customer_type]" Column="LOOKUP_ID" />
                                                                              </RangeColumns>
                                                                              <RangeExpressions>
                                                                                <ScalarOperator ScalarString="[servicetrax_dev].[dbo].[CUSTOMERS].[customer_type_id] as [c].[customer_type_id]">
                                                                                  <Identifier>
                                                                                    <ColumnReference Database="[servicetrax_dev]" Schema="[dbo]" Table="[CUSTOMERS]" Alias="[c]" Column="customer_type_id" />
                                                                                  </Identifier>
                                                                                </ScalarOperator>
                                                                              </RangeExpressions>
                                                                            </Prefix>
                                                                          </SeekPredicate>
                                                                        </SeekPredicates>
                                                                      </IndexScan>
                                                                    </RelOp>
                                                                  </NestedLoops>
                                                                </RelOp>
                                                                <RelOp AvgRowSize="9" EstimateCPU="0.0001581" EstimateIO="0.003125" EstimateRebinds="0" EstimateRewinds="0" EstimateRows="1" LogicalOp="Index Seek" NodeId="56" Parallel="false" PhysicalOp="Index Seek" EstimatedTotalSubtreeCost="0.0032831">
                                                                  <OutputList />
                                                                  <RunTimeInformation>
                                                                    <RunTimeCountersPerThread Thread="0" ActualRows="1" ActualEndOfScans="0" ActualExecutions="1" />
                                                                  </RunTimeInformation>
                                                                  <IndexScan Ordered="true" ScanDirection="FORWARD" ForcedIndex="false" NoExpandHint="false">
                                                                    <DefinedValues />
                                                                    <Object Database="[servicetrax_dev]" Schema="[dbo]" Table="[LOOKUPS]" Index="[IX_L_LID_NAME]" Alias="[job_status_type]" TableReferenceId="1" />
                                                                    <SeekPredicates>
                                                                      <SeekPredicate>
                                                                        <Prefix ScanType="EQ">
                                                                          <RangeColumns>
                                                                            <ColumnReference Database="[servicetrax_dev]" Schema="[dbo]" Table="[LOOKUPS]" Alias="[job_status_type]" Column="LOOKUP_ID" />
                                                                          </RangeColumns>
                                                                          <RangeExpressions>
                                                                            <ScalarOperator ScalarString="[servicetrax_dev].[dbo].[JOBS].[JOB_STATUS_TYPE_ID] as [j].[JOB_STATUS_TYPE_ID]">
                                                                              <Identifier>
                                                                                <ColumnReference Database="[servicetrax_dev]" Schema="[dbo]" Table="[JOBS]" Alias="[j]" Column="JOB_STATUS_TYPE_ID" />
                                                                              </Identifier>
                                                                            </ScalarOperator>
                                                                          </RangeExpressions>
                                                                        </Prefix>
                                                                      </SeekPredicate>
                                                                    </SeekPredicates>
                                                                  </IndexScan>
                                                                </RelOp>
                                                              </NestedLoops>
                                                            </RelOp>
                                                            <RelOp AvgRowSize="24" EstimateCPU="0.0001581" EstimateIO="0.003125" EstimateRebinds="0" EstimateRewinds="0" EstimateRows="1" LogicalOp="Clustered Index Seek" NodeId="57" Parallel="false" PhysicalOp="Clustered Index Seek" EstimatedTotalSubtreeCost="0.0032831">
                                                              <OutputList>
                                                                <ColumnReference Database="[servicetrax_dev]" Schema="[dbo]" Table="[USERS]" Alias="[u_billing]" Column="FIRST_NAME" />
                                                                <ColumnReference Database="[servicetrax_dev]" Schema="[dbo]" Table="[USERS]" Alias="[u_billing]" Column="LAST_NAME" />
                                                              </OutputList>
                                                              <RunTimeInformation>
                                                                <RunTimeCountersPerThread Thread="0" ActualRows="1" ActualEndOfScans="0" ActualExecutions="1" />
                                                              </RunTimeInformation>
                                                              <IndexScan Ordered="true" ScanDirection="FORWARD" ForcedIndex="false" NoExpandHint="false">
                                                                <DefinedValues>
                                                                  <DefinedValue>
                                                                    <ColumnReference Database="[servicetrax_dev]" Schema="[dbo]" Table="[USERS]" Alias="[u_billing]" Column="FIRST_NAME" />
                                                                  </DefinedValue>
                                                                  <DefinedValue>
                                                                    <ColumnReference Database="[servicetrax_dev]" Schema="[dbo]" Table="[USERS]" Alias="[u_billing]" Column="LAST_NAME" />
                                                                  </DefinedValue>
                                                                </DefinedValues>
                                                                <Object Database="[servicetrax_dev]" Schema="[dbo]" Table="[USERS]" Index="[PK_USERS]" Alias="[u_billing]" TableReferenceId="1" />
                                                                <SeekPredicates>
                                                                  <SeekPredicate>
                                                                    <Prefix ScanType="EQ">
                                                                      <RangeColumns>
                                                                        <ColumnReference Database="[servicetrax_dev]" Schema="[dbo]" Table="[USERS]" Alias="[u_billing]" Column="USER_ID" />
                                                                      </RangeColumns>
                                                                      <RangeExpressions>
                                                                        <ScalarOperator ScalarString="[servicetrax_dev].[dbo].[JOBS].[BILLING_USER_ID] as [j].[BILLING_USER_ID]">
                                                                          <Identifier>
                                                                            <ColumnReference Database="[servicetrax_dev]" Schema="[dbo]" Table="[JOBS]" Alias="[j]" Column="BILLING_USER_ID" />
                                                                          </Identifier>
                                                                        </ScalarOperator>
                                                                      </RangeExpressions>
                                                                    </Prefix>
                                                                  </SeekPredicate>
                                                                </SeekPredicates>
                                                              </IndexScan>
                                                            </RelOp>
                                                          </NestedLoops>
                                                        </RelOp>
                                                      </ComputeScalar>
                                                    </RelOp>
                                                    <RelOp AvgRowSize="28" EstimateCPU="0.0001581" EstimateIO="0.003125" EstimateRebinds="0" EstimateRewinds="0" EstimateRows="1" LogicalOp="Clustered Index Seek" NodeId="61" Parallel="false" PhysicalOp="Clustered Index Seek" EstimatedTotalSubtreeCost="0.0032831">
                                                      <OutputList>
                                                        <ColumnReference Database="[servicetrax_dev]" Schema="[dbo]" Table="[CUSTOMERS]" Column="CUSTOMER_NAME" />
                                                      </OutputList>
                                                      <RunTimeInformation>
                                                        <RunTimeCountersPerThread Thread="0" ActualRows="1" ActualEndOfScans="0" ActualExecutions="1" />
                                                      </RunTimeInformation>
                                                      <IndexScan Ordered="true" ScanDirection="FORWARD" ForcedIndex="false" NoExpandHint="false">
                                                        <DefinedValues>
                                                          <DefinedValue>
                                                            <ColumnReference Database="[servicetrax_dev]" Schema="[dbo]" Table="[CUSTOMERS]" Column="CUSTOMER_NAME" />
                                                          </DefinedValue>
                                                        </DefinedValues>
                                                        <Object Database="[servicetrax_dev]" Schema="[dbo]" Table="[CUSTOMERS]" Index="[PK_CUSTOMERS]" TableReferenceId="1" />
                                                        <SeekPredicates>
                                                          <SeekPredicate>
                                                            <Prefix ScanType="EQ">
                                                              <RangeColumns>
                                                                <ColumnReference Database="[servicetrax_dev]" Schema="[dbo]" Table="[CUSTOMERS]" Column="CUSTOMER_ID" />
                                                              </RangeColumns>
                                                              <RangeExpressions>
                                                                <ScalarOperator ScalarString="[servicetrax_dev].[dbo].[CUSTOMERS].[end_user_parent_id] as [c].[end_user_parent_id]">
                                                                  <Identifier>
                                                                    <ColumnReference Database="[servicetrax_dev]" Schema="[dbo]" Table="[CUSTOMERS]" Alias="[c]" Column="end_user_parent_id" />
                                                                  </Identifier>
                                                                </ScalarOperator>
                                                              </RangeExpressions>
                                                            </Prefix>
                                                          </SeekPredicate>
                                                        </SeekPredicates>
                                                      </IndexScan>
                                                    </RelOp>
                                                  </NestedLoops>
                                                </RelOp>
                                              </ComputeScalar>
                                            </RelOp>
                                          </Spool>
                                        </RelOp>
                                      </NestedLoops>
                                    </RelOp>
                                    <RelOp AvgRowSize="58" EstimateCPU="3.9409E-05" EstimateIO="0" EstimateRebinds="0" EstimateRewinds="0" EstimateRows="394.09" LogicalOp="Compute Scalar" NodeId="69" Parallel="false" PhysicalOp="Compute Scalar" EstimatedTotalSubtreeCost="1.42524">
                                      <OutputList>
                                        <ColumnReference Database="[servicetrax_dev]" Schema="[dbo]" Table="[SERVICE_LINES]" Alias="[sl]" Column="bill_total" ComputedColumn="true" />
                                        <ColumnReference Database="[servicetrax_dev]" Schema="[dbo]" Table="[SERVICE_LINES]" Alias="[sl]" Column="bill_hourly_total" ComputedColumn="true" />
                                        <ColumnReference Database="[servicetrax_dev]" Schema="[dbo]" Table="[SERVICE_LINES]" Alias="[sl]" Column="bill_exp_total" ComputedColumn="true" />
                                      </OutputList>
                                      <ComputeScalar>
                                        <DefinedValues>
                                          <DefinedValue>
                                            <ColumnReference Database="[servicetrax_dev]" Schema="[dbo]" Table="[SERVICE_LINES]" Alias="[sl]" Column="bill_total" ComputedColumn="true" />
                                            <ScalarOperator ScalarString="[servicetrax_dev].[dbo].[SERVICE_LINES].[bill_total] as [sl].[bill_total]">
                                              <Identifier>
                                                <ColumnReference Database="[servicetrax_dev]" Schema="[dbo]" Table="[SERVICE_LINES]" Alias="[sl]" Column="bill_total" ComputedColumn="true" />
                                              </Identifier>
                                            </ScalarOperator>
                                          </DefinedValue>
                                          <DefinedValue>
                                            <ColumnReference Database="[servicetrax_dev]" Schema="[dbo]" Table="[SERVICE_LINES]" Alias="[sl]" Column="bill_hourly_total" ComputedColumn="true" />
                                            <ScalarOperator ScalarString="[servicetrax_dev].[dbo].[SERVICE_LINES].[bill_hourly_total] as [sl].[bill_hourly_total]">
                                              <Identifier>
                                                <ColumnReference Database="[servicetrax_dev]" Schema="[dbo]" Table="[SERVICE_LINES]" Alias="[sl]" Column="bill_hourly_total" ComputedColumn="true" />
                                              </Identifier>
                                            </ScalarOperator>
                                          </DefinedValue>
                                          <DefinedValue>
                                            <ColumnReference Database="[servicetrax_dev]" Schema="[dbo]" Table="[SERVICE_LINES]" Alias="[sl]" Column="bill_exp_total" ComputedColumn="true" />
                                            <ScalarOperator ScalarString="[servicetrax_dev].[dbo].[SERVICE_LINES].[bill_exp_total] as [sl].[bill_exp_total]">
                                              <Identifier>
                                                <ColumnReference Database="[servicetrax_dev]" Schema="[dbo]" Table="[SERVICE_LINES]" Alias="[sl]" Column="bill_exp_total" ComputedColumn="true" />
                                              </Identifier>
                                            </ScalarOperator>
                                          </DefinedValue>
                                        </DefinedValues>
                                        <RelOp AvgRowSize="58" EstimateCPU="0.000381725" EstimateIO="0" EstimateRebinds="0" EstimateRewinds="0" EstimateRows="394.09" LogicalOp="Filter" NodeId="70" Parallel="false" PhysicalOp="Filter" EstimatedTotalSubtreeCost="1.4252">
                                          <OutputList>
                                            <ColumnReference Database="[servicetrax_dev]" Schema="[dbo]" Table="[SERVICE_LINES]" Alias="[sl]" Column="bill_total" ComputedColumn="true" />
                                            <ColumnReference Database="[servicetrax_dev]" Schema="[dbo]" Table="[SERVICE_LINES]" Alias="[sl]" Column="bill_hourly_total" ComputedColumn="true" />
                                            <ColumnReference Database="[servicetrax_dev]" Schema="[dbo]" Table="[SERVICE_LINES]" Alias="[sl]" Column="bill_exp_total" ComputedColumn="true" />
                                          </OutputList>
                                          <RunTimeInformation>
                                            <RunTimeCountersPerThread Thread="0" ActualRows="137" ActualEndOfScans="1" ActualExecutions="1" />
                                          </RunTimeInformation>
                                          <Filter StartupExpression="false">
                                            <RelOp AvgRowSize="72" EstimateCPU="0.00181319" EstimateIO="0" EstimateRebinds="0" EstimateRewinds="0" EstimateRows="433.778" LogicalOp="Inner Join" NodeId="71" Parallel="false" PhysicalOp="Nested Loops" EstimatedTotalSubtreeCost="1.42482">
                                              <OutputList>
                                                <ColumnReference Database="[servicetrax_dev]" Schema="[dbo]" Table="[SERVICE_LINES]" Alias="[sl]" Column="STATUS_ID" />
                                                <ColumnReference Database="[servicetrax_dev]" Schema="[dbo]" Table="[SERVICE_LINES]" Alias="[sl]" Column="INTERNAL_REQ_FLAG" />
                                                <ColumnReference Database="[servicetrax_dev]" Schema="[dbo]" Table="[SERVICE_LINES]" Alias="[sl]" Column="bill_total" ComputedColumn="true" />
                                                <ColumnReference Database="[servicetrax_dev]" Schema="[dbo]" Table="[SERVICE_LINES]" Alias="[sl]" Column="bill_hourly_total" ComputedColumn="true" />
                                                <ColumnReference Database="[servicetrax_dev]" Schema="[dbo]" Table="[SERVICE_LINES]" Alias="[sl]" Column="bill_exp_total" ComputedColumn="true" />
                                              </OutputList>
                                              <RunTimeInformation>
                                                <RunTimeCountersPerThread Thread="0" ActualRows="137" ActualEndOfScans="1" ActualExecutions="1" />
                                              </RunTimeInformation>
                                              <NestedLoops Optimized="true" WithUnorderedPrefetch="true">
                                                <OuterReferences>
                                                  <ColumnReference Database="[servicetrax_dev]" Schema="[dbo]" Table="[SERVICE_LINES]" Alias="[sl]" Column="SERVICE_LINE_ID" />
                                                  <ColumnReference Column="Expr1311" />
                                                </OuterReferences>
                                                <RelOp AvgRowSize="16" EstimateCPU="0.000634156" EstimateIO="0.00386574" EstimateRebinds="0" EstimateRewinds="0" EstimateRows="433.778" LogicalOp="Index Seek" NodeId="74" Parallel="false" PhysicalOp="Index Seek" EstimatedTotalSubtreeCost="0.0044999">
                                                  <OutputList>
                                                    <ColumnReference Database="[servicetrax_dev]" Schema="[dbo]" Table="[SERVICE_LINES]" Alias="[sl]" Column="SERVICE_LINE_ID" />
                                                  </OutputList>
                                                  <RunTimeInformation>
                                                    <RunTimeCountersPerThread Thread="0" ActualRows="137" ActualEndOfScans="1" ActualExecutions="1" />
                                                  </RunTimeInformation>
                                                  <IndexScan Ordered="true" ScanDirection="FORWARD" ForcedIndex="false" NoExpandHint="false">
                                                    <DefinedValues>
                                                      <DefinedValue>
                                                        <ColumnReference Database="[servicetrax_dev]" Schema="[dbo]" Table="[SERVICE_LINES]" Alias="[sl]" Column="SERVICE_LINE_ID" />
                                                      </DefinedValue>
                                                    </DefinedValues>
                                                    <Object Database="[servicetrax_dev]" Schema="[dbo]" Table="[SERVICE_LINES]" Index="[IX_SL_INVOICES]" Alias="[sl]" />
                                                    <SeekPredicates>
                                                      <SeekPredicate>
                                                        <Prefix ScanType="EQ">
                                                          <RangeColumns>
                                                            <ColumnReference Database="[servicetrax_dev]" Schema="[dbo]" Table="[SERVICE_LINES]" Alias="[sl]" Column="INVOICE_ID" />
                                                          </RangeColumns>
                                                          <RangeExpressions>
                                                            <ScalarOperator ScalarString="[servicetrax_dev].[dbo].[INVOICES].[INVOICE_ID]">
                                                              <Identifier>
                                                                <ColumnReference Database="[servicetrax_dev]" Schema="[dbo]" Table="[INVOICES]" Column="INVOICE_ID" />
                                                              </Identifier>
                                                            </ScalarOperator>
                                                          </RangeExpressions>
                                                        </Prefix>
                                                      </SeekPredicate>
                                                    </SeekPredicates>
                                                  </IndexScan>
                                                </RelOp>
                                                <RelOp AvgRowSize="71" EstimateCPU="1E-07" EstimateIO="0" EstimateRebinds="432.778" EstimateRewinds="0" EstimateRows="1" LogicalOp="Compute Scalar" NodeId="76" Parallel="false" PhysicalOp="Compute Scalar" EstimatedTotalSubtreeCost="1.41851">
                                                  <OutputList>
                                                    <ColumnReference Database="[servicetrax_dev]" Schema="[dbo]" Table="[SERVICE_LINES]" Alias="[sl]" Column="bill_total" ComputedColumn="true" />
                                                    <ColumnReference Database="[servicetrax_dev]" Schema="[dbo]" Table="[SERVICE_LINES]" Alias="[sl]" Column="bill_hourly_total" ComputedColumn="true" />
                                                    <ColumnReference Database="[servicetrax_dev]" Schema="[dbo]" Table="[SERVICE_LINES]" Alias="[sl]" Column="bill_exp_total" ComputedColumn="true" />
                                                    <ColumnReference Database="[servicetrax_dev]" Schema="[dbo]" Table="[SERVICE_LINES]" Alias="[sl]" Column="STATUS_ID" />
                                                    <ColumnReference Database="[servicetrax_dev]" Schema="[dbo]" Table="[SERVICE_LINES]" Alias="[sl]" Column="INTERNAL_REQ_FLAG" />
                                                  </OutputList>
                                                  <ComputeScalar>
                                                    <DefinedValues>
                                                      <DefinedValue>
                                                        <ColumnReference Database="[servicetrax_dev]" Schema="[dbo]" Table="[SERVICE_LINES]" Alias="[sl]" Column="bill_total" ComputedColumn="true" />
                                                        <ScalarOperator ScalarString="isnull([servicetrax_dev].[dbo].[SERVICE_LINES].[BILL_QTY] as [sl].[BILL_QTY]*[servicetrax_dev].[dbo].[SERVICE_LINES].[BILL_RATE] as [sl].[BILL_RATE],(0.00000))">
                                                          <Intrinsic FunctionName="isnull">
                                                            <ScalarOperator>
                                                              <Arithmetic Operation="MULT">
                                                                <ScalarOperator>
                                                                  <Identifier>
                                                                    <ColumnReference Database="[servicetrax_dev]" Schema="[dbo]" Table="[SERVICE_LINES]" Alias="[sl]" Column="BILL_QTY" />
                                                                  </Identifier>
                                                                </ScalarOperator>
                                                                <ScalarOperator>
                                                                  <Identifier>
                                                                    <ColumnReference Database="[servicetrax_dev]" Schema="[dbo]" Table="[SERVICE_LINES]" Alias="[sl]" Column="BILL_RATE" />
                                                                  </Identifier>
                                                                </ScalarOperator>
                                                              </Arithmetic>
                                                            </ScalarOperator>
                                                            <ScalarOperator>
                                                              <Const ConstValue="(0.00000)" />
                                                            </ScalarOperator>
                                                          </Intrinsic>
                                                        </ScalarOperator>
                                                      </DefinedValue>
                                                      <DefinedValue>
                                                        <ColumnReference Database="[servicetrax_dev]" Schema="[dbo]" Table="[SERVICE_LINES]" Alias="[sl]" Column="bill_hourly_total" ComputedColumn="true" />
                                                        <ScalarOperator ScalarString="isnull([servicetrax_dev].[dbo].[SERVICE_LINES].[BILL_HOURLY_QTY] as [sl].[BILL_HOURLY_QTY]*[servicetrax_dev].[dbo].[SERVICE_LINES].[BILL_HOURLY_RATE] as [sl].[BILL_HOURLY_RATE],(0.00000))">
                                                          <Intrinsic FunctionName="isnull">
                                                            <ScalarOperator>
                                                              <Arithmetic Operation="MULT">
                                                                <ScalarOperator>
                                                                  <Identifier>
                                                                    <ColumnReference Database="[servicetrax_dev]" Schema="[dbo]" Table="[SERVICE_LINES]" Alias="[sl]" Column="BILL_HOURLY_QTY" />
                                                                  </Identifier>
                                                                </ScalarOperator>
                                                                <ScalarOperator>
                                                                  <Identifier>
                                                                    <ColumnReference Database="[servicetrax_dev]" Schema="[dbo]" Table="[SERVICE_LINES]" Alias="[sl]" Column="BILL_HOURLY_RATE" />
                                                                  </Identifier>
                                                                </ScalarOperator>
                                                              </Arithmetic>
                                                            </ScalarOperator>
                                                            <ScalarOperator>
                                                              <Const ConstValue="(0.00000)" />
                                                            </ScalarOperator>
                                                          </Intrinsic>
                                                        </ScalarOperator>
                                                      </DefinedValue>
                                                      <DefinedValue>
                                                        <ColumnReference Database="[servicetrax_dev]" Schema="[dbo]" Table="[SERVICE_LINES]" Alias="[sl]" Column="bill_exp_total" ComputedColumn="true" />
                                                        <ScalarOperator ScalarString="isnull([servicetrax_dev].[dbo].[SERVICE_LINES].[BILL_EXP_QTY] as [sl].[BILL_EXP_QTY]*[servicetrax_dev].[dbo].[SERVICE_LINES].[BILL_EXP_RATE] as [sl].[BILL_EXP_RATE],(0.00000))">
                                                          <Intrinsic FunctionName="isnull">
                                                            <ScalarOperator>
                                                              <Arithmetic Operation="MULT">
                                                                <ScalarOperator>
                                                                  <Identifier>
                                                                    <ColumnReference Database="[servicetrax_dev]" Schema="[dbo]" Table="[SERVICE_LINES]" Alias="[sl]" Column="BILL_EXP_QTY" />
                                                                  </Identifier>
                                                                </ScalarOperator>
                                                                <ScalarOperator>
                                                                  <Identifier>
                                                                    <ColumnReference Database="[servicetrax_dev]" Schema="[dbo]" Table="[SERVICE_LINES]" Alias="[sl]" Column="BILL_EXP_RATE" />
                                                                  </Identifier>
                                                                </ScalarOperator>
                                                              </Arithmetic>
                                                            </ScalarOperator>
                                                            <ScalarOperator>
                                                              <Const ConstValue="(0.00000)" />
                                                            </ScalarOperator>
                                                          </Intrinsic>
                                                        </ScalarOperator>
                                                      </DefinedValue>
                                                    </DefinedValues>
                                                    <RelOp AvgRowSize="74" EstimateCPU="0.0001581" EstimateIO="0.003125" EstimateRebinds="432.778" EstimateRewinds="0" EstimateRows="1" LogicalOp="Clustered Index Seek" NodeId="77" Parallel="false" PhysicalOp="Clustered Index Seek" EstimatedTotalSubtreeCost="1.41847">
                                                      <OutputList>
                                                        <ColumnReference Database="[servicetrax_dev]" Schema="[dbo]" Table="[SERVICE_LINES]" Alias="[sl]" Column="STATUS_ID" />
                                                        <ColumnReference Database="[servicetrax_dev]" Schema="[dbo]" Table="[SERVICE_LINES]" Alias="[sl]" Column="BILL_QTY" />
                                                        <ColumnReference Database="[servicetrax_dev]" Schema="[dbo]" Table="[SERVICE_LINES]" Alias="[sl]" Column="BILL_RATE" />
                                                        <ColumnReference Database="[servicetrax_dev]" Schema="[dbo]" Table="[SERVICE_LINES]" Alias="[sl]" Column="BILL_HOURLY_QTY" />
                                                        <ColumnReference Database="[servicetrax_dev]" Schema="[dbo]" Table="[SERVICE_LINES]" Alias="[sl]" Column="BILL_HOURLY_RATE" />
                                                        <ColumnReference Database="[servicetrax_dev]" Schema="[dbo]" Table="[SERVICE_LINES]" Alias="[sl]" Column="BILL_EXP_QTY" />
                                                        <ColumnReference Database="[servicetrax_dev]" Schema="[dbo]" Table="[SERVICE_LINES]" Alias="[sl]" Column="BILL_EXP_RATE" />
                                                        <ColumnReference Database="[servicetrax_dev]" Schema="[dbo]" Table="[SERVICE_LINES]" Alias="[sl]" Column="INTERNAL_REQ_FLAG" />
                                                      </OutputList>
                                                      <RunTimeInformation>
                                                        <RunTimeCountersPerThread Thread="0" ActualRows="137" ActualEndOfScans="0" ActualExecutions="137" />
                                                      </RunTimeInformation>
                                                      <IndexScan Lookup="true" Ordered="true" ScanDirection="FORWARD" ForcedIndex="false" NoExpandHint="false">
                                                        <DefinedValues>
                                                          <DefinedValue>
                                                            <ColumnReference Database="[servicetrax_dev]" Schema="[dbo]" Table="[SERVICE_LINES]" Alias="[sl]" Column="STATUS_ID" />
                                                          </DefinedValue>
                                                          <DefinedValue>
                                                            <ColumnReference Database="[servicetrax_dev]" Schema="[dbo]" Table="[SERVICE_LINES]" Alias="[sl]" Column="BILL_QTY" />
                                                          </DefinedValue>
                                                          <DefinedValue>
                                                            <ColumnReference Database="[servicetrax_dev]" Schema="[dbo]" Table="[SERVICE_LINES]" Alias="[sl]" Column="BILL_RATE" />
                                                          </DefinedValue>
                                                          <DefinedValue>
                                                            <ColumnReference Database="[servicetrax_dev]" Schema="[dbo]" Table="[SERVICE_LINES]" Alias="[sl]" Column="BILL_HOURLY_QTY" />
                                                          </DefinedValue>
                                                          <DefinedValue>
                                                            <ColumnReference Database="[servicetrax_dev]" Schema="[dbo]" Table="[SERVICE_LINES]" Alias="[sl]" Column="BILL_HOURLY_RATE" />
                                                          </DefinedValue>
                                                          <DefinedValue>
                                                            <ColumnReference Database="[servicetrax_dev]" Schema="[dbo]" Table="[SERVICE_LINES]" Alias="[sl]" Column="BILL_EXP_QTY" />
                                                          </DefinedValue>
                                                          <DefinedValue>
                                                            <ColumnReference Database="[servicetrax_dev]" Schema="[dbo]" Table="[SERVICE_LINES]" Alias="[sl]" Column="BILL_EXP_RATE" />
                                                          </DefinedValue>
                                                          <DefinedValue>
                                                            <ColumnReference Database="[servicetrax_dev]" Schema="[dbo]" Table="[SERVICE_LINES]" Alias="[sl]" Column="INTERNAL_REQ_FLAG" />
                                                          </DefinedValue>
                                                        </DefinedValues>
                                                        <Object Database="[servicetrax_dev]" Schema="[dbo]" Table="[SERVICE_LINES]" Index="[PK_SERVICE_LINES]" Alias="[sl]" TableReferenceId="-1" />
                                                        <SeekPredicates>
                                                          <SeekPredicate>
                                                            <Prefix ScanType="EQ">
                                                              <RangeColumns>
                                                                <ColumnReference Database="[servicetrax_dev]" Schema="[dbo]" Table="[SERVICE_LINES]" Alias="[sl]" Column="SERVICE_LINE_ID" />
                                                              </RangeColumns>
                                                              <RangeExpressions>
                                                                <ScalarOperator ScalarString="[servicetrax_dev].[dbo].[SERVICE_LINES].[SERVICE_LINE_ID] as [sl].[SERVICE_LINE_ID]">
                                                                  <Identifier>
                                                                    <ColumnReference Database="[servicetrax_dev]" Schema="[dbo]" Table="[SERVICE_LINES]" Alias="[sl]" Column="SERVICE_LINE_ID" />
                                                                  </Identifier>
                                                                </ScalarOperator>
                                                              </RangeExpressions>
                                                            </Prefix>
                                                          </SeekPredicate>
                                                        </SeekPredicates>
                                                      </IndexScan>
                                                    </RelOp>
                                                  </ComputeScalar>
                                                </RelOp>
                                              </NestedLoops>
                                            </RelOp>
                                            <Predicate>
                                              <ScalarOperator ScalarString="[servicetrax_dev].[dbo].[SERVICE_LINES].[STATUS_ID] as [sl].[STATUS_ID]&gt;(3.) AND [servicetrax_dev].[dbo].[SERVICE_LINES].[INTERNAL_REQ_FLAG] as [sl].[INTERNAL_REQ_FLAG]='N'">
                                                <Logical Operation="AND">
                                                  <ScalarOperator>
                                                    <Compare CompareOp="GT">
                                                      <ScalarOperator>
                                                        <Identifier>
                                                          <ColumnReference Database="[servicetrax_dev]" Schema="[dbo]" Table="[SERVICE_LINES]" Alias="[sl]" Column="STATUS_ID" />
                                                        </Identifier>
                                                      </ScalarOperator>
                                                      <ScalarOperator>
                                                        <Const ConstValue="(3.)" />
                                                      </ScalarOperator>
                                                    </Compare>
                                                  </ScalarOperator>
                                                  <ScalarOperator>
                                                    <Compare CompareOp="EQ">
                                                      <ScalarOperator>
                                                        <Identifier>
                                                          <ColumnReference Database="[servicetrax_dev]" Schema="[dbo]" Table="[SERVICE_LINES]" Alias="[sl]" Column="INTERNAL_REQ_FLAG" />
                                                        </Identifier>
                                                      </ScalarOperator>
                                                      <ScalarOperator>
                                                        <Const ConstValue="'N'" />
                                                      </ScalarOperator>
                                                    </Compare>
                                                  </ScalarOperator>
                                                </Logical>
                                              </ScalarOperator>
                                            </Predicate>
                                          </Filter>
                                        </RelOp>
                                      </ComputeScalar>
                                    </RelOp>
                                  </NestedLoops>
                                </RelOp>
                              </ComputeScalar>
                            </RelOp>
                            <RelOp AvgRowSize="551" EstimateCPU="2.42609E-07" EstimateIO="0" EstimateRebinds="0" EstimateRewinds="0" EstimateRows="2.42609" LogicalOp="Compute Scalar" NodeId="109" Parallel="false" PhysicalOp="Compute Scalar" EstimatedTotalSubtreeCost="0.0757894">
                              <OutputList>
                                <ColumnReference Database="[servicetrax_dev]" Schema="[dbo]" Table="[LOOKUPS]" Alias="[job_type]" Column="NAME" />
                                <ColumnReference Column="Expr1166" />
                                <ColumnReference Column="Expr1167" />
                                <ColumnReference Column="Expr1169" />
                                <ColumnReference Column="Expr1177" />
                                <ColumnReference Database="[servicetrax_dev]" Schema="[dbo]" Table="[INVOICES]" Column="INVOICE_ID" />
                                <ColumnReference Database="[servicetrax_dev]" Schema="[dbo]" Table="[INVOICES]" Column="PO_NO" />
                                <ColumnReference Database="[servicetrax_dev]" Schema="[dbo]" Table="[INVOICES]" Column="STATUS_ID" />
                                <ColumnReference Database="[servicetrax_dev]" Schema="[dbo]" Table="[INVOICES]" Column="JOB_ID" />
                                <ColumnReference Database="[servicetrax_dev]" Schema="[dbo]" Table="[INVOICES]" Column="DESCRIPTION" />
                                <ColumnReference Column="Expr1248" />
                                <ColumnReference Column="Expr1253" />
                                <ColumnReference Column="Expr1254" />
                                <ColumnReference Column="Expr1255" />
                                <ColumnReference Column="Expr1256" />
                              </OutputList>
                              <ComputeScalar>
                                <DefinedValues>
                                  <DefinedValue>
                                    <ColumnReference Column="Expr1166" />
                                    <ScalarOperator ScalarString="CASE WHEN [servicetrax_dev].[dbo].[LOOKUPS].[CODE] as [customer_type].[CODE]='dealer' THEN [servicetrax_dev].[dbo].[CUSTOMERS].[CUSTOMER_NAME] as [c].[CUSTOMER_NAME] ELSE [servicetrax_dev].[dbo].[CUSTOMERS].[DEALER_NAME] as [c].[DEALER_NAME] END">
                                      <IF>
                                        <Condition>
                                          <ScalarOperator>
                                            <Compare CompareOp="EQ">
                                              <ScalarOperator>
                                                <Identifier>
                                                  <ColumnReference Database="[servicetrax_dev]" Schema="[dbo]" Table="[LOOKUPS]" Alias="[customer_type]" Column="CODE" />
                                                </Identifier>
                                              </ScalarOperator>
                                              <ScalarOperator>
                                                <Const ConstValue="'dealer'" />
                                              </ScalarOperator>
                                            </Compare>
                                          </ScalarOperator>
                                        </Condition>
                                        <Then>
                                          <ScalarOperator>
                                            <Identifier>
                                              <ColumnReference Database="[servicetrax_dev]" Schema="[dbo]" Table="[CUSTOMERS]" Alias="[c]" Column="CUSTOMER_NAME" />
                                            </Identifier>
                                          </ScalarOperator>
                                        </Then>
                                        <Else>
                                          <ScalarOperator>
                                            <Identifier>
                                              <ColumnReference Database="[servicetrax_dev]" Schema="[dbo]" Table="[CUSTOMERS]" Alias="[c]" Column="DEALER_NAME" />
                                            </Identifier>
                                          </ScalarOperator>
                                        </Else>
                                      </IF>
                                    </ScalarOperator>
                                  </DefinedValue>
                                  <DefinedValue>
                                    <ColumnReference Column="Expr1167" />
                                    <ScalarOperator ScalarString="CASE WHEN [servicetrax_dev].[dbo].[LOOKUPS].[CODE] as [customer_type].[CODE]='dealer' THEN [servicetrax_dev].[dbo].[CUSTOMERS].[EXT_CUSTOMER_ID] as [c].[EXT_CUSTOMER_ID] ELSE [servicetrax_dev].[dbo].[CUSTOMERS].[EXT_DEALER_ID] as [c].[EXT_DEALER_ID] END">
                                      <IF>
                                        <Condition>
                                          <ScalarOperator>
                                            <Compare CompareOp="EQ">
                                              <ScalarOperator>
                                                <Identifier>
                                                  <ColumnReference Database="[servicetrax_dev]" Schema="[dbo]" Table="[LOOKUPS]" Alias="[customer_type]" Column="CODE" />
                                                </Identifier>
                                              </ScalarOperator>
                                              <ScalarOperator>
                                                <Const ConstValue="'dealer'" />
                                              </ScalarOperator>
                                            </Compare>
                                          </ScalarOperator>
                                        </Condition>
                                        <Then>
                                          <ScalarOperator>
                                            <Identifier>
                                              <ColumnReference Database="[servicetrax_dev]" Schema="[dbo]" Table="[CUSTOMERS]" Alias="[c]" Column="EXT_CUSTOMER_ID" />
                                            </Identifier>
                                          </ScalarOperator>
                                        </Then>
                                        <Else>
                                          <ScalarOperator>
                                            <Identifier>
                                              <ColumnReference Database="[servicetrax_dev]" Schema="[dbo]" Table="[CUSTOMERS]" Alias="[c]" Column="EXT_DEALER_ID" />
                                            </Identifier>
                                          </ScalarOperator>
                                        </Else>
                                      </IF>
                                    </ScalarOperator>
                                  </DefinedValue>
                                  <DefinedValue>
                                    <ColumnReference Column="Expr1177" />
                                    <ScalarOperator ScalarString="CASE WHEN [servicetrax_dev].[dbo].[LOOKUPS].[CODE] as [customer_type].[CODE]='end_user' THEN [servicetrax_dev].[dbo].[CUSTOMERS].[CUSTOMER_NAME] ELSE [servicetrax_dev].[dbo].[CUSTOMERS].[CUSTOMER_NAME] as [c].[CUSTOMER_NAME] END">
                                      <IF>
                                        <Condition>
                                          <ScalarOperator>
                                            <Compare CompareOp="EQ">
                                              <ScalarOperator>
                                                <Identifier>
                                                  <ColumnReference Database="[servicetrax_dev]" Schema="[dbo]" Table="[LOOKUPS]" Alias="[customer_type]" Column="CODE" />
                                                </Identifier>
                                              </ScalarOperator>
                                              <ScalarOperator>
                                                <Const ConstValue="'end_user'" />
                                              </ScalarOperator>
                                            </Compare>
                                          </ScalarOperator>
                                        </Condition>
                                        <Then>
                                          <ScalarOperator>
                                            <Identifier>
                                              <ColumnReference Database="[servicetrax_dev]" Schema="[dbo]" Table="[CUSTOMERS]" Column="CUSTOMER_NAME" />
                                            </Identifier>
                                          </ScalarOperator>
                                        </Then>
                                        <Else>
                                          <ScalarOperator>
                                            <Identifier>
                                              <ColumnReference Database="[servicetrax_dev]" Schema="[dbo]" Table="[CUSTOMERS]" Alias="[c]" Column="CUSTOMER_NAME" />
                                            </Identifier>
                                          </ScalarOperator>
                                        </Else>
                                      </IF>
                                    </ScalarOperator>
                                  </DefinedValue>
                                  <DefinedValue>
                                    <ColumnReference Column="Expr1248" />
                                    <ScalarOperator ScalarString="[Expr1300]+[Expr1228]">
                                      <Arithmetic Operation="ADD">
                                        <ScalarOperator>
                                          <Identifier>
                                            <ColumnReference Column="Expr1300" />
                                          </Identifier>
                                        </ScalarOperator>
                                        <ScalarOperator>
                                          <Identifier>
                                            <ColumnReference Column="Expr1228" />
                                          </Identifier>
                                        </ScalarOperator>
                                      </Arithmetic>
                                    </ScalarOperator>
                                  </DefinedValue>
                                  <DefinedValue>
                                    <ColumnReference Column="Expr1254" />
                                    <ScalarOperator ScalarString="(0.00000)">
                                      <Const ConstValue="(0.00000)" />
                                    </ScalarOperator>
                                  </DefinedValue>
                                  <DefinedValue>
                                    <ColumnReference Column="Expr1255" />
                                    <ScalarOperator ScalarString="(0.00000)">
                                      <Const ConstValue="(0.00000)" />
                                    </ScalarOperator>
                                  </DefinedValue>
                                  <DefinedValue>
                                    <ColumnReference Column="Expr1256" />
                                    <ScalarOperator ScalarString="(0.00000)">
                                      <Const ConstValue="(0.00000)" />
                                    </ScalarOperator>
                                  </DefinedValue>
                                </DefinedValues>
                                <RelOp AvgRowSize="506" EstimateCPU="1.01411E-05" EstimateIO="0" EstimateRebinds="0" EstimateRewinds="0" EstimateRows="2.42609" LogicalOp="Left Outer Join" NodeId="110" Parallel="false" PhysicalOp="Nested Loops" EstimatedTotalSubtreeCost="0.0757892">
                                  <OutputList>
                                    <ColumnReference Database="[servicetrax_dev]" Schema="[dbo]" Table="[CUSTOMERS]" Alias="[c]" Column="EXT_DEALER_ID" />
                                    <ColumnReference Database="[servicetrax_dev]" Schema="[dbo]" Table="[CUSTOMERS]" Alias="[c]" Column="DEALER_NAME" />
                                    <ColumnReference Database="[servicetrax_dev]" Schema="[dbo]" Table="[CUSTOMERS]" Alias="[c]" Column="EXT_CUSTOMER_ID" />
                                    <ColumnReference Database="[servicetrax_dev]" Schema="[dbo]" Table="[CUSTOMERS]" Alias="[c]" Column="CUSTOMER_NAME" />
                                    <ColumnReference Database="[servicetrax_dev]" Schema="[dbo]" Table="[LOOKUPS]" Alias="[customer_type]" Column="CODE" />
                                    <ColumnReference Database="[servicetrax_dev]" Schema="[dbo]" Table="[LOOKUPS]" Alias="[job_type]" Column="NAME" />
                                    <ColumnReference Column="Expr1169" />
                                    <ColumnReference Database="[servicetrax_dev]" Schema="[dbo]" Table="[CUSTOMERS]" Column="CUSTOMER_NAME" />
                                    <ColumnReference Column="Expr1228" />
                                    <ColumnReference Database="[servicetrax_dev]" Schema="[dbo]" Table="[INVOICES]" Column="INVOICE_ID" />
                                    <ColumnReference Database="[servicetrax_dev]" Schema="[dbo]" Table="[INVOICES]" Column="PO_NO" />
                                    <ColumnReference Database="[servicetrax_dev]" Schema="[dbo]" Table="[INVOICES]" Column="STATUS_ID" />
                                    <ColumnReference Database="[servicetrax_dev]" Schema="[dbo]" Table="[INVOICES]" Column="JOB_ID" />
                                    <ColumnReference Database="[servicetrax_dev]" Schema="[dbo]" Table="[INVOICES]" Column="DESCRIPTION" />
                                    <ColumnReference Column="Expr1253" />
                                    <ColumnReference Column="Expr1300" />
                                  </OutputList>
                                  <RunTimeInformation>
                                    <RunTimeCountersPerThread Thread="0" ActualRows="0" ActualEndOfScans="1" ActualExecutions="1" />
                                  </RunTimeInformation>
                                  <NestedLoops Optimized="false">
                                    <OuterReferences>
                                      <ColumnReference Database="[servicetrax_dev]" Schema="[dbo]" Table="[CUSTOMERS]" Alias="[c]" Column="end_user_parent_id" />
                                    </OuterReferences>
                                    <RelOp AvgRowSize="496" EstimateCPU="2.42609E-07" EstimateIO="0" EstimateRebinds="0" EstimateRewinds="0" EstimateRows="2.42609" LogicalOp="Compute Scalar" NodeId="111" Parallel="false" PhysicalOp="Compute Scalar" EstimatedTotalSubtreeCost="0.0699077">
                                      <OutputList>
                                        <ColumnReference Database="[servicetrax_dev]" Schema="[dbo]" Table="[CUSTOMERS]" Alias="[c]" Column="EXT_DEALER_ID" />
                                        <ColumnReference Database="[servicetrax_dev]" Schema="[dbo]" Table="[CUSTOMERS]" Alias="[c]" Column="DEALER_NAME" />
                                        <ColumnReference Database="[servicetrax_dev]" Schema="[dbo]" Table="[CUSTOMERS]" Alias="[c]" Column="EXT_CUSTOMER_ID" />
                                        <ColumnReference Database="[servicetrax_dev]" Schema="[dbo]" Table="[CUSTOMERS]" Alias="[c]" Column="CUSTOMER_NAME" />
                                        <ColumnReference Database="[servicetrax_dev]" Schema="[dbo]" Table="[CUSTOMERS]" Alias="[c]" Column="end_user_parent_id" />
                                        <ColumnReference Database="[servicetrax_dev]" Schema="[dbo]" Table="[LOOKUPS]" Alias="[customer_type]" Column="CODE" />
                                        <ColumnReference Database="[servicetrax_dev]" Schema="[dbo]" Table="[LOOKUPS]" Alias="[job_type]" Column="NAME" />
                                        <ColumnReference Column="Expr1169" />
                                        <ColumnReference Column="Expr1228" />
                                        <ColumnReference Database="[servicetrax_dev]" Schema="[dbo]" Table="[INVOICES]" Column="INVOICE_ID" />
                                        <ColumnReference Database="[servicetrax_dev]" Schema="[dbo]" Table="[INVOICES]" Column="PO_NO" />
                                        <ColumnReference Database="[servicetrax_dev]" Schema="[dbo]" Table="[INVOICES]" Column="STATUS_ID" />
                                        <ColumnReference Database="[servicetrax_dev]" Schema="[dbo]" Table="[INVOICES]" Column="JOB_ID" />
                                        <ColumnReference Database="[servicetrax_dev]" Schema="[dbo]" Table="[INVOICES]" Column="DESCRIPTION" />
                                        <ColumnReference Column="Expr1253" />
                                        <ColumnReference Column="Expr1300" />
                                      </OutputList>
                                      <ComputeScalar>
                                        <DefinedValues>
                                          <DefinedValue>
                                            <ColumnReference Column="Expr1169" />
                                            <ScalarOperator ScalarString="([servicetrax_dev].[dbo].[USERS].[FIRST_NAME] as [u_billing].[FIRST_NAME]+' ')+[servicetrax_dev].[dbo].[USERS].[LAST_NAME] as [u_billing].[LAST_NAME]">
                                              <Arithmetic Operation="ADD">
                                                <ScalarOperator>
                                                  <Arithmetic Operation="ADD">
                                                    <ScalarOperator>
                                                      <Identifier>
                                                        <ColumnReference Database="[servicetrax_dev]" Schema="[dbo]" Table="[USERS]" Alias="[u_billing]" Column="FIRST_NAME" />
                                                      </Identifier>
                                                    </ScalarOperator>
                                                    <ScalarOperator>
                                                      <Const ConstValue="' '" />
                                                    </ScalarOperator>
                                                  </Arithmetic>
                                                </ScalarOperator>
                                                <ScalarOperator>
                                                  <Identifier>
                                                    <ColumnReference Database="[servicetrax_dev]" Schema="[dbo]" Table="[USERS]" Alias="[u_billing]" Column="LAST_NAME" />
                                                  </Identifier>
                                                </ScalarOperator>
                                              </Arithmetic>
                                            </ScalarOperator>
                                          </DefinedValue>
                                        </DefinedValues>
                                        <RelOp AvgRowSize="310" EstimateCPU="1.01411E-05" EstimateIO="0" EstimateRebinds="0" EstimateRewinds="0" EstimateRows="2.42609" LogicalOp="Left Outer Join" NodeId="112" Parallel="false" PhysicalOp="Nested Loops" EstimatedTotalSubtreeCost="0.0699075">
                                          <OutputList>
                                            <ColumnReference Database="[servicetrax_dev]" Schema="[dbo]" Table="[CUSTOMERS]" Alias="[c]" Column="EXT_DEALER_ID" />
                                            <ColumnReference Database="[servicetrax_dev]" Schema="[dbo]" Table="[CUSTOMERS]" Alias="[c]" Column="DEALER_NAME" />
                                            <ColumnReference Database="[servicetrax_dev]" Schema="[dbo]" Table="[CUSTOMERS]" Alias="[c]" Column="EXT_CUSTOMER_ID" />
                                            <ColumnReference Database="[servicetrax_dev]" Schema="[dbo]" Table="[CUSTOMERS]" Alias="[c]" Column="CUSTOMER_NAME" />
                                            <ColumnReference Database="[servicetrax_dev]" Schema="[dbo]" Table="[CUSTOMERS]" Alias="[c]" Column="end_user_parent_id" />
                                            <ColumnReference Database="[servicetrax_dev]" Schema="[dbo]" Table="[LOOKUPS]" Alias="[customer_type]" Column="CODE" />
                                            <ColumnReference Database="[servicetrax_dev]" Schema="[dbo]" Table="[LOOKUPS]" Alias="[job_type]" Column="NAME" />
                                            <ColumnReference Database="[servicetrax_dev]" Schema="[dbo]" Table="[USERS]" Alias="[u_billing]" Column="FIRST_NAME" />
                                            <ColumnReference Database="[servicetrax_dev]" Schema="[dbo]" Table="[USERS]" Alias="[u_billing]" Column="LAST_NAME" />
                                            <ColumnReference Column="Expr1228" />
                                            <ColumnReference Database="[servicetrax_dev]" Schema="[dbo]" Table="[INVOICES]" Column="INVOICE_ID" />
                                            <ColumnReference Database="[servicetrax_dev]" Schema="[dbo]" Table="[INVOICES]" Column="PO_NO" />
                                            <ColumnReference Database="[servicetrax_dev]" Schema="[dbo]" Table="[INVOICES]" Column="STATUS_ID" />
                                            <ColumnReference Database="[servicetrax_dev]" Schema="[dbo]" Table="[INVOICES]" Column="JOB_ID" />
                                            <ColumnReference Database="[servicetrax_dev]" Schema="[dbo]" Table="[INVOICES]" Column="DESCRIPTION" />
                                            <ColumnReference Column="Expr1253" />
                                            <ColumnReference Column="Expr1300" />
                                          </OutputList>
                                          <RunTimeInformation>
                                            <RunTimeCountersPerThread Thread="0" ActualRows="0" ActualEndOfScans="1" ActualExecutions="1" />
                                          </RunTimeInformation>
                                          <NestedLoops Optimized="false">
                                            <OuterReferences>
                                              <ColumnReference Database="[servicetrax_dev]" Schema="[dbo]" Table="[JOBS]" Alias="[j]" Column="BILLING_USER_ID" />
                                            </OuterReferences>
                                            <RelOp AvgRowSize="303" EstimateCPU="1.01411E-05" EstimateIO="0" EstimateRebinds="0" EstimateRewinds="0" EstimateRows="2.42609" LogicalOp="Left Outer Join" NodeId="113" Parallel="false" PhysicalOp="Nested Loops" EstimatedTotalSubtreeCost="0.0640508">
                                              <OutputList>
                                                <ColumnReference Database="[servicetrax_dev]" Schema="[dbo]" Table="[JOBS]" Alias="[j]" Column="BILLING_USER_ID" />
                                                <ColumnReference Database="[servicetrax_dev]" Schema="[dbo]" Table="[CUSTOMERS]" Alias="[c]" Column="EXT_DEALER_ID" />
                                                <ColumnReference Database="[servicetrax_dev]" Schema="[dbo]" Table="[CUSTOMERS]" Alias="[c]" Column="DEALER_NAME" />
                                                <ColumnReference Database="[servicetrax_dev]" Schema="[dbo]" Table="[CUSTOMERS]" Alias="[c]" Column="EXT_CUSTOMER_ID" />
                                                <ColumnReference Database="[servicetrax_dev]" Schema="[dbo]" Table="[CUSTOMERS]" Alias="[c]" Column="CUSTOMER_NAME" />
                                                <ColumnReference Database="[servicetrax_dev]" Schema="[dbo]" Table="[CUSTOMERS]" Alias="[c]" Column="end_user_parent_id" />
                                                <ColumnReference Database="[servicetrax_dev]" Schema="[dbo]" Table="[LOOKUPS]" Alias="[customer_type]" Column="CODE" />
                                                <ColumnReference Database="[servicetrax_dev]" Schema="[dbo]" Table="[LOOKUPS]" Alias="[job_type]" Column="NAME" />
                                                <ColumnReference Column="Expr1228" />
                                                <ColumnReference Database="[servicetrax_dev]" Schema="[dbo]" Table="[INVOICES]" Column="INVOICE_ID" />
                                                <ColumnReference Database="[servicetrax_dev]" Schema="[dbo]" Table="[INVOICES]" Column="PO_NO" />
                                                <ColumnReference Database="[servicetrax_dev]" Schema="[dbo]" Table="[INVOICES]" Column="STATUS_ID" />
                                                <ColumnReference Database="[servicetrax_dev]" Schema="[dbo]" Table="[INVOICES]" Column="JOB_ID" />
                                                <ColumnReference Database="[servicetrax_dev]" Schema="[dbo]" Table="[INVOICES]" Column="DESCRIPTION" />
                                                <ColumnReference Column="Expr1253" />
                                                <ColumnReference Column="Expr1300" />
                                              </OutputList>
                                              <RunTimeInformation>
                                                <RunTimeCountersPerThread Thread="0" ActualRows="0" ActualEndOfScans="1" ActualExecutions="1" />
                                              </RunTimeInformation>
                                              <NestedLoops Optimized="false">
                                                <OuterReferences>
                                                  <ColumnReference Database="[servicetrax_dev]" Schema="[dbo]" Table="[INVOICES]" Column="INVOICE_ID" />
                                                </OuterReferences>
                                                <RelOp AvgRowSize="301" EstimateCPU="9.75467E-06" EstimateIO="0" EstimateRebinds="0" EstimateRewinds="0" EstimateRows="2.42609" LogicalOp="Inner Join" NodeId="114" Parallel="false" PhysicalOp="Nested Loops" EstimatedTotalSubtreeCost="0.0570104">
                                                  <OutputList>
                                                    <ColumnReference Database="[servicetrax_dev]" Schema="[dbo]" Table="[JOBS]" Alias="[j]" Column="BILLING_USER_ID" />
                                                    <ColumnReference Database="[servicetrax_dev]" Schema="[dbo]" Table="[CUSTOMERS]" Alias="[c]" Column="EXT_DEALER_ID" />
                                                    <ColumnReference Database="[servicetrax_dev]" Schema="[dbo]" Table="[CUSTOMERS]" Alias="[c]" Column="DEALER_NAME" />
                                                    <ColumnReference Database="[servicetrax_dev]" Schema="[dbo]" Table="[CUSTOMERS]" Alias="[c]" Column="EXT_CUSTOMER_ID" />
                                                    <ColumnReference Database="[servicetrax_dev]" Schema="[dbo]" Table="[CUSTOMERS]" Alias="[c]" Column="CUSTOMER_NAME" />
                                                    <ColumnReference Database="[servicetrax_dev]" Schema="[dbo]" Table="[CUSTOMERS]" Alias="[c]" Column="end_user_parent_id" />
                                                    <ColumnReference Database="[servicetrax_dev]" Schema="[dbo]" Table="[LOOKUPS]" Alias="[customer_type]" Column="CODE" />
                                                    <ColumnReference Database="[servicetrax_dev]" Schema="[dbo]" Table="[LOOKUPS]" Alias="[job_type]" Column="NAME" />
                                                    <ColumnReference Database="[servicetrax_dev]" Schema="[dbo]" Table="[INVOICES]" Column="INVOICE_ID" />
                                                    <ColumnReference Database="[servicetrax_dev]" Schema="[dbo]" Table="[INVOICES]" Column="PO_NO" />
                                                    <ColumnReference Database="[servicetrax_dev]" Schema="[dbo]" Table="[INVOICES]" Column="STATUS_ID" />
                                                    <ColumnReference Database="[servicetrax_dev]" Schema="[dbo]" Table="[INVOICES]" Column="JOB_ID" />
                                                    <ColumnReference Database="[servicetrax_dev]" Schema="[dbo]" Table="[INVOICES]" Column="DESCRIPTION" />
                                                    <ColumnReference Column="Expr1253" />
                                                    <ColumnReference Column="Expr1300" />
                                                  </OutputList>
                                                  <RunTimeInformation>
                                                    <RunTimeCountersPerThread Thread="0" ActualRows="0" ActualEndOfScans="1" ActualExecutions="1" />
                                                  </RunTimeInformation>
                                                  <NestedLoops Optimized="false">
                                                    <OuterReferences>
                                                      <ColumnReference Database="[servicetrax_dev]" Schema="[dbo]" Table="[LOOKUPS]" Column="LOOKUP_TYPE_ID" />
                                                    </OuterReferences>
                                                    <RelOp AvgRowSize="310" EstimateCPU="1.86232E-05" EstimateIO="0" EstimateRebinds="0" EstimateRewinds="0" EstimateRows="2.33365" LogicalOp="Inner Join" NodeId="115" Parallel="false" PhysicalOp="Nested Loops" EstimatedTotalSubtreeCost="0.0535046">
                                                      <OutputList>
                                                        <ColumnReference Database="[servicetrax_dev]" Schema="[dbo]" Table="[JOBS]" Alias="[j]" Column="BILLING_USER_ID" />
                                                        <ColumnReference Database="[servicetrax_dev]" Schema="[dbo]" Table="[CUSTOMERS]" Alias="[c]" Column="EXT_DEALER_ID" />
                                                        <ColumnReference Database="[servicetrax_dev]" Schema="[dbo]" Table="[CUSTOMERS]" Alias="[c]" Column="DEALER_NAME" />
                                                        <ColumnReference Database="[servicetrax_dev]" Schema="[dbo]" Table="[CUSTOMERS]" Alias="[c]" Column="EXT_CUSTOMER_ID" />
                                                        <ColumnReference Database="[servicetrax_dev]" Schema="[dbo]" Table="[CUSTOMERS]" Alias="[c]" Column="CUSTOMER_NAME" />
                                                        <ColumnReference Database="[servicetrax_dev]" Schema="[dbo]" Table="[CUSTOMERS]" Alias="[c]" Column="end_user_parent_id" />
                                                        <ColumnReference Database="[servicetrax_dev]" Schema="[dbo]" Table="[LOOKUPS]" Alias="[customer_type]" Column="CODE" />
                                                        <ColumnReference Database="[servicetrax_dev]" Schema="[dbo]" Table="[LOOKUPS]" Alias="[job_type]" Column="NAME" />
                                                        <ColumnReference Database="[servicetrax_dev]" Schema="[dbo]" Table="[LOOKUPS]" Column="LOOKUP_TYPE_ID" />
                                                        <ColumnReference Database="[servicetrax_dev]" Schema="[dbo]" Table="[INVOICES]" Column="INVOICE_ID" />
                                                        <ColumnReference Database="[servicetrax_dev]" Schema="[dbo]" Table="[INVOICES]" Column="PO_NO" />
                                                        <ColumnReference Database="[servicetrax_dev]" Schema="[dbo]" Table="[INVOICES]" Column="STATUS_ID" />
                                                        <ColumnReference Database="[servicetrax_dev]" Schema="[dbo]" Table="[INVOICES]" Column="JOB_ID" />
                                                        <ColumnReference Database="[servicetrax_dev]" Schema="[dbo]" Table="[INVOICES]" Column="DESCRIPTION" />
                                                        <ColumnReference Column="Expr1253" />
                                                        <ColumnReference Column="Expr1300" />
                                                      </OutputList>
                                                      <RunTimeInformation>
                                                        <RunTimeCountersPerThread Thread="0" ActualRows="0" ActualEndOfScans="1" ActualExecutions="1" />
                                                      </RunTimeInformation>
                                                      <NestedLoops Optimized="false">
                                                        <OuterReferences>
                                                          <ColumnReference Database="[servicetrax_dev]" Schema="[dbo]" Table="[INVOICE_LINES]" Column="INVOICE_LINE_TYPE_ID" />
                                                        </OuterReferences>
                                                        <RelOp AvgRowSize="310" EstimateCPU="4.4553E-07" EstimateIO="0" EstimateRebinds="0" EstimateRewinds="0" EstimateRows="4.4553" LogicalOp="Compute Scalar" NodeId="116" Parallel="false" PhysicalOp="Compute Scalar" EstimatedTotalSubtreeCost="0.0496527">
                                                          <OutputList>
                                                            <ColumnReference Database="[servicetrax_dev]" Schema="[dbo]" Table="[JOBS]" Alias="[j]" Column="BILLING_USER_ID" />
                                                            <ColumnReference Database="[servicetrax_dev]" Schema="[dbo]" Table="[CUSTOMERS]" Alias="[c]" Column="EXT_DEALER_ID" />
                                                            <ColumnReference Database="[servicetrax_dev]" Schema="[dbo]" Table="[CUSTOMERS]" Alias="[c]" Column="DEALER_NAME" />
                                                            <ColumnReference Database="[servicetrax_dev]" Schema="[dbo]" Table="[CUSTOMERS]" Alias="[c]" Column="EXT_CUSTOMER_ID" />
                                                            <ColumnReference Database="[servicetrax_dev]" Schema="[dbo]" Table="[CUSTOMERS]" Alias="[c]" Column="CUSTOMER_NAME" />
                                                            <ColumnReference Database="[servicetrax_dev]" Schema="[dbo]" Table="[CUSTOMERS]" Alias="[c]" Column="end_user_parent_id" />
                                                            <ColumnReference Database="[servicetrax_dev]" Schema="[dbo]" Table="[LOOKUPS]" Alias="[customer_type]" Column="CODE" />
                                                            <ColumnReference Database="[servicetrax_dev]" Schema="[dbo]" Table="[LOOKUPS]" Alias="[job_type]" Column="NAME" />
                                                            <ColumnReference Database="[servicetrax_dev]" Schema="[dbo]" Table="[INVOICE_LINES]" Column="INVOICE_LINE_TYPE_ID" />
                                                            <ColumnReference Database="[servicetrax_dev]" Schema="[dbo]" Table="[INVOICES]" Column="INVOICE_ID" />
                                                            <ColumnReference Database="[servicetrax_dev]" Schema="[dbo]" Table="[INVOICES]" Column="PO_NO" />
                                                            <ColumnReference Database="[servicetrax_dev]" Schema="[dbo]" Table="[INVOICES]" Column="STATUS_ID" />
                                                            <ColumnReference Database="[servicetrax_dev]" Schema="[dbo]" Table="[INVOICES]" Column="JOB_ID" />
                                                            <ColumnReference Database="[servicetrax_dev]" Schema="[dbo]" Table="[INVOICES]" Column="DESCRIPTION" />
                                                            <ColumnReference Column="Expr1253" />
                                                            <ColumnReference Column="Expr1300" />
                                                          </OutputList>
                                                          <ComputeScalar>
                                                            <DefinedValues>
                                                              <DefinedValue>
                                                                <ColumnReference Column="Expr1253" />
                                                                <ScalarOperator ScalarString="[servicetrax_dev].[dbo].[INVOICE_LINES].[UNIT_PRICE]*[servicetrax_dev].[dbo].[INVOICE_LINES].[QTY]">
                                                                  <Arithmetic Operation="MULT">
                                                                    <ScalarOperator>
                                                                      <Identifier>
                                                                        <ColumnReference Database="[servicetrax_dev]" Schema="[dbo]" Table="[INVOICE_LINES]" Column="UNIT_PRICE" />
                                                                      </Identifier>
                                                                    </ScalarOperator>
                                                                    <ScalarOperator>
                                                                      <Identifier>
                                                                        <ColumnReference Database="[servicetrax_dev]" Schema="[dbo]" Table="[INVOICE_LINES]" Column="QTY" />
                                                                      </Identifier>
                                                                    </ScalarOperator>
                                                                  </Arithmetic>
                                                                </ScalarOperator>
                                                              </DefinedValue>
                                                            </DefinedValues>
                                                            <RelOp AvgRowSize="316" EstimateCPU="1.86232E-05" EstimateIO="0" EstimateRebinds="0" EstimateRewinds="0" EstimateRows="4.4553" LogicalOp="Inner Join" NodeId="117" Parallel="false" PhysicalOp="Nested Loops" EstimatedTotalSubtreeCost="0.0496522">
                                                              <OutputList>
                                                                <ColumnReference Database="[servicetrax_dev]" Schema="[dbo]" Table="[JOBS]" Alias="[j]" Column="BILLING_USER_ID" />
                                                                <ColumnReference Database="[servicetrax_dev]" Schema="[dbo]" Table="[CUSTOMERS]" Alias="[c]" Column="EXT_DEALER_ID" />
                                                                <ColumnReference Database="[servicetrax_dev]" Schema="[dbo]" Table="[CUSTOMERS]" Alias="[c]" Column="DEALER_NAME" />
                                                                <ColumnReference Database="[servicetrax_dev]" Schema="[dbo]" Table="[CUSTOMERS]" Alias="[c]" Column="EXT_CUSTOMER_ID" />
                                                                <ColumnReference Database="[servicetrax_dev]" Schema="[dbo]" Table="[CUSTOMERS]" Alias="[c]" Column="CUSTOMER_NAME" />
                                                                <ColumnReference Database="[servicetrax_dev]" Schema="[dbo]" Table="[CUSTOMERS]" Alias="[c]" Column="end_user_parent_id" />
                                                                <ColumnReference Database="[servicetrax_dev]" Schema="[dbo]" Table="[LOOKUPS]" Alias="[customer_type]" Column="CODE" />
                                                                <ColumnReference Database="[servicetrax_dev]" Schema="[dbo]" Table="[LOOKUPS]" Alias="[job_type]" Column="NAME" />
                                                                <ColumnReference Database="[servicetrax_dev]" Schema="[dbo]" Table="[INVOICE_LINES]" Column="INVOICE_LINE_TYPE_ID" />
                                                                <ColumnReference Database="[servicetrax_dev]" Schema="[dbo]" Table="[INVOICE_LINES]" Column="UNIT_PRICE" />
                                                                <ColumnReference Database="[servicetrax_dev]" Schema="[dbo]" Table="[INVOICE_LINES]" Column="QTY" />
                                                                <ColumnReference Database="[servicetrax_dev]" Schema="[dbo]" Table="[INVOICES]" Column="INVOICE_ID" />
                                                                <ColumnReference Database="[servicetrax_dev]" Schema="[dbo]" Table="[INVOICES]" Column="PO_NO" />
                                                                <ColumnReference Database="[servicetrax_dev]" Schema="[dbo]" Table="[INVOICES]" Column="STATUS_ID" />
                                                                <ColumnReference Database="[servicetrax_dev]" Schema="[dbo]" Table="[INVOICES]" Column="JOB_ID" />
                                                                <ColumnReference Database="[servicetrax_dev]" Schema="[dbo]" Table="[INVOICES]" Column="DESCRIPTION" />
                                                                <ColumnReference Column="Expr1300" />
                                                              </OutputList>
                                                              <RunTimeInformation>
                                                                <RunTimeCountersPerThread Thread="0" ActualRows="0" ActualEndOfScans="1" ActualExecutions="1" />
                                                              </RunTimeInformation>
                                                              <NestedLoops Optimized="false">
                                                                <OuterReferences>
                                                                  <ColumnReference Database="[servicetrax_dev]" Schema="[dbo]" Table="[INVOICE_LINES]" Column="INVOICE_LINE_ID" />
                                                                </OuterReferences>
                                                                <RelOp AvgRowSize="293" EstimateCPU="1.86232E-05" EstimateIO="0" EstimateRebinds="0" EstimateRewinds="0" EstimateRows="4.4553" LogicalOp="Inner Join" NodeId="118" Parallel="false" PhysicalOp="Nested Loops" EstimatedTotalSubtreeCost="0.0381346">
                                                                  <OutputList>
                                                                    <ColumnReference Database="[servicetrax_dev]" Schema="[dbo]" Table="[JOBS]" Alias="[j]" Column="BILLING_USER_ID" />
                                                                    <ColumnReference Database="[servicetrax_dev]" Schema="[dbo]" Table="[CUSTOMERS]" Alias="[c]" Column="EXT_DEALER_ID" />
                                                                    <ColumnReference Database="[servicetrax_dev]" Schema="[dbo]" Table="[CUSTOMERS]" Alias="[c]" Column="DEALER_NAME" />
                                                                    <ColumnReference Database="[servicetrax_dev]" Schema="[dbo]" Table="[CUSTOMERS]" Alias="[c]" Column="EXT_CUSTOMER_ID" />
                                                                    <ColumnReference Database="[servicetrax_dev]" Schema="[dbo]" Table="[CUSTOMERS]" Alias="[c]" Column="CUSTOMER_NAME" />
                                                                    <ColumnReference Database="[servicetrax_dev]" Schema="[dbo]" Table="[CUSTOMERS]" Alias="[c]" Column="end_user_parent_id" />
                                                                    <ColumnReference Database="[servicetrax_dev]" Schema="[dbo]" Table="[LOOKUPS]" Alias="[customer_type]" Column="CODE" />
                                                                    <ColumnReference Database="[servicetrax_dev]" Schema="[dbo]" Table="[LOOKUPS]" Alias="[job_type]" Column="NAME" />
                                                                    <ColumnReference Database="[servicetrax_dev]" Schema="[dbo]" Table="[INVOICE_LINES]" Column="INVOICE_LINE_ID" />
                                                                    <ColumnReference Database="[servicetrax_dev]" Schema="[dbo]" Table="[INVOICES]" Column="INVOICE_ID" />
                                                                    <ColumnReference Database="[servicetrax_dev]" Schema="[dbo]" Table="[INVOICES]" Column="PO_NO" />
                                                                    <ColumnReference Database="[servicetrax_dev]" Schema="[dbo]" Table="[INVOICES]" Column="STATUS_ID" />
                                                                    <ColumnReference Database="[servicetrax_dev]" Schema="[dbo]" Table="[INVOICES]" Column="JOB_ID" />
                                                                    <ColumnReference Database="[servicetrax_dev]" Schema="[dbo]" Table="[INVOICES]" Column="DESCRIPTION" />
                                                                    <ColumnReference Column="Expr1300" />
                                                                  </OutputList>
                                                                  <RunTimeInformation>
                                                                    <RunTimeCountersPerThread Thread="0" ActualRows="0" ActualEndOfScans="1" ActualExecutions="1" />
                                                                  </RunTimeInformation>
                                                                  <NestedLoops Optimized="false">
                                                                    <OuterReferences>
                                                                      <ColumnReference Database="[servicetrax_dev]" Schema="[dbo]" Table="[INVOICES]" Column="INVOICE_ID" />
                                                                    </OuterReferences>
                                                                    <RelOp AvgRowSize="284" EstimateCPU="4.18E-06" EstimateIO="0" EstimateRebinds="0" EstimateRewinds="0" EstimateRows="1" LogicalOp="Inner Join" NodeId="119" Parallel="false" PhysicalOp="Nested Loops" EstimatedTotalSubtreeCost="0.0348291">
                                                                      <OutputList>
                                                                        <ColumnReference Database="[servicetrax_dev]" Schema="[dbo]" Table="[JOBS]" Alias="[j]" Column="BILLING_USER_ID" />
                                                                        <ColumnReference Database="[servicetrax_dev]" Schema="[dbo]" Table="[CUSTOMERS]" Alias="[c]" Column="EXT_DEALER_ID" />
                                                                        <ColumnReference Database="[servicetrax_dev]" Schema="[dbo]" Table="[CUSTOMERS]" Alias="[c]" Column="DEALER_NAME" />
                                                                        <ColumnReference Database="[servicetrax_dev]" Schema="[dbo]" Table="[CUSTOMERS]" Alias="[c]" Column="EXT_CUSTOMER_ID" />
                                                                        <ColumnReference Database="[servicetrax_dev]" Schema="[dbo]" Table="[CUSTOMERS]" Alias="[c]" Column="CUSTOMER_NAME" />
                                                                        <ColumnReference Database="[servicetrax_dev]" Schema="[dbo]" Table="[CUSTOMERS]" Alias="[c]" Column="end_user_parent_id" />
                                                                        <ColumnReference Database="[servicetrax_dev]" Schema="[dbo]" Table="[LOOKUPS]" Alias="[customer_type]" Column="CODE" />
                                                                        <ColumnReference Database="[servicetrax_dev]" Schema="[dbo]" Table="[LOOKUPS]" Alias="[job_type]" Column="NAME" />
                                                                        <ColumnReference Database="[servicetrax_dev]" Schema="[dbo]" Table="[INVOICES]" Column="INVOICE_ID" />
                                                                        <ColumnReference Database="[servicetrax_dev]" Schema="[dbo]" Table="[INVOICES]" Column="PO_NO" />
                                                                        <ColumnReference Database="[servicetrax_dev]" Schema="[dbo]" Table="[INVOICES]" Column="STATUS_ID" />
                                                                        <ColumnReference Database="[servicetrax_dev]" Schema="[dbo]" Table="[INVOICES]" Column="JOB_ID" />
                                                                        <ColumnReference Database="[servicetrax_dev]" Schema="[dbo]" Table="[INVOICES]" Column="DESCRIPTION" />
                                                                        <ColumnReference Column="Expr1300" />
                                                                      </OutputList>
                                                                      <RunTimeInformation>
                                                                        <RunTimeCountersPerThread Thread="0" ActualRows="1" ActualEndOfScans="1" ActualExecutions="1" />
                                                                      </RunTimeInformation>
                                                                      <NestedLoops Optimized="false">
                                                                        <OuterReferences>
                                                                          <ColumnReference Database="[servicetrax_dev]" Schema="[dbo]" Table="[CUSTOMERS]" Alias="[c]" Column="customer_type_id" />
                                                                        </OuterReferences>
                                                                        <RelOp AvgRowSize="284" EstimateCPU="4.18E-06" EstimateIO="0" EstimateRebinds="0" EstimateRewinds="0" EstimateRows="1" LogicalOp="Inner Join" NodeId="120" Parallel="false" PhysicalOp="Nested Loops" EstimatedTotalSubtreeCost="0.0315418">
                                                                          <OutputList>
                                                                            <ColumnReference Database="[servicetrax_dev]" Schema="[dbo]" Table="[JOBS]" Alias="[j]" Column="BILLING_USER_ID" />
                                                                            <ColumnReference Database="[servicetrax_dev]" Schema="[dbo]" Table="[CUSTOMERS]" Alias="[c]" Column="EXT_DEALER_ID" />
                                                                            <ColumnReference Database="[servicetrax_dev]" Schema="[dbo]" Table="[CUSTOMERS]" Alias="[c]" Column="DEALER_NAME" />
                                                                            <ColumnReference Database="[servicetrax_dev]" Schema="[dbo]" Table="[CUSTOMERS]" Alias="[c]" Column="EXT_CUSTOMER_ID" />
                                                                            <ColumnReference Database="[servicetrax_dev]" Schema="[dbo]" Table="[CUSTOMERS]" Alias="[c]" Column="CUSTOMER_NAME" />
                                                                            <ColumnReference Database="[servicetrax_dev]" Schema="[dbo]" Table="[CUSTOMERS]" Alias="[c]" Column="customer_type_id" />
                                                                            <ColumnReference Database="[servicetrax_dev]" Schema="[dbo]" Table="[CUSTOMERS]" Alias="[c]" Column="end_user_parent_id" />
                                                                            <ColumnReference Database="[servicetrax_dev]" Schema="[dbo]" Table="[LOOKUPS]" Alias="[job_type]" Column="NAME" />
                                                                            <ColumnReference Database="[servicetrax_dev]" Schema="[dbo]" Table="[INVOICES]" Column="INVOICE_ID" />
                                                                            <ColumnReference Database="[servicetrax_dev]" Schema="[dbo]" Table="[INVOICES]" Column="PO_NO" />
                                                                            <ColumnReference Database="[servicetrax_dev]" Schema="[dbo]" Table="[INVOICES]" Column="STATUS_ID" />
                                                                            <ColumnReference Database="[servicetrax_dev]" Schema="[dbo]" Table="[INVOICES]" Column="JOB_ID" />
                                                                            <ColumnReference Database="[servicetrax_dev]" Schema="[dbo]" Table="[INVOICES]" Column="DESCRIPTION" />
                                                                            <ColumnReference Column="Expr1300" />
                                                                          </OutputList>
                                                                          <RunTimeInformation>
                                                                            <RunTimeCountersPerThread Thread="0" ActualRows="1" ActualEndOfScans="1" ActualExecutions="1" />
                                                                          </RunTimeInformation>
                                                                          <NestedLoops Optimized="false">
                                                                            <OuterReferences>
                                                                              <ColumnReference Database="[servicetrax_dev]" Schema="[dbo]" Table="[JOBS]" Alias="[j]" Column="CUSTOMER_ID" />
                                                                            </OuterReferences>
                                                                            <RelOp AvgRowSize="210" EstimateCPU="4.18E-06" EstimateIO="0" EstimateRebinds="0" EstimateRewinds="0" EstimateRows="1" LogicalOp="Inner Join" NodeId="121" Parallel="false" PhysicalOp="Nested Loops" EstimatedTotalSubtreeCost="0.0282545">
                                                                              <OutputList>
                                                                                <ColumnReference Database="[servicetrax_dev]" Schema="[dbo]" Table="[JOBS]" Alias="[j]" Column="CUSTOMER_ID" />
                                                                                <ColumnReference Database="[servicetrax_dev]" Schema="[dbo]" Table="[JOBS]" Alias="[j]" Column="BILLING_USER_ID" />
                                                                                <ColumnReference Database="[servicetrax_dev]" Schema="[dbo]" Table="[LOOKUPS]" Alias="[job_type]" Column="NAME" />
                                                                                <ColumnReference Database="[servicetrax_dev]" Schema="[dbo]" Table="[INVOICES]" Column="INVOICE_ID" />
                                                                                <ColumnReference Database="[servicetrax_dev]" Schema="[dbo]" Table="[INVOICES]" Column="PO_NO" />
                                                                                <ColumnReference Database="[servicetrax_dev]" Schema="[dbo]" Table="[INVOICES]" Column="STATUS_ID" />
                                                                                <ColumnReference Database="[servicetrax_dev]" Schema="[dbo]" Table="[INVOICES]" Column="JOB_ID" />
                                                                                <ColumnReference Database="[servicetrax_dev]" Schema="[dbo]" Table="[INVOICES]" Column="DESCRIPTION" />
                                                                                <ColumnReference Column="Expr1300" />
                                                                              </OutputList>
                                                                              <RunTimeInformation>
                                                                                <RunTimeCountersPerThread Thread="0" ActualRows="1" ActualEndOfScans="1" ActualExecutions="1" />
                                                                              </RunTimeInformation>
                                                                              <NestedLoops Optimized="false">
                                                                                <OuterReferences>
                                                                                  <ColumnReference Database="[servicetrax_dev]" Schema="[dbo]" Table="[JOBS]" Alias="[j]" Column="CREATED_BY" />
                                                                                </OuterReferences>
                                                                                <RelOp AvgRowSize="219" EstimateCPU="4.18E-06" EstimateIO="0" EstimateRebinds="0" EstimateRewinds="0" EstimateRows="1" LogicalOp="Inner Join" NodeId="122" Parallel="false" PhysicalOp="Nested Loops" EstimatedTotalSubtreeCost="0.0249673">
                                                                                  <OutputList>
                                                                                    <ColumnReference Database="[servicetrax_dev]" Schema="[dbo]" Table="[JOBS]" Alias="[j]" Column="CUSTOMER_ID" />
                                                                                    <ColumnReference Database="[servicetrax_dev]" Schema="[dbo]" Table="[JOBS]" Alias="[j]" Column="BILLING_USER_ID" />
                                                                                    <ColumnReference Database="[servicetrax_dev]" Schema="[dbo]" Table="[JOBS]" Alias="[j]" Column="CREATED_BY" />
                                                                                    <ColumnReference Database="[servicetrax_dev]" Schema="[dbo]" Table="[LOOKUPS]" Alias="[job_type]" Column="NAME" />
                                                                                    <ColumnReference Database="[servicetrax_dev]" Schema="[dbo]" Table="[INVOICES]" Column="INVOICE_ID" />
                                                                                    <ColumnReference Database="[servicetrax_dev]" Schema="[dbo]" Table="[INVOICES]" Column="PO_NO" />
                                                                                    <ColumnReference Database="[servicetrax_dev]" Schema="[dbo]" Table="[INVOICES]" Column="STATUS_ID" />
                                                                                    <ColumnReference Database="[servicetrax_dev]" Schema="[dbo]" Table="[INVOICES]" Column="JOB_ID" />
                                                                                    <ColumnReference Database="[servicetrax_dev]" Schema="[dbo]" Table="[INVOICES]" Column="DESCRIPTION" />
                                                                                    <ColumnReference Column="Expr1300" />
                                                                                  </OutputList>
                                                                                  <RunTimeInformation>
                                                                                    <RunTimeCountersPerThread Thread="0" ActualRows="1" ActualEndOfScans="1" ActualExecutions="1" />
                                                                                  </RunTimeInformation>
                                                                                  <NestedLoops Optimized="false">
                                                                                    <OuterReferences>
                                                                                      <ColumnReference Database="[servicetrax_dev]" Schema="[dbo]" Table="[JOBS]" Alias="[j]" Column="JOB_TYPE_ID" />
                                                                                    </OuterReferences>
                                                                                    <RelOp AvgRowSize="218" EstimateCPU="4.18E-06" EstimateIO="0" EstimateRebinds="0" EstimateRewinds="0" EstimateRows="1" LogicalOp="Inner Join" NodeId="123" Parallel="false" PhysicalOp="Nested Loops" EstimatedTotalSubtreeCost="0.02168">
                                                                                      <OutputList>
                                                                                        <ColumnReference Database="[servicetrax_dev]" Schema="[dbo]" Table="[JOBS]" Alias="[j]" Column="JOB_TYPE_ID" />
                                                                                        <ColumnReference Database="[servicetrax_dev]" Schema="[dbo]" Table="[JOBS]" Alias="[j]" Column="CUSTOMER_ID" />
                                                                                        <ColumnReference Database="[servicetrax_dev]" Schema="[dbo]" Table="[JOBS]" Alias="[j]" Column="BILLING_USER_ID" />
                                                                                        <ColumnReference Database="[servicetrax_dev]" Schema="[dbo]" Table="[JOBS]" Alias="[j]" Column="CREATED_BY" />
                                                                                        <ColumnReference Database="[servicetrax_dev]" Schema="[dbo]" Table="[INVOICES]" Column="INVOICE_ID" />
                                                                                        <ColumnReference Database="[servicetrax_dev]" Schema="[dbo]" Table="[INVOICES]" Column="PO_NO" />
                                                                                        <ColumnReference Database="[servicetrax_dev]" Schema="[dbo]" Table="[INVOICES]" Column="STATUS_ID" />
                                                                                        <ColumnReference Database="[servicetrax_dev]" Schema="[dbo]" Table="[INVOICES]" Column="JOB_ID" />
                                                                                        <ColumnReference Database="[servicetrax_dev]" Schema="[dbo]" Table="[INVOICES]" Column="DESCRIPTION" />
                                                                                        <ColumnReference Column="Expr1300" />
                                                                                      </OutputList>
                                                                                      <RunTimeInformation>
                                                                                        <RunTimeCountersPerThread Thread="0" ActualRows="1" ActualEndOfScans="1" ActualExecutions="1" />
                                                                                      </RunTimeInformation>
                                                                                      <NestedLoops Optimized="false">
                                                                                        <OuterReferences>
                                                                                          <ColumnReference Database="[servicetrax_dev]" Schema="[dbo]" Table="[JOBS]" Alias="[j]" Column="JOB_STATUS_TYPE_ID" />
                                                                                        </OuterReferences>
                                                                                        <RelOp AvgRowSize="227" EstimateCPU="4.18E-06" EstimateIO="0" EstimateRebinds="0" EstimateRewinds="0" EstimateRows="1" LogicalOp="Inner Join" NodeId="124" Parallel="false" PhysicalOp="Nested Loops" EstimatedTotalSubtreeCost="0.0183927">
                                                                                          <OutputList>
                                                                                            <ColumnReference Database="[servicetrax_dev]" Schema="[dbo]" Table="[JOBS]" Alias="[j]" Column="JOB_TYPE_ID" />
                                                                                            <ColumnReference Database="[servicetrax_dev]" Schema="[dbo]" Table="[JOBS]" Alias="[j]" Column="JOB_STATUS_TYPE_ID" />
                                                                                            <ColumnReference Database="[servicetrax_dev]" Schema="[dbo]" Table="[JOBS]" Alias="[j]" Column="CUSTOMER_ID" />
                                                                                            <ColumnReference Database="[servicetrax_dev]" Schema="[dbo]" Table="[JOBS]" Alias="[j]" Column="BILLING_USER_ID" />
                                                                                            <ColumnReference Database="[servicetrax_dev]" Schema="[dbo]" Table="[JOBS]" Alias="[j]" Column="CREATED_BY" />
                                                                                            <ColumnReference Database="[servicetrax_dev]" Schema="[dbo]" Table="[INVOICES]" Column="INVOICE_ID" />
                                                                                            <ColumnReference Database="[servicetrax_dev]" Schema="[dbo]" Table="[INVOICES]" Column="PO_NO" />
                                                                                            <ColumnReference Database="[servicetrax_dev]" Schema="[dbo]" Table="[INVOICES]" Column="STATUS_ID" />
                                                                                            <ColumnReference Database="[servicetrax_dev]" Schema="[dbo]" Table="[INVOICES]" Column="JOB_ID" />
                                                                                            <ColumnReference Database="[servicetrax_dev]" Schema="[dbo]" Table="[INVOICES]" Column="DESCRIPTION" />
                                                                                            <ColumnReference Column="Expr1300" />
                                                                                          </OutputList>
                                                                                          <RunTimeInformation>
                                                                                            <RunTimeCountersPerThread Thread="0" ActualRows="1" ActualEndOfScans="1" ActualExecutions="1" />
                                                                                          </RunTimeInformation>
                                                                                          <NestedLoops Optimized="false">
                                                                                            <OuterReferences>
                                                                                              <ColumnReference Database="[servicetrax_dev]" Schema="[dbo]" Table="[INVOICES]" Column="JOB_ID" />
                                                                                            </OuterReferences>
                                                                                            <RelOp AvgRowSize="190" EstimateCPU="4.18E-06" EstimateIO="0" EstimateRebinds="0" EstimateRewinds="0" EstimateRows="1" LogicalOp="Inner Join" NodeId="125" Parallel="false" PhysicalOp="Nested Loops" EstimatedTotalSubtreeCost="0.0151054">
                                                                                              <OutputList>
                                                                                                <ColumnReference Database="[servicetrax_dev]" Schema="[dbo]" Table="[INVOICES]" Column="JOB_ID" />
                                                                                                <ColumnReference Database="[servicetrax_dev]" Schema="[dbo]" Table="[INVOICES]" Column="INVOICE_ID" />
                                                                                                <ColumnReference Database="[servicetrax_dev]" Schema="[dbo]" Table="[INVOICES]" Column="PO_NO" />
                                                                                                <ColumnReference Database="[servicetrax_dev]" Schema="[dbo]" Table="[INVOICES]" Column="STATUS_ID" />
                                                                                                <ColumnReference Database="[servicetrax_dev]" Schema="[dbo]" Table="[INVOICES]" Column="JOB_ID" />
                                                                                                <ColumnReference Database="[servicetrax_dev]" Schema="[dbo]" Table="[INVOICES]" Column="DESCRIPTION" />
                                                                                                <ColumnReference Column="Expr1300" />
                                                                                              </OutputList>
                                                                                              <RunTimeInformation>
                                                                                                <RunTimeCountersPerThread Thread="0" ActualRows="1" ActualEndOfScans="1" ActualExecutions="1" />
                                                                                              </RunTimeInformation>
                                                                                              <NestedLoops Optimized="true">
                                                                                                <OuterReferences>
                                                                                                  <ColumnReference Database="[servicetrax_dev]" Schema="[dbo]" Table="[INVOICES]" Column="INVOICE_ID" />
                                                                                                </OuterReferences>
                                                                                                <RelOp AvgRowSize="181" EstimateCPU="1E-07" EstimateIO="0" EstimateRebinds="0" EstimateRewinds="0" EstimateRows="1" LogicalOp="Compute Scalar" NodeId="127" Parallel="false" PhysicalOp="Compute Scalar" EstimatedTotalSubtreeCost="0.0118181">
                                                                                                  <OutputList>
                                                                                                    <ColumnReference Database="[servicetrax_dev]" Schema="[dbo]" Table="[INVOICES]" Column="INVOICE_ID" />
                                                                                                    <ColumnReference Database="[servicetrax_dev]" Schema="[dbo]" Table="[INVOICES]" Column="PO_NO" />
                                                                                                    <ColumnReference Database="[servicetrax_dev]" Schema="[dbo]" Table="[INVOICES]" Column="STATUS_ID" />
                                                                                                    <ColumnReference Database="[servicetrax_dev]" Schema="[dbo]" Table="[INVOICES]" Column="JOB_ID" />
                                                                                                    <ColumnReference Database="[servicetrax_dev]" Schema="[dbo]" Table="[INVOICES]" Column="DESCRIPTION" />
                                                                                                    <ColumnReference Column="Expr1300" />
                                                                                                  </OutputList>
                                                                                                  <ComputeScalar>
                                                                                                    <DefinedValues>
                                                                                                      <DefinedValue>
                                                                                                        <ColumnReference Column="Expr1300" />
                                                                                                        <ScalarOperator ScalarString="CONVERT(varchar(30),[servicetrax_dev].[dbo].[INVOICES].[INVOICE_ID],0)">
                                                                                                          <Convert DataType="varchar" Length="30" Style="0" Implicit="false">
                                                                                                            <ScalarOperator>
                                                                                                              <Identifier>
                                                                                                                <ColumnReference Database="[servicetrax_dev]" Schema="[dbo]" Table="[INVOICES]" Column="INVOICE_ID" />
                                                                                                              </Identifier>
                                                                                                            </ScalarOperator>
                                                                                                          </Convert>
                                                                                                        </ScalarOperator>
                                                                                                      </DefinedValue>
                                                                                                    </DefinedValues>
                                                                                                    <RelOp AvgRowSize="170" EstimateCPU="1.70202E-06" EstimateIO="0" EstimateRebinds="0" EstimateRewinds="0" EstimateRows="1" LogicalOp="Filter" NodeId="128" Parallel="false" PhysicalOp="Filter" EstimatedTotalSubtreeCost="0.011818">
                                                                                                      <OutputList>
                                                                                                        <ColumnReference Database="[servicetrax_dev]" Schema="[dbo]" Table="[INVOICES]" Column="INVOICE_ID" />
                                                                                                        <ColumnReference Database="[servicetrax_dev]" Schema="[dbo]" Table="[INVOICES]" Column="PO_NO" />
                                                                                                        <ColumnReference Database="[servicetrax_dev]" Schema="[dbo]" Table="[INVOICES]" Column="STATUS_ID" />
                                                                                                        <ColumnReference Database="[servicetrax_dev]" Schema="[dbo]" Table="[INVOICES]" Column="JOB_ID" />
                                                                                                        <ColumnReference Database="[servicetrax_dev]" Schema="[dbo]" Table="[INVOICES]" Column="DESCRIPTION" />
                                                                                                      </OutputList>
                                                                                                      <RunTimeInformation>
                                                                                                        <RunTimeCountersPerThread Thread="0" ActualRows="1" ActualEndOfScans="1" ActualExecutions="1" />
                                                                                                      </RunTimeInformation>
                                                                                                      <Filter StartupExpression="false">
                                                                                                        <RelOp AvgRowSize="170" EstimateCPU="1.48217E-05" EstimateIO="0" EstimateRebinds="0" EstimateRewinds="0" EstimateRows="3.54587" LogicalOp="Inner Join" NodeId="129" Parallel="false" PhysicalOp="Nested Loops" EstimatedTotalSubtreeCost="0.0118163">
                                                                                                          <OutputList>
                                                                                                            <ColumnReference Database="[servicetrax_dev]" Schema="[dbo]" Table="[INVOICES]" Column="INVOICE_ID" />
                                                                                                            <ColumnReference Database="[servicetrax_dev]" Schema="[dbo]" Table="[INVOICES]" Column="PO_NO" />
                                                                                                            <ColumnReference Database="[servicetrax_dev]" Schema="[dbo]" Table="[INVOICES]" Column="STATUS_ID" />
                                                                                                            <ColumnReference Database="[servicetrax_dev]" Schema="[dbo]" Table="[INVOICES]" Column="JOB_ID" />
                                                                                                            <ColumnReference Database="[servicetrax_dev]" Schema="[dbo]" Table="[INVOICES]" Column="DESCRIPTION" />
                                                                                                          </OutputList>
                                                                                                          <RunTimeInformation>
                                                                                                            <RunTimeCountersPerThread Thread="0" ActualRows="5" ActualEndOfScans="1" ActualExecutions="1" />
                                                                                                          </RunTimeInformation>
                                                                                                          <NestedLoops Optimized="true">
                                                                                                            <OuterReferences>
                                                                                                              <ColumnReference Database="[servicetrax_dev]" Schema="[dbo]" Table="[INVOICES]" Column="INVOICE_ID" />
                                                                                                            </OuterReferences>
                                                                                                            <RelOp AvgRowSize="25" EstimateCPU="0.0001609" EstimateIO="0.003125" EstimateRebinds="0" EstimateRewinds="0" EstimateRows="3.54587" LogicalOp="Index Seek" NodeId="131" Parallel="false" PhysicalOp="Index Seek" EstimatedTotalSubtreeCost="0.0032859">
                                                                                                              <OutputList>
                                                                                                                <ColumnReference Database="[servicetrax_dev]" Schema="[dbo]" Table="[INVOICES]" Column="INVOICE_ID" />
                                                                                                                <ColumnReference Database="[servicetrax_dev]" Schema="[dbo]" Table="[INVOICES]" Column="JOB_ID" />
                                                                                                              </OutputList>
                                                                                                              <RunTimeInformation>
                                                                                                                <RunTimeCountersPerThread Thread="0" ActualRows="5" ActualEndOfScans="1" ActualExecutions="1" />
                                                                                                              </RunTimeInformation>
                                                                                                              <IndexScan Ordered="true" ScanDirection="FORWARD" ForcedIndex="false" NoExpandHint="false">
                                                                                                                <DefinedValues>
                                                                                                                  <DefinedValue>
                                                                                                                    <ColumnReference Database="[servicetrax_dev]" Schema="[dbo]" Table="[INVOICES]" Column="INVOICE_ID" />
                                                                                                                  </DefinedValue>
                                                                                                                  <DefinedValue>
                                                                                                                    <ColumnReference Database="[servicetrax_dev]" Schema="[dbo]" Table="[INVOICES]" Column="JOB_ID" />
                                                                                                                  </DefinedValue>
                                                                                                                </DefinedValues>
                                                                                                                <Object Database="[servicetrax_dev]" Schema="[dbo]" Table="[INVOICES]" Index="[IX_I_JOBS]" TableReferenceId="3" />
                                                                                                                <SeekPredicates>
                                                                                                                  <SeekPredicate>
                                                                                                                    <Prefix ScanType="EQ">
                                                                                                                      <RangeColumns>
                                                                                                                        <ColumnReference Database="[servicetrax_dev]" Schema="[dbo]" Table="[INVOICES]" Column="JOB_ID" />
                                                                                                                      </RangeColumns>
                                                                                                                      <RangeExpressions>
                                                                                                                        <ScalarOperator ScalarString="(70867.)">
                                                                                                                          <Const ConstValue="(70867.)" />
                                                                                                                        </ScalarOperator>
                                                                                                                      </RangeExpressions>
                                                                                                                    </Prefix>
                                                                                                                  </SeekPredicate>
                                                                                                                </SeekPredicates>
                                                                                                              </IndexScan>
                                                                                                            </RelOp>
                                                                                                            <RelOp AvgRowSize="372" EstimateCPU="0.0001581" EstimateIO="0.003125" EstimateRebinds="2.54587" EstimateRewinds="0" EstimateRows="1" LogicalOp="Clustered Index Seek" NodeId="133" Parallel="false" PhysicalOp="Clustered Index Seek" EstimatedTotalSubtreeCost="0.00851561">
                                                                                                              <OutputList>
                                                                                                                <ColumnReference Database="[servicetrax_dev]" Schema="[dbo]" Table="[INVOICES]" Column="PO_NO" />
                                                                                                                <ColumnReference Database="[servicetrax_dev]" Schema="[dbo]" Table="[INVOICES]" Column="STATUS_ID" />
                                                                                                                <ColumnReference Database="[servicetrax_dev]" Schema="[dbo]" Table="[INVOICES]" Column="DESCRIPTION" />
                                                                                                              </OutputList>
                                                                                                              <RunTimeInformation>
                                                                                                                <RunTimeCountersPerThread Thread="0" ActualRows="5" ActualEndOfScans="0" ActualExecutions="5" />
                                                                                                              </RunTimeInformation>
                                                                                                              <IndexScan Lookup="true" Ordered="true" ScanDirection="FORWARD" ForcedIndex="false" NoExpandHint="false">
                                                                                                                <DefinedValues>
                                                                                                                  <DefinedValue>
                                                                                                                    <ColumnReference Database="[servicetrax_dev]" Schema="[dbo]" Table="[INVOICES]" Column="PO_NO" />
                                                                                                                  </DefinedValue>
                                                                                                                  <DefinedValue>
                                                                                                                    <ColumnReference Database="[servicetrax_dev]" Schema="[dbo]" Table="[INVOICES]" Column="STATUS_ID" />
                                                                                                                  </DefinedValue>
                                                                                                                  <DefinedValue>
                                                                                                                    <ColumnReference Database="[servicetrax_dev]" Schema="[dbo]" Table="[INVOICES]" Column="DESCRIPTION" />
                                                                                                                  </DefinedValue>
                                                                                                                </DefinedValues>
                                                                                                                <Object Database="[servicetrax_dev]" Schema="[dbo]" Table="[INVOICES]" Index="[INV_PK]" TableReferenceId="-1" />
                                                                                                                <SeekPredicates>
                                                                                                                  <SeekPredicate>
                                                                                                                    <Prefix ScanType="EQ">
                                                                                                                      <RangeColumns>
                                                                                                                        <ColumnReference Database="[servicetrax_dev]" Schema="[dbo]" Table="[INVOICES]" Column="INVOICE_ID" />
                                                                                                                      </RangeColumns>
                                                                                                                      <RangeExpressions>
                                                                                                                        <ScalarOperator ScalarString="[servicetrax_dev].[dbo].[INVOICES].[INVOICE_ID]">
                                                                                                                          <Identifier>
                                                                                                                            <ColumnReference Database="[servicetrax_dev]" Schema="[dbo]" Table="[INVOICES]" Column="INVOICE_ID" />
                                                                                                                          </Identifier>
                                                                                                                        </ScalarOperator>
                                                                                                                      </RangeExpressions>
                                                                                                                    </Prefix>
                                                                                                                  </SeekPredicate>
                                                                                                                </SeekPredicates>
                                                                                                              </IndexScan>
                                                                                                            </RelOp>
                                                                                                          </NestedLoops>
                                                                                                        </RelOp>
                                                                                                        <Predicate>
                                                                                                          <ScalarOperator ScalarString="[servicetrax_dev].[dbo].[INVOICES].[STATUS_ID]=(1.)">
                                                                                                            <Compare CompareOp="EQ">
                                                                                                              <ScalarOperator>
                                                                                                                <Identifier>
                                                                                                                  <ColumnReference Database="[servicetrax_dev]" Schema="[dbo]" Table="[INVOICES]" Column="STATUS_ID" />
                                                                                                                </Identifier>
                                                                                                              </ScalarOperator>
                                                                                                              <ScalarOperator>
                                                                                                                <Const ConstValue="(1.)" />
                                                                                                              </ScalarOperator>
                                                                                                            </Compare>
                                                                                                          </ScalarOperator>
                                                                                                        </Predicate>
                                                                                                      </Filter>
                                                                                                    </RelOp>
                                                                                                  </ComputeScalar>
                                                                                                </RelOp>
                                                                                                <RelOp AvgRowSize="16" EstimateCPU="0.0001581" EstimateIO="0.003125" EstimateRebinds="0" EstimateRewinds="0" EstimateRows="1" LogicalOp="Clustered Index Seek" NodeId="145" Parallel="false" PhysicalOp="Clustered Index Seek" EstimatedTotalSubtreeCost="0.0032831">
                                                                                                  <OutputList>
                                                                                                    <ColumnReference Database="[servicetrax_dev]" Schema="[dbo]" Table="[INVOICES]" Column="JOB_ID" />
                                                                                                  </OutputList>
                                                                                                  <RunTimeInformation>
                                                                                                    <RunTimeCountersPerThread Thread="0" ActualRows="1" ActualEndOfScans="0" ActualExecutions="1" />
                                                                                                  </RunTimeInformation>
                                                                                                  <IndexScan Ordered="true" ScanDirection="FORWARD" ForcedIndex="false" NoExpandHint="false">
                                                                                                    <DefinedValues>
                                                                                                      <DefinedValue>
                                                                                                        <ColumnReference Database="[servicetrax_dev]" Schema="[dbo]" Table="[INVOICES]" Column="JOB_ID" />
                                                                                                      </DefinedValue>
                                                                                                    </DefinedValues>
                                                                                                    <Object Database="[servicetrax_dev]" Schema="[dbo]" Table="[INVOICES]" Index="[INV_PK]" TableReferenceId="2" />
                                                                                                    <SeekPredicates>
                                                                                                      <SeekPredicate>
                                                                                                        <Prefix ScanType="EQ">
                                                                                                          <RangeColumns>
                                                                                                            <ColumnReference Database="[servicetrax_dev]" Schema="[dbo]" Table="[INVOICES]" Column="INVOICE_ID" />
                                                                                                          </RangeColumns>
                                                                                                          <RangeExpressions>
                                                                                                            <ScalarOperator ScalarString="[servicetrax_dev].[dbo].[INVOICES].[INVOICE_ID]">
                                                                                                              <Identifier>
                                                                                                                <ColumnReference Database="[servicetrax_dev]" Schema="[dbo]" Table="[INVOICES]" Column="INVOICE_ID" />
                                                                                                              </Identifier>
                                                                                                            </ScalarOperator>
                                                                                                          </RangeExpressions>
                                                                                                        </Prefix>
                                                                                                      </SeekPredicate>
                                                                                                    </SeekPredicates>
                                                                                                  </IndexScan>
                                                                                                </RelOp>
                                                                                              </NestedLoops>
                                                                                            </RelOp>
                                                                                            <RelOp AvgRowSize="52" EstimateCPU="0.0001581" EstimateIO="0.003125" EstimateRebinds="0" EstimateRewinds="0" EstimateRows="1" LogicalOp="Clustered Index Seek" NodeId="146" Parallel="false" PhysicalOp="Clustered Index Seek" EstimatedTotalSubtreeCost="0.0032831">
                                                                                              <OutputList>
                                                                                                <ColumnReference Database="[servicetrax_dev]" Schema="[dbo]" Table="[JOBS]" Alias="[j]" Column="JOB_TYPE_ID" />
                                                                                                <ColumnReference Database="[servicetrax_dev]" Schema="[dbo]" Table="[JOBS]" Alias="[j]" Column="JOB_STATUS_TYPE_ID" />
                                                                                                <ColumnReference Database="[servicetrax_dev]" Schema="[dbo]" Table="[JOBS]" Alias="[j]" Column="CUSTOMER_ID" />
                                                                                                <ColumnReference Database="[servicetrax_dev]" Schema="[dbo]" Table="[JOBS]" Alias="[j]" Column="BILLING_USER_ID" />
                                                                                                <ColumnReference Database="[servicetrax_dev]" Schema="[dbo]" Table="[JOBS]" Alias="[j]" Column="CREATED_BY" />
                                                                                              </OutputList>
                                                                                              <RunTimeInformation>
                                                                                                <RunTimeCountersPerThread Thread="0" ActualRows="1" ActualEndOfScans="0" ActualExecutions="1" />
                                                                                              </RunTimeInformation>
                                                                                              <IndexScan Ordered="true" ScanDirection="FORWARD" ForcedIndex="false" NoExpandHint="false">
                                                                                                <DefinedValues>
                                                                                                  <DefinedValue>
                                                                                                    <ColumnReference Database="[servicetrax_dev]" Schema="[dbo]" Table="[JOBS]" Alias="[j]" Column="JOB_TYPE_ID" />
                                                                                                  </DefinedValue>
                                                                                                  <DefinedValue>
                                                                                                    <ColumnReference Database="[servicetrax_dev]" Schema="[dbo]" Table="[JOBS]" Alias="[j]" Column="JOB_STATUS_TYPE_ID" />
                                                                                                  </DefinedValue>
                                                                                                  <DefinedValue>
                                                                                                    <ColumnReference Database="[servicetrax_dev]" Schema="[dbo]" Table="[JOBS]" Alias="[j]" Column="CUSTOMER_ID" />
                                                                                                  </DefinedValue>
                                                                                                  <DefinedValue>
                                                                                                    <ColumnReference Database="[servicetrax_dev]" Schema="[dbo]" Table="[JOBS]" Alias="[j]" Column="BILLING_USER_ID" />
                                                                                                  </DefinedValue>
                                                                                                  <DefinedValue>
                                                                                                    <ColumnReference Database="[servicetrax_dev]" Schema="[dbo]" Table="[JOBS]" Alias="[j]" Column="CREATED_BY" />
                                                                                                  </DefinedValue>
                                                                                                </DefinedValues>
                                                                                                <Object Database="[servicetrax_dev]" Schema="[dbo]" Table="[JOBS]" Index="[PK_JOBS]" Alias="[j]" TableReferenceId="3" />
                                                                                                <SeekPredicates>
                                                                                                  <SeekPredicate>
                                                                                                    <Prefix ScanType="EQ">
                                                                                                      <RangeColumns>
                                                                                                        <ColumnReference Database="[servicetrax_dev]" Schema="[dbo]" Table="[JOBS]" Alias="[j]" Column="JOB_ID" />
                                                                                                      </RangeColumns>
                                                                                                      <RangeExpressions>
                                                                                                        <ScalarOperator ScalarString="[servicetrax_dev].[dbo].[INVOICES].[JOB_ID]">
                                                                                                          <Identifier>
                                                                                                            <ColumnReference Database="[servicetrax_dev]" Schema="[dbo]" Table="[INVOICES]" Column="JOB_ID" />
                                                                                                          </Identifier>
                                                                                                        </ScalarOperator>
                                                                                                      </RangeExpressions>
                                                                                                    </Prefix>
                                                                                                  </SeekPredicate>
                                                                                                </SeekPredicates>
                                                                                              </IndexScan>
                                                                                            </RelOp>
                                                                                          </NestedLoops>
                                                                                        </RelOp>
                                                                                        <RelOp AvgRowSize="9" EstimateCPU="0.0001581" EstimateIO="0.003125" EstimateRebinds="0" EstimateRewinds="0" EstimateRows="1" LogicalOp="Index Seek" NodeId="147" Parallel="false" PhysicalOp="Index Seek" EstimatedTotalSubtreeCost="0.0032831">
                                                                                          <OutputList />
                                                                                          <RunTimeInformation>
                                                                                            <RunTimeCountersPerThread Thread="0" ActualRows="1" ActualEndOfScans="0" ActualExecutions="1" />
                                                                                          </RunTimeInformation>
                                                                                          <IndexScan Ordered="true" ScanDirection="FORWARD" ForcedIndex="false" NoExpandHint="false">
                                                                                            <DefinedValues />
                                                                                            <Object Database="[servicetrax_dev]" Schema="[dbo]" Table="[LOOKUPS]" Index="[IX_L_LID_NAME]" Alias="[job_status_type]" TableReferenceId="3" />
                                                                                            <SeekPredicates>
                                                                                              <SeekPredicate>
                                                                                                <Prefix ScanType="EQ">
                                                                                                  <RangeColumns>
                                                                                                    <ColumnReference Database="[servicetrax_dev]" Schema="[dbo]" Table="[LOOKUPS]" Alias="[job_status_type]" Column="LOOKUP_ID" />
                                                                                                  </RangeColumns>
                                                                                                  <RangeExpressions>
                                                                                                    <ScalarOperator ScalarString="[servicetrax_dev].[dbo].[JOBS].[JOB_STATUS_TYPE_ID] as [j].[JOB_STATUS_TYPE_ID]">
                                                                                                      <Identifier>
                                                                                                        <ColumnReference Database="[servicetrax_dev]" Schema="[dbo]" Table="[JOBS]" Alias="[j]" Column="JOB_STATUS_TYPE_ID" />
                                                                                                      </Identifier>
                                                                                                    </ScalarOperator>
                                                                                                  </RangeExpressions>
                                                                                                </Prefix>
                                                                                              </SeekPredicate>
                                                                                            </SeekPredicates>
                                                                                          </IndexScan>
                                                                                        </RelOp>
                                                                                      </NestedLoops>
                                                                                    </RelOp>
                                                                                    <RelOp AvgRowSize="19" EstimateCPU="0.0001581" EstimateIO="0.003125" EstimateRebinds="0" EstimateRewinds="0" EstimateRows="1" LogicalOp="Index Seek" NodeId="148" Parallel="false" PhysicalOp="Index Seek" EstimatedTotalSubtreeCost="0.0032831">
                                                                                      <OutputList>
                                                                                        <ColumnReference Database="[servicetrax_dev]" Schema="[dbo]" Table="[LOOKUPS]" Alias="[job_type]" Column="NAME" />
                                                                                      </OutputList>
                                                                                      <RunTimeInformation>
                                                                                        <RunTimeCountersPerThread Thread="0" ActualRows="1" ActualEndOfScans="0" ActualExecutions="1" />
                                                                                      </RunTimeInformation>
                                                                                      <IndexScan Ordered="true" ScanDirection="FORWARD" ForcedIndex="false" NoExpandHint="false">
                                                                                        <DefinedValues>
                                                                                          <DefinedValue>
                                                                                            <ColumnReference Database="[servicetrax_dev]" Schema="[dbo]" Table="[LOOKUPS]" Alias="[job_type]" Column="NAME" />
                                                                                          </DefinedValue>
                                                                                        </DefinedValues>
                                                                                        <Object Database="[servicetrax_dev]" Schema="[dbo]" Table="[LOOKUPS]" Index="[IX_L_LID_NAME]" Alias="[job_type]" TableReferenceId="3" />
                                                                                        <SeekPredicates>
                                                                                          <SeekPredicate>
                                                                                            <Prefix ScanType="EQ">
                                                                                              <RangeColumns>
                                                                                                <ColumnReference Database="[servicetrax_dev]" Schema="[dbo]" Table="[LOOKUPS]" Alias="[job_type]" Column="LOOKUP_ID" />
                                                                                              </RangeColumns>
                                                                                              <RangeExpressions>
                                                                                                <ScalarOperator ScalarString="[servicetrax_dev].[dbo].[JOBS].[JOB_TYPE_ID] as [j].[JOB_TYPE_ID]">
                                                                                                  <Identifier>
                                                                                                    <ColumnReference Database="[servicetrax_dev]" Schema="[dbo]" Table="[JOBS]" Alias="[j]" Column="JOB_TYPE_ID" />
                                                                                                  </Identifier>
                                                                                                </ScalarOperator>
                                                                                              </RangeExpressions>
                                                                                            </Prefix>
                                                                                          </SeekPredicate>
                                                                                        </SeekPredicates>
                                                                                      </IndexScan>
                                                                                    </RelOp>
                                                                                  </NestedLoops>
                                                                                </RelOp>
                                                                                <RelOp AvgRowSize="9" EstimateCPU="0.0001581" EstimateIO="0.003125" EstimateRebinds="0" EstimateRewinds="0" EstimateRows="1" LogicalOp="Clustered Index Seek" NodeId="149" Parallel="false" PhysicalOp="Clustered Index Seek" EstimatedTotalSubtreeCost="0.0032831">
                                                                                  <OutputList />
                                                                                  <RunTimeInformation>
                                                                                    <RunTimeCountersPerThread Thread="0" ActualRows="1" ActualEndOfScans="0" ActualExecutions="1" />
                                                                                  </RunTimeInformation>
                                                                                  <IndexScan Ordered="true" ScanDirection="FORWARD" ForcedIndex="false" NoExpandHint="false">
                                                                                    <DefinedValues />
                                                                                    <Object Database="[servicetrax_dev]" Schema="[dbo]" Table="[USERS]" Index="[PK_USERS]" Alias="[created_by]" TableReferenceId="3" />
                                                                                    <SeekPredicates>
                                                                                      <SeekPredicate>
                                                                                        <Prefix ScanType="EQ">
                                                                                          <RangeColumns>
                                                                                            <ColumnReference Database="[servicetrax_dev]" Schema="[dbo]" Table="[USERS]" Alias="[created_by]" Column="USER_ID" />
                                                                                          </RangeColumns>
                                                                                          <RangeExpressions>
                                                                                            <ScalarOperator ScalarString="[servicetrax_dev].[dbo].[JOBS].[CREATED_BY] as [j].[CREATED_BY]">
                                                                                              <Identifier>
                                                                                                <ColumnReference Database="[servicetrax_dev]" Schema="[dbo]" Table="[JOBS]" Alias="[j]" Column="CREATED_BY" />
                                                                                              </Identifier>
                                                                                            </ScalarOperator>
                                                                                          </RangeExpressions>
                                                                                        </Prefix>
                                                                                      </SeekPredicate>
                                                                                    </SeekPredicates>
                                                                                  </IndexScan>
                                                                                </RelOp>
                                                                              </NestedLoops>
                                                                            </RelOp>
                                                                            <RelOp AvgRowSize="92" EstimateCPU="0.0001581" EstimateIO="0.003125" EstimateRebinds="0" EstimateRewinds="0" EstimateRows="1" LogicalOp="Clustered Index Seek" NodeId="150" Parallel="false" PhysicalOp="Clustered Index Seek" EstimatedTotalSubtreeCost="0.0032831">
                                                                              <OutputList>
                                                                                <ColumnReference Database="[servicetrax_dev]" Schema="[dbo]" Table="[CUSTOMERS]" Alias="[c]" Column="EXT_DEALER_ID" />
                                                                                <ColumnReference Database="[servicetrax_dev]" Schema="[dbo]" Table="[CUSTOMERS]" Alias="[c]" Column="DEALER_NAME" />
                                                                                <ColumnReference Database="[servicetrax_dev]" Schema="[dbo]" Table="[CUSTOMERS]" Alias="[c]" Column="EXT_CUSTOMER_ID" />
                                                                                <ColumnReference Database="[servicetrax_dev]" Schema="[dbo]" Table="[CUSTOMERS]" Alias="[c]" Column="CUSTOMER_NAME" />
                                                                                <ColumnReference Database="[servicetrax_dev]" Schema="[dbo]" Table="[CUSTOMERS]" Alias="[c]" Column="customer_type_id" />
                                                                                <ColumnReference Database="[servicetrax_dev]" Schema="[dbo]" Table="[CUSTOMERS]" Alias="[c]" Column="end_user_parent_id" />
                                                                              </OutputList>
                                                                              <RunTimeInformation>
                                                                                <RunTimeCountersPerThread Thread="0" ActualRows="1" ActualEndOfScans="0" ActualExecutions="1" />
                                                                              </RunTimeInformation>
                                                                              <IndexScan Ordered="true" ScanDirection="FORWARD" ForcedIndex="false" NoExpandHint="false">
                                                                                <DefinedValues>
                                                                                  <DefinedValue>
                                                                                    <ColumnReference Database="[servicetrax_dev]" Schema="[dbo]" Table="[CUSTOMERS]" Alias="[c]" Column="EXT_DEALER_ID" />
                                                                                  </DefinedValue>
                                                                                  <DefinedValue>
                                                                                    <ColumnReference Database="[servicetrax_dev]" Schema="[dbo]" Table="[CUSTOMERS]" Alias="[c]" Column="DEALER_NAME" />
                                                                                  </DefinedValue>
                                                                                  <DefinedValue>
                                                                                    <ColumnReference Database="[servicetrax_dev]" Schema="[dbo]" Table="[CUSTOMERS]" Alias="[c]" Column="EXT_CUSTOMER_ID" />
                                                                                  </DefinedValue>
                                                                                  <DefinedValue>
                                                                                    <ColumnReference Database="[servicetrax_dev]" Schema="[dbo]" Table="[CUSTOMERS]" Alias="[c]" Column="CUSTOMER_NAME" />
                                                                                  </DefinedValue>
                                                                                  <DefinedValue>
                                                                                    <ColumnReference Database="[servicetrax_dev]" Schema="[dbo]" Table="[CUSTOMERS]" Alias="[c]" Column="customer_type_id" />
                                                                                  </DefinedValue>
                                                                                  <DefinedValue>
                                                                                    <ColumnReference Database="[servicetrax_dev]" Schema="[dbo]" Table="[CUSTOMERS]" Alias="[c]" Column="end_user_parent_id" />
                                                                                  </DefinedValue>
                                                                                </DefinedValues>
                                                                                <Object Database="[servicetrax_dev]" Schema="[dbo]" Table="[CUSTOMERS]" Index="[PK_CUSTOMERS]" Alias="[c]" TableReferenceId="3" />
                                                                                <SeekPredicates>
                                                                                  <SeekPredicate>
                                                                                    <Prefix ScanType="EQ">
                                                                                      <RangeColumns>
                                                                                        <ColumnReference Database="[servicetrax_dev]" Schema="[dbo]" Table="[CUSTOMERS]" Alias="[c]" Column="CUSTOMER_ID" />
                                                                                      </RangeColumns>
                                                                                      <RangeExpressions>
                                                                                        <ScalarOperator ScalarString="[servicetrax_dev].[dbo].[JOBS].[CUSTOMER_ID] as [j].[CUSTOMER_ID]">
                                                                                          <Identifier>
                                                                                            <ColumnReference Database="[servicetrax_dev]" Schema="[dbo]" Table="[JOBS]" Alias="[j]" Column="CUSTOMER_ID" />
                                                                                          </Identifier>
                                                                                        </ScalarOperator>
                                                                                      </RangeExpressions>
                                                                                    </Prefix>
                                                                                  </SeekPredicate>
                                                                                </SeekPredicates>
                                                                              </IndexScan>
                                                                            </RelOp>
                                                                          </NestedLoops>
                                                                        </RelOp>
                                                                        <RelOp AvgRowSize="18" EstimateCPU="0.0001581" EstimateIO="0.003125" EstimateRebinds="0" EstimateRewinds="0" EstimateRows="1" LogicalOp="Index Seek" NodeId="151" Parallel="false" PhysicalOp="Index Seek" EstimatedTotalSubtreeCost="0.0032831">
                                                                          <OutputList>
                                                                            <ColumnReference Database="[servicetrax_dev]" Schema="[dbo]" Table="[LOOKUPS]" Alias="[customer_type]" Column="CODE" />
                                                                          </OutputList>
                                                                          <RunTimeInformation>
                                                                            <RunTimeCountersPerThread Thread="0" ActualRows="1" ActualEndOfScans="0" ActualExecutions="1" />
                                                                          </RunTimeInformation>
                                                                          <IndexScan Ordered="true" ScanDirection="FORWARD" ForcedIndex="false" NoExpandHint="false">
                                                                            <DefinedValues>
                                                                              <DefinedValue>
                                                                                <ColumnReference Database="[servicetrax_dev]" Schema="[dbo]" Table="[LOOKUPS]" Alias="[customer_type]" Column="CODE" />
                                                                              </DefinedValue>
                                                                            </DefinedValues>
                                                                            <Object Database="[servicetrax_dev]" Schema="[dbo]" Table="[LOOKUPS]" Index="[IX_L_LID_CODE]" Alias="[customer_type]" TableReferenceId="3" />
                                                                            <SeekPredicates>
                                                                              <SeekPredicate>
                                                                                <Prefix ScanType="EQ">
                                                                                  <RangeColumns>
                                                                                    <ColumnReference Database="[servicetrax_dev]" Schema="[dbo]" Table="[LOOKUPS]" Alias="[customer_type]" Column="LOOKUP_ID" />
                                                                                  </RangeColumns>
                                                                                  <RangeExpressions>
                                                                                    <ScalarOperator ScalarString="[servicetrax_dev].[dbo].[CUSTOMERS].[customer_type_id] as [c].[customer_type_id]">
                                                                                      <Identifier>
                                                                                        <ColumnReference Database="[servicetrax_dev]" Schema="[dbo]" Table="[CUSTOMERS]" Alias="[c]" Column="customer_type_id" />
                                                                                      </Identifier>
                                                                                    </ScalarOperator>
                                                                                  </RangeExpressions>
                                                                                </Prefix>
                                                                              </SeekPredicate>
                                                                            </SeekPredicates>
                                                                          </IndexScan>
                                                                        </RelOp>
                                                                      </NestedLoops>
                                                                    </RelOp>
                                                                    <RelOp AvgRowSize="16" EstimateCPU="0.000161901" EstimateIO="0.003125" EstimateRebinds="0" EstimateRewinds="0" EstimateRows="4.4553" LogicalOp="Index Seek" NodeId="152" Parallel="false" PhysicalOp="Index Seek" EstimatedTotalSubtreeCost="0.0032869">
                                                                      <OutputList>
                                                                        <ColumnReference Database="[servicetrax_dev]" Schema="[dbo]" Table="[INVOICE_LINES]" Column="INVOICE_LINE_ID" />
                                                                      </OutputList>
                                                                      <RunTimeInformation>
                                                                        <RunTimeCountersPerThread Thread="0" ActualRows="0" ActualEndOfScans="1" ActualExecutions="1" />
                                                                      </RunTimeInformation>
                                                                      <IndexScan Ordered="true" ScanDirection="FORWARD" ForcedIndex="false" NoExpandHint="false">
                                                                        <DefinedValues>
                                                                          <DefinedValue>
                                                                            <ColumnReference Database="[servicetrax_dev]" Schema="[dbo]" Table="[INVOICE_LINES]" Column="INVOICE_LINE_ID" />
                                                                          </DefinedValue>
                                                                        </DefinedValues>
                                                                        <Object Database="[servicetrax_dev]" Schema="[dbo]" Table="[INVOICE_LINES]" Index="[IX_IL_INVOICES]" />
                                                                        <SeekPredicates>
                                                                          <SeekPredicate>
                                                                            <Prefix ScanType="EQ">
                                                                              <RangeColumns>
                                                                                <ColumnReference Database="[servicetrax_dev]" Schema="[dbo]" Table="[INVOICE_LINES]" Column="INVOICE_ID" />
                                                                              </RangeColumns>
                                                                              <RangeExpressions>
                                                                                <ScalarOperator ScalarString="[servicetrax_dev].[dbo].[INVOICES].[INVOICE_ID]">
                                                                                  <Identifier>
                                                                                    <ColumnReference Database="[servicetrax_dev]" Schema="[dbo]" Table="[INVOICES]" Column="INVOICE_ID" />
                                                                                  </Identifier>
                                                                                </ScalarOperator>
                                                                              </RangeExpressions>
                                                                            </Prefix>
                                                                          </SeekPredicate>
                                                                        </SeekPredicates>
                                                                      </IndexScan>
                                                                    </RelOp>
                                                                  </NestedLoops>
                                                                </RelOp>
                                                                <RelOp AvgRowSize="38" EstimateCPU="0.0001581" EstimateIO="0.003125" EstimateRebinds="3.4553" EstimateRewinds="0" EstimateRows="1" LogicalOp="Clustered Index Seek" NodeId="154" Parallel="false" PhysicalOp="Clustered Index Seek" EstimatedTotalSubtreeCost="0.011499">
                                                                  <OutputList>
                                                                    <ColumnReference Database="[servicetrax_dev]" Schema="[dbo]" Table="[INVOICE_LINES]" Column="INVOICE_LINE_TYPE_ID" />
                                                                    <ColumnReference Database="[servicetrax_dev]" Schema="[dbo]" Table="[INVOICE_LINES]" Column="UNIT_PRICE" />
                                                                    <ColumnReference Database="[servicetrax_dev]" Schema="[dbo]" Table="[INVOICE_LINES]" Column="QTY" />
                                                                  </OutputList>
                                                                  <RunTimeInformation>
                                                                    <RunTimeCountersPerThread Thread="0" ActualRows="0" ActualEndOfScans="0" ActualExecutions="0" />
                                                                  </RunTimeInformation>
                                                                  <IndexScan Lookup="true" Ordered="true" ScanDirection="FORWARD" ForcedIndex="false" NoExpandHint="false">
                                                                    <DefinedValues>
                                                                      <DefinedValue>
                                                                        <ColumnReference Database="[servicetrax_dev]" Schema="[dbo]" Table="[INVOICE_LINES]" Column="INVOICE_LINE_TYPE_ID" />
                                                                      </DefinedValue>
                                                                      <DefinedValue>
                                                                        <ColumnReference Database="[servicetrax_dev]" Schema="[dbo]" Table="[INVOICE_LINES]" Column="UNIT_PRICE" />
                                                                      </DefinedValue>
                                                                      <DefinedValue>
                                                                        <ColumnReference Database="[servicetrax_dev]" Schema="[dbo]" Table="[INVOICE_LINES]" Column="QTY" />
                                                                      </DefinedValue>
                                                                    </DefinedValues>
                                                                    <Object Database="[servicetrax_dev]" Schema="[dbo]" Table="[INVOICE_LINES]" Index="[IL_PK]" TableReferenceId="-1" />
                                                                    <SeekPredicates>
                                                                      <SeekPredicate>
                                                                        <Prefix ScanType="EQ">
                                                                          <RangeColumns>
                                                                            <ColumnReference Database="[servicetrax_dev]" Schema="[dbo]" Table="[INVOICE_LINES]" Column="INVOICE_LINE_ID" />
                                                                          </RangeColumns>
                                                                          <RangeExpressions>
                                                                            <ScalarOperator ScalarString="[servicetrax_dev].[dbo].[INVOICE_LINES].[INVOICE_LINE_ID]">
                                                                              <Identifier>
                                                                                <ColumnReference Database="[servicetrax_dev]" Schema="[dbo]" Table="[INVOICE_LINES]" Column="INVOICE_LINE_ID" />
                                                                              </Identifier>
                                                                            </ScalarOperator>
                                                                          </RangeExpressions>
                                                                        </Prefix>
                                                                      </SeekPredicate>
                                                                    </SeekPredicates>
                                                                  </IndexScan>
                                                                </RelOp>
                                                              </NestedLoops>
                                                            </RelOp>
                                                          </ComputeScalar>
                                                        </RelOp>
                                                        <RelOp AvgRowSize="30" EstimateCPU="0.0001581" EstimateIO="0.003125" EstimateRebinds="1.97506" EstimateRewinds="1.48025" EstimateRows="1" LogicalOp="Clustered Index Seek" NodeId="165" Parallel="false" PhysicalOp="Clustered Index Seek" EstimatedTotalSubtreeCost="0.00382938">
                                                          <OutputList>
                                                            <ColumnReference Database="[servicetrax_dev]" Schema="[dbo]" Table="[LOOKUPS]" Column="LOOKUP_TYPE_ID" />
                                                            <ColumnReference Database="[servicetrax_dev]" Schema="[dbo]" Table="[LOOKUPS]" Column="CODE" />
                                                            <ColumnReference Database="[servicetrax_dev]" Schema="[dbo]" Table="[LOOKUPS]" Column="ACTIVE_FLAG" />
                                                          </OutputList>
                                                          <RunTimeInformation>
                                                            <RunTimeCountersPerThread Thread="0" ActualRows="0" ActualEndOfScans="0" ActualExecutions="0" />
                                                          </RunTimeInformation>
                                                          <IndexScan Ordered="true" ScanDirection="FORWARD" ForcedIndex="false" NoExpandHint="false">
                                                            <DefinedValues>
                                                              <DefinedValue>
                                                                <ColumnReference Database="[servicetrax_dev]" Schema="[dbo]" Table="[LOOKUPS]" Column="LOOKUP_TYPE_ID" />
                                                              </DefinedValue>
                                                              <DefinedValue>
                                                                <ColumnReference Database="[servicetrax_dev]" Schema="[dbo]" Table="[LOOKUPS]" Column="CODE" />
                                                              </DefinedValue>
                                                              <DefinedValue>
                                                                <ColumnReference Database="[servicetrax_dev]" Schema="[dbo]" Table="[LOOKUPS]" Column="ACTIVE_FLAG" />
                                                              </DefinedValue>
                                                            </DefinedValues>
                                                            <Object Database="[servicetrax_dev]" Schema="[dbo]" Table="[LOOKUPS]" Index="[PK_LOOKUPS]" TableReferenceId="2" />
                                                            <SeekPredicates>
                                                              <SeekPredicate>
                                                                <Prefix ScanType="EQ">
                                                                  <RangeColumns>
                                                                    <ColumnReference Database="[servicetrax_dev]" Schema="[dbo]" Table="[LOOKUPS]" Column="LOOKUP_ID" />
                                                                  </RangeColumns>
                                                                  <RangeExpressions>
                                                                    <ScalarOperator ScalarString="[servicetrax_dev].[dbo].[INVOICE_LINES].[INVOICE_LINE_TYPE_ID]">
                                                                      <Identifier>
                                                                        <ColumnReference Database="[servicetrax_dev]" Schema="[dbo]" Table="[INVOICE_LINES]" Column="INVOICE_LINE_TYPE_ID" />
                                                                      </Identifier>
                                                                    </ScalarOperator>
                                                                  </RangeExpressions>
                                                                </Prefix>
                                                              </SeekPredicate>
                                                            </SeekPredicates>
                                                            <Predicate>
                                                              <ScalarOperator ScalarString="[servicetrax_dev].[dbo].[LOOKUPS].[CODE]='custom' AND [servicetrax_dev].[dbo].[LOOKUPS].[ACTIVE_FLAG]&lt;&gt;'N'">
                                                                <Logical Operation="AND">
                                                                  <ScalarOperator>
                                                                    <Compare CompareOp="EQ">
                                                                      <ScalarOperator>
                                                                        <Identifier>
                                                                          <ColumnReference Database="[servicetrax_dev]" Schema="[dbo]" Table="[LOOKUPS]" Column="CODE" />
                                                                        </Identifier>
                                                                      </ScalarOperator>
                                                                      <ScalarOperator>
                                                                        <Const ConstValue="'custom'" />
                                                                      </ScalarOperator>
                                                                    </Compare>
                                                                  </ScalarOperator>
                                                                  <ScalarOperator>
                                                                    <Compare CompareOp="NE">
                                                                      <ScalarOperator>
                                                                        <Identifier>
                                                                          <ColumnReference Database="[servicetrax_dev]" Schema="[dbo]" Table="[LOOKUPS]" Column="ACTIVE_FLAG" />
                                                                        </Identifier>
                                                                      </ScalarOperator>
                                                                      <ScalarOperator>
                                                                        <Const ConstValue="'N'" />
                                                                      </ScalarOperator>
                                                                    </Compare>
                                                                  </ScalarOperator>
                                                                </Logical>
                                                              </ScalarOperator>
                                                            </Predicate>
                                                          </IndexScan>
                                                        </RelOp>
                                                      </NestedLoops>
                                                    </RelOp>
                                                    <RelOp AvgRowSize="29" EstimateCPU="0.0001581" EstimateIO="0.003125" EstimateRebinds="0" EstimateRewinds="1.33365" EstimateRows="1" LogicalOp="Clustered Index Seek" NodeId="166" Parallel="false" PhysicalOp="Clustered Index Seek" EstimatedTotalSubtreeCost="0.00349395">
                                                      <OutputList>
                                                        <ColumnReference Database="[servicetrax_dev]" Schema="[dbo]" Table="[LOOKUP_TYPES]" Column="CODE" />
                                                        <ColumnReference Database="[servicetrax_dev]" Schema="[dbo]" Table="[LOOKUP_TYPES]" Column="ACTIVE_FLAG" />
                                                      </OutputList>
                                                      <RunTimeInformation>
                                                        <RunTimeCountersPerThread Thread="0" ActualRows="0" ActualEndOfScans="0" ActualExecutions="0" />
                                                      </RunTimeInformation>
                                                      <IndexScan Ordered="true" ScanDirection="FORWARD" ForcedIndex="false" NoExpandHint="false">
                                                        <DefinedValues>
                                                          <DefinedValue>
                                                            <ColumnReference Database="[servicetrax_dev]" Schema="[dbo]" Table="[LOOKUP_TYPES]" Column="CODE" />
                                                          </DefinedValue>
                                                          <DefinedValue>
                                                            <ColumnReference Database="[servicetrax_dev]" Schema="[dbo]" Table="[LOOKUP_TYPES]" Column="ACTIVE_FLAG" />
                                                          </DefinedValue>
                                                        </DefinedValues>
                                                        <Object Database="[servicetrax_dev]" Schema="[dbo]" Table="[LOOKUP_TYPES]" Index="[PK_LOOKUP_TYPES]" TableReferenceId="2" />
                                                        <SeekPredicates>
                                                          <SeekPredicate>
                                                            <Prefix ScanType="EQ">
                                                              <RangeColumns>
                                                                <ColumnReference Database="[servicetrax_dev]" Schema="[dbo]" Table="[LOOKUP_TYPES]" Column="LOOKUP_TYPE_ID" />
                                                              </RangeColumns>
                                                              <RangeExpressions>
                                                                <ScalarOperator ScalarString="[servicetrax_dev].[dbo].[LOOKUPS].[LOOKUP_TYPE_ID]">
                                                                  <Identifier>
                                                                    <ColumnReference Database="[servicetrax_dev]" Schema="[dbo]" Table="[LOOKUPS]" Column="LOOKUP_TYPE_ID" />
                                                                  </Identifier>
                                                                </ScalarOperator>
                                                              </RangeExpressions>
                                                            </Prefix>
                                                          </SeekPredicate>
                                                        </SeekPredicates>
                                                        <Predicate>
                                                          <ScalarOperator ScalarString="[servicetrax_dev].[dbo].[LOOKUP_TYPES].[CODE]='invoice_line_type' AND [servicetrax_dev].[dbo].[LOOKUP_TYPES].[ACTIVE_FLAG]&lt;&gt;'N'">
                                                            <Logical Operation="AND">
                                                              <ScalarOperator>
                                                                <Compare CompareOp="EQ">
                                                                  <ScalarOperator>
                                                                    <Identifier>
                                                                      <ColumnReference Database="[servicetrax_dev]" Schema="[dbo]" Table="[LOOKUP_TYPES]" Column="CODE" />
                                                                    </Identifier>
                                                                  </ScalarOperator>
                                                                  <ScalarOperator>
                                                                    <Const ConstValue="'invoice_line_type'" />
                                                                  </ScalarOperator>
                                                                </Compare>
                                                              </ScalarOperator>
                                                              <ScalarOperator>
                                                                <Compare CompareOp="NE">
                                                                  <ScalarOperator>
                                                                    <Identifier>
                                                                      <ColumnReference Database="[servicetrax_dev]" Schema="[dbo]" Table="[LOOKUP_TYPES]" Column="ACTIVE_FLAG" />
                                                                    </Identifier>
                                                                  </ScalarOperator>
                                                                  <ScalarOperator>
                                                                    <Const ConstValue="'N'" />
                                                                  </ScalarOperator>
                                                                </Compare>
                                                              </ScalarOperator>
                                                            </Logical>
                                                          </ScalarOperator>
                                                        </Predicate>
                                                      </IndexScan>
                                                    </RelOp>
                                                  </NestedLoops>
                                                </RelOp>
                                                <RelOp AvgRowSize="11" EstimateCPU="1E-07" EstimateIO="0" EstimateRebinds="0" EstimateRewinds="1.42609" EstimateRows="1" LogicalOp="Compute Scalar" NodeId="167" Parallel="false" PhysicalOp="Compute Scalar" EstimatedTotalSubtreeCost="0.00703026">
                                                  <OutputList>
                                                    <ColumnReference Column="Expr1228" />
                                                  </OutputList>
                                                  <ComputeScalar>
                                                    <DefinedValues>
                                                      <DefinedValue>
                                                        <ColumnReference Column="Expr1228" />
                                                        <ScalarOperator ScalarString="CASE WHEN [Expr1227]='*' THEN '*' ELSE '' END">
                                                          <IF>
                                                            <Condition>
                                                              <ScalarOperator>
                                                                <Compare CompareOp="EQ">
                                                                  <ScalarOperator>
                                                                    <Identifier>
                                                                      <ColumnReference Column="Expr1227" />
                                                                    </Identifier>
                                                                  </ScalarOperator>
                                                                  <ScalarOperator>
                                                                    <Const ConstValue="'*'" />
                                                                  </ScalarOperator>
                                                                </Compare>
                                                              </ScalarOperator>
                                                            </Condition>
                                                            <Then>
                                                              <ScalarOperator>
                                                                <Const ConstValue="'*'" />
                                                              </ScalarOperator>
                                                            </Then>
                                                            <Else>
                                                              <ScalarOperator>
                                                                <Const ConstValue="''" />
                                                              </ScalarOperator>
                                                            </Else>
                                                          </IF>
                                                        </ScalarOperator>
                                                      </DefinedValue>
                                                    </DefinedValues>
                                                    <RelOp AvgRowSize="11" EstimateCPU="4.18E-06" EstimateIO="0" EstimateRebinds="0" EstimateRewinds="1.42609" EstimateRows="1" LogicalOp="Left Outer Join" NodeId="168" Parallel="false" PhysicalOp="Nested Loops" EstimatedTotalSubtreeCost="0.00703002">
                                                      <OutputList>
                                                        <ColumnReference Column="Expr1227" />
                                                      </OutputList>
                                                      <RunTimeInformation>
                                                        <RunTimeCountersPerThread Thread="0" ActualRows="0" ActualEndOfScans="0" ActualExecutions="0" />
                                                      </RunTimeInformation>
                                                      <NestedLoops Optimized="false">
                                                        <OuterReferences>
                                                          <ColumnReference Database="[servicetrax_dev]" Schema="[dbo]" Table="[INVOICES]" Alias="[i]" Column="INVOICE_ID" />
                                                        </OuterReferences>
                                                        <RelOp AvgRowSize="16" EstimateCPU="0.0001581" EstimateIO="0.003125" EstimateRebinds="0" EstimateRewinds="1.42609" EstimateRows="1" LogicalOp="Clustered Index Seek" NodeId="169" Parallel="false" PhysicalOp="Clustered Index Seek" EstimatedTotalSubtreeCost="0.00350856">
                                                          <OutputList>
                                                            <ColumnReference Database="[servicetrax_dev]" Schema="[dbo]" Table="[INVOICES]" Alias="[i]" Column="INVOICE_ID" />
                                                          </OutputList>
                                                          <RunTimeInformation>
                                                            <RunTimeCountersPerThread Thread="0" ActualRows="0" ActualEndOfScans="0" ActualExecutions="0" />
                                                          </RunTimeInformation>
                                                          <IndexScan Ordered="true" ScanDirection="FORWARD" ForcedIndex="false" NoExpandHint="false">
                                                            <DefinedValues>
                                                              <DefinedValue>
                                                                <ColumnReference Database="[servicetrax_dev]" Schema="[dbo]" Table="[INVOICES]" Alias="[i]" Column="INVOICE_ID" />
                                                              </DefinedValue>
                                                            </DefinedValues>
                                                            <Object Database="[servicetrax_dev]" Schema="[dbo]" Table="[INVOICES]" Index="[INV_PK]" Alias="[i]" TableReferenceId="3" />
                                                            <SeekPredicates>
                                                              <SeekPredicate>
                                                                <Prefix ScanType="EQ">
                                                                  <RangeColumns>
                                                                    <ColumnReference Database="[servicetrax_dev]" Schema="[dbo]" Table="[INVOICES]" Alias="[i]" Column="INVOICE_ID" />
                                                                  </RangeColumns>
                                                                  <RangeExpressions>
                                                                    <ScalarOperator ScalarString="[servicetrax_dev].[dbo].[INVOICES].[INVOICE_ID]">
                                                                      <Identifier>
                                                                        <ColumnReference Database="[servicetrax_dev]" Schema="[dbo]" Table="[INVOICES]" Column="INVOICE_ID" />
                                                                      </Identifier>
                                                                    </ScalarOperator>
                                                                  </RangeExpressions>
                                                                </Prefix>
                                                              </SeekPredicate>
                                                            </SeekPredicates>
                                                          </IndexScan>
                                                        </RelOp>
                                                        <RelOp AvgRowSize="11" EstimateCPU="1.00967E-06" EstimateIO="0" EstimateRebinds="0" EstimateRewinds="1.42609" EstimateRows="1" LogicalOp="Aggregate" NodeId="170" Parallel="false" PhysicalOp="Stream Aggregate" EstimatedTotalSubtreeCost="0.00351131">
                                                          <OutputList>
                                                            <ColumnReference Column="Expr1227" />
                                                          </OutputList>
                                                          <RunTimeInformation>
                                                            <RunTimeCountersPerThread Thread="0" ActualRows="0" ActualEndOfScans="0" ActualExecutions="0" />
                                                          </RunTimeInformation>
                                                          <StreamAggregate>
                                                            <DefinedValues>
                                                              <DefinedValue>
                                                                <ColumnReference Column="Expr1227" />
                                                                <ScalarOperator ScalarString="ANY([Expr1227])">
                                                                  <Aggregate AggType="ANY" Distinct="false">
                                                                    <ScalarOperator>
                                                                      <Identifier>
                                                                        <ColumnReference Column="Expr1227" />
                                                                      </Identifier>
                                                                    </ScalarOperator>
                                                                  </Aggregate>
                                                                </ScalarOperator>
                                                              </DefinedValue>
                                                            </DefinedValues>
                                                            <RelOp AvgRowSize="11" EstimateCPU="1.01934E-07" EstimateIO="0" EstimateRebinds="0" EstimateRewinds="1.42609" EstimateRows="1.01934" LogicalOp="Compute Scalar" NodeId="171" Parallel="false" PhysicalOp="Compute Scalar" EstimatedTotalSubtreeCost="0.00350886">
                                                              <OutputList>
                                                                <ColumnReference Column="Expr1227" />
                                                              </OutputList>
                                                              <ComputeScalar>
                                                                <DefinedValues>
                                                                  <DefinedValue>
                                                                    <ColumnReference Column="Expr1227" />
                                                                    <ScalarOperator ScalarString="'*'">
                                                                      <Const ConstValue="'*'" />
                                                                    </ScalarOperator>
                                                                  </DefinedValue>
                                                                </DefinedValues>
                                                                <RelOp AvgRowSize="9" EstimateCPU="0.000158121" EstimateIO="0.003125" EstimateRebinds="0" EstimateRewinds="1.42609" EstimateRows="1.01934" LogicalOp="Index Seek" NodeId="172" Parallel="false" PhysicalOp="Index Seek" EstimatedTotalSubtreeCost="0.00350862">
                                                                  <OutputList />
                                                                  <RunTimeInformation>
                                                                    <RunTimeCountersPerThread Thread="0" ActualRows="0" ActualEndOfScans="0" ActualExecutions="0" />
                                                                  </RunTimeInformation>
                                                                  <IndexScan Ordered="true" ScanDirection="FORWARD" ForcedIndex="false" NoExpandHint="false">
                                                                    <DefinedValues />
                                                                    <Object Database="[servicetrax_dev]" Schema="[dbo]" Table="[INVOICE_TRACKING]" Index="[IX_IT_INVOICES]" TableReferenceId="2" />
                                                                    <SeekPredicates>
                                                                      <SeekPredicate>
                                                                        <Prefix ScanType="EQ">
                                                                          <RangeColumns>
                                                                            <ColumnReference Database="[servicetrax_dev]" Schema="[dbo]" Table="[INVOICE_TRACKING]" Column="INVOICE_ID" />
                                                                          </RangeColumns>
                                                                          <RangeExpressions>
                                                                            <ScalarOperator ScalarString="[servicetrax_dev].[dbo].[INVOICES].[INVOICE_ID] as [i].[INVOICE_ID]">
                                                                              <Identifier>
                                                                                <ColumnReference Database="[servicetrax_dev]" Schema="[dbo]" Table="[INVOICES]" Alias="[i]" Column="INVOICE_ID" />
                                                                              </Identifier>
                                                                            </ScalarOperator>
                                                                          </RangeExpressions>
                                                                        </Prefix>
                                                                      </SeekPredicate>
                                                                    </SeekPredicates>
                                                                  </IndexScan>
                                                                </RelOp>
                                                              </ComputeScalar>
                                                            </RelOp>
                                                          </StreamAggregate>
                                                        </RelOp>
                                                      </NestedLoops>
                                                    </RelOp>
                                                  </ComputeScalar>
                                                </RelOp>
                                              </NestedLoops>
                                            </RelOp>
                                            <RelOp AvgRowSize="24" EstimateCPU="0.0001581" EstimateIO="0.003125" EstimateRebinds="1.42609" EstimateRewinds="0" EstimateRows="1" LogicalOp="Clustered Index Seek" NodeId="182" Parallel="false" PhysicalOp="Clustered Index Seek" EstimatedTotalSubtreeCost="0.0058466">
                                              <OutputList>
                                                <ColumnReference Database="[servicetrax_dev]" Schema="[dbo]" Table="[USERS]" Alias="[u_billing]" Column="FIRST_NAME" />
                                                <ColumnReference Database="[servicetrax_dev]" Schema="[dbo]" Table="[USERS]" Alias="[u_billing]" Column="LAST_NAME" />
                                              </OutputList>
                                              <RunTimeInformation>
                                                <RunTimeCountersPerThread Thread="0" ActualRows="0" ActualEndOfScans="0" ActualExecutions="0" />
                                              </RunTimeInformation>
                                              <IndexScan Ordered="true" ScanDirection="FORWARD" ForcedIndex="false" NoExpandHint="false">
                                                <DefinedValues>
                                                  <DefinedValue>
                                                    <ColumnReference Database="[servicetrax_dev]" Schema="[dbo]" Table="[USERS]" Alias="[u_billing]" Column="FIRST_NAME" />
                                                  </DefinedValue>
                                                  <DefinedValue>
                                                    <ColumnReference Database="[servicetrax_dev]" Schema="[dbo]" Table="[USERS]" Alias="[u_billing]" Column="LAST_NAME" />
                                                  </DefinedValue>
                                                </DefinedValues>
                                                <Object Database="[servicetrax_dev]" Schema="[dbo]" Table="[USERS]" Index="[PK_USERS]" Alias="[u_billing]" TableReferenceId="3" />
                                                <SeekPredicates>
                                                  <SeekPredicate>
                                                    <Prefix ScanType="EQ">
                                                      <RangeColumns>
                                                        <ColumnReference Database="[servicetrax_dev]" Schema="[dbo]" Table="[USERS]" Alias="[u_billing]" Column="USER_ID" />
                                                      </RangeColumns>
                                                      <RangeExpressions>
                                                        <ScalarOperator ScalarString="[servicetrax_dev].[dbo].[JOBS].[BILLING_USER_ID] as [j].[BILLING_USER_ID]">
                                                          <Identifier>
                                                            <ColumnReference Database="[servicetrax_dev]" Schema="[dbo]" Table="[JOBS]" Alias="[j]" Column="BILLING_USER_ID" />
                                                          </Identifier>
                                                        </ScalarOperator>
                                                      </RangeExpressions>
                                                    </Prefix>
                                                  </SeekPredicate>
                                                </SeekPredicates>
                                              </IndexScan>
                                            </RelOp>
                                          </NestedLoops>
                                        </RelOp>
                                      </ComputeScalar>
                                    </RelOp>
                                    <RelOp AvgRowSize="28" EstimateCPU="0.0001581" EstimateIO="0.003125" EstimateRebinds="1.42609" EstimateRewinds="0" EstimateRows="1" LogicalOp="Clustered Index Seek" NodeId="186" Parallel="false" PhysicalOp="Clustered Index Seek" EstimatedTotalSubtreeCost="0.00587129">
                                      <OutputList>
                                        <ColumnReference Database="[servicetrax_dev]" Schema="[dbo]" Table="[CUSTOMERS]" Column="CUSTOMER_NAME" />
                                      </OutputList>
                                      <RunTimeInformation>
                                        <RunTimeCountersPerThread Thread="0" ActualRows="0" ActualEndOfScans="0" ActualExecutions="0" />
                                      </RunTimeInformation>
                                      <IndexScan Ordered="true" ScanDirection="FORWARD" ForcedIndex="false" NoExpandHint="false">
                                        <DefinedValues>
                                          <DefinedValue>
                                            <ColumnReference Database="[servicetrax_dev]" Schema="[dbo]" Table="[CUSTOMERS]" Column="CUSTOMER_NAME" />
                                          </DefinedValue>
                                        </DefinedValues>
                                        <Object Database="[servicetrax_dev]" Schema="[dbo]" Table="[CUSTOMERS]" Index="[PK_CUSTOMERS]" TableReferenceId="3" />
                                        <SeekPredicates>
                                          <SeekPredicate>
                                            <Prefix ScanType="EQ">
                                              <RangeColumns>
                                                <ColumnReference Database="[servicetrax_dev]" Schema="[dbo]" Table="[CUSTOMERS]" Column="CUSTOMER_ID" />
                                              </RangeColumns>
                                              <RangeExpressions>
                                                <ScalarOperator ScalarString="[servicetrax_dev].[dbo].[CUSTOMERS].[end_user_parent_id] as [c].[end_user_parent_id]">
                                                  <Identifier>
                                                    <ColumnReference Database="[servicetrax_dev]" Schema="[dbo]" Table="[CUSTOMERS]" Alias="[c]" Column="end_user_parent_id" />
                                                  </Identifier>
                                                </ScalarOperator>
                                              </RangeExpressions>
                                            </Prefix>
                                          </SeekPredicate>
                                        </SeekPredicates>
                                      </IndexScan>
                                    </RelOp>
                                  </NestedLoops>
                                </RelOp>
                              </ComputeScalar>
                            </RelOp>
                          </Concat>
                        </RelOp>
                      </Sort>
                    </RelOp>
                  </StreamAggregate>
                </RelOp>
              </ComputeScalar>
            </RelOp>
          </QueryPlan>
        </StmtSimple>
      </Statements>
    </Batch>
  </BatchSequence>
</ShowPlanXML>