<?xml version="1.0" encoding="utf-16"?>
<ShowPlanXML xmlns:xsi="http://www.w3.org/2001/XMLSchema-instance" xmlns:xsd="http://www.w3.org/2001/XMLSchema" Version="1.0" Build="9.00.3054.00" xmlns="http://schemas.microsoft.com/sqlserver/2004/07/showplan">
  <BatchSequence>
    <Batch>
      <Statements>
        <StmtSimple StatementCompId="1" StatementEstRows="1.31487" StatementId="1" StatementOptmLevel="FULL" StatementSubTreeCost="0.198164" StatementText="SELECT bill_job_id, item_name, bill_rate, job_item_status_id, quote_total, quote_id, quoted_total, is_new,&#xD;&#xA;			      sum(bill_hourly_qty) sum_bill_hourly_qty,&#xD;&#xA;			      sum(payroll_qty) sum_payroll_qty,&#xD;&#xA;			      sum(bill_hourly_total) bill_hourly_total,&#xD;&#xA;			      sum(bill_exp_qty) sum_bill_exp_qty,&#xD;&#xA;			      sum(bill_exp_total) bill_exp_total,&#xD;&#xA;			      sum(bill_total) bill_total&#xD;&#xA;			 FROM billing_v&#xD;&#xA;			WHERE bill_job_id =  70867 &#xD;&#xA;			  AND status_id =  4 &#xD;&#xA;			  AND invoice_id IS NULL and billable_flag =  'Y' &#xD;&#xA;		      AND (item_type_code =  null  or  null  is null)&#xD;&#xA;	     GROUP BY bill_job_id, job_item_status_id, item_name, bill_rate, quote_id, quote_total, quoted_total, is_new&#xD;&#xA;		 ORDER BY item_name" StatementType="SELECT">
          <StatementSetOptions ANSI_NULLS="false" ANSI_PADDING="false" ANSI_WARNINGS="false" ARITHABORT="true" CONCAT_NULL_YIELDS_NULL="false" NUMERIC_ROUNDABORT="false" QUOTED_IDENTIFIER="false" />
          <QueryPlan DegreeOfParallelism="1" MemoryGrant="204" CachedPlanSize="209" CompileTime="69" CompileCPU="57" CompileMemory="3616">
            <RelOp AvgRowSize="224" EstimateCPU="1.44636E-06" EstimateIO="0" EstimateRebinds="0" EstimateRewinds="0" EstimateRows="1.31487" LogicalOp="Compute Scalar" NodeId="0" Parallel="false" PhysicalOp="Compute Scalar" EstimatedTotalSubtreeCost="0.198164">
              <OutputList>
                <ColumnReference Database="[servicetrax_dev]" Schema="[dbo]" Table="[SERVICE_LINES]" Alias="[sl]" Column="BILL_JOB_ID" />
                <ColumnReference Database="[servicetrax_dev]" Schema="[dbo]" Table="[SERVICE_LINES]" Alias="[sl]" Column="ITEM_NAME" />
                <ColumnReference Database="[servicetrax_dev]" Schema="[dbo]" Table="[SERVICE_LINES]" Alias="[sl]" Column="BILL_RATE" />
                <ColumnReference Database="[servicetrax_dev]" Schema="[dbo]" Table="[SERVICES]" Alias="[s]" Column="QUOTE_ID" />
                <ColumnReference Database="[servicetrax_dev]" Schema="[dbo]" Table="[SERVICES]" Alias="[s]" Column="QUOTE_TOTAL" />
                <ColumnReference Column="Expr1058" />
                <ColumnReference Column="Expr1064" />
                <ColumnReference Column="Expr1065" />
                <ColumnReference Column="Expr1066" />
                <ColumnReference Column="Expr1067" />
                <ColumnReference Column="Expr1068" />
                <ColumnReference Column="Expr1069" />
                <ColumnReference Column="Expr1070" />
                <ColumnReference Column="Expr1071" />
              </OutputList>
              <ComputeScalar>
                <DefinedValues>
                  <DefinedValue>
                    <ColumnReference Column="Expr1066" />
                    <ScalarOperator ScalarString="CASE WHEN [Expr1080]=(0) THEN NULL ELSE [Expr1081] END">
                      <IF>
                        <Condition>
                          <ScalarOperator>
                            <Compare CompareOp="EQ">
                              <ScalarOperator>
                                <Identifier>
                                  <ColumnReference Column="Expr1080" />
                                </Identifier>
                              </ScalarOperator>
                              <ScalarOperator>
                                <Const ConstValue="(0)" />
                              </ScalarOperator>
                            </Compare>
                          </ScalarOperator>
                        </Condition>
                        <Then>
                          <ScalarOperator>
                            <Const ConstValue="NULL" />
                          </ScalarOperator>
                        </Then>
                        <Else>
                          <ScalarOperator>
                            <Identifier>
                              <ColumnReference Column="Expr1081" />
                            </Identifier>
                          </ScalarOperator>
                        </Else>
                      </IF>
                    </ScalarOperator>
                  </DefinedValue>
                  <DefinedValue>
                    <ColumnReference Column="Expr1067" />
                    <ScalarOperator ScalarString="CASE WHEN [Expr1082]=(0) THEN NULL ELSE [Expr1083] END">
                      <IF>
                        <Condition>
                          <ScalarOperator>
                            <Compare CompareOp="EQ">
                              <ScalarOperator>
                                <Identifier>
                                  <ColumnReference Column="Expr1082" />
                                </Identifier>
                              </ScalarOperator>
                              <ScalarOperator>
                                <Const ConstValue="(0)" />
                              </ScalarOperator>
                            </Compare>
                          </ScalarOperator>
                        </Condition>
                        <Then>
                          <ScalarOperator>
                            <Const ConstValue="NULL" />
                          </ScalarOperator>
                        </Then>
                        <Else>
                          <ScalarOperator>
                            <Identifier>
                              <ColumnReference Column="Expr1083" />
                            </Identifier>
                          </ScalarOperator>
                        </Else>
                      </IF>
                    </ScalarOperator>
                  </DefinedValue>
                  <DefinedValue>
                    <ColumnReference Column="Expr1069" />
                    <ScalarOperator ScalarString="CASE WHEN [Expr1084]=(0) THEN NULL ELSE [Expr1085] END">
                      <IF>
                        <Condition>
                          <ScalarOperator>
                            <Compare CompareOp="EQ">
                              <ScalarOperator>
                                <Identifier>
                                  <ColumnReference Column="Expr1084" />
                                </Identifier>
                              </ScalarOperator>
                              <ScalarOperator>
                                <Const ConstValue="(0)" />
                              </ScalarOperator>
                            </Compare>
                          </ScalarOperator>
                        </Condition>
                        <Then>
                          <ScalarOperator>
                            <Const ConstValue="NULL" />
                          </ScalarOperator>
                        </Then>
                        <Else>
                          <ScalarOperator>
                            <Identifier>
                              <ColumnReference Column="Expr1085" />
                            </Identifier>
                          </ScalarOperator>
                        </Else>
                      </IF>
                    </ScalarOperator>
                  </DefinedValue>
                </DefinedValues>
                <RelOp AvgRowSize="224" EstimateCPU="1.44636E-06" EstimateIO="0" EstimateRebinds="0" EstimateRewinds="0" EstimateRows="1.31487" LogicalOp="Aggregate" NodeId="1" Parallel="false" PhysicalOp="Stream Aggregate" EstimatedTotalSubtreeCost="0.198164">
                  <OutputList>
                    <ColumnReference Database="[servicetrax_dev]" Schema="[dbo]" Table="[SERVICE_LINES]" Alias="[sl]" Column="BILL_JOB_ID" />
                    <ColumnReference Database="[servicetrax_dev]" Schema="[dbo]" Table="[SERVICE_LINES]" Alias="[sl]" Column="ITEM_NAME" />
                    <ColumnReference Database="[servicetrax_dev]" Schema="[dbo]" Table="[SERVICE_LINES]" Alias="[sl]" Column="BILL_RATE" />
                    <ColumnReference Database="[servicetrax_dev]" Schema="[dbo]" Table="[SERVICES]" Alias="[s]" Column="QUOTE_ID" />
                    <ColumnReference Database="[servicetrax_dev]" Schema="[dbo]" Table="[SERVICES]" Alias="[s]" Column="QUOTE_TOTAL" />
                    <ColumnReference Column="Expr1058" />
                    <ColumnReference Column="Expr1064" />
                    <ColumnReference Column="Expr1065" />
                    <ColumnReference Column="Expr1068" />
                    <ColumnReference Column="Expr1070" />
                    <ColumnReference Column="Expr1071" />
                    <ColumnReference Column="Expr1080" />
                    <ColumnReference Column="Expr1081" />
                    <ColumnReference Column="Expr1082" />
                    <ColumnReference Column="Expr1083" />
                    <ColumnReference Column="Expr1084" />
                    <ColumnReference Column="Expr1085" />
                  </OutputList>
                  <RunTimeInformation>
                    <RunTimeCountersPerThread Thread="0" ActualRows="0" ActualEndOfScans="1" ActualExecutions="1" />
                  </RunTimeInformation>
                  <StreamAggregate>
                    <DefinedValues>
                      <DefinedValue>
                        <ColumnReference Column="Expr1080" />
                        <ScalarOperator ScalarString="COUNT_BIG([servicetrax_dev].[dbo].[SERVICE_LINES].[BILL_HOURLY_QTY] as [sl].[BILL_HOURLY_QTY])">
                          <Aggregate AggType="COUNT_BIG" Distinct="false">
                            <ScalarOperator>
                              <Identifier>
                                <ColumnReference Database="[servicetrax_dev]" Schema="[dbo]" Table="[SERVICE_LINES]" Alias="[sl]" Column="BILL_HOURLY_QTY" />
                              </Identifier>
                            </ScalarOperator>
                          </Aggregate>
                        </ScalarOperator>
                      </DefinedValue>
                      <DefinedValue>
                        <ColumnReference Column="Expr1081" />
                        <ScalarOperator ScalarString="SUM([servicetrax_dev].[dbo].[SERVICE_LINES].[BILL_HOURLY_QTY] as [sl].[BILL_HOURLY_QTY])">
                          <Aggregate AggType="SUM" Distinct="false">
                            <ScalarOperator>
                              <Identifier>
                                <ColumnReference Database="[servicetrax_dev]" Schema="[dbo]" Table="[SERVICE_LINES]" Alias="[sl]" Column="BILL_HOURLY_QTY" />
                              </Identifier>
                            </ScalarOperator>
                          </Aggregate>
                        </ScalarOperator>
                      </DefinedValue>
                      <DefinedValue>
                        <ColumnReference Column="Expr1082" />
                        <ScalarOperator ScalarString="COUNT_BIG([servicetrax_dev].[dbo].[SERVICE_LINES].[PAYROLL_QTY] as [sl].[PAYROLL_QTY])">
                          <Aggregate AggType="COUNT_BIG" Distinct="false">
                            <ScalarOperator>
                              <Identifier>
                                <ColumnReference Database="[servicetrax_dev]" Schema="[dbo]" Table="[SERVICE_LINES]" Alias="[sl]" Column="PAYROLL_QTY" />
                              </Identifier>
                            </ScalarOperator>
                          </Aggregate>
                        </ScalarOperator>
                      </DefinedValue>
                      <DefinedValue>
                        <ColumnReference Column="Expr1083" />
                        <ScalarOperator ScalarString="SUM([servicetrax_dev].[dbo].[SERVICE_LINES].[PAYROLL_QTY] as [sl].[PAYROLL_QTY])">
                          <Aggregate AggType="SUM" Distinct="false">
                            <ScalarOperator>
                              <Identifier>
                                <ColumnReference Database="[servicetrax_dev]" Schema="[dbo]" Table="[SERVICE_LINES]" Alias="[sl]" Column="PAYROLL_QTY" />
                              </Identifier>
                            </ScalarOperator>
                          </Aggregate>
                        </ScalarOperator>
                      </DefinedValue>
                      <DefinedValue>
                        <ColumnReference Column="Expr1068" />
                        <ScalarOperator ScalarString="SUM([Expr1074])">
                          <Aggregate AggType="SUM" Distinct="false">
                            <ScalarOperator>
                              <Identifier>
                                <ColumnReference Column="Expr1074" />
                              </Identifier>
                            </ScalarOperator>
                          </Aggregate>
                        </ScalarOperator>
                      </DefinedValue>
                      <DefinedValue>
                        <ColumnReference Column="Expr1084" />
                        <ScalarOperator ScalarString="COUNT_BIG([servicetrax_dev].[dbo].[SERVICE_LINES].[BILL_EXP_QTY] as [sl].[BILL_EXP_QTY])">
                          <Aggregate AggType="COUNT_BIG" Distinct="false">
                            <ScalarOperator>
                              <Identifier>
                                <ColumnReference Database="[servicetrax_dev]" Schema="[dbo]" Table="[SERVICE_LINES]" Alias="[sl]" Column="BILL_EXP_QTY" />
                              </Identifier>
                            </ScalarOperator>
                          </Aggregate>
                        </ScalarOperator>
                      </DefinedValue>
                      <DefinedValue>
                        <ColumnReference Column="Expr1085" />
                        <ScalarOperator ScalarString="SUM([servicetrax_dev].[dbo].[SERVICE_LINES].[BILL_EXP_QTY] as [sl].[BILL_EXP_QTY])">
                          <Aggregate AggType="SUM" Distinct="false">
                            <ScalarOperator>
                              <Identifier>
                                <ColumnReference Database="[servicetrax_dev]" Schema="[dbo]" Table="[SERVICE_LINES]" Alias="[sl]" Column="BILL_EXP_QTY" />
                              </Identifier>
                            </ScalarOperator>
                          </Aggregate>
                        </ScalarOperator>
                      </DefinedValue>
                      <DefinedValue>
                        <ColumnReference Column="Expr1070" />
                        <ScalarOperator ScalarString="SUM([Expr1075])">
                          <Aggregate AggType="SUM" Distinct="false">
                            <ScalarOperator>
                              <Identifier>
                                <ColumnReference Column="Expr1075" />
                              </Identifier>
                            </ScalarOperator>
                          </Aggregate>
                        </ScalarOperator>
                      </DefinedValue>
                      <DefinedValue>
                        <ColumnReference Column="Expr1071" />
                        <ScalarOperator ScalarString="SUM([Expr1076])">
                          <Aggregate AggType="SUM" Distinct="false">
                            <ScalarOperator>
                              <Identifier>
                                <ColumnReference Column="Expr1076" />
                              </Identifier>
                            </ScalarOperator>
                          </Aggregate>
                        </ScalarOperator>
                      </DefinedValue>
                      <DefinedValue>
                        <ColumnReference Database="[servicetrax_dev]" Schema="[dbo]" Table="[SERVICE_LINES]" Alias="[sl]" Column="BILL_JOB_ID" />
                        <ScalarOperator ScalarString="ANY([servicetrax_dev].[dbo].[SERVICE_LINES].[BILL_JOB_ID] as [sl].[BILL_JOB_ID])">
                          <Aggregate AggType="ANY" Distinct="false">
                            <ScalarOperator>
                              <Identifier>
                                <ColumnReference Database="[servicetrax_dev]" Schema="[dbo]" Table="[SERVICE_LINES]" Alias="[sl]" Column="BILL_JOB_ID" />
                              </Identifier>
                            </ScalarOperator>
                          </Aggregate>
                        </ScalarOperator>
                      </DefinedValue>
                    </DefinedValues>
                    <GroupBy>
                      <ColumnReference Database="[servicetrax_dev]" Schema="[dbo]" Table="[SERVICE_LINES]" Alias="[sl]" Column="ITEM_NAME" />
                      <ColumnReference Column="Expr1058" />
                      <ColumnReference Database="[servicetrax_dev]" Schema="[dbo]" Table="[SERVICE_LINES]" Alias="[sl]" Column="BILL_RATE" />
                      <ColumnReference Database="[servicetrax_dev]" Schema="[dbo]" Table="[SERVICES]" Alias="[s]" Column="QUOTE_ID" />
                      <ColumnReference Database="[servicetrax_dev]" Schema="[dbo]" Table="[SERVICES]" Alias="[s]" Column="QUOTE_TOTAL" />
                      <ColumnReference Column="Expr1064" />
                      <ColumnReference Column="Expr1065" />
                    </GroupBy>
                    <RelOp AvgRowSize="200" EstimateCPU="0.00010101" EstimateIO="0.0112613" EstimateRebinds="0" EstimateRewinds="0" EstimateRows="1.31487" LogicalOp="Sort" NodeId="2" Parallel="false" PhysicalOp="Sort" EstimatedTotalSubtreeCost="0.198163">
                      <OutputList>
                        <ColumnReference Database="[servicetrax_dev]" Schema="[dbo]" Table="[SERVICE_LINES]" Alias="[sl]" Column="BILL_JOB_ID" />
                        <ColumnReference Database="[servicetrax_dev]" Schema="[dbo]" Table="[SERVICE_LINES]" Alias="[sl]" Column="ITEM_NAME" />
                        <ColumnReference Database="[servicetrax_dev]" Schema="[dbo]" Table="[SERVICE_LINES]" Alias="[sl]" Column="PAYROLL_QTY" />
                        <ColumnReference Database="[servicetrax_dev]" Schema="[dbo]" Table="[SERVICE_LINES]" Alias="[sl]" Column="BILL_RATE" />
                        <ColumnReference Database="[servicetrax_dev]" Schema="[dbo]" Table="[SERVICE_LINES]" Alias="[sl]" Column="BILL_HOURLY_QTY" />
                        <ColumnReference Database="[servicetrax_dev]" Schema="[dbo]" Table="[SERVICE_LINES]" Alias="[sl]" Column="BILL_EXP_QTY" />
                        <ColumnReference Database="[servicetrax_dev]" Schema="[dbo]" Table="[SERVICES]" Alias="[s]" Column="QUOTE_ID" />
                        <ColumnReference Database="[servicetrax_dev]" Schema="[dbo]" Table="[SERVICES]" Alias="[s]" Column="QUOTE_TOTAL" />
                        <ColumnReference Column="Expr1058" />
                        <ColumnReference Column="Expr1064" />
                        <ColumnReference Column="Expr1065" />
                        <ColumnReference Column="Expr1074" />
                        <ColumnReference Column="Expr1075" />
                        <ColumnReference Column="Expr1076" />
                      </OutputList>
                      <MemoryFractions Input="0.333333" Output="1" />
                      <RunTimeInformation>
                        <RunTimeCountersPerThread Thread="0" ActualRebinds="1" ActualRewinds="0" ActualRows="0" ActualEndOfScans="1" ActualExecutions="1" />
                      </RunTimeInformation>
                      <Sort Distinct="false">
                        <OrderBy>
                          <OrderByColumn Ascending="true">
                            <ColumnReference Database="[servicetrax_dev]" Schema="[dbo]" Table="[SERVICE_LINES]" Alias="[sl]" Column="ITEM_NAME" />
                          </OrderByColumn>
                          <OrderByColumn Ascending="true">
                            <ColumnReference Column="Expr1058" />
                          </OrderByColumn>
                          <OrderByColumn Ascending="true">
                            <ColumnReference Database="[servicetrax_dev]" Schema="[dbo]" Table="[SERVICE_LINES]" Alias="[sl]" Column="BILL_RATE" />
                          </OrderByColumn>
                          <OrderByColumn Ascending="true">
                            <ColumnReference Database="[servicetrax_dev]" Schema="[dbo]" Table="[SERVICES]" Alias="[s]" Column="QUOTE_ID" />
                          </OrderByColumn>
                          <OrderByColumn Ascending="true">
                            <ColumnReference Database="[servicetrax_dev]" Schema="[dbo]" Table="[SERVICES]" Alias="[s]" Column="QUOTE_TOTAL" />
                          </OrderByColumn>
                          <OrderByColumn Ascending="true">
                            <ColumnReference Column="Expr1064" />
                          </OrderByColumn>
                          <OrderByColumn Ascending="true">
                            <ColumnReference Column="Expr1065" />
                          </OrderByColumn>
                        </OrderBy>
                        <RelOp AvgRowSize="200" EstimateCPU="1.31487E-07" EstimateIO="0" EstimateRebinds="0" EstimateRewinds="0" EstimateRows="1.31487" LogicalOp="Compute Scalar" NodeId="3" Parallel="false" PhysicalOp="Compute Scalar" EstimatedTotalSubtreeCost="0.186801">
                          <OutputList>
                            <ColumnReference Database="[servicetrax_dev]" Schema="[dbo]" Table="[SERVICE_LINES]" Alias="[sl]" Column="BILL_JOB_ID" />
                            <ColumnReference Database="[servicetrax_dev]" Schema="[dbo]" Table="[SERVICE_LINES]" Alias="[sl]" Column="ITEM_NAME" />
                            <ColumnReference Database="[servicetrax_dev]" Schema="[dbo]" Table="[SERVICE_LINES]" Alias="[sl]" Column="PAYROLL_QTY" />
                            <ColumnReference Database="[servicetrax_dev]" Schema="[dbo]" Table="[SERVICE_LINES]" Alias="[sl]" Column="BILL_RATE" />
                            <ColumnReference Database="[servicetrax_dev]" Schema="[dbo]" Table="[SERVICE_LINES]" Alias="[sl]" Column="BILL_HOURLY_QTY" />
                            <ColumnReference Database="[servicetrax_dev]" Schema="[dbo]" Table="[SERVICE_LINES]" Alias="[sl]" Column="BILL_EXP_QTY" />
                            <ColumnReference Database="[servicetrax_dev]" Schema="[dbo]" Table="[SERVICES]" Alias="[s]" Column="QUOTE_ID" />
                            <ColumnReference Database="[servicetrax_dev]" Schema="[dbo]" Table="[SERVICES]" Alias="[s]" Column="QUOTE_TOTAL" />
                            <ColumnReference Column="Expr1058" />
                            <ColumnReference Column="Expr1064" />
                            <ColumnReference Column="Expr1065" />
                            <ColumnReference Column="Expr1074" />
                            <ColumnReference Column="Expr1075" />
                            <ColumnReference Column="Expr1076" />
                          </OutputList>
                          <ComputeScalar>
                            <DefinedValues>
                              <DefinedValue>
                                <ColumnReference Column="Expr1065" />
                                <ScalarOperator ScalarString="CASE WHEN [servicetrax_dev].[dbo].[PROJECTS].[end_user_id] as [p].[end_user_id] IS NULL THEN 'N' ELSE 'Y' END">
                                  <IF>
                                    <Condition>
                                      <ScalarOperator>
                                        <Compare CompareOp="IS">
                                          <ScalarOperator>
                                            <Identifier>
                                              <ColumnReference Database="[servicetrax_dev]" Schema="[dbo]" Table="[PROJECTS]" Alias="[p]" Column="end_user_id" />
                                            </Identifier>
                                          </ScalarOperator>
                                          <ScalarOperator>
                                            <Const ConstValue="NULL" />
                                          </ScalarOperator>
                                        </Compare>
                                      </ScalarOperator>
                                    </Condition>
                                    <Then>
                                      <ScalarOperator>
                                        <Const ConstValue="'N'" />
                                      </ScalarOperator>
                                    </Then>
                                    <Else>
                                      <ScalarOperator>
                                        <Const ConstValue="'Y'" />
                                      </ScalarOperator>
                                    </Else>
                                  </IF>
                                </ScalarOperator>
                              </DefinedValue>
                            </DefinedValues>
                            <RelOp AvgRowSize="207" EstimateCPU="5.49615E-06" EstimateIO="0" EstimateRebinds="0" EstimateRewinds="0" EstimateRows="1.31487" LogicalOp="Left Outer Join" NodeId="4" Parallel="false" PhysicalOp="Nested Loops" EstimatedTotalSubtreeCost="0.1868">
                              <OutputList>
                                <ColumnReference Database="[servicetrax_dev]" Schema="[dbo]" Table="[SERVICE_LINES]" Alias="[sl]" Column="BILL_JOB_ID" />
                                <ColumnReference Database="[servicetrax_dev]" Schema="[dbo]" Table="[SERVICE_LINES]" Alias="[sl]" Column="ITEM_NAME" />
                                <ColumnReference Database="[servicetrax_dev]" Schema="[dbo]" Table="[SERVICE_LINES]" Alias="[sl]" Column="PAYROLL_QTY" />
                                <ColumnReference Database="[servicetrax_dev]" Schema="[dbo]" Table="[SERVICE_LINES]" Alias="[sl]" Column="BILL_RATE" />
                                <ColumnReference Database="[servicetrax_dev]" Schema="[dbo]" Table="[SERVICE_LINES]" Alias="[sl]" Column="BILL_HOURLY_QTY" />
                                <ColumnReference Database="[servicetrax_dev]" Schema="[dbo]" Table="[SERVICE_LINES]" Alias="[sl]" Column="BILL_EXP_QTY" />
                                <ColumnReference Database="[servicetrax_dev]" Schema="[dbo]" Table="[SERVICES]" Alias="[s]" Column="QUOTE_ID" />
                                <ColumnReference Database="[servicetrax_dev]" Schema="[dbo]" Table="[SERVICES]" Alias="[s]" Column="QUOTE_TOTAL" />
                                <ColumnReference Database="[servicetrax_dev]" Schema="[dbo]" Table="[PROJECTS]" Alias="[p]" Column="end_user_id" />
                                <ColumnReference Column="Expr1058" />
                                <ColumnReference Column="Expr1064" />
                                <ColumnReference Column="Expr1074" />
                                <ColumnReference Column="Expr1075" />
                                <ColumnReference Column="Expr1076" />
                              </OutputList>
                              <RunTimeInformation>
                                <RunTimeCountersPerThread Thread="0" ActualRows="0" ActualEndOfScans="1" ActualExecutions="1" />
                              </RunTimeInformation>
                              <NestedLoops Optimized="false">
                                <OuterReferences>
                                  <ColumnReference Database="[servicetrax_dev]" Schema="[dbo]" Table="[JOBS]" Alias="[j]" Column="PROJECT_ID" />
                                </OuterReferences>
                                <RelOp AvgRowSize="207" EstimateCPU="1.31487E-07" EstimateIO="0" EstimateRebinds="0" EstimateRewinds="0" EstimateRows="1.31487" LogicalOp="Compute Scalar" NodeId="5" Parallel="false" PhysicalOp="Compute Scalar" EstimatedTotalSubtreeCost="0.183106">
                                  <OutputList>
                                    <ColumnReference Database="[servicetrax_dev]" Schema="[dbo]" Table="[SERVICE_LINES]" Alias="[sl]" Column="BILL_JOB_ID" />
                                    <ColumnReference Database="[servicetrax_dev]" Schema="[dbo]" Table="[SERVICE_LINES]" Alias="[sl]" Column="ITEM_NAME" />
                                    <ColumnReference Database="[servicetrax_dev]" Schema="[dbo]" Table="[SERVICE_LINES]" Alias="[sl]" Column="PAYROLL_QTY" />
                                    <ColumnReference Database="[servicetrax_dev]" Schema="[dbo]" Table="[SERVICE_LINES]" Alias="[sl]" Column="BILL_RATE" />
                                    <ColumnReference Database="[servicetrax_dev]" Schema="[dbo]" Table="[SERVICE_LINES]" Alias="[sl]" Column="BILL_HOURLY_QTY" />
                                    <ColumnReference Database="[servicetrax_dev]" Schema="[dbo]" Table="[SERVICE_LINES]" Alias="[sl]" Column="BILL_EXP_QTY" />
                                    <ColumnReference Database="[servicetrax_dev]" Schema="[dbo]" Table="[SERVICES]" Alias="[s]" Column="QUOTE_ID" />
                                    <ColumnReference Database="[servicetrax_dev]" Schema="[dbo]" Table="[SERVICES]" Alias="[s]" Column="QUOTE_TOTAL" />
                                    <ColumnReference Database="[servicetrax_dev]" Schema="[dbo]" Table="[JOBS]" Alias="[j]" Column="PROJECT_ID" />
                                    <ColumnReference Column="Expr1058" />
                                    <ColumnReference Column="Expr1064" />
                                    <ColumnReference Column="Expr1074" />
                                    <ColumnReference Column="Expr1075" />
                                    <ColumnReference Column="Expr1076" />
                                  </OutputList>
                                  <ComputeScalar>
                                    <DefinedValues>
                                      <DefinedValue>
                                        <ColumnReference Column="Expr1064" />
                                        <ScalarOperator ScalarString="isnull([servicetrax_dev].[dbo].[QUOTES].[quote_total] as [q].[quote_total],(0.00))">
                                          <Intrinsic FunctionName="isnull">
                                            <ScalarOperator>
                                              <Identifier>
                                                <ColumnReference Database="[servicetrax_dev]" Schema="[dbo]" Table="[QUOTES]" Alias="[q]" Column="quote_total" />
                                              </Identifier>
                                            </ScalarOperator>
                                            <ScalarOperator>
                                              <Const ConstValue="(0.00)" />
                                            </ScalarOperator>
                                          </Intrinsic>
                                        </ScalarOperator>
                                      </DefinedValue>
                                    </DefinedValues>
                                    <RelOp AvgRowSize="207" EstimateCPU="5.49615E-06" EstimateIO="0" EstimateRebinds="0" EstimateRewinds="0" EstimateRows="1.31487" LogicalOp="Left Outer Join" NodeId="6" Parallel="false" PhysicalOp="Nested Loops" EstimatedTotalSubtreeCost="0.183106">
                                      <OutputList>
                                        <ColumnReference Database="[servicetrax_dev]" Schema="[dbo]" Table="[SERVICE_LINES]" Alias="[sl]" Column="BILL_JOB_ID" />
                                        <ColumnReference Database="[servicetrax_dev]" Schema="[dbo]" Table="[SERVICE_LINES]" Alias="[sl]" Column="ITEM_NAME" />
                                        <ColumnReference Database="[servicetrax_dev]" Schema="[dbo]" Table="[SERVICE_LINES]" Alias="[sl]" Column="PAYROLL_QTY" />
                                        <ColumnReference Database="[servicetrax_dev]" Schema="[dbo]" Table="[SERVICE_LINES]" Alias="[sl]" Column="BILL_RATE" />
                                        <ColumnReference Database="[servicetrax_dev]" Schema="[dbo]" Table="[SERVICE_LINES]" Alias="[sl]" Column="BILL_HOURLY_QTY" />
                                        <ColumnReference Database="[servicetrax_dev]" Schema="[dbo]" Table="[SERVICE_LINES]" Alias="[sl]" Column="BILL_EXP_QTY" />
                                        <ColumnReference Database="[servicetrax_dev]" Schema="[dbo]" Table="[SERVICES]" Alias="[s]" Column="QUOTE_ID" />
                                        <ColumnReference Database="[servicetrax_dev]" Schema="[dbo]" Table="[SERVICES]" Alias="[s]" Column="QUOTE_TOTAL" />
                                        <ColumnReference Database="[servicetrax_dev]" Schema="[dbo]" Table="[JOBS]" Alias="[j]" Column="PROJECT_ID" />
                                        <ColumnReference Database="[servicetrax_dev]" Schema="[dbo]" Table="[QUOTES]" Alias="[q]" Column="quote_total" />
                                        <ColumnReference Column="Expr1058" />
                                        <ColumnReference Column="Expr1074" />
                                        <ColumnReference Column="Expr1075" />
                                        <ColumnReference Column="Expr1076" />
                                      </OutputList>
                                      <RunTimeInformation>
                                        <RunTimeCountersPerThread Thread="0" ActualRows="0" ActualEndOfScans="1" ActualExecutions="1" />
                                      </RunTimeInformation>
                                      <NestedLoops Optimized="false">
                                        <OuterReferences>
                                          <ColumnReference Database="[servicetrax_dev]" Schema="[dbo]" Table="[SERVICES]" Alias="[s]" Column="QUOTE_ID" />
                                        </OuterReferences>
                                        <RelOp AvgRowSize="198" EstimateCPU="5.49615E-06" EstimateIO="0" EstimateRebinds="0" EstimateRewinds="0" EstimateRows="1.31487" LogicalOp="Left Outer Join" NodeId="7" Parallel="false" PhysicalOp="Nested Loops" EstimatedTotalSubtreeCost="0.179411">
                                          <OutputList>
                                            <ColumnReference Database="[servicetrax_dev]" Schema="[dbo]" Table="[SERVICE_LINES]" Alias="[sl]" Column="BILL_JOB_ID" />
                                            <ColumnReference Database="[servicetrax_dev]" Schema="[dbo]" Table="[SERVICE_LINES]" Alias="[sl]" Column="ITEM_NAME" />
                                            <ColumnReference Database="[servicetrax_dev]" Schema="[dbo]" Table="[SERVICE_LINES]" Alias="[sl]" Column="PAYROLL_QTY" />
                                            <ColumnReference Database="[servicetrax_dev]" Schema="[dbo]" Table="[SERVICE_LINES]" Alias="[sl]" Column="BILL_RATE" />
                                            <ColumnReference Database="[servicetrax_dev]" Schema="[dbo]" Table="[SERVICE_LINES]" Alias="[sl]" Column="BILL_HOURLY_QTY" />
                                            <ColumnReference Database="[servicetrax_dev]" Schema="[dbo]" Table="[SERVICE_LINES]" Alias="[sl]" Column="BILL_EXP_QTY" />
                                            <ColumnReference Database="[servicetrax_dev]" Schema="[dbo]" Table="[SERVICES]" Alias="[s]" Column="QUOTE_ID" />
                                            <ColumnReference Database="[servicetrax_dev]" Schema="[dbo]" Table="[SERVICES]" Alias="[s]" Column="QUOTE_TOTAL" />
                                            <ColumnReference Database="[servicetrax_dev]" Schema="[dbo]" Table="[JOBS]" Alias="[j]" Column="PROJECT_ID" />
                                            <ColumnReference Column="Expr1058" />
                                            <ColumnReference Column="Expr1074" />
                                            <ColumnReference Column="Expr1075" />
                                            <ColumnReference Column="Expr1076" />
                                          </OutputList>
                                          <RunTimeInformation>
                                            <RunTimeCountersPerThread Thread="0" ActualRows="0" ActualEndOfScans="1" ActualExecutions="1" />
                                          </RunTimeInformation>
                                          <NestedLoops Optimized="false">
                                            <RelOp AvgRowSize="189" EstimateCPU="5.49615E-06" EstimateIO="0" EstimateRebinds="0" EstimateRewinds="0" EstimateRows="1.31487" LogicalOp="Left Outer Join" NodeId="8" Parallel="false" PhysicalOp="Nested Loops" EstimatedTotalSubtreeCost="0.149554">
                                              <OutputList>
                                                <ColumnReference Database="[servicetrax_dev]" Schema="[dbo]" Table="[SERVICE_LINES]" Alias="[sl]" Column="BILL_JOB_ID" />
                                                <ColumnReference Database="[servicetrax_dev]" Schema="[dbo]" Table="[SERVICE_LINES]" Alias="[sl]" Column="ITEM_NAME" />
                                                <ColumnReference Database="[servicetrax_dev]" Schema="[dbo]" Table="[SERVICE_LINES]" Alias="[sl]" Column="PAYROLL_QTY" />
                                                <ColumnReference Database="[servicetrax_dev]" Schema="[dbo]" Table="[SERVICE_LINES]" Alias="[sl]" Column="BILL_RATE" />
                                                <ColumnReference Database="[servicetrax_dev]" Schema="[dbo]" Table="[SERVICE_LINES]" Alias="[sl]" Column="BILL_HOURLY_QTY" />
                                                <ColumnReference Database="[servicetrax_dev]" Schema="[dbo]" Table="[SERVICE_LINES]" Alias="[sl]" Column="BILL_EXP_QTY" />
                                                <ColumnReference Database="[servicetrax_dev]" Schema="[dbo]" Table="[SERVICES]" Alias="[s]" Column="QUOTE_ID" />
                                                <ColumnReference Database="[servicetrax_dev]" Schema="[dbo]" Table="[SERVICES]" Alias="[s]" Column="QUOTE_TOTAL" />
                                                <ColumnReference Column="Expr1058" />
                                                <ColumnReference Column="Expr1074" />
                                                <ColumnReference Column="Expr1075" />
                                                <ColumnReference Column="Expr1076" />
                                              </OutputList>
                                              <RunTimeInformation>
                                                <RunTimeCountersPerThread Thread="0" ActualRows="0" ActualEndOfScans="1" ActualExecutions="1" />
                                              </RunTimeInformation>
                                              <NestedLoops Optimized="true">
                                                <OuterReferences>
                                                  <ColumnReference Database="[servicetrax_dev]" Schema="[dbo]" Table="[SERVICE_LINES]" Alias="[sl]" Column="BILL_SERVICE_ID" />
                                                </OuterReferences>
                                                <RelOp AvgRowSize="180" EstimateCPU="1.31487E-07" EstimateIO="0" EstimateRebinds="0" EstimateRewinds="0" EstimateRows="1.31487" LogicalOp="Compute Scalar" NodeId="10" Parallel="false" PhysicalOp="Compute Scalar" EstimatedTotalSubtreeCost="0.145859">
                                                  <OutputList>
                                                    <ColumnReference Database="[servicetrax_dev]" Schema="[dbo]" Table="[SERVICE_LINES]" Alias="[sl]" Column="BILL_JOB_ID" />
                                                    <ColumnReference Database="[servicetrax_dev]" Schema="[dbo]" Table="[SERVICE_LINES]" Alias="[sl]" Column="BILL_SERVICE_ID" />
                                                    <ColumnReference Database="[servicetrax_dev]" Schema="[dbo]" Table="[SERVICE_LINES]" Alias="[sl]" Column="ITEM_NAME" />
                                                    <ColumnReference Database="[servicetrax_dev]" Schema="[dbo]" Table="[SERVICE_LINES]" Alias="[sl]" Column="PAYROLL_QTY" />
                                                    <ColumnReference Database="[servicetrax_dev]" Schema="[dbo]" Table="[SERVICE_LINES]" Alias="[sl]" Column="BILL_RATE" />
                                                    <ColumnReference Database="[servicetrax_dev]" Schema="[dbo]" Table="[SERVICE_LINES]" Alias="[sl]" Column="BILL_HOURLY_QTY" />
                                                    <ColumnReference Database="[servicetrax_dev]" Schema="[dbo]" Table="[SERVICE_LINES]" Alias="[sl]" Column="BILL_EXP_QTY" />
                                                    <ColumnReference Column="Expr1058" />
                                                    <ColumnReference Database="[servicetrax_dev]" Schema="[dbo]" Table="[SERVICE_LINES]" Alias="[sl]" Column="bill_hourly_total" ComputedColumn="true" />
                                                    <ColumnReference Database="[servicetrax_dev]" Schema="[dbo]" Table="[SERVICE_LINES]" Alias="[sl]" Column="bill_exp_total" ComputedColumn="true" />
                                                    <ColumnReference Database="[servicetrax_dev]" Schema="[dbo]" Table="[SERVICE_LINES]" Alias="[sl]" Column="bill_total" ComputedColumn="true" />
                                                  </OutputList>
                                                  <ComputeScalar>
                                                    <DefinedValues>
                                                      <DefinedValue>
                                                        <ColumnReference Column="Expr1058" />
                                                        <ScalarOperator ScalarString="(((CONVERT(varchar(30),[servicetrax_dev].[dbo].[SERVICE_LINES].[BILL_JOB_ID] as [sl].[BILL_JOB_ID],0)+'-')+CONVERT(varchar(30),[servicetrax_dev].[dbo].[SERVICE_LINES].[ITEM_ID] as [sl].[ITEM_ID],0))+'-')+CONVERT(varchar(30),[servicetrax_dev].[dbo].[SERVICE_LINES].[STATUS_ID] as [sl].[STATUS_ID],0)">
                                                          <Arithmetic Operation="ADD">
                                                            <ScalarOperator>
                                                              <Arithmetic Operation="ADD">
                                                                <ScalarOperator>
                                                                  <Arithmetic Operation="ADD">
                                                                    <ScalarOperator>
                                                                      <Arithmetic Operation="ADD">
                                                                        <ScalarOperator>
                                                                          <Convert DataType="varchar" Length="30" Style="0" Implicit="false">
                                                                            <ScalarOperator>
                                                                              <Identifier>
                                                                                <ColumnReference Database="[servicetrax_dev]" Schema="[dbo]" Table="[SERVICE_LINES]" Alias="[sl]" Column="BILL_JOB_ID" />
                                                                              </Identifier>
                                                                            </ScalarOperator>
                                                                          </Convert>
                                                                        </ScalarOperator>
                                                                        <ScalarOperator>
                                                                          <Const ConstValue="'-'" />
                                                                        </ScalarOperator>
                                                                      </Arithmetic>
                                                                    </ScalarOperator>
                                                                    <ScalarOperator>
                                                                      <Convert DataType="varchar" Length="30" Style="0" Implicit="false">
                                                                        <ScalarOperator>
                                                                          <Identifier>
                                                                            <ColumnReference Database="[servicetrax_dev]" Schema="[dbo]" Table="[SERVICE_LINES]" Alias="[sl]" Column="ITEM_ID" />
                                                                          </Identifier>
                                                                        </ScalarOperator>
                                                                      </Convert>
                                                                    </ScalarOperator>
                                                                  </Arithmetic>
                                                                </ScalarOperator>
                                                                <ScalarOperator>
                                                                  <Const ConstValue="'-'" />
                                                                </ScalarOperator>
                                                              </Arithmetic>
                                                            </ScalarOperator>
                                                            <ScalarOperator>
                                                              <Convert DataType="varchar" Length="30" Style="0" Implicit="false">
                                                                <ScalarOperator>
                                                                  <Identifier>
                                                                    <ColumnReference Database="[servicetrax_dev]" Schema="[dbo]" Table="[SERVICE_LINES]" Alias="[sl]" Column="STATUS_ID" />
                                                                  </Identifier>
                                                                </ScalarOperator>
                                                              </Convert>
                                                            </ScalarOperator>
                                                          </Arithmetic>
                                                        </ScalarOperator>
                                                      </DefinedValue>
                                                      <DefinedValue>
                                                        <ColumnReference Database="[servicetrax_dev]" Schema="[dbo]" Table="[SERVICE_LINES]" Alias="[sl]" Column="bill_hourly_total" ComputedColumn="true" />
                                                        <ScalarOperator ScalarString="[servicetrax_dev].[dbo].[SERVICE_LINES].[bill_hourly_total] as [sl].[bill_hourly_total]">
                                                          <Identifier>
                                                            <ColumnReference Database="[servicetrax_dev]" Schema="[dbo]" Table="[SERVICE_LINES]" Alias="[sl]" Column="bill_hourly_total" ComputedColumn="true" />
                                                          </Identifier>
                                                        </ScalarOperator>
                                                      </DefinedValue>
                                                      <DefinedValue>
                                                        <ColumnReference Database="[servicetrax_dev]" Schema="[dbo]" Table="[SERVICE_LINES]" Alias="[sl]" Column="bill_exp_total" ComputedColumn="true" />
                                                        <ScalarOperator ScalarString="[servicetrax_dev].[dbo].[SERVICE_LINES].[bill_exp_total] as [sl].[bill_exp_total]">
                                                          <Identifier>
                                                            <ColumnReference Database="[servicetrax_dev]" Schema="[dbo]" Table="[SERVICE_LINES]" Alias="[sl]" Column="bill_exp_total" ComputedColumn="true" />
                                                          </Identifier>
                                                        </ScalarOperator>
                                                      </DefinedValue>
                                                      <DefinedValue>
                                                        <ColumnReference Database="[servicetrax_dev]" Schema="[dbo]" Table="[SERVICE_LINES]" Alias="[sl]" Column="bill_total" ComputedColumn="true" />
                                                        <ScalarOperator ScalarString="[servicetrax_dev].[dbo].[SERVICE_LINES].[bill_total] as [sl].[bill_total]">
                                                          <Identifier>
                                                            <ColumnReference Database="[servicetrax_dev]" Schema="[dbo]" Table="[SERVICE_LINES]" Alias="[sl]" Column="bill_total" ComputedColumn="true" />
                                                          </Identifier>
                                                        </ScalarOperator>
                                                      </DefinedValue>
                                                    </DefinedValues>
                                                    <RelOp AvgRowSize="150" EstimateCPU="5.22389E-05" EstimateIO="0" EstimateRebinds="0" EstimateRewinds="0" EstimateRows="1.31487" LogicalOp="Filter" NodeId="11" Parallel="false" PhysicalOp="Filter" EstimatedTotalSubtreeCost="0.145859">
                                                      <OutputList>
                                                        <ColumnReference Database="[servicetrax_dev]" Schema="[dbo]" Table="[SERVICE_LINES]" Alias="[sl]" Column="STATUS_ID" />
                                                        <ColumnReference Database="[servicetrax_dev]" Schema="[dbo]" Table="[SERVICE_LINES]" Alias="[sl]" Column="BILL_JOB_ID" />
                                                        <ColumnReference Database="[servicetrax_dev]" Schema="[dbo]" Table="[SERVICE_LINES]" Alias="[sl]" Column="BILL_SERVICE_ID" />
                                                        <ColumnReference Database="[servicetrax_dev]" Schema="[dbo]" Table="[SERVICE_LINES]" Alias="[sl]" Column="ITEM_ID" />
                                                        <ColumnReference Database="[servicetrax_dev]" Schema="[dbo]" Table="[SERVICE_LINES]" Alias="[sl]" Column="ITEM_NAME" />
                                                        <ColumnReference Database="[servicetrax_dev]" Schema="[dbo]" Table="[SERVICE_LINES]" Alias="[sl]" Column="PAYROLL_QTY" />
                                                        <ColumnReference Database="[servicetrax_dev]" Schema="[dbo]" Table="[SERVICE_LINES]" Alias="[sl]" Column="BILL_RATE" />
                                                        <ColumnReference Database="[servicetrax_dev]" Schema="[dbo]" Table="[SERVICE_LINES]" Alias="[sl]" Column="BILL_HOURLY_QTY" />
                                                        <ColumnReference Database="[servicetrax_dev]" Schema="[dbo]" Table="[SERVICE_LINES]" Alias="[sl]" Column="BILL_EXP_QTY" />
                                                        <ColumnReference Database="[servicetrax_dev]" Schema="[dbo]" Table="[SERVICE_LINES]" Alias="[sl]" Column="bill_total" ComputedColumn="true" />
                                                        <ColumnReference Database="[servicetrax_dev]" Schema="[dbo]" Table="[SERVICE_LINES]" Alias="[sl]" Column="bill_hourly_total" ComputedColumn="true" />
                                                        <ColumnReference Database="[servicetrax_dev]" Schema="[dbo]" Table="[SERVICE_LINES]" Alias="[sl]" Column="bill_exp_total" ComputedColumn="true" />
                                                      </OutputList>
                                                      <RunTimeInformation>
                                                        <RunTimeCountersPerThread Thread="0" ActualRows="0" ActualEndOfScans="1" ActualExecutions="1" />
                                                      </RunTimeInformation>
                                                      <Filter StartupExpression="false">
                                                        <RelOp AvgRowSize="156" EstimateCPU="0.00018505" EstimateIO="0" EstimateRebinds="0" EstimateRewinds="0" EstimateRows="44.2702" LogicalOp="Inner Join" NodeId="12" Parallel="false" PhysicalOp="Nested Loops" EstimatedTotalSubtreeCost="0.145807">
                                                          <OutputList>
                                                            <ColumnReference Database="[servicetrax_dev]" Schema="[dbo]" Table="[SERVICE_LINES]" Alias="[sl]" Column="STATUS_ID" />
                                                            <ColumnReference Database="[servicetrax_dev]" Schema="[dbo]" Table="[SERVICE_LINES]" Alias="[sl]" Column="BILL_JOB_ID" />
                                                            <ColumnReference Database="[servicetrax_dev]" Schema="[dbo]" Table="[SERVICE_LINES]" Alias="[sl]" Column="BILL_SERVICE_ID" />
                                                            <ColumnReference Database="[servicetrax_dev]" Schema="[dbo]" Table="[SERVICE_LINES]" Alias="[sl]" Column="ITEM_ID" />
                                                            <ColumnReference Database="[servicetrax_dev]" Schema="[dbo]" Table="[SERVICE_LINES]" Alias="[sl]" Column="ITEM_NAME" />
                                                            <ColumnReference Database="[servicetrax_dev]" Schema="[dbo]" Table="[SERVICE_LINES]" Alias="[sl]" Column="BILLABLE_FLAG" />
                                                            <ColumnReference Database="[servicetrax_dev]" Schema="[dbo]" Table="[SERVICE_LINES]" Alias="[sl]" Column="PAYROLL_QTY" />
                                                            <ColumnReference Database="[servicetrax_dev]" Schema="[dbo]" Table="[SERVICE_LINES]" Alias="[sl]" Column="BILL_RATE" />
                                                            <ColumnReference Database="[servicetrax_dev]" Schema="[dbo]" Table="[SERVICE_LINES]" Alias="[sl]" Column="BILL_HOURLY_QTY" />
                                                            <ColumnReference Database="[servicetrax_dev]" Schema="[dbo]" Table="[SERVICE_LINES]" Alias="[sl]" Column="BILL_EXP_QTY" />
                                                            <ColumnReference Database="[servicetrax_dev]" Schema="[dbo]" Table="[SERVICE_LINES]" Alias="[sl]" Column="INTERNAL_REQ_FLAG" />
                                                            <ColumnReference Database="[servicetrax_dev]" Schema="[dbo]" Table="[SERVICE_LINES]" Alias="[sl]" Column="bill_total" ComputedColumn="true" />
                                                            <ColumnReference Database="[servicetrax_dev]" Schema="[dbo]" Table="[SERVICE_LINES]" Alias="[sl]" Column="bill_hourly_total" ComputedColumn="true" />
                                                            <ColumnReference Database="[servicetrax_dev]" Schema="[dbo]" Table="[SERVICE_LINES]" Alias="[sl]" Column="bill_exp_total" ComputedColumn="true" />
                                                          </OutputList>
                                                          <RunTimeInformation>
                                                            <RunTimeCountersPerThread Thread="0" ActualRows="403" ActualEndOfScans="1" ActualExecutions="1" />
                                                          </RunTimeInformation>
                                                          <NestedLoops Optimized="true" WithUnorderedPrefetch="true">
                                                            <OuterReferences>
                                                              <ColumnReference Database="[servicetrax_dev]" Schema="[dbo]" Table="[SERVICE_LINES]" Alias="[sl]" Column="SERVICE_LINE_ID" />
                                                              <ColumnReference Column="Expr1079" />
                                                            </OuterReferences>
                                                            <RelOp AvgRowSize="43" EstimateCPU="0.00025575" EstimateIO="0.003125" EstimateRebinds="0" EstimateRewinds="0" EstimateRows="44.2702" LogicalOp="Index Seek" NodeId="15" Parallel="false" PhysicalOp="Index Seek" EstimatedTotalSubtreeCost="0.00338075">
                                                              <OutputList>
                                                                <ColumnReference Database="[servicetrax_dev]" Schema="[dbo]" Table="[SERVICE_LINES]" Alias="[sl]" Column="SERVICE_LINE_ID" />
                                                                <ColumnReference Database="[servicetrax_dev]" Schema="[dbo]" Table="[SERVICE_LINES]" Alias="[sl]" Column="BILL_JOB_ID" />
                                                                <ColumnReference Database="[servicetrax_dev]" Schema="[dbo]" Table="[SERVICE_LINES]" Alias="[sl]" Column="BILL_SERVICE_ID" />
                                                                <ColumnReference Database="[servicetrax_dev]" Schema="[dbo]" Table="[SERVICE_LINES]" Alias="[sl]" Column="INVOICE_ID" />
                                                              </OutputList>
                                                              <RunTimeInformation>
                                                                <RunTimeCountersPerThread Thread="0" ActualRows="403" ActualEndOfScans="1" ActualExecutions="1" />
                                                              </RunTimeInformation>
                                                              <IndexScan Ordered="true" ScanDirection="FORWARD" ForcedIndex="false" NoExpandHint="false">
                                                                <DefinedValues>
                                                                  <DefinedValue>
                                                                    <ColumnReference Database="[servicetrax_dev]" Schema="[dbo]" Table="[SERVICE_LINES]" Alias="[sl]" Column="SERVICE_LINE_ID" />
                                                                  </DefinedValue>
                                                                  <DefinedValue>
                                                                    <ColumnReference Database="[servicetrax_dev]" Schema="[dbo]" Table="[SERVICE_LINES]" Alias="[sl]" Column="BILL_JOB_ID" />
                                                                  </DefinedValue>
                                                                  <DefinedValue>
                                                                    <ColumnReference Database="[servicetrax_dev]" Schema="[dbo]" Table="[SERVICE_LINES]" Alias="[sl]" Column="BILL_SERVICE_ID" />
                                                                  </DefinedValue>
                                                                  <DefinedValue>
                                                                    <ColumnReference Database="[servicetrax_dev]" Schema="[dbo]" Table="[SERVICE_LINES]" Alias="[sl]" Column="INVOICE_ID" />
                                                                  </DefinedValue>
                                                                </DefinedValues>
                                                                <Object Database="[servicetrax_dev]" Schema="[dbo]" Table="[SERVICE_LINES]" Index="[ix_sl_bill]" Alias="[sl]" />
                                                                <SeekPredicates>
                                                                  <SeekPredicate>
                                                                    <Prefix ScanType="EQ">
                                                                      <RangeColumns>
                                                                        <ColumnReference Database="[servicetrax_dev]" Schema="[dbo]" Table="[SERVICE_LINES]" Alias="[sl]" Column="BILL_JOB_ID" />
                                                                      </RangeColumns>
                                                                      <RangeExpressions>
                                                                        <ScalarOperator ScalarString="(70867.)">
                                                                          <Const ConstValue="(70867.)" />
                                                                        </ScalarOperator>
                                                                      </RangeExpressions>
                                                                    </Prefix>
                                                                  </SeekPredicate>
                                                                </SeekPredicates>
                                                                <Predicate>
                                                                  <ScalarOperator ScalarString="[servicetrax_dev].[dbo].[SERVICE_LINES].[INVOICE_ID] as [sl].[INVOICE_ID] IS NULL">
                                                                    <Compare CompareOp="IS">
                                                                      <ScalarOperator>
                                                                        <Identifier>
                                                                          <ColumnReference Database="[servicetrax_dev]" Schema="[dbo]" Table="[SERVICE_LINES]" Alias="[sl]" Column="INVOICE_ID" />
                                                                        </Identifier>
                                                                      </ScalarOperator>
                                                                      <ScalarOperator>
                                                                        <Const ConstValue="NULL" />
                                                                      </ScalarOperator>
                                                                    </Compare>
                                                                  </ScalarOperator>
                                                                </Predicate>
                                                              </IndexScan>
                                                            </RelOp>
                                                            <RelOp AvgRowSize="221" EstimateCPU="1E-07" EstimateIO="0" EstimateRebinds="43.2702" EstimateRewinds="0" EstimateRows="1" LogicalOp="Compute Scalar" NodeId="17" Parallel="false" PhysicalOp="Compute Scalar" EstimatedTotalSubtreeCost="0.142198">
                                                              <OutputList>
                                                                <ColumnReference Database="[servicetrax_dev]" Schema="[dbo]" Table="[SERVICE_LINES]" Alias="[sl]" Column="bill_total" ComputedColumn="true" />
                                                                <ColumnReference Database="[servicetrax_dev]" Schema="[dbo]" Table="[SERVICE_LINES]" Alias="[sl]" Column="bill_hourly_total" ComputedColumn="true" />
                                                                <ColumnReference Database="[servicetrax_dev]" Schema="[dbo]" Table="[SERVICE_LINES]" Alias="[sl]" Column="bill_exp_total" ComputedColumn="true" />
                                                                <ColumnReference Database="[servicetrax_dev]" Schema="[dbo]" Table="[SERVICE_LINES]" Alias="[sl]" Column="STATUS_ID" />
                                                                <ColumnReference Database="[servicetrax_dev]" Schema="[dbo]" Table="[SERVICE_LINES]" Alias="[sl]" Column="ITEM_ID" />
                                                                <ColumnReference Database="[servicetrax_dev]" Schema="[dbo]" Table="[SERVICE_LINES]" Alias="[sl]" Column="ITEM_NAME" />
                                                                <ColumnReference Database="[servicetrax_dev]" Schema="[dbo]" Table="[SERVICE_LINES]" Alias="[sl]" Column="BILLABLE_FLAG" />
                                                                <ColumnReference Database="[servicetrax_dev]" Schema="[dbo]" Table="[SERVICE_LINES]" Alias="[sl]" Column="PAYROLL_QTY" />
                                                                <ColumnReference Database="[servicetrax_dev]" Schema="[dbo]" Table="[SERVICE_LINES]" Alias="[sl]" Column="BILL_RATE" />
                                                                <ColumnReference Database="[servicetrax_dev]" Schema="[dbo]" Table="[SERVICE_LINES]" Alias="[sl]" Column="BILL_HOURLY_QTY" />
                                                                <ColumnReference Database="[servicetrax_dev]" Schema="[dbo]" Table="[SERVICE_LINES]" Alias="[sl]" Column="BILL_EXP_QTY" />
                                                                <ColumnReference Database="[servicetrax_dev]" Schema="[dbo]" Table="[SERVICE_LINES]" Alias="[sl]" Column="INTERNAL_REQ_FLAG" />
                                                              </OutputList>
                                                              <ComputeScalar>
                                                                <DefinedValues>
                                                                  <DefinedValue>
                                                                    <ColumnReference Database="[servicetrax_dev]" Schema="[dbo]" Table="[SERVICE_LINES]" Alias="[sl]" Column="bill_total" ComputedColumn="true" />
                                                                    <ScalarOperator ScalarString="isnull([servicetrax_dev].[dbo].[SERVICE_LINES].[BILL_QTY] as [sl].[BILL_QTY]*[servicetrax_dev].[dbo].[SERVICE_LINES].[BILL_RATE] as [sl].[BILL_RATE],(0.00000))">
                                                                      <Intrinsic FunctionName="isnull">
                                                                        <ScalarOperator>
                                                                          <Arithmetic Operation="MULT">
                                                                            <ScalarOperator>
                                                                              <Identifier>
                                                                                <ColumnReference Database="[servicetrax_dev]" Schema="[dbo]" Table="[SERVICE_LINES]" Alias="[sl]" Column="BILL_QTY" />
                                                                              </Identifier>
                                                                            </ScalarOperator>
                                                                            <ScalarOperator>
                                                                              <Identifier>
                                                                                <ColumnReference Database="[servicetrax_dev]" Schema="[dbo]" Table="[SERVICE_LINES]" Alias="[sl]" Column="BILL_RATE" />
                                                                              </Identifier>
                                                                            </ScalarOperator>
                                                                          </Arithmetic>
                                                                        </ScalarOperator>
                                                                        <ScalarOperator>
                                                                          <Const ConstValue="(0.00000)" />
                                                                        </ScalarOperator>
                                                                      </Intrinsic>
                                                                    </ScalarOperator>
                                                                  </DefinedValue>
                                                                  <DefinedValue>
                                                                    <ColumnReference Database="[servicetrax_dev]" Schema="[dbo]" Table="[SERVICE_LINES]" Alias="[sl]" Column="bill_hourly_total" ComputedColumn="true" />
                                                                    <ScalarOperator ScalarString="isnull([servicetrax_dev].[dbo].[SERVICE_LINES].[BILL_HOURLY_QTY] as [sl].[BILL_HOURLY_QTY]*[servicetrax_dev].[dbo].[SERVICE_LINES].[BILL_HOURLY_RATE] as [sl].[BILL_HOURLY_RATE],(0.00000))">
                                                                      <Intrinsic FunctionName="isnull">
                                                                        <ScalarOperator>
                                                                          <Arithmetic Operation="MULT">
                                                                            <ScalarOperator>
                                                                              <Identifier>
                                                                                <ColumnReference Database="[servicetrax_dev]" Schema="[dbo]" Table="[SERVICE_LINES]" Alias="[sl]" Column="BILL_HOURLY_QTY" />
                                                                              </Identifier>
                                                                            </ScalarOperator>
                                                                            <ScalarOperator>
                                                                              <Identifier>
                                                                                <ColumnReference Database="[servicetrax_dev]" Schema="[dbo]" Table="[SERVICE_LINES]" Alias="[sl]" Column="BILL_HOURLY_RATE" />
                                                                              </Identifier>
                                                                            </ScalarOperator>
                                                                          </Arithmetic>
                                                                        </ScalarOperator>
                                                                        <ScalarOperator>
                                                                          <Const ConstValue="(0.00000)" />
                                                                        </ScalarOperator>
                                                                      </Intrinsic>
                                                                    </ScalarOperator>
                                                                  </DefinedValue>
                                                                  <DefinedValue>
                                                                    <ColumnReference Database="[servicetrax_dev]" Schema="[dbo]" Table="[SERVICE_LINES]" Alias="[sl]" Column="bill_exp_total" ComputedColumn="true" />
                                                                    <ScalarOperator ScalarString="isnull([servicetrax_dev].[dbo].[SERVICE_LINES].[BILL_EXP_QTY] as [sl].[BILL_EXP_QTY]*[servicetrax_dev].[dbo].[SERVICE_LINES].[BILL_EXP_RATE] as [sl].[BILL_EXP_RATE],(0.00000))">
                                                                      <Intrinsic FunctionName="isnull">
                                                                        <ScalarOperator>
                                                                          <Arithmetic Operation="MULT">
                                                                            <ScalarOperator>
                                                                              <Identifier>
                                                                                <ColumnReference Database="[servicetrax_dev]" Schema="[dbo]" Table="[SERVICE_LINES]" Alias="[sl]" Column="BILL_EXP_QTY" />
                                                                              </Identifier>
                                                                            </ScalarOperator>
                                                                            <ScalarOperator>
                                                                              <Identifier>
                                                                                <ColumnReference Database="[servicetrax_dev]" Schema="[dbo]" Table="[SERVICE_LINES]" Alias="[sl]" Column="BILL_EXP_RATE" />
                                                                              </Identifier>
                                                                            </ScalarOperator>
                                                                          </Arithmetic>
                                                                        </ScalarOperator>
                                                                        <ScalarOperator>
                                                                          <Const ConstValue="(0.00000)" />
                                                                        </ScalarOperator>
                                                                      </Intrinsic>
                                                                    </ScalarOperator>
                                                                  </DefinedValue>
                                                                </DefinedValues>
                                                                <RelOp AvgRowSize="197" EstimateCPU="0.0001581" EstimateIO="0.003125" EstimateRebinds="43.2702" EstimateRewinds="0" EstimateRows="1" LogicalOp="Clustered Index Seek" NodeId="18" Parallel="false" PhysicalOp="Clustered Index Seek" EstimatedTotalSubtreeCost="0.142194">
                                                                  <OutputList>
                                                                    <ColumnReference Database="[servicetrax_dev]" Schema="[dbo]" Table="[SERVICE_LINES]" Alias="[sl]" Column="STATUS_ID" />
                                                                    <ColumnReference Database="[servicetrax_dev]" Schema="[dbo]" Table="[SERVICE_LINES]" Alias="[sl]" Column="ITEM_ID" />
                                                                    <ColumnReference Database="[servicetrax_dev]" Schema="[dbo]" Table="[SERVICE_LINES]" Alias="[sl]" Column="ITEM_NAME" />
                                                                    <ColumnReference Database="[servicetrax_dev]" Schema="[dbo]" Table="[SERVICE_LINES]" Alias="[sl]" Column="BILLABLE_FLAG" />
                                                                    <ColumnReference Database="[servicetrax_dev]" Schema="[dbo]" Table="[SERVICE_LINES]" Alias="[sl]" Column="PAYROLL_QTY" />
                                                                    <ColumnReference Database="[servicetrax_dev]" Schema="[dbo]" Table="[SERVICE_LINES]" Alias="[sl]" Column="BILL_QTY" />
                                                                    <ColumnReference Database="[servicetrax_dev]" Schema="[dbo]" Table="[SERVICE_LINES]" Alias="[sl]" Column="BILL_RATE" />
                                                                    <ColumnReference Database="[servicetrax_dev]" Schema="[dbo]" Table="[SERVICE_LINES]" Alias="[sl]" Column="BILL_HOURLY_QTY" />
                                                                    <ColumnReference Database="[servicetrax_dev]" Schema="[dbo]" Table="[SERVICE_LINES]" Alias="[sl]" Column="BILL_HOURLY_RATE" />
                                                                    <ColumnReference Database="[servicetrax_dev]" Schema="[dbo]" Table="[SERVICE_LINES]" Alias="[sl]" Column="BILL_EXP_QTY" />
                                                                    <ColumnReference Database="[servicetrax_dev]" Schema="[dbo]" Table="[SERVICE_LINES]" Alias="[sl]" Column="BILL_EXP_RATE" />
                                                                    <ColumnReference Database="[servicetrax_dev]" Schema="[dbo]" Table="[SERVICE_LINES]" Alias="[sl]" Column="INTERNAL_REQ_FLAG" />
                                                                  </OutputList>
                                                                  <RunTimeInformation>
                                                                    <RunTimeCountersPerThread Thread="0" ActualRows="403" ActualEndOfScans="0" ActualExecutions="403" />
                                                                  </RunTimeInformation>
                                                                  <IndexScan Lookup="true" Ordered="true" ScanDirection="FORWARD" ForcedIndex="false" NoExpandHint="false">
                                                                    <DefinedValues>
                                                                      <DefinedValue>
                                                                        <ColumnReference Database="[servicetrax_dev]" Schema="[dbo]" Table="[SERVICE_LINES]" Alias="[sl]" Column="STATUS_ID" />
                                                                      </DefinedValue>
                                                                      <DefinedValue>
                                                                        <ColumnReference Database="[servicetrax_dev]" Schema="[dbo]" Table="[SERVICE_LINES]" Alias="[sl]" Column="ITEM_ID" />
                                                                      </DefinedValue>
                                                                      <DefinedValue>
                                                                        <ColumnReference Database="[servicetrax_dev]" Schema="[dbo]" Table="[SERVICE_LINES]" Alias="[sl]" Column="ITEM_NAME" />
                                                                      </DefinedValue>
                                                                      <DefinedValue>
                                                                        <ColumnReference Database="[servicetrax_dev]" Schema="[dbo]" Table="[SERVICE_LINES]" Alias="[sl]" Column="BILLABLE_FLAG" />
                                                                      </DefinedValue>
                                                                      <DefinedValue>
                                                                        <ColumnReference Database="[servicetrax_dev]" Schema="[dbo]" Table="[SERVICE_LINES]" Alias="[sl]" Column="PAYROLL_QTY" />
                                                                      </DefinedValue>
                                                                      <DefinedValue>
                                                                        <ColumnReference Database="[servicetrax_dev]" Schema="[dbo]" Table="[SERVICE_LINES]" Alias="[sl]" Column="BILL_QTY" />
                                                                      </DefinedValue>
                                                                      <DefinedValue>
                                                                        <ColumnReference Database="[servicetrax_dev]" Schema="[dbo]" Table="[SERVICE_LINES]" Alias="[sl]" Column="BILL_RATE" />
                                                                      </DefinedValue>
                                                                      <DefinedValue>
                                                                        <ColumnReference Database="[servicetrax_dev]" Schema="[dbo]" Table="[SERVICE_LINES]" Alias="[sl]" Column="BILL_HOURLY_QTY" />
                                                                      </DefinedValue>
                                                                      <DefinedValue>
                                                                        <ColumnReference Database="[servicetrax_dev]" Schema="[dbo]" Table="[SERVICE_LINES]" Alias="[sl]" Column="BILL_HOURLY_RATE" />
                                                                      </DefinedValue>
                                                                      <DefinedValue>
                                                                        <ColumnReference Database="[servicetrax_dev]" Schema="[dbo]" Table="[SERVICE_LINES]" Alias="[sl]" Column="BILL_EXP_QTY" />
                                                                      </DefinedValue>
                                                                      <DefinedValue>
                                                                        <ColumnReference Database="[servicetrax_dev]" Schema="[dbo]" Table="[SERVICE_LINES]" Alias="[sl]" Column="BILL_EXP_RATE" />
                                                                      </DefinedValue>
                                                                      <DefinedValue>
                                                                        <ColumnReference Database="[servicetrax_dev]" Schema="[dbo]" Table="[SERVICE_LINES]" Alias="[sl]" Column="INTERNAL_REQ_FLAG" />
                                                                      </DefinedValue>
                                                                    </DefinedValues>
                                                                    <Object Database="[servicetrax_dev]" Schema="[dbo]" Table="[SERVICE_LINES]" Index="[PK_SERVICE_LINES]" Alias="[sl]" TableReferenceId="-1" />
                                                                    <SeekPredicates>
                                                                      <SeekPredicate>
                                                                        <Prefix ScanType="EQ">
                                                                          <RangeColumns>
                                                                            <ColumnReference Database="[servicetrax_dev]" Schema="[dbo]" Table="[SERVICE_LINES]" Alias="[sl]" Column="SERVICE_LINE_ID" />
                                                                          </RangeColumns>
                                                                          <RangeExpressions>
                                                                            <ScalarOperator ScalarString="[servicetrax_dev].[dbo].[SERVICE_LINES].[SERVICE_LINE_ID] as [sl].[SERVICE_LINE_ID]">
                                                                              <Identifier>
                                                                                <ColumnReference Database="[servicetrax_dev]" Schema="[dbo]" Table="[SERVICE_LINES]" Alias="[sl]" Column="SERVICE_LINE_ID" />
                                                                              </Identifier>
                                                                            </ScalarOperator>
                                                                          </RangeExpressions>
                                                                        </Prefix>
                                                                      </SeekPredicate>
                                                                    </SeekPredicates>
                                                                  </IndexScan>
                                                                </RelOp>
                                                              </ComputeScalar>
                                                            </RelOp>
                                                          </NestedLoops>
                                                        </RelOp>
                                                        <Predicate>
                                                          <ScalarOperator ScalarString="[servicetrax_dev].[dbo].[SERVICE_LINES].[STATUS_ID] as [sl].[STATUS_ID]=(4.) AND [servicetrax_dev].[dbo].[SERVICE_LINES].[BILLABLE_FLAG] as [sl].[BILLABLE_FLAG]='Y' AND [servicetrax_dev].[dbo].[SERVICE_LINES].[INTERNAL_REQ_FLAG] as [sl].[INTERNAL_REQ_FLAG]='N'">
                                                            <Logical Operation="AND">
                                                              <ScalarOperator>
                                                                <Compare CompareOp="EQ">
                                                                  <ScalarOperator>
                                                                    <Identifier>
                                                                      <ColumnReference Database="[servicetrax_dev]" Schema="[dbo]" Table="[SERVICE_LINES]" Alias="[sl]" Column="STATUS_ID" />
                                                                    </Identifier>
                                                                  </ScalarOperator>
                                                                  <ScalarOperator>
                                                                    <Const ConstValue="(4.)" />
                                                                  </ScalarOperator>
                                                                </Compare>
                                                              </ScalarOperator>
                                                              <ScalarOperator>
                                                                <Compare CompareOp="EQ">
                                                                  <ScalarOperator>
                                                                    <Identifier>
                                                                      <ColumnReference Database="[servicetrax_dev]" Schema="[dbo]" Table="[SERVICE_LINES]" Alias="[sl]" Column="BILLABLE_FLAG" />
                                                                    </Identifier>
                                                                  </ScalarOperator>
                                                                  <ScalarOperator>
                                                                    <Const ConstValue="'Y'" />
                                                                  </ScalarOperator>
                                                                </Compare>
                                                              </ScalarOperator>
                                                              <ScalarOperator>
                                                                <Compare CompareOp="EQ">
                                                                  <ScalarOperator>
                                                                    <Identifier>
                                                                      <ColumnReference Database="[servicetrax_dev]" Schema="[dbo]" Table="[SERVICE_LINES]" Alias="[sl]" Column="INTERNAL_REQ_FLAG" />
                                                                    </Identifier>
                                                                  </ScalarOperator>
                                                                  <ScalarOperator>
                                                                    <Const ConstValue="'N'" />
                                                                  </ScalarOperator>
                                                                </Compare>
                                                              </ScalarOperator>
                                                            </Logical>
                                                          </ScalarOperator>
                                                        </Predicate>
                                                      </Filter>
                                                    </RelOp>
                                                  </ComputeScalar>
                                                </RelOp>
                                                <RelOp AvgRowSize="25" EstimateCPU="0.0001581" EstimateIO="0.003125" EstimateRebinds="0.314869" EstimateRewinds="0" EstimateRows="1" LogicalOp="Clustered Index Seek" NodeId="55" Parallel="false" PhysicalOp="Clustered Index Seek" EstimatedTotalSubtreeCost="0.00368946">
                                                  <OutputList>
                                                    <ColumnReference Database="[servicetrax_dev]" Schema="[dbo]" Table="[SERVICES]" Alias="[s]" Column="QUOTE_ID" />
                                                    <ColumnReference Database="[servicetrax_dev]" Schema="[dbo]" Table="[SERVICES]" Alias="[s]" Column="QUOTE_TOTAL" />
                                                  </OutputList>
                                                  <RunTimeInformation>
                                                    <RunTimeCountersPerThread Thread="0" ActualRows="0" ActualEndOfScans="0" ActualExecutions="0" />
                                                  </RunTimeInformation>
                                                  <IndexScan Ordered="true" ScanDirection="FORWARD" ForcedIndex="false" NoExpandHint="false">
                                                    <DefinedValues>
                                                      <DefinedValue>
                                                        <ColumnReference Database="[servicetrax_dev]" Schema="[dbo]" Table="[SERVICES]" Alias="[s]" Column="QUOTE_ID" />
                                                      </DefinedValue>
                                                      <DefinedValue>
                                                        <ColumnReference Database="[servicetrax_dev]" Schema="[dbo]" Table="[SERVICES]" Alias="[s]" Column="QUOTE_TOTAL" />
                                                      </DefinedValue>
                                                    </DefinedValues>
                                                    <Object Database="[servicetrax_dev]" Schema="[dbo]" Table="[SERVICES]" Index="[PK_SERVICES]" Alias="[s]" />
                                                    <SeekPredicates>
                                                      <SeekPredicate>
                                                        <Prefix ScanType="EQ">
                                                          <RangeColumns>
                                                            <ColumnReference Database="[servicetrax_dev]" Schema="[dbo]" Table="[SERVICES]" Alias="[s]" Column="SERVICE_ID" />
                                                          </RangeColumns>
                                                          <RangeExpressions>
                                                            <ScalarOperator ScalarString="[servicetrax_dev].[dbo].[SERVICE_LINES].[BILL_SERVICE_ID] as [sl].[BILL_SERVICE_ID]">
                                                              <Identifier>
                                                                <ColumnReference Database="[servicetrax_dev]" Schema="[dbo]" Table="[SERVICE_LINES]" Alias="[sl]" Column="BILL_SERVICE_ID" />
                                                              </Identifier>
                                                            </ScalarOperator>
                                                          </RangeExpressions>
                                                        </Prefix>
                                                      </SeekPredicate>
                                                    </SeekPredicates>
                                                  </IndexScan>
                                                </RelOp>
                                              </NestedLoops>
                                            </RelOp>
                                            <RelOp AvgRowSize="16" EstimateCPU="0.00010028" EstimateIO="0.01" EstimateRebinds="0" EstimateRewinds="0.314869" EstimateRows="1" LogicalOp="Lazy Spool" NodeId="56" Parallel="false" PhysicalOp="Table Spool" EstimatedTotalSubtreeCost="0.0298513">
                                              <OutputList>
                                                <ColumnReference Database="[servicetrax_dev]" Schema="[dbo]" Table="[JOBS]" Alias="[j]" Column="PROJECT_ID" />
                                              </OutputList>
                                              <RunTimeInformation>
                                                <RunTimeCountersPerThread Thread="0" ActualRebinds="0" ActualRewinds="0" ActualRows="0" ActualEndOfScans="0" ActualExecutions="0" />
                                              </RunTimeInformation>
                                              <Spool>
                                                <RelOp AvgRowSize="16" EstimateCPU="4.18E-06" EstimateIO="0" EstimateRebinds="0" EstimateRewinds="0" EstimateRows="1" LogicalOp="Inner Join" NodeId="57" Parallel="false" PhysicalOp="Nested Loops" EstimatedTotalSubtreeCost="0.0197195">
                                                  <OutputList>
                                                    <ColumnReference Database="[servicetrax_dev]" Schema="[dbo]" Table="[JOBS]" Alias="[j]" Column="PROJECT_ID" />
                                                  </OutputList>
                                                  <RunTimeInformation>
                                                    <RunTimeCountersPerThread Thread="0" ActualRows="0" ActualEndOfScans="0" ActualExecutions="0" />
                                                  </RunTimeInformation>
                                                  <NestedLoops Optimized="false">
                                                    <OuterReferences>
                                                      <ColumnReference Database="[servicetrax_dev]" Schema="[dbo]" Table="[JOBS]" Alias="[j]" Column="JOB_STATUS_TYPE_ID" />
                                                    </OuterReferences>
                                                    <RelOp AvgRowSize="25" EstimateCPU="4.18E-06" EstimateIO="0" EstimateRebinds="0" EstimateRewinds="0" EstimateRows="1" LogicalOp="Inner Join" NodeId="58" Parallel="false" PhysicalOp="Nested Loops" EstimatedTotalSubtreeCost="0.0164322">
                                                      <OutputList>
                                                        <ColumnReference Database="[servicetrax_dev]" Schema="[dbo]" Table="[JOBS]" Alias="[j]" Column="PROJECT_ID" />
                                                        <ColumnReference Database="[servicetrax_dev]" Schema="[dbo]" Table="[JOBS]" Alias="[j]" Column="JOB_STATUS_TYPE_ID" />
                                                      </OutputList>
                                                      <RunTimeInformation>
                                                        <RunTimeCountersPerThread Thread="0" ActualRows="0" ActualEndOfScans="0" ActualExecutions="0" />
                                                      </RunTimeInformation>
                                                      <NestedLoops Optimized="false">
                                                        <OuterReferences>
                                                          <ColumnReference Database="[servicetrax_dev]" Schema="[dbo]" Table="[CUSTOMERS]" Alias="[c]" Column="customer_type_id" />
                                                        </OuterReferences>
                                                        <RelOp AvgRowSize="34" EstimateCPU="4.18E-06" EstimateIO="0" EstimateRebinds="0" EstimateRewinds="0" EstimateRows="1" LogicalOp="Inner Join" NodeId="59" Parallel="false" PhysicalOp="Nested Loops" EstimatedTotalSubtreeCost="0.0131449">
                                                          <OutputList>
                                                            <ColumnReference Database="[servicetrax_dev]" Schema="[dbo]" Table="[JOBS]" Alias="[j]" Column="PROJECT_ID" />
                                                            <ColumnReference Database="[servicetrax_dev]" Schema="[dbo]" Table="[JOBS]" Alias="[j]" Column="JOB_STATUS_TYPE_ID" />
                                                            <ColumnReference Database="[servicetrax_dev]" Schema="[dbo]" Table="[CUSTOMERS]" Alias="[c]" Column="customer_type_id" />
                                                          </OutputList>
                                                          <RunTimeInformation>
                                                            <RunTimeCountersPerThread Thread="0" ActualRows="0" ActualEndOfScans="0" ActualExecutions="0" />
                                                          </RunTimeInformation>
                                                          <NestedLoops Optimized="false">
                                                            <OuterReferences>
                                                              <ColumnReference Database="[servicetrax_dev]" Schema="[dbo]" Table="[JOBS]" Alias="[j]" Column="JOB_TYPE_ID" />
                                                            </OuterReferences>
                                                            <RelOp AvgRowSize="43" EstimateCPU="4.18E-06" EstimateIO="0" EstimateRebinds="0" EstimateRewinds="0" EstimateRows="1" LogicalOp="Inner Join" NodeId="60" Parallel="false" PhysicalOp="Nested Loops" EstimatedTotalSubtreeCost="0.00985766">
                                                              <OutputList>
                                                                <ColumnReference Database="[servicetrax_dev]" Schema="[dbo]" Table="[JOBS]" Alias="[j]" Column="PROJECT_ID" />
                                                                <ColumnReference Database="[servicetrax_dev]" Schema="[dbo]" Table="[JOBS]" Alias="[j]" Column="JOB_TYPE_ID" />
                                                                <ColumnReference Database="[servicetrax_dev]" Schema="[dbo]" Table="[JOBS]" Alias="[j]" Column="JOB_STATUS_TYPE_ID" />
                                                                <ColumnReference Database="[servicetrax_dev]" Schema="[dbo]" Table="[CUSTOMERS]" Alias="[c]" Column="customer_type_id" />
                                                              </OutputList>
                                                              <RunTimeInformation>
                                                                <RunTimeCountersPerThread Thread="0" ActualRows="0" ActualEndOfScans="0" ActualExecutions="0" />
                                                              </RunTimeInformation>
                                                              <NestedLoops Optimized="false">
                                                                <OuterReferences>
                                                                  <ColumnReference Database="[servicetrax_dev]" Schema="[dbo]" Table="[JOBS]" Alias="[j]" Column="CREATED_BY" />
                                                                </OuterReferences>
                                                                <RelOp AvgRowSize="52" EstimateCPU="4.18E-06" EstimateIO="0" EstimateRebinds="0" EstimateRewinds="0" EstimateRows="1" LogicalOp="Inner Join" NodeId="61" Parallel="false" PhysicalOp="Nested Loops" EstimatedTotalSubtreeCost="0.00657038">
                                                                  <OutputList>
                                                                    <ColumnReference Database="[servicetrax_dev]" Schema="[dbo]" Table="[JOBS]" Alias="[j]" Column="PROJECT_ID" />
                                                                    <ColumnReference Database="[servicetrax_dev]" Schema="[dbo]" Table="[JOBS]" Alias="[j]" Column="JOB_TYPE_ID" />
                                                                    <ColumnReference Database="[servicetrax_dev]" Schema="[dbo]" Table="[JOBS]" Alias="[j]" Column="JOB_STATUS_TYPE_ID" />
                                                                    <ColumnReference Database="[servicetrax_dev]" Schema="[dbo]" Table="[JOBS]" Alias="[j]" Column="CREATED_BY" />
                                                                    <ColumnReference Database="[servicetrax_dev]" Schema="[dbo]" Table="[CUSTOMERS]" Alias="[c]" Column="customer_type_id" />
                                                                  </OutputList>
                                                                  <RunTimeInformation>
                                                                    <RunTimeCountersPerThread Thread="0" ActualRows="0" ActualEndOfScans="0" ActualExecutions="0" />
                                                                  </RunTimeInformation>
                                                                  <NestedLoops Optimized="false">
                                                                    <OuterReferences>
                                                                      <ColumnReference Database="[servicetrax_dev]" Schema="[dbo]" Table="[JOBS]" Alias="[j]" Column="CUSTOMER_ID" />
                                                                    </OuterReferences>
                                                                    <RelOp AvgRowSize="52" EstimateCPU="0.0001581" EstimateIO="0.003125" EstimateRebinds="0" EstimateRewinds="0" EstimateRows="1" LogicalOp="Clustered Index Seek" NodeId="62" Parallel="false" PhysicalOp="Clustered Index Seek" EstimatedTotalSubtreeCost="0.0032831">
                                                                      <OutputList>
                                                                        <ColumnReference Database="[servicetrax_dev]" Schema="[dbo]" Table="[JOBS]" Alias="[j]" Column="PROJECT_ID" />
                                                                        <ColumnReference Database="[servicetrax_dev]" Schema="[dbo]" Table="[JOBS]" Alias="[j]" Column="JOB_TYPE_ID" />
                                                                        <ColumnReference Database="[servicetrax_dev]" Schema="[dbo]" Table="[JOBS]" Alias="[j]" Column="JOB_STATUS_TYPE_ID" />
                                                                        <ColumnReference Database="[servicetrax_dev]" Schema="[dbo]" Table="[JOBS]" Alias="[j]" Column="CUSTOMER_ID" />
                                                                        <ColumnReference Database="[servicetrax_dev]" Schema="[dbo]" Table="[JOBS]" Alias="[j]" Column="CREATED_BY" />
                                                                      </OutputList>
                                                                      <RunTimeInformation>
                                                                        <RunTimeCountersPerThread Thread="0" ActualRows="0" ActualEndOfScans="0" ActualExecutions="0" />
                                                                      </RunTimeInformation>
                                                                      <IndexScan Ordered="true" ScanDirection="FORWARD" ForcedIndex="false" NoExpandHint="false">
                                                                        <DefinedValues>
                                                                          <DefinedValue>
                                                                            <ColumnReference Database="[servicetrax_dev]" Schema="[dbo]" Table="[JOBS]" Alias="[j]" Column="PROJECT_ID" />
                                                                          </DefinedValue>
                                                                          <DefinedValue>
                                                                            <ColumnReference Database="[servicetrax_dev]" Schema="[dbo]" Table="[JOBS]" Alias="[j]" Column="JOB_TYPE_ID" />
                                                                          </DefinedValue>
                                                                          <DefinedValue>
                                                                            <ColumnReference Database="[servicetrax_dev]" Schema="[dbo]" Table="[JOBS]" Alias="[j]" Column="JOB_STATUS_TYPE_ID" />
                                                                          </DefinedValue>
                                                                          <DefinedValue>
                                                                            <ColumnReference Database="[servicetrax_dev]" Schema="[dbo]" Table="[JOBS]" Alias="[j]" Column="CUSTOMER_ID" />
                                                                          </DefinedValue>
                                                                          <DefinedValue>
                                                                            <ColumnReference Database="[servicetrax_dev]" Schema="[dbo]" Table="[JOBS]" Alias="[j]" Column="CREATED_BY" />
                                                                          </DefinedValue>
                                                                        </DefinedValues>
                                                                        <Object Database="[servicetrax_dev]" Schema="[dbo]" Table="[JOBS]" Index="[PK_JOBS]" Alias="[j]" />
                                                                        <SeekPredicates>
                                                                          <SeekPredicate>
                                                                            <Prefix ScanType="EQ">
                                                                              <RangeColumns>
                                                                                <ColumnReference Database="[servicetrax_dev]" Schema="[dbo]" Table="[JOBS]" Alias="[j]" Column="JOB_ID" />
                                                                              </RangeColumns>
                                                                              <RangeExpressions>
                                                                                <ScalarOperator ScalarString="(70867.)">
                                                                                  <Const ConstValue="(70867.)" />
                                                                                </ScalarOperator>
                                                                              </RangeExpressions>
                                                                            </Prefix>
                                                                          </SeekPredicate>
                                                                        </SeekPredicates>
                                                                      </IndexScan>
                                                                    </RelOp>
                                                                    <RelOp AvgRowSize="16" EstimateCPU="0.0001581" EstimateIO="0.003125" EstimateRebinds="0" EstimateRewinds="0" EstimateRows="1" LogicalOp="Index Seek" NodeId="63" Parallel="false" PhysicalOp="Index Seek" EstimatedTotalSubtreeCost="0.0032831">
                                                                      <OutputList>
                                                                        <ColumnReference Database="[servicetrax_dev]" Schema="[dbo]" Table="[CUSTOMERS]" Alias="[c]" Column="customer_type_id" />
                                                                      </OutputList>
                                                                      <RunTimeInformation>
                                                                        <RunTimeCountersPerThread Thread="0" ActualRows="0" ActualEndOfScans="0" ActualExecutions="0" />
                                                                      </RunTimeInformation>
                                                                      <IndexScan Ordered="true" ScanDirection="FORWARD" ForcedIndex="false" NoExpandHint="false">
                                                                        <DefinedValues>
                                                                          <DefinedValue>
                                                                            <ColumnReference Database="[servicetrax_dev]" Schema="[dbo]" Table="[CUSTOMERS]" Alias="[c]" Column="customer_type_id" />
                                                                          </DefinedValue>
                                                                        </DefinedValues>
                                                                        <Object Database="[servicetrax_dev]" Schema="[dbo]" Table="[CUSTOMERS]" Index="[IX_CUSTOMERS2]" Alias="[c]" />
                                                                        <SeekPredicates>
                                                                          <SeekPredicate>
                                                                            <Prefix ScanType="EQ">
                                                                              <RangeColumns>
                                                                                <ColumnReference Database="[servicetrax_dev]" Schema="[dbo]" Table="[CUSTOMERS]" Alias="[c]" Column="CUSTOMER_ID" />
                                                                              </RangeColumns>
                                                                              <RangeExpressions>
                                                                                <ScalarOperator ScalarString="[servicetrax_dev].[dbo].[JOBS].[CUSTOMER_ID] as [j].[CUSTOMER_ID]">
                                                                                  <Identifier>
                                                                                    <ColumnReference Database="[servicetrax_dev]" Schema="[dbo]" Table="[JOBS]" Alias="[j]" Column="CUSTOMER_ID" />
                                                                                  </Identifier>
                                                                                </ScalarOperator>
                                                                              </RangeExpressions>
                                                                            </Prefix>
                                                                          </SeekPredicate>
                                                                        </SeekPredicates>
                                                                      </IndexScan>
                                                                    </RelOp>
                                                                  </NestedLoops>
                                                                </RelOp>
                                                                <RelOp AvgRowSize="9" EstimateCPU="0.0001581" EstimateIO="0.003125" EstimateRebinds="0" EstimateRewinds="0" EstimateRows="1" LogicalOp="Clustered Index Seek" NodeId="64" Parallel="false" PhysicalOp="Clustered Index Seek" EstimatedTotalSubtreeCost="0.0032831">
                                                                  <OutputList />
                                                                  <RunTimeInformation>
                                                                    <RunTimeCountersPerThread Thread="0" ActualRows="0" ActualEndOfScans="0" ActualExecutions="0" />
                                                                  </RunTimeInformation>
                                                                  <IndexScan Ordered="true" ScanDirection="FORWARD" ForcedIndex="false" NoExpandHint="false">
                                                                    <DefinedValues />
                                                                    <Object Database="[servicetrax_dev]" Schema="[dbo]" Table="[USERS]" Index="[PK_USERS]" Alias="[created_by]" />
                                                                    <SeekPredicates>
                                                                      <SeekPredicate>
                                                                        <Prefix ScanType="EQ">
                                                                          <RangeColumns>
                                                                            <ColumnReference Database="[servicetrax_dev]" Schema="[dbo]" Table="[USERS]" Alias="[created_by]" Column="USER_ID" />
                                                                          </RangeColumns>
                                                                          <RangeExpressions>
                                                                            <ScalarOperator ScalarString="[servicetrax_dev].[dbo].[JOBS].[CREATED_BY] as [j].[CREATED_BY]">
                                                                              <Identifier>
                                                                                <ColumnReference Database="[servicetrax_dev]" Schema="[dbo]" Table="[JOBS]" Alias="[j]" Column="CREATED_BY" />
                                                                              </Identifier>
                                                                            </ScalarOperator>
                                                                          </RangeExpressions>
                                                                        </Prefix>
                                                                      </SeekPredicate>
                                                                    </SeekPredicates>
                                                                  </IndexScan>
                                                                </RelOp>
                                                              </NestedLoops>
                                                            </RelOp>
                                                            <RelOp AvgRowSize="9" EstimateCPU="0.0001581" EstimateIO="0.003125" EstimateRebinds="0" EstimateRewinds="0" EstimateRows="1" LogicalOp="Index Seek" NodeId="65" Parallel="false" PhysicalOp="Index Seek" EstimatedTotalSubtreeCost="0.0032831">
                                                              <OutputList />
                                                              <RunTimeInformation>
                                                                <RunTimeCountersPerThread Thread="0" ActualRows="0" ActualEndOfScans="0" ActualExecutions="0" />
                                                              </RunTimeInformation>
                                                              <IndexScan Ordered="true" ScanDirection="FORWARD" ForcedIndex="false" NoExpandHint="false">
                                                                <DefinedValues />
                                                                <Object Database="[servicetrax_dev]" Schema="[dbo]" Table="[LOOKUPS]" Index="[IX_L_LID_NAME]" Alias="[job_type]" />
                                                                <SeekPredicates>
                                                                  <SeekPredicate>
                                                                    <Prefix ScanType="EQ">
                                                                      <RangeColumns>
                                                                        <ColumnReference Database="[servicetrax_dev]" Schema="[dbo]" Table="[LOOKUPS]" Alias="[job_type]" Column="LOOKUP_ID" />
                                                                      </RangeColumns>
                                                                      <RangeExpressions>
                                                                        <ScalarOperator ScalarString="[servicetrax_dev].[dbo].[JOBS].[JOB_TYPE_ID] as [j].[JOB_TYPE_ID]">
                                                                          <Identifier>
                                                                            <ColumnReference Database="[servicetrax_dev]" Schema="[dbo]" Table="[JOBS]" Alias="[j]" Column="JOB_TYPE_ID" />
                                                                          </Identifier>
                                                                        </ScalarOperator>
                                                                      </RangeExpressions>
                                                                    </Prefix>
                                                                  </SeekPredicate>
                                                                </SeekPredicates>
                                                              </IndexScan>
                                                            </RelOp>
                                                          </NestedLoops>
                                                        </RelOp>
                                                        <RelOp AvgRowSize="9" EstimateCPU="0.0001581" EstimateIO="0.003125" EstimateRebinds="0" EstimateRewinds="0" EstimateRows="1" LogicalOp="Index Seek" NodeId="66" Parallel="false" PhysicalOp="Index Seek" EstimatedTotalSubtreeCost="0.0032831">
                                                          <OutputList />
                                                          <RunTimeInformation>
                                                            <RunTimeCountersPerThread Thread="0" ActualRows="0" ActualEndOfScans="0" ActualExecutions="0" />
                                                          </RunTimeInformation>
                                                          <IndexScan Ordered="true" ScanDirection="FORWARD" ForcedIndex="false" NoExpandHint="false">
                                                            <DefinedValues />
                                                            <Object Database="[servicetrax_dev]" Schema="[dbo]" Table="[LOOKUPS]" Index="[IX_L_LID_NAME]" Alias="[customer_type]" />
                                                            <SeekPredicates>
                                                              <SeekPredicate>
                                                                <Prefix ScanType="EQ">
                                                                  <RangeColumns>
                                                                    <ColumnReference Database="[servicetrax_dev]" Schema="[dbo]" Table="[LOOKUPS]" Alias="[customer_type]" Column="LOOKUP_ID" />
                                                                  </RangeColumns>
                                                                  <RangeExpressions>
                                                                    <ScalarOperator ScalarString="[servicetrax_dev].[dbo].[CUSTOMERS].[customer_type_id] as [c].[customer_type_id]">
                                                                      <Identifier>
                                                                        <ColumnReference Database="[servicetrax_dev]" Schema="[dbo]" Table="[CUSTOMERS]" Alias="[c]" Column="customer_type_id" />
                                                                      </Identifier>
                                                                    </ScalarOperator>
                                                                  </RangeExpressions>
                                                                </Prefix>
                                                              </SeekPredicate>
                                                            </SeekPredicates>
                                                          </IndexScan>
                                                        </RelOp>
                                                      </NestedLoops>
                                                    </RelOp>
                                                    <RelOp AvgRowSize="9" EstimateCPU="0.0001581" EstimateIO="0.003125" EstimateRebinds="0" EstimateRewinds="0" EstimateRows="1" LogicalOp="Index Seek" NodeId="67" Parallel="false" PhysicalOp="Index Seek" EstimatedTotalSubtreeCost="0.0032831">
                                                      <OutputList />
                                                      <RunTimeInformation>
                                                        <RunTimeCountersPerThread Thread="0" ActualRows="0" ActualEndOfScans="0" ActualExecutions="0" />
                                                      </RunTimeInformation>
                                                      <IndexScan Ordered="true" ScanDirection="FORWARD" ForcedIndex="false" NoExpandHint="false">
                                                        <DefinedValues />
                                                        <Object Database="[servicetrax_dev]" Schema="[dbo]" Table="[LOOKUPS]" Index="[IX_L_LID_NAME]" Alias="[job_status_type]" />
                                                        <SeekPredicates>
                                                          <SeekPredicate>
                                                            <Prefix ScanType="EQ">
                                                              <RangeColumns>
                                                                <ColumnReference Database="[servicetrax_dev]" Schema="[dbo]" Table="[LOOKUPS]" Alias="[job_status_type]" Column="LOOKUP_ID" />
                                                              </RangeColumns>
                                                              <RangeExpressions>
                                                                <ScalarOperator ScalarString="[servicetrax_dev].[dbo].[JOBS].[JOB_STATUS_TYPE_ID] as [j].[JOB_STATUS_TYPE_ID]">
                                                                  <Identifier>
                                                                    <ColumnReference Database="[servicetrax_dev]" Schema="[dbo]" Table="[JOBS]" Alias="[j]" Column="JOB_STATUS_TYPE_ID" />
                                                                  </Identifier>
                                                                </ScalarOperator>
                                                              </RangeExpressions>
                                                            </Prefix>
                                                          </SeekPredicate>
                                                        </SeekPredicates>
                                                      </IndexScan>
                                                    </RelOp>
                                                  </NestedLoops>
                                                </RelOp>
                                              </Spool>
                                            </RelOp>
                                          </NestedLoops>
                                        </RelOp>
                                        <RelOp AvgRowSize="16" EstimateCPU="0.0001581" EstimateIO="0.003125" EstimateRebinds="0.314869" EstimateRewinds="0" EstimateRows="1" LogicalOp="Clustered Index Seek" NodeId="68" Parallel="false" PhysicalOp="Clustered Index Seek" EstimatedTotalSubtreeCost="0.00368935">
                                          <OutputList>
                                            <ColumnReference Database="[servicetrax_dev]" Schema="[dbo]" Table="[QUOTES]" Alias="[q]" Column="quote_total" />
                                          </OutputList>
                                          <RunTimeInformation>
                                            <RunTimeCountersPerThread Thread="0" ActualRows="0" ActualEndOfScans="0" ActualExecutions="0" />
                                          </RunTimeInformation>
                                          <IndexScan Ordered="true" ScanDirection="FORWARD" ForcedIndex="false" NoExpandHint="false">
                                            <DefinedValues>
                                              <DefinedValue>
                                                <ColumnReference Database="[servicetrax_dev]" Schema="[dbo]" Table="[QUOTES]" Alias="[q]" Column="quote_total" />
                                              </DefinedValue>
                                            </DefinedValues>
                                            <Object Database="[servicetrax_dev]" Schema="[dbo]" Table="[QUOTES]" Index="[PK_QUOTES]" Alias="[q]" />
                                            <SeekPredicates>
                                              <SeekPredicate>
                                                <Prefix ScanType="EQ">
                                                  <RangeColumns>
                                                    <ColumnReference Database="[servicetrax_dev]" Schema="[dbo]" Table="[QUOTES]" Alias="[q]" Column="quote_id" />
                                                  </RangeColumns>
                                                  <RangeExpressions>
                                                    <ScalarOperator ScalarString="[servicetrax_dev].[dbo].[SERVICES].[QUOTE_ID] as [s].[QUOTE_ID]">
                                                      <Identifier>
                                                        <ColumnReference Database="[servicetrax_dev]" Schema="[dbo]" Table="[SERVICES]" Alias="[s]" Column="QUOTE_ID" />
                                                      </Identifier>
                                                    </ScalarOperator>
                                                  </RangeExpressions>
                                                </Prefix>
                                              </SeekPredicate>
                                            </SeekPredicates>
                                          </IndexScan>
                                        </RelOp>
                                      </NestedLoops>
                                    </RelOp>
                                  </ComputeScalar>
                                </RelOp>
                                <RelOp AvgRowSize="16" EstimateCPU="0.0001581" EstimateIO="0.003125" EstimateRebinds="0.314869" EstimateRewinds="0" EstimateRows="1" LogicalOp="Index Seek" NodeId="72" Parallel="false" PhysicalOp="Index Seek" EstimatedTotalSubtreeCost="0.00368873">
                                  <OutputList>
                                    <ColumnReference Database="[servicetrax_dev]" Schema="[dbo]" Table="[PROJECTS]" Alias="[p]" Column="end_user_id" />
                                  </OutputList>
                                  <RunTimeInformation>
                                    <RunTimeCountersPerThread Thread="0" ActualRows="0" ActualEndOfScans="0" ActualExecutions="0" />
                                  </RunTimeInformation>
                                  <IndexScan Ordered="true" ScanDirection="FORWARD" ForcedIndex="false" NoExpandHint="false">
                                    <DefinedValues>
                                      <DefinedValue>
                                        <ColumnReference Database="[servicetrax_dev]" Schema="[dbo]" Table="[PROJECTS]" Alias="[p]" Column="end_user_id" />
                                      </DefinedValue>
                                    </DefinedValues>
                                    <Object Database="[servicetrax_dev]" Schema="[dbo]" Table="[PROJECTS]" Index="[IX_project_p_eu]" Alias="[p]" TableReferenceId="1" />
                                    <SeekPredicates>
                                      <SeekPredicate>
                                        <Prefix ScanType="EQ">
                                          <RangeColumns>
                                            <ColumnReference Database="[servicetrax_dev]" Schema="[dbo]" Table="[PROJECTS]" Alias="[p]" Column="PROJECT_ID" />
                                          </RangeColumns>
                                          <RangeExpressions>
                                            <ScalarOperator ScalarString="[servicetrax_dev].[dbo].[JOBS].[PROJECT_ID] as [j].[PROJECT_ID]">
                                              <Identifier>
                                                <ColumnReference Database="[servicetrax_dev]" Schema="[dbo]" Table="[JOBS]" Alias="[j]" Column="PROJECT_ID" />
                                              </Identifier>
                                            </ScalarOperator>
                                          </RangeExpressions>
                                        </Prefix>
                                      </SeekPredicate>
                                    </SeekPredicates>
                                  </IndexScan>
                                </RelOp>
                              </NestedLoops>
                            </RelOp>
                          </ComputeScalar>
                        </RelOp>
                      </Sort>
                    </RelOp>
                  </StreamAggregate>
                </RelOp>
              </ComputeScalar>
            </RelOp>
          </QueryPlan>
        </StmtSimple>
      </Statements>
    </Batch>
  </BatchSequence>
</ShowPlanXML>