<?xml version="1.0" encoding="utf-16"?>
<ShowPlanXML xmlns:xsi="http://www.w3.org/2001/XMLSchema-instance" xmlns:xsd="http://www.w3.org/2001/XMLSchema" Version="1.0" Build="9.00.3054.00" xmlns="http://schemas.microsoft.com/sqlserver/2004/07/showplan">
  <BatchSequence>
    <Batch>
      <Statements>
        <StmtSimple StatementCompId="1" StatementEstRows="9629.74" StatementId="1" StatementOptmLevel="FULL" StatementSubTreeCost="113.149" StatementText="SELECT billing_user_id,&#xD;&#xA;		          bill_job_no,&#xD;&#xA;		          bill_job_id,&#xD;&#xA;		          non_billable_total,&#xD;&#xA;		          billable_total,&#xD;&#xA;		          invoiced_total,&#xD;&#xA;		          customer_name,&#xD;&#xA;		          end_user_name,&#xD;&#xA;		          max_est_end_date_varchar,&#xD;&#xA;		          billing_user_name,&#xD;&#xA;		          job_name,&#xD;&#xA;		          organization_id,&#xD;&#xA;		          po_count,&#xD;&#xA;		          received_po_count&#xD;&#xA;	         FROM bill_jobs_v&#xD;&#xA;	        WHERE organization_id = 2&#xD;&#xA;	          AND (billing_user_id = 2250 OR 'true' = 'true')&#xD;&#xA;	     ORDER BY billing_user_name, bill_job_no" StatementType="SELECT">
          <StatementSetOptions ANSI_NULLS="false" ANSI_PADDING="false" ANSI_WARNINGS="false" ARITHABORT="true" CONCAT_NULL_YIELDS_NULL="false" NUMERIC_ROUNDABORT="false" QUOTED_IDENTIFIER="false" />
          <QueryPlan DegreeOfParallelism="4" MemoryGrant="14072" CachedPlanSize="869" CompileTime="3186" CompileCPU="3156" CompileMemory="16464">
            <MissingIndexes>
              <MissingIndexGroup Impact="75.0644">
                <MissingIndex Database="[servicetrax_dev]" Schema="[dbo]" Table="[SERVICE_LINES]">
                  <ColumnGroup Usage="EQUALITY">
                    <Column Name="[ORGANIZATION_ID]" ColumnId="1" />
                    <Column Name="[STATUS_ID]" ColumnId="14" />
                    <Column Name="[INTERNAL_REQ_FLAG]" ColumnId="58" />
                  </ColumnGroup>
                  <ColumnGroup Usage="INCLUDE">
                    <Column Name="[BILL_JOB_NO]" ColumnId="6" />
                    <Column Name="[BILL_JOB_ID]" ColumnId="21" />
                    <Column Name="[BILL_SERVICE_ID]" ColumnId="22" />
                    <Column Name="[INVOICE_ID]" ColumnId="29" />
                    <Column Name="[BILLABLE_FLAG]" ColumnId="32" />
                    <Column Name="[bill_total]" ColumnId="85" />
                  </ColumnGroup>
                </MissingIndex>
              </MissingIndexGroup>
            </MissingIndexes>
            <RelOp AvgRowSize="409" EstimateCPU="0.000962974" EstimateIO="0" EstimateRebinds="0" EstimateRewinds="0" EstimateRows="9629.74" LogicalOp="Compute Scalar" NodeId="0" Parallel="false" PhysicalOp="Compute Scalar" EstimatedTotalSubtreeCost="113.149">
              <OutputList>
                <ColumnReference Database="[servicetrax_dev]" Schema="[dbo]" Table="[SERVICE_LINES]" Alias="[sl]" Column="ORGANIZATION_ID" />
                <ColumnReference Database="[servicetrax_dev]" Schema="[dbo]" Table="[SERVICE_LINES]" Alias="[sl]" Column="BILL_JOB_NO" />
                <ColumnReference Database="[servicetrax_dev]" Schema="[dbo]" Table="[SERVICE_LINES]" Alias="[sl]" Column="BILL_JOB_ID" />
                <ColumnReference Database="[servicetrax_dev]" Schema="[dbo]" Table="[JOBS]" Alias="[j]" Column="JOB_NAME" />
                <ColumnReference Database="[servicetrax_dev]" Schema="[dbo]" Table="[JOBS]" Alias="[j]" Column="BILLING_USER_ID" />
                <ColumnReference Column="Expr1020" />
                <ColumnReference Column="Expr1021" />
                <ColumnReference Column="Expr1023" />
                <ColumnReference Column="Expr1024" />
                <ColumnReference Column="Expr1025" />
                <ColumnReference Column="Expr1026" />
                <ColumnReference Column="Expr1033" />
                <ColumnReference Column="Expr1040" />
                <ColumnReference Column="Expr1049" />
              </OutputList>
              <ComputeScalar>
                <DefinedValues>
                  <DefinedValue>
                    <ColumnReference Column="Expr1026" />
                    <ScalarOperator ScalarString="CONVERT(varchar(30),[Expr1022],1)">
                      <Convert DataType="varchar" Length="30" Style="1" Implicit="false">
                        <ScalarOperator>
                          <Identifier>
                            <ColumnReference Column="Expr1022" />
                          </Identifier>
                        </ScalarOperator>
                      </Convert>
                    </ScalarOperator>
                  </DefinedValue>
                  <DefinedValue>
                    <ColumnReference Column="Expr1033" />
                    <ScalarOperator ScalarString="isnull([Expr1031],(0.0000))">
                      <Intrinsic FunctionName="isnull">
                        <ScalarOperator>
                          <Identifier>
                            <ColumnReference Column="Expr1031" />
                          </Identifier>
                        </ScalarOperator>
                        <ScalarOperator>
                          <Const ConstValue="(0.0000)" />
                        </ScalarOperator>
                      </Intrinsic>
                    </ScalarOperator>
                  </DefinedValue>
                  <DefinedValue>
                    <ColumnReference Column="Expr1040" />
                    <ScalarOperator ScalarString="CASE WHEN [Expr1038] IS NULL THEN (0) ELSE [Expr1038] END">
                      <IF>
                        <Condition>
                          <ScalarOperator>
                            <Logical Operation="IS NULL">
                              <ScalarOperator>
                                <Identifier>
                                  <ColumnReference Column="Expr1038" />
                                </Identifier>
                              </ScalarOperator>
                            </Logical>
                          </ScalarOperator>
                        </Condition>
                        <Then>
                          <ScalarOperator>
                            <Const ConstValue="(0)" />
                          </ScalarOperator>
                        </Then>
                        <Else>
                          <ScalarOperator>
                            <Identifier>
                              <ColumnReference Column="Expr1038" />
                            </Identifier>
                          </ScalarOperator>
                        </Else>
                      </IF>
                    </ScalarOperator>
                  </DefinedValue>
                  <DefinedValue>
                    <ColumnReference Column="Expr1049" />
                    <ScalarOperator ScalarString="CASE WHEN [Expr1047] IS NULL THEN (0) ELSE [Expr1047] END">
                      <IF>
                        <Condition>
                          <ScalarOperator>
                            <Logical Operation="IS NULL">
                              <ScalarOperator>
                                <Identifier>
                                  <ColumnReference Column="Expr1047" />
                                </Identifier>
                              </ScalarOperator>
                            </Logical>
                          </ScalarOperator>
                        </Condition>
                        <Then>
                          <ScalarOperator>
                            <Const ConstValue="(0)" />
                          </ScalarOperator>
                        </Then>
                        <Else>
                          <ScalarOperator>
                            <Identifier>
                              <ColumnReference Column="Expr1047" />
                            </Identifier>
                          </ScalarOperator>
                        </Else>
                      </IF>
                    </ScalarOperator>
                  </DefinedValue>
                </DefinedValues>
                <RelOp AvgRowSize="400" EstimateCPU="0.245138" EstimateIO="0" EstimateRebinds="0" EstimateRewinds="0" EstimateRows="9629.74" LogicalOp="Gather Streams" NodeId="1" Parallel="true" PhysicalOp="Parallelism" EstimatedTotalSubtreeCost="113.148">
                  <OutputList>
                    <ColumnReference Database="[servicetrax_dev]" Schema="[dbo]" Table="[SERVICE_LINES]" Alias="[sl]" Column="ORGANIZATION_ID" />
                    <ColumnReference Database="[servicetrax_dev]" Schema="[dbo]" Table="[SERVICE_LINES]" Alias="[sl]" Column="BILL_JOB_NO" />
                    <ColumnReference Database="[servicetrax_dev]" Schema="[dbo]" Table="[SERVICE_LINES]" Alias="[sl]" Column="BILL_JOB_ID" />
                    <ColumnReference Database="[servicetrax_dev]" Schema="[dbo]" Table="[JOBS]" Alias="[j]" Column="JOB_NAME" />
                    <ColumnReference Database="[servicetrax_dev]" Schema="[dbo]" Table="[JOBS]" Alias="[j]" Column="BILLING_USER_ID" />
                    <ColumnReference Column="Expr1020" />
                    <ColumnReference Column="Expr1021" />
                    <ColumnReference Column="Expr1022" />
                    <ColumnReference Column="Expr1023" />
                    <ColumnReference Column="Expr1024" />
                    <ColumnReference Column="Expr1025" />
                    <ColumnReference Column="Expr1031" />
                    <ColumnReference Column="Expr1038" />
                    <ColumnReference Column="Expr1047" />
                  </OutputList>
                  <RunTimeInformation>
                    <RunTimeCountersPerThread Thread="0" ActualRows="268" ActualEndOfScans="1" ActualExecutions="1" />
                  </RunTimeInformation>
                  <Parallelism>
                    <OrderBy>
                      <OrderByColumn Ascending="true">
                        <ColumnReference Column="Expr1025" />
                      </OrderByColumn>
                      <OrderByColumn Ascending="true">
                        <ColumnReference Database="[servicetrax_dev]" Schema="[dbo]" Table="[SERVICE_LINES]" Alias="[sl]" Column="BILL_JOB_NO" />
                      </OrderByColumn>
                    </OrderBy>
                    <RelOp AvgRowSize="400" EstimateCPU="0.275171" EstimateIO="0.00563063" EstimateRebinds="0" EstimateRewinds="0" EstimateRows="9629.74" LogicalOp="Sort" NodeId="2" Parallel="true" PhysicalOp="Sort" EstimatedTotalSubtreeCost="112.903">
                      <OutputList>
                        <ColumnReference Database="[servicetrax_dev]" Schema="[dbo]" Table="[SERVICE_LINES]" Alias="[sl]" Column="ORGANIZATION_ID" />
                        <ColumnReference Database="[servicetrax_dev]" Schema="[dbo]" Table="[SERVICE_LINES]" Alias="[sl]" Column="BILL_JOB_NO" />
                        <ColumnReference Database="[servicetrax_dev]" Schema="[dbo]" Table="[SERVICE_LINES]" Alias="[sl]" Column="BILL_JOB_ID" />
                        <ColumnReference Database="[servicetrax_dev]" Schema="[dbo]" Table="[JOBS]" Alias="[j]" Column="JOB_NAME" />
                        <ColumnReference Database="[servicetrax_dev]" Schema="[dbo]" Table="[JOBS]" Alias="[j]" Column="BILLING_USER_ID" />
                        <ColumnReference Column="Expr1020" />
                        <ColumnReference Column="Expr1021" />
                        <ColumnReference Column="Expr1022" />
                        <ColumnReference Column="Expr1023" />
                        <ColumnReference Column="Expr1024" />
                        <ColumnReference Column="Expr1025" />
                        <ColumnReference Column="Expr1031" />
                        <ColumnReference Column="Expr1038" />
                        <ColumnReference Column="Expr1047" />
                      </OutputList>
                      <MemoryFractions Input="0.324051" Output="1" />
                      <RunTimeInformation>
                        <RunTimeCountersPerThread Thread="1" ActualRebinds="1" ActualRewinds="0" ActualRows="55" ActualEndOfScans="1" ActualExecutions="1" />
                        <RunTimeCountersPerThread Thread="4" ActualRebinds="1" ActualRewinds="0" ActualRows="82" ActualEndOfScans="1" ActualExecutions="1" />
                        <RunTimeCountersPerThread Thread="3" ActualRebinds="1" ActualRewinds="0" ActualRows="60" ActualEndOfScans="1" ActualExecutions="1" />
                        <RunTimeCountersPerThread Thread="2" ActualRebinds="1" ActualRewinds="0" ActualRows="71" ActualEndOfScans="1" ActualExecutions="1" />
                        <RunTimeCountersPerThread Thread="0" ActualRebinds="0" ActualRewinds="0" ActualRows="0" ActualEndOfScans="0" ActualExecutions="0" />
                      </RunTimeInformation>
                      <Sort Distinct="false">
                        <OrderBy>
                          <OrderByColumn Ascending="true">
                            <ColumnReference Column="Expr1025" />
                          </OrderByColumn>
                          <OrderByColumn Ascending="true">
                            <ColumnReference Database="[servicetrax_dev]" Schema="[dbo]" Table="[SERVICE_LINES]" Alias="[sl]" Column="BILL_JOB_NO" />
                          </OrderByColumn>
                        </OrderBy>
                        <RelOp AvgRowSize="400" EstimateCPU="0.0597661" EstimateIO="0" EstimateRebinds="0" EstimateRewinds="0" EstimateRows="9629.74" LogicalOp="Right Outer Join" NodeId="3" Parallel="true" PhysicalOp="Hash Match" EstimatedTotalSubtreeCost="112.623">
                          <OutputList>
                            <ColumnReference Database="[servicetrax_dev]" Schema="[dbo]" Table="[SERVICE_LINES]" Alias="[sl]" Column="ORGANIZATION_ID" />
                            <ColumnReference Database="[servicetrax_dev]" Schema="[dbo]" Table="[SERVICE_LINES]" Alias="[sl]" Column="BILL_JOB_NO" />
                            <ColumnReference Database="[servicetrax_dev]" Schema="[dbo]" Table="[SERVICE_LINES]" Alias="[sl]" Column="BILL_JOB_ID" />
                            <ColumnReference Database="[servicetrax_dev]" Schema="[dbo]" Table="[JOBS]" Alias="[j]" Column="JOB_NAME" />
                            <ColumnReference Database="[servicetrax_dev]" Schema="[dbo]" Table="[JOBS]" Alias="[j]" Column="BILLING_USER_ID" />
                            <ColumnReference Column="Expr1020" />
                            <ColumnReference Column="Expr1021" />
                            <ColumnReference Column="Expr1022" />
                            <ColumnReference Column="Expr1023" />
                            <ColumnReference Column="Expr1024" />
                            <ColumnReference Column="Expr1025" />
                            <ColumnReference Column="Expr1031" />
                            <ColumnReference Column="Expr1038" />
                            <ColumnReference Column="Expr1047" />
                          </OutputList>
                          <MemoryFractions Input="0" Output="0" />
                          <RunTimeInformation>
                            <RunTimeCountersPerThread Thread="1" ActualRows="55" ActualEndOfScans="1" ActualExecutions="1" />
                            <RunTimeCountersPerThread Thread="4" ActualRows="82" ActualEndOfScans="1" ActualExecutions="1" />
                            <RunTimeCountersPerThread Thread="3" ActualRows="60" ActualEndOfScans="1" ActualExecutions="1" />
                            <RunTimeCountersPerThread Thread="2" ActualRows="71" ActualEndOfScans="1" ActualExecutions="1" />
                            <RunTimeCountersPerThread Thread="0" ActualRows="0" ActualEndOfScans="0" ActualExecutions="0" />
                          </RunTimeInformation>
                          <Hash>
                            <DefinedValues />
                            <HashKeysBuild>
                              <ColumnReference Database="[servicetrax_dev]" Schema="[dbo]" Table="[REQUESTS]" Alias="[r]" Column="PROJECT_ID" />
                            </HashKeysBuild>
                            <HashKeysProbe>
                              <ColumnReference Database="[servicetrax_dev]" Schema="[dbo]" Table="[JOBS]" Alias="[j]" Column="PROJECT_ID" />
                            </HashKeysProbe>
                            <ProbeResidual>
                              <ScalarOperator ScalarString="[servicetrax_dev].[dbo].[REQUESTS].[PROJECT_ID] as [r].[PROJECT_ID]=[servicetrax_dev].[dbo].[JOBS].[PROJECT_ID] as [j].[PROJECT_ID]">
                                <Compare CompareOp="EQ">
                                  <ScalarOperator>
                                    <Identifier>
                                      <ColumnReference Database="[servicetrax_dev]" Schema="[dbo]" Table="[REQUESTS]" Alias="[r]" Column="PROJECT_ID" />
                                    </Identifier>
                                  </ScalarOperator>
                                  <ScalarOperator>
                                    <Identifier>
                                      <ColumnReference Database="[servicetrax_dev]" Schema="[dbo]" Table="[JOBS]" Alias="[j]" Column="PROJECT_ID" />
                                    </Identifier>
                                  </ScalarOperator>
                                </Compare>
                              </ScalarOperator>
                            </ProbeResidual>
                            <RelOp AvgRowSize="20" EstimateCPU="0.028503" EstimateIO="0" EstimateRebinds="0" EstimateRewinds="0" EstimateRows="1" LogicalOp="Distribute Streams" NodeId="4" Parallel="true" PhysicalOp="Parallelism" EstimatedTotalSubtreeCost="0.110346">
                              <OutputList>
                                <ColumnReference Database="[servicetrax_dev]" Schema="[dbo]" Table="[REQUESTS]" Alias="[r]" Column="PROJECT_ID" />
                                <ColumnReference Column="Expr1047" />
                              </OutputList>
                              <RunTimeInformation>
                                <RunTimeCountersPerThread Thread="3" ActualRows="1" ActualEndOfScans="1" ActualExecutions="1" />
                                <RunTimeCountersPerThread Thread="4" ActualRows="1" ActualEndOfScans="1" ActualExecutions="1" />
                                <RunTimeCountersPerThread Thread="2" ActualRows="1" ActualEndOfScans="1" ActualExecutions="1" />
                                <RunTimeCountersPerThread Thread="1" ActualRows="1" ActualEndOfScans="1" ActualExecutions="1" />
                                <RunTimeCountersPerThread Thread="0" ActualRows="0" ActualEndOfScans="0" ActualExecutions="0" />
                              </RunTimeInformation>
                              <Parallelism PartitioningType="Broadcast">
                                <RelOp AvgRowSize="20" EstimateCPU="1.1E-06" EstimateIO="0" EstimateRebinds="0" EstimateRewinds="0" EstimateRows="1" LogicalOp="Compute Scalar" NodeId="5" Parallel="false" PhysicalOp="Compute Scalar" EstimatedTotalSubtreeCost="0.0818429">
                                  <OutputList>
                                    <ColumnReference Database="[servicetrax_dev]" Schema="[dbo]" Table="[REQUESTS]" Alias="[r]" Column="PROJECT_ID" />
                                    <ColumnReference Column="Expr1047" />
                                  </OutputList>
                                  <ComputeScalar>
                                    <DefinedValues>
                                      <DefinedValue>
                                        <ColumnReference Column="Expr1047" />
                                        <ScalarOperator ScalarString="CONVERT_IMPLICIT(int,[Expr1081],0)">
                                          <Convert DataType="int" Style="0" Implicit="true">
                                            <ScalarOperator>
                                              <Identifier>
                                                <ColumnReference Column="Expr1081" />
                                              </Identifier>
                                            </ScalarOperator>
                                          </Convert>
                                        </ScalarOperator>
                                      </DefinedValue>
                                    </DefinedValues>
                                    <RelOp AvgRowSize="20" EstimateCPU="1.1E-06" EstimateIO="0" EstimateRebinds="0" EstimateRewinds="0" EstimateRows="1" LogicalOp="Aggregate" NodeId="6" Parallel="false" PhysicalOp="Stream Aggregate" EstimatedTotalSubtreeCost="0.0818429">
                                      <OutputList>
                                        <ColumnReference Database="[servicetrax_dev]" Schema="[dbo]" Table="[REQUESTS]" Alias="[r]" Column="PROJECT_ID" />
                                        <ColumnReference Column="Expr1081" />
                                      </OutputList>
                                      <RunTimeInformation>
                                        <RunTimeCountersPerThread Thread="1" ActualRows="1" ActualEndOfScans="1" ActualExecutions="1" />
                                        <RunTimeCountersPerThread Thread="0" ActualRows="0" ActualEndOfScans="0" ActualExecutions="0" />
                                      </RunTimeInformation>
                                      <StreamAggregate>
                                        <DefinedValues>
                                          <DefinedValue>
                                            <ColumnReference Column="Expr1081" />
                                            <ScalarOperator ScalarString="Count(*)">
                                              <Aggregate AggType="countstar" Distinct="false" />
                                            </ScalarOperator>
                                          </DefinedValue>
                                        </DefinedValues>
                                        <GroupBy>
                                          <ColumnReference Database="[servicetrax_dev]" Schema="[dbo]" Table="[REQUESTS]" Alias="[r]" Column="PROJECT_ID" />
                                        </GroupBy>
                                        <RelOp AvgRowSize="16" EstimateCPU="0.000100016" EstimateIO="0.0112613" EstimateRebinds="0" EstimateRewinds="0" EstimateRows="1" LogicalOp="Sort" NodeId="7" Parallel="false" PhysicalOp="Sort" EstimatedTotalSubtreeCost="0.0818418">
                                          <OutputList>
                                            <ColumnReference Database="[servicetrax_dev]" Schema="[dbo]" Table="[REQUESTS]" Alias="[r]" Column="PROJECT_ID" />
                                          </OutputList>
                                          <MemoryFractions Input="0.5" Output="1" />
                                          <RunTimeInformation>
                                            <RunTimeCountersPerThread Thread="1" ActualRebinds="1" ActualRewinds="0" ActualRows="3" ActualEndOfScans="1" ActualExecutions="1" />
                                            <RunTimeCountersPerThread Thread="0" ActualRebinds="0" ActualRewinds="0" ActualRows="0" ActualEndOfScans="0" ActualExecutions="0" />
                                          </RunTimeInformation>
                                          <Sort Distinct="false">
                                            <OrderBy>
                                              <OrderByColumn Ascending="true">
                                                <ColumnReference Database="[servicetrax_dev]" Schema="[dbo]" Table="[REQUESTS]" Alias="[r]" Column="PROJECT_ID" />
                                              </OrderByColumn>
                                            </OrderBy>
                                            <RelOp AvgRowSize="16" EstimateCPU="0.0285022" EstimateIO="0" EstimateRebinds="0" EstimateRewinds="0" EstimateRows="1" LogicalOp="Gather Streams" NodeId="8" Parallel="true" PhysicalOp="Parallelism" EstimatedTotalSubtreeCost="0.0704805">
                                              <OutputList>
                                                <ColumnReference Database="[servicetrax_dev]" Schema="[dbo]" Table="[REQUESTS]" Alias="[r]" Column="PROJECT_ID" />
                                              </OutputList>
                                              <RunTimeInformation>
                                                <RunTimeCountersPerThread Thread="1" ActualRows="3" ActualEndOfScans="1" ActualExecutions="1" />
                                                <RunTimeCountersPerThread Thread="0" ActualRows="0" ActualEndOfScans="0" ActualExecutions="0" />
                                              </RunTimeInformation>
                                              <Parallelism>
                                                <RelOp AvgRowSize="16" EstimateCPU="2.09E-06" EstimateIO="0" EstimateRebinds="0" EstimateRewinds="0" EstimateRows="1" LogicalOp="Inner Join" NodeId="9" Parallel="true" PhysicalOp="Nested Loops" EstimatedTotalSubtreeCost="0.0419783">
                                                  <OutputList>
                                                    <ColumnReference Database="[servicetrax_dev]" Schema="[dbo]" Table="[REQUESTS]" Alias="[r]" Column="PROJECT_ID" />
                                                  </OutputList>
                                                  <RunTimeInformation>
                                                    <RunTimeCountersPerThread Thread="4" ActualRows="1" ActualEndOfScans="1" ActualExecutions="1" />
                                                    <RunTimeCountersPerThread Thread="2" ActualRows="0" ActualEndOfScans="1" ActualExecutions="1" />
                                                    <RunTimeCountersPerThread Thread="3" ActualRows="0" ActualEndOfScans="1" ActualExecutions="1" />
                                                    <RunTimeCountersPerThread Thread="1" ActualRows="2" ActualEndOfScans="1" ActualExecutions="1" />
                                                    <RunTimeCountersPerThread Thread="0" ActualRows="0" ActualEndOfScans="0" ActualExecutions="0" />
                                                  </RunTimeInformation>
                                                  <NestedLoops Optimized="true">
                                                    <OuterReferences>
                                                      <ColumnReference Database="[servicetrax_dev]" Schema="[dbo]" Table="[purchase_orders]" Alias="[po]" Column="request_id" />
                                                    </OuterReferences>
                                                    <RelOp AvgRowSize="16" EstimateCPU="4.807E-05" EstimateIO="0" EstimateRebinds="0" EstimateRewinds="0" EstimateRows="1" LogicalOp="Inner Join" NodeId="11" Parallel="true" PhysicalOp="Nested Loops" EstimatedTotalSubtreeCost="0.0386931">
                                                      <OutputList>
                                                        <ColumnReference Database="[servicetrax_dev]" Schema="[dbo]" Table="[purchase_orders]" Alias="[po]" Column="request_id" />
                                                      </OutputList>
                                                      <RunTimeInformation>
                                                        <RunTimeCountersPerThread Thread="4" ActualRows="1" ActualEndOfScans="1" ActualExecutions="1" />
                                                        <RunTimeCountersPerThread Thread="2" ActualRows="0" ActualEndOfScans="1" ActualExecutions="1" />
                                                        <RunTimeCountersPerThread Thread="3" ActualRows="0" ActualEndOfScans="1" ActualExecutions="1" />
                                                        <RunTimeCountersPerThread Thread="1" ActualRows="2" ActualEndOfScans="1" ActualExecutions="1" />
                                                        <RunTimeCountersPerThread Thread="0" ActualRows="0" ActualEndOfScans="0" ActualExecutions="0" />
                                                      </RunTimeInformation>
                                                      <NestedLoops Optimized="false">
                                                        <OuterReferences>
                                                          <ColumnReference Database="[servicetrax_dev]" Schema="[dbo]" Table="[purchase_orders]" Alias="[po]" Column="po_status_id" />
                                                        </OuterReferences>
                                                        <RelOp AvgRowSize="25" EstimateCPU="0.0285764" EstimateIO="0" EstimateRebinds="0" EstimateRewinds="0" EstimateRows="23" LogicalOp="Distribute Streams" NodeId="12" Parallel="true" PhysicalOp="Parallelism" EstimatedTotalSubtreeCost="0.0318837">
                                                          <OutputList>
                                                            <ColumnReference Database="[servicetrax_dev]" Schema="[dbo]" Table="[purchase_orders]" Alias="[po]" Column="request_id" />
                                                            <ColumnReference Database="[servicetrax_dev]" Schema="[dbo]" Table="[purchase_orders]" Alias="[po]" Column="po_status_id" />
                                                          </OutputList>
                                                          <RunTimeInformation>
                                                            <RunTimeCountersPerThread Thread="3" ActualRows="6" ActualEndOfScans="1" ActualExecutions="1" />
                                                            <RunTimeCountersPerThread Thread="4" ActualRows="5" ActualEndOfScans="1" ActualExecutions="1" />
                                                            <RunTimeCountersPerThread Thread="2" ActualRows="6" ActualEndOfScans="1" ActualExecutions="1" />
                                                            <RunTimeCountersPerThread Thread="1" ActualRows="6" ActualEndOfScans="1" ActualExecutions="1" />
                                                            <RunTimeCountersPerThread Thread="0" ActualRows="0" ActualEndOfScans="0" ActualExecutions="0" />
                                                          </RunTimeInformation>
                                                          <Parallelism PartitioningType="RoundRobin">
                                                            <RelOp AvgRowSize="25" EstimateCPU="0.0001823" EstimateIO="0.003125" EstimateRebinds="0" EstimateRewinds="0" EstimateRows="23" LogicalOp="Clustered Index Scan" NodeId="13" Parallel="false" PhysicalOp="Clustered Index Scan" EstimatedTotalSubtreeCost="0.0033073">
                                                              <OutputList>
                                                                <ColumnReference Database="[servicetrax_dev]" Schema="[dbo]" Table="[purchase_orders]" Alias="[po]" Column="request_id" />
                                                                <ColumnReference Database="[servicetrax_dev]" Schema="[dbo]" Table="[purchase_orders]" Alias="[po]" Column="po_status_id" />
                                                              </OutputList>
                                                              <RunTimeInformation>
                                                                <RunTimeCountersPerThread Thread="1" ActualRows="23" ActualEndOfScans="1" ActualExecutions="1" />
                                                                <RunTimeCountersPerThread Thread="0" ActualRows="0" ActualEndOfScans="0" ActualExecutions="0" />
                                                              </RunTimeInformation>
                                                              <IndexScan Ordered="false" ForcedIndex="false" NoExpandHint="false">
                                                                <DefinedValues>
                                                                  <DefinedValue>
                                                                    <ColumnReference Database="[servicetrax_dev]" Schema="[dbo]" Table="[purchase_orders]" Alias="[po]" Column="request_id" />
                                                                  </DefinedValue>
                                                                  <DefinedValue>
                                                                    <ColumnReference Database="[servicetrax_dev]" Schema="[dbo]" Table="[purchase_orders]" Alias="[po]" Column="po_status_id" />
                                                                  </DefinedValue>
                                                                </DefinedValues>
                                                                <Object Database="[servicetrax_dev]" Schema="[dbo]" Table="[purchase_orders]" Index="[PK__purchase_orders__0E21126A]" Alias="[po]" TableReferenceId="2" />
                                                              </IndexScan>
                                                            </RelOp>
                                                          </Parallelism>
                                                        </RelOp>
                                                        <RelOp AvgRowSize="9" EstimateCPU="0.0001581" EstimateIO="0.003125" EstimateRebinds="14.5263" EstimateRewinds="7.47368" EstimateRows="1" LogicalOp="Index Seek" NodeId="14" Parallel="true" PhysicalOp="Index Seek" EstimatedTotalSubtreeCost="0.0067613">
                                                          <OutputList />
                                                          <RunTimeInformation>
                                                            <RunTimeCountersPerThread Thread="2" ActualRows="0" ActualEndOfScans="6" ActualExecutions="6" />
                                                            <RunTimeCountersPerThread Thread="4" ActualRows="1" ActualEndOfScans="4" ActualExecutions="5" />
                                                            <RunTimeCountersPerThread Thread="3" ActualRows="0" ActualEndOfScans="6" ActualExecutions="6" />
                                                            <RunTimeCountersPerThread Thread="1" ActualRows="2" ActualEndOfScans="4" ActualExecutions="6" />
                                                            <RunTimeCountersPerThread Thread="0" ActualRows="0" ActualEndOfScans="0" ActualExecutions="0" />
                                                          </RunTimeInformation>
                                                          <IndexScan Ordered="true" ScanDirection="FORWARD" ForcedIndex="false" NoExpandHint="false">
                                                            <DefinedValues />
                                                            <Object Database="[servicetrax_dev]" Schema="[dbo]" Table="[LOOKUPS]" Index="[IX_L_CODE]" Alias="[l]" />
                                                            <SeekPredicates>
                                                              <SeekPredicate>
                                                                <Prefix ScanType="EQ">
                                                                  <RangeColumns>
                                                                    <ColumnReference Database="[servicetrax_dev]" Schema="[dbo]" Table="[LOOKUPS]" Alias="[l]" Column="CODE" />
                                                                    <ColumnReference Database="[servicetrax_dev]" Schema="[dbo]" Table="[LOOKUPS]" Alias="[l]" Column="LOOKUP_ID" />
                                                                  </RangeColumns>
                                                                  <RangeExpressions>
                                                                    <ScalarOperator ScalarString="'received'">
                                                                      <Const ConstValue="'received'" />
                                                                    </ScalarOperator>
                                                                    <ScalarOperator ScalarString="[servicetrax_dev].[dbo].[purchase_orders].[po_status_id] as [po].[po_status_id]">
                                                                      <Identifier>
                                                                        <ColumnReference Database="[servicetrax_dev]" Schema="[dbo]" Table="[purchase_orders]" Alias="[po]" Column="po_status_id" />
                                                                      </Identifier>
                                                                    </ScalarOperator>
                                                                  </RangeExpressions>
                                                                </Prefix>
                                                              </SeekPredicate>
                                                            </SeekPredicates>
                                                          </IndexScan>
                                                        </RelOp>
                                                      </NestedLoops>
                                                    </RelOp>
                                                    <RelOp AvgRowSize="16" EstimateCPU="0.0001581" EstimateIO="0.003125" EstimateRebinds="0" EstimateRewinds="0" EstimateRows="1" LogicalOp="Clustered Index Seek" NodeId="15" Parallel="true" PhysicalOp="Clustered Index Seek" EstimatedTotalSubtreeCost="0.0032831">
                                                      <OutputList>
                                                        <ColumnReference Database="[servicetrax_dev]" Schema="[dbo]" Table="[REQUESTS]" Alias="[r]" Column="PROJECT_ID" />
                                                      </OutputList>
                                                      <RunTimeInformation>
                                                        <RunTimeCountersPerThread Thread="4" ActualRows="1" ActualEndOfScans="0" ActualExecutions="1" />
                                                        <RunTimeCountersPerThread Thread="2" ActualRows="0" ActualEndOfScans="0" ActualExecutions="0" />
                                                        <RunTimeCountersPerThread Thread="3" ActualRows="0" ActualEndOfScans="0" ActualExecutions="0" />
                                                        <RunTimeCountersPerThread Thread="1" ActualRows="2" ActualEndOfScans="0" ActualExecutions="2" />
                                                        <RunTimeCountersPerThread Thread="0" ActualRows="0" ActualEndOfScans="0" ActualExecutions="0" />
                                                      </RunTimeInformation>
                                                      <IndexScan Ordered="true" ScanDirection="FORWARD" ForcedIndex="false" NoExpandHint="false">
                                                        <DefinedValues>
                                                          <DefinedValue>
                                                            <ColumnReference Database="[servicetrax_dev]" Schema="[dbo]" Table="[REQUESTS]" Alias="[r]" Column="PROJECT_ID" />
                                                          </DefinedValue>
                                                        </DefinedValues>
                                                        <Object Database="[servicetrax_dev]" Schema="[dbo]" Table="[REQUESTS]" Index="[PK_REQUESTS]" Alias="[r]" TableReferenceId="2" />
                                                        <SeekPredicates>
                                                          <SeekPredicate>
                                                            <Prefix ScanType="EQ">
                                                              <RangeColumns>
                                                                <ColumnReference Database="[servicetrax_dev]" Schema="[dbo]" Table="[REQUESTS]" Alias="[r]" Column="REQUEST_ID" />
                                                              </RangeColumns>
                                                              <RangeExpressions>
                                                                <ScalarOperator ScalarString="[servicetrax_dev].[dbo].[purchase_orders].[request_id] as [po].[request_id]">
                                                                  <Identifier>
                                                                    <ColumnReference Database="[servicetrax_dev]" Schema="[dbo]" Table="[purchase_orders]" Alias="[po]" Column="request_id" />
                                                                  </Identifier>
                                                                </ScalarOperator>
                                                              </RangeExpressions>
                                                            </Prefix>
                                                          </SeekPredicate>
                                                        </SeekPredicates>
                                                      </IndexScan>
                                                    </RelOp>
                                                  </NestedLoops>
                                                </RelOp>
                                              </Parallelism>
                                            </RelOp>
                                          </Sort>
                                        </RelOp>
                                      </StreamAggregate>
                                    </RelOp>
                                  </ComputeScalar>
                                </RelOp>
                              </Parallelism>
                            </RelOp>
                            <RelOp AvgRowSize="405" EstimateCPU="0.0597681" EstimateIO="0" EstimateRebinds="0" EstimateRewinds="0" EstimateRows="9629.74" LogicalOp="Right Outer Join" NodeId="20" Parallel="true" PhysicalOp="Hash Match" EstimatedTotalSubtreeCost="112.452">
                              <OutputList>
                                <ColumnReference Database="[servicetrax_dev]" Schema="[dbo]" Table="[SERVICE_LINES]" Alias="[sl]" Column="ORGANIZATION_ID" />
                                <ColumnReference Database="[servicetrax_dev]" Schema="[dbo]" Table="[SERVICE_LINES]" Alias="[sl]" Column="BILL_JOB_NO" />
                                <ColumnReference Database="[servicetrax_dev]" Schema="[dbo]" Table="[SERVICE_LINES]" Alias="[sl]" Column="BILL_JOB_ID" />
                                <ColumnReference Database="[servicetrax_dev]" Schema="[dbo]" Table="[JOBS]" Alias="[j]" Column="PROJECT_ID" />
                                <ColumnReference Database="[servicetrax_dev]" Schema="[dbo]" Table="[JOBS]" Alias="[j]" Column="JOB_NAME" />
                                <ColumnReference Database="[servicetrax_dev]" Schema="[dbo]" Table="[JOBS]" Alias="[j]" Column="BILLING_USER_ID" />
                                <ColumnReference Column="Expr1020" />
                                <ColumnReference Column="Expr1021" />
                                <ColumnReference Column="Expr1022" />
                                <ColumnReference Column="Expr1023" />
                                <ColumnReference Column="Expr1024" />
                                <ColumnReference Column="Expr1025" />
                                <ColumnReference Column="Expr1031" />
                                <ColumnReference Column="Expr1038" />
                              </OutputList>
                              <MemoryFractions Input="0" Output="0" />
                              <RunTimeInformation>
                                <RunTimeCountersPerThread Thread="1" ActualRows="55" ActualEndOfScans="1" ActualExecutions="1" />
                                <RunTimeCountersPerThread Thread="4" ActualRows="82" ActualEndOfScans="1" ActualExecutions="1" />
                                <RunTimeCountersPerThread Thread="3" ActualRows="60" ActualEndOfScans="1" ActualExecutions="1" />
                                <RunTimeCountersPerThread Thread="2" ActualRows="71" ActualEndOfScans="1" ActualExecutions="1" />
                                <RunTimeCountersPerThread Thread="0" ActualRows="0" ActualEndOfScans="0" ActualExecutions="0" />
                              </RunTimeInformation>
                              <Hash>
                                <DefinedValues />
                                <HashKeysBuild>
                                  <ColumnReference Database="[servicetrax_dev]" Schema="[dbo]" Table="[REQUESTS]" Alias="[r]" Column="PROJECT_ID" />
                                </HashKeysBuild>
                                <HashKeysProbe>
                                  <ColumnReference Database="[servicetrax_dev]" Schema="[dbo]" Table="[JOBS]" Alias="[j]" Column="PROJECT_ID" />
                                </HashKeysProbe>
                                <ProbeResidual>
                                  <ScalarOperator ScalarString="[servicetrax_dev].[dbo].[REQUESTS].[PROJECT_ID] as [r].[PROJECT_ID]=[servicetrax_dev].[dbo].[JOBS].[PROJECT_ID] as [j].[PROJECT_ID]">
                                    <Compare CompareOp="EQ">
                                      <ScalarOperator>
                                        <Identifier>
                                          <ColumnReference Database="[servicetrax_dev]" Schema="[dbo]" Table="[REQUESTS]" Alias="[r]" Column="PROJECT_ID" />
                                        </Identifier>
                                      </ScalarOperator>
                                      <ScalarOperator>
                                        <Identifier>
                                          <ColumnReference Database="[servicetrax_dev]" Schema="[dbo]" Table="[JOBS]" Alias="[j]" Column="PROJECT_ID" />
                                        </Identifier>
                                      </ScalarOperator>
                                    </Compare>
                                  </ScalarOperator>
                                </ProbeResidual>
                                <RelOp AvgRowSize="20" EstimateCPU="0.0285036" EstimateIO="0" EstimateRebinds="0" EstimateRewinds="0" EstimateRows="1.21053" LogicalOp="Distribute Streams" NodeId="21" Parallel="true" PhysicalOp="Parallelism" EstimatedTotalSubtreeCost="0.114982">
                                  <OutputList>
                                    <ColumnReference Database="[servicetrax_dev]" Schema="[dbo]" Table="[REQUESTS]" Alias="[r]" Column="PROJECT_ID" />
                                    <ColumnReference Column="Expr1038" />
                                  </OutputList>
                                  <RunTimeInformation>
                                    <RunTimeCountersPerThread Thread="3" ActualRows="4" ActualEndOfScans="1" ActualExecutions="1" />
                                    <RunTimeCountersPerThread Thread="4" ActualRows="4" ActualEndOfScans="1" ActualExecutions="1" />
                                    <RunTimeCountersPerThread Thread="2" ActualRows="4" ActualEndOfScans="1" ActualExecutions="1" />
                                    <RunTimeCountersPerThread Thread="1" ActualRows="4" ActualEndOfScans="1" ActualExecutions="1" />
                                    <RunTimeCountersPerThread Thread="0" ActualRows="0" ActualEndOfScans="0" ActualExecutions="0" />
                                  </RunTimeInformation>
                                  <Parallelism PartitioningType="Broadcast">
                                    <RelOp AvgRowSize="20" EstimateCPU="1.33158E-06" EstimateIO="0" EstimateRebinds="0" EstimateRewinds="0" EstimateRows="1.21053" LogicalOp="Compute Scalar" NodeId="22" Parallel="false" PhysicalOp="Compute Scalar" EstimatedTotalSubtreeCost="0.0864786">
                                      <OutputList>
                                        <ColumnReference Database="[servicetrax_dev]" Schema="[dbo]" Table="[REQUESTS]" Alias="[r]" Column="PROJECT_ID" />
                                        <ColumnReference Column="Expr1038" />
                                      </OutputList>
                                      <ComputeScalar>
                                        <DefinedValues>
                                          <DefinedValue>
                                            <ColumnReference Column="Expr1038" />
                                            <ScalarOperator ScalarString="CONVERT_IMPLICIT(int,[Expr1082],0)">
                                              <Convert DataType="int" Style="0" Implicit="true">
                                                <ScalarOperator>
                                                  <Identifier>
                                                    <ColumnReference Column="Expr1082" />
                                                  </Identifier>
                                                </ScalarOperator>
                                              </Convert>
                                            </ScalarOperator>
                                          </DefinedValue>
                                        </DefinedValues>
                                        <RelOp AvgRowSize="20" EstimateCPU="1.33158E-06" EstimateIO="0" EstimateRebinds="0" EstimateRewinds="0" EstimateRows="1.21053" LogicalOp="Aggregate" NodeId="23" Parallel="false" PhysicalOp="Stream Aggregate" EstimatedTotalSubtreeCost="0.0864786">
                                          <OutputList>
                                            <ColumnReference Database="[servicetrax_dev]" Schema="[dbo]" Table="[REQUESTS]" Alias="[r]" Column="PROJECT_ID" />
                                            <ColumnReference Column="Expr1082" />
                                          </OutputList>
                                          <RunTimeInformation>
                                            <RunTimeCountersPerThread Thread="1" ActualRows="4" ActualEndOfScans="1" ActualExecutions="1" />
                                            <RunTimeCountersPerThread Thread="0" ActualRows="0" ActualEndOfScans="0" ActualExecutions="0" />
                                          </RunTimeInformation>
                                          <StreamAggregate>
                                            <DefinedValues>
                                              <DefinedValue>
                                                <ColumnReference Column="Expr1082" />
                                                <ScalarOperator ScalarString="Count(*)">
                                                  <Aggregate AggType="countstar" Distinct="false" />
                                                </ScalarOperator>
                                              </DefinedValue>
                                            </DefinedValues>
                                            <GroupBy>
                                              <ColumnReference Database="[servicetrax_dev]" Schema="[dbo]" Table="[REQUESTS]" Alias="[r]" Column="PROJECT_ID" />
                                            </GroupBy>
                                            <RelOp AvgRowSize="16" EstimateCPU="0.000100537" EstimateIO="0.0112613" EstimateRebinds="0" EstimateRewinds="0" EstimateRows="1.21053" LogicalOp="Sort" NodeId="24" Parallel="false" PhysicalOp="Sort" EstimatedTotalSubtreeCost="0.0864773">
                                              <OutputList>
                                                <ColumnReference Database="[servicetrax_dev]" Schema="[dbo]" Table="[REQUESTS]" Alias="[r]" Column="PROJECT_ID" />
                                              </OutputList>
                                              <MemoryFractions Input="0.5" Output="1" />
                                              <RunTimeInformation>
                                                <RunTimeCountersPerThread Thread="1" ActualRebinds="1" ActualRewinds="0" ActualRows="23" ActualEndOfScans="1" ActualExecutions="1" />
                                                <RunTimeCountersPerThread Thread="0" ActualRebinds="0" ActualRewinds="0" ActualRows="0" ActualEndOfScans="0" ActualExecutions="0" />
                                              </RunTimeInformation>
                                              <Sort Distinct="false">
                                                <OrderBy>
                                                  <OrderByColumn Ascending="true">
                                                    <ColumnReference Database="[servicetrax_dev]" Schema="[dbo]" Table="[REQUESTS]" Alias="[r]" Column="PROJECT_ID" />
                                                  </OrderByColumn>
                                                </OrderBy>
                                                <RelOp AvgRowSize="16" EstimateCPU="0.0285022" EstimateIO="0" EstimateRebinds="0" EstimateRewinds="0" EstimateRows="1.21053" LogicalOp="Gather Streams" NodeId="25" Parallel="true" PhysicalOp="Parallelism" EstimatedTotalSubtreeCost="0.0751155">
                                                  <OutputList>
                                                    <ColumnReference Database="[servicetrax_dev]" Schema="[dbo]" Table="[REQUESTS]" Alias="[r]" Column="PROJECT_ID" />
                                                  </OutputList>
                                                  <RunTimeInformation>
                                                    <RunTimeCountersPerThread Thread="1" ActualRows="23" ActualEndOfScans="1" ActualExecutions="1" />
                                                    <RunTimeCountersPerThread Thread="0" ActualRows="0" ActualEndOfScans="0" ActualExecutions="0" />
                                                  </RunTimeInformation>
                                                  <Parallelism>
                                                    <RelOp AvgRowSize="16" EstimateCPU="4.807E-05" EstimateIO="0" EstimateRebinds="0" EstimateRewinds="0" EstimateRows="1.21053" LogicalOp="Inner Join" NodeId="26" Parallel="true" PhysicalOp="Nested Loops" EstimatedTotalSubtreeCost="0.0466133">
                                                      <OutputList>
                                                        <ColumnReference Database="[servicetrax_dev]" Schema="[dbo]" Table="[REQUESTS]" Alias="[r]" Column="PROJECT_ID" />
                                                      </OutputList>
                                                      <RunTimeInformation>
                                                        <RunTimeCountersPerThread Thread="2" ActualRows="6" ActualEndOfScans="1" ActualExecutions="1" />
                                                        <RunTimeCountersPerThread Thread="4" ActualRows="6" ActualEndOfScans="1" ActualExecutions="1" />
                                                        <RunTimeCountersPerThread Thread="3" ActualRows="5" ActualEndOfScans="1" ActualExecutions="1" />
                                                        <RunTimeCountersPerThread Thread="1" ActualRows="6" ActualEndOfScans="1" ActualExecutions="1" />
                                                        <RunTimeCountersPerThread Thread="0" ActualRows="0" ActualEndOfScans="0" ActualExecutions="0" />
                                                      </RunTimeInformation>
                                                      <NestedLoops Optimized="true">
                                                        <OuterReferences>
                                                          <ColumnReference Database="[servicetrax_dev]" Schema="[dbo]" Table="[purchase_orders]" Alias="[po]" Column="request_id" />
                                                        </OuterReferences>
                                                        <RelOp AvgRowSize="16" EstimateCPU="0.028551" EstimateIO="0" EstimateRebinds="0" EstimateRewinds="0" EstimateRows="23" LogicalOp="Distribute Streams" NodeId="28" Parallel="true" PhysicalOp="Parallelism" EstimatedTotalSubtreeCost="0.0318583">
                                                          <OutputList>
                                                            <ColumnReference Database="[servicetrax_dev]" Schema="[dbo]" Table="[purchase_orders]" Alias="[po]" Column="request_id" />
                                                          </OutputList>
                                                          <RunTimeInformation>
                                                            <RunTimeCountersPerThread Thread="4" ActualRows="6" ActualEndOfScans="1" ActualExecutions="1" />
                                                            <RunTimeCountersPerThread Thread="2" ActualRows="6" ActualEndOfScans="1" ActualExecutions="1" />
                                                            <RunTimeCountersPerThread Thread="3" ActualRows="5" ActualEndOfScans="1" ActualExecutions="1" />
                                                            <RunTimeCountersPerThread Thread="1" ActualRows="6" ActualEndOfScans="1" ActualExecutions="1" />
                                                            <RunTimeCountersPerThread Thread="0" ActualRows="0" ActualEndOfScans="0" ActualExecutions="0" />
                                                          </RunTimeInformation>
                                                          <Parallelism PartitioningType="RoundRobin">
                                                            <RelOp AvgRowSize="16" EstimateCPU="0.0001823" EstimateIO="0.003125" EstimateRebinds="0" EstimateRewinds="0" EstimateRows="23" LogicalOp="Clustered Index Scan" NodeId="29" Parallel="false" PhysicalOp="Clustered Index Scan" EstimatedTotalSubtreeCost="0.0033073">
                                                              <OutputList>
                                                                <ColumnReference Database="[servicetrax_dev]" Schema="[dbo]" Table="[purchase_orders]" Alias="[po]" Column="request_id" />
                                                              </OutputList>
                                                              <RunTimeInformation>
                                                                <RunTimeCountersPerThread Thread="1" ActualRows="23" ActualEndOfScans="1" ActualExecutions="1" />
                                                                <RunTimeCountersPerThread Thread="0" ActualRows="0" ActualEndOfScans="0" ActualExecutions="0" />
                                                              </RunTimeInformation>
                                                              <IndexScan Ordered="false" ForcedIndex="false" NoExpandHint="false">
                                                                <DefinedValues>
                                                                  <DefinedValue>
                                                                    <ColumnReference Database="[servicetrax_dev]" Schema="[dbo]" Table="[purchase_orders]" Alias="[po]" Column="request_id" />
                                                                  </DefinedValue>
                                                                </DefinedValues>
                                                                <Object Database="[servicetrax_dev]" Schema="[dbo]" Table="[purchase_orders]" Index="[PK__purchase_orders__0E21126A]" Alias="[po]" TableReferenceId="1" />
                                                              </IndexScan>
                                                            </RelOp>
                                                          </Parallelism>
                                                        </RelOp>
                                                        <RelOp AvgRowSize="16" EstimateCPU="0.0001581" EstimateIO="0.003125" EstimateRebinds="15.928" EstimateRewinds="6.07202" EstimateRows="1" LogicalOp="Clustered Index Seek" NodeId="30" Parallel="true" PhysicalOp="Clustered Index Seek" EstimatedTotalSubtreeCost="0.0147069">
                                                          <OutputList>
                                                            <ColumnReference Database="[servicetrax_dev]" Schema="[dbo]" Table="[REQUESTS]" Alias="[r]" Column="PROJECT_ID" />
                                                          </OutputList>
                                                          <RunTimeInformation>
                                                            <RunTimeCountersPerThread Thread="2" ActualRows="6" ActualEndOfScans="0" ActualExecutions="6" />
                                                            <RunTimeCountersPerThread Thread="3" ActualRows="5" ActualEndOfScans="0" ActualExecutions="5" />
                                                            <RunTimeCountersPerThread Thread="4" ActualRows="6" ActualEndOfScans="0" ActualExecutions="6" />
                                                            <RunTimeCountersPerThread Thread="1" ActualRows="6" ActualEndOfScans="0" ActualExecutions="6" />
                                                            <RunTimeCountersPerThread Thread="0" ActualRows="0" ActualEndOfScans="0" ActualExecutions="0" />
                                                          </RunTimeInformation>
                                                          <IndexScan Ordered="true" ScanDirection="FORWARD" ForcedIndex="false" NoExpandHint="false">
                                                            <DefinedValues>
                                                              <DefinedValue>
                                                                <ColumnReference Database="[servicetrax_dev]" Schema="[dbo]" Table="[REQUESTS]" Alias="[r]" Column="PROJECT_ID" />
                                                              </DefinedValue>
                                                            </DefinedValues>
                                                            <Object Database="[servicetrax_dev]" Schema="[dbo]" Table="[REQUESTS]" Index="[PK_REQUESTS]" Alias="[r]" TableReferenceId="1" />
                                                            <SeekPredicates>
                                                              <SeekPredicate>
                                                                <Prefix ScanType="EQ">
                                                                  <RangeColumns>
                                                                    <ColumnReference Database="[servicetrax_dev]" Schema="[dbo]" Table="[REQUESTS]" Alias="[r]" Column="REQUEST_ID" />
                                                                  </RangeColumns>
                                                                  <RangeExpressions>
                                                                    <ScalarOperator ScalarString="[servicetrax_dev].[dbo].[purchase_orders].[request_id] as [po].[request_id]">
                                                                      <Identifier>
                                                                        <ColumnReference Database="[servicetrax_dev]" Schema="[dbo]" Table="[purchase_orders]" Alias="[po]" Column="request_id" />
                                                                      </Identifier>
                                                                    </ScalarOperator>
                                                                  </RangeExpressions>
                                                                </Prefix>
                                                              </SeekPredicate>
                                                            </SeekPredicates>
                                                          </IndexScan>
                                                        </RelOp>
                                                      </NestedLoops>
                                                    </RelOp>
                                                  </Parallelism>
                                                </RelOp>
                                              </Sort>
                                            </RelOp>
                                          </StreamAggregate>
                                        </RelOp>
                                      </ComputeScalar>
                                    </RelOp>
                                  </Parallelism>
                                </RelOp>
                                <RelOp AvgRowSize="401" EstimateCPU="0.373566" EstimateIO="0" EstimateRebinds="0" EstimateRewinds="0" EstimateRows="9629.74" LogicalOp="Right Outer Join" NodeId="35" Parallel="true" PhysicalOp="Hash Match" EstimatedTotalSubtreeCost="112.278">
                                  <OutputList>
                                    <ColumnReference Database="[servicetrax_dev]" Schema="[dbo]" Table="[SERVICE_LINES]" Alias="[sl]" Column="ORGANIZATION_ID" />
                                    <ColumnReference Database="[servicetrax_dev]" Schema="[dbo]" Table="[SERVICE_LINES]" Alias="[sl]" Column="BILL_JOB_NO" />
                                    <ColumnReference Database="[servicetrax_dev]" Schema="[dbo]" Table="[SERVICE_LINES]" Alias="[sl]" Column="BILL_JOB_ID" />
                                    <ColumnReference Database="[servicetrax_dev]" Schema="[dbo]" Table="[JOBS]" Alias="[j]" Column="PROJECT_ID" />
                                    <ColumnReference Database="[servicetrax_dev]" Schema="[dbo]" Table="[JOBS]" Alias="[j]" Column="JOB_NAME" />
                                    <ColumnReference Database="[servicetrax_dev]" Schema="[dbo]" Table="[JOBS]" Alias="[j]" Column="BILLING_USER_ID" />
                                    <ColumnReference Column="Expr1020" />
                                    <ColumnReference Column="Expr1021" />
                                    <ColumnReference Column="Expr1022" />
                                    <ColumnReference Column="Expr1023" />
                                    <ColumnReference Column="Expr1024" />
                                    <ColumnReference Column="Expr1025" />
                                    <ColumnReference Column="Expr1031" />
                                  </OutputList>
                                  <MemoryFractions Input="0.10837" Output="0.41519" />
                                  <RunTimeInformation>
                                    <RunTimeCountersPerThread Thread="1" ActualRows="55" ActualEndOfScans="1" ActualExecutions="1" />
                                    <RunTimeCountersPerThread Thread="4" ActualRows="82" ActualEndOfScans="1" ActualExecutions="1" />
                                    <RunTimeCountersPerThread Thread="3" ActualRows="60" ActualEndOfScans="1" ActualExecutions="1" />
                                    <RunTimeCountersPerThread Thread="2" ActualRows="71" ActualEndOfScans="1" ActualExecutions="1" />
                                    <RunTimeCountersPerThread Thread="0" ActualRows="0" ActualEndOfScans="0" ActualExecutions="0" />
                                  </RunTimeInformation>
                                  <Hash>
                                    <DefinedValues />
                                    <HashKeysBuild>
                                      <ColumnReference Database="[servicetrax_dev]" Schema="[dbo]" Table="[INVOICES]" Alias="[i]" Column="JOB_ID" />
                                    </HashKeysBuild>
                                    <HashKeysProbe>
                                      <ColumnReference Database="[servicetrax_dev]" Schema="[dbo]" Table="[SERVICE_LINES]" Alias="[sl]" Column="BILL_JOB_ID" />
                                    </HashKeysProbe>
                                    <ProbeResidual>
                                      <ScalarOperator ScalarString="[servicetrax_dev].[dbo].[INVOICES].[JOB_ID] as [i].[JOB_ID]=[servicetrax_dev].[dbo].[SERVICE_LINES].[BILL_JOB_ID] as [sl].[BILL_JOB_ID]">
                                        <Compare CompareOp="EQ">
                                          <ScalarOperator>
                                            <Identifier>
                                              <ColumnReference Database="[servicetrax_dev]" Schema="[dbo]" Table="[INVOICES]" Alias="[i]" Column="JOB_ID" />
                                            </Identifier>
                                          </ScalarOperator>
                                          <ScalarOperator>
                                            <Identifier>
                                              <ColumnReference Database="[servicetrax_dev]" Schema="[dbo]" Table="[SERVICE_LINES]" Alias="[sl]" Column="BILL_JOB_ID" />
                                            </Identifier>
                                          </ScalarOperator>
                                        </Compare>
                                      </ScalarOperator>
                                    </ProbeResidual>
                                    <RelOp AvgRowSize="33" EstimateCPU="1.07284" EstimateIO="0" EstimateRebinds="0" EstimateRewinds="0" EstimateRows="22941.7" LogicalOp="Aggregate" NodeId="36" Parallel="true" PhysicalOp="Hash Match" EstimatedTotalSubtreeCost="8.2267">
                                      <OutputList>
                                        <ColumnReference Database="[servicetrax_dev]" Schema="[dbo]" Table="[INVOICES]" Alias="[i]" Column="JOB_ID" />
                                        <ColumnReference Column="Expr1031" />
                                      </OutputList>
                                      <MemoryFractions Input="0.127476" Output="0.89163" />
                                      <RunTimeInformation>
                                        <RunTimeCountersPerThread Thread="3" ActualRows="14504" ActualEndOfScans="1" ActualExecutions="1" />
                                        <RunTimeCountersPerThread Thread="2" ActualRows="14670" ActualEndOfScans="1" ActualExecutions="1" />
                                        <RunTimeCountersPerThread Thread="4" ActualRows="14515" ActualEndOfScans="1" ActualExecutions="1" />
                                        <RunTimeCountersPerThread Thread="1" ActualRows="14651" ActualEndOfScans="1" ActualExecutions="1" />
                                        <RunTimeCountersPerThread Thread="0" ActualRows="0" ActualEndOfScans="0" ActualExecutions="0" />
                                      </RunTimeInformation>
                                      <Hash>
                                        <DefinedValues>
                                          <DefinedValue>
                                            <ColumnReference Column="Expr1031" />
                                            <ScalarOperator ScalarString="SUM([servicetrax_dev].[dbo].[INVOICE_LINES].[EXTENDED_PRICE] as [il].[EXTENDED_PRICE])">
                                              <Aggregate AggType="SUM" Distinct="false">
                                                <ScalarOperator>
                                                  <Identifier>
                                                    <ColumnReference Database="[servicetrax_dev]" Schema="[dbo]" Table="[INVOICE_LINES]" Alias="[il]" Column="EXTENDED_PRICE" ComputedColumn="true" />
                                                  </Identifier>
                                                </ScalarOperator>
                                              </Aggregate>
                                            </ScalarOperator>
                                          </DefinedValue>
                                        </DefinedValues>
                                        <HashKeysBuild>
                                          <ColumnReference Database="[servicetrax_dev]" Schema="[dbo]" Table="[INVOICES]" Alias="[i]" Column="JOB_ID" />
                                        </HashKeysBuild>
                                        <BuildResidual>
                                          <ScalarOperator ScalarString="[servicetrax_dev].[dbo].[INVOICES].[JOB_ID] as [i].[JOB_ID] = [servicetrax_dev].[dbo].[INVOICES].[JOB_ID] as [i].[JOB_ID]">
                                            <Compare CompareOp="IS">
                                              <ScalarOperator>
                                                <Identifier>
                                                  <ColumnReference Database="[servicetrax_dev]" Schema="[dbo]" Table="[INVOICES]" Alias="[i]" Column="JOB_ID" />
                                                </Identifier>
                                              </ScalarOperator>
                                              <ScalarOperator>
                                                <Identifier>
                                                  <ColumnReference Database="[servicetrax_dev]" Schema="[dbo]" Table="[INVOICES]" Alias="[i]" Column="JOB_ID" />
                                                </Identifier>
                                              </ScalarOperator>
                                            </Compare>
                                          </ScalarOperator>
                                        </BuildResidual>
                                        <RelOp AvgRowSize="33" EstimateCPU="0.510569" EstimateIO="0" EstimateRebinds="0" EstimateRewinds="0" EstimateRows="207576" LogicalOp="Repartition Streams" NodeId="37" Parallel="true" PhysicalOp="Parallelism" EstimatedTotalSubtreeCost="7.15386">
                                          <OutputList>
                                            <ColumnReference Database="[servicetrax_dev]" Schema="[dbo]" Table="[INVOICES]" Alias="[i]" Column="JOB_ID" />
                                            <ColumnReference Database="[servicetrax_dev]" Schema="[dbo]" Table="[INVOICE_LINES]" Alias="[il]" Column="EXTENDED_PRICE" ComputedColumn="true" />
                                          </OutputList>
                                          <RunTimeInformation>
                                            <RunTimeCountersPerThread Thread="3" ActualRows="48583" ActualEndOfScans="1" ActualExecutions="1" />
                                            <RunTimeCountersPerThread Thread="4" ActualRows="63649" ActualEndOfScans="1" ActualExecutions="1" />
                                            <RunTimeCountersPerThread Thread="2" ActualRows="57118" ActualEndOfScans="1" ActualExecutions="1" />
                                            <RunTimeCountersPerThread Thread="1" ActualRows="49381" ActualEndOfScans="1" ActualExecutions="1" />
                                            <RunTimeCountersPerThread Thread="0" ActualRows="0" ActualEndOfScans="0" ActualExecutions="0" />
                                          </RunTimeInformation>
                                          <Parallelism PartitioningType="Hash">
                                            <PartitionColumns>
                                              <ColumnReference Database="[servicetrax_dev]" Schema="[dbo]" Table="[INVOICES]" Alias="[i]" Column="JOB_ID" />
                                            </PartitionColumns>
                                            <RelOp AvgRowSize="33" EstimateCPU="2.24159" EstimateIO="0" EstimateRebinds="0" EstimateRewinds="0" EstimateRows="207576" LogicalOp="Inner Join" NodeId="38" Parallel="true" PhysicalOp="Hash Match" EstimatedTotalSubtreeCost="6.64329">
                                              <OutputList>
                                                <ColumnReference Database="[servicetrax_dev]" Schema="[dbo]" Table="[INVOICES]" Alias="[i]" Column="JOB_ID" />
                                                <ColumnReference Database="[servicetrax_dev]" Schema="[dbo]" Table="[INVOICE_LINES]" Alias="[il]" Column="EXTENDED_PRICE" ComputedColumn="true" />
                                              </OutputList>
                                              <MemoryFractions Input="1" Output="0.872524" />
                                              <RunTimeInformation>
                                                <RunTimeCountersPerThread Thread="2" ActualRows="54650" ActualEndOfScans="1" ActualExecutions="1" />
                                                <RunTimeCountersPerThread Thread="4" ActualRows="54474" ActualEndOfScans="1" ActualExecutions="1" />
                                                <RunTimeCountersPerThread Thread="3" ActualRows="54652" ActualEndOfScans="1" ActualExecutions="1" />
                                                <RunTimeCountersPerThread Thread="1" ActualRows="54955" ActualEndOfScans="1" ActualExecutions="1" />
                                                <RunTimeCountersPerThread Thread="0" ActualRows="0" ActualEndOfScans="0" ActualExecutions="0" />
                                              </RunTimeInformation>
                                              <Hash>
                                                <DefinedValues />
                                                <HashKeysBuild>
                                                  <ColumnReference Database="[servicetrax_dev]" Schema="[dbo]" Table="[INVOICES]" Alias="[i]" Column="INVOICE_ID" />
                                                </HashKeysBuild>
                                                <HashKeysProbe>
                                                  <ColumnReference Database="[servicetrax_dev]" Schema="[dbo]" Table="[INVOICE_LINES]" Alias="[il]" Column="INVOICE_ID" />
                                                </HashKeysProbe>
                                                <ProbeResidual>
                                                  <ScalarOperator ScalarString="[servicetrax_dev].[dbo].[INVOICE_LINES].[INVOICE_ID] as [il].[INVOICE_ID]=[servicetrax_dev].[dbo].[INVOICES].[INVOICE_ID] as [i].[INVOICE_ID]">
                                                    <Compare CompareOp="EQ">
                                                      <ScalarOperator>
                                                        <Identifier>
                                                          <ColumnReference Database="[servicetrax_dev]" Schema="[dbo]" Table="[INVOICE_LINES]" Alias="[il]" Column="INVOICE_ID" />
                                                        </Identifier>
                                                      </ScalarOperator>
                                                      <ScalarOperator>
                                                        <Identifier>
                                                          <ColumnReference Database="[servicetrax_dev]" Schema="[dbo]" Table="[INVOICES]" Alias="[i]" Column="INVOICE_ID" />
                                                        </Identifier>
                                                      </ScalarOperator>
                                                    </Compare>
                                                  </ScalarOperator>
                                                </ProbeResidual>
                                                <RelOp AvgRowSize="25" EstimateCPU="0.267134" EstimateIO="0" EstimateRebinds="0" EstimateRewinds="0" EstimateRows="116613" LogicalOp="Repartition Streams" NodeId="39" Parallel="true" PhysicalOp="Parallelism" EstimatedTotalSubtreeCost="0.582623">
                                                  <OutputList>
                                                    <ColumnReference Database="[servicetrax_dev]" Schema="[dbo]" Table="[INVOICES]" Alias="[i]" Column="INVOICE_ID" />
                                                    <ColumnReference Database="[servicetrax_dev]" Schema="[dbo]" Table="[INVOICES]" Alias="[i]" Column="JOB_ID" />
                                                  </OutputList>
                                                  <RunTimeInformation>
                                                    <RunTimeCountersPerThread Thread="2" ActualRows="29236" ActualEndOfScans="1" ActualExecutions="1" />
                                                    <RunTimeCountersPerThread Thread="4" ActualRows="29004" ActualEndOfScans="1" ActualExecutions="1" />
                                                    <RunTimeCountersPerThread Thread="3" ActualRows="29112" ActualEndOfScans="1" ActualExecutions="1" />
                                                    <RunTimeCountersPerThread Thread="1" ActualRows="29261" ActualEndOfScans="1" ActualExecutions="1" />
                                                    <RunTimeCountersPerThread Thread="0" ActualRows="0" ActualEndOfScans="0" ActualExecutions="0" />
                                                  </RunTimeInformation>
                                                  <Parallelism PartitioningType="Hash">
                                                    <PartitionColumns>
                                                      <ColumnReference Database="[servicetrax_dev]" Schema="[dbo]" Table="[INVOICES]" Alias="[i]" Column="INVOICE_ID" />
                                                    </PartitionColumns>
                                                    <RelOp AvgRowSize="25" EstimateCPU="0.0642156" EstimateIO="0.251273" EstimateRebinds="0" EstimateRewinds="0" EstimateRows="116613" LogicalOp="Index Scan" NodeId="40" Parallel="true" PhysicalOp="Index Scan" EstimatedTotalSubtreeCost="0.315489">
                                                      <OutputList>
                                                        <ColumnReference Database="[servicetrax_dev]" Schema="[dbo]" Table="[INVOICES]" Alias="[i]" Column="INVOICE_ID" />
                                                        <ColumnReference Database="[servicetrax_dev]" Schema="[dbo]" Table="[INVOICES]" Alias="[i]" Column="JOB_ID" />
                                                      </OutputList>
                                                      <RunTimeInformation>
                                                        <RunTimeCountersPerThread Thread="4" ActualRows="26357" ActualEndOfScans="1" ActualExecutions="1" />
                                                        <RunTimeCountersPerThread Thread="1" ActualRows="32632" ActualEndOfScans="1" ActualExecutions="1" />
                                                        <RunTimeCountersPerThread Thread="2" ActualRows="33680" ActualEndOfScans="1" ActualExecutions="1" />
                                                        <RunTimeCountersPerThread Thread="3" ActualRows="23944" ActualEndOfScans="1" ActualExecutions="1" />
                                                        <RunTimeCountersPerThread Thread="0" ActualRows="0" ActualEndOfScans="0" ActualExecutions="0" />
                                                      </RunTimeInformation>
                                                      <IndexScan Ordered="false" ForcedIndex="false" NoExpandHint="false">
                                                        <DefinedValues>
                                                          <DefinedValue>
                                                            <ColumnReference Database="[servicetrax_dev]" Schema="[dbo]" Table="[INVOICES]" Alias="[i]" Column="INVOICE_ID" />
                                                          </DefinedValue>
                                                          <DefinedValue>
                                                            <ColumnReference Database="[servicetrax_dev]" Schema="[dbo]" Table="[INVOICES]" Alias="[i]" Column="JOB_ID" />
                                                          </DefinedValue>
                                                        </DefinedValues>
                                                        <Object Database="[servicetrax_dev]" Schema="[dbo]" Table="[INVOICES]" Index="[IX_I_JOBS]" Alias="[i]" TableReferenceId="2" />
                                                      </IndexScan>
                                                    </RelOp>
                                                  </Parallelism>
                                                </RelOp>
                                                <RelOp AvgRowSize="33" EstimateCPU="0.0109366" EstimateIO="0" EstimateRebinds="0" EstimateRewinds="0" EstimateRows="218731" LogicalOp="Compute Scalar" NodeId="41" Parallel="true" PhysicalOp="Compute Scalar" EstimatedTotalSubtreeCost="3.81908">
                                                  <OutputList>
                                                    <ColumnReference Database="[servicetrax_dev]" Schema="[dbo]" Table="[INVOICE_LINES]" Alias="[il]" Column="INVOICE_ID" />
                                                    <ColumnReference Database="[servicetrax_dev]" Schema="[dbo]" Table="[INVOICE_LINES]" Alias="[il]" Column="EXTENDED_PRICE" ComputedColumn="true" />
                                                  </OutputList>
                                                  <ComputeScalar>
                                                    <DefinedValues>
                                                      <DefinedValue>
                                                        <ColumnReference Database="[servicetrax_dev]" Schema="[dbo]" Table="[INVOICE_LINES]" Alias="[il]" Column="EXTENDED_PRICE" ComputedColumn="true" />
                                                        <ScalarOperator ScalarString="[servicetrax_dev].[dbo].[INVOICE_LINES].[EXTENDED_PRICE] as [il].[EXTENDED_PRICE]">
                                                          <Identifier>
                                                            <ColumnReference Database="[servicetrax_dev]" Schema="[dbo]" Table="[INVOICE_LINES]" Alias="[il]" Column="EXTENDED_PRICE" ComputedColumn="true" />
                                                          </Identifier>
                                                        </ScalarOperator>
                                                      </DefinedValue>
                                                    </DefinedValues>
                                                    <RelOp AvgRowSize="33" EstimateCPU="0.0109366" EstimateIO="0" EstimateRebinds="0" EstimateRewinds="0" EstimateRows="218731" LogicalOp="Compute Scalar" NodeId="42" Parallel="true" PhysicalOp="Compute Scalar" EstimatedTotalSubtreeCost="3.80814">
                                                      <OutputList>
                                                        <ColumnReference Database="[servicetrax_dev]" Schema="[dbo]" Table="[INVOICE_LINES]" Alias="[il]" Column="INVOICE_ID" />
                                                        <ColumnReference Database="[servicetrax_dev]" Schema="[dbo]" Table="[INVOICE_LINES]" Alias="[il]" Column="EXTENDED_PRICE" ComputedColumn="true" />
                                                      </OutputList>
                                                      <ComputeScalar>
                                                        <DefinedValues>
                                                          <DefinedValue>
                                                            <ColumnReference Database="[servicetrax_dev]" Schema="[dbo]" Table="[INVOICE_LINES]" Alias="[il]" Column="EXTENDED_PRICE" ComputedColumn="true" />
                                                            <ScalarOperator ScalarString="isnull([servicetrax_dev].[dbo].[INVOICE_LINES].[QTY] as [il].[QTY]*[servicetrax_dev].[dbo].[INVOICE_LINES].[UNIT_PRICE] as [il].[UNIT_PRICE],(0.0000))">
                                                              <Intrinsic FunctionName="isnull">
                                                                <ScalarOperator>
                                                                  <Arithmetic Operation="MULT">
                                                                    <ScalarOperator>
                                                                      <Identifier>
                                                                        <ColumnReference Database="[servicetrax_dev]" Schema="[dbo]" Table="[INVOICE_LINES]" Alias="[il]" Column="QTY" />
                                                                      </Identifier>
                                                                    </ScalarOperator>
                                                                    <ScalarOperator>
                                                                      <Identifier>
                                                                        <ColumnReference Database="[servicetrax_dev]" Schema="[dbo]" Table="[INVOICE_LINES]" Alias="[il]" Column="UNIT_PRICE" />
                                                                      </Identifier>
                                                                    </ScalarOperator>
                                                                  </Arithmetic>
                                                                </ScalarOperator>
                                                                <ScalarOperator>
                                                                  <Const ConstValue="(0.0000)" />
                                                                </ScalarOperator>
                                                              </Intrinsic>
                                                            </ScalarOperator>
                                                          </DefinedValue>
                                                        </DefinedValues>
                                                        <RelOp AvgRowSize="38" EstimateCPU="0.62703" EstimateIO="0" EstimateRebinds="0" EstimateRewinds="0" EstimateRows="218731" LogicalOp="Repartition Streams" NodeId="43" Parallel="true" PhysicalOp="Parallelism" EstimatedTotalSubtreeCost="3.7972">
                                                          <OutputList>
                                                            <ColumnReference Database="[servicetrax_dev]" Schema="[dbo]" Table="[INVOICE_LINES]" Alias="[il]" Column="INVOICE_ID" />
                                                            <ColumnReference Database="[servicetrax_dev]" Schema="[dbo]" Table="[INVOICE_LINES]" Alias="[il]" Column="UNIT_PRICE" />
                                                            <ColumnReference Database="[servicetrax_dev]" Schema="[dbo]" Table="[INVOICE_LINES]" Alias="[il]" Column="QTY" />
                                                          </OutputList>
                                                          <RunTimeInformation>
                                                            <RunTimeCountersPerThread Thread="2" ActualRows="54650" ActualEndOfScans="1" ActualExecutions="1" />
                                                            <RunTimeCountersPerThread Thread="4" ActualRows="54474" ActualEndOfScans="1" ActualExecutions="1" />
                                                            <RunTimeCountersPerThread Thread="3" ActualRows="54652" ActualEndOfScans="1" ActualExecutions="1" />
                                                            <RunTimeCountersPerThread Thread="1" ActualRows="54955" ActualEndOfScans="1" ActualExecutions="1" />
                                                            <RunTimeCountersPerThread Thread="0" ActualRows="0" ActualEndOfScans="0" ActualExecutions="0" />
                                                          </RunTimeInformation>
                                                          <Parallelism PartitioningType="Hash">
                                                            <PartitionColumns>
                                                              <ColumnReference Database="[servicetrax_dev]" Schema="[dbo]" Table="[INVOICE_LINES]" Alias="[il]" Column="INVOICE_ID" />
                                                            </PartitionColumns>
                                                            <RelOp AvgRowSize="38" EstimateCPU="0.120381" EstimateIO="3.04979" EstimateRebinds="0" EstimateRewinds="0" EstimateRows="218731" LogicalOp="Clustered Index Scan" NodeId="44" Parallel="true" PhysicalOp="Clustered Index Scan" EstimatedTotalSubtreeCost="3.17017">
                                                              <OutputList>
                                                                <ColumnReference Database="[servicetrax_dev]" Schema="[dbo]" Table="[INVOICE_LINES]" Alias="[il]" Column="INVOICE_ID" />
                                                                <ColumnReference Database="[servicetrax_dev]" Schema="[dbo]" Table="[INVOICE_LINES]" Alias="[il]" Column="UNIT_PRICE" />
                                                                <ColumnReference Database="[servicetrax_dev]" Schema="[dbo]" Table="[INVOICE_LINES]" Alias="[il]" Column="QTY" />
                                                              </OutputList>
                                                              <RunTimeInformation>
                                                                <RunTimeCountersPerThread Thread="1" ActualRows="54349" ActualEndOfScans="1" ActualExecutions="1" />
                                                                <RunTimeCountersPerThread Thread="4" ActualRows="61069" ActualEndOfScans="1" ActualExecutions="1" />
                                                                <RunTimeCountersPerThread Thread="3" ActualRows="42317" ActualEndOfScans="1" ActualExecutions="1" />
                                                                <RunTimeCountersPerThread Thread="2" ActualRows="60996" ActualEndOfScans="1" ActualExecutions="1" />
                                                                <RunTimeCountersPerThread Thread="0" ActualRows="0" ActualEndOfScans="0" ActualExecutions="0" />
                                                              </RunTimeInformation>
                                                              <IndexScan Ordered="false" ForcedIndex="false" NoExpandHint="false">
                                                                <DefinedValues>
                                                                  <DefinedValue>
                                                                    <ColumnReference Database="[servicetrax_dev]" Schema="[dbo]" Table="[INVOICE_LINES]" Alias="[il]" Column="INVOICE_ID" />
                                                                  </DefinedValue>
                                                                  <DefinedValue>
                                                                    <ColumnReference Database="[servicetrax_dev]" Schema="[dbo]" Table="[INVOICE_LINES]" Alias="[il]" Column="UNIT_PRICE" />
                                                                  </DefinedValue>
                                                                  <DefinedValue>
                                                                    <ColumnReference Database="[servicetrax_dev]" Schema="[dbo]" Table="[INVOICE_LINES]" Alias="[il]" Column="QTY" />
                                                                  </DefinedValue>
                                                                </DefinedValues>
                                                                <Object Database="[servicetrax_dev]" Schema="[dbo]" Table="[INVOICE_LINES]" Index="[IL_PK]" Alias="[il]" />
                                                              </IndexScan>
                                                            </RelOp>
                                                          </Parallelism>
                                                        </RelOp>
                                                      </ComputeScalar>
                                                    </RelOp>
                                                  </ComputeScalar>
                                                </RelOp>
                                              </Hash>
                                            </RelOp>
                                          </Parallelism>
                                        </RelOp>
                                      </Hash>
                                    </RelOp>
                                    <RelOp AvgRowSize="384" EstimateCPU="0.000481487" EstimateIO="0" EstimateRebinds="0" EstimateRewinds="0" EstimateRows="9629.74" LogicalOp="Compute Scalar" NodeId="55" Parallel="true" PhysicalOp="Compute Scalar" EstimatedTotalSubtreeCost="103.677">
                                      <OutputList>
                                        <ColumnReference Database="[servicetrax_dev]" Schema="[dbo]" Table="[SERVICE_LINES]" Alias="[sl]" Column="ORGANIZATION_ID" />
                                        <ColumnReference Database="[servicetrax_dev]" Schema="[dbo]" Table="[SERVICE_LINES]" Alias="[sl]" Column="BILL_JOB_NO" />
                                        <ColumnReference Database="[servicetrax_dev]" Schema="[dbo]" Table="[SERVICE_LINES]" Alias="[sl]" Column="BILL_JOB_ID" />
                                        <ColumnReference Database="[servicetrax_dev]" Schema="[dbo]" Table="[JOBS]" Alias="[j]" Column="PROJECT_ID" />
                                        <ColumnReference Database="[servicetrax_dev]" Schema="[dbo]" Table="[JOBS]" Alias="[j]" Column="JOB_NAME" />
                                        <ColumnReference Database="[servicetrax_dev]" Schema="[dbo]" Table="[JOBS]" Alias="[j]" Column="BILLING_USER_ID" />
                                        <ColumnReference Column="Expr1020" />
                                        <ColumnReference Column="Expr1021" />
                                        <ColumnReference Column="Expr1022" />
                                        <ColumnReference Column="Expr1023" />
                                        <ColumnReference Column="Expr1024" />
                                        <ColumnReference Column="Expr1025" />
                                      </OutputList>
                                      <ComputeScalar>
                                        <DefinedValues>
                                          <DefinedValue>
                                            <ColumnReference Column="Expr1025" />
                                            <ScalarOperator ScalarString="([servicetrax_dev].[dbo].[USERS].[FIRST_NAME] as [u].[FIRST_NAME]+' ')+[servicetrax_dev].[dbo].[USERS].[LAST_NAME] as [u].[LAST_NAME]">
                                              <Arithmetic Operation="ADD">
                                                <ScalarOperator>
                                                  <Arithmetic Operation="ADD">
                                                    <ScalarOperator>
                                                      <Identifier>
                                                        <ColumnReference Database="[servicetrax_dev]" Schema="[dbo]" Table="[USERS]" Alias="[u]" Column="FIRST_NAME" />
                                                      </Identifier>
                                                    </ScalarOperator>
                                                    <ScalarOperator>
                                                      <Const ConstValue="' '" />
                                                    </ScalarOperator>
                                                  </Arithmetic>
                                                </ScalarOperator>
                                                <ScalarOperator>
                                                  <Identifier>
                                                    <ColumnReference Database="[servicetrax_dev]" Schema="[dbo]" Table="[USERS]" Alias="[u]" Column="LAST_NAME" />
                                                  </Identifier>
                                                </ScalarOperator>
                                              </Arithmetic>
                                            </ScalarOperator>
                                          </DefinedValue>
                                        </DefinedValues>
                                        <RelOp AvgRowSize="197" EstimateCPU="0.13093" EstimateIO="0" EstimateRebinds="0" EstimateRewinds="0" EstimateRows="9629.74" LogicalOp="Repartition Streams" NodeId="56" Parallel="true" PhysicalOp="Parallelism" EstimatedTotalSubtreeCost="103.677">
                                          <OutputList>
                                            <ColumnReference Database="[servicetrax_dev]" Schema="[dbo]" Table="[SERVICE_LINES]" Alias="[sl]" Column="ORGANIZATION_ID" />
                                            <ColumnReference Database="[servicetrax_dev]" Schema="[dbo]" Table="[SERVICE_LINES]" Alias="[sl]" Column="BILL_JOB_NO" />
                                            <ColumnReference Database="[servicetrax_dev]" Schema="[dbo]" Table="[SERVICE_LINES]" Alias="[sl]" Column="BILL_JOB_ID" />
                                            <ColumnReference Database="[servicetrax_dev]" Schema="[dbo]" Table="[JOBS]" Alias="[j]" Column="PROJECT_ID" />
                                            <ColumnReference Database="[servicetrax_dev]" Schema="[dbo]" Table="[JOBS]" Alias="[j]" Column="JOB_NAME" />
                                            <ColumnReference Database="[servicetrax_dev]" Schema="[dbo]" Table="[JOBS]" Alias="[j]" Column="BILLING_USER_ID" />
                                            <ColumnReference Database="[servicetrax_dev]" Schema="[dbo]" Table="[USERS]" Alias="[u]" Column="FIRST_NAME" />
                                            <ColumnReference Database="[servicetrax_dev]" Schema="[dbo]" Table="[USERS]" Alias="[u]" Column="LAST_NAME" />
                                            <ColumnReference Column="Expr1020" />
                                            <ColumnReference Column="Expr1021" />
                                            <ColumnReference Column="Expr1022" />
                                            <ColumnReference Column="Expr1023" />
                                            <ColumnReference Column="Expr1024" />
                                          </OutputList>
                                          <RunTimeInformation>
                                            <RunTimeCountersPerThread Thread="3" ActualRows="60" ActualEndOfScans="1" ActualExecutions="1" />
                                            <RunTimeCountersPerThread Thread="2" ActualRows="71" ActualEndOfScans="1" ActualExecutions="1" />
                                            <RunTimeCountersPerThread Thread="4" ActualRows="82" ActualEndOfScans="1" ActualExecutions="1" />
                                            <RunTimeCountersPerThread Thread="1" ActualRows="55" ActualEndOfScans="1" ActualExecutions="1" />
                                            <RunTimeCountersPerThread Thread="0" ActualRows="0" ActualEndOfScans="0" ActualExecutions="0" />
                                          </RunTimeInformation>
                                          <Parallelism PartitioningType="Hash">
                                            <PartitionColumns>
                                              <ColumnReference Database="[servicetrax_dev]" Schema="[dbo]" Table="[SERVICE_LINES]" Alias="[sl]" Column="BILL_JOB_ID" />
                                            </PartitionColumns>
                                            <RelOp AvgRowSize="197" EstimateCPU="0.00529635" EstimateIO="0" EstimateRebinds="0" EstimateRewinds="0" EstimateRows="9629.74" LogicalOp="Aggregate" NodeId="57" Parallel="true" PhysicalOp="Stream Aggregate" EstimatedTotalSubtreeCost="103.546">
                                              <OutputList>
                                                <ColumnReference Database="[servicetrax_dev]" Schema="[dbo]" Table="[SERVICE_LINES]" Alias="[sl]" Column="ORGANIZATION_ID" />
                                                <ColumnReference Database="[servicetrax_dev]" Schema="[dbo]" Table="[SERVICE_LINES]" Alias="[sl]" Column="BILL_JOB_NO" />
                                                <ColumnReference Database="[servicetrax_dev]" Schema="[dbo]" Table="[SERVICE_LINES]" Alias="[sl]" Column="BILL_JOB_ID" />
                                                <ColumnReference Database="[servicetrax_dev]" Schema="[dbo]" Table="[JOBS]" Alias="[j]" Column="PROJECT_ID" />
                                                <ColumnReference Database="[servicetrax_dev]" Schema="[dbo]" Table="[JOBS]" Alias="[j]" Column="JOB_NAME" />
                                                <ColumnReference Database="[servicetrax_dev]" Schema="[dbo]" Table="[JOBS]" Alias="[j]" Column="BILLING_USER_ID" />
                                                <ColumnReference Database="[servicetrax_dev]" Schema="[dbo]" Table="[USERS]" Alias="[u]" Column="FIRST_NAME" />
                                                <ColumnReference Database="[servicetrax_dev]" Schema="[dbo]" Table="[USERS]" Alias="[u]" Column="LAST_NAME" />
                                                <ColumnReference Column="Expr1020" />
                                                <ColumnReference Column="Expr1021" />
                                                <ColumnReference Column="Expr1022" />
                                                <ColumnReference Column="Expr1023" />
                                                <ColumnReference Column="Expr1024" />
                                              </OutputList>
                                              <RunTimeInformation>
                                                <RunTimeCountersPerThread Thread="4" ActualRows="60" ActualEndOfScans="1" ActualExecutions="1" />
                                                <RunTimeCountersPerThread Thread="1" ActualRows="68" ActualEndOfScans="1" ActualExecutions="1" />
                                                <RunTimeCountersPerThread Thread="3" ActualRows="71" ActualEndOfScans="1" ActualExecutions="1" />
                                                <RunTimeCountersPerThread Thread="2" ActualRows="69" ActualEndOfScans="1" ActualExecutions="1" />
                                                <RunTimeCountersPerThread Thread="0" ActualRows="0" ActualEndOfScans="0" ActualExecutions="0" />
                                              </RunTimeInformation>
                                              <StreamAggregate>
                                                <DefinedValues>
                                                  <DefinedValue>
                                                    <ColumnReference Column="Expr1022" />
                                                    <ScalarOperator ScalarString="MAX([servicetrax_dev].[dbo].[SERVICES].[EST_END_DATE] as [s].[EST_END_DATE])">
                                                      <Aggregate AggType="MAX" Distinct="false">
                                                        <ScalarOperator>
                                                          <Identifier>
                                                            <ColumnReference Database="[servicetrax_dev]" Schema="[dbo]" Table="[SERVICES]" Alias="[s]" Column="EST_END_DATE" />
                                                          </Identifier>
                                                        </ScalarOperator>
                                                      </Aggregate>
                                                    </ScalarOperator>
                                                  </DefinedValue>
                                                  <DefinedValue>
                                                    <ColumnReference Column="Expr1023" />
                                                    <ScalarOperator ScalarString="SUM([Expr1058])">
                                                      <Aggregate AggType="SUM" Distinct="false">
                                                        <ScalarOperator>
                                                          <Identifier>
                                                            <ColumnReference Column="Expr1058" />
                                                          </Identifier>
                                                        </ScalarOperator>
                                                      </Aggregate>
                                                    </ScalarOperator>
                                                  </DefinedValue>
                                                  <DefinedValue>
                                                    <ColumnReference Column="Expr1024" />
                                                    <ScalarOperator ScalarString="SUM([Expr1059])">
                                                      <Aggregate AggType="SUM" Distinct="false">
                                                        <ScalarOperator>
                                                          <Identifier>
                                                            <ColumnReference Column="Expr1059" />
                                                          </Identifier>
                                                        </ScalarOperator>
                                                      </Aggregate>
                                                    </ScalarOperator>
                                                  </DefinedValue>
                                                  <DefinedValue>
                                                    <ColumnReference Database="[servicetrax_dev]" Schema="[dbo]" Table="[JOBS]" Alias="[j]" Column="BILLING_USER_ID" />
                                                    <ScalarOperator ScalarString="ANY([servicetrax_dev].[dbo].[JOBS].[BILLING_USER_ID] as [j].[BILLING_USER_ID])">
                                                      <Aggregate AggType="ANY" Distinct="false">
                                                        <ScalarOperator>
                                                          <Identifier>
                                                            <ColumnReference Database="[servicetrax_dev]" Schema="[dbo]" Table="[JOBS]" Alias="[j]" Column="BILLING_USER_ID" />
                                                          </Identifier>
                                                        </ScalarOperator>
                                                      </Aggregate>
                                                    </ScalarOperator>
                                                  </DefinedValue>
                                                  <DefinedValue>
                                                    <ColumnReference Database="[servicetrax_dev]" Schema="[dbo]" Table="[JOBS]" Alias="[j]" Column="JOB_NAME" />
                                                    <ScalarOperator ScalarString="ANY([servicetrax_dev].[dbo].[JOBS].[JOB_NAME] as [j].[JOB_NAME])">
                                                      <Aggregate AggType="ANY" Distinct="false">
                                                        <ScalarOperator>
                                                          <Identifier>
                                                            <ColumnReference Database="[servicetrax_dev]" Schema="[dbo]" Table="[JOBS]" Alias="[j]" Column="JOB_NAME" />
                                                          </Identifier>
                                                        </ScalarOperator>
                                                      </Aggregate>
                                                    </ScalarOperator>
                                                  </DefinedValue>
                                                  <DefinedValue>
                                                    <ColumnReference Database="[servicetrax_dev]" Schema="[dbo]" Table="[SERVICE_LINES]" Alias="[sl]" Column="ORGANIZATION_ID" />
                                                    <ScalarOperator ScalarString="ANY([servicetrax_dev].[dbo].[SERVICE_LINES].[ORGANIZATION_ID] as [sl].[ORGANIZATION_ID])">
                                                      <Aggregate AggType="ANY" Distinct="false">
                                                        <ScalarOperator>
                                                          <Identifier>
                                                            <ColumnReference Database="[servicetrax_dev]" Schema="[dbo]" Table="[SERVICE_LINES]" Alias="[sl]" Column="ORGANIZATION_ID" />
                                                          </Identifier>
                                                        </ScalarOperator>
                                                      </Aggregate>
                                                    </ScalarOperator>
                                                  </DefinedValue>
                                                  <DefinedValue>
                                                    <ColumnReference Database="[servicetrax_dev]" Schema="[dbo]" Table="[JOBS]" Alias="[j]" Column="PROJECT_ID" />
                                                    <ScalarOperator ScalarString="ANY([servicetrax_dev].[dbo].[JOBS].[PROJECT_ID] as [j].[PROJECT_ID])">
                                                      <Aggregate AggType="ANY" Distinct="false">
                                                        <ScalarOperator>
                                                          <Identifier>
                                                            <ColumnReference Database="[servicetrax_dev]" Schema="[dbo]" Table="[JOBS]" Alias="[j]" Column="PROJECT_ID" />
                                                          </Identifier>
                                                        </ScalarOperator>
                                                      </Aggregate>
                                                    </ScalarOperator>
                                                  </DefinedValue>
                                                </DefinedValues>
                                                <GroupBy>
                                                  <ColumnReference Database="[servicetrax_dev]" Schema="[dbo]" Table="[SERVICE_LINES]" Alias="[sl]" Column="BILL_JOB_NO" />
                                                  <ColumnReference Database="[servicetrax_dev]" Schema="[dbo]" Table="[SERVICE_LINES]" Alias="[sl]" Column="BILL_JOB_ID" />
                                                  <ColumnReference Column="Expr1020" />
                                                  <ColumnReference Column="Expr1021" />
                                                  <ColumnReference Database="[servicetrax_dev]" Schema="[dbo]" Table="[USERS]" Alias="[u]" Column="FIRST_NAME" />
                                                  <ColumnReference Database="[servicetrax_dev]" Schema="[dbo]" Table="[USERS]" Alias="[u]" Column="LAST_NAME" />
                                                  <ColumnReference Database="[servicetrax_dev]" Schema="[dbo]" Table="[LOOKUPS]" Alias="[jl]" Column="NAME" />
                                                  <ColumnReference Database="[servicetrax_dev]" Schema="[dbo]" Table="[CUSTOMERS]" Alias="[c]" Column="EXT_DEALER_ID" />
                                                </GroupBy>
                                                <RelOp AvgRowSize="222" EstimateCPU="0.275171" EstimateIO="0.00563063" EstimateRebinds="0" EstimateRewinds="0" EstimateRows="9629.74" LogicalOp="Sort" NodeId="58" Parallel="true" PhysicalOp="Sort" EstimatedTotalSubtreeCost="103.541">
                                                  <OutputList>
                                                    <ColumnReference Database="[servicetrax_dev]" Schema="[dbo]" Table="[SERVICE_LINES]" Alias="[sl]" Column="ORGANIZATION_ID" />
                                                    <ColumnReference Database="[servicetrax_dev]" Schema="[dbo]" Table="[SERVICE_LINES]" Alias="[sl]" Column="BILL_JOB_NO" />
                                                    <ColumnReference Database="[servicetrax_dev]" Schema="[dbo]" Table="[SERVICE_LINES]" Alias="[sl]" Column="BILL_JOB_ID" />
                                                    <ColumnReference Database="[servicetrax_dev]" Schema="[dbo]" Table="[SERVICES]" Alias="[s]" Column="EST_END_DATE" />
                                                    <ColumnReference Database="[servicetrax_dev]" Schema="[dbo]" Table="[JOBS]" Alias="[j]" Column="PROJECT_ID" />
                                                    <ColumnReference Database="[servicetrax_dev]" Schema="[dbo]" Table="[JOBS]" Alias="[j]" Column="JOB_NAME" />
                                                    <ColumnReference Database="[servicetrax_dev]" Schema="[dbo]" Table="[JOBS]" Alias="[j]" Column="BILLING_USER_ID" />
                                                    <ColumnReference Database="[servicetrax_dev]" Schema="[dbo]" Table="[CUSTOMERS]" Alias="[c]" Column="EXT_DEALER_ID" />
                                                    <ColumnReference Database="[servicetrax_dev]" Schema="[dbo]" Table="[LOOKUPS]" Alias="[jl]" Column="NAME" />
                                                    <ColumnReference Database="[servicetrax_dev]" Schema="[dbo]" Table="[USERS]" Alias="[u]" Column="FIRST_NAME" />
                                                    <ColumnReference Database="[servicetrax_dev]" Schema="[dbo]" Table="[USERS]" Alias="[u]" Column="LAST_NAME" />
                                                    <ColumnReference Column="Expr1020" />
                                                    <ColumnReference Column="Expr1021" />
                                                    <ColumnReference Column="Expr1058" />
                                                    <ColumnReference Column="Expr1059" />
                                                  </OutputList>
                                                  <MemoryFractions Input="0.0680617" Output="0.260759" />
                                                  <RunTimeInformation>
                                                    <RunTimeCountersPerThread Thread="4" ActualRebinds="1" ActualRewinds="0" ActualRows="956" ActualEndOfScans="1" ActualExecutions="1" />
                                                    <RunTimeCountersPerThread Thread="3" ActualRebinds="1" ActualRewinds="0" ActualRows="1085" ActualEndOfScans="1" ActualExecutions="1" />
                                                    <RunTimeCountersPerThread Thread="1" ActualRebinds="1" ActualRewinds="0" ActualRows="1563" ActualEndOfScans="1" ActualExecutions="1" />
                                                    <RunTimeCountersPerThread Thread="2" ActualRebinds="1" ActualRewinds="0" ActualRows="1002" ActualEndOfScans="1" ActualExecutions="1" />
                                                    <RunTimeCountersPerThread Thread="0" ActualRebinds="0" ActualRewinds="0" ActualRows="0" ActualEndOfScans="0" ActualExecutions="0" />
                                                  </RunTimeInformation>
                                                  <Sort Distinct="false">
                                                    <OrderBy>
                                                      <OrderByColumn Ascending="true">
                                                        <ColumnReference Database="[servicetrax_dev]" Schema="[dbo]" Table="[SERVICE_LINES]" Alias="[sl]" Column="BILL_JOB_NO" />
                                                      </OrderByColumn>
                                                      <OrderByColumn Ascending="true">
                                                        <ColumnReference Database="[servicetrax_dev]" Schema="[dbo]" Table="[SERVICE_LINES]" Alias="[sl]" Column="BILL_JOB_ID" />
                                                      </OrderByColumn>
                                                      <OrderByColumn Ascending="true">
                                                        <ColumnReference Column="Expr1020" />
                                                      </OrderByColumn>
                                                      <OrderByColumn Ascending="true">
                                                        <ColumnReference Column="Expr1021" />
                                                      </OrderByColumn>
                                                      <OrderByColumn Ascending="true">
                                                        <ColumnReference Database="[servicetrax_dev]" Schema="[dbo]" Table="[USERS]" Alias="[u]" Column="FIRST_NAME" />
                                                      </OrderByColumn>
                                                      <OrderByColumn Ascending="true">
                                                        <ColumnReference Database="[servicetrax_dev]" Schema="[dbo]" Table="[USERS]" Alias="[u]" Column="LAST_NAME" />
                                                      </OrderByColumn>
                                                      <OrderByColumn Ascending="true">
                                                        <ColumnReference Database="[servicetrax_dev]" Schema="[dbo]" Table="[LOOKUPS]" Alias="[jl]" Column="NAME" />
                                                      </OrderByColumn>
                                                      <OrderByColumn Ascending="true">
                                                        <ColumnReference Database="[servicetrax_dev]" Schema="[dbo]" Table="[CUSTOMERS]" Alias="[c]" Column="EXT_DEALER_ID" />
                                                      </OrderByColumn>
                                                    </OrderBy>
                                                    <RelOp AvgRowSize="222" EstimateCPU="0.227882" EstimateIO="0" EstimateRebinds="0" EstimateRewinds="0" EstimateRows="9629.74" LogicalOp="Repartition Streams" NodeId="59" Parallel="true" PhysicalOp="Parallelism" EstimatedTotalSubtreeCost="103.26">
                                                      <OutputList>
                                                        <ColumnReference Database="[servicetrax_dev]" Schema="[dbo]" Table="[SERVICE_LINES]" Alias="[sl]" Column="ORGANIZATION_ID" />
                                                        <ColumnReference Database="[servicetrax_dev]" Schema="[dbo]" Table="[SERVICE_LINES]" Alias="[sl]" Column="BILL_JOB_NO" />
                                                        <ColumnReference Database="[servicetrax_dev]" Schema="[dbo]" Table="[SERVICE_LINES]" Alias="[sl]" Column="BILL_JOB_ID" />
                                                        <ColumnReference Database="[servicetrax_dev]" Schema="[dbo]" Table="[SERVICES]" Alias="[s]" Column="EST_END_DATE" />
                                                        <ColumnReference Database="[servicetrax_dev]" Schema="[dbo]" Table="[JOBS]" Alias="[j]" Column="PROJECT_ID" />
                                                        <ColumnReference Database="[servicetrax_dev]" Schema="[dbo]" Table="[JOBS]" Alias="[j]" Column="JOB_NAME" />
                                                        <ColumnReference Database="[servicetrax_dev]" Schema="[dbo]" Table="[JOBS]" Alias="[j]" Column="BILLING_USER_ID" />
                                                        <ColumnReference Database="[servicetrax_dev]" Schema="[dbo]" Table="[CUSTOMERS]" Alias="[c]" Column="EXT_DEALER_ID" />
                                                        <ColumnReference Database="[servicetrax_dev]" Schema="[dbo]" Table="[LOOKUPS]" Alias="[jl]" Column="NAME" />
                                                        <ColumnReference Database="[servicetrax_dev]" Schema="[dbo]" Table="[USERS]" Alias="[u]" Column="FIRST_NAME" />
                                                        <ColumnReference Database="[servicetrax_dev]" Schema="[dbo]" Table="[USERS]" Alias="[u]" Column="LAST_NAME" />
                                                        <ColumnReference Column="Expr1020" />
                                                        <ColumnReference Column="Expr1021" />
                                                        <ColumnReference Column="Expr1058" />
                                                        <ColumnReference Column="Expr1059" />
                                                      </OutputList>
                                                      <RunTimeInformation>
                                                        <RunTimeCountersPerThread Thread="4" ActualRows="956" ActualEndOfScans="1" ActualExecutions="1" />
                                                        <RunTimeCountersPerThread Thread="2" ActualRows="1002" ActualEndOfScans="1" ActualExecutions="1" />
                                                        <RunTimeCountersPerThread Thread="3" ActualRows="1085" ActualEndOfScans="1" ActualExecutions="1" />
                                                        <RunTimeCountersPerThread Thread="1" ActualRows="1563" ActualEndOfScans="1" ActualExecutions="1" />
                                                        <RunTimeCountersPerThread Thread="0" ActualRows="0" ActualEndOfScans="0" ActualExecutions="0" />
                                                      </RunTimeInformation>
                                                      <Parallelism PartitioningType="Hash">
                                                        <PartitionColumns>
                                                          <ColumnReference Database="[servicetrax_dev]" Schema="[dbo]" Table="[SERVICE_LINES]" Alias="[sl]" Column="BILL_JOB_NO" />
                                                          <ColumnReference Database="[servicetrax_dev]" Schema="[dbo]" Table="[SERVICE_LINES]" Alias="[sl]" Column="BILL_JOB_ID" />
                                                          <ColumnReference Column="Expr1020" />
                                                          <ColumnReference Column="Expr1021" />
                                                          <ColumnReference Database="[servicetrax_dev]" Schema="[dbo]" Table="[USERS]" Alias="[u]" Column="FIRST_NAME" />
                                                          <ColumnReference Database="[servicetrax_dev]" Schema="[dbo]" Table="[USERS]" Alias="[u]" Column="LAST_NAME" />
                                                          <ColumnReference Database="[servicetrax_dev]" Schema="[dbo]" Table="[LOOKUPS]" Alias="[jl]" Column="NAME" />
                                                          <ColumnReference Database="[servicetrax_dev]" Schema="[dbo]" Table="[CUSTOMERS]" Alias="[c]" Column="EXT_DEALER_ID" />
                                                        </PartitionColumns>
                                                        <RelOp AvgRowSize="222" EstimateCPU="0.000481487" EstimateIO="0" EstimateRebinds="0" EstimateRewinds="0" EstimateRows="9629.74" LogicalOp="Compute Scalar" NodeId="60" Parallel="true" PhysicalOp="Compute Scalar" EstimatedTotalSubtreeCost="103.032">
                                                          <OutputList>
                                                            <ColumnReference Database="[servicetrax_dev]" Schema="[dbo]" Table="[SERVICE_LINES]" Alias="[sl]" Column="ORGANIZATION_ID" />
                                                            <ColumnReference Database="[servicetrax_dev]" Schema="[dbo]" Table="[SERVICE_LINES]" Alias="[sl]" Column="BILL_JOB_NO" />
                                                            <ColumnReference Database="[servicetrax_dev]" Schema="[dbo]" Table="[SERVICE_LINES]" Alias="[sl]" Column="BILL_JOB_ID" />
                                                            <ColumnReference Database="[servicetrax_dev]" Schema="[dbo]" Table="[SERVICES]" Alias="[s]" Column="EST_END_DATE" />
                                                            <ColumnReference Database="[servicetrax_dev]" Schema="[dbo]" Table="[JOBS]" Alias="[j]" Column="PROJECT_ID" />
                                                            <ColumnReference Database="[servicetrax_dev]" Schema="[dbo]" Table="[JOBS]" Alias="[j]" Column="JOB_NAME" />
                                                            <ColumnReference Database="[servicetrax_dev]" Schema="[dbo]" Table="[JOBS]" Alias="[j]" Column="BILLING_USER_ID" />
                                                            <ColumnReference Database="[servicetrax_dev]" Schema="[dbo]" Table="[CUSTOMERS]" Alias="[c]" Column="EXT_DEALER_ID" />
                                                            <ColumnReference Database="[servicetrax_dev]" Schema="[dbo]" Table="[LOOKUPS]" Alias="[jl]" Column="NAME" />
                                                            <ColumnReference Database="[servicetrax_dev]" Schema="[dbo]" Table="[USERS]" Alias="[u]" Column="FIRST_NAME" />
                                                            <ColumnReference Database="[servicetrax_dev]" Schema="[dbo]" Table="[USERS]" Alias="[u]" Column="LAST_NAME" />
                                                            <ColumnReference Column="Expr1020" />
                                                            <ColumnReference Column="Expr1021" />
                                                            <ColumnReference Column="Expr1058" />
                                                            <ColumnReference Column="Expr1059" />
                                                          </OutputList>
                                                          <ComputeScalar>
                                                            <DefinedValues>
                                                              <DefinedValue>
                                                                <ColumnReference Column="Expr1020" />
                                                                <ScalarOperator ScalarString="CASE WHEN [servicetrax_dev].[dbo].[LOOKUPS].[CODE] as [customer_type].[CODE]='end_user' THEN [servicetrax_dev].[dbo].[CUSTOMERS].[CUSTOMER_NAME] as [eu_parent].[CUSTOMER_NAME] ELSE [servicetrax_dev].[dbo].[CUSTOMERS].[CUSTOMER_NAME] as [c].[CUSTOMER_NAME] END">
                                                                  <IF>
                                                                    <Condition>
                                                                      <ScalarOperator>
                                                                        <Compare CompareOp="EQ">
                                                                          <ScalarOperator>
                                                                            <Identifier>
                                                                              <ColumnReference Database="[servicetrax_dev]" Schema="[dbo]" Table="[LOOKUPS]" Alias="[customer_type]" Column="CODE" />
                                                                            </Identifier>
                                                                          </ScalarOperator>
                                                                          <ScalarOperator>
                                                                            <Const ConstValue="'end_user'" />
                                                                          </ScalarOperator>
                                                                        </Compare>
                                                                      </ScalarOperator>
                                                                    </Condition>
                                                                    <Then>
                                                                      <ScalarOperator>
                                                                        <Identifier>
                                                                          <ColumnReference Database="[servicetrax_dev]" Schema="[dbo]" Table="[CUSTOMERS]" Alias="[eu_parent]" Column="CUSTOMER_NAME" />
                                                                        </Identifier>
                                                                      </ScalarOperator>
                                                                    </Then>
                                                                    <Else>
                                                                      <ScalarOperator>
                                                                        <Identifier>
                                                                          <ColumnReference Database="[servicetrax_dev]" Schema="[dbo]" Table="[CUSTOMERS]" Alias="[c]" Column="CUSTOMER_NAME" />
                                                                        </Identifier>
                                                                      </ScalarOperator>
                                                                    </Else>
                                                                  </IF>
                                                                </ScalarOperator>
                                                              </DefinedValue>
                                                              <DefinedValue>
                                                                <ColumnReference Column="Expr1021" />
                                                                <ScalarOperator ScalarString="CASE WHEN [servicetrax_dev].[dbo].[LOOKUPS].[CODE] as [customer_type].[CODE]='end_user' THEN [servicetrax_dev].[dbo].[CUSTOMERS].[CUSTOMER_NAME] as [c].[CUSTOMER_NAME] ELSE [servicetrax_dev].[dbo].[CUSTOMERS].[CUSTOMER_NAME] as [eu].[CUSTOMER_NAME] END">
                                                                  <IF>
                                                                    <Condition>
                                                                      <ScalarOperator>
                                                                        <Compare CompareOp="EQ">
                                                                          <ScalarOperator>
                                                                            <Identifier>
                                                                              <ColumnReference Database="[servicetrax_dev]" Schema="[dbo]" Table="[LOOKUPS]" Alias="[customer_type]" Column="CODE" />
                                                                            </Identifier>
                                                                          </ScalarOperator>
                                                                          <ScalarOperator>
                                                                            <Const ConstValue="'end_user'" />
                                                                          </ScalarOperator>
                                                                        </Compare>
                                                                      </ScalarOperator>
                                                                    </Condition>
                                                                    <Then>
                                                                      <ScalarOperator>
                                                                        <Identifier>
                                                                          <ColumnReference Database="[servicetrax_dev]" Schema="[dbo]" Table="[CUSTOMERS]" Alias="[c]" Column="CUSTOMER_NAME" />
                                                                        </Identifier>
                                                                      </ScalarOperator>
                                                                    </Then>
                                                                    <Else>
                                                                      <ScalarOperator>
                                                                        <Identifier>
                                                                          <ColumnReference Database="[servicetrax_dev]" Schema="[dbo]" Table="[CUSTOMERS]" Alias="[eu]" Column="CUSTOMER_NAME" />
                                                                        </Identifier>
                                                                      </ScalarOperator>
                                                                    </Else>
                                                                  </IF>
                                                                </ScalarOperator>
                                                              </DefinedValue>
                                                            </DefinedValues>
                                                            <RelOp AvgRowSize="221" EstimateCPU="0.369443" EstimateIO="0" EstimateRebinds="0" EstimateRewinds="0" EstimateRows="9629.74" LogicalOp="Right Outer Join" NodeId="61" Parallel="true" PhysicalOp="Hash Match" EstimatedTotalSubtreeCost="103.032">
                                                              <OutputList>
                                                                <ColumnReference Database="[servicetrax_dev]" Schema="[dbo]" Table="[SERVICE_LINES]" Alias="[sl]" Column="ORGANIZATION_ID" />
                                                                <ColumnReference Database="[servicetrax_dev]" Schema="[dbo]" Table="[SERVICE_LINES]" Alias="[sl]" Column="BILL_JOB_NO" />
                                                                <ColumnReference Database="[servicetrax_dev]" Schema="[dbo]" Table="[SERVICE_LINES]" Alias="[sl]" Column="BILL_JOB_ID" />
                                                                <ColumnReference Database="[servicetrax_dev]" Schema="[dbo]" Table="[SERVICES]" Alias="[s]" Column="EST_END_DATE" />
                                                                <ColumnReference Database="[servicetrax_dev]" Schema="[dbo]" Table="[JOBS]" Alias="[j]" Column="PROJECT_ID" />
                                                                <ColumnReference Database="[servicetrax_dev]" Schema="[dbo]" Table="[JOBS]" Alias="[j]" Column="JOB_NAME" />
                                                                <ColumnReference Database="[servicetrax_dev]" Schema="[dbo]" Table="[JOBS]" Alias="[j]" Column="BILLING_USER_ID" />
                                                                <ColumnReference Database="[servicetrax_dev]" Schema="[dbo]" Table="[CUSTOMERS]" Alias="[c]" Column="EXT_DEALER_ID" />
                                                                <ColumnReference Database="[servicetrax_dev]" Schema="[dbo]" Table="[CUSTOMERS]" Alias="[c]" Column="CUSTOMER_NAME" />
                                                                <ColumnReference Database="[servicetrax_dev]" Schema="[dbo]" Table="[LOOKUPS]" Alias="[jl]" Column="NAME" />
                                                                <ColumnReference Database="[servicetrax_dev]" Schema="[dbo]" Table="[LOOKUPS]" Alias="[customer_type]" Column="CODE" />
                                                                <ColumnReference Database="[servicetrax_dev]" Schema="[dbo]" Table="[CUSTOMERS]" Alias="[eu]" Column="CUSTOMER_NAME" />
                                                                <ColumnReference Database="[servicetrax_dev]" Schema="[dbo]" Table="[USERS]" Alias="[u]" Column="FIRST_NAME" />
                                                                <ColumnReference Database="[servicetrax_dev]" Schema="[dbo]" Table="[USERS]" Alias="[u]" Column="LAST_NAME" />
                                                                <ColumnReference Database="[servicetrax_dev]" Schema="[dbo]" Table="[CUSTOMERS]" Alias="[eu_parent]" Column="CUSTOMER_NAME" />
                                                                <ColumnReference Column="Expr1058" />
                                                                <ColumnReference Column="Expr1059" />
                                                              </OutputList>
                                                              <MemoryFractions Input="0.0772635" Output="0.0713656" />
                                                              <RunTimeInformation>
                                                                <RunTimeCountersPerThread Thread="2" ActualRows="31" ActualEndOfScans="1" ActualExecutions="1" />
                                                                <RunTimeCountersPerThread Thread="1" ActualRows="1799" ActualEndOfScans="1" ActualExecutions="1" />
                                                                <RunTimeCountersPerThread Thread="4" ActualRows="0" ActualEndOfScans="1" ActualExecutions="1" />
                                                                <RunTimeCountersPerThread Thread="3" ActualRows="2776" ActualEndOfScans="1" ActualExecutions="1" />
                                                                <RunTimeCountersPerThread Thread="0" ActualRows="0" ActualEndOfScans="0" ActualExecutions="0" />
                                                              </RunTimeInformation>
                                                              <Hash>
                                                                <DefinedValues />
                                                                <HashKeysBuild>
                                                                  <ColumnReference Database="[servicetrax_dev]" Schema="[dbo]" Table="[CUSTOMERS]" Alias="[eu_parent]" Column="CUSTOMER_ID" />
                                                                </HashKeysBuild>
                                                                <HashKeysProbe>
                                                                  <ColumnReference Database="[servicetrax_dev]" Schema="[dbo]" Table="[CUSTOMERS]" Alias="[c]" Column="end_user_parent_id" />
                                                                </HashKeysProbe>
                                                                <ProbeResidual>
                                                                  <ScalarOperator ScalarString="[servicetrax_dev].[dbo].[CUSTOMERS].[end_user_parent_id] as [c].[end_user_parent_id]=[servicetrax_dev].[dbo].[CUSTOMERS].[CUSTOMER_ID] as [eu_parent].[CUSTOMER_ID]">
                                                                    <Compare CompareOp="EQ">
                                                                      <ScalarOperator>
                                                                        <Identifier>
                                                                          <ColumnReference Database="[servicetrax_dev]" Schema="[dbo]" Table="[CUSTOMERS]" Alias="[c]" Column="end_user_parent_id" />
                                                                        </Identifier>
                                                                      </ScalarOperator>
                                                                      <ScalarOperator>
                                                                        <Identifier>
                                                                          <ColumnReference Database="[servicetrax_dev]" Schema="[dbo]" Table="[CUSTOMERS]" Alias="[eu_parent]" Column="CUSTOMER_ID" />
                                                                        </Identifier>
                                                                      </ScalarOperator>
                                                                    </Compare>
                                                                  </ScalarOperator>
                                                                </ProbeResidual>
                                                                <RelOp AvgRowSize="37" EstimateCPU="0.0655139" EstimateIO="0" EstimateRebinds="0" EstimateRewinds="0" EstimateRows="15044" LogicalOp="Repartition Streams" NodeId="62" Parallel="true" PhysicalOp="Parallelism" EstimatedTotalSubtreeCost="0.146621">
                                                                  <OutputList>
                                                                    <ColumnReference Database="[servicetrax_dev]" Schema="[dbo]" Table="[CUSTOMERS]" Alias="[eu_parent]" Column="CUSTOMER_ID" />
                                                                    <ColumnReference Database="[servicetrax_dev]" Schema="[dbo]" Table="[CUSTOMERS]" Alias="[eu_parent]" Column="CUSTOMER_NAME" />
                                                                  </OutputList>
                                                                  <RunTimeInformation>
                                                                    <RunTimeCountersPerThread Thread="1" ActualRows="3736" ActualEndOfScans="1" ActualExecutions="1" />
                                                                    <RunTimeCountersPerThread Thread="4" ActualRows="3710" ActualEndOfScans="1" ActualExecutions="1" />
                                                                    <RunTimeCountersPerThread Thread="3" ActualRows="3736" ActualEndOfScans="1" ActualExecutions="1" />
                                                                    <RunTimeCountersPerThread Thread="2" ActualRows="3862" ActualEndOfScans="1" ActualExecutions="1" />
                                                                    <RunTimeCountersPerThread Thread="0" ActualRows="0" ActualEndOfScans="0" ActualExecutions="0" />
                                                                  </RunTimeInformation>
                                                                  <Parallelism PartitioningType="Hash">
                                                                    <PartitionColumns>
                                                                      <ColumnReference Database="[servicetrax_dev]" Schema="[dbo]" Table="[CUSTOMERS]" Alias="[eu_parent]" Column="CUSTOMER_ID" />
                                                                    </PartitionColumns>
                                                                    <RelOp AvgRowSize="37" EstimateCPU="0.0083527" EstimateIO="0.0727546" EstimateRebinds="0" EstimateRewinds="0" EstimateRows="15044" LogicalOp="Index Scan" NodeId="63" Parallel="true" PhysicalOp="Index Scan" EstimatedTotalSubtreeCost="0.0811073">
                                                                      <OutputList>
                                                                        <ColumnReference Database="[servicetrax_dev]" Schema="[dbo]" Table="[CUSTOMERS]" Alias="[eu_parent]" Column="CUSTOMER_ID" />
                                                                        <ColumnReference Database="[servicetrax_dev]" Schema="[dbo]" Table="[CUSTOMERS]" Alias="[eu_parent]" Column="CUSTOMER_NAME" />
                                                                      </OutputList>
                                                                      <RunTimeInformation>
                                                                        <RunTimeCountersPerThread Thread="4" ActualRows="4320" ActualEndOfScans="1" ActualExecutions="1" />
                                                                        <RunTimeCountersPerThread Thread="1" ActualRows="3248" ActualEndOfScans="1" ActualExecutions="1" />
                                                                        <RunTimeCountersPerThread Thread="2" ActualRows="3950" ActualEndOfScans="1" ActualExecutions="1" />
                                                                        <RunTimeCountersPerThread Thread="3" ActualRows="3526" ActualEndOfScans="1" ActualExecutions="1" />
                                                                        <RunTimeCountersPerThread Thread="0" ActualRows="0" ActualEndOfScans="0" ActualExecutions="0" />
                                                                      </RunTimeInformation>
                                                                      <IndexScan Ordered="false" ForcedIndex="false" NoExpandHint="false">
                                                                        <DefinedValues>
                                                                          <DefinedValue>
                                                                            <ColumnReference Database="[servicetrax_dev]" Schema="[dbo]" Table="[CUSTOMERS]" Alias="[eu_parent]" Column="CUSTOMER_ID" />
                                                                          </DefinedValue>
                                                                          <DefinedValue>
                                                                            <ColumnReference Database="[servicetrax_dev]" Schema="[dbo]" Table="[CUSTOMERS]" Alias="[eu_parent]" Column="CUSTOMER_NAME" />
                                                                          </DefinedValue>
                                                                        </DefinedValues>
                                                                        <Object Database="[servicetrax_dev]" Schema="[dbo]" Table="[CUSTOMERS]" Index="[IX_CUSTOMER_TYPE_NAME]" Alias="[eu_parent]" />
                                                                      </IndexScan>
                                                                    </RelOp>
                                                                  </Parallelism>
                                                                </RelOp>
                                                                <RelOp AvgRowSize="211" EstimateCPU="0.163905" EstimateIO="0" EstimateRebinds="0" EstimateRewinds="0" EstimateRows="9629.74" LogicalOp="Repartition Streams" NodeId="64" Parallel="true" PhysicalOp="Parallelism" EstimatedTotalSubtreeCost="102.515">
                                                                  <OutputList>
                                                                    <ColumnReference Database="[servicetrax_dev]" Schema="[dbo]" Table="[SERVICE_LINES]" Alias="[sl]" Column="ORGANIZATION_ID" />
                                                                    <ColumnReference Database="[servicetrax_dev]" Schema="[dbo]" Table="[SERVICE_LINES]" Alias="[sl]" Column="BILL_JOB_NO" />
                                                                    <ColumnReference Database="[servicetrax_dev]" Schema="[dbo]" Table="[SERVICE_LINES]" Alias="[sl]" Column="BILL_JOB_ID" />
                                                                    <ColumnReference Database="[servicetrax_dev]" Schema="[dbo]" Table="[SERVICES]" Alias="[s]" Column="EST_END_DATE" />
                                                                    <ColumnReference Database="[servicetrax_dev]" Schema="[dbo]" Table="[JOBS]" Alias="[j]" Column="PROJECT_ID" />
                                                                    <ColumnReference Database="[servicetrax_dev]" Schema="[dbo]" Table="[JOBS]" Alias="[j]" Column="JOB_NAME" />
                                                                    <ColumnReference Database="[servicetrax_dev]" Schema="[dbo]" Table="[JOBS]" Alias="[j]" Column="BILLING_USER_ID" />
                                                                    <ColumnReference Database="[servicetrax_dev]" Schema="[dbo]" Table="[CUSTOMERS]" Alias="[c]" Column="EXT_DEALER_ID" />
                                                                    <ColumnReference Database="[servicetrax_dev]" Schema="[dbo]" Table="[CUSTOMERS]" Alias="[c]" Column="CUSTOMER_NAME" />
                                                                    <ColumnReference Database="[servicetrax_dev]" Schema="[dbo]" Table="[CUSTOMERS]" Alias="[c]" Column="end_user_parent_id" />
                                                                    <ColumnReference Database="[servicetrax_dev]" Schema="[dbo]" Table="[LOOKUPS]" Alias="[jl]" Column="NAME" />
                                                                    <ColumnReference Database="[servicetrax_dev]" Schema="[dbo]" Table="[LOOKUPS]" Alias="[customer_type]" Column="CODE" />
                                                                    <ColumnReference Database="[servicetrax_dev]" Schema="[dbo]" Table="[CUSTOMERS]" Alias="[eu]" Column="CUSTOMER_NAME" />
                                                                    <ColumnReference Database="[servicetrax_dev]" Schema="[dbo]" Table="[USERS]" Alias="[u]" Column="FIRST_NAME" />
                                                                    <ColumnReference Database="[servicetrax_dev]" Schema="[dbo]" Table="[USERS]" Alias="[u]" Column="LAST_NAME" />
                                                                    <ColumnReference Column="Expr1058" />
                                                                    <ColumnReference Column="Expr1059" />
                                                                  </OutputList>
                                                                  <RunTimeInformation>
                                                                    <RunTimeCountersPerThread Thread="1" ActualRows="1799" ActualEndOfScans="1" ActualExecutions="1" />
                                                                    <RunTimeCountersPerThread Thread="3" ActualRows="2776" ActualEndOfScans="1" ActualExecutions="1" />
                                                                    <RunTimeCountersPerThread Thread="4" ActualRows="0" ActualEndOfScans="1" ActualExecutions="1" />
                                                                    <RunTimeCountersPerThread Thread="2" ActualRows="31" ActualEndOfScans="1" ActualExecutions="1" />
                                                                    <RunTimeCountersPerThread Thread="0" ActualRows="0" ActualEndOfScans="0" ActualExecutions="0" />
                                                                  </RunTimeInformation>
                                                                  <Parallelism PartitioningType="Hash">
                                                                    <PartitionColumns>
                                                                      <ColumnReference Database="[servicetrax_dev]" Schema="[dbo]" Table="[CUSTOMERS]" Alias="[c]" Column="end_user_parent_id" />
                                                                    </PartitionColumns>
                                                                    <RelOp AvgRowSize="211" EstimateCPU="0.254881" EstimateIO="0" EstimateRebinds="0" EstimateRewinds="0" EstimateRows="9629.74" LogicalOp="Right Outer Join" NodeId="65" Parallel="true" PhysicalOp="Hash Match" EstimatedTotalSubtreeCost="102.352">
                                                                      <OutputList>
                                                                        <ColumnReference Database="[servicetrax_dev]" Schema="[dbo]" Table="[SERVICE_LINES]" Alias="[sl]" Column="ORGANIZATION_ID" />
                                                                        <ColumnReference Database="[servicetrax_dev]" Schema="[dbo]" Table="[SERVICE_LINES]" Alias="[sl]" Column="BILL_JOB_NO" />
                                                                        <ColumnReference Database="[servicetrax_dev]" Schema="[dbo]" Table="[SERVICE_LINES]" Alias="[sl]" Column="BILL_JOB_ID" />
                                                                        <ColumnReference Database="[servicetrax_dev]" Schema="[dbo]" Table="[SERVICES]" Alias="[s]" Column="EST_END_DATE" />
                                                                        <ColumnReference Database="[servicetrax_dev]" Schema="[dbo]" Table="[JOBS]" Alias="[j]" Column="PROJECT_ID" />
                                                                        <ColumnReference Database="[servicetrax_dev]" Schema="[dbo]" Table="[JOBS]" Alias="[j]" Column="JOB_NAME" />
                                                                        <ColumnReference Database="[servicetrax_dev]" Schema="[dbo]" Table="[JOBS]" Alias="[j]" Column="BILLING_USER_ID" />
                                                                        <ColumnReference Database="[servicetrax_dev]" Schema="[dbo]" Table="[CUSTOMERS]" Alias="[c]" Column="EXT_DEALER_ID" />
                                                                        <ColumnReference Database="[servicetrax_dev]" Schema="[dbo]" Table="[CUSTOMERS]" Alias="[c]" Column="CUSTOMER_NAME" />
                                                                        <ColumnReference Database="[servicetrax_dev]" Schema="[dbo]" Table="[CUSTOMERS]" Alias="[c]" Column="end_user_parent_id" />
                                                                        <ColumnReference Database="[servicetrax_dev]" Schema="[dbo]" Table="[LOOKUPS]" Alias="[jl]" Column="NAME" />
                                                                        <ColumnReference Database="[servicetrax_dev]" Schema="[dbo]" Table="[LOOKUPS]" Alias="[customer_type]" Column="CODE" />
                                                                        <ColumnReference Database="[servicetrax_dev]" Schema="[dbo]" Table="[CUSTOMERS]" Alias="[eu]" Column="CUSTOMER_NAME" />
                                                                        <ColumnReference Database="[servicetrax_dev]" Schema="[dbo]" Table="[USERS]" Alias="[u]" Column="FIRST_NAME" />
                                                                        <ColumnReference Database="[servicetrax_dev]" Schema="[dbo]" Table="[USERS]" Alias="[u]" Column="LAST_NAME" />
                                                                        <ColumnReference Column="Expr1058" />
                                                                        <ColumnReference Column="Expr1059" />
                                                                      </OutputList>
                                                                      <MemoryFractions Input="0.00763096" Output="0.00704846" />
                                                                      <RunTimeInformation>
                                                                        <RunTimeCountersPerThread Thread="4" ActualRows="2138" ActualEndOfScans="1" ActualExecutions="1" />
                                                                        <RunTimeCountersPerThread Thread="3" ActualRows="535" ActualEndOfScans="1" ActualExecutions="1" />
                                                                        <RunTimeCountersPerThread Thread="1" ActualRows="462" ActualEndOfScans="1" ActualExecutions="1" />
                                                                        <RunTimeCountersPerThread Thread="2" ActualRows="1471" ActualEndOfScans="1" ActualExecutions="1" />
                                                                        <RunTimeCountersPerThread Thread="0" ActualRows="0" ActualEndOfScans="0" ActualExecutions="0" />
                                                                      </RunTimeInformation>
                                                                      <Hash>
                                                                        <DefinedValues />
                                                                        <HashKeysBuild>
                                                                          <ColumnReference Database="[servicetrax_dev]" Schema="[dbo]" Table="[USERS]" Alias="[u]" Column="USER_ID" />
                                                                        </HashKeysBuild>
                                                                        <HashKeysProbe>
                                                                          <ColumnReference Database="[servicetrax_dev]" Schema="[dbo]" Table="[JOBS]" Alias="[j]" Column="BILLING_USER_ID" />
                                                                        </HashKeysProbe>
                                                                        <ProbeResidual>
                                                                          <ScalarOperator ScalarString="[servicetrax_dev].[dbo].[JOBS].[BILLING_USER_ID] as [j].[BILLING_USER_ID]=[servicetrax_dev].[dbo].[USERS].[USER_ID] as [u].[USER_ID]">
                                                                            <Compare CompareOp="EQ">
                                                                              <ScalarOperator>
                                                                                <Identifier>
                                                                                  <ColumnReference Database="[servicetrax_dev]" Schema="[dbo]" Table="[JOBS]" Alias="[j]" Column="BILLING_USER_ID" />
                                                                                </Identifier>
                                                                              </ScalarOperator>
                                                                              <ScalarOperator>
                                                                                <Identifier>
                                                                                  <ColumnReference Database="[servicetrax_dev]" Schema="[dbo]" Table="[USERS]" Alias="[u]" Column="USER_ID" />
                                                                                </Identifier>
                                                                              </ScalarOperator>
                                                                            </Compare>
                                                                          </ScalarOperator>
                                                                        </ProbeResidual>
                                                                        <RelOp AvgRowSize="33" EstimateCPU="0.0348123" EstimateIO="0" EstimateRebinds="0" EstimateRewinds="0" EstimateRows="2462" LogicalOp="Repartition Streams" NodeId="66" Parallel="true" PhysicalOp="Parallelism" EstimatedTotalSubtreeCost="0.0467773">
                                                                          <OutputList>
                                                                            <ColumnReference Database="[servicetrax_dev]" Schema="[dbo]" Table="[USERS]" Alias="[u]" Column="USER_ID" />
                                                                            <ColumnReference Database="[servicetrax_dev]" Schema="[dbo]" Table="[USERS]" Alias="[u]" Column="FIRST_NAME" />
                                                                            <ColumnReference Database="[servicetrax_dev]" Schema="[dbo]" Table="[USERS]" Alias="[u]" Column="LAST_NAME" />
                                                                          </OutputList>
                                                                          <RunTimeInformation>
                                                                            <RunTimeCountersPerThread Thread="1" ActualRows="611" ActualEndOfScans="1" ActualExecutions="1" />
                                                                            <RunTimeCountersPerThread Thread="4" ActualRows="601" ActualEndOfScans="1" ActualExecutions="1" />
                                                                            <RunTimeCountersPerThread Thread="3" ActualRows="610" ActualEndOfScans="1" ActualExecutions="1" />
                                                                            <RunTimeCountersPerThread Thread="2" ActualRows="640" ActualEndOfScans="1" ActualExecutions="1" />
                                                                            <RunTimeCountersPerThread Thread="0" ActualRows="0" ActualEndOfScans="0" ActualExecutions="0" />
                                                                          </RunTimeInformation>
                                                                          <Parallelism PartitioningType="Hash">
                                                                            <PartitionColumns>
                                                                              <ColumnReference Database="[servicetrax_dev]" Schema="[dbo]" Table="[USERS]" Alias="[u]" Column="USER_ID" />
                                                                            </PartitionColumns>
                                                                            <RelOp AvgRowSize="33" EstimateCPU="0.0014326" EstimateIO="0.0105324" EstimateRebinds="0" EstimateRewinds="0" EstimateRows="2462" LogicalOp="Index Scan" NodeId="67" Parallel="true" PhysicalOp="Index Scan" EstimatedTotalSubtreeCost="0.011965">
                                                                              <OutputList>
                                                                                <ColumnReference Database="[servicetrax_dev]" Schema="[dbo]" Table="[USERS]" Alias="[u]" Column="USER_ID" />
                                                                                <ColumnReference Database="[servicetrax_dev]" Schema="[dbo]" Table="[USERS]" Alias="[u]" Column="FIRST_NAME" />
                                                                                <ColumnReference Database="[servicetrax_dev]" Schema="[dbo]" Table="[USERS]" Alias="[u]" Column="LAST_NAME" />
                                                                              </OutputList>
                                                                              <RunTimeInformation>
                                                                                <RunTimeCountersPerThread Thread="4" ActualRows="732" ActualEndOfScans="1" ActualExecutions="1" />
                                                                                <RunTimeCountersPerThread Thread="1" ActualRows="724" ActualEndOfScans="1" ActualExecutions="1" />
                                                                                <RunTimeCountersPerThread Thread="3" ActualRows="526" ActualEndOfScans="1" ActualExecutions="1" />
                                                                                <RunTimeCountersPerThread Thread="2" ActualRows="480" ActualEndOfScans="1" ActualExecutions="1" />
                                                                                <RunTimeCountersPerThread Thread="0" ActualRows="0" ActualEndOfScans="0" ActualExecutions="0" />
                                                                              </RunTimeInformation>
                                                                              <IndexScan Ordered="false" ForcedIndex="false" NoExpandHint="false">
                                                                                <DefinedValues>
                                                                                  <DefinedValue>
                                                                                    <ColumnReference Database="[servicetrax_dev]" Schema="[dbo]" Table="[USERS]" Alias="[u]" Column="USER_ID" />
                                                                                  </DefinedValue>
                                                                                  <DefinedValue>
                                                                                    <ColumnReference Database="[servicetrax_dev]" Schema="[dbo]" Table="[USERS]" Alias="[u]" Column="FIRST_NAME" />
                                                                                  </DefinedValue>
                                                                                  <DefinedValue>
                                                                                    <ColumnReference Database="[servicetrax_dev]" Schema="[dbo]" Table="[USERS]" Alias="[u]" Column="LAST_NAME" />
                                                                                  </DefinedValue>
                                                                                </DefinedValues>
                                                                                <Object Database="[servicetrax_dev]" Schema="[dbo]" Table="[USERS]" Index="[IX_USER_NAMES]" Alias="[u]" />
                                                                              </IndexScan>
                                                                            </RelOp>
                                                                          </Parallelism>
                                                                        </RelOp>
                                                                        <RelOp AvgRowSize="195" EstimateCPU="0.00850111" EstimateIO="0" EstimateRebinds="0" EstimateRewinds="0" EstimateRows="9629.74" LogicalOp="Filter" NodeId="68" Parallel="true" PhysicalOp="Filter" EstimatedTotalSubtreeCost="102.05">
                                                                          <OutputList>
                                                                            <ColumnReference Database="[servicetrax_dev]" Schema="[dbo]" Table="[SERVICE_LINES]" Alias="[sl]" Column="ORGANIZATION_ID" />
                                                                            <ColumnReference Database="[servicetrax_dev]" Schema="[dbo]" Table="[SERVICE_LINES]" Alias="[sl]" Column="BILL_JOB_NO" />
                                                                            <ColumnReference Database="[servicetrax_dev]" Schema="[dbo]" Table="[SERVICE_LINES]" Alias="[sl]" Column="BILL_JOB_ID" />
                                                                            <ColumnReference Database="[servicetrax_dev]" Schema="[dbo]" Table="[SERVICES]" Alias="[s]" Column="EST_END_DATE" />
                                                                            <ColumnReference Database="[servicetrax_dev]" Schema="[dbo]" Table="[JOBS]" Alias="[j]" Column="PROJECT_ID" />
                                                                            <ColumnReference Database="[servicetrax_dev]" Schema="[dbo]" Table="[JOBS]" Alias="[j]" Column="JOB_NAME" />
                                                                            <ColumnReference Database="[servicetrax_dev]" Schema="[dbo]" Table="[JOBS]" Alias="[j]" Column="BILLING_USER_ID" />
                                                                            <ColumnReference Database="[servicetrax_dev]" Schema="[dbo]" Table="[CUSTOMERS]" Alias="[c]" Column="EXT_DEALER_ID" />
                                                                            <ColumnReference Database="[servicetrax_dev]" Schema="[dbo]" Table="[CUSTOMERS]" Alias="[c]" Column="CUSTOMER_NAME" />
                                                                            <ColumnReference Database="[servicetrax_dev]" Schema="[dbo]" Table="[CUSTOMERS]" Alias="[c]" Column="end_user_parent_id" />
                                                                            <ColumnReference Database="[servicetrax_dev]" Schema="[dbo]" Table="[LOOKUPS]" Alias="[jl]" Column="NAME" />
                                                                            <ColumnReference Database="[servicetrax_dev]" Schema="[dbo]" Table="[LOOKUPS]" Alias="[customer_type]" Column="CODE" />
                                                                            <ColumnReference Database="[servicetrax_dev]" Schema="[dbo]" Table="[CUSTOMERS]" Alias="[eu]" Column="CUSTOMER_NAME" />
                                                                            <ColumnReference Column="Expr1058" />
                                                                            <ColumnReference Column="Expr1059" />
                                                                          </OutputList>
                                                                          <RunTimeInformation>
                                                                            <RunTimeCountersPerThread Thread="1" ActualRows="462" ActualEndOfScans="1" ActualExecutions="1" />
                                                                            <RunTimeCountersPerThread Thread="4" ActualRows="2138" ActualEndOfScans="1" ActualExecutions="1" />
                                                                            <RunTimeCountersPerThread Thread="3" ActualRows="535" ActualEndOfScans="1" ActualExecutions="1" />
                                                                            <RunTimeCountersPerThread Thread="2" ActualRows="1471" ActualEndOfScans="1" ActualExecutions="1" />
                                                                            <RunTimeCountersPerThread Thread="0" ActualRows="0" ActualEndOfScans="0" ActualExecutions="0" />
                                                                          </RunTimeInformation>
                                                                          <Filter StartupExpression="false">
                                                                            <RelOp AvgRowSize="204" EstimateCPU="0.140987" EstimateIO="0" EstimateRebinds="0" EstimateRewinds="0" EstimateRows="19320.7" LogicalOp="Repartition Streams" NodeId="69" Parallel="true" PhysicalOp="Parallelism" EstimatedTotalSubtreeCost="102.041">
                                                                              <OutputList>
                                                                                <ColumnReference Database="[servicetrax_dev]" Schema="[dbo]" Table="[SERVICE_LINES]" Alias="[sl]" Column="ORGANIZATION_ID" />
                                                                                <ColumnReference Database="[servicetrax_dev]" Schema="[dbo]" Table="[SERVICE_LINES]" Alias="[sl]" Column="BILL_JOB_NO" />
                                                                                <ColumnReference Database="[servicetrax_dev]" Schema="[dbo]" Table="[SERVICE_LINES]" Alias="[sl]" Column="BILL_JOB_ID" />
                                                                                <ColumnReference Database="[servicetrax_dev]" Schema="[dbo]" Table="[SERVICES]" Alias="[s]" Column="EST_END_DATE" />
                                                                                <ColumnReference Database="[servicetrax_dev]" Schema="[dbo]" Table="[JOBS]" Alias="[j]" Column="PROJECT_ID" />
                                                                                <ColumnReference Database="[servicetrax_dev]" Schema="[dbo]" Table="[JOBS]" Alias="[j]" Column="JOB_NAME" />
                                                                                <ColumnReference Database="[servicetrax_dev]" Schema="[dbo]" Table="[JOBS]" Alias="[j]" Column="BILLING_USER_ID" />
                                                                                <ColumnReference Database="[servicetrax_dev]" Schema="[dbo]" Table="[CUSTOMERS]" Alias="[c]" Column="EXT_DEALER_ID" />
                                                                                <ColumnReference Database="[servicetrax_dev]" Schema="[dbo]" Table="[CUSTOMERS]" Alias="[c]" Column="CUSTOMER_NAME" />
                                                                                <ColumnReference Database="[servicetrax_dev]" Schema="[dbo]" Table="[CUSTOMERS]" Alias="[c]" Column="end_user_parent_id" />
                                                                                <ColumnReference Database="[servicetrax_dev]" Schema="[dbo]" Table="[LOOKUPS]" Alias="[jl]" Column="NAME" />
                                                                                <ColumnReference Database="[servicetrax_dev]" Schema="[dbo]" Table="[LOOKUPS]" Alias="[customer_type]" Column="CODE" />
                                                                                <ColumnReference Database="[servicetrax_dev]" Schema="[dbo]" Table="[CUSTOMERS]" Alias="[eu]" Column="CUSTOMER_NAME" />
                                                                                <ColumnReference Database="[servicetrax_dev]" Schema="[dbo]" Table="[INVOICES]" Alias="[i]" Column="STATUS_ID" />
                                                                                <ColumnReference Column="Expr1058" />
                                                                                <ColumnReference Column="Expr1059" />
                                                                              </OutputList>
                                                                              <RunTimeInformation>
                                                                                <RunTimeCountersPerThread Thread="1" ActualRows="2648" ActualEndOfScans="1" ActualExecutions="1" />
                                                                                <RunTimeCountersPerThread Thread="4" ActualRows="11172" ActualEndOfScans="1" ActualExecutions="1" />
                                                                                <RunTimeCountersPerThread Thread="3" ActualRows="6302" ActualEndOfScans="1" ActualExecutions="1" />
                                                                                <RunTimeCountersPerThread Thread="2" ActualRows="8651" ActualEndOfScans="1" ActualExecutions="1" />
                                                                                <RunTimeCountersPerThread Thread="0" ActualRows="0" ActualEndOfScans="0" ActualExecutions="0" />
                                                                              </RunTimeInformation>
                                                                              <Parallelism PartitioningType="Hash">
                                                                                <PartitionColumns>
                                                                                  <ColumnReference Database="[servicetrax_dev]" Schema="[dbo]" Table="[JOBS]" Alias="[j]" Column="BILLING_USER_ID" />
                                                                                </PartitionColumns>
                                                                                <RelOp AvgRowSize="204" EstimateCPU="1.41329" EstimateIO="0" EstimateRebinds="0" EstimateRewinds="0" EstimateRows="19320.7" LogicalOp="Right Outer Join" NodeId="70" Parallel="true" PhysicalOp="Hash Match" EstimatedTotalSubtreeCost="101.9">
                                                                                  <OutputList>
                                                                                    <ColumnReference Database="[servicetrax_dev]" Schema="[dbo]" Table="[SERVICE_LINES]" Alias="[sl]" Column="ORGANIZATION_ID" />
                                                                                    <ColumnReference Database="[servicetrax_dev]" Schema="[dbo]" Table="[SERVICE_LINES]" Alias="[sl]" Column="BILL_JOB_NO" />
                                                                                    <ColumnReference Database="[servicetrax_dev]" Schema="[dbo]" Table="[SERVICE_LINES]" Alias="[sl]" Column="BILL_JOB_ID" />
                                                                                    <ColumnReference Database="[servicetrax_dev]" Schema="[dbo]" Table="[SERVICES]" Alias="[s]" Column="EST_END_DATE" />
                                                                                    <ColumnReference Database="[servicetrax_dev]" Schema="[dbo]" Table="[JOBS]" Alias="[j]" Column="PROJECT_ID" />
                                                                                    <ColumnReference Database="[servicetrax_dev]" Schema="[dbo]" Table="[JOBS]" Alias="[j]" Column="JOB_NAME" />
                                                                                    <ColumnReference Database="[servicetrax_dev]" Schema="[dbo]" Table="[JOBS]" Alias="[j]" Column="BILLING_USER_ID" />
                                                                                    <ColumnReference Database="[servicetrax_dev]" Schema="[dbo]" Table="[CUSTOMERS]" Alias="[c]" Column="EXT_DEALER_ID" />
                                                                                    <ColumnReference Database="[servicetrax_dev]" Schema="[dbo]" Table="[CUSTOMERS]" Alias="[c]" Column="CUSTOMER_NAME" />
                                                                                    <ColumnReference Database="[servicetrax_dev]" Schema="[dbo]" Table="[CUSTOMERS]" Alias="[c]" Column="end_user_parent_id" />
                                                                                    <ColumnReference Database="[servicetrax_dev]" Schema="[dbo]" Table="[LOOKUPS]" Alias="[jl]" Column="NAME" />
                                                                                    <ColumnReference Database="[servicetrax_dev]" Schema="[dbo]" Table="[LOOKUPS]" Alias="[customer_type]" Column="CODE" />
                                                                                    <ColumnReference Database="[servicetrax_dev]" Schema="[dbo]" Table="[CUSTOMERS]" Alias="[eu]" Column="CUSTOMER_NAME" />
                                                                                    <ColumnReference Database="[servicetrax_dev]" Schema="[dbo]" Table="[INVOICES]" Alias="[i]" Column="STATUS_ID" />
                                                                                    <ColumnReference Column="Expr1058" />
                                                                                    <ColumnReference Column="Expr1059" />
                                                                                  </OutputList>
                                                                                  <MemoryFractions Input="0.271614" Output="0.250881" />
                                                                                  <RunTimeInformation>
                                                                                    <RunTimeCountersPerThread Thread="2" ActualRows="5799" ActualEndOfScans="1" ActualExecutions="1" />
                                                                                    <RunTimeCountersPerThread Thread="1" ActualRows="6077" ActualEndOfScans="1" ActualExecutions="1" />
                                                                                    <RunTimeCountersPerThread Thread="4" ActualRows="6232" ActualEndOfScans="1" ActualExecutions="1" />
                                                                                    <RunTimeCountersPerThread Thread="3" ActualRows="10665" ActualEndOfScans="1" ActualExecutions="1" />
                                                                                    <RunTimeCountersPerThread Thread="0" ActualRows="0" ActualEndOfScans="0" ActualExecutions="0" />
                                                                                  </RunTimeInformation>
                                                                                  <Hash>
                                                                                    <DefinedValues />
                                                                                    <HashKeysBuild>
                                                                                      <ColumnReference Database="[servicetrax_dev]" Schema="[dbo]" Table="[INVOICES]" Alias="[i]" Column="INVOICE_ID" />
                                                                                    </HashKeysBuild>
                                                                                    <HashKeysProbe>
                                                                                      <ColumnReference Database="[servicetrax_dev]" Schema="[dbo]" Table="[SERVICE_LINES]" Alias="[sl]" Column="INVOICE_ID" />
                                                                                    </HashKeysProbe>
                                                                                    <ProbeResidual>
                                                                                      <ScalarOperator ScalarString="[servicetrax_dev].[dbo].[SERVICE_LINES].[INVOICE_ID] as [sl].[INVOICE_ID]=[servicetrax_dev].[dbo].[INVOICES].[INVOICE_ID] as [i].[INVOICE_ID]">
                                                                                        <Compare CompareOp="EQ">
                                                                                          <ScalarOperator>
                                                                                            <Identifier>
                                                                                              <ColumnReference Database="[servicetrax_dev]" Schema="[dbo]" Table="[SERVICE_LINES]" Alias="[sl]" Column="INVOICE_ID" />
                                                                                            </Identifier>
                                                                                          </ScalarOperator>
                                                                                          <ScalarOperator>
                                                                                            <Identifier>
                                                                                              <ColumnReference Database="[servicetrax_dev]" Schema="[dbo]" Table="[INVOICES]" Alias="[i]" Column="INVOICE_ID" />
                                                                                            </Identifier>
                                                                                          </ScalarOperator>
                                                                                        </Compare>
                                                                                      </ScalarOperator>
                                                                                    </ProbeResidual>
                                                                                    <RelOp AvgRowSize="25" EstimateCPU="0.267134" EstimateIO="0" EstimateRebinds="0" EstimateRewinds="0" EstimateRows="116613" LogicalOp="Repartition Streams" NodeId="71" Parallel="true" PhysicalOp="Parallelism" EstimatedTotalSubtreeCost="0.584104">
                                                                                      <OutputList>
                                                                                        <ColumnReference Database="[servicetrax_dev]" Schema="[dbo]" Table="[INVOICES]" Alias="[i]" Column="INVOICE_ID" />
                                                                                        <ColumnReference Database="[servicetrax_dev]" Schema="[dbo]" Table="[INVOICES]" Alias="[i]" Column="STATUS_ID" />
                                                                                      </OutputList>
                                                                                      <RunTimeInformation>
                                                                                        <RunTimeCountersPerThread Thread="1" ActualRows="29261" ActualEndOfScans="1" ActualExecutions="1" />
                                                                                        <RunTimeCountersPerThread Thread="4" ActualRows="29004" ActualEndOfScans="1" ActualExecutions="1" />
                                                                                        <RunTimeCountersPerThread Thread="3" ActualRows="29112" ActualEndOfScans="1" ActualExecutions="1" />
                                                                                        <RunTimeCountersPerThread Thread="2" ActualRows="29236" ActualEndOfScans="1" ActualExecutions="1" />
                                                                                        <RunTimeCountersPerThread Thread="0" ActualRows="0" ActualEndOfScans="0" ActualExecutions="0" />
                                                                                      </RunTimeInformation>
                                                                                      <Parallelism PartitioningType="Hash">
                                                                                        <PartitionColumns>
                                                                                          <ColumnReference Database="[servicetrax_dev]" Schema="[dbo]" Table="[INVOICES]" Alias="[i]" Column="INVOICE_ID" />
                                                                                        </PartitionColumns>
                                                                                        <RelOp AvgRowSize="25" EstimateCPU="0.0642156" EstimateIO="0.252755" EstimateRebinds="0" EstimateRewinds="0" EstimateRows="116613" LogicalOp="Index Scan" NodeId="72" Parallel="true" PhysicalOp="Index Scan" EstimatedTotalSubtreeCost="0.31697">
                                                                                          <OutputList>
                                                                                            <ColumnReference Database="[servicetrax_dev]" Schema="[dbo]" Table="[INVOICES]" Alias="[i]" Column="INVOICE_ID" />
                                                                                            <ColumnReference Database="[servicetrax_dev]" Schema="[dbo]" Table="[INVOICES]" Alias="[i]" Column="STATUS_ID" />
                                                                                          </OutputList>
                                                                                          <RunTimeInformation>
                                                                                            <RunTimeCountersPerThread Thread="1" ActualRows="30928" ActualEndOfScans="1" ActualExecutions="1" />
                                                                                            <RunTimeCountersPerThread Thread="3" ActualRows="27760" ActualEndOfScans="1" ActualExecutions="1" />
                                                                                            <RunTimeCountersPerThread Thread="2" ActualRows="27448" ActualEndOfScans="1" ActualExecutions="1" />
                                                                                            <RunTimeCountersPerThread Thread="4" ActualRows="30477" ActualEndOfScans="1" ActualExecutions="1" />
                                                                                            <RunTimeCountersPerThread Thread="0" ActualRows="0" ActualEndOfScans="0" ActualExecutions="0" />
                                                                                          </RunTimeInformation>
                                                                                          <IndexScan Ordered="false" ForcedIndex="false" NoExpandHint="false">
                                                                                            <DefinedValues>
                                                                                              <DefinedValue>
                                                                                                <ColumnReference Database="[servicetrax_dev]" Schema="[dbo]" Table="[INVOICES]" Alias="[i]" Column="INVOICE_ID" />
                                                                                              </DefinedValue>
                                                                                              <DefinedValue>
                                                                                                <ColumnReference Database="[servicetrax_dev]" Schema="[dbo]" Table="[INVOICES]" Alias="[i]" Column="STATUS_ID" />
                                                                                              </DefinedValue>
                                                                                            </DefinedValues>
                                                                                            <Object Database="[servicetrax_dev]" Schema="[dbo]" Table="[INVOICES]" Index="[IX_I_STATUS]" Alias="[i]" TableReferenceId="1" />
                                                                                          </IndexScan>
                                                                                        </RelOp>
                                                                                      </Parallelism>
                                                                                    </RelOp>
                                                                                    <RelOp AvgRowSize="204" EstimateCPU="0.0353434" EstimateIO="0" EstimateRebinds="0" EstimateRewinds="0" EstimateRows="19320.7" LogicalOp="Repartition Streams" NodeId="73" Parallel="true" PhysicalOp="Parallelism" EstimatedTotalSubtreeCost="99.903">
                                                                                      <OutputList>
                                                                                        <ColumnReference Database="[servicetrax_dev]" Schema="[dbo]" Table="[SERVICE_LINES]" Alias="[sl]" Column="ORGANIZATION_ID" />
                                                                                        <ColumnReference Database="[servicetrax_dev]" Schema="[dbo]" Table="[SERVICE_LINES]" Alias="[sl]" Column="BILL_JOB_NO" />
                                                                                        <ColumnReference Database="[servicetrax_dev]" Schema="[dbo]" Table="[SERVICE_LINES]" Alias="[sl]" Column="BILL_JOB_ID" />
                                                                                        <ColumnReference Database="[servicetrax_dev]" Schema="[dbo]" Table="[SERVICE_LINES]" Alias="[sl]" Column="INVOICE_ID" />
                                                                                        <ColumnReference Database="[servicetrax_dev]" Schema="[dbo]" Table="[SERVICES]" Alias="[s]" Column="EST_END_DATE" />
                                                                                        <ColumnReference Database="[servicetrax_dev]" Schema="[dbo]" Table="[JOBS]" Alias="[j]" Column="PROJECT_ID" />
                                                                                        <ColumnReference Database="[servicetrax_dev]" Schema="[dbo]" Table="[JOBS]" Alias="[j]" Column="JOB_NAME" />
                                                                                        <ColumnReference Database="[servicetrax_dev]" Schema="[dbo]" Table="[JOBS]" Alias="[j]" Column="BILLING_USER_ID" />
                                                                                        <ColumnReference Database="[servicetrax_dev]" Schema="[dbo]" Table="[CUSTOMERS]" Alias="[c]" Column="EXT_DEALER_ID" />
                                                                                        <ColumnReference Database="[servicetrax_dev]" Schema="[dbo]" Table="[CUSTOMERS]" Alias="[c]" Column="CUSTOMER_NAME" />
                                                                                        <ColumnReference Database="[servicetrax_dev]" Schema="[dbo]" Table="[CUSTOMERS]" Alias="[c]" Column="end_user_parent_id" />
                                                                                        <ColumnReference Database="[servicetrax_dev]" Schema="[dbo]" Table="[LOOKUPS]" Alias="[jl]" Column="NAME" />
                                                                                        <ColumnReference Database="[servicetrax_dev]" Schema="[dbo]" Table="[LOOKUPS]" Alias="[customer_type]" Column="CODE" />
                                                                                        <ColumnReference Database="[servicetrax_dev]" Schema="[dbo]" Table="[CUSTOMERS]" Alias="[eu]" Column="CUSTOMER_NAME" />
                                                                                        <ColumnReference Column="Expr1058" />
                                                                                        <ColumnReference Column="Expr1059" />
                                                                                      </OutputList>
                                                                                      <RunTimeInformation>
                                                                                        <RunTimeCountersPerThread Thread="1" ActualRows="6077" ActualEndOfScans="1" ActualExecutions="1" />
                                                                                        <RunTimeCountersPerThread Thread="3" ActualRows="10665" ActualEndOfScans="1" ActualExecutions="1" />
                                                                                        <RunTimeCountersPerThread Thread="4" ActualRows="6232" ActualEndOfScans="1" ActualExecutions="1" />
                                                                                        <RunTimeCountersPerThread Thread="2" ActualRows="5799" ActualEndOfScans="1" ActualExecutions="1" />
                                                                                        <RunTimeCountersPerThread Thread="0" ActualRows="0" ActualEndOfScans="0" ActualExecutions="0" />
                                                                                      </RunTimeInformation>
                                                                                      <Parallelism PartitioningType="Hash">
                                                                                        <PartitionColumns>
                                                                                          <ColumnReference Database="[servicetrax_dev]" Schema="[dbo]" Table="[SERVICE_LINES]" Alias="[sl]" Column="INVOICE_ID" />
                                                                                        </PartitionColumns>
                                                                                        <RelOp AvgRowSize="204" EstimateCPU="0.467688" EstimateIO="0" EstimateRebinds="0" EstimateRewinds="0" EstimateRows="19320.7" LogicalOp="Right Outer Join" NodeId="74" Parallel="true" PhysicalOp="Hash Match" EstimatedTotalSubtreeCost="99.8677">
                                                                                          <OutputList>
                                                                                            <ColumnReference Database="[servicetrax_dev]" Schema="[dbo]" Table="[SERVICE_LINES]" Alias="[sl]" Column="ORGANIZATION_ID" />
                                                                                            <ColumnReference Database="[servicetrax_dev]" Schema="[dbo]" Table="[SERVICE_LINES]" Alias="[sl]" Column="BILL_JOB_NO" />
                                                                                            <ColumnReference Database="[servicetrax_dev]" Schema="[dbo]" Table="[SERVICE_LINES]" Alias="[sl]" Column="BILL_JOB_ID" />
                                                                                            <ColumnReference Database="[servicetrax_dev]" Schema="[dbo]" Table="[SERVICE_LINES]" Alias="[sl]" Column="INVOICE_ID" />
                                                                                            <ColumnReference Database="[servicetrax_dev]" Schema="[dbo]" Table="[SERVICES]" Alias="[s]" Column="EST_END_DATE" />
                                                                                            <ColumnReference Database="[servicetrax_dev]" Schema="[dbo]" Table="[JOBS]" Alias="[j]" Column="PROJECT_ID" />
                                                                                            <ColumnReference Database="[servicetrax_dev]" Schema="[dbo]" Table="[JOBS]" Alias="[j]" Column="JOB_NAME" />
                                                                                            <ColumnReference Database="[servicetrax_dev]" Schema="[dbo]" Table="[JOBS]" Alias="[j]" Column="BILLING_USER_ID" />
                                                                                            <ColumnReference Database="[servicetrax_dev]" Schema="[dbo]" Table="[CUSTOMERS]" Alias="[c]" Column="EXT_DEALER_ID" />
                                                                                            <ColumnReference Database="[servicetrax_dev]" Schema="[dbo]" Table="[CUSTOMERS]" Alias="[c]" Column="CUSTOMER_NAME" />
                                                                                            <ColumnReference Database="[servicetrax_dev]" Schema="[dbo]" Table="[CUSTOMERS]" Alias="[c]" Column="end_user_parent_id" />
                                                                                            <ColumnReference Database="[servicetrax_dev]" Schema="[dbo]" Table="[LOOKUPS]" Alias="[jl]" Column="NAME" />
                                                                                            <ColumnReference Database="[servicetrax_dev]" Schema="[dbo]" Table="[LOOKUPS]" Alias="[customer_type]" Column="CODE" />
                                                                                            <ColumnReference Database="[servicetrax_dev]" Schema="[dbo]" Table="[CUSTOMERS]" Alias="[eu]" Column="CUSTOMER_NAME" />
                                                                                            <ColumnReference Column="Expr1058" />
                                                                                            <ColumnReference Column="Expr1059" />
                                                                                          </OutputList>
                                                                                          <MemoryFractions Input="0.0772635" Output="0.0713656" />
                                                                                          <RunTimeInformation>
                                                                                            <RunTimeCountersPerThread Thread="4" ActualRows="21" ActualEndOfScans="1" ActualExecutions="1" />
                                                                                            <RunTimeCountersPerThread Thread="3" ActualRows="28691" ActualEndOfScans="1" ActualExecutions="1" />
                                                                                            <RunTimeCountersPerThread Thread="2" ActualRows="22" ActualEndOfScans="1" ActualExecutions="1" />
                                                                                            <RunTimeCountersPerThread Thread="1" ActualRows="39" ActualEndOfScans="1" ActualExecutions="1" />
                                                                                            <RunTimeCountersPerThread Thread="0" ActualRows="0" ActualEndOfScans="0" ActualExecutions="0" />
                                                                                          </RunTimeInformation>
                                                                                          <Hash>
                                                                                            <DefinedValues />
                                                                                            <HashKeysBuild>
                                                                                              <ColumnReference Database="[servicetrax_dev]" Schema="[dbo]" Table="[CUSTOMERS]" Alias="[eu]" Column="CUSTOMER_ID" />
                                                                                            </HashKeysBuild>
                                                                                            <HashKeysProbe>
                                                                                              <ColumnReference Database="[servicetrax_dev]" Schema="[dbo]" Table="[JOBS]" Alias="[j]" Column="end_user_id" />
                                                                                            </HashKeysProbe>
                                                                                            <ProbeResidual>
                                                                                              <ScalarOperator ScalarString="[servicetrax_dev].[dbo].[JOBS].[end_user_id] as [j].[end_user_id]=[servicetrax_dev].[dbo].[CUSTOMERS].[CUSTOMER_ID] as [eu].[CUSTOMER_ID]">
                                                                                                <Compare CompareOp="EQ">
                                                                                                  <ScalarOperator>
                                                                                                    <Identifier>
                                                                                                      <ColumnReference Database="[servicetrax_dev]" Schema="[dbo]" Table="[JOBS]" Alias="[j]" Column="end_user_id" />
                                                                                                    </Identifier>
                                                                                                  </ScalarOperator>
                                                                                                  <ScalarOperator>
                                                                                                    <Identifier>
                                                                                                      <ColumnReference Database="[servicetrax_dev]" Schema="[dbo]" Table="[CUSTOMERS]" Alias="[eu]" Column="CUSTOMER_ID" />
                                                                                                    </Identifier>
                                                                                                  </ScalarOperator>
                                                                                                </Compare>
                                                                                              </ScalarOperator>
                                                                                            </ProbeResidual>
                                                                                            <RelOp AvgRowSize="37" EstimateCPU="0.0655139" EstimateIO="0" EstimateRebinds="0" EstimateRewinds="0" EstimateRows="15044" LogicalOp="Repartition Streams" NodeId="75" Parallel="true" PhysicalOp="Parallelism" EstimatedTotalSubtreeCost="0.146621">
                                                                                              <OutputList>
                                                                                                <ColumnReference Database="[servicetrax_dev]" Schema="[dbo]" Table="[CUSTOMERS]" Alias="[eu]" Column="CUSTOMER_ID" />
                                                                                                <ColumnReference Database="[servicetrax_dev]" Schema="[dbo]" Table="[CUSTOMERS]" Alias="[eu]" Column="CUSTOMER_NAME" />
                                                                                              </OutputList>
                                                                                              <RunTimeInformation>
                                                                                                <RunTimeCountersPerThread Thread="4" ActualRows="3710" ActualEndOfScans="1" ActualExecutions="1" />
                                                                                                <RunTimeCountersPerThread Thread="3" ActualRows="3736" ActualEndOfScans="1" ActualExecutions="1" />
                                                                                                <RunTimeCountersPerThread Thread="1" ActualRows="3736" ActualEndOfScans="1" ActualExecutions="1" />
                                                                                                <RunTimeCountersPerThread Thread="2" ActualRows="3862" ActualEndOfScans="1" ActualExecutions="1" />
                                                                                                <RunTimeCountersPerThread Thread="0" ActualRows="0" ActualEndOfScans="0" ActualExecutions="0" />
                                                                                              </RunTimeInformation>
                                                                                              <Parallelism PartitioningType="Hash">
                                                                                                <PartitionColumns>
                                                                                                  <ColumnReference Database="[servicetrax_dev]" Schema="[dbo]" Table="[CUSTOMERS]" Alias="[eu]" Column="CUSTOMER_ID" />
                                                                                                </PartitionColumns>
                                                                                                <RelOp AvgRowSize="37" EstimateCPU="0.0083527" EstimateIO="0.0727546" EstimateRebinds="0" EstimateRewinds="0" EstimateRows="15044" LogicalOp="Index Scan" NodeId="76" Parallel="true" PhysicalOp="Index Scan" EstimatedTotalSubtreeCost="0.0811073">
                                                                                                  <OutputList>
                                                                                                    <ColumnReference Database="[servicetrax_dev]" Schema="[dbo]" Table="[CUSTOMERS]" Alias="[eu]" Column="CUSTOMER_ID" />
                                                                                                    <ColumnReference Database="[servicetrax_dev]" Schema="[dbo]" Table="[CUSTOMERS]" Alias="[eu]" Column="CUSTOMER_NAME" />
                                                                                                  </OutputList>
                                                                                                  <RunTimeInformation>
                                                                                                    <RunTimeCountersPerThread Thread="1" ActualRows="3359" ActualEndOfScans="1" ActualExecutions="1" />
                                                                                                    <RunTimeCountersPerThread Thread="2" ActualRows="3346" ActualEndOfScans="1" ActualExecutions="1" />
                                                                                                    <RunTimeCountersPerThread Thread="3" ActualRows="4016" ActualEndOfScans="1" ActualExecutions="1" />
                                                                                                    <RunTimeCountersPerThread Thread="4" ActualRows="4323" ActualEndOfScans="1" ActualExecutions="1" />
                                                                                                    <RunTimeCountersPerThread Thread="0" ActualRows="0" ActualEndOfScans="0" ActualExecutions="0" />
                                                                                                  </RunTimeInformation>
                                                                                                  <IndexScan Ordered="false" ForcedIndex="false" NoExpandHint="false">
                                                                                                    <DefinedValues>
                                                                                                      <DefinedValue>
                                                                                                        <ColumnReference Database="[servicetrax_dev]" Schema="[dbo]" Table="[CUSTOMERS]" Alias="[eu]" Column="CUSTOMER_ID" />
                                                                                                      </DefinedValue>
                                                                                                      <DefinedValue>
                                                                                                        <ColumnReference Database="[servicetrax_dev]" Schema="[dbo]" Table="[CUSTOMERS]" Alias="[eu]" Column="CUSTOMER_NAME" />
                                                                                                      </DefinedValue>
                                                                                                    </DefinedValues>
                                                                                                    <Object Database="[servicetrax_dev]" Schema="[dbo]" Table="[CUSTOMERS]" Index="[IX_CUSTOMER_TYPE_NAME]" Alias="[eu]" />
                                                                                                  </IndexScan>
                                                                                                </RelOp>
                                                                                              </Parallelism>
                                                                                            </RelOp>
                                                                                            <RelOp AvgRowSize="194" EstimateCPU="0.0314297" EstimateIO="0" EstimateRebinds="0" EstimateRewinds="0" EstimateRows="19320.7" LogicalOp="Repartition Streams" NodeId="77" Parallel="true" PhysicalOp="Parallelism" EstimatedTotalSubtreeCost="99.2534">
                                                                                              <OutputList>
                                                                                                <ColumnReference Database="[servicetrax_dev]" Schema="[dbo]" Table="[SERVICE_LINES]" Alias="[sl]" Column="ORGANIZATION_ID" />
                                                                                                <ColumnReference Database="[servicetrax_dev]" Schema="[dbo]" Table="[SERVICE_LINES]" Alias="[sl]" Column="BILL_JOB_NO" />
                                                                                                <ColumnReference Database="[servicetrax_dev]" Schema="[dbo]" Table="[SERVICE_LINES]" Alias="[sl]" Column="BILL_JOB_ID" />
                                                                                                <ColumnReference Database="[servicetrax_dev]" Schema="[dbo]" Table="[SERVICE_LINES]" Alias="[sl]" Column="INVOICE_ID" />
                                                                                                <ColumnReference Database="[servicetrax_dev]" Schema="[dbo]" Table="[SERVICES]" Alias="[s]" Column="EST_END_DATE" />
                                                                                                <ColumnReference Database="[servicetrax_dev]" Schema="[dbo]" Table="[JOBS]" Alias="[j]" Column="PROJECT_ID" />
                                                                                                <ColumnReference Database="[servicetrax_dev]" Schema="[dbo]" Table="[JOBS]" Alias="[j]" Column="JOB_NAME" />
                                                                                                <ColumnReference Database="[servicetrax_dev]" Schema="[dbo]" Table="[JOBS]" Alias="[j]" Column="BILLING_USER_ID" />
                                                                                                <ColumnReference Database="[servicetrax_dev]" Schema="[dbo]" Table="[JOBS]" Alias="[j]" Column="end_user_id" />
                                                                                                <ColumnReference Database="[servicetrax_dev]" Schema="[dbo]" Table="[CUSTOMERS]" Alias="[c]" Column="EXT_DEALER_ID" />
                                                                                                <ColumnReference Database="[servicetrax_dev]" Schema="[dbo]" Table="[CUSTOMERS]" Alias="[c]" Column="CUSTOMER_NAME" />
                                                                                                <ColumnReference Database="[servicetrax_dev]" Schema="[dbo]" Table="[CUSTOMERS]" Alias="[c]" Column="end_user_parent_id" />
                                                                                                <ColumnReference Database="[servicetrax_dev]" Schema="[dbo]" Table="[LOOKUPS]" Alias="[jl]" Column="NAME" />
                                                                                                <ColumnReference Database="[servicetrax_dev]" Schema="[dbo]" Table="[LOOKUPS]" Alias="[customer_type]" Column="CODE" />
                                                                                                <ColumnReference Column="Expr1058" />
                                                                                                <ColumnReference Column="Expr1059" />
                                                                                              </OutputList>
                                                                                              <RunTimeInformation>
                                                                                                <RunTimeCountersPerThread Thread="3" ActualRows="28691" ActualEndOfScans="1" ActualExecutions="1" />
                                                                                                <RunTimeCountersPerThread Thread="4" ActualRows="21" ActualEndOfScans="1" ActualExecutions="1" />
                                                                                                <RunTimeCountersPerThread Thread="2" ActualRows="22" ActualEndOfScans="1" ActualExecutions="1" />
                                                                                                <RunTimeCountersPerThread Thread="1" ActualRows="39" ActualEndOfScans="1" ActualExecutions="1" />
                                                                                                <RunTimeCountersPerThread Thread="0" ActualRows="0" ActualEndOfScans="0" ActualExecutions="0" />
                                                                                              </RunTimeInformation>
                                                                                              <Parallelism PartitioningType="Hash">
                                                                                                <PartitionColumns>
                                                                                                  <ColumnReference Database="[servicetrax_dev]" Schema="[dbo]" Table="[JOBS]" Alias="[j]" Column="end_user_id" />
                                                                                                </PartitionColumns>
                                                                                                <RelOp AvgRowSize="194" EstimateCPU="0.144035" EstimateIO="0" EstimateRebinds="0" EstimateRewinds="0" EstimateRows="19320.7" LogicalOp="Inner Join" NodeId="78" Parallel="true" PhysicalOp="Hash Match" EstimatedTotalSubtreeCost="99.2219">
                                                                                                  <OutputList>
                                                                                                    <ColumnReference Database="[servicetrax_dev]" Schema="[dbo]" Table="[SERVICE_LINES]" Alias="[sl]" Column="ORGANIZATION_ID" />
                                                                                                    <ColumnReference Database="[servicetrax_dev]" Schema="[dbo]" Table="[SERVICE_LINES]" Alias="[sl]" Column="BILL_JOB_NO" />
                                                                                                    <ColumnReference Database="[servicetrax_dev]" Schema="[dbo]" Table="[SERVICE_LINES]" Alias="[sl]" Column="BILL_JOB_ID" />
                                                                                                    <ColumnReference Database="[servicetrax_dev]" Schema="[dbo]" Table="[SERVICE_LINES]" Alias="[sl]" Column="INVOICE_ID" />
                                                                                                    <ColumnReference Database="[servicetrax_dev]" Schema="[dbo]" Table="[SERVICES]" Alias="[s]" Column="EST_END_DATE" />
                                                                                                    <ColumnReference Database="[servicetrax_dev]" Schema="[dbo]" Table="[JOBS]" Alias="[j]" Column="PROJECT_ID" />
                                                                                                    <ColumnReference Database="[servicetrax_dev]" Schema="[dbo]" Table="[JOBS]" Alias="[j]" Column="JOB_NAME" />
                                                                                                    <ColumnReference Database="[servicetrax_dev]" Schema="[dbo]" Table="[JOBS]" Alias="[j]" Column="BILLING_USER_ID" />
                                                                                                    <ColumnReference Database="[servicetrax_dev]" Schema="[dbo]" Table="[JOBS]" Alias="[j]" Column="end_user_id" />
                                                                                                    <ColumnReference Database="[servicetrax_dev]" Schema="[dbo]" Table="[CUSTOMERS]" Alias="[c]" Column="EXT_DEALER_ID" />
                                                                                                    <ColumnReference Database="[servicetrax_dev]" Schema="[dbo]" Table="[CUSTOMERS]" Alias="[c]" Column="CUSTOMER_NAME" />
                                                                                                    <ColumnReference Database="[servicetrax_dev]" Schema="[dbo]" Table="[CUSTOMERS]" Alias="[c]" Column="end_user_parent_id" />
                                                                                                    <ColumnReference Database="[servicetrax_dev]" Schema="[dbo]" Table="[LOOKUPS]" Alias="[jl]" Column="NAME" />
                                                                                                    <ColumnReference Database="[servicetrax_dev]" Schema="[dbo]" Table="[LOOKUPS]" Alias="[customer_type]" Column="CODE" />
                                                                                                    <ColumnReference Column="Expr1058" />
                                                                                                    <ColumnReference Column="Expr1059" />
                                                                                                  </OutputList>
                                                                                                  <MemoryFractions Input="0" Output="0" />
                                                                                                  <RunTimeInformation>
                                                                                                    <RunTimeCountersPerThread Thread="2" ActualRows="23794" ActualEndOfScans="1" ActualExecutions="1" />
                                                                                                    <RunTimeCountersPerThread Thread="4" ActualRows="4238" ActualEndOfScans="1" ActualExecutions="1" />
                                                                                                    <RunTimeCountersPerThread Thread="1" ActualRows="741" ActualEndOfScans="1" ActualExecutions="1" />
                                                                                                    <RunTimeCountersPerThread Thread="3" ActualRows="0" ActualEndOfScans="1" ActualExecutions="1" />
                                                                                                    <RunTimeCountersPerThread Thread="0" ActualRows="0" ActualEndOfScans="0" ActualExecutions="0" />
                                                                                                  </RunTimeInformation>
                                                                                                  <Hash>
                                                                                                    <DefinedValues />
                                                                                                    <HashKeysBuild>
                                                                                                      <ColumnReference Database="[servicetrax_dev]" Schema="[dbo]" Table="[LOOKUPS]" Alias="[jl]" Column="LOOKUP_ID" />
                                                                                                    </HashKeysBuild>
                                                                                                    <HashKeysProbe>
                                                                                                      <ColumnReference Database="[servicetrax_dev]" Schema="[dbo]" Table="[JOBS]" Alias="[j]" Column="JOB_STATUS_TYPE_ID" />
                                                                                                    </HashKeysProbe>
                                                                                                    <ProbeResidual>
                                                                                                      <ScalarOperator ScalarString="[servicetrax_dev].[dbo].[LOOKUPS].[LOOKUP_ID] as [jl].[LOOKUP_ID]=[servicetrax_dev].[dbo].[JOBS].[JOB_STATUS_TYPE_ID] as [j].[JOB_STATUS_TYPE_ID]">
                                                                                                        <Compare CompareOp="EQ">
                                                                                                          <ScalarOperator>
                                                                                                            <Identifier>
                                                                                                              <ColumnReference Database="[servicetrax_dev]" Schema="[dbo]" Table="[LOOKUPS]" Alias="[jl]" Column="LOOKUP_ID" />
                                                                                                            </Identifier>
                                                                                                          </ScalarOperator>
                                                                                                          <ScalarOperator>
                                                                                                            <Identifier>
                                                                                                              <ColumnReference Database="[servicetrax_dev]" Schema="[dbo]" Table="[JOBS]" Alias="[j]" Column="JOB_STATUS_TYPE_ID" />
                                                                                                            </Identifier>
                                                                                                          </ScalarOperator>
                                                                                                        </Compare>
                                                                                                      </ScalarOperator>
                                                                                                    </ProbeResidual>
                                                                                                    <RelOp AvgRowSize="28" EstimateCPU="0.0300479" EstimateIO="0" EstimateRebinds="0" EstimateRewinds="0" EstimateRows="720" LogicalOp="Repartition Streams" NodeId="79" Parallel="true" PhysicalOp="Parallelism" EstimatedTotalSubtreeCost="0.0366104">
                                                                                                      <OutputList>
                                                                                                        <ColumnReference Database="[servicetrax_dev]" Schema="[dbo]" Table="[LOOKUPS]" Alias="[jl]" Column="LOOKUP_ID" />
                                                                                                        <ColumnReference Database="[servicetrax_dev]" Schema="[dbo]" Table="[LOOKUPS]" Alias="[jl]" Column="NAME" />
                                                                                                      </OutputList>
                                                                                                      <RunTimeInformation>
                                                                                                        <RunTimeCountersPerThread Thread="1" ActualRows="187" ActualEndOfScans="1" ActualExecutions="1" />
                                                                                                        <RunTimeCountersPerThread Thread="3" ActualRows="177" ActualEndOfScans="1" ActualExecutions="1" />
                                                                                                        <RunTimeCountersPerThread Thread="2" ActualRows="187" ActualEndOfScans="1" ActualExecutions="1" />
                                                                                                        <RunTimeCountersPerThread Thread="4" ActualRows="169" ActualEndOfScans="1" ActualExecutions="1" />
                                                                                                        <RunTimeCountersPerThread Thread="0" ActualRows="0" ActualEndOfScans="0" ActualExecutions="0" />
                                                                                                      </RunTimeInformation>
                                                                                                      <Parallelism PartitioningType="Hash">
                                                                                                        <PartitionColumns>
                                                                                                          <ColumnReference Database="[servicetrax_dev]" Schema="[dbo]" Table="[LOOKUPS]" Alias="[jl]" Column="LOOKUP_ID" />
                                                                                                        </PartitionColumns>
                                                                                                        <RelOp AvgRowSize="28" EstimateCPU="0.0004745" EstimateIO="0.00608796" EstimateRebinds="0" EstimateRewinds="0" EstimateRows="720" LogicalOp="Index Scan" NodeId="80" Parallel="true" PhysicalOp="Index Scan" EstimatedTotalSubtreeCost="0.00656246">
                                                                                                          <OutputList>
                                                                                                            <ColumnReference Database="[servicetrax_dev]" Schema="[dbo]" Table="[LOOKUPS]" Alias="[jl]" Column="LOOKUP_ID" />
                                                                                                            <ColumnReference Database="[servicetrax_dev]" Schema="[dbo]" Table="[LOOKUPS]" Alias="[jl]" Column="NAME" />
                                                                                                          </OutputList>
                                                                                                          <RunTimeInformation>
                                                                                                            <RunTimeCountersPerThread Thread="1" ActualRows="141" ActualEndOfScans="1" ActualExecutions="1" />
                                                                                                            <RunTimeCountersPerThread Thread="4" ActualRows="258" ActualEndOfScans="1" ActualExecutions="1" />
                                                                                                            <RunTimeCountersPerThread Thread="2" ActualRows="161" ActualEndOfScans="1" ActualExecutions="1" />
                                                                                                            <RunTimeCountersPerThread Thread="3" ActualRows="160" ActualEndOfScans="1" ActualExecutions="1" />
                                                                                                            <RunTimeCountersPerThread Thread="0" ActualRows="0" ActualEndOfScans="0" ActualExecutions="0" />
                                                                                                          </RunTimeInformation>
                                                                                                          <IndexScan Ordered="false" ForcedIndex="false" NoExpandHint="false">
                                                                                                            <DefinedValues>
                                                                                                              <DefinedValue>
                                                                                                                <ColumnReference Database="[servicetrax_dev]" Schema="[dbo]" Table="[LOOKUPS]" Alias="[jl]" Column="LOOKUP_ID" />
                                                                                                              </DefinedValue>
                                                                                                              <DefinedValue>
                                                                                                                <ColumnReference Database="[servicetrax_dev]" Schema="[dbo]" Table="[LOOKUPS]" Alias="[jl]" Column="NAME" />
                                                                                                              </DefinedValue>
                                                                                                            </DefinedValues>
                                                                                                            <Object Database="[servicetrax_dev]" Schema="[dbo]" Table="[LOOKUPS]" Index="[IX_L_LID_NAME]" Alias="[jl]" />
                                                                                                          </IndexScan>
                                                                                                        </RelOp>
                                                                                                      </Parallelism>
                                                                                                    </RelOp>
                                                                                                    <RelOp AvgRowSize="193" EstimateCPU="0.245343" EstimateIO="0" EstimateRebinds="0" EstimateRewinds="0" EstimateRows="19320.7" LogicalOp="Repartition Streams" NodeId="81" Parallel="true" PhysicalOp="Parallelism" EstimatedTotalSubtreeCost="99.0413">
                                                                                                      <OutputList>
                                                                                                        <ColumnReference Database="[servicetrax_dev]" Schema="[dbo]" Table="[SERVICE_LINES]" Alias="[sl]" Column="ORGANIZATION_ID" />
                                                                                                        <ColumnReference Database="[servicetrax_dev]" Schema="[dbo]" Table="[SERVICE_LINES]" Alias="[sl]" Column="BILL_JOB_NO" />
                                                                                                        <ColumnReference Database="[servicetrax_dev]" Schema="[dbo]" Table="[SERVICE_LINES]" Alias="[sl]" Column="BILL_JOB_ID" />
                                                                                                        <ColumnReference Database="[servicetrax_dev]" Schema="[dbo]" Table="[SERVICE_LINES]" Alias="[sl]" Column="INVOICE_ID" />
                                                                                                        <ColumnReference Database="[servicetrax_dev]" Schema="[dbo]" Table="[SERVICES]" Alias="[s]" Column="EST_END_DATE" />
                                                                                                        <ColumnReference Database="[servicetrax_dev]" Schema="[dbo]" Table="[JOBS]" Alias="[j]" Column="PROJECT_ID" />
                                                                                                        <ColumnReference Database="[servicetrax_dev]" Schema="[dbo]" Table="[JOBS]" Alias="[j]" Column="JOB_NAME" />
                                                                                                        <ColumnReference Database="[servicetrax_dev]" Schema="[dbo]" Table="[JOBS]" Alias="[j]" Column="JOB_STATUS_TYPE_ID" />
                                                                                                        <ColumnReference Database="[servicetrax_dev]" Schema="[dbo]" Table="[JOBS]" Alias="[j]" Column="BILLING_USER_ID" />
                                                                                                        <ColumnReference Database="[servicetrax_dev]" Schema="[dbo]" Table="[JOBS]" Alias="[j]" Column="end_user_id" />
                                                                                                        <ColumnReference Database="[servicetrax_dev]" Schema="[dbo]" Table="[CUSTOMERS]" Alias="[c]" Column="EXT_DEALER_ID" />
                                                                                                        <ColumnReference Database="[servicetrax_dev]" Schema="[dbo]" Table="[CUSTOMERS]" Alias="[c]" Column="CUSTOMER_NAME" />
                                                                                                        <ColumnReference Database="[servicetrax_dev]" Schema="[dbo]" Table="[CUSTOMERS]" Alias="[c]" Column="end_user_parent_id" />
                                                                                                        <ColumnReference Database="[servicetrax_dev]" Schema="[dbo]" Table="[LOOKUPS]" Alias="[customer_type]" Column="CODE" />
                                                                                                        <ColumnReference Column="Expr1058" />
                                                                                                        <ColumnReference Column="Expr1059" />
                                                                                                      </OutputList>
                                                                                                      <RunTimeInformation>
                                                                                                        <RunTimeCountersPerThread Thread="1" ActualRows="741" ActualEndOfScans="1" ActualExecutions="1" />
                                                                                                        <RunTimeCountersPerThread Thread="3" ActualRows="0" ActualEndOfScans="1" ActualExecutions="1" />
                                                                                                        <RunTimeCountersPerThread Thread="2" ActualRows="23794" ActualEndOfScans="1" ActualExecutions="1" />
                                                                                                        <RunTimeCountersPerThread Thread="4" ActualRows="4238" ActualEndOfScans="1" ActualExecutions="1" />
                                                                                                        <RunTimeCountersPerThread Thread="0" ActualRows="0" ActualEndOfScans="0" ActualExecutions="0" />
                                                                                                      </RunTimeInformation>
                                                                                                      <Parallelism PartitioningType="Hash">
                                                                                                        <PartitionColumns>
                                                                                                          <ColumnReference Database="[servicetrax_dev]" Schema="[dbo]" Table="[JOBS]" Alias="[j]" Column="JOB_STATUS_TYPE_ID" />
                                                                                                        </PartitionColumns>
                                                                                                        <RelOp AvgRowSize="193" EstimateCPU="0.0403803" EstimateIO="0" EstimateRebinds="0" EstimateRewinds="0" EstimateRows="19320.7" LogicalOp="Inner Join" NodeId="82" Parallel="true" PhysicalOp="Nested Loops" EstimatedTotalSubtreeCost="98.7959">
                                                                                                          <OutputList>
                                                                                                            <ColumnReference Database="[servicetrax_dev]" Schema="[dbo]" Table="[SERVICE_LINES]" Alias="[sl]" Column="ORGANIZATION_ID" />
                                                                                                            <ColumnReference Database="[servicetrax_dev]" Schema="[dbo]" Table="[SERVICE_LINES]" Alias="[sl]" Column="BILL_JOB_NO" />
                                                                                                            <ColumnReference Database="[servicetrax_dev]" Schema="[dbo]" Table="[SERVICE_LINES]" Alias="[sl]" Column="BILL_JOB_ID" />
                                                                                                            <ColumnReference Database="[servicetrax_dev]" Schema="[dbo]" Table="[SERVICE_LINES]" Alias="[sl]" Column="INVOICE_ID" />
                                                                                                            <ColumnReference Database="[servicetrax_dev]" Schema="[dbo]" Table="[SERVICES]" Alias="[s]" Column="EST_END_DATE" />
                                                                                                            <ColumnReference Database="[servicetrax_dev]" Schema="[dbo]" Table="[JOBS]" Alias="[j]" Column="PROJECT_ID" />
                                                                                                            <ColumnReference Database="[servicetrax_dev]" Schema="[dbo]" Table="[JOBS]" Alias="[j]" Column="JOB_NAME" />
                                                                                                            <ColumnReference Database="[servicetrax_dev]" Schema="[dbo]" Table="[JOBS]" Alias="[j]" Column="JOB_STATUS_TYPE_ID" />
                                                                                                            <ColumnReference Database="[servicetrax_dev]" Schema="[dbo]" Table="[JOBS]" Alias="[j]" Column="BILLING_USER_ID" />
                                                                                                            <ColumnReference Database="[servicetrax_dev]" Schema="[dbo]" Table="[JOBS]" Alias="[j]" Column="end_user_id" />
                                                                                                            <ColumnReference Database="[servicetrax_dev]" Schema="[dbo]" Table="[CUSTOMERS]" Alias="[c]" Column="EXT_DEALER_ID" />
                                                                                                            <ColumnReference Database="[servicetrax_dev]" Schema="[dbo]" Table="[CUSTOMERS]" Alias="[c]" Column="CUSTOMER_NAME" />
                                                                                                            <ColumnReference Database="[servicetrax_dev]" Schema="[dbo]" Table="[CUSTOMERS]" Alias="[c]" Column="end_user_parent_id" />
                                                                                                            <ColumnReference Database="[servicetrax_dev]" Schema="[dbo]" Table="[LOOKUPS]" Alias="[customer_type]" Column="CODE" />
                                                                                                            <ColumnReference Column="Expr1058" />
                                                                                                            <ColumnReference Column="Expr1059" />
                                                                                                          </OutputList>
                                                                                                          <RunTimeInformation>
                                                                                                            <RunTimeCountersPerThread Thread="2" ActualRows="148" ActualEndOfScans="1" ActualExecutions="1" />
                                                                                                            <RunTimeCountersPerThread Thread="4" ActualRows="0" ActualEndOfScans="1" ActualExecutions="1" />
                                                                                                            <RunTimeCountersPerThread Thread="3" ActualRows="12828" ActualEndOfScans="1" ActualExecutions="1" />
                                                                                                            <RunTimeCountersPerThread Thread="1" ActualRows="15797" ActualEndOfScans="1" ActualExecutions="1" />
                                                                                                            <RunTimeCountersPerThread Thread="0" ActualRows="0" ActualEndOfScans="0" ActualExecutions="0" />
                                                                                                          </RunTimeInformation>
                                                                                                          <NestedLoops Optimized="true" WithUnorderedPrefetch="true">
                                                                                                            <OuterReferences>
                                                                                                              <ColumnReference Database="[servicetrax_dev]" Schema="[dbo]" Table="[SERVICES]" Alias="[s]" Column="SERVICE_ID" />
                                                                                                              <ColumnReference Column="Expr1085" />
                                                                                                            </OuterReferences>
                                                                                                            <RelOp AvgRowSize="204" EstimateCPU="0.0413018" EstimateIO="0" EstimateRebinds="0" EstimateRewinds="0" EstimateRows="19320.7" LogicalOp="Inner Join" NodeId="85" Parallel="true" PhysicalOp="Nested Loops" EstimatedTotalSubtreeCost="95.6978">
                                                                                                              <OutputList>
                                                                                                                <ColumnReference Database="[servicetrax_dev]" Schema="[dbo]" Table="[SERVICE_LINES]" Alias="[sl]" Column="ORGANIZATION_ID" />
                                                                                                                <ColumnReference Database="[servicetrax_dev]" Schema="[dbo]" Table="[SERVICE_LINES]" Alias="[sl]" Column="BILL_JOB_NO" />
                                                                                                                <ColumnReference Database="[servicetrax_dev]" Schema="[dbo]" Table="[SERVICE_LINES]" Alias="[sl]" Column="BILL_JOB_ID" />
                                                                                                                <ColumnReference Database="[servicetrax_dev]" Schema="[dbo]" Table="[SERVICE_LINES]" Alias="[sl]" Column="INVOICE_ID" />
                                                                                                                <ColumnReference Database="[servicetrax_dev]" Schema="[dbo]" Table="[SERVICES]" Alias="[s]" Column="SERVICE_ID" />
                                                                                                                <ColumnReference Database="[servicetrax_dev]" Schema="[dbo]" Table="[JOBS]" Alias="[j]" Column="PROJECT_ID" />
                                                                                                                <ColumnReference Database="[servicetrax_dev]" Schema="[dbo]" Table="[JOBS]" Alias="[j]" Column="JOB_NAME" />
                                                                                                                <ColumnReference Database="[servicetrax_dev]" Schema="[dbo]" Table="[JOBS]" Alias="[j]" Column="JOB_STATUS_TYPE_ID" />
                                                                                                                <ColumnReference Database="[servicetrax_dev]" Schema="[dbo]" Table="[JOBS]" Alias="[j]" Column="BILLING_USER_ID" />
                                                                                                                <ColumnReference Database="[servicetrax_dev]" Schema="[dbo]" Table="[JOBS]" Alias="[j]" Column="end_user_id" />
                                                                                                                <ColumnReference Database="[servicetrax_dev]" Schema="[dbo]" Table="[CUSTOMERS]" Alias="[c]" Column="EXT_DEALER_ID" />
                                                                                                                <ColumnReference Database="[servicetrax_dev]" Schema="[dbo]" Table="[CUSTOMERS]" Alias="[c]" Column="CUSTOMER_NAME" />
                                                                                                                <ColumnReference Database="[servicetrax_dev]" Schema="[dbo]" Table="[CUSTOMERS]" Alias="[c]" Column="end_user_parent_id" />
                                                                                                                <ColumnReference Database="[servicetrax_dev]" Schema="[dbo]" Table="[LOOKUPS]" Alias="[customer_type]" Column="CODE" />
                                                                                                                <ColumnReference Column="Expr1058" />
                                                                                                                <ColumnReference Column="Expr1059" />
                                                                                                              </OutputList>
                                                                                                              <RunTimeInformation>
                                                                                                                <RunTimeCountersPerThread Thread="2" ActualRows="148" ActualEndOfScans="1" ActualExecutions="1" />
                                                                                                                <RunTimeCountersPerThread Thread="4" ActualRows="0" ActualEndOfScans="1" ActualExecutions="1" />
                                                                                                                <RunTimeCountersPerThread Thread="3" ActualRows="12828" ActualEndOfScans="1" ActualExecutions="1" />
                                                                                                                <RunTimeCountersPerThread Thread="1" ActualRows="15797" ActualEndOfScans="1" ActualExecutions="1" />
                                                                                                                <RunTimeCountersPerThread Thread="0" ActualRows="0" ActualEndOfScans="0" ActualExecutions="0" />
                                                                                                              </RunTimeInformation>
                                                                                                              <NestedLoops Optimized="true" WithUnorderedPrefetch="true">
                                                                                                                <OuterReferences>
                                                                                                                  <ColumnReference Database="[servicetrax_dev]" Schema="[dbo]" Table="[SERVICE_LINES]" Alias="[sl]" Column="BILL_SERVICE_ID" />
                                                                                                                  <ColumnReference Column="Expr1084" />
                                                                                                                </OuterReferences>
                                                                                                                <RelOp AvgRowSize="194" EstimateCPU="0.162508" EstimateIO="0" EstimateRebinds="0" EstimateRewinds="0" EstimateRows="19761.6" LogicalOp="Inner Join" NodeId="88" Parallel="true" PhysicalOp="Hash Match" EstimatedTotalSubtreeCost="90.5973">
                                                                                                                  <OutputList>
                                                                                                                    <ColumnReference Database="[servicetrax_dev]" Schema="[dbo]" Table="[SERVICE_LINES]" Alias="[sl]" Column="ORGANIZATION_ID" />
                                                                                                                    <ColumnReference Database="[servicetrax_dev]" Schema="[dbo]" Table="[SERVICE_LINES]" Alias="[sl]" Column="BILL_JOB_NO" />
                                                                                                                    <ColumnReference Database="[servicetrax_dev]" Schema="[dbo]" Table="[SERVICE_LINES]" Alias="[sl]" Column="BILL_JOB_ID" />
                                                                                                                    <ColumnReference Database="[servicetrax_dev]" Schema="[dbo]" Table="[SERVICE_LINES]" Alias="[sl]" Column="BILL_SERVICE_ID" />
                                                                                                                    <ColumnReference Database="[servicetrax_dev]" Schema="[dbo]" Table="[SERVICE_LINES]" Alias="[sl]" Column="INVOICE_ID" />
                                                                                                                    <ColumnReference Database="[servicetrax_dev]" Schema="[dbo]" Table="[JOBS]" Alias="[j]" Column="PROJECT_ID" />
                                                                                                                    <ColumnReference Database="[servicetrax_dev]" Schema="[dbo]" Table="[JOBS]" Alias="[j]" Column="JOB_NAME" />
                                                                                                                    <ColumnReference Database="[servicetrax_dev]" Schema="[dbo]" Table="[JOBS]" Alias="[j]" Column="JOB_STATUS_TYPE_ID" />
                                                                                                                    <ColumnReference Database="[servicetrax_dev]" Schema="[dbo]" Table="[JOBS]" Alias="[j]" Column="BILLING_USER_ID" />
                                                                                                                    <ColumnReference Database="[servicetrax_dev]" Schema="[dbo]" Table="[JOBS]" Alias="[j]" Column="end_user_id" />
                                                                                                                    <ColumnReference Database="[servicetrax_dev]" Schema="[dbo]" Table="[CUSTOMERS]" Alias="[c]" Column="EXT_DEALER_ID" />
                                                                                                                    <ColumnReference Database="[servicetrax_dev]" Schema="[dbo]" Table="[CUSTOMERS]" Alias="[c]" Column="CUSTOMER_NAME" />
                                                                                                                    <ColumnReference Database="[servicetrax_dev]" Schema="[dbo]" Table="[CUSTOMERS]" Alias="[c]" Column="end_user_parent_id" />
                                                                                                                    <ColumnReference Database="[servicetrax_dev]" Schema="[dbo]" Table="[LOOKUPS]" Alias="[customer_type]" Column="CODE" />
                                                                                                                    <ColumnReference Column="Expr1058" />
                                                                                                                    <ColumnReference Column="Expr1059" />
                                                                                                                  </OutputList>
                                                                                                                  <MemoryFractions Input="0" Output="0" />
                                                                                                                  <RunTimeInformation>
                                                                                                                    <RunTimeCountersPerThread Thread="2" ActualRows="149" ActualEndOfScans="1" ActualExecutions="1" />
                                                                                                                    <RunTimeCountersPerThread Thread="3" ActualRows="12828" ActualEndOfScans="1" ActualExecutions="1" />
                                                                                                                    <RunTimeCountersPerThread Thread="4" ActualRows="0" ActualEndOfScans="1" ActualExecutions="1" />
                                                                                                                    <RunTimeCountersPerThread Thread="1" ActualRows="15797" ActualEndOfScans="1" ActualExecutions="1" />
                                                                                                                    <RunTimeCountersPerThread Thread="0" ActualRows="0" ActualEndOfScans="0" ActualExecutions="0" />
                                                                                                                  </RunTimeInformation>
                                                                                                                  <Hash>
                                                                                                                    <DefinedValues />
                                                                                                                    <HashKeysBuild>
                                                                                                                      <ColumnReference Database="[servicetrax_dev]" Schema="[dbo]" Table="[LOOKUPS]" Alias="[customer_type]" Column="LOOKUP_ID" />
                                                                                                                    </HashKeysBuild>
                                                                                                                    <HashKeysProbe>
                                                                                                                      <ColumnReference Database="[servicetrax_dev]" Schema="[dbo]" Table="[CUSTOMERS]" Alias="[c]" Column="customer_type_id" />
                                                                                                                    </HashKeysProbe>
                                                                                                                    <ProbeResidual>
                                                                                                                      <ScalarOperator ScalarString="[servicetrax_dev].[dbo].[LOOKUPS].[LOOKUP_ID] as [customer_type].[LOOKUP_ID]=[servicetrax_dev].[dbo].[CUSTOMERS].[customer_type_id] as [c].[customer_type_id]">
                                                                                                                        <Compare CompareOp="EQ">
                                                                                                                          <ScalarOperator>
                                                                                                                            <Identifier>
                                                                                                                              <ColumnReference Database="[servicetrax_dev]" Schema="[dbo]" Table="[LOOKUPS]" Alias="[customer_type]" Column="LOOKUP_ID" />
                                                                                                                            </Identifier>
                                                                                                                          </ScalarOperator>
                                                                                                                          <ScalarOperator>
                                                                                                                            <Identifier>
                                                                                                                              <ColumnReference Database="[servicetrax_dev]" Schema="[dbo]" Table="[CUSTOMERS]" Alias="[c]" Column="customer_type_id" />
                                                                                                                            </Identifier>
                                                                                                                          </ScalarOperator>
                                                                                                                        </Compare>
                                                                                                                      </ScalarOperator>
                                                                                                                    </ProbeResidual>
                                                                                                                    <RelOp AvgRowSize="27" EstimateCPU="0.0300231" EstimateIO="0" EstimateRebinds="0" EstimateRewinds="0" EstimateRows="720" LogicalOp="Repartition Streams" NodeId="89" Parallel="true" PhysicalOp="Parallelism" EstimatedTotalSubtreeCost="0.0358448">
                                                                                                                      <OutputList>
                                                                                                                        <ColumnReference Database="[servicetrax_dev]" Schema="[dbo]" Table="[LOOKUPS]" Alias="[customer_type]" Column="LOOKUP_ID" />
                                                                                                                        <ColumnReference Database="[servicetrax_dev]" Schema="[dbo]" Table="[LOOKUPS]" Alias="[customer_type]" Column="CODE" />
                                                                                                                      </OutputList>
                                                                                                                      <RunTimeInformation>
                                                                                                                        <RunTimeCountersPerThread Thread="1" ActualRows="187" ActualEndOfScans="1" ActualExecutions="1" />
                                                                                                                        <RunTimeCountersPerThread Thread="4" ActualRows="169" ActualEndOfScans="1" ActualExecutions="1" />
                                                                                                                        <RunTimeCountersPerThread Thread="2" ActualRows="187" ActualEndOfScans="1" ActualExecutions="1" />
                                                                                                                        <RunTimeCountersPerThread Thread="3" ActualRows="177" ActualEndOfScans="1" ActualExecutions="1" />
                                                                                                                        <RunTimeCountersPerThread Thread="0" ActualRows="0" ActualEndOfScans="0" ActualExecutions="0" />
                                                                                                                      </RunTimeInformation>
                                                                                                                      <Parallelism PartitioningType="Hash">
                                                                                                                        <PartitionColumns>
                                                                                                                          <ColumnReference Database="[servicetrax_dev]" Schema="[dbo]" Table="[LOOKUPS]" Alias="[customer_type]" Column="LOOKUP_ID" />
                                                                                                                        </PartitionColumns>
                                                                                                                        <RelOp AvgRowSize="27" EstimateCPU="0.0004745" EstimateIO="0.00534722" EstimateRebinds="0" EstimateRewinds="0" EstimateRows="720" LogicalOp="Index Scan" NodeId="90" Parallel="true" PhysicalOp="Index Scan" EstimatedTotalSubtreeCost="0.00582172">
                                                                                                                          <OutputList>
                                                                                                                            <ColumnReference Database="[servicetrax_dev]" Schema="[dbo]" Table="[LOOKUPS]" Alias="[customer_type]" Column="LOOKUP_ID" />
                                                                                                                            <ColumnReference Database="[servicetrax_dev]" Schema="[dbo]" Table="[LOOKUPS]" Alias="[customer_type]" Column="CODE" />
                                                                                                                          </OutputList>
                                                                                                                          <RunTimeInformation>
                                                                                                                            <RunTimeCountersPerThread Thread="1" ActualRows="142" ActualEndOfScans="1" ActualExecutions="1" />
                                                                                                                            <RunTimeCountersPerThread Thread="3" ActualRows="107" ActualEndOfScans="1" ActualExecutions="1" />
                                                                                                                            <RunTimeCountersPerThread Thread="2" ActualRows="327" ActualEndOfScans="1" ActualExecutions="1" />
                                                                                                                            <RunTimeCountersPerThread Thread="4" ActualRows="144" ActualEndOfScans="1" ActualExecutions="1" />
                                                                                                                            <RunTimeCountersPerThread Thread="0" ActualRows="0" ActualEndOfScans="0" ActualExecutions="0" />
                                                                                                                          </RunTimeInformation>
                                                                                                                          <IndexScan Ordered="false" ForcedIndex="false" NoExpandHint="false">
                                                                                                                            <DefinedValues>
                                                                                                                              <DefinedValue>
                                                                                                                                <ColumnReference Database="[servicetrax_dev]" Schema="[dbo]" Table="[LOOKUPS]" Alias="[customer_type]" Column="LOOKUP_ID" />
                                                                                                                              </DefinedValue>
                                                                                                                              <DefinedValue>
                                                                                                                                <ColumnReference Database="[servicetrax_dev]" Schema="[dbo]" Table="[LOOKUPS]" Alias="[customer_type]" Column="CODE" />
                                                                                                                              </DefinedValue>
                                                                                                                            </DefinedValues>
                                                                                                                            <Object Database="[servicetrax_dev]" Schema="[dbo]" Table="[LOOKUPS]" Index="[IX_L_LID_CODE]" Alias="[customer_type]" />
                                                                                                                          </IndexScan>
                                                                                                                        </RelOp>
                                                                                                                      </Parallelism>
                                                                                                                    </RelOp>
                                                                                                                    <RelOp AvgRowSize="194" EstimateCPU="0.236629" EstimateIO="0" EstimateRebinds="0" EstimateRewinds="0" EstimateRows="20235.7" LogicalOp="Repartition Streams" NodeId="91" Parallel="true" PhysicalOp="Parallelism" EstimatedTotalSubtreeCost="90.3989">
                                                                                                                      <OutputList>
                                                                                                                        <ColumnReference Database="[servicetrax_dev]" Schema="[dbo]" Table="[SERVICE_LINES]" Alias="[sl]" Column="ORGANIZATION_ID" />
                                                                                                                        <ColumnReference Database="[servicetrax_dev]" Schema="[dbo]" Table="[SERVICE_LINES]" Alias="[sl]" Column="BILL_JOB_NO" />
                                                                                                                        <ColumnReference Database="[servicetrax_dev]" Schema="[dbo]" Table="[SERVICE_LINES]" Alias="[sl]" Column="BILL_JOB_ID" />
                                                                                                                        <ColumnReference Database="[servicetrax_dev]" Schema="[dbo]" Table="[SERVICE_LINES]" Alias="[sl]" Column="BILL_SERVICE_ID" />
                                                                                                                        <ColumnReference Database="[servicetrax_dev]" Schema="[dbo]" Table="[SERVICE_LINES]" Alias="[sl]" Column="INVOICE_ID" />
                                                                                                                        <ColumnReference Database="[servicetrax_dev]" Schema="[dbo]" Table="[JOBS]" Alias="[j]" Column="PROJECT_ID" />
                                                                                                                        <ColumnReference Database="[servicetrax_dev]" Schema="[dbo]" Table="[JOBS]" Alias="[j]" Column="JOB_NAME" />
                                                                                                                        <ColumnReference Database="[servicetrax_dev]" Schema="[dbo]" Table="[JOBS]" Alias="[j]" Column="JOB_STATUS_TYPE_ID" />
                                                                                                                        <ColumnReference Database="[servicetrax_dev]" Schema="[dbo]" Table="[JOBS]" Alias="[j]" Column="BILLING_USER_ID" />
                                                                                                                        <ColumnReference Database="[servicetrax_dev]" Schema="[dbo]" Table="[JOBS]" Alias="[j]" Column="end_user_id" />
                                                                                                                        <ColumnReference Database="[servicetrax_dev]" Schema="[dbo]" Table="[CUSTOMERS]" Alias="[c]" Column="EXT_DEALER_ID" />
                                                                                                                        <ColumnReference Database="[servicetrax_dev]" Schema="[dbo]" Table="[CUSTOMERS]" Alias="[c]" Column="CUSTOMER_NAME" />
                                                                                                                        <ColumnReference Database="[servicetrax_dev]" Schema="[dbo]" Table="[CUSTOMERS]" Alias="[c]" Column="customer_type_id" />
                                                                                                                        <ColumnReference Database="[servicetrax_dev]" Schema="[dbo]" Table="[CUSTOMERS]" Alias="[c]" Column="end_user_parent_id" />
                                                                                                                        <ColumnReference Column="Expr1058" />
                                                                                                                        <ColumnReference Column="Expr1059" />
                                                                                                                      </OutputList>
                                                                                                                      <RunTimeInformation>
                                                                                                                        <RunTimeCountersPerThread Thread="1" ActualRows="15797" ActualEndOfScans="1" ActualExecutions="1" />
                                                                                                                        <RunTimeCountersPerThread Thread="4" ActualRows="0" ActualEndOfScans="1" ActualExecutions="1" />
                                                                                                                        <RunTimeCountersPerThread Thread="2" ActualRows="149" ActualEndOfScans="1" ActualExecutions="1" />
                                                                                                                        <RunTimeCountersPerThread Thread="3" ActualRows="12828" ActualEndOfScans="1" ActualExecutions="1" />
                                                                                                                        <RunTimeCountersPerThread Thread="0" ActualRows="0" ActualEndOfScans="0" ActualExecutions="0" />
                                                                                                                      </RunTimeInformation>
                                                                                                                      <Parallelism PartitioningType="Hash">
                                                                                                                        <PartitionColumns>
                                                                                                                          <ColumnReference Database="[servicetrax_dev]" Schema="[dbo]" Table="[CUSTOMERS]" Alias="[c]" Column="customer_type_id" />
                                                                                                                        </PartitionColumns>
                                                                                                                        <RelOp AvgRowSize="194" EstimateCPU="0.576444" EstimateIO="0" EstimateRebinds="0" EstimateRewinds="0" EstimateRows="20235.7" LogicalOp="Inner Join" NodeId="92" Parallel="true" PhysicalOp="Hash Match" EstimatedTotalSubtreeCost="90.1623">
                                                                                                                          <OutputList>
                                                                                                                            <ColumnReference Database="[servicetrax_dev]" Schema="[dbo]" Table="[SERVICE_LINES]" Alias="[sl]" Column="ORGANIZATION_ID" />
                                                                                                                            <ColumnReference Database="[servicetrax_dev]" Schema="[dbo]" Table="[SERVICE_LINES]" Alias="[sl]" Column="BILL_JOB_NO" />
                                                                                                                            <ColumnReference Database="[servicetrax_dev]" Schema="[dbo]" Table="[SERVICE_LINES]" Alias="[sl]" Column="BILL_JOB_ID" />
                                                                                                                            <ColumnReference Database="[servicetrax_dev]" Schema="[dbo]" Table="[SERVICE_LINES]" Alias="[sl]" Column="BILL_SERVICE_ID" />
                                                                                                                            <ColumnReference Database="[servicetrax_dev]" Schema="[dbo]" Table="[SERVICE_LINES]" Alias="[sl]" Column="INVOICE_ID" />
                                                                                                                            <ColumnReference Database="[servicetrax_dev]" Schema="[dbo]" Table="[JOBS]" Alias="[j]" Column="PROJECT_ID" />
                                                                                                                            <ColumnReference Database="[servicetrax_dev]" Schema="[dbo]" Table="[JOBS]" Alias="[j]" Column="JOB_NAME" />
                                                                                                                            <ColumnReference Database="[servicetrax_dev]" Schema="[dbo]" Table="[JOBS]" Alias="[j]" Column="JOB_STATUS_TYPE_ID" />
                                                                                                                            <ColumnReference Database="[servicetrax_dev]" Schema="[dbo]" Table="[JOBS]" Alias="[j]" Column="BILLING_USER_ID" />
                                                                                                                            <ColumnReference Database="[servicetrax_dev]" Schema="[dbo]" Table="[JOBS]" Alias="[j]" Column="end_user_id" />
                                                                                                                            <ColumnReference Database="[servicetrax_dev]" Schema="[dbo]" Table="[CUSTOMERS]" Alias="[c]" Column="EXT_DEALER_ID" />
                                                                                                                            <ColumnReference Database="[servicetrax_dev]" Schema="[dbo]" Table="[CUSTOMERS]" Alias="[c]" Column="CUSTOMER_NAME" />
                                                                                                                            <ColumnReference Database="[servicetrax_dev]" Schema="[dbo]" Table="[CUSTOMERS]" Alias="[c]" Column="customer_type_id" />
                                                                                                                            <ColumnReference Database="[servicetrax_dev]" Schema="[dbo]" Table="[CUSTOMERS]" Alias="[c]" Column="end_user_parent_id" />
                                                                                                                            <ColumnReference Column="Expr1058" />
                                                                                                                            <ColumnReference Column="Expr1059" />
                                                                                                                          </OutputList>
                                                                                                                          <MemoryFractions Input="0.177261" Output="0.0982379" />
                                                                                                                          <RunTimeInformation>
                                                                                                                            <RunTimeCountersPerThread Thread="2" ActualRows="5062" ActualEndOfScans="1" ActualExecutions="1" />
                                                                                                                            <RunTimeCountersPerThread Thread="4" ActualRows="9364" ActualEndOfScans="1" ActualExecutions="1" />
                                                                                                                            <RunTimeCountersPerThread Thread="3" ActualRows="7999" ActualEndOfScans="1" ActualExecutions="1" />
                                                                                                                            <RunTimeCountersPerThread Thread="1" ActualRows="6349" ActualEndOfScans="1" ActualExecutions="1" />
                                                                                                                            <RunTimeCountersPerThread Thread="0" ActualRows="0" ActualEndOfScans="0" ActualExecutions="0" />
                                                                                                                          </RunTimeInformation>
                                                                                                                          <Hash>
                                                                                                                            <DefinedValues />
                                                                                                                            <HashKeysBuild>
                                                                                                                              <ColumnReference Database="[servicetrax_dev]" Schema="[dbo]" Table="[CUSTOMERS]" Alias="[c]" Column="CUSTOMER_ID" />
                                                                                                                            </HashKeysBuild>
                                                                                                                            <HashKeysProbe>
                                                                                                                              <ColumnReference Database="[servicetrax_dev]" Schema="[dbo]" Table="[JOBS]" Alias="[j]" Column="CUSTOMER_ID" />
                                                                                                                            </HashKeysProbe>
                                                                                                                            <ProbeResidual>
                                                                                                                              <ScalarOperator ScalarString="[servicetrax_dev].[dbo].[CUSTOMERS].[CUSTOMER_ID] as [c].[CUSTOMER_ID]=[servicetrax_dev].[dbo].[JOBS].[CUSTOMER_ID] as [j].[CUSTOMER_ID]">
                                                                                                                                <Compare CompareOp="EQ">
                                                                                                                                  <ScalarOperator>
                                                                                                                                    <Identifier>
                                                                                                                                      <ColumnReference Database="[servicetrax_dev]" Schema="[dbo]" Table="[CUSTOMERS]" Alias="[c]" Column="CUSTOMER_ID" />
                                                                                                                                    </Identifier>
                                                                                                                                  </ScalarOperator>
                                                                                                                                  <ScalarOperator>
                                                                                                                                    <Identifier>
                                                                                                                                      <ColumnReference Database="[servicetrax_dev]" Schema="[dbo]" Table="[JOBS]" Alias="[j]" Column="CUSTOMER_ID" />
                                                                                                                                    </Identifier>
                                                                                                                                  </ScalarOperator>
                                                                                                                                </Compare>
                                                                                                                              </ScalarOperator>
                                                                                                                            </ProbeResidual>
                                                                                                                            <RelOp AvgRowSize="70" EstimateCPU="0.0935409" EstimateIO="0" EstimateRebinds="0" EstimateRewinds="0" EstimateRows="15044" LogicalOp="Repartition Streams" NodeId="93" Parallel="true" PhysicalOp="Parallelism" EstimatedTotalSubtreeCost="0.41687">
                                                                                                                              <OutputList>
                                                                                                                                <ColumnReference Database="[servicetrax_dev]" Schema="[dbo]" Table="[CUSTOMERS]" Alias="[c]" Column="CUSTOMER_ID" />
                                                                                                                                <ColumnReference Database="[servicetrax_dev]" Schema="[dbo]" Table="[CUSTOMERS]" Alias="[c]" Column="EXT_DEALER_ID" />
                                                                                                                                <ColumnReference Database="[servicetrax_dev]" Schema="[dbo]" Table="[CUSTOMERS]" Alias="[c]" Column="CUSTOMER_NAME" />
                                                                                                                                <ColumnReference Database="[servicetrax_dev]" Schema="[dbo]" Table="[CUSTOMERS]" Alias="[c]" Column="customer_type_id" />
                                                                                                                                <ColumnReference Database="[servicetrax_dev]" Schema="[dbo]" Table="[CUSTOMERS]" Alias="[c]" Column="end_user_parent_id" />
                                                                                                                              </OutputList>
                                                                                                                              <RunTimeInformation>
                                                                                                                                <RunTimeCountersPerThread Thread="1" ActualRows="3736" ActualEndOfScans="1" ActualExecutions="1" />
                                                                                                                                <RunTimeCountersPerThread Thread="4" ActualRows="3710" ActualEndOfScans="1" ActualExecutions="1" />
                                                                                                                                <RunTimeCountersPerThread Thread="2" ActualRows="3862" ActualEndOfScans="1" ActualExecutions="1" />
                                                                                                                                <RunTimeCountersPerThread Thread="3" ActualRows="3736" ActualEndOfScans="1" ActualExecutions="1" />
                                                                                                                                <RunTimeCountersPerThread Thread="0" ActualRows="0" ActualEndOfScans="0" ActualExecutions="0" />
                                                                                                                              </RunTimeInformation>
                                                                                                                              <Parallelism PartitioningType="Hash">
                                                                                                                                <PartitionColumns>
                                                                                                                                  <ColumnReference Database="[servicetrax_dev]" Schema="[dbo]" Table="[CUSTOMERS]" Alias="[c]" Column="CUSTOMER_ID" />
                                                                                                                                </PartitionColumns>
                                                                                                                                <RelOp AvgRowSize="70" EstimateCPU="0.0083527" EstimateIO="0.314977" EstimateRebinds="0" EstimateRewinds="0" EstimateRows="15044" LogicalOp="Clustered Index Scan" NodeId="94" Parallel="true" PhysicalOp="Clustered Index Scan" EstimatedTotalSubtreeCost="0.32333">
                                                                                                                                  <OutputList>
                                                                                                                                    <ColumnReference Database="[servicetrax_dev]" Schema="[dbo]" Table="[CUSTOMERS]" Alias="[c]" Column="CUSTOMER_ID" />
                                                                                                                                    <ColumnReference Database="[servicetrax_dev]" Schema="[dbo]" Table="[CUSTOMERS]" Alias="[c]" Column="EXT_DEALER_ID" />
                                                                                                                                    <ColumnReference Database="[servicetrax_dev]" Schema="[dbo]" Table="[CUSTOMERS]" Alias="[c]" Column="CUSTOMER_NAME" />
                                                                                                                                    <ColumnReference Database="[servicetrax_dev]" Schema="[dbo]" Table="[CUSTOMERS]" Alias="[c]" Column="customer_type_id" />
                                                                                                                                    <ColumnReference Database="[servicetrax_dev]" Schema="[dbo]" Table="[CUSTOMERS]" Alias="[c]" Column="end_user_parent_id" />
                                                                                                                                  </OutputList>
                                                                                                                                  <RunTimeInformation>
                                                                                                                                    <RunTimeCountersPerThread Thread="1" ActualRows="3857" ActualEndOfScans="1" ActualExecutions="1" />
                                                                                                                                    <RunTimeCountersPerThread Thread="3" ActualRows="3626" ActualEndOfScans="1" ActualExecutions="1" />
                                                                                                                                    <RunTimeCountersPerThread Thread="4" ActualRows="4000" ActualEndOfScans="1" ActualExecutions="1" />
                                                                                                                                    <RunTimeCountersPerThread Thread="2" ActualRows="3561" ActualEndOfScans="1" ActualExecutions="1" />
                                                                                                                                    <RunTimeCountersPerThread Thread="0" ActualRows="0" ActualEndOfScans="0" ActualExecutions="0" />
                                                                                                                                  </RunTimeInformation>
                                                                                                                                  <IndexScan Ordered="false" ForcedIndex="false" NoExpandHint="false">
                                                                                                                                    <DefinedValues>
                                                                                                                                      <DefinedValue>
                                                                                                                                        <ColumnReference Database="[servicetrax_dev]" Schema="[dbo]" Table="[CUSTOMERS]" Alias="[c]" Column="CUSTOMER_ID" />
                                                                                                                                      </DefinedValue>
                                                                                                                                      <DefinedValue>
                                                                                                                                        <ColumnReference Database="[servicetrax_dev]" Schema="[dbo]" Table="[CUSTOMERS]" Alias="[c]" Column="EXT_DEALER_ID" />
                                                                                                                                      </DefinedValue>
                                                                                                                                      <DefinedValue>
                                                                                                                                        <ColumnReference Database="[servicetrax_dev]" Schema="[dbo]" Table="[CUSTOMERS]" Alias="[c]" Column="CUSTOMER_NAME" />
                                                                                                                                      </DefinedValue>
                                                                                                                                      <DefinedValue>
                                                                                                                                        <ColumnReference Database="[servicetrax_dev]" Schema="[dbo]" Table="[CUSTOMERS]" Alias="[c]" Column="customer_type_id" />
                                                                                                                                      </DefinedValue>
                                                                                                                                      <DefinedValue>
                                                                                                                                        <ColumnReference Database="[servicetrax_dev]" Schema="[dbo]" Table="[CUSTOMERS]" Alias="[c]" Column="end_user_parent_id" />
                                                                                                                                      </DefinedValue>
                                                                                                                                    </DefinedValues>
                                                                                                                                    <Object Database="[servicetrax_dev]" Schema="[dbo]" Table="[CUSTOMERS]" Index="[PK_CUSTOMERS]" Alias="[c]" />
                                                                                                                                  </IndexScan>
                                                                                                                                </RelOp>
                                                                                                                              </Parallelism>
                                                                                                                            </RelOp>
                                                                                                                            <RelOp AvgRowSize="151" EstimateCPU="0.194349" EstimateIO="0" EstimateRebinds="0" EstimateRewinds="0" EstimateRows="20235.7" LogicalOp="Repartition Streams" NodeId="95" Parallel="true" PhysicalOp="Parallelism" EstimatedTotalSubtreeCost="89.169">
                                                                                                                              <OutputList>
                                                                                                                                <ColumnReference Database="[servicetrax_dev]" Schema="[dbo]" Table="[SERVICE_LINES]" Alias="[sl]" Column="ORGANIZATION_ID" />
                                                                                                                                <ColumnReference Database="[servicetrax_dev]" Schema="[dbo]" Table="[SERVICE_LINES]" Alias="[sl]" Column="BILL_JOB_NO" />
                                                                                                                                <ColumnReference Database="[servicetrax_dev]" Schema="[dbo]" Table="[SERVICE_LINES]" Alias="[sl]" Column="BILL_JOB_ID" />
                                                                                                                                <ColumnReference Database="[servicetrax_dev]" Schema="[dbo]" Table="[SERVICE_LINES]" Alias="[sl]" Column="BILL_SERVICE_ID" />
                                                                                                                                <ColumnReference Database="[servicetrax_dev]" Schema="[dbo]" Table="[SERVICE_LINES]" Alias="[sl]" Column="INVOICE_ID" />
                                                                                                                                <ColumnReference Database="[servicetrax_dev]" Schema="[dbo]" Table="[JOBS]" Alias="[j]" Column="PROJECT_ID" />
                                                                                                                                <ColumnReference Database="[servicetrax_dev]" Schema="[dbo]" Table="[JOBS]" Alias="[j]" Column="JOB_NAME" />
                                                                                                                                <ColumnReference Database="[servicetrax_dev]" Schema="[dbo]" Table="[JOBS]" Alias="[j]" Column="JOB_STATUS_TYPE_ID" />
                                                                                                                                <ColumnReference Database="[servicetrax_dev]" Schema="[dbo]" Table="[JOBS]" Alias="[j]" Column="CUSTOMER_ID" />
                                                                                                                                <ColumnReference Database="[servicetrax_dev]" Schema="[dbo]" Table="[JOBS]" Alias="[j]" Column="BILLING_USER_ID" />
                                                                                                                                <ColumnReference Database="[servicetrax_dev]" Schema="[dbo]" Table="[JOBS]" Alias="[j]" Column="end_user_id" />
                                                                                                                                <ColumnReference Column="Expr1058" />
                                                                                                                                <ColumnReference Column="Expr1059" />
                                                                                                                              </OutputList>
                                                                                                                              <RunTimeInformation>
                                                                                                                                <RunTimeCountersPerThread Thread="1" ActualRows="6349" ActualEndOfScans="1" ActualExecutions="1" />
                                                                                                                                <RunTimeCountersPerThread Thread="4" ActualRows="9364" ActualEndOfScans="1" ActualExecutions="1" />
                                                                                                                                <RunTimeCountersPerThread Thread="2" ActualRows="5062" ActualEndOfScans="1" ActualExecutions="1" />
                                                                                                                                <RunTimeCountersPerThread Thread="3" ActualRows="7999" ActualEndOfScans="1" ActualExecutions="1" />
                                                                                                                                <RunTimeCountersPerThread Thread="0" ActualRows="0" ActualEndOfScans="0" ActualExecutions="0" />
                                                                                                                              </RunTimeInformation>
                                                                                                                              <Parallelism PartitioningType="Hash">
                                                                                                                                <PartitionColumns>
                                                                                                                                  <ColumnReference Database="[servicetrax_dev]" Schema="[dbo]" Table="[JOBS]" Alias="[j]" Column="CUSTOMER_ID" />
                                                                                                                                </PartitionColumns>
                                                                                                                                <RelOp AvgRowSize="151" EstimateCPU="0.958096" EstimateIO="0" EstimateRebinds="0" EstimateRewinds="0" EstimateRows="20235.7" LogicalOp="Inner Join" NodeId="96" Parallel="true" PhysicalOp="Hash Match" EstimatedTotalSubtreeCost="88.9746">
                                                                                                                                  <OutputList>
                                                                                                                                    <ColumnReference Database="[servicetrax_dev]" Schema="[dbo]" Table="[SERVICE_LINES]" Alias="[sl]" Column="ORGANIZATION_ID" />
                                                                                                                                    <ColumnReference Database="[servicetrax_dev]" Schema="[dbo]" Table="[SERVICE_LINES]" Alias="[sl]" Column="BILL_JOB_NO" />
                                                                                                                                    <ColumnReference Database="[servicetrax_dev]" Schema="[dbo]" Table="[SERVICE_LINES]" Alias="[sl]" Column="BILL_JOB_ID" />
                                                                                                                                    <ColumnReference Database="[servicetrax_dev]" Schema="[dbo]" Table="[SERVICE_LINES]" Alias="[sl]" Column="BILL_SERVICE_ID" />
                                                                                                                                    <ColumnReference Database="[servicetrax_dev]" Schema="[dbo]" Table="[SERVICE_LINES]" Alias="[sl]" Column="INVOICE_ID" />
                                                                                                                                    <ColumnReference Database="[servicetrax_dev]" Schema="[dbo]" Table="[JOBS]" Alias="[j]" Column="PROJECT_ID" />
                                                                                                                                    <ColumnReference Database="[servicetrax_dev]" Schema="[dbo]" Table="[JOBS]" Alias="[j]" Column="JOB_NAME" />
                                                                                                                                    <ColumnReference Database="[servicetrax_dev]" Schema="[dbo]" Table="[JOBS]" Alias="[j]" Column="JOB_STATUS_TYPE_ID" />
                                                                                                                                    <ColumnReference Database="[servicetrax_dev]" Schema="[dbo]" Table="[JOBS]" Alias="[j]" Column="CUSTOMER_ID" />
                                                                                                                                    <ColumnReference Database="[servicetrax_dev]" Schema="[dbo]" Table="[JOBS]" Alias="[j]" Column="BILLING_USER_ID" />
                                                                                                                                    <ColumnReference Database="[servicetrax_dev]" Schema="[dbo]" Table="[JOBS]" Alias="[j]" Column="end_user_id" />
                                                                                                                                    <ColumnReference Column="Expr1058" />
                                                                                                                                    <ColumnReference Column="Expr1059" />
                                                                                                                                  </OutputList>
                                                                                                                                  <MemoryFractions Input="0.280597" Output="0.155507" />
                                                                                                                                  <RunTimeInformation>
                                                                                                                                    <RunTimeCountersPerThread Thread="2" ActualRows="6099" ActualEndOfScans="1" ActualExecutions="1" />
                                                                                                                                    <RunTimeCountersPerThread Thread="1" ActualRows="7050" ActualEndOfScans="1" ActualExecutions="1" />
                                                                                                                                    <RunTimeCountersPerThread Thread="4" ActualRows="9588" ActualEndOfScans="1" ActualExecutions="1" />
                                                                                                                                    <RunTimeCountersPerThread Thread="3" ActualRows="6037" ActualEndOfScans="1" ActualExecutions="1" />
                                                                                                                                    <RunTimeCountersPerThread Thread="0" ActualRows="0" ActualEndOfScans="0" ActualExecutions="0" />
                                                                                                                                  </RunTimeInformation>
                                                                                                                                  <Hash>
                                                                                                                                    <DefinedValues />
                                                                                                                                    <HashKeysBuild>
                                                                                                                                      <ColumnReference Database="[servicetrax_dev]" Schema="[dbo]" Table="[SERVICE_LINES]" Alias="[sl]" Column="BILL_JOB_ID" />
                                                                                                                                    </HashKeysBuild>
                                                                                                                                    <HashKeysProbe>
                                                                                                                                      <ColumnReference Database="[servicetrax_dev]" Schema="[dbo]" Table="[JOBS]" Alias="[j]" Column="JOB_ID" />
                                                                                                                                    </HashKeysProbe>
                                                                                                                                    <ProbeResidual>
                                                                                                                                      <ScalarOperator ScalarString="[servicetrax_dev].[dbo].[JOBS].[JOB_ID] as [j].[JOB_ID]=[servicetrax_dev].[dbo].[SERVICE_LINES].[BILL_JOB_ID] as [sl].[BILL_JOB_ID]">
                                                                                                                                        <Compare CompareOp="EQ">
                                                                                                                                          <ScalarOperator>
                                                                                                                                            <Identifier>
                                                                                                                                              <ColumnReference Database="[servicetrax_dev]" Schema="[dbo]" Table="[JOBS]" Alias="[j]" Column="JOB_ID" />
                                                                                                                                            </Identifier>
                                                                                                                                          </ScalarOperator>
                                                                                                                                          <ScalarOperator>
                                                                                                                                            <Identifier>
                                                                                                                                              <ColumnReference Database="[servicetrax_dev]" Schema="[dbo]" Table="[SERVICE_LINES]" Alias="[sl]" Column="BILL_JOB_ID" />
                                                                                                                                            </Identifier>
                                                                                                                                          </ScalarOperator>
                                                                                                                                        </Compare>
                                                                                                                                      </ScalarOperator>
                                                                                                                                    </ProbeResidual>
                                                                                                                                    <RelOp AvgRowSize="86" EstimateCPU="0.136931" EstimateIO="0" EstimateRebinds="0" EstimateRewinds="0" EstimateRows="20235.7" LogicalOp="Bitmap Create" NodeId="97" Parallel="true" PhysicalOp="Bitmap" EstimatedTotalSubtreeCost="86.2824">
                                                                                                                                      <OutputList>
                                                                                                                                        <ColumnReference Database="[servicetrax_dev]" Schema="[dbo]" Table="[SERVICE_LINES]" Alias="[sl]" Column="ORGANIZATION_ID" />
                                                                                                                                        <ColumnReference Database="[servicetrax_dev]" Schema="[dbo]" Table="[SERVICE_LINES]" Alias="[sl]" Column="BILL_JOB_NO" />
                                                                                                                                        <ColumnReference Database="[servicetrax_dev]" Schema="[dbo]" Table="[SERVICE_LINES]" Alias="[sl]" Column="BILL_JOB_ID" />
                                                                                                                                        <ColumnReference Database="[servicetrax_dev]" Schema="[dbo]" Table="[SERVICE_LINES]" Alias="[sl]" Column="BILL_SERVICE_ID" />
                                                                                                                                        <ColumnReference Database="[servicetrax_dev]" Schema="[dbo]" Table="[SERVICE_LINES]" Alias="[sl]" Column="INVOICE_ID" />
                                                                                                                                        <ColumnReference Column="Expr1058" />
                                                                                                                                        <ColumnReference Column="Expr1059" />
                                                                                                                                      </OutputList>
                                                                                                                                      <RunTimeInformation>
                                                                                                                                        <RunTimeCountersPerThread Thread="4" ActualRows="9588" ActualEndOfScans="1" ActualExecutions="1" />
                                                                                                                                        <RunTimeCountersPerThread Thread="3" ActualRows="6037" ActualEndOfScans="1" ActualExecutions="1" />
                                                                                                                                        <RunTimeCountersPerThread Thread="2" ActualRows="6112" ActualEndOfScans="1" ActualExecutions="1" />
                                                                                                                                        <RunTimeCountersPerThread Thread="1" ActualRows="7050" ActualEndOfScans="1" ActualExecutions="1" />
                                                                                                                                        <RunTimeCountersPerThread Thread="0" ActualRows="0" ActualEndOfScans="0" ActualExecutions="0" />
                                                                                                                                      </RunTimeInformation>
                                                                                                                                      <Bitmap>
                                                                                                                                        <DefinedValues>
                                                                                                                                          <DefinedValue>
                                                                                                                                            <ColumnReference Column="Bitmap1083" />
                                                                                                                                          </DefinedValue>
                                                                                                                                        </DefinedValues>
                                                                                                                                        <HashKeys>
                                                                                                                                          <ColumnReference Database="[servicetrax_dev]" Schema="[dbo]" Table="[SERVICE_LINES]" Alias="[sl]" Column="BILL_JOB_ID" />
                                                                                                                                        </HashKeys>
                                                                                                                                        <RelOp AvgRowSize="86" EstimateCPU="0.136931" EstimateIO="0" EstimateRebinds="0" EstimateRewinds="0" EstimateRows="20235.7" LogicalOp="Repartition Streams" NodeId="98" Parallel="true" PhysicalOp="Parallelism" EstimatedTotalSubtreeCost="86.2824">
                                                                                                                                          <OutputList>
                                                                                                                                            <ColumnReference Database="[servicetrax_dev]" Schema="[dbo]" Table="[SERVICE_LINES]" Alias="[sl]" Column="ORGANIZATION_ID" />
                                                                                                                                            <ColumnReference Database="[servicetrax_dev]" Schema="[dbo]" Table="[SERVICE_LINES]" Alias="[sl]" Column="BILL_JOB_NO" />
                                                                                                                                            <ColumnReference Database="[servicetrax_dev]" Schema="[dbo]" Table="[SERVICE_LINES]" Alias="[sl]" Column="BILL_JOB_ID" />
                                                                                                                                            <ColumnReference Database="[servicetrax_dev]" Schema="[dbo]" Table="[SERVICE_LINES]" Alias="[sl]" Column="BILL_SERVICE_ID" />
                                                                                                                                            <ColumnReference Database="[servicetrax_dev]" Schema="[dbo]" Table="[SERVICE_LINES]" Alias="[sl]" Column="INVOICE_ID" />
                                                                                                                                            <ColumnReference Column="Expr1058" />
                                                                                                                                            <ColumnReference Column="Expr1059" />
                                                                                                                                          </OutputList>
                                                                                                                                          <RunTimeInformation>
                                                                                                                                            <RunTimeCountersPerThread Thread="4" ActualRows="9588" ActualEndOfScans="1" ActualExecutions="1" />
                                                                                                                                            <RunTimeCountersPerThread Thread="3" ActualRows="6037" ActualEndOfScans="1" ActualExecutions="1" />
                                                                                                                                            <RunTimeCountersPerThread Thread="2" ActualRows="6112" ActualEndOfScans="1" ActualExecutions="1" />
                                                                                                                                            <RunTimeCountersPerThread Thread="1" ActualRows="7050" ActualEndOfScans="1" ActualExecutions="1" />
                                                                                                                                            <RunTimeCountersPerThread Thread="0" ActualRows="0" ActualEndOfScans="0" ActualExecutions="0" />
                                                                                                                                          </RunTimeInformation>
                                                                                                                                          <Parallelism PartitioningType="Hash">
                                                                                                                                            <PartitionColumns>
                                                                                                                                              <ColumnReference Database="[servicetrax_dev]" Schema="[dbo]" Table="[SERVICE_LINES]" Alias="[sl]" Column="BILL_JOB_ID" />
                                                                                                                                            </PartitionColumns>
                                                                                                                                            <RelOp AvgRowSize="86" EstimateCPU="0.610443" EstimateIO="0" EstimateRebinds="0" EstimateRewinds="0" EstimateRows="20235.7" LogicalOp="Filter" NodeId="99" Parallel="true" PhysicalOp="Filter" EstimatedTotalSubtreeCost="86.1454">
                                                                                                                                              <OutputList>
                                                                                                                                                <ColumnReference Database="[servicetrax_dev]" Schema="[dbo]" Table="[SERVICE_LINES]" Alias="[sl]" Column="ORGANIZATION_ID" />
                                                                                                                                                <ColumnReference Database="[servicetrax_dev]" Schema="[dbo]" Table="[SERVICE_LINES]" Alias="[sl]" Column="BILL_JOB_NO" />
                                                                                                                                                <ColumnReference Database="[servicetrax_dev]" Schema="[dbo]" Table="[SERVICE_LINES]" Alias="[sl]" Column="BILL_JOB_ID" />
                                                                                                                                                <ColumnReference Database="[servicetrax_dev]" Schema="[dbo]" Table="[SERVICE_LINES]" Alias="[sl]" Column="BILL_SERVICE_ID" />
                                                                                                                                                <ColumnReference Database="[servicetrax_dev]" Schema="[dbo]" Table="[SERVICE_LINES]" Alias="[sl]" Column="INVOICE_ID" />
                                                                                                                                                <ColumnReference Column="Expr1058" />
                                                                                                                                                <ColumnReference Column="Expr1059" />
                                                                                                                                              </OutputList>
                                                                                                                                              <RunTimeInformation>
                                                                                                                                                <RunTimeCountersPerThread Thread="1" ActualRows="9461" ActualEndOfScans="1" ActualExecutions="1" />
                                                                                                                                                <RunTimeCountersPerThread Thread="4" ActualRows="5307" ActualEndOfScans="1" ActualExecutions="1" />
                                                                                                                                                <RunTimeCountersPerThread Thread="2" ActualRows="7593" ActualEndOfScans="1" ActualExecutions="1" />
                                                                                                                                                <RunTimeCountersPerThread Thread="3" ActualRows="6426" ActualEndOfScans="1" ActualExecutions="1" />
                                                                                                                                                <RunTimeCountersPerThread Thread="0" ActualRows="0" ActualEndOfScans="0" ActualExecutions="0" />
                                                                                                                                              </RunTimeInformation>
                                                                                                                                              <Filter StartupExpression="false">
                                                                                                                                                <RelOp AvgRowSize="101" EstimateCPU="0.0517325" EstimateIO="0" EstimateRebinds="0" EstimateRewinds="0" EstimateRows="1034650" LogicalOp="Compute Scalar" NodeId="100" Parallel="true" PhysicalOp="Compute Scalar" EstimatedTotalSubtreeCost="85.535">
                                                                                                                                                  <OutputList>
                                                                                                                                                    <ColumnReference Database="[servicetrax_dev]" Schema="[dbo]" Table="[SERVICE_LINES]" Alias="[sl]" Column="ORGANIZATION_ID" />
                                                                                                                                                    <ColumnReference Database="[servicetrax_dev]" Schema="[dbo]" Table="[SERVICE_LINES]" Alias="[sl]" Column="BILL_JOB_NO" />
                                                                                                                                                    <ColumnReference Database="[servicetrax_dev]" Schema="[dbo]" Table="[SERVICE_LINES]" Alias="[sl]" Column="STATUS_ID" />
                                                                                                                                                    <ColumnReference Database="[servicetrax_dev]" Schema="[dbo]" Table="[SERVICE_LINES]" Alias="[sl]" Column="BILL_JOB_ID" />
                                                                                                                                                    <ColumnReference Database="[servicetrax_dev]" Schema="[dbo]" Table="[SERVICE_LINES]" Alias="[sl]" Column="BILL_SERVICE_ID" />
                                                                                                                                                    <ColumnReference Database="[servicetrax_dev]" Schema="[dbo]" Table="[SERVICE_LINES]" Alias="[sl]" Column="INVOICE_ID" />
                                                                                                                                                    <ColumnReference Database="[servicetrax_dev]" Schema="[dbo]" Table="[SERVICE_LINES]" Alias="[sl]" Column="INTERNAL_REQ_FLAG" />
                                                                                                                                                    <ColumnReference Column="Expr1058" />
                                                                                                                                                    <ColumnReference Column="Expr1059" />
                                                                                                                                                  </OutputList>
                                                                                                                                                  <ComputeScalar>
                                                                                                                                                    <DefinedValues>
                                                                                                                                                      <DefinedValue>
                                                                                                                                                        <ColumnReference Column="Expr1058" />
                                                                                                                                                        <ScalarOperator ScalarString="CASE WHEN [servicetrax_dev].[dbo].[SERVICE_LINES].[BILLABLE_FLAG] as [sl].[BILLABLE_FLAG]='Y' THEN [servicetrax_dev].[dbo].[SERVICE_LINES].[bill_total] as [sl].[bill_total] ELSE (0.00000) END">
                                                                                                                                                          <IF>
                                                                                                                                                            <Condition>
                                                                                                                                                              <ScalarOperator>
                                                                                                                                                                <Compare CompareOp="EQ">
                                                                                                                                                                  <ScalarOperator>
                                                                                                                                                                    <Identifier>
                                                                                                                                                                      <ColumnReference Database="[servicetrax_dev]" Schema="[dbo]" Table="[SERVICE_LINES]" Alias="[sl]" Column="BILLABLE_FLAG" />
                                                                                                                                                                    </Identifier>
                                                                                                                                                                  </ScalarOperator>
                                                                                                                                                                  <ScalarOperator>
                                                                                                                                                                    <Const ConstValue="'Y'" />
                                                                                                                                                                  </ScalarOperator>
                                                                                                                                                                </Compare>
                                                                                                                                                              </ScalarOperator>
                                                                                                                                                            </Condition>
                                                                                                                                                            <Then>
                                                                                                                                                              <ScalarOperator>
                                                                                                                                                                <Identifier>
                                                                                                                                                                  <ColumnReference Database="[servicetrax_dev]" Schema="[dbo]" Table="[SERVICE_LINES]" Alias="[sl]" Column="bill_total" ComputedColumn="true" />
                                                                                                                                                                </Identifier>
                                                                                                                                                              </ScalarOperator>
                                                                                                                                                            </Then>
                                                                                                                                                            <Else>
                                                                                                                                                              <ScalarOperator>
                                                                                                                                                                <Const ConstValue="(0.00000)" />
                                                                                                                                                              </ScalarOperator>
                                                                                                                                                            </Else>
                                                                                                                                                          </IF>
                                                                                                                                                        </ScalarOperator>
                                                                                                                                                      </DefinedValue>
                                                                                                                                                      <DefinedValue>
                                                                                                                                                        <ColumnReference Column="Expr1059" />
                                                                                                                                                        <ScalarOperator ScalarString="CASE WHEN [servicetrax_dev].[dbo].[SERVICE_LINES].[BILLABLE_FLAG] as [sl].[BILLABLE_FLAG]='N' THEN [servicetrax_dev].[dbo].[SERVICE_LINES].[bill_total] as [sl].[bill_total] ELSE (0.00000) END">
                                                                                                                                                          <IF>
                                                                                                                                                            <Condition>
                                                                                                                                                              <ScalarOperator>
                                                                                                                                                                <Compare CompareOp="EQ">
                                                                                                                                                                  <ScalarOperator>
                                                                                                                                                                    <Identifier>
                                                                                                                                                                      <ColumnReference Database="[servicetrax_dev]" Schema="[dbo]" Table="[SERVICE_LINES]" Alias="[sl]" Column="BILLABLE_FLAG" />
                                                                                                                                                                    </Identifier>
                                                                                                                                                                  </ScalarOperator>
                                                                                                                                                                  <ScalarOperator>
                                                                                                                                                                    <Const ConstValue="'N'" />
                                                                                                                                                                  </ScalarOperator>
                                                                                                                                                                </Compare>
                                                                                                                                                              </ScalarOperator>
                                                                                                                                                            </Condition>
                                                                                                                                                            <Then>
                                                                                                                                                              <ScalarOperator>
                                                                                                                                                                <Identifier>
                                                                                                                                                                  <ColumnReference Database="[servicetrax_dev]" Schema="[dbo]" Table="[SERVICE_LINES]" Alias="[sl]" Column="bill_total" ComputedColumn="true" />
                                                                                                                                                                </Identifier>
                                                                                                                                                              </ScalarOperator>
                                                                                                                                                            </Then>
                                                                                                                                                            <Else>
                                                                                                                                                              <ScalarOperator>
                                                                                                                                                                <Const ConstValue="(0.00000)" />
                                                                                                                                                              </ScalarOperator>
                                                                                                                                                            </Else>
                                                                                                                                                          </IF>
                                                                                                                                                        </ScalarOperator>
                                                                                                                                                      </DefinedValue>
                                                                                                                                                    </DefinedValues>
                                                                                                                                                    <RelOp AvgRowSize="86" EstimateCPU="0.0517325" EstimateIO="0" EstimateRebinds="0" EstimateRewinds="0" EstimateRows="1034650" LogicalOp="Compute Scalar" NodeId="101" Parallel="true" PhysicalOp="Compute Scalar" EstimatedTotalSubtreeCost="85.4833">
                                                                                                                                                      <OutputList>
                                                                                                                                                        <ColumnReference Database="[servicetrax_dev]" Schema="[dbo]" Table="[SERVICE_LINES]" Alias="[sl]" Column="ORGANIZATION_ID" />
                                                                                                                                                        <ColumnReference Database="[servicetrax_dev]" Schema="[dbo]" Table="[SERVICE_LINES]" Alias="[sl]" Column="BILL_JOB_NO" />
                                                                                                                                                        <ColumnReference Database="[servicetrax_dev]" Schema="[dbo]" Table="[SERVICE_LINES]" Alias="[sl]" Column="STATUS_ID" />
                                                                                                                                                        <ColumnReference Database="[servicetrax_dev]" Schema="[dbo]" Table="[SERVICE_LINES]" Alias="[sl]" Column="BILL_JOB_ID" />
                                                                                                                                                        <ColumnReference Database="[servicetrax_dev]" Schema="[dbo]" Table="[SERVICE_LINES]" Alias="[sl]" Column="BILL_SERVICE_ID" />
                                                                                                                                                        <ColumnReference Database="[servicetrax_dev]" Schema="[dbo]" Table="[SERVICE_LINES]" Alias="[sl]" Column="INVOICE_ID" />
                                                                                                                                                        <ColumnReference Database="[servicetrax_dev]" Schema="[dbo]" Table="[SERVICE_LINES]" Alias="[sl]" Column="BILLABLE_FLAG" />
                                                                                                                                                        <ColumnReference Database="[servicetrax_dev]" Schema="[dbo]" Table="[SERVICE_LINES]" Alias="[sl]" Column="INTERNAL_REQ_FLAG" />
                                                                                                                                                        <ColumnReference Database="[servicetrax_dev]" Schema="[dbo]" Table="[SERVICE_LINES]" Alias="[sl]" Column="bill_total" ComputedColumn="true" />
                                                                                                                                                      </OutputList>
                                                                                                                                                      <ComputeScalar>
                                                                                                                                                        <DefinedValues>
                                                                                                                                                          <DefinedValue>
                                                                                                                                                            <ColumnReference Database="[servicetrax_dev]" Schema="[dbo]" Table="[SERVICE_LINES]" Alias="[sl]" Column="bill_total" ComputedColumn="true" />
                                                                                                                                                            <ScalarOperator ScalarString="isnull([servicetrax_dev].[dbo].[SERVICE_LINES].[BILL_QTY] as [sl].[BILL_QTY]*[servicetrax_dev].[dbo].[SERVICE_LINES].[BILL_RATE] as [sl].[BILL_RATE],(0.00000))">
                                                                                                                                                              <Intrinsic FunctionName="isnull">
                                                                                                                                                                <ScalarOperator>
                                                                                                                                                                  <Arithmetic Operation="MULT">
                                                                                                                                                                    <ScalarOperator>
                                                                                                                                                                      <Identifier>
                                                                                                                                                                        <ColumnReference Database="[servicetrax_dev]" Schema="[dbo]" Table="[SERVICE_LINES]" Alias="[sl]" Column="BILL_QTY" />
                                                                                                                                                                      </Identifier>
                                                                                                                                                                    </ScalarOperator>
                                                                                                                                                                    <ScalarOperator>
                                                                                                                                                                      <Identifier>
                                                                                                                                                                        <ColumnReference Database="[servicetrax_dev]" Schema="[dbo]" Table="[SERVICE_LINES]" Alias="[sl]" Column="BILL_RATE" />
                                                                                                                                                                      </Identifier>
                                                                                                                                                                    </ScalarOperator>
                                                                                                                                                                  </Arithmetic>
                                                                                                                                                                </ScalarOperator>
                                                                                                                                                                <ScalarOperator>
                                                                                                                                                                  <Const ConstValue="(0.00000)" />
                                                                                                                                                                </ScalarOperator>
                                                                                                                                                              </Intrinsic>
                                                                                                                                                            </ScalarOperator>
                                                                                                                                                          </DefinedValue>
                                                                                                                                                        </DefinedValues>
                                                                                                                                                        <RelOp AvgRowSize="87" EstimateCPU="0.569135" EstimateIO="84.8624" EstimateRebinds="0" EstimateRewinds="0" EstimateRows="1034650" LogicalOp="Clustered Index Scan" NodeId="102" Parallel="true" PhysicalOp="Clustered Index Scan" EstimatedTotalSubtreeCost="85.4315">
                                                                                                                                                          <OutputList>
                                                                                                                                                            <ColumnReference Database="[servicetrax_dev]" Schema="[dbo]" Table="[SERVICE_LINES]" Alias="[sl]" Column="ORGANIZATION_ID" />
                                                                                                                                                            <ColumnReference Database="[servicetrax_dev]" Schema="[dbo]" Table="[SERVICE_LINES]" Alias="[sl]" Column="BILL_JOB_NO" />
                                                                                                                                                            <ColumnReference Database="[servicetrax_dev]" Schema="[dbo]" Table="[SERVICE_LINES]" Alias="[sl]" Column="STATUS_ID" />
                                                                                                                                                            <ColumnReference Database="[servicetrax_dev]" Schema="[dbo]" Table="[SERVICE_LINES]" Alias="[sl]" Column="BILL_JOB_ID" />
                                                                                                                                                            <ColumnReference Database="[servicetrax_dev]" Schema="[dbo]" Table="[SERVICE_LINES]" Alias="[sl]" Column="BILL_SERVICE_ID" />
                                                                                                                                                            <ColumnReference Database="[servicetrax_dev]" Schema="[dbo]" Table="[SERVICE_LINES]" Alias="[sl]" Column="INVOICE_ID" />
                                                                                                                                                            <ColumnReference Database="[servicetrax_dev]" Schema="[dbo]" Table="[SERVICE_LINES]" Alias="[sl]" Column="BILLABLE_FLAG" />
                                                                                                                                                            <ColumnReference Database="[servicetrax_dev]" Schema="[dbo]" Table="[SERVICE_LINES]" Alias="[sl]" Column="BILL_QTY" />
                                                                                                                                                            <ColumnReference Database="[servicetrax_dev]" Schema="[dbo]" Table="[SERVICE_LINES]" Alias="[sl]" Column="BILL_RATE" />
                                                                                                                                                            <ColumnReference Database="[servicetrax_dev]" Schema="[dbo]" Table="[SERVICE_LINES]" Alias="[sl]" Column="INTERNAL_REQ_FLAG" />
                                                                                                                                                          </OutputList>
                                                                                                                                                          <RunTimeInformation>
                                                                                                                                                            <RunTimeCountersPerThread Thread="1" ActualRows="281607" ActualEndOfScans="1" ActualExecutions="1" />
                                                                                                                                                            <RunTimeCountersPerThread Thread="4" ActualRows="237804" ActualEndOfScans="1" ActualExecutions="1" />
                                                                                                                                                            <RunTimeCountersPerThread Thread="2" ActualRows="225289" ActualEndOfScans="1" ActualExecutions="1" />
                                                                                                                                                            <RunTimeCountersPerThread Thread="3" ActualRows="289949" ActualEndOfScans="1" ActualExecutions="1" />
                                                                                                                                                            <RunTimeCountersPerThread Thread="0" ActualRows="0" ActualEndOfScans="0" ActualExecutions="0" />
                                                                                                                                                          </RunTimeInformation>
                                                                                                                                                          <IndexScan Ordered="false" ForcedIndex="false" NoExpandHint="false">
                                                                                                                                                            <DefinedValues>
                                                                                                                                                              <DefinedValue>
                                                                                                                                                                <ColumnReference Database="[servicetrax_dev]" Schema="[dbo]" Table="[SERVICE_LINES]" Alias="[sl]" Column="ORGANIZATION_ID" />
                                                                                                                                                              </DefinedValue>
                                                                                                                                                              <DefinedValue>
                                                                                                                                                                <ColumnReference Database="[servicetrax_dev]" Schema="[dbo]" Table="[SERVICE_LINES]" Alias="[sl]" Column="BILL_JOB_NO" />
                                                                                                                                                              </DefinedValue>
                                                                                                                                                              <DefinedValue>
                                                                                                                                                                <ColumnReference Database="[servicetrax_dev]" Schema="[dbo]" Table="[SERVICE_LINES]" Alias="[sl]" Column="STATUS_ID" />
                                                                                                                                                              </DefinedValue>
                                                                                                                                                              <DefinedValue>
                                                                                                                                                                <ColumnReference Database="[servicetrax_dev]" Schema="[dbo]" Table="[SERVICE_LINES]" Alias="[sl]" Column="BILL_JOB_ID" />
                                                                                                                                                              </DefinedValue>
                                                                                                                                                              <DefinedValue>
                                                                                                                                                                <ColumnReference Database="[servicetrax_dev]" Schema="[dbo]" Table="[SERVICE_LINES]" Alias="[sl]" Column="BILL_SERVICE_ID" />
                                                                                                                                                              </DefinedValue>
                                                                                                                                                              <DefinedValue>
                                                                                                                                                                <ColumnReference Database="[servicetrax_dev]" Schema="[dbo]" Table="[SERVICE_LINES]" Alias="[sl]" Column="INVOICE_ID" />
                                                                                                                                                              </DefinedValue>
                                                                                                                                                              <DefinedValue>
                                                                                                                                                                <ColumnReference Database="[servicetrax_dev]" Schema="[dbo]" Table="[SERVICE_LINES]" Alias="[sl]" Column="BILLABLE_FLAG" />
                                                                                                                                                              </DefinedValue>
                                                                                                                                                              <DefinedValue>
                                                                                                                                                                <ColumnReference Database="[servicetrax_dev]" Schema="[dbo]" Table="[SERVICE_LINES]" Alias="[sl]" Column="BILL_QTY" />
                                                                                                                                                              </DefinedValue>
                                                                                                                                                              <DefinedValue>
                                                                                                                                                                <ColumnReference Database="[servicetrax_dev]" Schema="[dbo]" Table="[SERVICE_LINES]" Alias="[sl]" Column="BILL_RATE" />
                                                                                                                                                              </DefinedValue>
                                                                                                                                                              <DefinedValue>
                                                                                                                                                                <ColumnReference Database="[servicetrax_dev]" Schema="[dbo]" Table="[SERVICE_LINES]" Alias="[sl]" Column="INTERNAL_REQ_FLAG" />
                                                                                                                                                              </DefinedValue>
                                                                                                                                                            </DefinedValues>
                                                                                                                                                            <Object Database="[servicetrax_dev]" Schema="[dbo]" Table="[SERVICE_LINES]" Index="[PK_SERVICE_LINES]" Alias="[sl]" />
                                                                                                                                                          </IndexScan>
                                                                                                                                                        </RelOp>
                                                                                                                                                      </ComputeScalar>
                                                                                                                                                    </RelOp>
                                                                                                                                                  </ComputeScalar>
                                                                                                                                                </RelOp>
                                                                                                                                                <Predicate>
                                                                                                                                                  <ScalarOperator ScalarString="[servicetrax_dev].[dbo].[SERVICE_LINES].[ORGANIZATION_ID] as [sl].[ORGANIZATION_ID]=(2.) AND [servicetrax_dev].[dbo].[SERVICE_LINES].[STATUS_ID] as [sl].[STATUS_ID]=(4.) AND [servicetrax_dev].[dbo].[SERVICE_LINES].[INTERNAL_REQ_FLAG] as [sl].[INTERNAL_REQ_FLAG]='N'">
                                                                                                                                                    <Logical Operation="AND">
                                                                                                                                                      <ScalarOperator>
                                                                                                                                                        <Compare CompareOp="EQ">
                                                                                                                                                          <ScalarOperator>
                                                                                                                                                            <Identifier>
                                                                                                                                                              <ColumnReference Database="[servicetrax_dev]" Schema="[dbo]" Table="[SERVICE_LINES]" Alias="[sl]" Column="ORGANIZATION_ID" />
                                                                                                                                                            </Identifier>
                                                                                                                                                          </ScalarOperator>
                                                                                                                                                          <ScalarOperator>
                                                                                                                                                            <Const ConstValue="(2.)" />
                                                                                                                                                          </ScalarOperator>
                                                                                                                                                        </Compare>
                                                                                                                                                      </ScalarOperator>
                                                                                                                                                      <ScalarOperator>
                                                                                                                                                        <Compare CompareOp="EQ">
                                                                                                                                                          <ScalarOperator>
                                                                                                                                                            <Identifier>
                                                                                                                                                              <ColumnReference Database="[servicetrax_dev]" Schema="[dbo]" Table="[SERVICE_LINES]" Alias="[sl]" Column="STATUS_ID" />
                                                                                                                                                            </Identifier>
                                                                                                                                                          </ScalarOperator>
                                                                                                                                                          <ScalarOperator>
                                                                                                                                                            <Const ConstValue="(4.)" />
                                                                                                                                                          </ScalarOperator>
                                                                                                                                                        </Compare>
                                                                                                                                                      </ScalarOperator>
                                                                                                                                                      <ScalarOperator>
                                                                                                                                                        <Compare CompareOp="EQ">
                                                                                                                                                          <ScalarOperator>
                                                                                                                                                            <Identifier>
                                                                                                                                                              <ColumnReference Database="[servicetrax_dev]" Schema="[dbo]" Table="[SERVICE_LINES]" Alias="[sl]" Column="INTERNAL_REQ_FLAG" />
                                                                                                                                                            </Identifier>
                                                                                                                                                          </ScalarOperator>
                                                                                                                                                          <ScalarOperator>
                                                                                                                                                            <Const ConstValue="'N'" />
                                                                                                                                                          </ScalarOperator>
                                                                                                                                                        </Compare>
                                                                                                                                                      </ScalarOperator>
                                                                                                                                                    </Logical>
                                                                                                                                                  </ScalarOperator>
                                                                                                                                                </Predicate>
                                                                                                                                              </Filter>
                                                                                                                                            </RelOp>
                                                                                                                                          </Parallelism>
                                                                                                                                        </RelOp>
                                                                                                                                      </Bitmap>
                                                                                                                                    </RelOp>
                                                                                                                                    <RelOp AvgRowSize="80" EstimateCPU="0.416914" EstimateIO="0" EstimateRebinds="0" EstimateRewinds="0" EstimateRows="75400" LogicalOp="Repartition Streams" NodeId="112" Parallel="true" PhysicalOp="Parallelism" EstimatedTotalSubtreeCost="1.73418">
                                                                                                                                      <OutputList>
                                                                                                                                        <ColumnReference Database="[servicetrax_dev]" Schema="[dbo]" Table="[JOBS]" Alias="[j]" Column="JOB_ID" />
                                                                                                                                        <ColumnReference Database="[servicetrax_dev]" Schema="[dbo]" Table="[JOBS]" Alias="[j]" Column="PROJECT_ID" />
                                                                                                                                        <ColumnReference Database="[servicetrax_dev]" Schema="[dbo]" Table="[JOBS]" Alias="[j]" Column="JOB_NAME" />
                                                                                                                                        <ColumnReference Database="[servicetrax_dev]" Schema="[dbo]" Table="[JOBS]" Alias="[j]" Column="JOB_STATUS_TYPE_ID" />
                                                                                                                                        <ColumnReference Database="[servicetrax_dev]" Schema="[dbo]" Table="[JOBS]" Alias="[j]" Column="CUSTOMER_ID" />
                                                                                                                                        <ColumnReference Database="[servicetrax_dev]" Schema="[dbo]" Table="[JOBS]" Alias="[j]" Column="BILLING_USER_ID" />
                                                                                                                                        <ColumnReference Database="[servicetrax_dev]" Schema="[dbo]" Table="[JOBS]" Alias="[j]" Column="end_user_id" />
                                                                                                                                      </OutputList>
                                                                                                                                      <RunTimeInformation>
                                                                                                                                        <RunTimeCountersPerThread Thread="3" ActualRows="279" ActualEndOfScans="1" ActualExecutions="1" />
                                                                                                                                        <RunTimeCountersPerThread Thread="4" ActualRows="327" ActualEndOfScans="1" ActualExecutions="1" />
                                                                                                                                        <RunTimeCountersPerThread Thread="1" ActualRows="270" ActualEndOfScans="1" ActualExecutions="1" />
                                                                                                                                        <RunTimeCountersPerThread Thread="2" ActualRows="299" ActualEndOfScans="1" ActualExecutions="1" />
                                                                                                                                        <RunTimeCountersPerThread Thread="0" ActualRows="0" ActualEndOfScans="0" ActualExecutions="0" />
                                                                                                                                      </RunTimeInformation>
                                                                                                                                      <Parallelism PartitioningType="Hash">
                                                                                                                                        <PartitionColumns>
                                                                                                                                          <ColumnReference Database="[servicetrax_dev]" Schema="[dbo]" Table="[JOBS]" Alias="[j]" Column="JOB_ID" />
                                                                                                                                        </PartitionColumns>
                                                                                                                                        <ProbeColumn>
                                                                                                                                          <ColumnReference Column="Bitmap1083" />
                                                                                                                                        </ProbeColumn>
                                                                                                                                        <RelOp AvgRowSize="80" EstimateCPU="0.0415485" EstimateIO="1.27572" EstimateRebinds="0" EstimateRewinds="0" EstimateRows="75400" LogicalOp="Clustered Index Scan" NodeId="113" Parallel="true" PhysicalOp="Clustered Index Scan" EstimatedTotalSubtreeCost="1.31727">
                                                                                                                                          <OutputList>
                                                                                                                                            <ColumnReference Database="[servicetrax_dev]" Schema="[dbo]" Table="[JOBS]" Alias="[j]" Column="JOB_ID" />
                                                                                                                                            <ColumnReference Database="[servicetrax_dev]" Schema="[dbo]" Table="[JOBS]" Alias="[j]" Column="PROJECT_ID" />
                                                                                                                                            <ColumnReference Database="[servicetrax_dev]" Schema="[dbo]" Table="[JOBS]" Alias="[j]" Column="JOB_NAME" />
                                                                                                                                            <ColumnReference Database="[servicetrax_dev]" Schema="[dbo]" Table="[JOBS]" Alias="[j]" Column="JOB_STATUS_TYPE_ID" />
                                                                                                                                            <ColumnReference Database="[servicetrax_dev]" Schema="[dbo]" Table="[JOBS]" Alias="[j]" Column="CUSTOMER_ID" />
                                                                                                                                            <ColumnReference Database="[servicetrax_dev]" Schema="[dbo]" Table="[JOBS]" Alias="[j]" Column="BILLING_USER_ID" />
                                                                                                                                            <ColumnReference Database="[servicetrax_dev]" Schema="[dbo]" Table="[JOBS]" Alias="[j]" Column="end_user_id" />
                                                                                                                                          </OutputList>
                                                                                                                                          <RunTimeInformation>
                                                                                                                                            <RunTimeCountersPerThread Thread="4" ActualRows="18255" ActualEndOfScans="1" ActualExecutions="1" />
                                                                                                                                            <RunTimeCountersPerThread Thread="2" ActualRows="18221" ActualEndOfScans="1" ActualExecutions="1" />
                                                                                                                                            <RunTimeCountersPerThread Thread="3" ActualRows="20815" ActualEndOfScans="1" ActualExecutions="1" />
                                                                                                                                            <RunTimeCountersPerThread Thread="1" ActualRows="18109" ActualEndOfScans="1" ActualExecutions="1" />
                                                                                                                                            <RunTimeCountersPerThread Thread="0" ActualRows="0" ActualEndOfScans="0" ActualExecutions="0" />
                                                                                                                                          </RunTimeInformation>
                                                                                                                                          <IndexScan Ordered="false" ForcedIndex="false" NoExpandHint="false">
                                                                                                                                            <DefinedValues>
                                                                                                                                              <DefinedValue>
                                                                                                                                                <ColumnReference Database="[servicetrax_dev]" Schema="[dbo]" Table="[JOBS]" Alias="[j]" Column="JOB_ID" />
                                                                                                                                              </DefinedValue>
                                                                                                                                              <DefinedValue>
                                                                                                                                                <ColumnReference Database="[servicetrax_dev]" Schema="[dbo]" Table="[JOBS]" Alias="[j]" Column="PROJECT_ID" />
                                                                                                                                              </DefinedValue>
                                                                                                                                              <DefinedValue>
                                                                                                                                                <ColumnReference Database="[servicetrax_dev]" Schema="[dbo]" Table="[JOBS]" Alias="[j]" Column="JOB_NAME" />
                                                                                                                                              </DefinedValue>
                                                                                                                                              <DefinedValue>
                                                                                                                                                <ColumnReference Database="[servicetrax_dev]" Schema="[dbo]" Table="[JOBS]" Alias="[j]" Column="JOB_STATUS_TYPE_ID" />
                                                                                                                                              </DefinedValue>
                                                                                                                                              <DefinedValue>
                                                                                                                                                <ColumnReference Database="[servicetrax_dev]" Schema="[dbo]" Table="[JOBS]" Alias="[j]" Column="CUSTOMER_ID" />
                                                                                                                                              </DefinedValue>
                                                                                                                                              <DefinedValue>
                                                                                                                                                <ColumnReference Database="[servicetrax_dev]" Schema="[dbo]" Table="[JOBS]" Alias="[j]" Column="BILLING_USER_ID" />
                                                                                                                                              </DefinedValue>
                                                                                                                                              <DefinedValue>
                                                                                                                                                <ColumnReference Database="[servicetrax_dev]" Schema="[dbo]" Table="[JOBS]" Alias="[j]" Column="end_user_id" />
                                                                                                                                              </DefinedValue>
                                                                                                                                            </DefinedValues>
                                                                                                                                            <Object Database="[servicetrax_dev]" Schema="[dbo]" Table="[JOBS]" Index="[PK_JOBS]" Alias="[j]" />
                                                                                                                                          </IndexScan>
                                                                                                                                        </RelOp>
                                                                                                                                      </Parallelism>
                                                                                                                                    </RelOp>
                                                                                                                                  </Hash>
                                                                                                                                </RelOp>
                                                                                                                              </Parallelism>
                                                                                                                            </RelOp>
                                                                                                                          </Hash>
                                                                                                                        </RelOp>
                                                                                                                      </Parallelism>
                                                                                                                    </RelOp>
                                                                                                                  </Hash>
                                                                                                                </RelOp>
                                                                                                                <RelOp AvgRowSize="16" EstimateCPU="0.0001581" EstimateIO="0.003125" EstimateRebinds="19745.2" EstimateRewinds="15.4628" EstimateRows="1" LogicalOp="Index Seek" NodeId="117" Parallel="true" PhysicalOp="Index Seek" EstimatedTotalSubtreeCost="5.05923">
                                                                                                                  <OutputList>
                                                                                                                    <ColumnReference Database="[servicetrax_dev]" Schema="[dbo]" Table="[SERVICES]" Alias="[s]" Column="SERVICE_ID" />
                                                                                                                  </OutputList>
                                                                                                                  <RunTimeInformation>
                                                                                                                    <RunTimeCountersPerThread Thread="2" ActualRows="148" ActualEndOfScans="1" ActualExecutions="149" />
                                                                                                                    <RunTimeCountersPerThread Thread="3" ActualRows="12828" ActualEndOfScans="0" ActualExecutions="12828" />
                                                                                                                    <RunTimeCountersPerThread Thread="4" ActualRows="0" ActualEndOfScans="0" ActualExecutions="0" />
                                                                                                                    <RunTimeCountersPerThread Thread="1" ActualRows="15797" ActualEndOfScans="0" ActualExecutions="15797" />
                                                                                                                    <RunTimeCountersPerThread Thread="0" ActualRows="0" ActualEndOfScans="0" ActualExecutions="0" />
                                                                                                                  </RunTimeInformation>
                                                                                                                  <IndexScan Ordered="true" ScanDirection="FORWARD" ForcedIndex="false" NoExpandHint="false">
                                                                                                                    <DefinedValues>
                                                                                                                      <DefinedValue>
                                                                                                                        <ColumnReference Database="[servicetrax_dev]" Schema="[dbo]" Table="[SERVICES]" Alias="[s]" Column="SERVICE_ID" />
                                                                                                                      </DefinedValue>
                                                                                                                    </DefinedValues>
                                                                                                                    <Object Database="[servicetrax_dev]" Schema="[dbo]" Table="[SERVICES]" Index="[IX_SERVICES1]" Alias="[s]" />
                                                                                                                    <SeekPredicates>
                                                                                                                      <SeekPredicate>
                                                                                                                        <Prefix ScanType="EQ">
                                                                                                                          <RangeColumns>
                                                                                                                            <ColumnReference Database="[servicetrax_dev]" Schema="[dbo]" Table="[SERVICES]" Alias="[s]" Column="SERVICE_ID" />
                                                                                                                          </RangeColumns>
                                                                                                                          <RangeExpressions>
                                                                                                                            <ScalarOperator ScalarString="[servicetrax_dev].[dbo].[SERVICE_LINES].[BILL_SERVICE_ID] as [sl].[BILL_SERVICE_ID]">
                                                                                                                              <Identifier>
                                                                                                                                <ColumnReference Database="[servicetrax_dev]" Schema="[dbo]" Table="[SERVICE_LINES]" Alias="[sl]" Column="BILL_SERVICE_ID" />
                                                                                                                              </Identifier>
                                                                                                                            </ScalarOperator>
                                                                                                                          </RangeExpressions>
                                                                                                                        </Prefix>
                                                                                                                      </SeekPredicate>
                                                                                                                    </SeekPredicates>
                                                                                                                  </IndexScan>
                                                                                                                </RelOp>
                                                                                                              </NestedLoops>
                                                                                                            </RelOp>
                                                                                                            <RelOp AvgRowSize="15" EstimateCPU="0.0001581" EstimateIO="0.003125" EstimateRebinds="0" EstimateRewinds="19319.7" EstimateRows="1" LogicalOp="Clustered Index Seek" NodeId="119" Parallel="true" PhysicalOp="Clustered Index Seek" EstimatedTotalSubtreeCost="3.05773">
                                                                                                              <OutputList>
                                                                                                                <ColumnReference Database="[servicetrax_dev]" Schema="[dbo]" Table="[SERVICES]" Alias="[s]" Column="EST_END_DATE" />
                                                                                                              </OutputList>
                                                                                                              <RunTimeInformation>
                                                                                                                <RunTimeCountersPerThread Thread="2" ActualRows="148" ActualEndOfScans="0" ActualExecutions="148" />
                                                                                                                <RunTimeCountersPerThread Thread="3" ActualRows="12828" ActualEndOfScans="0" ActualExecutions="12828" />
                                                                                                                <RunTimeCountersPerThread Thread="4" ActualRows="0" ActualEndOfScans="0" ActualExecutions="0" />
                                                                                                                <RunTimeCountersPerThread Thread="1" ActualRows="15797" ActualEndOfScans="0" ActualExecutions="15797" />
                                                                                                                <RunTimeCountersPerThread Thread="0" ActualRows="0" ActualEndOfScans="0" ActualExecutions="0" />
                                                                                                              </RunTimeInformation>
                                                                                                              <IndexScan Lookup="true" Ordered="true" ScanDirection="FORWARD" ForcedIndex="false" NoExpandHint="false">
                                                                                                                <DefinedValues>
                                                                                                                  <DefinedValue>
                                                                                                                    <ColumnReference Database="[servicetrax_dev]" Schema="[dbo]" Table="[SERVICES]" Alias="[s]" Column="EST_END_DATE" />
                                                                                                                  </DefinedValue>
                                                                                                                </DefinedValues>
                                                                                                                <Object Database="[servicetrax_dev]" Schema="[dbo]" Table="[SERVICES]" Index="[PK_SERVICES]" Alias="[s]" TableReferenceId="-1" />
                                                                                                                <SeekPredicates>
                                                                                                                  <SeekPredicate>
                                                                                                                    <Prefix ScanType="EQ">
                                                                                                                      <RangeColumns>
                                                                                                                        <ColumnReference Database="[servicetrax_dev]" Schema="[dbo]" Table="[SERVICES]" Alias="[s]" Column="SERVICE_ID" />
                                                                                                                      </RangeColumns>
                                                                                                                      <RangeExpressions>
                                                                                                                        <ScalarOperator ScalarString="[servicetrax_dev].[dbo].[SERVICES].[SERVICE_ID] as [s].[SERVICE_ID]">
                                                                                                                          <Identifier>
                                                                                                                            <ColumnReference Database="[servicetrax_dev]" Schema="[dbo]" Table="[SERVICES]" Alias="[s]" Column="SERVICE_ID" />
                                                                                                                          </Identifier>
                                                                                                                        </ScalarOperator>
                                                                                                                      </RangeExpressions>
                                                                                                                    </Prefix>
                                                                                                                  </SeekPredicate>
                                                                                                                </SeekPredicates>
                                                                                                              </IndexScan>
                                                                                                            </RelOp>
                                                                                                          </NestedLoops>
                                                                                                        </RelOp>
                                                                                                      </Parallelism>
                                                                                                    </RelOp>
                                                                                                  </Hash>
                                                                                                </RelOp>
                                                                                              </Parallelism>
                                                                                            </RelOp>
                                                                                          </Hash>
                                                                                        </RelOp>
                                                                                      </Parallelism>
                                                                                    </RelOp>
                                                                                  </Hash>
                                                                                </RelOp>
                                                                              </Parallelism>
                                                                            </RelOp>
                                                                            <Predicate>
                                                                              <ScalarOperator ScalarString="[servicetrax_dev].[dbo].[INVOICES].[STATUS_ID] as [i].[STATUS_ID] IS NULL OR [servicetrax_dev].[dbo].[INVOICES].[STATUS_ID] as [i].[STATUS_ID]=(1.)">
                                                                                <Logical Operation="OR">
                                                                                  <ScalarOperator>
                                                                                    <Compare CompareOp="IS">
                                                                                      <ScalarOperator>
                                                                                        <Identifier>
                                                                                          <ColumnReference Database="[servicetrax_dev]" Schema="[dbo]" Table="[INVOICES]" Alias="[i]" Column="STATUS_ID" />
                                                                                        </Identifier>
                                                                                      </ScalarOperator>
                                                                                      <ScalarOperator>
                                                                                        <Const ConstValue="NULL" />
                                                                                      </ScalarOperator>
                                                                                    </Compare>
                                                                                  </ScalarOperator>
                                                                                  <ScalarOperator>
                                                                                    <Compare CompareOp="EQ">
                                                                                      <ScalarOperator>
                                                                                        <Identifier>
                                                                                          <ColumnReference Database="[servicetrax_dev]" Schema="[dbo]" Table="[INVOICES]" Alias="[i]" Column="STATUS_ID" />
                                                                                        </Identifier>
                                                                                      </ScalarOperator>
                                                                                      <ScalarOperator>
                                                                                        <Const ConstValue="(1.)" />
                                                                                      </ScalarOperator>
                                                                                    </Compare>
                                                                                  </ScalarOperator>
                                                                                </Logical>
                                                                              </ScalarOperator>
                                                                            </Predicate>
                                                                          </Filter>
                                                                        </RelOp>
                                                                      </Hash>
                                                                    </RelOp>
                                                                  </Parallelism>
                                                                </RelOp>
                                                              </Hash>
                                                            </RelOp>
                                                          </ComputeScalar>
                                                        </RelOp>
                                                      </Parallelism>
                                                    </RelOp>
                                                  </Sort>
                                                </RelOp>
                                              </StreamAggregate>
                                            </RelOp>
                                          </Parallelism>
                                        </RelOp>
                                      </ComputeScalar>
                                    </RelOp>
                                  </Hash>
                                </RelOp>
                              </Hash>
                            </RelOp>
                          </Hash>
                        </RelOp>
                      </Sort>
                    </RelOp>
                  </Parallelism>
                </RelOp>
              </ComputeScalar>
            </RelOp>
          </QueryPlan>
        </StmtSimple>
      </Statements>
    </Batch>
  </BatchSequence>
</ShowPlanXML>