<?xml version="1.0" encoding="utf-16"?>
<ShowPlanXML xmlns:xsi="http://www.w3.org/2001/XMLSchema-instance" xmlns:xsd="http://www.w3.org/2001/XMLSchema" Version="1.0" Build="9.00.3054.00" xmlns="http://schemas.microsoft.com/sqlserver/2004/07/showplan">
  <BatchSequence>
    <Batch>
      <Statements>
        <StmtSimple StatementCompId="1" StatementEstRows="2922.57" StatementId="1" StatementOptmLevel="FULL" StatementOptmEarlyAbortReason="TimeOut" StatementSubTreeCost="20.8051" StatementText="SELECT sum(custom_line_total) custom_tot,&#xD;&#xA;	              sum(bill_hourly_total) bill_hourly_total,&#xD;&#xA;	              sum(bill_exp_total) bill_exp_total,&#xD;&#xA;	              sum(bill_total + custom_line_total) total_total,&#xD;&#xA;	              job_id,&#xD;&#xA;	              invoice_id_trk,&#xD;&#xA;				  invoice_id,&#xD;&#xA;				  invoice_description,&#xD;&#xA;				  invoice_type_name,&#xD;&#xA;				  invoice_status_id,&#xD;&#xA;				  customer_name,&#xD;&#xA;				  end_user_name,&#xD;&#xA;				  billing_user_name,&#xD;&#xA;				  job_no&#xD;&#xA;	         FROM invoice_pre_total_v&#xD;&#xA;	        WHERE (billing_user_id =  2250  OR 'true' =  'true' )&#xD;&#xA;	          AND invoice_status_id =  1 &#xD;&#xA;	          AND organization_id =  2 &#xD;&#xA;	     GROUP BY invoice_id,&#xD;&#xA;	              invoice_id_trk,&#xD;&#xA;	              invoice_description,&#xD;&#xA;	              invoice_type_name,&#xD;&#xA;	              invoice_status_id,&#xD;&#xA;	              customer_name,&#xD;&#xA;	              end_user_name,&#xD;&#xA;	              job_id,&#xD;&#xA;	              billing_user_name,&#xD;&#xA;	              job_no&#xD;&#xA;	     ORDER BY invoice_id" StatementType="SELECT">
          <StatementSetOptions ANSI_NULLS="false" ANSI_PADDING="false" ANSI_WARNINGS="false" ARITHABORT="true" CONCAT_NULL_YIELDS_NULL="false" NUMERIC_ROUNDABORT="false" QUOTED_IDENTIFIER="false" />
          <QueryPlan DegreeOfParallelism="1" MemoryGrant="868" CachedPlanSize="628" CompileTime="1181" CompileCPU="1136" CompileMemory="20760">
            <MissingIndexes>
              <MissingIndexGroup Impact="86.674">
                <MissingIndex Database="[servicetrax_dev]" Schema="[dbo]" Table="[SERVICE_LINES]">
                  <ColumnGroup Usage="EQUALITY">
                    <Column Name="[INVOICE_ID]" ColumnId="29" />
                    <Column Name="[INTERNAL_REQ_FLAG]" ColumnId="58" />
                  </ColumnGroup>
                  <ColumnGroup Usage="INEQUALITY">
                    <Column Name="[STATUS_ID]" ColumnId="14" />
                  </ColumnGroup>
                  <ColumnGroup Usage="INCLUDE">
                    <Column Name="[bill_total]" ColumnId="85" />
                    <Column Name="[bill_hourly_total]" ColumnId="86" />
                    <Column Name="[bill_exp_total]" ColumnId="87" />
                  </ColumnGroup>
                </MissingIndex>
              </MissingIndexGroup>
            </MissingIndexes>
            <RelOp AvgRowSize="705" EstimateCPU="0.00321483" EstimateIO="0" EstimateRebinds="0" EstimateRewinds="0" EstimateRows="2922.57" LogicalOp="Compute Scalar" NodeId="0" Parallel="false" PhysicalOp="Compute Scalar" EstimatedTotalSubtreeCost="20.8051">
              <OutputList>
                <ColumnReference Column="Union1258" />
                <ColumnReference Column="Union1259" />
                <ColumnReference Column="Union1261" />
                <ColumnReference Column="Union1262" />
                <ColumnReference Column="Union1263" />
                <ColumnReference Column="Union1264" />
                <ColumnReference Column="Union1267" />
                <ColumnReference Column="Union1276" />
                <ColumnReference Column="Union1282" />
                <ColumnReference Column="Union1283" />
                <ColumnReference Column="Expr1287" />
                <ColumnReference Column="Expr1288" />
                <ColumnReference Column="Expr1289" />
                <ColumnReference Column="Expr1290" />
              </OutputList>
              <ComputeScalar>
                <DefinedValues>
                  <DefinedValue>
                    <ColumnReference Column="Expr1287" />
                    <ScalarOperator ScalarString="CASE WHEN [Expr1336]=(0) THEN NULL ELSE [Expr1337] END">
                      <IF>
                        <Condition>
                          <ScalarOperator>
                            <Compare CompareOp="EQ">
                              <ScalarOperator>
                                <Identifier>
                                  <ColumnReference Column="Expr1336" />
                                </Identifier>
                              </ScalarOperator>
                              <ScalarOperator>
                                <Const ConstValue="(0)" />
                              </ScalarOperator>
                            </Compare>
                          </ScalarOperator>
                        </Condition>
                        <Then>
                          <ScalarOperator>
                            <Const ConstValue="NULL" />
                          </ScalarOperator>
                        </Then>
                        <Else>
                          <ScalarOperator>
                            <Identifier>
                              <ColumnReference Column="Expr1337" />
                            </Identifier>
                          </ScalarOperator>
                        </Else>
                      </IF>
                    </ScalarOperator>
                  </DefinedValue>
                  <DefinedValue>
                    <ColumnReference Column="Expr1290" />
                    <ScalarOperator ScalarString="CASE WHEN [Expr1338]=(0) THEN NULL ELSE [Expr1339] END">
                      <IF>
                        <Condition>
                          <ScalarOperator>
                            <Compare CompareOp="EQ">
                              <ScalarOperator>
                                <Identifier>
                                  <ColumnReference Column="Expr1338" />
                                </Identifier>
                              </ScalarOperator>
                              <ScalarOperator>
                                <Const ConstValue="(0)" />
                              </ScalarOperator>
                            </Compare>
                          </ScalarOperator>
                        </Condition>
                        <Then>
                          <ScalarOperator>
                            <Const ConstValue="NULL" />
                          </ScalarOperator>
                        </Then>
                        <Else>
                          <ScalarOperator>
                            <Identifier>
                              <ColumnReference Column="Expr1339" />
                            </Identifier>
                          </ScalarOperator>
                        </Else>
                      </IF>
                    </ScalarOperator>
                  </DefinedValue>
                </DefinedValues>
                <RelOp AvgRowSize="705" EstimateCPU="0.00321483" EstimateIO="0" EstimateRebinds="0" EstimateRewinds="0" EstimateRows="2922.57" LogicalOp="Aggregate" NodeId="1" Parallel="false" PhysicalOp="Stream Aggregate" EstimatedTotalSubtreeCost="20.8051">
                  <OutputList>
                    <ColumnReference Column="Union1258" />
                    <ColumnReference Column="Union1259" />
                    <ColumnReference Column="Union1261" />
                    <ColumnReference Column="Union1262" />
                    <ColumnReference Column="Union1263" />
                    <ColumnReference Column="Union1264" />
                    <ColumnReference Column="Union1267" />
                    <ColumnReference Column="Union1276" />
                    <ColumnReference Column="Union1282" />
                    <ColumnReference Column="Union1283" />
                    <ColumnReference Column="Expr1288" />
                    <ColumnReference Column="Expr1289" />
                    <ColumnReference Column="Expr1336" />
                    <ColumnReference Column="Expr1337" />
                    <ColumnReference Column="Expr1338" />
                    <ColumnReference Column="Expr1339" />
                  </OutputList>
                  <RunTimeInformation>
                    <RunTimeCountersPerThread Thread="0" ActualRows="29" ActualEndOfScans="1" ActualExecutions="1" />
                  </RunTimeInformation>
                  <StreamAggregate>
                    <DefinedValues>
                      <DefinedValue>
                        <ColumnReference Column="Expr1336" />
                        <ScalarOperator ScalarString="COUNT_BIG([Union1270])">
                          <Aggregate AggType="COUNT_BIG" Distinct="false">
                            <ScalarOperator>
                              <Identifier>
                                <ColumnReference Column="Union1270" />
                              </Identifier>
                            </ScalarOperator>
                          </Aggregate>
                        </ScalarOperator>
                      </DefinedValue>
                      <DefinedValue>
                        <ColumnReference Column="Expr1337" />
                        <ScalarOperator ScalarString="SUM([Union1270])">
                          <Aggregate AggType="SUM" Distinct="false">
                            <ScalarOperator>
                              <Identifier>
                                <ColumnReference Column="Union1270" />
                              </Identifier>
                            </ScalarOperator>
                          </Aggregate>
                        </ScalarOperator>
                      </DefinedValue>
                      <DefinedValue>
                        <ColumnReference Column="Expr1288" />
                        <ScalarOperator ScalarString="SUM([Union1271])">
                          <Aggregate AggType="SUM" Distinct="false">
                            <ScalarOperator>
                              <Identifier>
                                <ColumnReference Column="Union1271" />
                              </Identifier>
                            </ScalarOperator>
                          </Aggregate>
                        </ScalarOperator>
                      </DefinedValue>
                      <DefinedValue>
                        <ColumnReference Column="Expr1289" />
                        <ScalarOperator ScalarString="SUM([Union1272])">
                          <Aggregate AggType="SUM" Distinct="false">
                            <ScalarOperator>
                              <Identifier>
                                <ColumnReference Column="Union1272" />
                              </Identifier>
                            </ScalarOperator>
                          </Aggregate>
                        </ScalarOperator>
                      </DefinedValue>
                      <DefinedValue>
                        <ColumnReference Column="Expr1338" />
                        <ScalarOperator ScalarString="COUNT_BIG([Union1273]+[Union1270])">
                          <Aggregate AggType="COUNT_BIG" Distinct="false">
                            <ScalarOperator>
                              <Arithmetic Operation="ADD">
                                <ScalarOperator>
                                  <Identifier>
                                    <ColumnReference Column="Union1273" />
                                  </Identifier>
                                </ScalarOperator>
                                <ScalarOperator>
                                  <Identifier>
                                    <ColumnReference Column="Union1270" />
                                  </Identifier>
                                </ScalarOperator>
                              </Arithmetic>
                            </ScalarOperator>
                          </Aggregate>
                        </ScalarOperator>
                      </DefinedValue>
                      <DefinedValue>
                        <ColumnReference Column="Expr1339" />
                        <ScalarOperator ScalarString="SUM([Union1273]+[Union1270])">
                          <Aggregate AggType="SUM" Distinct="false">
                            <ScalarOperator>
                              <Arithmetic Operation="ADD">
                                <ScalarOperator>
                                  <Identifier>
                                    <ColumnReference Column="Union1273" />
                                  </Identifier>
                                </ScalarOperator>
                                <ScalarOperator>
                                  <Identifier>
                                    <ColumnReference Column="Union1270" />
                                  </Identifier>
                                </ScalarOperator>
                              </Arithmetic>
                            </ScalarOperator>
                          </Aggregate>
                        </ScalarOperator>
                      </DefinedValue>
                      <DefinedValue>
                        <ColumnReference Column="Union1264" />
                        <ScalarOperator ScalarString="ANY([Union1264])">
                          <Aggregate AggType="ANY" Distinct="false">
                            <ScalarOperator>
                              <Identifier>
                                <ColumnReference Column="Union1264" />
                              </Identifier>
                            </ScalarOperator>
                          </Aggregate>
                        </ScalarOperator>
                      </DefinedValue>
                    </DefinedValues>
                    <GroupBy>
                      <ColumnReference Column="Union1261" />
                      <ColumnReference Column="Union1262" />
                      <ColumnReference Column="Union1263" />
                      <ColumnReference Column="Union1267" />
                      <ColumnReference Column="Union1282" />
                      <ColumnReference Column="Union1283" />
                      <ColumnReference Column="Union1258" />
                      <ColumnReference Column="Union1276" />
                      <ColumnReference Column="Union1259" />
                    </GroupBy>
                    <RelOp AvgRowSize="705" EstimateCPU="0.052591" EstimateIO="0.0112613" EstimateRebinds="0" EstimateRewinds="0" EstimateRows="2922.57" LogicalOp="Sort" NodeId="2" Parallel="false" PhysicalOp="Sort" EstimatedTotalSubtreeCost="20.8019">
                      <OutputList>
                        <ColumnReference Column="Union1258" />
                        <ColumnReference Column="Union1259" />
                        <ColumnReference Column="Union1261" />
                        <ColumnReference Column="Union1262" />
                        <ColumnReference Column="Union1263" />
                        <ColumnReference Column="Union1264" />
                        <ColumnReference Column="Union1267" />
                        <ColumnReference Column="Union1270" />
                        <ColumnReference Column="Union1271" />
                        <ColumnReference Column="Union1272" />
                        <ColumnReference Column="Union1273" />
                        <ColumnReference Column="Union1276" />
                        <ColumnReference Column="Union1282" />
                        <ColumnReference Column="Union1283" />
                      </OutputList>
                      <MemoryFractions Input="0.974453" Output="1" />
                      <RunTimeInformation>
                        <RunTimeCountersPerThread Thread="0" ActualRebinds="1" ActualRewinds="0" ActualRows="304" ActualEndOfScans="1" ActualExecutions="1" />
                      </RunTimeInformation>
                      <Sort Distinct="false">
                        <OrderBy>
                          <OrderByColumn Ascending="true">
                            <ColumnReference Column="Union1261" />
                          </OrderByColumn>
                          <OrderByColumn Ascending="true">
                            <ColumnReference Column="Union1262" />
                          </OrderByColumn>
                          <OrderByColumn Ascending="true">
                            <ColumnReference Column="Union1263" />
                          </OrderByColumn>
                          <OrderByColumn Ascending="true">
                            <ColumnReference Column="Union1267" />
                          </OrderByColumn>
                          <OrderByColumn Ascending="true">
                            <ColumnReference Column="Union1282" />
                          </OrderByColumn>
                          <OrderByColumn Ascending="true">
                            <ColumnReference Column="Union1283" />
                          </OrderByColumn>
                          <OrderByColumn Ascending="true">
                            <ColumnReference Column="Union1258" />
                          </OrderByColumn>
                          <OrderByColumn Ascending="true">
                            <ColumnReference Column="Union1276" />
                          </OrderByColumn>
                          <OrderByColumn Ascending="true">
                            <ColumnReference Column="Union1259" />
                          </OrderByColumn>
                        </OrderBy>
                        <RelOp AvgRowSize="705" EstimateCPU="0.000292257" EstimateIO="0" EstimateRebinds="0" EstimateRewinds="0" EstimateRows="2922.57" LogicalOp="Concatenation" NodeId="3" Parallel="false" PhysicalOp="Concatenation" EstimatedTotalSubtreeCost="20.7381">
                          <OutputList>
                            <ColumnReference Column="Union1258" />
                            <ColumnReference Column="Union1259" />
                            <ColumnReference Column="Union1261" />
                            <ColumnReference Column="Union1262" />
                            <ColumnReference Column="Union1263" />
                            <ColumnReference Column="Union1264" />
                            <ColumnReference Column="Union1267" />
                            <ColumnReference Column="Union1270" />
                            <ColumnReference Column="Union1271" />
                            <ColumnReference Column="Union1272" />
                            <ColumnReference Column="Union1273" />
                            <ColumnReference Column="Union1276" />
                            <ColumnReference Column="Union1282" />
                            <ColumnReference Column="Union1283" />
                          </OutputList>
                          <RunTimeInformation>
                            <RunTimeCountersPerThread Thread="0" ActualRows="304" ActualEndOfScans="1" ActualExecutions="1" />
                          </RunTimeInformation>
                          <Concat>
                            <DefinedValues>
                              <DefinedValue>
                                <ColumnReference Column="Union1258" />
                                <ColumnReference Database="[servicetrax_dev]" Schema="[dbo]" Table="[INVOICES]" Column="JOB_ID" />
                                <ColumnReference Database="[servicetrax_dev]" Schema="[dbo]" Table="[INVOICES]" Column="JOB_ID" />
                              </DefinedValue>
                              <DefinedValue>
                                <ColumnReference Column="Union1259" />
                                <ColumnReference Database="[servicetrax_dev]" Schema="[dbo]" Table="[JOBS]" Alias="[j]" Column="JOB_NO" />
                                <ColumnReference Database="[servicetrax_dev]" Schema="[dbo]" Table="[JOBS]" Alias="[j]" Column="JOB_NO" />
                              </DefinedValue>
                              <DefinedValue>
                                <ColumnReference Column="Union1261" />
                                <ColumnReference Database="[servicetrax_dev]" Schema="[dbo]" Table="[INVOICES]" Column="INVOICE_ID" />
                                <ColumnReference Database="[servicetrax_dev]" Schema="[dbo]" Table="[INVOICES]" Column="INVOICE_ID" />
                              </DefinedValue>
                              <DefinedValue>
                                <ColumnReference Column="Union1262" />
                                <ColumnReference Column="Expr1027" />
                                <ColumnReference Column="Expr1248" />
                              </DefinedValue>
                              <DefinedValue>
                                <ColumnReference Column="Union1263" />
                                <ColumnReference Database="[servicetrax_dev]" Schema="[dbo]" Table="[INVOICES]" Column="DESCRIPTION" />
                                <ColumnReference Database="[servicetrax_dev]" Schema="[dbo]" Table="[INVOICES]" Column="DESCRIPTION" />
                              </DefinedValue>
                              <DefinedValue>
                                <ColumnReference Column="Union1264" />
                                <ColumnReference Database="[servicetrax_dev]" Schema="[dbo]" Table="[INVOICES]" Column="STATUS_ID" />
                                <ColumnReference Database="[servicetrax_dev]" Schema="[dbo]" Table="[INVOICES]" Column="STATUS_ID" />
                              </DefinedValue>
                              <DefinedValue>
                                <ColumnReference Column="Union1267" />
                                <ColumnReference Database="[servicetrax_dev]" Schema="[dbo]" Table="[LOOKUPS]" Alias="[INVOICE_TYPE]" Column="NAME" />
                                <ColumnReference Database="[servicetrax_dev]" Schema="[dbo]" Table="[LOOKUPS]" Alias="[INVOICE_TYPE]" Column="NAME" />
                              </DefinedValue>
                              <DefinedValue>
                                <ColumnReference Column="Union1270" />
                                <ColumnReference Column="Expr1137" />
                                <ColumnReference Column="Expr1253" />
                              </DefinedValue>
                              <DefinedValue>
                                <ColumnReference Column="Union1271" />
                                <ColumnReference Column="Expr1138" />
                                <ColumnReference Column="Expr1254" />
                              </DefinedValue>
                              <DefinedValue>
                                <ColumnReference Column="Union1272" />
                                <ColumnReference Column="Expr1139" />
                                <ColumnReference Column="Expr1255" />
                              </DefinedValue>
                              <DefinedValue>
                                <ColumnReference Column="Union1273" />
                                <ColumnReference Column="Expr1140" />
                                <ColumnReference Column="Expr1256" />
                              </DefinedValue>
                              <DefinedValue>
                                <ColumnReference Column="Union1276" />
                                <ColumnReference Column="Expr1059" />
                                <ColumnReference Column="Expr1169" />
                              </DefinedValue>
                              <DefinedValue>
                                <ColumnReference Column="Union1282" />
                                <ColumnReference Column="Expr1067" />
                                <ColumnReference Column="Expr1177" />
                              </DefinedValue>
                              <DefinedValue>
                                <ColumnReference Column="Union1283" />
                                <ColumnReference Column="Expr1069" />
                                <ColumnReference Column="Expr1179" />
                              </DefinedValue>
                            </DefinedValues>
                            <RelOp AvgRowSize="536" EstimateCPU="0.000284409" EstimateIO="0" EstimateRebinds="0" EstimateRewinds="0" EstimateRows="2844.09" LogicalOp="Compute Scalar" NodeId="4" Parallel="false" PhysicalOp="Compute Scalar" EstimatedTotalSubtreeCost="18.5475">
                              <OutputList>
                                <ColumnReference Database="[servicetrax_dev]" Schema="[dbo]" Table="[INVOICES]" Column="INVOICE_ID" />
                                <ColumnReference Database="[servicetrax_dev]" Schema="[dbo]" Table="[INVOICES]" Column="STATUS_ID" />
                                <ColumnReference Database="[servicetrax_dev]" Schema="[dbo]" Table="[INVOICES]" Column="JOB_ID" />
                                <ColumnReference Database="[servicetrax_dev]" Schema="[dbo]" Table="[INVOICES]" Column="DESCRIPTION" />
                                <ColumnReference Database="[servicetrax_dev]" Schema="[dbo]" Table="[LOOKUPS]" Alias="[INVOICE_TYPE]" Column="NAME" />
                                <ColumnReference Column="Expr1027" />
                                <ColumnReference Database="[servicetrax_dev]" Schema="[dbo]" Table="[JOBS]" Alias="[j]" Column="JOB_NO" />
                                <ColumnReference Column="Expr1059" />
                                <ColumnReference Column="Expr1067" />
                                <ColumnReference Column="Expr1069" />
                                <ColumnReference Column="Expr1137" />
                                <ColumnReference Column="Expr1138" />
                                <ColumnReference Column="Expr1139" />
                                <ColumnReference Column="Expr1140" />
                              </OutputList>
                              <ComputeScalar>
                                <DefinedValues>
                                  <DefinedValue>
                                    <ColumnReference Column="Expr1027" />
                                    <ScalarOperator ScalarString="[Expr1301]+[Expr1007]">
                                      <Arithmetic Operation="ADD">
                                        <ScalarOperator>
                                          <Identifier>
                                            <ColumnReference Column="Expr1301" />
                                          </Identifier>
                                        </ScalarOperator>
                                        <ScalarOperator>
                                          <Identifier>
                                            <ColumnReference Column="Expr1007" />
                                          </Identifier>
                                        </ScalarOperator>
                                      </Arithmetic>
                                    </ScalarOperator>
                                  </DefinedValue>
                                  <DefinedValue>
                                    <ColumnReference Column="Expr1137" />
                                    <ScalarOperator ScalarString="(0.0000)">
                                      <Const ConstValue="(0.0000)" />
                                    </ScalarOperator>
                                  </DefinedValue>
                                  <DefinedValue>
                                    <ColumnReference Column="Expr1138" />
                                    <ScalarOperator ScalarString="isnull([servicetrax_dev].[dbo].[SERVICE_LINES].[bill_hourly_total] as [sl].[bill_hourly_total],(0.00000))">
                                      <Intrinsic FunctionName="isnull">
                                        <ScalarOperator>
                                          <Identifier>
                                            <ColumnReference Database="[servicetrax_dev]" Schema="[dbo]" Table="[SERVICE_LINES]" Alias="[sl]" Column="bill_hourly_total" ComputedColumn="true" />
                                          </Identifier>
                                        </ScalarOperator>
                                        <ScalarOperator>
                                          <Const ConstValue="(0.00000)" />
                                        </ScalarOperator>
                                      </Intrinsic>
                                    </ScalarOperator>
                                  </DefinedValue>
                                  <DefinedValue>
                                    <ColumnReference Column="Expr1139" />
                                    <ScalarOperator ScalarString="isnull([servicetrax_dev].[dbo].[SERVICE_LINES].[bill_exp_total] as [sl].[bill_exp_total],(0.00000))">
                                      <Intrinsic FunctionName="isnull">
                                        <ScalarOperator>
                                          <Identifier>
                                            <ColumnReference Database="[servicetrax_dev]" Schema="[dbo]" Table="[SERVICE_LINES]" Alias="[sl]" Column="bill_exp_total" ComputedColumn="true" />
                                          </Identifier>
                                        </ScalarOperator>
                                        <ScalarOperator>
                                          <Const ConstValue="(0.00000)" />
                                        </ScalarOperator>
                                      </Intrinsic>
                                    </ScalarOperator>
                                  </DefinedValue>
                                  <DefinedValue>
                                    <ColumnReference Column="Expr1140" />
                                    <ScalarOperator ScalarString="isnull([servicetrax_dev].[dbo].[SERVICE_LINES].[bill_total] as [sl].[bill_total],(0.00000))">
                                      <Intrinsic FunctionName="isnull">
                                        <ScalarOperator>
                                          <Identifier>
                                            <ColumnReference Database="[servicetrax_dev]" Schema="[dbo]" Table="[SERVICE_LINES]" Alias="[sl]" Column="bill_total" ComputedColumn="true" />
                                          </Identifier>
                                        </ScalarOperator>
                                        <ScalarOperator>
                                          <Const ConstValue="(0.00000)" />
                                        </ScalarOperator>
                                      </Intrinsic>
                                    </ScalarOperator>
                                  </DefinedValue>
                                </DefinedValues>
                                <RelOp AvgRowSize="515" EstimateCPU="0.021261" EstimateIO="0" EstimateRebinds="0" EstimateRewinds="0" EstimateRows="2844.09" LogicalOp="Left Outer Join" NodeId="5" Parallel="false" PhysicalOp="Nested Loops" EstimatedTotalSubtreeCost="18.5472">
                                  <OutputList>
                                    <ColumnReference Column="Expr1007" />
                                    <ColumnReference Database="[servicetrax_dev]" Schema="[dbo]" Table="[INVOICES]" Column="INVOICE_ID" />
                                    <ColumnReference Database="[servicetrax_dev]" Schema="[dbo]" Table="[INVOICES]" Column="STATUS_ID" />
                                    <ColumnReference Database="[servicetrax_dev]" Schema="[dbo]" Table="[INVOICES]" Column="JOB_ID" />
                                    <ColumnReference Database="[servicetrax_dev]" Schema="[dbo]" Table="[INVOICES]" Column="DESCRIPTION" />
                                    <ColumnReference Database="[servicetrax_dev]" Schema="[dbo]" Table="[LOOKUPS]" Alias="[INVOICE_TYPE]" Column="NAME" />
                                    <ColumnReference Database="[servicetrax_dev]" Schema="[dbo]" Table="[JOBS]" Alias="[j]" Column="JOB_NO" />
                                    <ColumnReference Column="Expr1059" />
                                    <ColumnReference Column="Expr1067" />
                                    <ColumnReference Column="Expr1069" />
                                    <ColumnReference Database="[servicetrax_dev]" Schema="[dbo]" Table="[SERVICE_LINES]" Alias="[sl]" Column="bill_total" ComputedColumn="true" />
                                    <ColumnReference Database="[servicetrax_dev]" Schema="[dbo]" Table="[SERVICE_LINES]" Alias="[sl]" Column="bill_hourly_total" ComputedColumn="true" />
                                    <ColumnReference Database="[servicetrax_dev]" Schema="[dbo]" Table="[SERVICE_LINES]" Alias="[sl]" Column="bill_exp_total" ComputedColumn="true" />
                                    <ColumnReference Column="Expr1301" />
                                  </OutputList>
                                  <RunTimeInformation>
                                    <RunTimeCountersPerThread Thread="0" ActualRows="302" ActualEndOfScans="1" ActualExecutions="1" />
                                  </RunTimeInformation>
                                  <NestedLoops Optimized="false">
                                    <OuterReferences>
                                      <ColumnReference Database="[servicetrax_dev]" Schema="[dbo]" Table="[INVOICES]" Column="INVOICE_ID" />
                                    </OuterReferences>
                                    <RelOp AvgRowSize="464" EstimateCPU="5.39494E-05" EstimateIO="0" EstimateRebinds="0" EstimateRewinds="0" EstimateRows="12.9066" LogicalOp="Left Outer Join" NodeId="6" Parallel="false" PhysicalOp="Nested Loops" EstimatedTotalSubtreeCost="0.485226">
                                      <OutputList>
                                        <ColumnReference Column="Expr1007" />
                                        <ColumnReference Database="[servicetrax_dev]" Schema="[dbo]" Table="[INVOICES]" Column="INVOICE_ID" />
                                        <ColumnReference Database="[servicetrax_dev]" Schema="[dbo]" Table="[INVOICES]" Column="STATUS_ID" />
                                        <ColumnReference Database="[servicetrax_dev]" Schema="[dbo]" Table="[INVOICES]" Column="JOB_ID" />
                                        <ColumnReference Database="[servicetrax_dev]" Schema="[dbo]" Table="[INVOICES]" Column="DESCRIPTION" />
                                        <ColumnReference Database="[servicetrax_dev]" Schema="[dbo]" Table="[LOOKUPS]" Alias="[INVOICE_TYPE]" Column="NAME" />
                                        <ColumnReference Database="[servicetrax_dev]" Schema="[dbo]" Table="[JOBS]" Alias="[j]" Column="JOB_NO" />
                                        <ColumnReference Column="Expr1059" />
                                        <ColumnReference Column="Expr1067" />
                                        <ColumnReference Column="Expr1069" />
                                        <ColumnReference Column="Expr1301" />
                                      </OutputList>
                                      <RunTimeInformation>
                                        <RunTimeCountersPerThread Thread="0" ActualRows="29" ActualEndOfScans="1" ActualExecutions="1" />
                                      </RunTimeInformation>
                                      <NestedLoops Optimized="false">
                                        <OuterReferences>
                                          <ColumnReference Database="[servicetrax_dev]" Schema="[dbo]" Table="[INVOICES]" Column="JOB_ID" />
                                        </OuterReferences>
                                        <RelOp AvgRowSize="184" EstimateCPU="5.39494E-05" EstimateIO="0" EstimateRebinds="0" EstimateRewinds="0" EstimateRows="12.9066" LogicalOp="Left Outer Join" NodeId="7" Parallel="false" PhysicalOp="Nested Loops" EstimatedTotalSubtreeCost="0.186333">
                                          <OutputList>
                                            <ColumnReference Column="Expr1007" />
                                            <ColumnReference Database="[servicetrax_dev]" Schema="[dbo]" Table="[INVOICES]" Column="INVOICE_ID" />
                                            <ColumnReference Database="[servicetrax_dev]" Schema="[dbo]" Table="[INVOICES]" Column="STATUS_ID" />
                                            <ColumnReference Database="[servicetrax_dev]" Schema="[dbo]" Table="[INVOICES]" Column="JOB_ID" />
                                            <ColumnReference Database="[servicetrax_dev]" Schema="[dbo]" Table="[INVOICES]" Column="DESCRIPTION" />
                                            <ColumnReference Database="[servicetrax_dev]" Schema="[dbo]" Table="[LOOKUPS]" Alias="[INVOICE_TYPE]" Column="NAME" />
                                            <ColumnReference Column="Expr1301" />
                                          </OutputList>
                                          <RunTimeInformation>
                                            <RunTimeCountersPerThread Thread="0" ActualRows="29" ActualEndOfScans="1" ActualExecutions="1" />
                                          </RunTimeInformation>
                                          <NestedLoops Optimized="false">
                                            <OuterReferences>
                                              <ColumnReference Database="[servicetrax_dev]" Schema="[dbo]" Table="[INVOICES]" Column="INVOICE_TYPE_ID" />
                                            </OuterReferences>
                                            <RelOp AvgRowSize="183" EstimateCPU="5.39494E-05" EstimateIO="0" EstimateRebinds="0" EstimateRewinds="0" EstimateRows="12.9066" LogicalOp="Left Outer Join" NodeId="8" Parallel="false" PhysicalOp="Nested Loops" EstimatedTotalSubtreeCost="0.181114">
                                              <OutputList>
                                                <ColumnReference Column="Expr1007" />
                                                <ColumnReference Database="[servicetrax_dev]" Schema="[dbo]" Table="[INVOICES]" Column="INVOICE_ID" />
                                                <ColumnReference Database="[servicetrax_dev]" Schema="[dbo]" Table="[INVOICES]" Column="INVOICE_TYPE_ID" />
                                                <ColumnReference Database="[servicetrax_dev]" Schema="[dbo]" Table="[INVOICES]" Column="STATUS_ID" />
                                                <ColumnReference Database="[servicetrax_dev]" Schema="[dbo]" Table="[INVOICES]" Column="JOB_ID" />
                                                <ColumnReference Database="[servicetrax_dev]" Schema="[dbo]" Table="[INVOICES]" Column="DESCRIPTION" />
                                                <ColumnReference Column="Expr1301" />
                                              </OutputList>
                                              <RunTimeInformation>
                                                <RunTimeCountersPerThread Thread="0" ActualRows="29" ActualEndOfScans="1" ActualExecutions="1" />
                                              </RunTimeInformation>
                                              <NestedLoops Optimized="false">
                                                <OuterReferences>
                                                  <ColumnReference Database="[servicetrax_dev]" Schema="[dbo]" Table="[INVOICES]" Column="INVOICE_ID" />
                                                </OuterReferences>
                                                <RelOp AvgRowSize="181" EstimateCPU="1.29066E-06" EstimateIO="0" EstimateRebinds="0" EstimateRewinds="0" EstimateRows="12.9066" LogicalOp="Compute Scalar" NodeId="9" Parallel="false" PhysicalOp="Compute Scalar" EstimatedTotalSubtreeCost="0.105828">
                                                  <OutputList>
                                                    <ColumnReference Database="[servicetrax_dev]" Schema="[dbo]" Table="[INVOICES]" Column="INVOICE_ID" />
                                                    <ColumnReference Database="[servicetrax_dev]" Schema="[dbo]" Table="[INVOICES]" Column="INVOICE_TYPE_ID" />
                                                    <ColumnReference Database="[servicetrax_dev]" Schema="[dbo]" Table="[INVOICES]" Column="STATUS_ID" />
                                                    <ColumnReference Database="[servicetrax_dev]" Schema="[dbo]" Table="[INVOICES]" Column="JOB_ID" />
                                                    <ColumnReference Database="[servicetrax_dev]" Schema="[dbo]" Table="[INVOICES]" Column="DESCRIPTION" />
                                                    <ColumnReference Column="Expr1301" />
                                                  </OutputList>
                                                  <ComputeScalar>
                                                    <DefinedValues>
                                                      <DefinedValue>
                                                        <ColumnReference Column="Expr1301" />
                                                        <ScalarOperator ScalarString="CONVERT(varchar(30),[servicetrax_dev].[dbo].[INVOICES].[INVOICE_ID],0)">
                                                          <Convert DataType="varchar" Length="30" Style="0" Implicit="false">
                                                            <ScalarOperator>
                                                              <Identifier>
                                                                <ColumnReference Database="[servicetrax_dev]" Schema="[dbo]" Table="[INVOICES]" Column="INVOICE_ID" />
                                                              </Identifier>
                                                            </ScalarOperator>
                                                          </Convert>
                                                        </ScalarOperator>
                                                      </DefinedValue>
                                                    </DefinedValues>
                                                    <RelOp AvgRowSize="170" EstimateCPU="1.54516E-05" EstimateIO="0" EstimateRebinds="0" EstimateRewinds="0" EstimateRows="12.9066" LogicalOp="Filter" NodeId="10" Parallel="false" PhysicalOp="Filter" EstimatedTotalSubtreeCost="0.105826">
                                                      <OutputList>
                                                        <ColumnReference Database="[servicetrax_dev]" Schema="[dbo]" Table="[INVOICES]" Column="INVOICE_ID" />
                                                        <ColumnReference Database="[servicetrax_dev]" Schema="[dbo]" Table="[INVOICES]" Column="INVOICE_TYPE_ID" />
                                                        <ColumnReference Database="[servicetrax_dev]" Schema="[dbo]" Table="[INVOICES]" Column="STATUS_ID" />
                                                        <ColumnReference Database="[servicetrax_dev]" Schema="[dbo]" Table="[INVOICES]" Column="JOB_ID" />
                                                        <ColumnReference Database="[servicetrax_dev]" Schema="[dbo]" Table="[INVOICES]" Column="DESCRIPTION" />
                                                      </OutputList>
                                                      <RunTimeInformation>
                                                        <RunTimeCountersPerThread Thread="0" ActualRows="29" ActualEndOfScans="1" ActualExecutions="1" />
                                                      </RunTimeInformation>
                                                      <Filter StartupExpression="false">
                                                        <RelOp AvgRowSize="179" EstimateCPU="0.000134558" EstimateIO="0" EstimateRebinds="0" EstimateRewinds="0" EstimateRows="32.1909" LogicalOp="Inner Join" NodeId="11" Parallel="false" PhysicalOp="Nested Loops" EstimatedTotalSubtreeCost="0.105811">
                                                          <OutputList>
                                                            <ColumnReference Database="[servicetrax_dev]" Schema="[dbo]" Table="[INVOICES]" Column="INVOICE_ID" />
                                                            <ColumnReference Database="[servicetrax_dev]" Schema="[dbo]" Table="[INVOICES]" Column="ORGANIZATION_ID" />
                                                            <ColumnReference Database="[servicetrax_dev]" Schema="[dbo]" Table="[INVOICES]" Column="INVOICE_TYPE_ID" />
                                                            <ColumnReference Database="[servicetrax_dev]" Schema="[dbo]" Table="[INVOICES]" Column="STATUS_ID" />
                                                            <ColumnReference Database="[servicetrax_dev]" Schema="[dbo]" Table="[INVOICES]" Column="JOB_ID" />
                                                            <ColumnReference Database="[servicetrax_dev]" Schema="[dbo]" Table="[INVOICES]" Column="DESCRIPTION" />
                                                          </OutputList>
                                                          <RunTimeInformation>
                                                            <RunTimeCountersPerThread Thread="0" ActualRows="34" ActualEndOfScans="1" ActualExecutions="1" />
                                                          </RunTimeInformation>
                                                          <NestedLoops Optimized="false" WithOrderedPrefetch="true">
                                                            <OuterReferences>
                                                              <ColumnReference Database="[servicetrax_dev]" Schema="[dbo]" Table="[INVOICES]" Column="INVOICE_ID" />
                                                              <ColumnReference Column="Expr1327" />
                                                            </OuterReferences>
                                                            <RelOp AvgRowSize="25" EstimateCPU="0.00019241" EstimateIO="0.003125" EstimateRebinds="0" EstimateRewinds="0" EstimateRows="32.1909" LogicalOp="Index Seek" NodeId="13" Parallel="false" PhysicalOp="Index Seek" EstimatedTotalSubtreeCost="0.00331741">
                                                              <OutputList>
                                                                <ColumnReference Database="[servicetrax_dev]" Schema="[dbo]" Table="[INVOICES]" Column="INVOICE_ID" />
                                                                <ColumnReference Database="[servicetrax_dev]" Schema="[dbo]" Table="[INVOICES]" Column="STATUS_ID" />
                                                              </OutputList>
                                                              <RunTimeInformation>
                                                                <RunTimeCountersPerThread Thread="0" ActualRows="34" ActualEndOfScans="1" ActualExecutions="1" />
                                                              </RunTimeInformation>
                                                              <IndexScan Ordered="true" ScanDirection="FORWARD" ForcedIndex="false" NoExpandHint="false">
                                                                <DefinedValues>
                                                                  <DefinedValue>
                                                                    <ColumnReference Database="[servicetrax_dev]" Schema="[dbo]" Table="[INVOICES]" Column="INVOICE_ID" />
                                                                  </DefinedValue>
                                                                  <DefinedValue>
                                                                    <ColumnReference Database="[servicetrax_dev]" Schema="[dbo]" Table="[INVOICES]" Column="STATUS_ID" />
                                                                  </DefinedValue>
                                                                </DefinedValues>
                                                                <Object Database="[servicetrax_dev]" Schema="[dbo]" Table="[INVOICES]" Index="[IX_I_STATUS]" TableReferenceId="1" />
                                                                <SeekPredicates>
                                                                  <SeekPredicate>
                                                                    <Prefix ScanType="EQ">
                                                                      <RangeColumns>
                                                                        <ColumnReference Database="[servicetrax_dev]" Schema="[dbo]" Table="[INVOICES]" Column="STATUS_ID" />
                                                                      </RangeColumns>
                                                                      <RangeExpressions>
                                                                        <ScalarOperator ScalarString="(1.)">
                                                                          <Const ConstValue="(1.)" />
                                                                        </ScalarOperator>
                                                                      </RangeExpressions>
                                                                    </Prefix>
                                                                  </SeekPredicate>
                                                                </SeekPredicates>
                                                              </IndexScan>
                                                            </RelOp>
                                                            <RelOp AvgRowSize="288" EstimateCPU="0.0001581" EstimateIO="0.003125" EstimateRebinds="31.1909" EstimateRewinds="0" EstimateRows="1" LogicalOp="Clustered Index Seek" NodeId="15" Parallel="false" PhysicalOp="Clustered Index Seek" EstimatedTotalSubtreeCost="0.102359">
                                                              <OutputList>
                                                                <ColumnReference Database="[servicetrax_dev]" Schema="[dbo]" Table="[INVOICES]" Column="ORGANIZATION_ID" />
                                                                <ColumnReference Database="[servicetrax_dev]" Schema="[dbo]" Table="[INVOICES]" Column="INVOICE_TYPE_ID" />
                                                                <ColumnReference Database="[servicetrax_dev]" Schema="[dbo]" Table="[INVOICES]" Column="JOB_ID" />
                                                                <ColumnReference Database="[servicetrax_dev]" Schema="[dbo]" Table="[INVOICES]" Column="DESCRIPTION" />
                                                              </OutputList>
                                                              <RunTimeInformation>
                                                                <RunTimeCountersPerThread Thread="0" ActualRows="34" ActualEndOfScans="0" ActualExecutions="34" />
                                                              </RunTimeInformation>
                                                              <IndexScan Lookup="true" Ordered="true" ScanDirection="FORWARD" ForcedIndex="false" NoExpandHint="false">
                                                                <DefinedValues>
                                                                  <DefinedValue>
                                                                    <ColumnReference Database="[servicetrax_dev]" Schema="[dbo]" Table="[INVOICES]" Column="ORGANIZATION_ID" />
                                                                  </DefinedValue>
                                                                  <DefinedValue>
                                                                    <ColumnReference Database="[servicetrax_dev]" Schema="[dbo]" Table="[INVOICES]" Column="INVOICE_TYPE_ID" />
                                                                  </DefinedValue>
                                                                  <DefinedValue>
                                                                    <ColumnReference Database="[servicetrax_dev]" Schema="[dbo]" Table="[INVOICES]" Column="JOB_ID" />
                                                                  </DefinedValue>
                                                                  <DefinedValue>
                                                                    <ColumnReference Database="[servicetrax_dev]" Schema="[dbo]" Table="[INVOICES]" Column="DESCRIPTION" />
                                                                  </DefinedValue>
                                                                </DefinedValues>
                                                                <Object Database="[servicetrax_dev]" Schema="[dbo]" Table="[INVOICES]" Index="[INV_PK]" TableReferenceId="-1" />
                                                                <SeekPredicates>
                                                                  <SeekPredicate>
                                                                    <Prefix ScanType="EQ">
                                                                      <RangeColumns>
                                                                        <ColumnReference Database="[servicetrax_dev]" Schema="[dbo]" Table="[INVOICES]" Column="INVOICE_ID" />
                                                                      </RangeColumns>
                                                                      <RangeExpressions>
                                                                        <ScalarOperator ScalarString="[servicetrax_dev].[dbo].[INVOICES].[INVOICE_ID]">
                                                                          <Identifier>
                                                                            <ColumnReference Database="[servicetrax_dev]" Schema="[dbo]" Table="[INVOICES]" Column="INVOICE_ID" />
                                                                          </Identifier>
                                                                        </ScalarOperator>
                                                                      </RangeExpressions>
                                                                    </Prefix>
                                                                  </SeekPredicate>
                                                                </SeekPredicates>
                                                              </IndexScan>
                                                            </RelOp>
                                                          </NestedLoops>
                                                        </RelOp>
                                                        <Predicate>
                                                          <ScalarOperator ScalarString="[servicetrax_dev].[dbo].[INVOICES].[ORGANIZATION_ID]=(2.)">
                                                            <Compare CompareOp="EQ">
                                                              <ScalarOperator>
                                                                <Identifier>
                                                                  <ColumnReference Database="[servicetrax_dev]" Schema="[dbo]" Table="[INVOICES]" Column="ORGANIZATION_ID" />
                                                                </Identifier>
                                                              </ScalarOperator>
                                                              <ScalarOperator>
                                                                <Const ConstValue="(2.)" />
                                                              </ScalarOperator>
                                                            </Compare>
                                                          </ScalarOperator>
                                                        </Predicate>
                                                      </Filter>
                                                    </RelOp>
                                                  </ComputeScalar>
                                                </RelOp>
                                                <RelOp AvgRowSize="11" EstimateCPU="1E-07" EstimateIO="0" EstimateRebinds="11.9066" EstimateRewinds="0" EstimateRows="1" LogicalOp="Compute Scalar" NodeId="29" Parallel="false" PhysicalOp="Compute Scalar" EstimatedTotalSubtreeCost="0.0752324">
                                                  <OutputList>
                                                    <ColumnReference Column="Expr1007" />
                                                  </OutputList>
                                                  <ComputeScalar>
                                                    <DefinedValues>
                                                      <DefinedValue>
                                                        <ColumnReference Column="Expr1007" />
                                                        <ScalarOperator ScalarString="CASE WHEN [Expr1006]='*' THEN '*' ELSE '' END">
                                                          <IF>
                                                            <Condition>
                                                              <ScalarOperator>
                                                                <Compare CompareOp="EQ">
                                                                  <ScalarOperator>
                                                                    <Identifier>
                                                                      <ColumnReference Column="Expr1006" />
                                                                    </Identifier>
                                                                  </ScalarOperator>
                                                                  <ScalarOperator>
                                                                    <Const ConstValue="'*'" />
                                                                  </ScalarOperator>
                                                                </Compare>
                                                              </ScalarOperator>
                                                            </Condition>
                                                            <Then>
                                                              <ScalarOperator>
                                                                <Const ConstValue="'*'" />
                                                              </ScalarOperator>
                                                            </Then>
                                                            <Else>
                                                              <ScalarOperator>
                                                                <Const ConstValue="''" />
                                                              </ScalarOperator>
                                                            </Else>
                                                          </IF>
                                                        </ScalarOperator>
                                                      </DefinedValue>
                                                    </DefinedValues>
                                                    <RelOp AvgRowSize="11" EstimateCPU="4.18E-06" EstimateIO="0" EstimateRebinds="11.9066" EstimateRewinds="0" EstimateRows="1" LogicalOp="Left Outer Join" NodeId="30" Parallel="false" PhysicalOp="Nested Loops" EstimatedTotalSubtreeCost="0.0752311">
                                                      <OutputList>
                                                        <ColumnReference Column="Expr1006" />
                                                      </OutputList>
                                                      <RunTimeInformation>
                                                        <RunTimeCountersPerThread Thread="0" ActualRows="29" ActualEndOfScans="0" ActualExecutions="29" />
                                                      </RunTimeInformation>
                                                      <NestedLoops Optimized="false">
                                                        <OuterReferences>
                                                          <ColumnReference Database="[servicetrax_dev]" Schema="[dbo]" Table="[INVOICES]" Alias="[i]" Column="INVOICE_ID" />
                                                        </OuterReferences>
                                                        <RelOp AvgRowSize="16" EstimateCPU="0.0001581" EstimateIO="0.003125" EstimateRebinds="11.9066" EstimateRewinds="0" EstimateRows="1" LogicalOp="Clustered Index Seek" NodeId="31" Parallel="false" PhysicalOp="Clustered Index Seek" EstimatedTotalSubtreeCost="0.0392207">
                                                          <OutputList>
                                                            <ColumnReference Database="[servicetrax_dev]" Schema="[dbo]" Table="[INVOICES]" Alias="[i]" Column="INVOICE_ID" />
                                                          </OutputList>
                                                          <RunTimeInformation>
                                                            <RunTimeCountersPerThread Thread="0" ActualRows="29" ActualEndOfScans="0" ActualExecutions="29" />
                                                          </RunTimeInformation>
                                                          <IndexScan Ordered="true" ScanDirection="FORWARD" ForcedIndex="false" NoExpandHint="false">
                                                            <DefinedValues>
                                                              <DefinedValue>
                                                                <ColumnReference Database="[servicetrax_dev]" Schema="[dbo]" Table="[INVOICES]" Alias="[i]" Column="INVOICE_ID" />
                                                              </DefinedValue>
                                                            </DefinedValues>
                                                            <Object Database="[servicetrax_dev]" Schema="[dbo]" Table="[INVOICES]" Index="[INV_PK]" Alias="[i]" TableReferenceId="1" />
                                                            <SeekPredicates>
                                                              <SeekPredicate>
                                                                <Prefix ScanType="EQ">
                                                                  <RangeColumns>
                                                                    <ColumnReference Database="[servicetrax_dev]" Schema="[dbo]" Table="[INVOICES]" Alias="[i]" Column="INVOICE_ID" />
                                                                  </RangeColumns>
                                                                  <RangeExpressions>
                                                                    <ScalarOperator ScalarString="[servicetrax_dev].[dbo].[INVOICES].[INVOICE_ID]">
                                                                      <Identifier>
                                                                        <ColumnReference Database="[servicetrax_dev]" Schema="[dbo]" Table="[INVOICES]" Column="INVOICE_ID" />
                                                                      </Identifier>
                                                                    </ScalarOperator>
                                                                  </RangeExpressions>
                                                                </Prefix>
                                                              </SeekPredicate>
                                                            </SeekPredicates>
                                                          </IndexScan>
                                                        </RelOp>
                                                        <RelOp AvgRowSize="11" EstimateCPU="1.00967E-06" EstimateIO="0" EstimateRebinds="11.9066" EstimateRewinds="0" EstimateRows="1" LogicalOp="Aggregate" NodeId="32" Parallel="false" PhysicalOp="Stream Aggregate" EstimatedTotalSubtreeCost="0.0359565">
                                                          <OutputList>
                                                            <ColumnReference Column="Expr1006" />
                                                          </OutputList>
                                                          <RunTimeInformation>
                                                            <RunTimeCountersPerThread Thread="0" ActualRows="2" ActualEndOfScans="27" ActualExecutions="29" />
                                                          </RunTimeInformation>
                                                          <StreamAggregate>
                                                            <DefinedValues>
                                                              <DefinedValue>
                                                                <ColumnReference Column="Expr1006" />
                                                                <ScalarOperator ScalarString="ANY([Expr1006])">
                                                                  <Aggregate AggType="ANY" Distinct="false">
                                                                    <ScalarOperator>
                                                                      <Identifier>
                                                                        <ColumnReference Column="Expr1006" />
                                                                      </Identifier>
                                                                    </ScalarOperator>
                                                                  </Aggregate>
                                                                </ScalarOperator>
                                                              </DefinedValue>
                                                            </DefinedValues>
                                                            <RelOp AvgRowSize="11" EstimateCPU="1.01934E-07" EstimateIO="0" EstimateRebinds="11.9066" EstimateRewinds="0" EstimateRows="1.01934" LogicalOp="Compute Scalar" NodeId="33" Parallel="false" PhysicalOp="Compute Scalar" EstimatedTotalSubtreeCost="0.0359435">
                                                              <OutputList>
                                                                <ColumnReference Column="Expr1006" />
                                                              </OutputList>
                                                              <ComputeScalar>
                                                                <DefinedValues>
                                                                  <DefinedValue>
                                                                    <ColumnReference Column="Expr1006" />
                                                                    <ScalarOperator ScalarString="'*'">
                                                                      <Const ConstValue="'*'" />
                                                                    </ScalarOperator>
                                                                  </DefinedValue>
                                                                </DefinedValues>
                                                                <RelOp AvgRowSize="9" EstimateCPU="0.000158121" EstimateIO="0.003125" EstimateRebinds="11.9066" EstimateRewinds="0" EstimateRows="1.01934" LogicalOp="Index Seek" NodeId="34" Parallel="false" PhysicalOp="Index Seek" EstimatedTotalSubtreeCost="0.0359422">
                                                                  <OutputList />
                                                                  <RunTimeInformation>
                                                                    <RunTimeCountersPerThread Thread="0" ActualRows="2" ActualEndOfScans="29" ActualExecutions="29" />
                                                                  </RunTimeInformation>
                                                                  <IndexScan Ordered="true" ScanDirection="FORWARD" ForcedIndex="false" NoExpandHint="false">
                                                                    <DefinedValues />
                                                                    <Object Database="[servicetrax_dev]" Schema="[dbo]" Table="[INVOICE_TRACKING]" Index="[IX_IT_INVOICES]" TableReferenceId="1" />
                                                                    <SeekPredicates>
                                                                      <SeekPredicate>
                                                                        <Prefix ScanType="EQ">
                                                                          <RangeColumns>
                                                                            <ColumnReference Database="[servicetrax_dev]" Schema="[dbo]" Table="[INVOICE_TRACKING]" Column="INVOICE_ID" />
                                                                          </RangeColumns>
                                                                          <RangeExpressions>
                                                                            <ScalarOperator ScalarString="[servicetrax_dev].[dbo].[INVOICES].[INVOICE_ID] as [i].[INVOICE_ID]">
                                                                              <Identifier>
                                                                                <ColumnReference Database="[servicetrax_dev]" Schema="[dbo]" Table="[INVOICES]" Alias="[i]" Column="INVOICE_ID" />
                                                                              </Identifier>
                                                                            </ScalarOperator>
                                                                          </RangeExpressions>
                                                                        </Prefix>
                                                                      </SeekPredicate>
                                                                    </SeekPredicates>
                                                                  </IndexScan>
                                                                </RelOp>
                                                              </ComputeScalar>
                                                            </RelOp>
                                                          </StreamAggregate>
                                                        </RelOp>
                                                      </NestedLoops>
                                                    </RelOp>
                                                  </ComputeScalar>
                                                </RelOp>
                                              </NestedLoops>
                                            </RelOp>
                                            <RelOp AvgRowSize="19" EstimateCPU="0.0001581" EstimateIO="0.003125" EstimateRebinds="5.32524" EstimateRewinds="6.58133" EstimateRows="1" LogicalOp="Index Seek" NodeId="44" Parallel="false" PhysicalOp="Index Seek" EstimatedTotalSubtreeCost="0.00516553">
                                              <OutputList>
                                                <ColumnReference Database="[servicetrax_dev]" Schema="[dbo]" Table="[LOOKUPS]" Alias="[INVOICE_TYPE]" Column="NAME" />
                                              </OutputList>
                                              <RunTimeInformation>
                                                <RunTimeCountersPerThread Thread="0" ActualRows="29" ActualEndOfScans="0" ActualExecutions="29" />
                                              </RunTimeInformation>
                                              <IndexScan Ordered="true" ScanDirection="FORWARD" ForcedIndex="false" NoExpandHint="false">
                                                <DefinedValues>
                                                  <DefinedValue>
                                                    <ColumnReference Database="[servicetrax_dev]" Schema="[dbo]" Table="[LOOKUPS]" Alias="[INVOICE_TYPE]" Column="NAME" />
                                                  </DefinedValue>
                                                </DefinedValues>
                                                <Object Database="[servicetrax_dev]" Schema="[dbo]" Table="[LOOKUPS]" Index="[IX_L_LID_NAME]" Alias="[INVOICE_TYPE]" TableReferenceId="1" />
                                                <SeekPredicates>
                                                  <SeekPredicate>
                                                    <Prefix ScanType="EQ">
                                                      <RangeColumns>
                                                        <ColumnReference Database="[servicetrax_dev]" Schema="[dbo]" Table="[LOOKUPS]" Alias="[INVOICE_TYPE]" Column="LOOKUP_ID" />
                                                      </RangeColumns>
                                                      <RangeExpressions>
                                                        <ScalarOperator ScalarString="[servicetrax_dev].[dbo].[INVOICES].[INVOICE_TYPE_ID]">
                                                          <Identifier>
                                                            <ColumnReference Database="[servicetrax_dev]" Schema="[dbo]" Table="[INVOICES]" Column="INVOICE_TYPE_ID" />
                                                          </Identifier>
                                                        </ScalarOperator>
                                                      </RangeExpressions>
                                                    </Prefix>
                                                  </SeekPredicate>
                                                </SeekPredicates>
                                              </IndexScan>
                                            </RelOp>
                                          </NestedLoops>
                                        </RelOp>
                                        <RelOp AvgRowSize="288" EstimateCPU="1E-07" EstimateIO="0" EstimateRebinds="11.9066" EstimateRewinds="0" EstimateRows="1" LogicalOp="Compute Scalar" NodeId="45" Parallel="false" PhysicalOp="Compute Scalar" EstimatedTotalSubtreeCost="0.298839">
                                          <OutputList>
                                            <ColumnReference Database="[servicetrax_dev]" Schema="[dbo]" Table="[JOBS]" Alias="[j]" Column="JOB_NO" />
                                            <ColumnReference Column="Expr1059" />
                                            <ColumnReference Column="Expr1067" />
                                            <ColumnReference Column="Expr1069" />
                                          </OutputList>
                                          <ComputeScalar>
                                            <DefinedValues>
                                              <DefinedValue>
                                                <ColumnReference Column="Expr1067" />
                                                <ScalarOperator ScalarString="CASE WHEN [servicetrax_dev].[dbo].[LOOKUPS].[CODE] as [customer_type].[CODE]='end_user' THEN [servicetrax_dev].[dbo].[CUSTOMERS].[CUSTOMER_NAME] ELSE [servicetrax_dev].[dbo].[CUSTOMERS].[CUSTOMER_NAME] as [c].[CUSTOMER_NAME] END">
                                                  <IF>
                                                    <Condition>
                                                      <ScalarOperator>
                                                        <Compare CompareOp="EQ">
                                                          <ScalarOperator>
                                                            <Identifier>
                                                              <ColumnReference Database="[servicetrax_dev]" Schema="[dbo]" Table="[LOOKUPS]" Alias="[customer_type]" Column="CODE" />
                                                            </Identifier>
                                                          </ScalarOperator>
                                                          <ScalarOperator>
                                                            <Const ConstValue="'end_user'" />
                                                          </ScalarOperator>
                                                        </Compare>
                                                      </ScalarOperator>
                                                    </Condition>
                                                    <Then>
                                                      <ScalarOperator>
                                                        <Identifier>
                                                          <ColumnReference Database="[servicetrax_dev]" Schema="[dbo]" Table="[CUSTOMERS]" Column="CUSTOMER_NAME" />
                                                        </Identifier>
                                                      </ScalarOperator>
                                                    </Then>
                                                    <Else>
                                                      <ScalarOperator>
                                                        <Identifier>
                                                          <ColumnReference Database="[servicetrax_dev]" Schema="[dbo]" Table="[CUSTOMERS]" Alias="[c]" Column="CUSTOMER_NAME" />
                                                        </Identifier>
                                                      </ScalarOperator>
                                                    </Else>
                                                  </IF>
                                                </ScalarOperator>
                                              </DefinedValue>
                                              <DefinedValue>
                                                <ColumnReference Column="Expr1069" />
                                                <ScalarOperator ScalarString="CASE WHEN [servicetrax_dev].[dbo].[LOOKUPS].[CODE] as [customer_type].[CODE]='end_user' THEN [servicetrax_dev].[dbo].[CUSTOMERS].[CUSTOMER_NAME] as [c].[CUSTOMER_NAME] ELSE [servicetrax_dev].[dbo].[CUSTOMERS].[CUSTOMER_NAME] as [eu].[CUSTOMER_NAME] END">
                                                  <IF>
                                                    <Condition>
                                                      <ScalarOperator>
                                                        <Compare CompareOp="EQ">
                                                          <ScalarOperator>
                                                            <Identifier>
                                                              <ColumnReference Database="[servicetrax_dev]" Schema="[dbo]" Table="[LOOKUPS]" Alias="[customer_type]" Column="CODE" />
                                                            </Identifier>
                                                          </ScalarOperator>
                                                          <ScalarOperator>
                                                            <Const ConstValue="'end_user'" />
                                                          </ScalarOperator>
                                                        </Compare>
                                                      </ScalarOperator>
                                                    </Condition>
                                                    <Then>
                                                      <ScalarOperator>
                                                        <Identifier>
                                                          <ColumnReference Database="[servicetrax_dev]" Schema="[dbo]" Table="[CUSTOMERS]" Alias="[c]" Column="CUSTOMER_NAME" />
                                                        </Identifier>
                                                      </ScalarOperator>
                                                    </Then>
                                                    <Else>
                                                      <ScalarOperator>
                                                        <Identifier>
                                                          <ColumnReference Database="[servicetrax_dev]" Schema="[dbo]" Table="[CUSTOMERS]" Alias="[eu]" Column="CUSTOMER_NAME" />
                                                        </Identifier>
                                                      </ScalarOperator>
                                                    </Else>
                                                  </IF>
                                                </ScalarOperator>
                                              </DefinedValue>
                                            </DefinedValues>
                                            <RelOp AvgRowSize="286" EstimateCPU="4.18E-06" EstimateIO="0" EstimateRebinds="11.9066" EstimateRewinds="0" EstimateRows="1" LogicalOp="Left Outer Join" NodeId="46" Parallel="false" PhysicalOp="Nested Loops" EstimatedTotalSubtreeCost="0.298837">
                                              <OutputList>
                                                <ColumnReference Database="[servicetrax_dev]" Schema="[dbo]" Table="[JOBS]" Alias="[j]" Column="JOB_NO" />
                                                <ColumnReference Database="[servicetrax_dev]" Schema="[dbo]" Table="[CUSTOMERS]" Alias="[c]" Column="CUSTOMER_NAME" />
                                                <ColumnReference Database="[servicetrax_dev]" Schema="[dbo]" Table="[LOOKUPS]" Alias="[customer_type]" Column="CODE" />
                                                <ColumnReference Database="[servicetrax_dev]" Schema="[dbo]" Table="[CUSTOMERS]" Alias="[eu]" Column="CUSTOMER_NAME" />
                                                <ColumnReference Column="Expr1059" />
                                                <ColumnReference Database="[servicetrax_dev]" Schema="[dbo]" Table="[CUSTOMERS]" Column="CUSTOMER_NAME" />
                                              </OutputList>
                                              <RunTimeInformation>
                                                <RunTimeCountersPerThread Thread="0" ActualRows="29" ActualEndOfScans="0" ActualExecutions="29" />
                                              </RunTimeInformation>
                                              <NestedLoops Optimized="false">
                                                <PassThru>
                                                  <ScalarOperator ScalarString="IsFalseOrNull [servicetrax_dev].[dbo].[LOOKUPS].[CODE] as [customer_type].[CODE]='end_user'">
                                                    <Logical Operation="IsFalseOrNull">
                                                      <ScalarOperator>
                                                        <Compare CompareOp="EQ">
                                                          <ScalarOperator>
                                                            <Identifier>
                                                              <ColumnReference Database="[servicetrax_dev]" Schema="[dbo]" Table="[LOOKUPS]" Alias="[customer_type]" Column="CODE" />
                                                            </Identifier>
                                                          </ScalarOperator>
                                                          <ScalarOperator>
                                                            <Const ConstValue="'end_user'" />
                                                          </ScalarOperator>
                                                        </Compare>
                                                      </ScalarOperator>
                                                    </Logical>
                                                  </ScalarOperator>
                                                </PassThru>
                                                <OuterReferences>
                                                  <ColumnReference Database="[servicetrax_dev]" Schema="[dbo]" Table="[CUSTOMERS]" Alias="[c]" Column="end_user_parent_id" />
                                                </OuterReferences>
                                                <RelOp AvgRowSize="276" EstimateCPU="4.18E-06" EstimateIO="0" EstimateRebinds="11.9066" EstimateRewinds="0" EstimateRows="1" LogicalOp="Left Outer Join" NodeId="47" Parallel="false" PhysicalOp="Nested Loops" EstimatedTotalSubtreeCost="0.260007">
                                                  <OutputList>
                                                    <ColumnReference Database="[servicetrax_dev]" Schema="[dbo]" Table="[JOBS]" Alias="[j]" Column="JOB_NO" />
                                                    <ColumnReference Database="[servicetrax_dev]" Schema="[dbo]" Table="[CUSTOMERS]" Alias="[c]" Column="CUSTOMER_NAME" />
                                                    <ColumnReference Database="[servicetrax_dev]" Schema="[dbo]" Table="[CUSTOMERS]" Alias="[c]" Column="end_user_parent_id" />
                                                    <ColumnReference Database="[servicetrax_dev]" Schema="[dbo]" Table="[LOOKUPS]" Alias="[customer_type]" Column="CODE" />
                                                    <ColumnReference Database="[servicetrax_dev]" Schema="[dbo]" Table="[CUSTOMERS]" Alias="[eu]" Column="CUSTOMER_NAME" />
                                                    <ColumnReference Column="Expr1059" />
                                                  </OutputList>
                                                  <RunTimeInformation>
                                                    <RunTimeCountersPerThread Thread="0" ActualRows="29" ActualEndOfScans="0" ActualExecutions="29" />
                                                  </RunTimeInformation>
                                                  <NestedLoops Optimized="false">
                                                    <OuterReferences>
                                                      <ColumnReference Database="[servicetrax_dev]" Schema="[dbo]" Table="[PROJECTS]" Alias="[p]" Column="end_user_id" />
                                                    </OuterReferences>
                                                    <RelOp AvgRowSize="266" EstimateCPU="4.18E-06" EstimateIO="0" EstimateRebinds="11.9066" EstimateRewinds="0" EstimateRows="1" LogicalOp="Left Outer Join" NodeId="48" Parallel="false" PhysicalOp="Nested Loops" EstimatedTotalSubtreeCost="0.222223">
                                                      <OutputList>
                                                        <ColumnReference Database="[servicetrax_dev]" Schema="[dbo]" Table="[JOBS]" Alias="[j]" Column="JOB_NO" />
                                                        <ColumnReference Database="[servicetrax_dev]" Schema="[dbo]" Table="[CUSTOMERS]" Alias="[c]" Column="CUSTOMER_NAME" />
                                                        <ColumnReference Database="[servicetrax_dev]" Schema="[dbo]" Table="[CUSTOMERS]" Alias="[c]" Column="end_user_parent_id" />
                                                        <ColumnReference Database="[servicetrax_dev]" Schema="[dbo]" Table="[LOOKUPS]" Alias="[customer_type]" Column="CODE" />
                                                        <ColumnReference Database="[servicetrax_dev]" Schema="[dbo]" Table="[PROJECTS]" Alias="[p]" Column="end_user_id" />
                                                        <ColumnReference Column="Expr1059" />
                                                      </OutputList>
                                                      <RunTimeInformation>
                                                        <RunTimeCountersPerThread Thread="0" ActualRows="29" ActualEndOfScans="0" ActualExecutions="29" />
                                                      </RunTimeInformation>
                                                      <NestedLoops Optimized="false">
                                                        <OuterReferences>
                                                          <ColumnReference Database="[servicetrax_dev]" Schema="[dbo]" Table="[JOBS]" Alias="[j]" Column="PROJECT_ID" />
                                                        </OuterReferences>
                                                        <RelOp AvgRowSize="266" EstimateCPU="1E-07" EstimateIO="0" EstimateRebinds="11.9066" EstimateRewinds="0" EstimateRows="1" LogicalOp="Compute Scalar" NodeId="49" Parallel="false" PhysicalOp="Compute Scalar" EstimatedTotalSubtreeCost="0.183671">
                                                          <OutputList>
                                                            <ColumnReference Database="[servicetrax_dev]" Schema="[dbo]" Table="[JOBS]" Alias="[j]" Column="PROJECT_ID" />
                                                            <ColumnReference Database="[servicetrax_dev]" Schema="[dbo]" Table="[JOBS]" Alias="[j]" Column="JOB_NO" />
                                                            <ColumnReference Database="[servicetrax_dev]" Schema="[dbo]" Table="[CUSTOMERS]" Alias="[c]" Column="CUSTOMER_NAME" />
                                                            <ColumnReference Database="[servicetrax_dev]" Schema="[dbo]" Table="[CUSTOMERS]" Alias="[c]" Column="end_user_parent_id" />
                                                            <ColumnReference Database="[servicetrax_dev]" Schema="[dbo]" Table="[LOOKUPS]" Alias="[customer_type]" Column="CODE" />
                                                            <ColumnReference Column="Expr1059" />
                                                          </OutputList>
                                                          <ComputeScalar>
                                                            <DefinedValues>
                                                              <DefinedValue>
                                                                <ColumnReference Column="Expr1059" />
                                                                <ScalarOperator ScalarString="([servicetrax_dev].[dbo].[USERS].[FIRST_NAME] as [u_billing].[FIRST_NAME]+' ')+[servicetrax_dev].[dbo].[USERS].[LAST_NAME] as [u_billing].[LAST_NAME]">
                                                                  <Arithmetic Operation="ADD">
                                                                    <ScalarOperator>
                                                                      <Arithmetic Operation="ADD">
                                                                        <ScalarOperator>
                                                                          <Identifier>
                                                                            <ColumnReference Database="[servicetrax_dev]" Schema="[dbo]" Table="[USERS]" Alias="[u_billing]" Column="FIRST_NAME" />
                                                                          </Identifier>
                                                                        </ScalarOperator>
                                                                        <ScalarOperator>
                                                                          <Const ConstValue="' '" />
                                                                        </ScalarOperator>
                                                                      </Arithmetic>
                                                                    </ScalarOperator>
                                                                    <ScalarOperator>
                                                                      <Identifier>
                                                                        <ColumnReference Database="[servicetrax_dev]" Schema="[dbo]" Table="[USERS]" Alias="[u_billing]" Column="LAST_NAME" />
                                                                      </Identifier>
                                                                    </ScalarOperator>
                                                                  </Arithmetic>
                                                                </ScalarOperator>
                                                              </DefinedValue>
                                                            </DefinedValues>
                                                            <RelOp AvgRowSize="79" EstimateCPU="4.18E-06" EstimateIO="0" EstimateRebinds="11.9066" EstimateRewinds="0" EstimateRows="1" LogicalOp="Left Outer Join" NodeId="50" Parallel="false" PhysicalOp="Nested Loops" EstimatedTotalSubtreeCost="0.18367">
                                                              <OutputList>
                                                                <ColumnReference Database="[servicetrax_dev]" Schema="[dbo]" Table="[JOBS]" Alias="[j]" Column="PROJECT_ID" />
                                                                <ColumnReference Database="[servicetrax_dev]" Schema="[dbo]" Table="[JOBS]" Alias="[j]" Column="JOB_NO" />
                                                                <ColumnReference Database="[servicetrax_dev]" Schema="[dbo]" Table="[CUSTOMERS]" Alias="[c]" Column="CUSTOMER_NAME" />
                                                                <ColumnReference Database="[servicetrax_dev]" Schema="[dbo]" Table="[CUSTOMERS]" Alias="[c]" Column="end_user_parent_id" />
                                                                <ColumnReference Database="[servicetrax_dev]" Schema="[dbo]" Table="[LOOKUPS]" Alias="[customer_type]" Column="CODE" />
                                                                <ColumnReference Database="[servicetrax_dev]" Schema="[dbo]" Table="[USERS]" Alias="[u_billing]" Column="FIRST_NAME" />
                                                                <ColumnReference Database="[servicetrax_dev]" Schema="[dbo]" Table="[USERS]" Alias="[u_billing]" Column="LAST_NAME" />
                                                              </OutputList>
                                                              <RunTimeInformation>
                                                                <RunTimeCountersPerThread Thread="0" ActualRows="29" ActualEndOfScans="0" ActualExecutions="29" />
                                                              </RunTimeInformation>
                                                              <NestedLoops Optimized="false">
                                                                <OuterReferences>
                                                                  <ColumnReference Database="[servicetrax_dev]" Schema="[dbo]" Table="[JOBS]" Alias="[j]" Column="BILLING_USER_ID" />
                                                                </OuterReferences>
                                                                <RelOp AvgRowSize="73" EstimateCPU="4.18E-06" EstimateIO="0" EstimateRebinds="11.9066" EstimateRewinds="0" EstimateRows="1" LogicalOp="Inner Join" NodeId="51" Parallel="false" PhysicalOp="Nested Loops" EstimatedTotalSubtreeCost="0.147121">
                                                                  <OutputList>
                                                                    <ColumnReference Database="[servicetrax_dev]" Schema="[dbo]" Table="[JOBS]" Alias="[j]" Column="PROJECT_ID" />
                                                                    <ColumnReference Database="[servicetrax_dev]" Schema="[dbo]" Table="[JOBS]" Alias="[j]" Column="JOB_NO" />
                                                                    <ColumnReference Database="[servicetrax_dev]" Schema="[dbo]" Table="[JOBS]" Alias="[j]" Column="BILLING_USER_ID" />
                                                                    <ColumnReference Database="[servicetrax_dev]" Schema="[dbo]" Table="[CUSTOMERS]" Alias="[c]" Column="CUSTOMER_NAME" />
                                                                    <ColumnReference Database="[servicetrax_dev]" Schema="[dbo]" Table="[CUSTOMERS]" Alias="[c]" Column="end_user_parent_id" />
                                                                    <ColumnReference Database="[servicetrax_dev]" Schema="[dbo]" Table="[LOOKUPS]" Alias="[customer_type]" Column="CODE" />
                                                                  </OutputList>
                                                                  <RunTimeInformation>
                                                                    <RunTimeCountersPerThread Thread="0" ActualRows="29" ActualEndOfScans="0" ActualExecutions="29" />
                                                                  </RunTimeInformation>
                                                                  <NestedLoops Optimized="false">
                                                                    <OuterReferences>
                                                                      <ColumnReference Database="[servicetrax_dev]" Schema="[dbo]" Table="[JOBS]" Alias="[j]" Column="JOB_STATUS_TYPE_ID" />
                                                                    </OuterReferences>
                                                                    <RelOp AvgRowSize="82" EstimateCPU="4.18E-06" EstimateIO="0" EstimateRebinds="11.9066" EstimateRewinds="0" EstimateRows="1" LogicalOp="Inner Join" NodeId="52" Parallel="false" PhysicalOp="Nested Loops" EstimatedTotalSubtreeCost="0.141902">
                                                                      <OutputList>
                                                                        <ColumnReference Database="[servicetrax_dev]" Schema="[dbo]" Table="[JOBS]" Alias="[j]" Column="PROJECT_ID" />
                                                                        <ColumnReference Database="[servicetrax_dev]" Schema="[dbo]" Table="[JOBS]" Alias="[j]" Column="JOB_NO" />
                                                                        <ColumnReference Database="[servicetrax_dev]" Schema="[dbo]" Table="[JOBS]" Alias="[j]" Column="JOB_STATUS_TYPE_ID" />
                                                                        <ColumnReference Database="[servicetrax_dev]" Schema="[dbo]" Table="[JOBS]" Alias="[j]" Column="BILLING_USER_ID" />
                                                                        <ColumnReference Database="[servicetrax_dev]" Schema="[dbo]" Table="[CUSTOMERS]" Alias="[c]" Column="CUSTOMER_NAME" />
                                                                        <ColumnReference Database="[servicetrax_dev]" Schema="[dbo]" Table="[CUSTOMERS]" Alias="[c]" Column="end_user_parent_id" />
                                                                        <ColumnReference Database="[servicetrax_dev]" Schema="[dbo]" Table="[LOOKUPS]" Alias="[customer_type]" Column="CODE" />
                                                                      </OutputList>
                                                                      <RunTimeInformation>
                                                                        <RunTimeCountersPerThread Thread="0" ActualRows="29" ActualEndOfScans="0" ActualExecutions="29" />
                                                                      </RunTimeInformation>
                                                                      <NestedLoops Optimized="false">
                                                                        <OuterReferences>
                                                                          <ColumnReference Database="[servicetrax_dev]" Schema="[dbo]" Table="[JOBS]" Alias="[j]" Column="JOB_TYPE_ID" />
                                                                        </OuterReferences>
                                                                        <RelOp AvgRowSize="91" EstimateCPU="4.18E-06" EstimateIO="0" EstimateRebinds="11.9066" EstimateRewinds="0" EstimateRows="1" LogicalOp="Inner Join" NodeId="53" Parallel="false" PhysicalOp="Nested Loops" EstimatedTotalSubtreeCost="0.126386">
                                                                          <OutputList>
                                                                            <ColumnReference Database="[servicetrax_dev]" Schema="[dbo]" Table="[JOBS]" Alias="[j]" Column="PROJECT_ID" />
                                                                            <ColumnReference Database="[servicetrax_dev]" Schema="[dbo]" Table="[JOBS]" Alias="[j]" Column="JOB_NO" />
                                                                            <ColumnReference Database="[servicetrax_dev]" Schema="[dbo]" Table="[JOBS]" Alias="[j]" Column="JOB_TYPE_ID" />
                                                                            <ColumnReference Database="[servicetrax_dev]" Schema="[dbo]" Table="[JOBS]" Alias="[j]" Column="JOB_STATUS_TYPE_ID" />
                                                                            <ColumnReference Database="[servicetrax_dev]" Schema="[dbo]" Table="[JOBS]" Alias="[j]" Column="BILLING_USER_ID" />
                                                                            <ColumnReference Database="[servicetrax_dev]" Schema="[dbo]" Table="[CUSTOMERS]" Alias="[c]" Column="CUSTOMER_NAME" />
                                                                            <ColumnReference Database="[servicetrax_dev]" Schema="[dbo]" Table="[CUSTOMERS]" Alias="[c]" Column="end_user_parent_id" />
                                                                            <ColumnReference Database="[servicetrax_dev]" Schema="[dbo]" Table="[LOOKUPS]" Alias="[customer_type]" Column="CODE" />
                                                                          </OutputList>
                                                                          <RunTimeInformation>
                                                                            <RunTimeCountersPerThread Thread="0" ActualRows="29" ActualEndOfScans="0" ActualExecutions="29" />
                                                                          </RunTimeInformation>
                                                                          <NestedLoops Optimized="false">
                                                                            <OuterReferences>
                                                                              <ColumnReference Database="[servicetrax_dev]" Schema="[dbo]" Table="[JOBS]" Alias="[j]" Column="CREATED_BY" />
                                                                            </OuterReferences>
                                                                            <RelOp AvgRowSize="101" EstimateCPU="4.18E-06" EstimateIO="0" EstimateRebinds="11.9066" EstimateRewinds="0" EstimateRows="1" LogicalOp="Inner Join" NodeId="54" Parallel="false" PhysicalOp="Nested Loops" EstimatedTotalSubtreeCost="0.0898279">
                                                                              <OutputList>
                                                                                <ColumnReference Database="[servicetrax_dev]" Schema="[dbo]" Table="[JOBS]" Alias="[j]" Column="PROJECT_ID" />
                                                                                <ColumnReference Database="[servicetrax_dev]" Schema="[dbo]" Table="[JOBS]" Alias="[j]" Column="JOB_NO" />
                                                                                <ColumnReference Database="[servicetrax_dev]" Schema="[dbo]" Table="[JOBS]" Alias="[j]" Column="JOB_TYPE_ID" />
                                                                                <ColumnReference Database="[servicetrax_dev]" Schema="[dbo]" Table="[JOBS]" Alias="[j]" Column="JOB_STATUS_TYPE_ID" />
                                                                                <ColumnReference Database="[servicetrax_dev]" Schema="[dbo]" Table="[JOBS]" Alias="[j]" Column="BILLING_USER_ID" />
                                                                                <ColumnReference Database="[servicetrax_dev]" Schema="[dbo]" Table="[JOBS]" Alias="[j]" Column="CREATED_BY" />
                                                                                <ColumnReference Database="[servicetrax_dev]" Schema="[dbo]" Table="[CUSTOMERS]" Alias="[c]" Column="CUSTOMER_NAME" />
                                                                                <ColumnReference Database="[servicetrax_dev]" Schema="[dbo]" Table="[CUSTOMERS]" Alias="[c]" Column="end_user_parent_id" />
                                                                                <ColumnReference Database="[servicetrax_dev]" Schema="[dbo]" Table="[LOOKUPS]" Alias="[customer_type]" Column="CODE" />
                                                                              </OutputList>
                                                                              <RunTimeInformation>
                                                                                <RunTimeCountersPerThread Thread="0" ActualRows="29" ActualEndOfScans="0" ActualExecutions="29" />
                                                                              </RunTimeInformation>
                                                                              <NestedLoops Optimized="false">
                                                                                <OuterReferences>
                                                                                  <ColumnReference Database="[servicetrax_dev]" Schema="[dbo]" Table="[CUSTOMERS]" Alias="[c]" Column="customer_type_id" />
                                                                                </OuterReferences>
                                                                                <RelOp AvgRowSize="101" EstimateCPU="4.18E-06" EstimateIO="0" EstimateRebinds="11.9066" EstimateRewinds="0" EstimateRows="1" LogicalOp="Inner Join" NodeId="55" Parallel="false" PhysicalOp="Nested Loops" EstimatedTotalSubtreeCost="0.0769306">
                                                                                  <OutputList>
                                                                                    <ColumnReference Database="[servicetrax_dev]" Schema="[dbo]" Table="[JOBS]" Alias="[j]" Column="PROJECT_ID" />
                                                                                    <ColumnReference Database="[servicetrax_dev]" Schema="[dbo]" Table="[JOBS]" Alias="[j]" Column="JOB_NO" />
                                                                                    <ColumnReference Database="[servicetrax_dev]" Schema="[dbo]" Table="[JOBS]" Alias="[j]" Column="JOB_TYPE_ID" />
                                                                                    <ColumnReference Database="[servicetrax_dev]" Schema="[dbo]" Table="[JOBS]" Alias="[j]" Column="JOB_STATUS_TYPE_ID" />
                                                                                    <ColumnReference Database="[servicetrax_dev]" Schema="[dbo]" Table="[JOBS]" Alias="[j]" Column="BILLING_USER_ID" />
                                                                                    <ColumnReference Database="[servicetrax_dev]" Schema="[dbo]" Table="[JOBS]" Alias="[j]" Column="CREATED_BY" />
                                                                                    <ColumnReference Database="[servicetrax_dev]" Schema="[dbo]" Table="[CUSTOMERS]" Alias="[c]" Column="CUSTOMER_NAME" />
                                                                                    <ColumnReference Database="[servicetrax_dev]" Schema="[dbo]" Table="[CUSTOMERS]" Alias="[c]" Column="customer_type_id" />
                                                                                    <ColumnReference Database="[servicetrax_dev]" Schema="[dbo]" Table="[CUSTOMERS]" Alias="[c]" Column="end_user_parent_id" />
                                                                                  </OutputList>
                                                                                  <RunTimeInformation>
                                                                                    <RunTimeCountersPerThread Thread="0" ActualRows="29" ActualEndOfScans="0" ActualExecutions="29" />
                                                                                  </RunTimeInformation>
                                                                                  <NestedLoops Optimized="false">
                                                                                    <OuterReferences>
                                                                                      <ColumnReference Database="[servicetrax_dev]" Schema="[dbo]" Table="[JOBS]" Alias="[j]" Column="CUSTOMER_ID" />
                                                                                    </OuterReferences>
                                                                                    <RelOp AvgRowSize="70" EstimateCPU="0.0001581" EstimateIO="0.003125" EstimateRebinds="11.9066" EstimateRewinds="0" EstimateRows="1" LogicalOp="Clustered Index Seek" NodeId="56" Parallel="false" PhysicalOp="Clustered Index Seek" EstimatedTotalSubtreeCost="0.0391307">
                                                                                      <OutputList>
                                                                                        <ColumnReference Database="[servicetrax_dev]" Schema="[dbo]" Table="[JOBS]" Alias="[j]" Column="PROJECT_ID" />
                                                                                        <ColumnReference Database="[servicetrax_dev]" Schema="[dbo]" Table="[JOBS]" Alias="[j]" Column="JOB_NO" />
                                                                                        <ColumnReference Database="[servicetrax_dev]" Schema="[dbo]" Table="[JOBS]" Alias="[j]" Column="JOB_TYPE_ID" />
                                                                                        <ColumnReference Database="[servicetrax_dev]" Schema="[dbo]" Table="[JOBS]" Alias="[j]" Column="JOB_STATUS_TYPE_ID" />
                                                                                        <ColumnReference Database="[servicetrax_dev]" Schema="[dbo]" Table="[JOBS]" Alias="[j]" Column="CUSTOMER_ID" />
                                                                                        <ColumnReference Database="[servicetrax_dev]" Schema="[dbo]" Table="[JOBS]" Alias="[j]" Column="BILLING_USER_ID" />
                                                                                        <ColumnReference Database="[servicetrax_dev]" Schema="[dbo]" Table="[JOBS]" Alias="[j]" Column="CREATED_BY" />
                                                                                      </OutputList>
                                                                                      <RunTimeInformation>
                                                                                        <RunTimeCountersPerThread Thread="0" ActualRows="29" ActualEndOfScans="0" ActualExecutions="29" />
                                                                                      </RunTimeInformation>
                                                                                      <IndexScan Ordered="true" ScanDirection="FORWARD" ForcedIndex="false" NoExpandHint="false">
                                                                                        <DefinedValues>
                                                                                          <DefinedValue>
                                                                                            <ColumnReference Database="[servicetrax_dev]" Schema="[dbo]" Table="[JOBS]" Alias="[j]" Column="PROJECT_ID" />
                                                                                          </DefinedValue>
                                                                                          <DefinedValue>
                                                                                            <ColumnReference Database="[servicetrax_dev]" Schema="[dbo]" Table="[JOBS]" Alias="[j]" Column="JOB_NO" />
                                                                                          </DefinedValue>
                                                                                          <DefinedValue>
                                                                                            <ColumnReference Database="[servicetrax_dev]" Schema="[dbo]" Table="[JOBS]" Alias="[j]" Column="JOB_TYPE_ID" />
                                                                                          </DefinedValue>
                                                                                          <DefinedValue>
                                                                                            <ColumnReference Database="[servicetrax_dev]" Schema="[dbo]" Table="[JOBS]" Alias="[j]" Column="JOB_STATUS_TYPE_ID" />
                                                                                          </DefinedValue>
                                                                                          <DefinedValue>
                                                                                            <ColumnReference Database="[servicetrax_dev]" Schema="[dbo]" Table="[JOBS]" Alias="[j]" Column="CUSTOMER_ID" />
                                                                                          </DefinedValue>
                                                                                          <DefinedValue>
                                                                                            <ColumnReference Database="[servicetrax_dev]" Schema="[dbo]" Table="[JOBS]" Alias="[j]" Column="BILLING_USER_ID" />
                                                                                          </DefinedValue>
                                                                                          <DefinedValue>
                                                                                            <ColumnReference Database="[servicetrax_dev]" Schema="[dbo]" Table="[JOBS]" Alias="[j]" Column="CREATED_BY" />
                                                                                          </DefinedValue>
                                                                                        </DefinedValues>
                                                                                        <Object Database="[servicetrax_dev]" Schema="[dbo]" Table="[JOBS]" Index="[PK_JOBS]" Alias="[j]" TableReferenceId="1" />
                                                                                        <SeekPredicates>
                                                                                          <SeekPredicate>
                                                                                            <Prefix ScanType="EQ">
                                                                                              <RangeColumns>
                                                                                                <ColumnReference Database="[servicetrax_dev]" Schema="[dbo]" Table="[JOBS]" Alias="[j]" Column="JOB_ID" />
                                                                                              </RangeColumns>
                                                                                              <RangeExpressions>
                                                                                                <ScalarOperator ScalarString="[servicetrax_dev].[dbo].[INVOICES].[JOB_ID]">
                                                                                                  <Identifier>
                                                                                                    <ColumnReference Database="[servicetrax_dev]" Schema="[dbo]" Table="[INVOICES]" Column="JOB_ID" />
                                                                                                  </Identifier>
                                                                                                </ScalarOperator>
                                                                                              </RangeExpressions>
                                                                                            </Prefix>
                                                                                          </SeekPredicate>
                                                                                        </SeekPredicates>
                                                                                      </IndexScan>
                                                                                    </RelOp>
                                                                                    <RelOp AvgRowSize="46" EstimateCPU="0.0001581" EstimateIO="0.003125" EstimateRebinds="11.9066" EstimateRewinds="0" EstimateRows="1" LogicalOp="Index Seek" NodeId="57" Parallel="false" PhysicalOp="Index Seek" EstimatedTotalSubtreeCost="0.0377459">
                                                                                      <OutputList>
                                                                                        <ColumnReference Database="[servicetrax_dev]" Schema="[dbo]" Table="[CUSTOMERS]" Alias="[c]" Column="CUSTOMER_NAME" />
                                                                                        <ColumnReference Database="[servicetrax_dev]" Schema="[dbo]" Table="[CUSTOMERS]" Alias="[c]" Column="customer_type_id" />
                                                                                        <ColumnReference Database="[servicetrax_dev]" Schema="[dbo]" Table="[CUSTOMERS]" Alias="[c]" Column="end_user_parent_id" />
                                                                                      </OutputList>
                                                                                      <RunTimeInformation>
                                                                                        <RunTimeCountersPerThread Thread="0" ActualRows="29" ActualEndOfScans="0" ActualExecutions="29" />
                                                                                      </RunTimeInformation>
                                                                                      <IndexScan Ordered="true" ScanDirection="FORWARD" ForcedIndex="false" NoExpandHint="false">
                                                                                        <DefinedValues>
                                                                                          <DefinedValue>
                                                                                            <ColumnReference Database="[servicetrax_dev]" Schema="[dbo]" Table="[CUSTOMERS]" Alias="[c]" Column="CUSTOMER_NAME" />
                                                                                          </DefinedValue>
                                                                                          <DefinedValue>
                                                                                            <ColumnReference Database="[servicetrax_dev]" Schema="[dbo]" Table="[CUSTOMERS]" Alias="[c]" Column="customer_type_id" />
                                                                                          </DefinedValue>
                                                                                          <DefinedValue>
                                                                                            <ColumnReference Database="[servicetrax_dev]" Schema="[dbo]" Table="[CUSTOMERS]" Alias="[c]" Column="end_user_parent_id" />
                                                                                          </DefinedValue>
                                                                                        </DefinedValues>
                                                                                        <Object Database="[servicetrax_dev]" Schema="[dbo]" Table="[CUSTOMERS]" Index="[IX_CUSTOMERS2]" Alias="[c]" TableReferenceId="1" />
                                                                                        <SeekPredicates>
                                                                                          <SeekPredicate>
                                                                                            <Prefix ScanType="EQ">
                                                                                              <RangeColumns>
                                                                                                <ColumnReference Database="[servicetrax_dev]" Schema="[dbo]" Table="[CUSTOMERS]" Alias="[c]" Column="CUSTOMER_ID" />
                                                                                              </RangeColumns>
                                                                                              <RangeExpressions>
                                                                                                <ScalarOperator ScalarString="[servicetrax_dev].[dbo].[JOBS].[CUSTOMER_ID] as [j].[CUSTOMER_ID]">
                                                                                                  <Identifier>
                                                                                                    <ColumnReference Database="[servicetrax_dev]" Schema="[dbo]" Table="[JOBS]" Alias="[j]" Column="CUSTOMER_ID" />
                                                                                                  </Identifier>
                                                                                                </ScalarOperator>
                                                                                              </RangeExpressions>
                                                                                            </Prefix>
                                                                                          </SeekPredicate>
                                                                                        </SeekPredicates>
                                                                                      </IndexScan>
                                                                                    </RelOp>
                                                                                  </NestedLoops>
                                                                                </RelOp>
                                                                                <RelOp AvgRowSize="18" EstimateCPU="0.0001581" EstimateIO="0.003125" EstimateRebinds="11.9066" EstimateRewinds="0" EstimateRows="1" LogicalOp="Index Seek" NodeId="58" Parallel="false" PhysicalOp="Index Seek" EstimatedTotalSubtreeCost="0.0128433">
                                                                                  <OutputList>
                                                                                    <ColumnReference Database="[servicetrax_dev]" Schema="[dbo]" Table="[LOOKUPS]" Alias="[customer_type]" Column="CODE" />
                                                                                  </OutputList>
                                                                                  <RunTimeInformation>
                                                                                    <RunTimeCountersPerThread Thread="0" ActualRows="29" ActualEndOfScans="0" ActualExecutions="29" />
                                                                                  </RunTimeInformation>
                                                                                  <IndexScan Ordered="true" ScanDirection="FORWARD" ForcedIndex="false" NoExpandHint="false">
                                                                                    <DefinedValues>
                                                                                      <DefinedValue>
                                                                                        <ColumnReference Database="[servicetrax_dev]" Schema="[dbo]" Table="[LOOKUPS]" Alias="[customer_type]" Column="CODE" />
                                                                                      </DefinedValue>
                                                                                    </DefinedValues>
                                                                                    <Object Database="[servicetrax_dev]" Schema="[dbo]" Table="[LOOKUPS]" Index="[IX_L_LID_CODE]" Alias="[customer_type]" TableReferenceId="1" />
                                                                                    <SeekPredicates>
                                                                                      <SeekPredicate>
                                                                                        <Prefix ScanType="EQ">
                                                                                          <RangeColumns>
                                                                                            <ColumnReference Database="[servicetrax_dev]" Schema="[dbo]" Table="[LOOKUPS]" Alias="[customer_type]" Column="LOOKUP_ID" />
                                                                                          </RangeColumns>
                                                                                          <RangeExpressions>
                                                                                            <ScalarOperator ScalarString="[servicetrax_dev].[dbo].[CUSTOMERS].[customer_type_id] as [c].[customer_type_id]">
                                                                                              <Identifier>
                                                                                                <ColumnReference Database="[servicetrax_dev]" Schema="[dbo]" Table="[CUSTOMERS]" Alias="[c]" Column="customer_type_id" />
                                                                                              </Identifier>
                                                                                            </ScalarOperator>
                                                                                          </RangeExpressions>
                                                                                        </Prefix>
                                                                                      </SeekPredicate>
                                                                                    </SeekPredicates>
                                                                                  </IndexScan>
                                                                                </RelOp>
                                                                              </NestedLoops>
                                                                            </RelOp>
                                                                            <RelOp AvgRowSize="9" EstimateCPU="0.0001581" EstimateIO="0.003125" EstimateRebinds="11.9066" EstimateRewinds="0" EstimateRows="1" LogicalOp="Clustered Index Seek" NodeId="59" Parallel="false" PhysicalOp="Clustered Index Seek" EstimatedTotalSubtreeCost="0.0365046">
                                                                              <OutputList />
                                                                              <RunTimeInformation>
                                                                                <RunTimeCountersPerThread Thread="0" ActualRows="29" ActualEndOfScans="0" ActualExecutions="29" />
                                                                              </RunTimeInformation>
                                                                              <IndexScan Ordered="true" ScanDirection="FORWARD" ForcedIndex="false" NoExpandHint="false">
                                                                                <DefinedValues />
                                                                                <Object Database="[servicetrax_dev]" Schema="[dbo]" Table="[USERS]" Index="[PK_USERS]" Alias="[created_by]" TableReferenceId="1" />
                                                                                <SeekPredicates>
                                                                                  <SeekPredicate>
                                                                                    <Prefix ScanType="EQ">
                                                                                      <RangeColumns>
                                                                                        <ColumnReference Database="[servicetrax_dev]" Schema="[dbo]" Table="[USERS]" Alias="[created_by]" Column="USER_ID" />
                                                                                      </RangeColumns>
                                                                                      <RangeExpressions>
                                                                                        <ScalarOperator ScalarString="[servicetrax_dev].[dbo].[JOBS].[CREATED_BY] as [j].[CREATED_BY]">
                                                                                          <Identifier>
                                                                                            <ColumnReference Database="[servicetrax_dev]" Schema="[dbo]" Table="[JOBS]" Alias="[j]" Column="CREATED_BY" />
                                                                                          </Identifier>
                                                                                        </ScalarOperator>
                                                                                      </RangeExpressions>
                                                                                    </Prefix>
                                                                                  </SeekPredicate>
                                                                                </SeekPredicates>
                                                                              </IndexScan>
                                                                            </RelOp>
                                                                          </NestedLoops>
                                                                        </RelOp>
                                                                        <RelOp AvgRowSize="9" EstimateCPU="0.0001581" EstimateIO="0.003125" EstimateRebinds="11.9066" EstimateRewinds="0" EstimateRows="1" LogicalOp="Index Seek" NodeId="60" Parallel="false" PhysicalOp="Index Seek" EstimatedTotalSubtreeCost="0.0154614">
                                                                          <OutputList />
                                                                          <RunTimeInformation>
                                                                            <RunTimeCountersPerThread Thread="0" ActualRows="29" ActualEndOfScans="0" ActualExecutions="29" />
                                                                          </RunTimeInformation>
                                                                          <IndexScan Ordered="true" ScanDirection="FORWARD" ForcedIndex="false" NoExpandHint="false">
                                                                            <DefinedValues />
                                                                            <Object Database="[servicetrax_dev]" Schema="[dbo]" Table="[LOOKUPS]" Index="[IX_L_LID_NAME]" Alias="[job_type]" TableReferenceId="1" />
                                                                            <SeekPredicates>
                                                                              <SeekPredicate>
                                                                                <Prefix ScanType="EQ">
                                                                                  <RangeColumns>
                                                                                    <ColumnReference Database="[servicetrax_dev]" Schema="[dbo]" Table="[LOOKUPS]" Alias="[job_type]" Column="LOOKUP_ID" />
                                                                                  </RangeColumns>
                                                                                  <RangeExpressions>
                                                                                    <ScalarOperator ScalarString="[servicetrax_dev].[dbo].[JOBS].[JOB_TYPE_ID] as [j].[JOB_TYPE_ID]">
                                                                                      <Identifier>
                                                                                        <ColumnReference Database="[servicetrax_dev]" Schema="[dbo]" Table="[JOBS]" Alias="[j]" Column="JOB_TYPE_ID" />
                                                                                      </Identifier>
                                                                                    </ScalarOperator>
                                                                                  </RangeExpressions>
                                                                                </Prefix>
                                                                              </SeekPredicate>
                                                                            </SeekPredicates>
                                                                          </IndexScan>
                                                                        </RelOp>
                                                                      </NestedLoops>
                                                                    </RelOp>
                                                                    <RelOp AvgRowSize="9" EstimateCPU="0.0001581" EstimateIO="0.003125" EstimateRebinds="11.9066" EstimateRewinds="0" EstimateRows="1" LogicalOp="Index Seek" NodeId="61" Parallel="false" PhysicalOp="Index Seek" EstimatedTotalSubtreeCost="0.00516553">
                                                                      <OutputList />
                                                                      <RunTimeInformation>
                                                                        <RunTimeCountersPerThread Thread="0" ActualRows="29" ActualEndOfScans="0" ActualExecutions="29" />
                                                                      </RunTimeInformation>
                                                                      <IndexScan Ordered="true" ScanDirection="FORWARD" ForcedIndex="false" NoExpandHint="false">
                                                                        <DefinedValues />
                                                                        <Object Database="[servicetrax_dev]" Schema="[dbo]" Table="[LOOKUPS]" Index="[IX_L_LID_NAME]" Alias="[job_status_type]" TableReferenceId="1" />
                                                                        <SeekPredicates>
                                                                          <SeekPredicate>
                                                                            <Prefix ScanType="EQ">
                                                                              <RangeColumns>
                                                                                <ColumnReference Database="[servicetrax_dev]" Schema="[dbo]" Table="[LOOKUPS]" Alias="[job_status_type]" Column="LOOKUP_ID" />
                                                                              </RangeColumns>
                                                                              <RangeExpressions>
                                                                                <ScalarOperator ScalarString="[servicetrax_dev].[dbo].[JOBS].[JOB_STATUS_TYPE_ID] as [j].[JOB_STATUS_TYPE_ID]">
                                                                                  <Identifier>
                                                                                    <ColumnReference Database="[servicetrax_dev]" Schema="[dbo]" Table="[JOBS]" Alias="[j]" Column="JOB_STATUS_TYPE_ID" />
                                                                                  </Identifier>
                                                                                </ScalarOperator>
                                                                              </RangeExpressions>
                                                                            </Prefix>
                                                                          </SeekPredicate>
                                                                        </SeekPredicates>
                                                                      </IndexScan>
                                                                    </RelOp>
                                                                  </NestedLoops>
                                                                </RelOp>
                                                                <RelOp AvgRowSize="24" EstimateCPU="0.0001581" EstimateIO="0.003125" EstimateRebinds="11.9066" EstimateRewinds="0" EstimateRows="1" LogicalOp="Clustered Index Seek" NodeId="62" Parallel="false" PhysicalOp="Clustered Index Seek" EstimatedTotalSubtreeCost="0.0364946">
                                                                  <OutputList>
                                                                    <ColumnReference Database="[servicetrax_dev]" Schema="[dbo]" Table="[USERS]" Alias="[u_billing]" Column="FIRST_NAME" />
                                                                    <ColumnReference Database="[servicetrax_dev]" Schema="[dbo]" Table="[USERS]" Alias="[u_billing]" Column="LAST_NAME" />
                                                                  </OutputList>
                                                                  <RunTimeInformation>
                                                                    <RunTimeCountersPerThread Thread="0" ActualRows="29" ActualEndOfScans="0" ActualExecutions="29" />
                                                                  </RunTimeInformation>
                                                                  <IndexScan Ordered="true" ScanDirection="FORWARD" ForcedIndex="false" NoExpandHint="false">
                                                                    <DefinedValues>
                                                                      <DefinedValue>
                                                                        <ColumnReference Database="[servicetrax_dev]" Schema="[dbo]" Table="[USERS]" Alias="[u_billing]" Column="FIRST_NAME" />
                                                                      </DefinedValue>
                                                                      <DefinedValue>
                                                                        <ColumnReference Database="[servicetrax_dev]" Schema="[dbo]" Table="[USERS]" Alias="[u_billing]" Column="LAST_NAME" />
                                                                      </DefinedValue>
                                                                    </DefinedValues>
                                                                    <Object Database="[servicetrax_dev]" Schema="[dbo]" Table="[USERS]" Index="[PK_USERS]" Alias="[u_billing]" TableReferenceId="1" />
                                                                    <SeekPredicates>
                                                                      <SeekPredicate>
                                                                        <Prefix ScanType="EQ">
                                                                          <RangeColumns>
                                                                            <ColumnReference Database="[servicetrax_dev]" Schema="[dbo]" Table="[USERS]" Alias="[u_billing]" Column="USER_ID" />
                                                                          </RangeColumns>
                                                                          <RangeExpressions>
                                                                            <ScalarOperator ScalarString="[servicetrax_dev].[dbo].[JOBS].[BILLING_USER_ID] as [j].[BILLING_USER_ID]">
                                                                              <Identifier>
                                                                                <ColumnReference Database="[servicetrax_dev]" Schema="[dbo]" Table="[JOBS]" Alias="[j]" Column="BILLING_USER_ID" />
                                                                              </Identifier>
                                                                            </ScalarOperator>
                                                                          </RangeExpressions>
                                                                        </Prefix>
                                                                      </SeekPredicate>
                                                                    </SeekPredicates>
                                                                  </IndexScan>
                                                                </RelOp>
                                                              </NestedLoops>
                                                            </RelOp>
                                                          </ComputeScalar>
                                                        </RelOp>
                                                        <RelOp AvgRowSize="16" EstimateCPU="0.0001581" EstimateIO="0.003125" EstimateRebinds="11.9066" EstimateRewinds="0" EstimateRows="1" LogicalOp="Index Seek" NodeId="66" Parallel="false" PhysicalOp="Index Seek" EstimatedTotalSubtreeCost="0.0384979">
                                                          <OutputList>
                                                            <ColumnReference Database="[servicetrax_dev]" Schema="[dbo]" Table="[PROJECTS]" Alias="[p]" Column="end_user_id" />
                                                          </OutputList>
                                                          <RunTimeInformation>
                                                            <RunTimeCountersPerThread Thread="0" ActualRows="19" ActualEndOfScans="10" ActualExecutions="29" />
                                                          </RunTimeInformation>
                                                          <IndexScan Ordered="true" ScanDirection="FORWARD" ForcedIndex="false" NoExpandHint="false">
                                                            <DefinedValues>
                                                              <DefinedValue>
                                                                <ColumnReference Database="[servicetrax_dev]" Schema="[dbo]" Table="[PROJECTS]" Alias="[p]" Column="end_user_id" />
                                                              </DefinedValue>
                                                            </DefinedValues>
                                                            <Object Database="[servicetrax_dev]" Schema="[dbo]" Table="[PROJECTS]" Index="[IX_project_p_eu]" Alias="[p]" TableReferenceId="1" />
                                                            <SeekPredicates>
                                                              <SeekPredicate>
                                                                <Prefix ScanType="EQ">
                                                                  <RangeColumns>
                                                                    <ColumnReference Database="[servicetrax_dev]" Schema="[dbo]" Table="[PROJECTS]" Alias="[p]" Column="PROJECT_ID" />
                                                                  </RangeColumns>
                                                                  <RangeExpressions>
                                                                    <ScalarOperator ScalarString="[servicetrax_dev].[dbo].[JOBS].[PROJECT_ID] as [j].[PROJECT_ID]">
                                                                      <Identifier>
                                                                        <ColumnReference Database="[servicetrax_dev]" Schema="[dbo]" Table="[JOBS]" Alias="[j]" Column="PROJECT_ID" />
                                                                      </Identifier>
                                                                    </ScalarOperator>
                                                                  </RangeExpressions>
                                                                </Prefix>
                                                              </SeekPredicate>
                                                            </SeekPredicates>
                                                          </IndexScan>
                                                        </RelOp>
                                                      </NestedLoops>
                                                    </RelOp>
                                                    <RelOp AvgRowSize="28" EstimateCPU="0.0001581" EstimateIO="0.003125" EstimateRebinds="11.9066" EstimateRewinds="0" EstimateRows="1" LogicalOp="Index Seek" NodeId="67" Parallel="false" PhysicalOp="Index Seek" EstimatedTotalSubtreeCost="0.0377297">
                                                      <OutputList>
                                                        <ColumnReference Database="[servicetrax_dev]" Schema="[dbo]" Table="[CUSTOMERS]" Alias="[eu]" Column="CUSTOMER_NAME" />
                                                      </OutputList>
                                                      <RunTimeInformation>
                                                        <RunTimeCountersPerThread Thread="0" ActualRows="5" ActualEndOfScans="24" ActualExecutions="29" />
                                                      </RunTimeInformation>
                                                      <IndexScan Ordered="true" ScanDirection="FORWARD" ForcedIndex="false" NoExpandHint="false">
                                                        <DefinedValues>
                                                          <DefinedValue>
                                                            <ColumnReference Database="[servicetrax_dev]" Schema="[dbo]" Table="[CUSTOMERS]" Alias="[eu]" Column="CUSTOMER_NAME" />
                                                          </DefinedValue>
                                                        </DefinedValues>
                                                        <Object Database="[servicetrax_dev]" Schema="[dbo]" Table="[CUSTOMERS]" Index="[IX_CUSTOMERS2]" Alias="[eu]" TableReferenceId="1" />
                                                        <SeekPredicates>
                                                          <SeekPredicate>
                                                            <Prefix ScanType="EQ">
                                                              <RangeColumns>
                                                                <ColumnReference Database="[servicetrax_dev]" Schema="[dbo]" Table="[CUSTOMERS]" Alias="[eu]" Column="CUSTOMER_ID" />
                                                              </RangeColumns>
                                                              <RangeExpressions>
                                                                <ScalarOperator ScalarString="[servicetrax_dev].[dbo].[PROJECTS].[end_user_id] as [p].[end_user_id]">
                                                                  <Identifier>
                                                                    <ColumnReference Database="[servicetrax_dev]" Schema="[dbo]" Table="[PROJECTS]" Alias="[p]" Column="end_user_id" />
                                                                  </Identifier>
                                                                </ScalarOperator>
                                                              </RangeExpressions>
                                                            </Prefix>
                                                          </SeekPredicate>
                                                        </SeekPredicates>
                                                      </IndexScan>
                                                    </RelOp>
                                                  </NestedLoops>
                                                </RelOp>
                                                <RelOp AvgRowSize="28" EstimateCPU="0.0001581" EstimateIO="0.003125" EstimateRebinds="11.9066" EstimateRewinds="0" EstimateRows="1" LogicalOp="Clustered Index Seek" NodeId="68" Parallel="false" PhysicalOp="Clustered Index Seek" EstimatedTotalSubtreeCost="0.0387715">
                                                  <OutputList>
                                                    <ColumnReference Database="[servicetrax_dev]" Schema="[dbo]" Table="[CUSTOMERS]" Column="CUSTOMER_NAME" />
                                                  </OutputList>
                                                  <RunTimeInformation>
                                                    <RunTimeCountersPerThread Thread="0" ActualRows="11" ActualEndOfScans="0" ActualExecutions="11" />
                                                  </RunTimeInformation>
                                                  <IndexScan Ordered="true" ScanDirection="FORWARD" ForcedIndex="false" NoExpandHint="false">
                                                    <DefinedValues>
                                                      <DefinedValue>
                                                        <ColumnReference Database="[servicetrax_dev]" Schema="[dbo]" Table="[CUSTOMERS]" Column="CUSTOMER_NAME" />
                                                      </DefinedValue>
                                                    </DefinedValues>
                                                    <Object Database="[servicetrax_dev]" Schema="[dbo]" Table="[CUSTOMERS]" Index="[PK_CUSTOMERS]" TableReferenceId="1" />
                                                    <SeekPredicates>
                                                      <SeekPredicate>
                                                        <Prefix ScanType="EQ">
                                                          <RangeColumns>
                                                            <ColumnReference Database="[servicetrax_dev]" Schema="[dbo]" Table="[CUSTOMERS]" Column="CUSTOMER_ID" />
                                                          </RangeColumns>
                                                          <RangeExpressions>
                                                            <ScalarOperator ScalarString="[servicetrax_dev].[dbo].[CUSTOMERS].[end_user_parent_id] as [c].[end_user_parent_id]">
                                                              <Identifier>
                                                                <ColumnReference Database="[servicetrax_dev]" Schema="[dbo]" Table="[CUSTOMERS]" Alias="[c]" Column="end_user_parent_id" />
                                                              </Identifier>
                                                            </ScalarOperator>
                                                          </RangeExpressions>
                                                        </Prefix>
                                                      </SeekPredicate>
                                                    </SeekPredicates>
                                                  </IndexScan>
                                                </RelOp>
                                              </NestedLoops>
                                            </RelOp>
                                          </ComputeScalar>
                                        </RelOp>
                                      </NestedLoops>
                                    </RelOp>
                                    <RelOp AvgRowSize="58" EstimateCPU="3.9409E-05" EstimateIO="0" EstimateRebinds="11.9066" EstimateRewinds="0" EstimateRows="394.09" LogicalOp="Compute Scalar" NodeId="74" Parallel="false" PhysicalOp="Compute Scalar" EstimatedTotalSubtreeCost="18.0407">
                                      <OutputList>
                                        <ColumnReference Database="[servicetrax_dev]" Schema="[dbo]" Table="[SERVICE_LINES]" Alias="[sl]" Column="bill_total" ComputedColumn="true" />
                                        <ColumnReference Database="[servicetrax_dev]" Schema="[dbo]" Table="[SERVICE_LINES]" Alias="[sl]" Column="bill_hourly_total" ComputedColumn="true" />
                                        <ColumnReference Database="[servicetrax_dev]" Schema="[dbo]" Table="[SERVICE_LINES]" Alias="[sl]" Column="bill_exp_total" ComputedColumn="true" />
                                      </OutputList>
                                      <ComputeScalar>
                                        <DefinedValues>
                                          <DefinedValue>
                                            <ColumnReference Database="[servicetrax_dev]" Schema="[dbo]" Table="[SERVICE_LINES]" Alias="[sl]" Column="bill_total" ComputedColumn="true" />
                                            <ScalarOperator ScalarString="[servicetrax_dev].[dbo].[SERVICE_LINES].[bill_total] as [sl].[bill_total]">
                                              <Identifier>
                                                <ColumnReference Database="[servicetrax_dev]" Schema="[dbo]" Table="[SERVICE_LINES]" Alias="[sl]" Column="bill_total" ComputedColumn="true" />
                                              </Identifier>
                                            </ScalarOperator>
                                          </DefinedValue>
                                          <DefinedValue>
                                            <ColumnReference Database="[servicetrax_dev]" Schema="[dbo]" Table="[SERVICE_LINES]" Alias="[sl]" Column="bill_hourly_total" ComputedColumn="true" />
                                            <ScalarOperator ScalarString="[servicetrax_dev].[dbo].[SERVICE_LINES].[bill_hourly_total] as [sl].[bill_hourly_total]">
                                              <Identifier>
                                                <ColumnReference Database="[servicetrax_dev]" Schema="[dbo]" Table="[SERVICE_LINES]" Alias="[sl]" Column="bill_hourly_total" ComputedColumn="true" />
                                              </Identifier>
                                            </ScalarOperator>
                                          </DefinedValue>
                                          <DefinedValue>
                                            <ColumnReference Database="[servicetrax_dev]" Schema="[dbo]" Table="[SERVICE_LINES]" Alias="[sl]" Column="bill_exp_total" ComputedColumn="true" />
                                            <ScalarOperator ScalarString="[servicetrax_dev].[dbo].[SERVICE_LINES].[bill_exp_total] as [sl].[bill_exp_total]">
                                              <Identifier>
                                                <ColumnReference Database="[servicetrax_dev]" Schema="[dbo]" Table="[SERVICE_LINES]" Alias="[sl]" Column="bill_exp_total" ComputedColumn="true" />
                                              </Identifier>
                                            </ScalarOperator>
                                          </DefinedValue>
                                        </DefinedValues>
                                        <RelOp AvgRowSize="58" EstimateCPU="0.000381725" EstimateIO="0" EstimateRebinds="11.9066" EstimateRewinds="0" EstimateRows="394.09" LogicalOp="Filter" NodeId="75" Parallel="false" PhysicalOp="Filter" EstimatedTotalSubtreeCost="18.0402">
                                          <OutputList>
                                            <ColumnReference Database="[servicetrax_dev]" Schema="[dbo]" Table="[SERVICE_LINES]" Alias="[sl]" Column="bill_total" ComputedColumn="true" />
                                            <ColumnReference Database="[servicetrax_dev]" Schema="[dbo]" Table="[SERVICE_LINES]" Alias="[sl]" Column="bill_hourly_total" ComputedColumn="true" />
                                            <ColumnReference Database="[servicetrax_dev]" Schema="[dbo]" Table="[SERVICE_LINES]" Alias="[sl]" Column="bill_exp_total" ComputedColumn="true" />
                                          </OutputList>
                                          <RunTimeInformation>
                                            <RunTimeCountersPerThread Thread="0" ActualRows="285" ActualEndOfScans="29" ActualExecutions="29" />
                                          </RunTimeInformation>
                                          <Filter StartupExpression="false">
                                            <RelOp AvgRowSize="72" EstimateCPU="0.00181319" EstimateIO="0" EstimateRebinds="11.9066" EstimateRewinds="0" EstimateRows="433.778" LogicalOp="Inner Join" NodeId="76" Parallel="false" PhysicalOp="Nested Loops" EstimatedTotalSubtreeCost="18.0353">
                                              <OutputList>
                                                <ColumnReference Database="[servicetrax_dev]" Schema="[dbo]" Table="[SERVICE_LINES]" Alias="[sl]" Column="STATUS_ID" />
                                                <ColumnReference Database="[servicetrax_dev]" Schema="[dbo]" Table="[SERVICE_LINES]" Alias="[sl]" Column="INTERNAL_REQ_FLAG" />
                                                <ColumnReference Database="[servicetrax_dev]" Schema="[dbo]" Table="[SERVICE_LINES]" Alias="[sl]" Column="bill_total" ComputedColumn="true" />
                                                <ColumnReference Database="[servicetrax_dev]" Schema="[dbo]" Table="[SERVICE_LINES]" Alias="[sl]" Column="bill_hourly_total" ComputedColumn="true" />
                                                <ColumnReference Database="[servicetrax_dev]" Schema="[dbo]" Table="[SERVICE_LINES]" Alias="[sl]" Column="bill_exp_total" ComputedColumn="true" />
                                              </OutputList>
                                              <RunTimeInformation>
                                                <RunTimeCountersPerThread Thread="0" ActualRows="285" ActualEndOfScans="29" ActualExecutions="29" />
                                              </RunTimeInformation>
                                              <NestedLoops Optimized="true" WithUnorderedPrefetch="true">
                                                <OuterReferences>
                                                  <ColumnReference Database="[servicetrax_dev]" Schema="[dbo]" Table="[SERVICE_LINES]" Alias="[sl]" Column="SERVICE_LINE_ID" />
                                                  <ColumnReference Column="Expr1328" />
                                                </OuterReferences>
                                                <RelOp AvgRowSize="16" EstimateCPU="0.000634156" EstimateIO="0.00386574" EstimateRebinds="11.9066" EstimateRewinds="0" EstimateRows="433.778" LogicalOp="Index Seek" NodeId="79" Parallel="false" PhysicalOp="Index Seek" EstimatedTotalSubtreeCost="0.0541388">
                                                  <OutputList>
                                                    <ColumnReference Database="[servicetrax_dev]" Schema="[dbo]" Table="[SERVICE_LINES]" Alias="[sl]" Column="SERVICE_LINE_ID" />
                                                  </OutputList>
                                                  <RunTimeInformation>
                                                    <RunTimeCountersPerThread Thread="0" ActualRows="285" ActualEndOfScans="29" ActualExecutions="29" />
                                                  </RunTimeInformation>
                                                  <IndexScan Ordered="true" ScanDirection="FORWARD" ForcedIndex="false" NoExpandHint="false">
                                                    <DefinedValues>
                                                      <DefinedValue>
                                                        <ColumnReference Database="[servicetrax_dev]" Schema="[dbo]" Table="[SERVICE_LINES]" Alias="[sl]" Column="SERVICE_LINE_ID" />
                                                      </DefinedValue>
                                                    </DefinedValues>
                                                    <Object Database="[servicetrax_dev]" Schema="[dbo]" Table="[SERVICE_LINES]" Index="[IX_SL_INVOICES]" Alias="[sl]" />
                                                    <SeekPredicates>
                                                      <SeekPredicate>
                                                        <Prefix ScanType="EQ">
                                                          <RangeColumns>
                                                            <ColumnReference Database="[servicetrax_dev]" Schema="[dbo]" Table="[SERVICE_LINES]" Alias="[sl]" Column="INVOICE_ID" />
                                                          </RangeColumns>
                                                          <RangeExpressions>
                                                            <ScalarOperator ScalarString="[servicetrax_dev].[dbo].[INVOICES].[INVOICE_ID]">
                                                              <Identifier>
                                                                <ColumnReference Database="[servicetrax_dev]" Schema="[dbo]" Table="[INVOICES]" Column="INVOICE_ID" />
                                                              </Identifier>
                                                            </ScalarOperator>
                                                          </RangeExpressions>
                                                        </Prefix>
                                                      </SeekPredicate>
                                                    </SeekPredicates>
                                                  </IndexScan>
                                                </RelOp>
                                                <RelOp AvgRowSize="71" EstimateCPU="1E-07" EstimateIO="0" EstimateRebinds="5597.59" EstimateRewinds="0" EstimateRows="1" LogicalOp="Compute Scalar" NodeId="81" Parallel="false" PhysicalOp="Compute Scalar" EstimatedTotalSubtreeCost="17.9578">
                                                  <OutputList>
                                                    <ColumnReference Database="[servicetrax_dev]" Schema="[dbo]" Table="[SERVICE_LINES]" Alias="[sl]" Column="bill_total" ComputedColumn="true" />
                                                    <ColumnReference Database="[servicetrax_dev]" Schema="[dbo]" Table="[SERVICE_LINES]" Alias="[sl]" Column="bill_hourly_total" ComputedColumn="true" />
                                                    <ColumnReference Database="[servicetrax_dev]" Schema="[dbo]" Table="[SERVICE_LINES]" Alias="[sl]" Column="bill_exp_total" ComputedColumn="true" />
                                                    <ColumnReference Database="[servicetrax_dev]" Schema="[dbo]" Table="[SERVICE_LINES]" Alias="[sl]" Column="STATUS_ID" />
                                                    <ColumnReference Database="[servicetrax_dev]" Schema="[dbo]" Table="[SERVICE_LINES]" Alias="[sl]" Column="INTERNAL_REQ_FLAG" />
                                                  </OutputList>
                                                  <ComputeScalar>
                                                    <DefinedValues>
                                                      <DefinedValue>
                                                        <ColumnReference Database="[servicetrax_dev]" Schema="[dbo]" Table="[SERVICE_LINES]" Alias="[sl]" Column="bill_total" ComputedColumn="true" />
                                                        <ScalarOperator ScalarString="isnull([servicetrax_dev].[dbo].[SERVICE_LINES].[BILL_QTY] as [sl].[BILL_QTY]*[servicetrax_dev].[dbo].[SERVICE_LINES].[BILL_RATE] as [sl].[BILL_RATE],(0.00000))">
                                                          <Intrinsic FunctionName="isnull">
                                                            <ScalarOperator>
                                                              <Arithmetic Operation="MULT">
                                                                <ScalarOperator>
                                                                  <Identifier>
                                                                    <ColumnReference Database="[servicetrax_dev]" Schema="[dbo]" Table="[SERVICE_LINES]" Alias="[sl]" Column="BILL_QTY" />
                                                                  </Identifier>
                                                                </ScalarOperator>
                                                                <ScalarOperator>
                                                                  <Identifier>
                                                                    <ColumnReference Database="[servicetrax_dev]" Schema="[dbo]" Table="[SERVICE_LINES]" Alias="[sl]" Column="BILL_RATE" />
                                                                  </Identifier>
                                                                </ScalarOperator>
                                                              </Arithmetic>
                                                            </ScalarOperator>
                                                            <ScalarOperator>
                                                              <Const ConstValue="(0.00000)" />
                                                            </ScalarOperator>
                                                          </Intrinsic>
                                                        </ScalarOperator>
                                                      </DefinedValue>
                                                      <DefinedValue>
                                                        <ColumnReference Database="[servicetrax_dev]" Schema="[dbo]" Table="[SERVICE_LINES]" Alias="[sl]" Column="bill_hourly_total" ComputedColumn="true" />
                                                        <ScalarOperator ScalarString="isnull([servicetrax_dev].[dbo].[SERVICE_LINES].[BILL_HOURLY_QTY] as [sl].[BILL_HOURLY_QTY]*[servicetrax_dev].[dbo].[SERVICE_LINES].[BILL_HOURLY_RATE] as [sl].[BILL_HOURLY_RATE],(0.00000))">
                                                          <Intrinsic FunctionName="isnull">
                                                            <ScalarOperator>
                                                              <Arithmetic Operation="MULT">
                                                                <ScalarOperator>
                                                                  <Identifier>
                                                                    <ColumnReference Database="[servicetrax_dev]" Schema="[dbo]" Table="[SERVICE_LINES]" Alias="[sl]" Column="BILL_HOURLY_QTY" />
                                                                  </Identifier>
                                                                </ScalarOperator>
                                                                <ScalarOperator>
                                                                  <Identifier>
                                                                    <ColumnReference Database="[servicetrax_dev]" Schema="[dbo]" Table="[SERVICE_LINES]" Alias="[sl]" Column="BILL_HOURLY_RATE" />
                                                                  </Identifier>
                                                                </ScalarOperator>
                                                              </Arithmetic>
                                                            </ScalarOperator>
                                                            <ScalarOperator>
                                                              <Const ConstValue="(0.00000)" />
                                                            </ScalarOperator>
                                                          </Intrinsic>
                                                        </ScalarOperator>
                                                      </DefinedValue>
                                                      <DefinedValue>
                                                        <ColumnReference Database="[servicetrax_dev]" Schema="[dbo]" Table="[SERVICE_LINES]" Alias="[sl]" Column="bill_exp_total" ComputedColumn="true" />
                                                        <ScalarOperator ScalarString="isnull([servicetrax_dev].[dbo].[SERVICE_LINES].[BILL_EXP_QTY] as [sl].[BILL_EXP_QTY]*[servicetrax_dev].[dbo].[SERVICE_LINES].[BILL_EXP_RATE] as [sl].[BILL_EXP_RATE],(0.00000))">
                                                          <Intrinsic FunctionName="isnull">
                                                            <ScalarOperator>
                                                              <Arithmetic Operation="MULT">
                                                                <ScalarOperator>
                                                                  <Identifier>
                                                                    <ColumnReference Database="[servicetrax_dev]" Schema="[dbo]" Table="[SERVICE_LINES]" Alias="[sl]" Column="BILL_EXP_QTY" />
                                                                  </Identifier>
                                                                </ScalarOperator>
                                                                <ScalarOperator>
                                                                  <Identifier>
                                                                    <ColumnReference Database="[servicetrax_dev]" Schema="[dbo]" Table="[SERVICE_LINES]" Alias="[sl]" Column="BILL_EXP_RATE" />
                                                                  </Identifier>
                                                                </ScalarOperator>
                                                              </Arithmetic>
                                                            </ScalarOperator>
                                                            <ScalarOperator>
                                                              <Const ConstValue="(0.00000)" />
                                                            </ScalarOperator>
                                                          </Intrinsic>
                                                        </ScalarOperator>
                                                      </DefinedValue>
                                                    </DefinedValues>
                                                    <RelOp AvgRowSize="74" EstimateCPU="0.0001581" EstimateIO="0.003125" EstimateRebinds="5597.59" EstimateRewinds="0" EstimateRows="1" LogicalOp="Clustered Index Seek" NodeId="82" Parallel="false" PhysicalOp="Clustered Index Seek" EstimatedTotalSubtreeCost="17.9572">
                                                      <OutputList>
                                                        <ColumnReference Database="[servicetrax_dev]" Schema="[dbo]" Table="[SERVICE_LINES]" Alias="[sl]" Column="STATUS_ID" />
                                                        <ColumnReference Database="[servicetrax_dev]" Schema="[dbo]" Table="[SERVICE_LINES]" Alias="[sl]" Column="BILL_QTY" />
                                                        <ColumnReference Database="[servicetrax_dev]" Schema="[dbo]" Table="[SERVICE_LINES]" Alias="[sl]" Column="BILL_RATE" />
                                                        <ColumnReference Database="[servicetrax_dev]" Schema="[dbo]" Table="[SERVICE_LINES]" Alias="[sl]" Column="BILL_HOURLY_QTY" />
                                                        <ColumnReference Database="[servicetrax_dev]" Schema="[dbo]" Table="[SERVICE_LINES]" Alias="[sl]" Column="BILL_HOURLY_RATE" />
                                                        <ColumnReference Database="[servicetrax_dev]" Schema="[dbo]" Table="[SERVICE_LINES]" Alias="[sl]" Column="BILL_EXP_QTY" />
                                                        <ColumnReference Database="[servicetrax_dev]" Schema="[dbo]" Table="[SERVICE_LINES]" Alias="[sl]" Column="BILL_EXP_RATE" />
                                                        <ColumnReference Database="[servicetrax_dev]" Schema="[dbo]" Table="[SERVICE_LINES]" Alias="[sl]" Column="INTERNAL_REQ_FLAG" />
                                                      </OutputList>
                                                      <RunTimeInformation>
                                                        <RunTimeCountersPerThread Thread="0" ActualRows="285" ActualEndOfScans="0" ActualExecutions="285" />
                                                      </RunTimeInformation>
                                                      <IndexScan Lookup="true" Ordered="true" ScanDirection="FORWARD" ForcedIndex="false" NoExpandHint="false">
                                                        <DefinedValues>
                                                          <DefinedValue>
                                                            <ColumnReference Database="[servicetrax_dev]" Schema="[dbo]" Table="[SERVICE_LINES]" Alias="[sl]" Column="STATUS_ID" />
                                                          </DefinedValue>
                                                          <DefinedValue>
                                                            <ColumnReference Database="[servicetrax_dev]" Schema="[dbo]" Table="[SERVICE_LINES]" Alias="[sl]" Column="BILL_QTY" />
                                                          </DefinedValue>
                                                          <DefinedValue>
                                                            <ColumnReference Database="[servicetrax_dev]" Schema="[dbo]" Table="[SERVICE_LINES]" Alias="[sl]" Column="BILL_RATE" />
                                                          </DefinedValue>
                                                          <DefinedValue>
                                                            <ColumnReference Database="[servicetrax_dev]" Schema="[dbo]" Table="[SERVICE_LINES]" Alias="[sl]" Column="BILL_HOURLY_QTY" />
                                                          </DefinedValue>
                                                          <DefinedValue>
                                                            <ColumnReference Database="[servicetrax_dev]" Schema="[dbo]" Table="[SERVICE_LINES]" Alias="[sl]" Column="BILL_HOURLY_RATE" />
                                                          </DefinedValue>
                                                          <DefinedValue>
                                                            <ColumnReference Database="[servicetrax_dev]" Schema="[dbo]" Table="[SERVICE_LINES]" Alias="[sl]" Column="BILL_EXP_QTY" />
                                                          </DefinedValue>
                                                          <DefinedValue>
                                                            <ColumnReference Database="[servicetrax_dev]" Schema="[dbo]" Table="[SERVICE_LINES]" Alias="[sl]" Column="BILL_EXP_RATE" />
                                                          </DefinedValue>
                                                          <DefinedValue>
                                                            <ColumnReference Database="[servicetrax_dev]" Schema="[dbo]" Table="[SERVICE_LINES]" Alias="[sl]" Column="INTERNAL_REQ_FLAG" />
                                                          </DefinedValue>
                                                        </DefinedValues>
                                                        <Object Database="[servicetrax_dev]" Schema="[dbo]" Table="[SERVICE_LINES]" Index="[PK_SERVICE_LINES]" Alias="[sl]" TableReferenceId="-1" />
                                                        <SeekPredicates>
                                                          <SeekPredicate>
                                                            <Prefix ScanType="EQ">
                                                              <RangeColumns>
                                                                <ColumnReference Database="[servicetrax_dev]" Schema="[dbo]" Table="[SERVICE_LINES]" Alias="[sl]" Column="SERVICE_LINE_ID" />
                                                              </RangeColumns>
                                                              <RangeExpressions>
                                                                <ScalarOperator ScalarString="[servicetrax_dev].[dbo].[SERVICE_LINES].[SERVICE_LINE_ID] as [sl].[SERVICE_LINE_ID]">
                                                                  <Identifier>
                                                                    <ColumnReference Database="[servicetrax_dev]" Schema="[dbo]" Table="[SERVICE_LINES]" Alias="[sl]" Column="SERVICE_LINE_ID" />
                                                                  </Identifier>
                                                                </ScalarOperator>
                                                              </RangeExpressions>
                                                            </Prefix>
                                                          </SeekPredicate>
                                                        </SeekPredicates>
                                                      </IndexScan>
                                                    </RelOp>
                                                  </ComputeScalar>
                                                </RelOp>
                                              </NestedLoops>
                                            </RelOp>
                                            <Predicate>
                                              <ScalarOperator ScalarString="[servicetrax_dev].[dbo].[SERVICE_LINES].[STATUS_ID] as [sl].[STATUS_ID]&gt;(3.) AND [servicetrax_dev].[dbo].[SERVICE_LINES].[INTERNAL_REQ_FLAG] as [sl].[INTERNAL_REQ_FLAG]='N'">
                                                <Logical Operation="AND">
                                                  <ScalarOperator>
                                                    <Compare CompareOp="GT">
                                                      <ScalarOperator>
                                                        <Identifier>
                                                          <ColumnReference Database="[servicetrax_dev]" Schema="[dbo]" Table="[SERVICE_LINES]" Alias="[sl]" Column="STATUS_ID" />
                                                        </Identifier>
                                                      </ScalarOperator>
                                                      <ScalarOperator>
                                                        <Const ConstValue="(3.)" />
                                                      </ScalarOperator>
                                                    </Compare>
                                                  </ScalarOperator>
                                                  <ScalarOperator>
                                                    <Compare CompareOp="EQ">
                                                      <ScalarOperator>
                                                        <Identifier>
                                                          <ColumnReference Database="[servicetrax_dev]" Schema="[dbo]" Table="[SERVICE_LINES]" Alias="[sl]" Column="INTERNAL_REQ_FLAG" />
                                                        </Identifier>
                                                      </ScalarOperator>
                                                      <ScalarOperator>
                                                        <Const ConstValue="'N'" />
                                                      </ScalarOperator>
                                                    </Compare>
                                                  </ScalarOperator>
                                                </Logical>
                                              </ScalarOperator>
                                            </Predicate>
                                          </Filter>
                                        </RelOp>
                                      </ComputeScalar>
                                    </RelOp>
                                  </NestedLoops>
                                </RelOp>
                              </ComputeScalar>
                            </RelOp>
                            <RelOp AvgRowSize="536" EstimateCPU="7.84769E-06" EstimateIO="0" EstimateRebinds="0" EstimateRewinds="0" EstimateRows="78.4769" LogicalOp="Compute Scalar" NodeId="114" Parallel="false" PhysicalOp="Compute Scalar" EstimatedTotalSubtreeCost="2.19027">
                              <OutputList>
                                <ColumnReference Database="[servicetrax_dev]" Schema="[dbo]" Table="[JOBS]" Alias="[j]" Column="JOB_NO" />
                                <ColumnReference Column="Expr1169" />
                                <ColumnReference Column="Expr1177" />
                                <ColumnReference Column="Expr1179" />
                                <ColumnReference Database="[servicetrax_dev]" Schema="[dbo]" Table="[INVOICES]" Column="INVOICE_ID" />
                                <ColumnReference Database="[servicetrax_dev]" Schema="[dbo]" Table="[INVOICES]" Column="STATUS_ID" />
                                <ColumnReference Database="[servicetrax_dev]" Schema="[dbo]" Table="[INVOICES]" Column="JOB_ID" />
                                <ColumnReference Database="[servicetrax_dev]" Schema="[dbo]" Table="[INVOICES]" Column="DESCRIPTION" />
                                <ColumnReference Database="[servicetrax_dev]" Schema="[dbo]" Table="[LOOKUPS]" Alias="[INVOICE_TYPE]" Column="NAME" />
                                <ColumnReference Column="Expr1248" />
                                <ColumnReference Column="Expr1253" />
                                <ColumnReference Column="Expr1254" />
                                <ColumnReference Column="Expr1255" />
                                <ColumnReference Column="Expr1256" />
                              </OutputList>
                              <ComputeScalar>
                                <DefinedValues>
                                  <DefinedValue>
                                    <ColumnReference Column="Expr1177" />
                                    <ScalarOperator ScalarString="CASE WHEN [servicetrax_dev].[dbo].[LOOKUPS].[CODE] as [customer_type].[CODE]='end_user' THEN [servicetrax_dev].[dbo].[CUSTOMERS].[CUSTOMER_NAME] ELSE [servicetrax_dev].[dbo].[CUSTOMERS].[CUSTOMER_NAME] as [c].[CUSTOMER_NAME] END">
                                      <IF>
                                        <Condition>
                                          <ScalarOperator>
                                            <Compare CompareOp="EQ">
                                              <ScalarOperator>
                                                <Identifier>
                                                  <ColumnReference Database="[servicetrax_dev]" Schema="[dbo]" Table="[LOOKUPS]" Alias="[customer_type]" Column="CODE" />
                                                </Identifier>
                                              </ScalarOperator>
                                              <ScalarOperator>
                                                <Const ConstValue="'end_user'" />
                                              </ScalarOperator>
                                            </Compare>
                                          </ScalarOperator>
                                        </Condition>
                                        <Then>
                                          <ScalarOperator>
                                            <Identifier>
                                              <ColumnReference Database="[servicetrax_dev]" Schema="[dbo]" Table="[CUSTOMERS]" Column="CUSTOMER_NAME" />
                                            </Identifier>
                                          </ScalarOperator>
                                        </Then>
                                        <Else>
                                          <ScalarOperator>
                                            <Identifier>
                                              <ColumnReference Database="[servicetrax_dev]" Schema="[dbo]" Table="[CUSTOMERS]" Alias="[c]" Column="CUSTOMER_NAME" />
                                            </Identifier>
                                          </ScalarOperator>
                                        </Else>
                                      </IF>
                                    </ScalarOperator>
                                  </DefinedValue>
                                  <DefinedValue>
                                    <ColumnReference Column="Expr1179" />
                                    <ScalarOperator ScalarString="CASE WHEN [servicetrax_dev].[dbo].[LOOKUPS].[CODE] as [customer_type].[CODE]='end_user' THEN [servicetrax_dev].[dbo].[CUSTOMERS].[CUSTOMER_NAME] as [c].[CUSTOMER_NAME] ELSE [servicetrax_dev].[dbo].[CUSTOMERS].[CUSTOMER_NAME] as [eu].[CUSTOMER_NAME] END">
                                      <IF>
                                        <Condition>
                                          <ScalarOperator>
                                            <Compare CompareOp="EQ">
                                              <ScalarOperator>
                                                <Identifier>
                                                  <ColumnReference Database="[servicetrax_dev]" Schema="[dbo]" Table="[LOOKUPS]" Alias="[customer_type]" Column="CODE" />
                                                </Identifier>
                                              </ScalarOperator>
                                              <ScalarOperator>
                                                <Const ConstValue="'end_user'" />
                                              </ScalarOperator>
                                            </Compare>
                                          </ScalarOperator>
                                        </Condition>
                                        <Then>
                                          <ScalarOperator>
                                            <Identifier>
                                              <ColumnReference Database="[servicetrax_dev]" Schema="[dbo]" Table="[CUSTOMERS]" Alias="[c]" Column="CUSTOMER_NAME" />
                                            </Identifier>
                                          </ScalarOperator>
                                        </Then>
                                        <Else>
                                          <ScalarOperator>
                                            <Identifier>
                                              <ColumnReference Database="[servicetrax_dev]" Schema="[dbo]" Table="[CUSTOMERS]" Alias="[eu]" Column="CUSTOMER_NAME" />
                                            </Identifier>
                                          </ScalarOperator>
                                        </Else>
                                      </IF>
                                    </ScalarOperator>
                                  </DefinedValue>
                                  <DefinedValue>
                                    <ColumnReference Column="Expr1248" />
                                    <ScalarOperator ScalarString="[Expr1302]+[Expr1228]">
                                      <Arithmetic Operation="ADD">
                                        <ScalarOperator>
                                          <Identifier>
                                            <ColumnReference Column="Expr1302" />
                                          </Identifier>
                                        </ScalarOperator>
                                        <ScalarOperator>
                                          <Identifier>
                                            <ColumnReference Column="Expr1228" />
                                          </Identifier>
                                        </ScalarOperator>
                                      </Arithmetic>
                                    </ScalarOperator>
                                  </DefinedValue>
                                  <DefinedValue>
                                    <ColumnReference Column="Expr1254" />
                                    <ScalarOperator ScalarString="(0.00000)">
                                      <Const ConstValue="(0.00000)" />
                                    </ScalarOperator>
                                  </DefinedValue>
                                  <DefinedValue>
                                    <ColumnReference Column="Expr1255" />
                                    <ScalarOperator ScalarString="(0.00000)">
                                      <Const ConstValue="(0.00000)" />
                                    </ScalarOperator>
                                  </DefinedValue>
                                  <DefinedValue>
                                    <ColumnReference Column="Expr1256" />
                                    <ScalarOperator ScalarString="(0.00000)">
                                      <Const ConstValue="(0.00000)" />
                                    </ScalarOperator>
                                  </DefinedValue>
                                </DefinedValues>
                                <RelOp AvgRowSize="479" EstimateCPU="0.000328034" EstimateIO="0" EstimateRebinds="0" EstimateRewinds="0" EstimateRows="78.4769" LogicalOp="Left Outer Join" NodeId="115" Parallel="false" PhysicalOp="Nested Loops" EstimatedTotalSubtreeCost="2.19026">
                                  <OutputList>
                                    <ColumnReference Database="[servicetrax_dev]" Schema="[dbo]" Table="[JOBS]" Alias="[j]" Column="JOB_NO" />
                                    <ColumnReference Database="[servicetrax_dev]" Schema="[dbo]" Table="[CUSTOMERS]" Alias="[c]" Column="CUSTOMER_NAME" />
                                    <ColumnReference Database="[servicetrax_dev]" Schema="[dbo]" Table="[LOOKUPS]" Alias="[customer_type]" Column="CODE" />
                                    <ColumnReference Database="[servicetrax_dev]" Schema="[dbo]" Table="[CUSTOMERS]" Alias="[eu]" Column="CUSTOMER_NAME" />
                                    <ColumnReference Column="Expr1169" />
                                    <ColumnReference Database="[servicetrax_dev]" Schema="[dbo]" Table="[CUSTOMERS]" Column="CUSTOMER_NAME" />
                                    <ColumnReference Column="Expr1228" />
                                    <ColumnReference Database="[servicetrax_dev]" Schema="[dbo]" Table="[INVOICES]" Column="INVOICE_ID" />
                                    <ColumnReference Database="[servicetrax_dev]" Schema="[dbo]" Table="[INVOICES]" Column="STATUS_ID" />
                                    <ColumnReference Database="[servicetrax_dev]" Schema="[dbo]" Table="[INVOICES]" Column="JOB_ID" />
                                    <ColumnReference Database="[servicetrax_dev]" Schema="[dbo]" Table="[INVOICES]" Column="DESCRIPTION" />
                                    <ColumnReference Database="[servicetrax_dev]" Schema="[dbo]" Table="[LOOKUPS]" Alias="[INVOICE_TYPE]" Column="NAME" />
                                    <ColumnReference Column="Expr1253" />
                                    <ColumnReference Column="Expr1302" />
                                  </OutputList>
                                  <RunTimeInformation>
                                    <RunTimeCountersPerThread Thread="0" ActualRows="2" ActualEndOfScans="1" ActualExecutions="1" />
                                  </RunTimeInformation>
                                  <NestedLoops Optimized="false" WithUnorderedPrefetch="true">
                                    <OuterReferences>
                                      <ColumnReference Database="[servicetrax_dev]" Schema="[dbo]" Table="[CUSTOMERS]" Alias="[c]" Column="end_user_parent_id" />
                                      <ColumnReference Column="Expr1335" />
                                    </OuterReferences>
                                    <RelOp AvgRowSize="469" EstimateCPU="0.037365" EstimateIO="0" EstimateRebinds="0" EstimateRewinds="0" EstimateRows="78.4769" LogicalOp="Right Outer Join" NodeId="117" Parallel="false" PhysicalOp="Merge Join" EstimatedTotalSubtreeCost="1.9561">
                                      <OutputList>
                                        <ColumnReference Database="[servicetrax_dev]" Schema="[dbo]" Table="[JOBS]" Alias="[j]" Column="JOB_NO" />
                                        <ColumnReference Database="[servicetrax_dev]" Schema="[dbo]" Table="[CUSTOMERS]" Alias="[c]" Column="CUSTOMER_NAME" />
                                        <ColumnReference Database="[servicetrax_dev]" Schema="[dbo]" Table="[CUSTOMERS]" Alias="[c]" Column="end_user_parent_id" />
                                        <ColumnReference Database="[servicetrax_dev]" Schema="[dbo]" Table="[LOOKUPS]" Alias="[customer_type]" Column="CODE" />
                                        <ColumnReference Database="[servicetrax_dev]" Schema="[dbo]" Table="[CUSTOMERS]" Alias="[eu]" Column="CUSTOMER_NAME" />
                                        <ColumnReference Column="Expr1169" />
                                        <ColumnReference Column="Expr1228" />
                                        <ColumnReference Database="[servicetrax_dev]" Schema="[dbo]" Table="[INVOICES]" Column="INVOICE_ID" />
                                        <ColumnReference Database="[servicetrax_dev]" Schema="[dbo]" Table="[INVOICES]" Column="STATUS_ID" />
                                        <ColumnReference Database="[servicetrax_dev]" Schema="[dbo]" Table="[INVOICES]" Column="JOB_ID" />
                                        <ColumnReference Database="[servicetrax_dev]" Schema="[dbo]" Table="[INVOICES]" Column="DESCRIPTION" />
                                        <ColumnReference Database="[servicetrax_dev]" Schema="[dbo]" Table="[LOOKUPS]" Alias="[INVOICE_TYPE]" Column="NAME" />
                                        <ColumnReference Column="Expr1253" />
                                        <ColumnReference Column="Expr1302" />
                                      </OutputList>
                                      <RunTimeInformation>
                                        <RunTimeCountersPerThread Thread="0" ActualRows="2" ActualEndOfScans="1" ActualExecutions="1" />
                                      </RunTimeInformation>
                                      <Merge ManyToMany="false">
                                        <InnerSideJoinColumns>
                                          <ColumnReference Database="[servicetrax_dev]" Schema="[dbo]" Table="[PROJECTS]" Alias="[p]" Column="end_user_id" />
                                        </InnerSideJoinColumns>
                                        <OuterSideJoinColumns>
                                          <ColumnReference Database="[servicetrax_dev]" Schema="[dbo]" Table="[CUSTOMERS]" Alias="[eu]" Column="CUSTOMER_ID" />
                                        </OuterSideJoinColumns>
                                        <Residual>
                                          <ScalarOperator ScalarString="[servicetrax_dev].[dbo].[PROJECTS].[end_user_id] as [p].[end_user_id]=[servicetrax_dev].[dbo].[CUSTOMERS].[CUSTOMER_ID] as [eu].[CUSTOMER_ID]">
                                            <Compare CompareOp="EQ">
                                              <ScalarOperator>
                                                <Identifier>
                                                  <ColumnReference Database="[servicetrax_dev]" Schema="[dbo]" Table="[PROJECTS]" Alias="[p]" Column="end_user_id" />
                                                </Identifier>
                                              </ScalarOperator>
                                              <ScalarOperator>
                                                <Identifier>
                                                  <ColumnReference Database="[servicetrax_dev]" Schema="[dbo]" Table="[CUSTOMERS]" Alias="[eu]" Column="CUSTOMER_ID" />
                                                </Identifier>
                                              </ScalarOperator>
                                            </Compare>
                                          </ScalarOperator>
                                        </Residual>
                                        <RelOp AvgRowSize="37" EstimateCPU="0.0167054" EstimateIO="0.0727546" EstimateRebinds="0" EstimateRewinds="0" EstimateRows="15044" LogicalOp="Index Scan" NodeId="118" Parallel="false" PhysicalOp="Index Scan" EstimatedTotalSubtreeCost="0.08946">
                                          <OutputList>
                                            <ColumnReference Database="[servicetrax_dev]" Schema="[dbo]" Table="[CUSTOMERS]" Alias="[eu]" Column="CUSTOMER_ID" />
                                            <ColumnReference Database="[servicetrax_dev]" Schema="[dbo]" Table="[CUSTOMERS]" Alias="[eu]" Column="CUSTOMER_NAME" />
                                          </OutputList>
                                          <RunTimeInformation>
                                            <RunTimeCountersPerThread Thread="0" ActualRows="2926" ActualEndOfScans="0" ActualExecutions="1" />
                                          </RunTimeInformation>
                                          <IndexScan Ordered="true" ScanDirection="FORWARD" ForcedIndex="false" NoExpandHint="false">
                                            <DefinedValues>
                                              <DefinedValue>
                                                <ColumnReference Database="[servicetrax_dev]" Schema="[dbo]" Table="[CUSTOMERS]" Alias="[eu]" Column="CUSTOMER_ID" />
                                              </DefinedValue>
                                              <DefinedValue>
                                                <ColumnReference Database="[servicetrax_dev]" Schema="[dbo]" Table="[CUSTOMERS]" Alias="[eu]" Column="CUSTOMER_NAME" />
                                              </DefinedValue>
                                            </DefinedValues>
                                            <Object Database="[servicetrax_dev]" Schema="[dbo]" Table="[CUSTOMERS]" Index="[IX_CUSTOMER_TYPE_NAME]" Alias="[eu]" TableReferenceId="3" />
                                          </IndexScan>
                                        </RelOp>
                                        <RelOp AvgRowSize="459" EstimateCPU="0.00087102" EstimateIO="0.0112613" EstimateRebinds="0" EstimateRewinds="0" EstimateRows="78.4769" LogicalOp="Sort" NodeId="119" Parallel="false" PhysicalOp="Sort" EstimatedTotalSubtreeCost="1.82927">
                                          <OutputList>
                                            <ColumnReference Database="[servicetrax_dev]" Schema="[dbo]" Table="[JOBS]" Alias="[j]" Column="JOB_NO" />
                                            <ColumnReference Database="[servicetrax_dev]" Schema="[dbo]" Table="[CUSTOMERS]" Alias="[c]" Column="CUSTOMER_NAME" />
                                            <ColumnReference Database="[servicetrax_dev]" Schema="[dbo]" Table="[CUSTOMERS]" Alias="[c]" Column="end_user_parent_id" />
                                            <ColumnReference Database="[servicetrax_dev]" Schema="[dbo]" Table="[LOOKUPS]" Alias="[customer_type]" Column="CODE" />
                                            <ColumnReference Database="[servicetrax_dev]" Schema="[dbo]" Table="[PROJECTS]" Alias="[p]" Column="end_user_id" />
                                            <ColumnReference Column="Expr1169" />
                                            <ColumnReference Column="Expr1228" />
                                            <ColumnReference Database="[servicetrax_dev]" Schema="[dbo]" Table="[INVOICES]" Column="INVOICE_ID" />
                                            <ColumnReference Database="[servicetrax_dev]" Schema="[dbo]" Table="[INVOICES]" Column="STATUS_ID" />
                                            <ColumnReference Database="[servicetrax_dev]" Schema="[dbo]" Table="[INVOICES]" Column="JOB_ID" />
                                            <ColumnReference Database="[servicetrax_dev]" Schema="[dbo]" Table="[INVOICES]" Column="DESCRIPTION" />
                                            <ColumnReference Database="[servicetrax_dev]" Schema="[dbo]" Table="[LOOKUPS]" Alias="[INVOICE_TYPE]" Column="NAME" />
                                            <ColumnReference Column="Expr1253" />
                                            <ColumnReference Column="Expr1302" />
                                          </OutputList>
                                          <MemoryFractions Input="0.0255474" Output="0.0255474" />
                                          <RunTimeInformation>
                                            <RunTimeCountersPerThread Thread="0" ActualRebinds="1" ActualRewinds="0" ActualRows="2" ActualEndOfScans="1" ActualExecutions="1" />
                                          </RunTimeInformation>
                                          <Sort Distinct="false">
                                            <OrderBy>
                                              <OrderByColumn Ascending="true">
                                                <ColumnReference Database="[servicetrax_dev]" Schema="[dbo]" Table="[PROJECTS]" Alias="[p]" Column="end_user_id" />
                                              </OrderByColumn>
                                            </OrderBy>
                                            <RelOp AvgRowSize="459" EstimateCPU="0.000328034" EstimateIO="0" EstimateRebinds="0" EstimateRewinds="0" EstimateRows="78.4769" LogicalOp="Left Outer Join" NodeId="120" Parallel="false" PhysicalOp="Nested Loops" EstimatedTotalSubtreeCost="1.81714">
                                              <OutputList>
                                                <ColumnReference Database="[servicetrax_dev]" Schema="[dbo]" Table="[JOBS]" Alias="[j]" Column="JOB_NO" />
                                                <ColumnReference Database="[servicetrax_dev]" Schema="[dbo]" Table="[CUSTOMERS]" Alias="[c]" Column="CUSTOMER_NAME" />
                                                <ColumnReference Database="[servicetrax_dev]" Schema="[dbo]" Table="[CUSTOMERS]" Alias="[c]" Column="end_user_parent_id" />
                                                <ColumnReference Database="[servicetrax_dev]" Schema="[dbo]" Table="[LOOKUPS]" Alias="[customer_type]" Column="CODE" />
                                                <ColumnReference Database="[servicetrax_dev]" Schema="[dbo]" Table="[PROJECTS]" Alias="[p]" Column="end_user_id" />
                                                <ColumnReference Column="Expr1169" />
                                                <ColumnReference Column="Expr1228" />
                                                <ColumnReference Database="[servicetrax_dev]" Schema="[dbo]" Table="[INVOICES]" Column="INVOICE_ID" />
                                                <ColumnReference Database="[servicetrax_dev]" Schema="[dbo]" Table="[INVOICES]" Column="STATUS_ID" />
                                                <ColumnReference Database="[servicetrax_dev]" Schema="[dbo]" Table="[INVOICES]" Column="JOB_ID" />
                                                <ColumnReference Database="[servicetrax_dev]" Schema="[dbo]" Table="[INVOICES]" Column="DESCRIPTION" />
                                                <ColumnReference Database="[servicetrax_dev]" Schema="[dbo]" Table="[LOOKUPS]" Alias="[INVOICE_TYPE]" Column="NAME" />
                                                <ColumnReference Column="Expr1253" />
                                                <ColumnReference Column="Expr1302" />
                                              </OutputList>
                                              <RunTimeInformation>
                                                <RunTimeCountersPerThread Thread="0" ActualRows="2" ActualEndOfScans="1" ActualExecutions="1" />
                                              </RunTimeInformation>
                                              <NestedLoops Optimized="false" WithUnorderedPrefetch="true">
                                                <OuterReferences>
                                                  <ColumnReference Database="[servicetrax_dev]" Schema="[dbo]" Table="[JOBS]" Alias="[j]" Column="PROJECT_ID" />
                                                  <ColumnReference Column="Expr1334" />
                                                </OuterReferences>
                                                <RelOp AvgRowSize="459" EstimateCPU="7.84769E-06" EstimateIO="0" EstimateRebinds="0" EstimateRewinds="0" EstimateRows="78.4769" LogicalOp="Compute Scalar" NodeId="122" Parallel="false" PhysicalOp="Compute Scalar" EstimatedTotalSubtreeCost="1.59391">
                                                  <OutputList>
                                                    <ColumnReference Database="[servicetrax_dev]" Schema="[dbo]" Table="[JOBS]" Alias="[j]" Column="PROJECT_ID" />
                                                    <ColumnReference Database="[servicetrax_dev]" Schema="[dbo]" Table="[JOBS]" Alias="[j]" Column="JOB_NO" />
                                                    <ColumnReference Database="[servicetrax_dev]" Schema="[dbo]" Table="[CUSTOMERS]" Alias="[c]" Column="CUSTOMER_NAME" />
                                                    <ColumnReference Database="[servicetrax_dev]" Schema="[dbo]" Table="[CUSTOMERS]" Alias="[c]" Column="end_user_parent_id" />
                                                    <ColumnReference Database="[servicetrax_dev]" Schema="[dbo]" Table="[LOOKUPS]" Alias="[customer_type]" Column="CODE" />
                                                    <ColumnReference Column="Expr1169" />
                                                    <ColumnReference Column="Expr1228" />
                                                    <ColumnReference Database="[servicetrax_dev]" Schema="[dbo]" Table="[INVOICES]" Column="INVOICE_ID" />
                                                    <ColumnReference Database="[servicetrax_dev]" Schema="[dbo]" Table="[INVOICES]" Column="STATUS_ID" />
                                                    <ColumnReference Database="[servicetrax_dev]" Schema="[dbo]" Table="[INVOICES]" Column="JOB_ID" />
                                                    <ColumnReference Database="[servicetrax_dev]" Schema="[dbo]" Table="[INVOICES]" Column="DESCRIPTION" />
                                                    <ColumnReference Database="[servicetrax_dev]" Schema="[dbo]" Table="[LOOKUPS]" Alias="[INVOICE_TYPE]" Column="NAME" />
                                                    <ColumnReference Column="Expr1253" />
                                                    <ColumnReference Column="Expr1302" />
                                                  </OutputList>
                                                  <ComputeScalar>
                                                    <DefinedValues>
                                                      <DefinedValue>
                                                        <ColumnReference Column="Expr1169" />
                                                        <ScalarOperator ScalarString="([servicetrax_dev].[dbo].[USERS].[FIRST_NAME] as [u_billing].[FIRST_NAME]+' ')+[servicetrax_dev].[dbo].[USERS].[LAST_NAME] as [u_billing].[LAST_NAME]">
                                                          <Arithmetic Operation="ADD">
                                                            <ScalarOperator>
                                                              <Arithmetic Operation="ADD">
                                                                <ScalarOperator>
                                                                  <Identifier>
                                                                    <ColumnReference Database="[servicetrax_dev]" Schema="[dbo]" Table="[USERS]" Alias="[u_billing]" Column="FIRST_NAME" />
                                                                  </Identifier>
                                                                </ScalarOperator>
                                                                <ScalarOperator>
                                                                  <Const ConstValue="' '" />
                                                                </ScalarOperator>
                                                              </Arithmetic>
                                                            </ScalarOperator>
                                                            <ScalarOperator>
                                                              <Identifier>
                                                                <ColumnReference Database="[servicetrax_dev]" Schema="[dbo]" Table="[USERS]" Alias="[u_billing]" Column="LAST_NAME" />
                                                              </Identifier>
                                                            </ScalarOperator>
                                                          </Arithmetic>
                                                        </ScalarOperator>
                                                      </DefinedValue>
                                                    </DefinedValues>
                                                    <RelOp AvgRowSize="272" EstimateCPU="0.0586504" EstimateIO="0" EstimateRebinds="0" EstimateRewinds="0" EstimateRows="78.4769" LogicalOp="Left Outer Join" NodeId="123" Parallel="false" PhysicalOp="Hash Match" EstimatedTotalSubtreeCost="1.59391">
                                                      <OutputList>
                                                        <ColumnReference Database="[servicetrax_dev]" Schema="[dbo]" Table="[JOBS]" Alias="[j]" Column="PROJECT_ID" />
                                                        <ColumnReference Database="[servicetrax_dev]" Schema="[dbo]" Table="[JOBS]" Alias="[j]" Column="JOB_NO" />
                                                        <ColumnReference Database="[servicetrax_dev]" Schema="[dbo]" Table="[CUSTOMERS]" Alias="[c]" Column="CUSTOMER_NAME" />
                                                        <ColumnReference Database="[servicetrax_dev]" Schema="[dbo]" Table="[CUSTOMERS]" Alias="[c]" Column="end_user_parent_id" />
                                                        <ColumnReference Database="[servicetrax_dev]" Schema="[dbo]" Table="[LOOKUPS]" Alias="[customer_type]" Column="CODE" />
                                                        <ColumnReference Database="[servicetrax_dev]" Schema="[dbo]" Table="[USERS]" Alias="[u_billing]" Column="FIRST_NAME" />
                                                        <ColumnReference Database="[servicetrax_dev]" Schema="[dbo]" Table="[USERS]" Alias="[u_billing]" Column="LAST_NAME" />
                                                        <ColumnReference Column="Expr1228" />
                                                        <ColumnReference Database="[servicetrax_dev]" Schema="[dbo]" Table="[INVOICES]" Column="INVOICE_ID" />
                                                        <ColumnReference Database="[servicetrax_dev]" Schema="[dbo]" Table="[INVOICES]" Column="STATUS_ID" />
                                                        <ColumnReference Database="[servicetrax_dev]" Schema="[dbo]" Table="[INVOICES]" Column="JOB_ID" />
                                                        <ColumnReference Database="[servicetrax_dev]" Schema="[dbo]" Table="[INVOICES]" Column="DESCRIPTION" />
                                                        <ColumnReference Database="[servicetrax_dev]" Schema="[dbo]" Table="[LOOKUPS]" Alias="[INVOICE_TYPE]" Column="NAME" />
                                                        <ColumnReference Column="Expr1253" />
                                                        <ColumnReference Column="Expr1302" />
                                                      </OutputList>
                                                      <MemoryFractions Input="0" Output="0" />
                                                      <RunTimeInformation>
                                                        <RunTimeCountersPerThread Thread="0" ActualRows="2" ActualEndOfScans="1" ActualExecutions="1" />
                                                      </RunTimeInformation>
                                                      <Hash>
                                                        <DefinedValues />
                                                        <HashKeysBuild>
                                                          <ColumnReference Database="[servicetrax_dev]" Schema="[dbo]" Table="[JOBS]" Alias="[j]" Column="BILLING_USER_ID" />
                                                        </HashKeysBuild>
                                                        <HashKeysProbe>
                                                          <ColumnReference Database="[servicetrax_dev]" Schema="[dbo]" Table="[USERS]" Alias="[u_billing]" Column="USER_ID" />
                                                        </HashKeysProbe>
                                                        <ProbeResidual>
                                                          <ScalarOperator ScalarString="[servicetrax_dev].[dbo].[JOBS].[BILLING_USER_ID] as [j].[BILLING_USER_ID]=[servicetrax_dev].[dbo].[USERS].[USER_ID] as [u_billing].[USER_ID]">
                                                            <Compare CompareOp="EQ">
                                                              <ScalarOperator>
                                                                <Identifier>
                                                                  <ColumnReference Database="[servicetrax_dev]" Schema="[dbo]" Table="[JOBS]" Alias="[j]" Column="BILLING_USER_ID" />
                                                                </Identifier>
                                                              </ScalarOperator>
                                                              <ScalarOperator>
                                                                <Identifier>
                                                                  <ColumnReference Database="[servicetrax_dev]" Schema="[dbo]" Table="[USERS]" Alias="[u_billing]" Column="USER_ID" />
                                                                </Identifier>
                                                              </ScalarOperator>
                                                            </Compare>
                                                          </ScalarOperator>
                                                        </ProbeResidual>
                                                        <RelOp AvgRowSize="266" EstimateCPU="0.000328034" EstimateIO="0" EstimateRebinds="0" EstimateRewinds="0" EstimateRows="78.4769" LogicalOp="Left Outer Join" NodeId="124" Parallel="false" PhysicalOp="Nested Loops" EstimatedTotalSubtreeCost="1.52185">
                                                          <OutputList>
                                                            <ColumnReference Database="[servicetrax_dev]" Schema="[dbo]" Table="[JOBS]" Alias="[j]" Column="PROJECT_ID" />
                                                            <ColumnReference Database="[servicetrax_dev]" Schema="[dbo]" Table="[JOBS]" Alias="[j]" Column="JOB_NO" />
                                                            <ColumnReference Database="[servicetrax_dev]" Schema="[dbo]" Table="[JOBS]" Alias="[j]" Column="BILLING_USER_ID" />
                                                            <ColumnReference Database="[servicetrax_dev]" Schema="[dbo]" Table="[CUSTOMERS]" Alias="[c]" Column="CUSTOMER_NAME" />
                                                            <ColumnReference Database="[servicetrax_dev]" Schema="[dbo]" Table="[CUSTOMERS]" Alias="[c]" Column="end_user_parent_id" />
                                                            <ColumnReference Database="[servicetrax_dev]" Schema="[dbo]" Table="[LOOKUPS]" Alias="[customer_type]" Column="CODE" />
                                                            <ColumnReference Column="Expr1228" />
                                                            <ColumnReference Database="[servicetrax_dev]" Schema="[dbo]" Table="[INVOICES]" Column="INVOICE_ID" />
                                                            <ColumnReference Database="[servicetrax_dev]" Schema="[dbo]" Table="[INVOICES]" Column="STATUS_ID" />
                                                            <ColumnReference Database="[servicetrax_dev]" Schema="[dbo]" Table="[INVOICES]" Column="JOB_ID" />
                                                            <ColumnReference Database="[servicetrax_dev]" Schema="[dbo]" Table="[INVOICES]" Column="DESCRIPTION" />
                                                            <ColumnReference Database="[servicetrax_dev]" Schema="[dbo]" Table="[LOOKUPS]" Alias="[INVOICE_TYPE]" Column="NAME" />
                                                            <ColumnReference Column="Expr1253" />
                                                            <ColumnReference Column="Expr1302" />
                                                          </OutputList>
                                                          <RunTimeInformation>
                                                            <RunTimeCountersPerThread Thread="0" ActualRows="2" ActualEndOfScans="1" ActualExecutions="1" />
                                                          </RunTimeInformation>
                                                          <NestedLoops Optimized="false">
                                                            <OuterReferences>
                                                              <ColumnReference Database="[servicetrax_dev]" Schema="[dbo]" Table="[INVOICES]" Column="INVOICE_TYPE_ID" />
                                                            </OuterReferences>
                                                            <RelOp AvgRowSize="265" EstimateCPU="0.000328034" EstimateIO="0" EstimateRebinds="0" EstimateRewinds="0" EstimateRows="78.4769" LogicalOp="Left Outer Join" NodeId="125" Parallel="false" PhysicalOp="Nested Loops" EstimatedTotalSubtreeCost="1.50599">
                                                              <OutputList>
                                                                <ColumnReference Database="[servicetrax_dev]" Schema="[dbo]" Table="[JOBS]" Alias="[j]" Column="PROJECT_ID" />
                                                                <ColumnReference Database="[servicetrax_dev]" Schema="[dbo]" Table="[JOBS]" Alias="[j]" Column="JOB_NO" />
                                                                <ColumnReference Database="[servicetrax_dev]" Schema="[dbo]" Table="[JOBS]" Alias="[j]" Column="BILLING_USER_ID" />
                                                                <ColumnReference Database="[servicetrax_dev]" Schema="[dbo]" Table="[CUSTOMERS]" Alias="[c]" Column="CUSTOMER_NAME" />
                                                                <ColumnReference Database="[servicetrax_dev]" Schema="[dbo]" Table="[CUSTOMERS]" Alias="[c]" Column="end_user_parent_id" />
                                                                <ColumnReference Database="[servicetrax_dev]" Schema="[dbo]" Table="[LOOKUPS]" Alias="[customer_type]" Column="CODE" />
                                                                <ColumnReference Column="Expr1228" />
                                                                <ColumnReference Database="[servicetrax_dev]" Schema="[dbo]" Table="[INVOICES]" Column="INVOICE_ID" />
                                                                <ColumnReference Database="[servicetrax_dev]" Schema="[dbo]" Table="[INVOICES]" Column="INVOICE_TYPE_ID" />
                                                                <ColumnReference Database="[servicetrax_dev]" Schema="[dbo]" Table="[INVOICES]" Column="STATUS_ID" />
                                                                <ColumnReference Database="[servicetrax_dev]" Schema="[dbo]" Table="[INVOICES]" Column="JOB_ID" />
                                                                <ColumnReference Database="[servicetrax_dev]" Schema="[dbo]" Table="[INVOICES]" Column="DESCRIPTION" />
                                                                <ColumnReference Column="Expr1253" />
                                                                <ColumnReference Column="Expr1302" />
                                                              </OutputList>
                                                              <RunTimeInformation>
                                                                <RunTimeCountersPerThread Thread="0" ActualRows="2" ActualEndOfScans="1" ActualExecutions="1" />
                                                              </RunTimeInformation>
                                                              <NestedLoops Optimized="false">
                                                                <OuterReferences>
                                                                  <ColumnReference Database="[servicetrax_dev]" Schema="[dbo]" Table="[INVOICES]" Column="INVOICE_ID" />
                                                                </OuterReferences>
                                                                <RelOp AvgRowSize="263" EstimateCPU="0.000328034" EstimateIO="0" EstimateRebinds="0" EstimateRewinds="0" EstimateRows="78.4769" LogicalOp="Inner Join" NodeId="126" Parallel="false" PhysicalOp="Nested Loops" EstimatedTotalSubtreeCost="1.35391">
                                                                  <OutputList>
                                                                    <ColumnReference Database="[servicetrax_dev]" Schema="[dbo]" Table="[JOBS]" Alias="[j]" Column="PROJECT_ID" />
                                                                    <ColumnReference Database="[servicetrax_dev]" Schema="[dbo]" Table="[JOBS]" Alias="[j]" Column="JOB_NO" />
                                                                    <ColumnReference Database="[servicetrax_dev]" Schema="[dbo]" Table="[JOBS]" Alias="[j]" Column="BILLING_USER_ID" />
                                                                    <ColumnReference Database="[servicetrax_dev]" Schema="[dbo]" Table="[CUSTOMERS]" Alias="[c]" Column="CUSTOMER_NAME" />
                                                                    <ColumnReference Database="[servicetrax_dev]" Schema="[dbo]" Table="[CUSTOMERS]" Alias="[c]" Column="end_user_parent_id" />
                                                                    <ColumnReference Database="[servicetrax_dev]" Schema="[dbo]" Table="[LOOKUPS]" Alias="[customer_type]" Column="CODE" />
                                                                    <ColumnReference Database="[servicetrax_dev]" Schema="[dbo]" Table="[INVOICES]" Column="INVOICE_ID" />
                                                                    <ColumnReference Database="[servicetrax_dev]" Schema="[dbo]" Table="[INVOICES]" Column="INVOICE_TYPE_ID" />
                                                                    <ColumnReference Database="[servicetrax_dev]" Schema="[dbo]" Table="[INVOICES]" Column="STATUS_ID" />
                                                                    <ColumnReference Database="[servicetrax_dev]" Schema="[dbo]" Table="[INVOICES]" Column="JOB_ID" />
                                                                    <ColumnReference Database="[servicetrax_dev]" Schema="[dbo]" Table="[INVOICES]" Column="DESCRIPTION" />
                                                                    <ColumnReference Column="Expr1253" />
                                                                    <ColumnReference Column="Expr1302" />
                                                                  </OutputList>
                                                                  <RunTimeInformation>
                                                                    <RunTimeCountersPerThread Thread="0" ActualRows="2" ActualEndOfScans="1" ActualExecutions="1" />
                                                                  </RunTimeInformation>
                                                                  <NestedLoops Optimized="false">
                                                                    <OuterReferences>
                                                                      <ColumnReference Database="[servicetrax_dev]" Schema="[dbo]" Table="[JOBS]" Alias="[j]" Column="JOB_TYPE_ID" />
                                                                    </OuterReferences>
                                                                    <RelOp AvgRowSize="272" EstimateCPU="0.000328034" EstimateIO="0" EstimateRebinds="0" EstimateRewinds="0" EstimateRows="78.4769" LogicalOp="Inner Join" NodeId="127" Parallel="false" PhysicalOp="Nested Loops" EstimatedTotalSubtreeCost="1.33084">
                                                                      <OutputList>
                                                                        <ColumnReference Database="[servicetrax_dev]" Schema="[dbo]" Table="[JOBS]" Alias="[j]" Column="PROJECT_ID" />
                                                                        <ColumnReference Database="[servicetrax_dev]" Schema="[dbo]" Table="[JOBS]" Alias="[j]" Column="JOB_NO" />
                                                                        <ColumnReference Database="[servicetrax_dev]" Schema="[dbo]" Table="[JOBS]" Alias="[j]" Column="JOB_TYPE_ID" />
                                                                        <ColumnReference Database="[servicetrax_dev]" Schema="[dbo]" Table="[JOBS]" Alias="[j]" Column="BILLING_USER_ID" />
                                                                        <ColumnReference Database="[servicetrax_dev]" Schema="[dbo]" Table="[CUSTOMERS]" Alias="[c]" Column="CUSTOMER_NAME" />
                                                                        <ColumnReference Database="[servicetrax_dev]" Schema="[dbo]" Table="[CUSTOMERS]" Alias="[c]" Column="end_user_parent_id" />
                                                                        <ColumnReference Database="[servicetrax_dev]" Schema="[dbo]" Table="[LOOKUPS]" Alias="[customer_type]" Column="CODE" />
                                                                        <ColumnReference Database="[servicetrax_dev]" Schema="[dbo]" Table="[INVOICES]" Column="INVOICE_ID" />
                                                                        <ColumnReference Database="[servicetrax_dev]" Schema="[dbo]" Table="[INVOICES]" Column="INVOICE_TYPE_ID" />
                                                                        <ColumnReference Database="[servicetrax_dev]" Schema="[dbo]" Table="[INVOICES]" Column="STATUS_ID" />
                                                                        <ColumnReference Database="[servicetrax_dev]" Schema="[dbo]" Table="[INVOICES]" Column="JOB_ID" />
                                                                        <ColumnReference Database="[servicetrax_dev]" Schema="[dbo]" Table="[INVOICES]" Column="DESCRIPTION" />
                                                                        <ColumnReference Column="Expr1253" />
                                                                        <ColumnReference Column="Expr1302" />
                                                                      </OutputList>
                                                                      <RunTimeInformation>
                                                                        <RunTimeCountersPerThread Thread="0" ActualRows="2" ActualEndOfScans="1" ActualExecutions="1" />
                                                                      </RunTimeInformation>
                                                                      <NestedLoops Optimized="false">
                                                                        <OuterReferences>
                                                                          <ColumnReference Database="[servicetrax_dev]" Schema="[dbo]" Table="[JOBS]" Alias="[j]" Column="JOB_STATUS_TYPE_ID" />
                                                                        </OuterReferences>
                                                                        <RelOp AvgRowSize="281" EstimateCPU="0.000335904" EstimateIO="0" EstimateRebinds="0" EstimateRewinds="0" EstimateRows="78.4769" LogicalOp="Inner Join" NodeId="128" Parallel="false" PhysicalOp="Nested Loops" EstimatedTotalSubtreeCost="1.31498">
                                                                          <OutputList>
                                                                            <ColumnReference Database="[servicetrax_dev]" Schema="[dbo]" Table="[JOBS]" Alias="[j]" Column="PROJECT_ID" />
                                                                            <ColumnReference Database="[servicetrax_dev]" Schema="[dbo]" Table="[JOBS]" Alias="[j]" Column="JOB_NO" />
                                                                            <ColumnReference Database="[servicetrax_dev]" Schema="[dbo]" Table="[JOBS]" Alias="[j]" Column="JOB_TYPE_ID" />
                                                                            <ColumnReference Database="[servicetrax_dev]" Schema="[dbo]" Table="[JOBS]" Alias="[j]" Column="JOB_STATUS_TYPE_ID" />
                                                                            <ColumnReference Database="[servicetrax_dev]" Schema="[dbo]" Table="[JOBS]" Alias="[j]" Column="BILLING_USER_ID" />
                                                                            <ColumnReference Database="[servicetrax_dev]" Schema="[dbo]" Table="[CUSTOMERS]" Alias="[c]" Column="CUSTOMER_NAME" />
                                                                            <ColumnReference Database="[servicetrax_dev]" Schema="[dbo]" Table="[CUSTOMERS]" Alias="[c]" Column="end_user_parent_id" />
                                                                            <ColumnReference Database="[servicetrax_dev]" Schema="[dbo]" Table="[LOOKUPS]" Alias="[customer_type]" Column="CODE" />
                                                                            <ColumnReference Database="[servicetrax_dev]" Schema="[dbo]" Table="[INVOICES]" Column="INVOICE_ID" />
                                                                            <ColumnReference Database="[servicetrax_dev]" Schema="[dbo]" Table="[INVOICES]" Column="INVOICE_TYPE_ID" />
                                                                            <ColumnReference Database="[servicetrax_dev]" Schema="[dbo]" Table="[INVOICES]" Column="STATUS_ID" />
                                                                            <ColumnReference Database="[servicetrax_dev]" Schema="[dbo]" Table="[INVOICES]" Column="JOB_ID" />
                                                                            <ColumnReference Database="[servicetrax_dev]" Schema="[dbo]" Table="[INVOICES]" Column="DESCRIPTION" />
                                                                            <ColumnReference Column="Expr1253" />
                                                                            <ColumnReference Column="Expr1302" />
                                                                          </OutputList>
                                                                          <RunTimeInformation>
                                                                            <RunTimeCountersPerThread Thread="0" ActualRows="2" ActualEndOfScans="1" ActualExecutions="1" />
                                                                          </RunTimeInformation>
                                                                          <NestedLoops Optimized="false">
                                                                            <OuterReferences>
                                                                              <ColumnReference Database="[servicetrax_dev]" Schema="[dbo]" Table="[CUSTOMERS]" Alias="[c]" Column="customer_type_id" />
                                                                            </OuterReferences>
                                                                            <RelOp AvgRowSize="281" EstimateCPU="0.0108747" EstimateIO="0" EstimateRebinds="0" EstimateRewinds="0" EstimateRows="80.3599" LogicalOp="Inner Join" NodeId="129" Parallel="false" PhysicalOp="Merge Join" EstimatedTotalSubtreeCost="1.29381">
                                                                              <OutputList>
                                                                                <ColumnReference Database="[servicetrax_dev]" Schema="[dbo]" Table="[JOBS]" Alias="[j]" Column="PROJECT_ID" />
                                                                                <ColumnReference Database="[servicetrax_dev]" Schema="[dbo]" Table="[JOBS]" Alias="[j]" Column="JOB_NO" />
                                                                                <ColumnReference Database="[servicetrax_dev]" Schema="[dbo]" Table="[JOBS]" Alias="[j]" Column="JOB_TYPE_ID" />
                                                                                <ColumnReference Database="[servicetrax_dev]" Schema="[dbo]" Table="[JOBS]" Alias="[j]" Column="JOB_STATUS_TYPE_ID" />
                                                                                <ColumnReference Database="[servicetrax_dev]" Schema="[dbo]" Table="[JOBS]" Alias="[j]" Column="BILLING_USER_ID" />
                                                                                <ColumnReference Database="[servicetrax_dev]" Schema="[dbo]" Table="[CUSTOMERS]" Alias="[c]" Column="CUSTOMER_NAME" />
                                                                                <ColumnReference Database="[servicetrax_dev]" Schema="[dbo]" Table="[CUSTOMERS]" Alias="[c]" Column="customer_type_id" />
                                                                                <ColumnReference Database="[servicetrax_dev]" Schema="[dbo]" Table="[CUSTOMERS]" Alias="[c]" Column="end_user_parent_id" />
                                                                                <ColumnReference Database="[servicetrax_dev]" Schema="[dbo]" Table="[INVOICES]" Column="INVOICE_ID" />
                                                                                <ColumnReference Database="[servicetrax_dev]" Schema="[dbo]" Table="[INVOICES]" Column="INVOICE_TYPE_ID" />
                                                                                <ColumnReference Database="[servicetrax_dev]" Schema="[dbo]" Table="[INVOICES]" Column="STATUS_ID" />
                                                                                <ColumnReference Database="[servicetrax_dev]" Schema="[dbo]" Table="[INVOICES]" Column="JOB_ID" />
                                                                                <ColumnReference Database="[servicetrax_dev]" Schema="[dbo]" Table="[INVOICES]" Column="DESCRIPTION" />
                                                                                <ColumnReference Column="Expr1253" />
                                                                                <ColumnReference Column="Expr1302" />
                                                                              </OutputList>
                                                                              <RunTimeInformation>
                                                                                <RunTimeCountersPerThread Thread="0" ActualRows="2" ActualEndOfScans="1" ActualExecutions="1" />
                                                                              </RunTimeInformation>
                                                                              <Merge ManyToMany="false">
                                                                                <InnerSideJoinColumns>
                                                                                  <ColumnReference Database="[servicetrax_dev]" Schema="[dbo]" Table="[JOBS]" Alias="[j]" Column="CUSTOMER_ID" />
                                                                                </InnerSideJoinColumns>
                                                                                <OuterSideJoinColumns>
                                                                                  <ColumnReference Database="[servicetrax_dev]" Schema="[dbo]" Table="[CUSTOMERS]" Alias="[c]" Column="CUSTOMER_ID" />
                                                                                </OuterSideJoinColumns>
                                                                                <Residual>
                                                                                  <ScalarOperator ScalarString="[servicetrax_dev].[dbo].[CUSTOMERS].[CUSTOMER_ID] as [c].[CUSTOMER_ID]=[servicetrax_dev].[dbo].[JOBS].[CUSTOMER_ID] as [j].[CUSTOMER_ID]">
                                                                                    <Compare CompareOp="EQ">
                                                                                      <ScalarOperator>
                                                                                        <Identifier>
                                                                                          <ColumnReference Database="[servicetrax_dev]" Schema="[dbo]" Table="[CUSTOMERS]" Alias="[c]" Column="CUSTOMER_ID" />
                                                                                        </Identifier>
                                                                                      </ScalarOperator>
                                                                                      <ScalarOperator>
                                                                                        <Identifier>
                                                                                          <ColumnReference Database="[servicetrax_dev]" Schema="[dbo]" Table="[JOBS]" Alias="[j]" Column="CUSTOMER_ID" />
                                                                                        </Identifier>
                                                                                      </ScalarOperator>
                                                                                    </Compare>
                                                                                  </ScalarOperator>
                                                                                </Residual>
                                                                                <RelOp AvgRowSize="64" EstimateCPU="0.0167054" EstimateIO="0.100162" EstimateRebinds="0" EstimateRewinds="0" EstimateRows="2427.58" LogicalOp="Index Scan" NodeId="130" Parallel="false" PhysicalOp="Index Scan" EstimatedTotalSubtreeCost="0.116867">
                                                                                  <OutputList>
                                                                                    <ColumnReference Database="[servicetrax_dev]" Schema="[dbo]" Table="[CUSTOMERS]" Alias="[c]" Column="CUSTOMER_ID" />
                                                                                    <ColumnReference Database="[servicetrax_dev]" Schema="[dbo]" Table="[CUSTOMERS]" Alias="[c]" Column="CUSTOMER_NAME" />
                                                                                    <ColumnReference Database="[servicetrax_dev]" Schema="[dbo]" Table="[CUSTOMERS]" Alias="[c]" Column="customer_type_id" />
                                                                                    <ColumnReference Database="[servicetrax_dev]" Schema="[dbo]" Table="[CUSTOMERS]" Alias="[c]" Column="end_user_parent_id" />
                                                                                  </OutputList>
                                                                                  <RunTimeInformation>
                                                                                    <RunTimeCountersPerThread Thread="0" ActualRows="2063" ActualEndOfScans="0" ActualExecutions="1" />
                                                                                  </RunTimeInformation>
                                                                                  <IndexScan Ordered="true" ScanDirection="FORWARD" ForcedIndex="false" NoExpandHint="false">
                                                                                    <DefinedValues>
                                                                                      <DefinedValue>
                                                                                        <ColumnReference Database="[servicetrax_dev]" Schema="[dbo]" Table="[CUSTOMERS]" Alias="[c]" Column="CUSTOMER_ID" />
                                                                                      </DefinedValue>
                                                                                      <DefinedValue>
                                                                                        <ColumnReference Database="[servicetrax_dev]" Schema="[dbo]" Table="[CUSTOMERS]" Alias="[c]" Column="CUSTOMER_NAME" />
                                                                                      </DefinedValue>
                                                                                      <DefinedValue>
                                                                                        <ColumnReference Database="[servicetrax_dev]" Schema="[dbo]" Table="[CUSTOMERS]" Alias="[c]" Column="customer_type_id" />
                                                                                      </DefinedValue>
                                                                                      <DefinedValue>
                                                                                        <ColumnReference Database="[servicetrax_dev]" Schema="[dbo]" Table="[CUSTOMERS]" Alias="[c]" Column="end_user_parent_id" />
                                                                                      </DefinedValue>
                                                                                    </DefinedValues>
                                                                                    <Object Database="[servicetrax_dev]" Schema="[dbo]" Table="[CUSTOMERS]" Index="[IX_CUSTOMERS2]" Alias="[c]" TableReferenceId="3" />
                                                                                    <Predicate>
                                                                                      <ScalarOperator ScalarString="[servicetrax_dev].[dbo].[CUSTOMERS].[ORGANIZATION_ID] as [c].[ORGANIZATION_ID]=(2.)">
                                                                                        <Compare CompareOp="EQ">
                                                                                          <ScalarOperator>
                                                                                            <Identifier>
                                                                                              <ColumnReference Database="[servicetrax_dev]" Schema="[dbo]" Table="[CUSTOMERS]" Alias="[c]" Column="ORGANIZATION_ID" />
                                                                                            </Identifier>
                                                                                          </ScalarOperator>
                                                                                          <ScalarOperator>
                                                                                            <Const ConstValue="(2.)" />
                                                                                          </ScalarOperator>
                                                                                        </Compare>
                                                                                      </ScalarOperator>
                                                                                    </Predicate>
                                                                                  </IndexScan>
                                                                                </RelOp>
                                                                                <RelOp AvgRowSize="253" EstimateCPU="0.00089359" EstimateIO="0.0112613" EstimateRebinds="0" EstimateRewinds="0" EstimateRows="80.3599" LogicalOp="Sort" NodeId="131" Parallel="false" PhysicalOp="Sort" EstimatedTotalSubtreeCost="1.15884">
                                                                                  <OutputList>
                                                                                    <ColumnReference Database="[servicetrax_dev]" Schema="[dbo]" Table="[JOBS]" Alias="[j]" Column="PROJECT_ID" />
                                                                                    <ColumnReference Database="[servicetrax_dev]" Schema="[dbo]" Table="[JOBS]" Alias="[j]" Column="JOB_NO" />
                                                                                    <ColumnReference Database="[servicetrax_dev]" Schema="[dbo]" Table="[JOBS]" Alias="[j]" Column="JOB_TYPE_ID" />
                                                                                    <ColumnReference Database="[servicetrax_dev]" Schema="[dbo]" Table="[JOBS]" Alias="[j]" Column="JOB_STATUS_TYPE_ID" />
                                                                                    <ColumnReference Database="[servicetrax_dev]" Schema="[dbo]" Table="[JOBS]" Alias="[j]" Column="CUSTOMER_ID" />
                                                                                    <ColumnReference Database="[servicetrax_dev]" Schema="[dbo]" Table="[JOBS]" Alias="[j]" Column="BILLING_USER_ID" />
                                                                                    <ColumnReference Database="[servicetrax_dev]" Schema="[dbo]" Table="[INVOICES]" Column="INVOICE_ID" />
                                                                                    <ColumnReference Database="[servicetrax_dev]" Schema="[dbo]" Table="[INVOICES]" Column="INVOICE_TYPE_ID" />
                                                                                    <ColumnReference Database="[servicetrax_dev]" Schema="[dbo]" Table="[INVOICES]" Column="STATUS_ID" />
                                                                                    <ColumnReference Database="[servicetrax_dev]" Schema="[dbo]" Table="[INVOICES]" Column="JOB_ID" />
                                                                                    <ColumnReference Database="[servicetrax_dev]" Schema="[dbo]" Table="[INVOICES]" Column="DESCRIPTION" />
                                                                                    <ColumnReference Column="Expr1253" />
                                                                                    <ColumnReference Column="Expr1302" />
                                                                                  </OutputList>
                                                                                  <MemoryFractions Input="0.0255474" Output="0.0255474" />
                                                                                  <RunTimeInformation>
                                                                                    <RunTimeCountersPerThread Thread="0" ActualRebinds="1" ActualRewinds="0" ActualRows="2" ActualEndOfScans="1" ActualExecutions="1" />
                                                                                  </RunTimeInformation>
                                                                                  <Sort Distinct="false">
                                                                                    <OrderBy>
                                                                                      <OrderByColumn Ascending="true">
                                                                                        <ColumnReference Database="[servicetrax_dev]" Schema="[dbo]" Table="[JOBS]" Alias="[j]" Column="CUSTOMER_ID" />
                                                                                      </OrderByColumn>
                                                                                    </OrderBy>
                                                                                    <RelOp AvgRowSize="253" EstimateCPU="0.0555514" EstimateIO="0" EstimateRebinds="0" EstimateRewinds="0" EstimateRows="80.3599" LogicalOp="Inner Join" NodeId="132" Parallel="false" PhysicalOp="Hash Match" EstimatedTotalSubtreeCost="1.14669">
                                                                                      <OutputList>
                                                                                        <ColumnReference Database="[servicetrax_dev]" Schema="[dbo]" Table="[JOBS]" Alias="[j]" Column="PROJECT_ID" />
                                                                                        <ColumnReference Database="[servicetrax_dev]" Schema="[dbo]" Table="[JOBS]" Alias="[j]" Column="JOB_NO" />
                                                                                        <ColumnReference Database="[servicetrax_dev]" Schema="[dbo]" Table="[JOBS]" Alias="[j]" Column="JOB_TYPE_ID" />
                                                                                        <ColumnReference Database="[servicetrax_dev]" Schema="[dbo]" Table="[JOBS]" Alias="[j]" Column="JOB_STATUS_TYPE_ID" />
                                                                                        <ColumnReference Database="[servicetrax_dev]" Schema="[dbo]" Table="[JOBS]" Alias="[j]" Column="CUSTOMER_ID" />
                                                                                        <ColumnReference Database="[servicetrax_dev]" Schema="[dbo]" Table="[JOBS]" Alias="[j]" Column="BILLING_USER_ID" />
                                                                                        <ColumnReference Database="[servicetrax_dev]" Schema="[dbo]" Table="[INVOICES]" Column="INVOICE_ID" />
                                                                                        <ColumnReference Database="[servicetrax_dev]" Schema="[dbo]" Table="[INVOICES]" Column="INVOICE_TYPE_ID" />
                                                                                        <ColumnReference Database="[servicetrax_dev]" Schema="[dbo]" Table="[INVOICES]" Column="STATUS_ID" />
                                                                                        <ColumnReference Database="[servicetrax_dev]" Schema="[dbo]" Table="[INVOICES]" Column="JOB_ID" />
                                                                                        <ColumnReference Database="[servicetrax_dev]" Schema="[dbo]" Table="[INVOICES]" Column="DESCRIPTION" />
                                                                                        <ColumnReference Column="Expr1253" />
                                                                                        <ColumnReference Column="Expr1302" />
                                                                                      </OutputList>
                                                                                      <MemoryFractions Input="0" Output="0" />
                                                                                      <RunTimeInformation>
                                                                                        <RunTimeCountersPerThread Thread="0" ActualRows="2" ActualEndOfScans="1" ActualExecutions="1" />
                                                                                      </RunTimeInformation>
                                                                                      <Hash>
                                                                                        <DefinedValues />
                                                                                        <HashKeysBuild>
                                                                                          <ColumnReference Database="[servicetrax_dev]" Schema="[dbo]" Table="[JOBS]" Alias="[j]" Column="CREATED_BY" />
                                                                                        </HashKeysBuild>
                                                                                        <HashKeysProbe>
                                                                                          <ColumnReference Database="[servicetrax_dev]" Schema="[dbo]" Table="[USERS]" Alias="[created_by]" Column="USER_ID" />
                                                                                        </HashKeysProbe>
                                                                                        <ProbeResidual>
                                                                                          <ScalarOperator ScalarString="[servicetrax_dev].[dbo].[USERS].[USER_ID] as [created_by].[USER_ID]=[servicetrax_dev].[dbo].[JOBS].[CREATED_BY] as [j].[CREATED_BY]">
                                                                                            <Compare CompareOp="EQ">
                                                                                              <ScalarOperator>
                                                                                                <Identifier>
                                                                                                  <ColumnReference Database="[servicetrax_dev]" Schema="[dbo]" Table="[USERS]" Alias="[created_by]" Column="USER_ID" />
                                                                                                </Identifier>
                                                                                              </ScalarOperator>
                                                                                              <ScalarOperator>
                                                                                                <Identifier>
                                                                                                  <ColumnReference Database="[servicetrax_dev]" Schema="[dbo]" Table="[JOBS]" Alias="[j]" Column="CREATED_BY" />
                                                                                                </Identifier>
                                                                                              </ScalarOperator>
                                                                                            </Compare>
                                                                                          </ScalarOperator>
                                                                                        </ProbeResidual>
                                                                                        <RelOp AvgRowSize="262" EstimateCPU="0.000335904" EstimateIO="0" EstimateRebinds="0" EstimateRewinds="0" EstimateRows="80.3599" LogicalOp="Inner Join" NodeId="133" Parallel="false" PhysicalOp="Nested Loops" EstimatedTotalSubtreeCost="1.07996">
                                                                                          <OutputList>
                                                                                            <ColumnReference Database="[servicetrax_dev]" Schema="[dbo]" Table="[JOBS]" Alias="[j]" Column="PROJECT_ID" />
                                                                                            <ColumnReference Database="[servicetrax_dev]" Schema="[dbo]" Table="[JOBS]" Alias="[j]" Column="JOB_NO" />
                                                                                            <ColumnReference Database="[servicetrax_dev]" Schema="[dbo]" Table="[JOBS]" Alias="[j]" Column="JOB_TYPE_ID" />
                                                                                            <ColumnReference Database="[servicetrax_dev]" Schema="[dbo]" Table="[JOBS]" Alias="[j]" Column="JOB_STATUS_TYPE_ID" />
                                                                                            <ColumnReference Database="[servicetrax_dev]" Schema="[dbo]" Table="[JOBS]" Alias="[j]" Column="CUSTOMER_ID" />
                                                                                            <ColumnReference Database="[servicetrax_dev]" Schema="[dbo]" Table="[JOBS]" Alias="[j]" Column="BILLING_USER_ID" />
                                                                                            <ColumnReference Database="[servicetrax_dev]" Schema="[dbo]" Table="[JOBS]" Alias="[j]" Column="CREATED_BY" />
                                                                                            <ColumnReference Database="[servicetrax_dev]" Schema="[dbo]" Table="[INVOICES]" Column="INVOICE_ID" />
                                                                                            <ColumnReference Database="[servicetrax_dev]" Schema="[dbo]" Table="[INVOICES]" Column="INVOICE_TYPE_ID" />
                                                                                            <ColumnReference Database="[servicetrax_dev]" Schema="[dbo]" Table="[INVOICES]" Column="STATUS_ID" />
                                                                                            <ColumnReference Database="[servicetrax_dev]" Schema="[dbo]" Table="[INVOICES]" Column="JOB_ID" />
                                                                                            <ColumnReference Database="[servicetrax_dev]" Schema="[dbo]" Table="[INVOICES]" Column="DESCRIPTION" />
                                                                                            <ColumnReference Column="Expr1253" />
                                                                                            <ColumnReference Column="Expr1302" />
                                                                                          </OutputList>
                                                                                          <RunTimeInformation>
                                                                                            <RunTimeCountersPerThread Thread="0" ActualRows="2" ActualEndOfScans="1" ActualExecutions="1" />
                                                                                          </RunTimeInformation>
                                                                                          <NestedLoops Optimized="false" WithUnorderedPrefetch="true">
                                                                                            <OuterReferences>
                                                                                              <ColumnReference Database="[servicetrax_dev]" Schema="[dbo]" Table="[INVOICES]" Column="JOB_ID" />
                                                                                              <ColumnReference Column="Expr1333" />
                                                                                            </OuterReferences>
                                                                                            <RelOp AvgRowSize="207" EstimateCPU="0.000335904" EstimateIO="0" EstimateRebinds="0" EstimateRewinds="0" EstimateRows="80.3599" LogicalOp="Inner Join" NodeId="135" Parallel="false" PhysicalOp="Nested Loops" EstimatedTotalSubtreeCost="0.824507">
                                                                                              <OutputList>
                                                                                                <ColumnReference Database="[servicetrax_dev]" Schema="[dbo]" Table="[INVOICES]" Column="JOB_ID" />
                                                                                                <ColumnReference Database="[servicetrax_dev]" Schema="[dbo]" Table="[INVOICES]" Column="INVOICE_ID" />
                                                                                                <ColumnReference Database="[servicetrax_dev]" Schema="[dbo]" Table="[INVOICES]" Column="INVOICE_TYPE_ID" />
                                                                                                <ColumnReference Database="[servicetrax_dev]" Schema="[dbo]" Table="[INVOICES]" Column="STATUS_ID" />
                                                                                                <ColumnReference Database="[servicetrax_dev]" Schema="[dbo]" Table="[INVOICES]" Column="JOB_ID" />
                                                                                                <ColumnReference Database="[servicetrax_dev]" Schema="[dbo]" Table="[INVOICES]" Column="DESCRIPTION" />
                                                                                                <ColumnReference Column="Expr1253" />
                                                                                                <ColumnReference Column="Expr1302" />
                                                                                              </OutputList>
                                                                                              <RunTimeInformation>
                                                                                                <RunTimeCountersPerThread Thread="0" ActualRows="2" ActualEndOfScans="1" ActualExecutions="1" />
                                                                                              </RunTimeInformation>
                                                                                              <NestedLoops Optimized="false" WithUnorderedPrefetch="true">
                                                                                                <OuterReferences>
                                                                                                  <ColumnReference Database="[servicetrax_dev]" Schema="[dbo]" Table="[INVOICES]" Column="INVOICE_ID" />
                                                                                                  <ColumnReference Column="Expr1332" />
                                                                                                </OuterReferences>
                                                                                                <RelOp AvgRowSize="207" EstimateCPU="0.000335904" EstimateIO="0" EstimateRebinds="0" EstimateRewinds="0" EstimateRows="80.3599" LogicalOp="Inner Join" NodeId="137" Parallel="false" PhysicalOp="Nested Loops" EstimatedTotalSubtreeCost="0.714196">
                                                                                                  <OutputList>
                                                                                                    <ColumnReference Database="[servicetrax_dev]" Schema="[dbo]" Table="[INVOICE_LINES]" Column="INVOICE_ID" />
                                                                                                    <ColumnReference Database="[servicetrax_dev]" Schema="[dbo]" Table="[INVOICES]" Column="INVOICE_ID" />
                                                                                                    <ColumnReference Database="[servicetrax_dev]" Schema="[dbo]" Table="[INVOICES]" Column="INVOICE_TYPE_ID" />
                                                                                                    <ColumnReference Database="[servicetrax_dev]" Schema="[dbo]" Table="[INVOICES]" Column="STATUS_ID" />
                                                                                                    <ColumnReference Database="[servicetrax_dev]" Schema="[dbo]" Table="[INVOICES]" Column="JOB_ID" />
                                                                                                    <ColumnReference Database="[servicetrax_dev]" Schema="[dbo]" Table="[INVOICES]" Column="DESCRIPTION" />
                                                                                                    <ColumnReference Column="Expr1253" />
                                                                                                    <ColumnReference Column="Expr1302" />
                                                                                                  </OutputList>
                                                                                                  <RunTimeInformation>
                                                                                                    <RunTimeCountersPerThread Thread="0" ActualRows="2" ActualEndOfScans="1" ActualExecutions="1" />
                                                                                                  </RunTimeInformation>
                                                                                                  <NestedLoops Optimized="false">
                                                                                                    <OuterReferences>
                                                                                                      <ColumnReference Database="[servicetrax_dev]" Schema="[dbo]" Table="[LOOKUPS]" Column="LOOKUP_TYPE_ID" />
                                                                                                    </OuterReferences>
                                                                                                    <RelOp AvgRowSize="217" EstimateCPU="0.000599496" EstimateIO="0" EstimateRebinds="0" EstimateRewinds="0" EstimateRows="80.3599" LogicalOp="Inner Join" NodeId="138" Parallel="false" PhysicalOp="Nested Loops" EstimatedTotalSubtreeCost="0.694212">
                                                                                                      <OutputList>
                                                                                                        <ColumnReference Database="[servicetrax_dev]" Schema="[dbo]" Table="[LOOKUPS]" Column="LOOKUP_TYPE_ID" />
                                                                                                        <ColumnReference Database="[servicetrax_dev]" Schema="[dbo]" Table="[INVOICE_LINES]" Column="INVOICE_ID" />
                                                                                                        <ColumnReference Database="[servicetrax_dev]" Schema="[dbo]" Table="[INVOICES]" Column="INVOICE_ID" />
                                                                                                        <ColumnReference Database="[servicetrax_dev]" Schema="[dbo]" Table="[INVOICES]" Column="INVOICE_TYPE_ID" />
                                                                                                        <ColumnReference Database="[servicetrax_dev]" Schema="[dbo]" Table="[INVOICES]" Column="STATUS_ID" />
                                                                                                        <ColumnReference Database="[servicetrax_dev]" Schema="[dbo]" Table="[INVOICES]" Column="JOB_ID" />
                                                                                                        <ColumnReference Database="[servicetrax_dev]" Schema="[dbo]" Table="[INVOICES]" Column="DESCRIPTION" />
                                                                                                        <ColumnReference Column="Expr1253" />
                                                                                                        <ColumnReference Column="Expr1302" />
                                                                                                      </OutputList>
                                                                                                      <RunTimeInformation>
                                                                                                        <RunTimeCountersPerThread Thread="0" ActualRows="2" ActualEndOfScans="1" ActualExecutions="1" />
                                                                                                      </RunTimeInformation>
                                                                                                      <NestedLoops Optimized="false">
                                                                                                        <OuterReferences>
                                                                                                          <ColumnReference Database="[servicetrax_dev]" Schema="[dbo]" Table="[INVOICE_LINES]" Column="INVOICE_LINE_TYPE_ID" />
                                                                                                        </OuterReferences>
                                                                                                        <RelOp AvgRowSize="217" EstimateCPU="1.4342E-05" EstimateIO="0" EstimateRebinds="0" EstimateRewinds="0" EstimateRows="143.42" LogicalOp="Compute Scalar" NodeId="139" Parallel="false" PhysicalOp="Compute Scalar" EstimatedTotalSubtreeCost="0.667687">
                                                                                                          <OutputList>
                                                                                                            <ColumnReference Database="[servicetrax_dev]" Schema="[dbo]" Table="[INVOICE_LINES]" Column="INVOICE_ID" />
                                                                                                            <ColumnReference Database="[servicetrax_dev]" Schema="[dbo]" Table="[INVOICE_LINES]" Column="INVOICE_LINE_TYPE_ID" />
                                                                                                            <ColumnReference Database="[servicetrax_dev]" Schema="[dbo]" Table="[INVOICES]" Column="INVOICE_ID" />
                                                                                                            <ColumnReference Database="[servicetrax_dev]" Schema="[dbo]" Table="[INVOICES]" Column="INVOICE_TYPE_ID" />
                                                                                                            <ColumnReference Database="[servicetrax_dev]" Schema="[dbo]" Table="[INVOICES]" Column="STATUS_ID" />
                                                                                                            <ColumnReference Database="[servicetrax_dev]" Schema="[dbo]" Table="[INVOICES]" Column="JOB_ID" />
                                                                                                            <ColumnReference Database="[servicetrax_dev]" Schema="[dbo]" Table="[INVOICES]" Column="DESCRIPTION" />
                                                                                                            <ColumnReference Column="Expr1253" />
                                                                                                            <ColumnReference Column="Expr1302" />
                                                                                                          </OutputList>
                                                                                                          <ComputeScalar>
                                                                                                            <DefinedValues>
                                                                                                              <DefinedValue>
                                                                                                                <ColumnReference Column="Expr1253" />
                                                                                                                <ScalarOperator ScalarString="[servicetrax_dev].[dbo].[INVOICE_LINES].[UNIT_PRICE]*[servicetrax_dev].[dbo].[INVOICE_LINES].[QTY]">
                                                                                                                  <Arithmetic Operation="MULT">
                                                                                                                    <ScalarOperator>
                                                                                                                      <Identifier>
                                                                                                                        <ColumnReference Database="[servicetrax_dev]" Schema="[dbo]" Table="[INVOICE_LINES]" Column="UNIT_PRICE" />
                                                                                                                      </Identifier>
                                                                                                                    </ScalarOperator>
                                                                                                                    <ScalarOperator>
                                                                                                                      <Identifier>
                                                                                                                        <ColumnReference Database="[servicetrax_dev]" Schema="[dbo]" Table="[INVOICE_LINES]" Column="QTY" />
                                                                                                                      </Identifier>
                                                                                                                    </ScalarOperator>
                                                                                                                  </Arithmetic>
                                                                                                                </ScalarOperator>
                                                                                                              </DefinedValue>
                                                                                                            </DefinedValues>
                                                                                                            <RelOp AvgRowSize="222" EstimateCPU="0.000599496" EstimateIO="0" EstimateRebinds="0" EstimateRewinds="0" EstimateRows="143.42" LogicalOp="Inner Join" NodeId="140" Parallel="false" PhysicalOp="Nested Loops" EstimatedTotalSubtreeCost="0.667673">
                                                                                                              <OutputList>
                                                                                                                <ColumnReference Database="[servicetrax_dev]" Schema="[dbo]" Table="[INVOICE_LINES]" Column="INVOICE_ID" />
                                                                                                                <ColumnReference Database="[servicetrax_dev]" Schema="[dbo]" Table="[INVOICE_LINES]" Column="INVOICE_LINE_TYPE_ID" />
                                                                                                                <ColumnReference Database="[servicetrax_dev]" Schema="[dbo]" Table="[INVOICE_LINES]" Column="UNIT_PRICE" />
                                                                                                                <ColumnReference Database="[servicetrax_dev]" Schema="[dbo]" Table="[INVOICE_LINES]" Column="QTY" />
                                                                                                                <ColumnReference Database="[servicetrax_dev]" Schema="[dbo]" Table="[INVOICES]" Column="INVOICE_ID" />
                                                                                                                <ColumnReference Database="[servicetrax_dev]" Schema="[dbo]" Table="[INVOICES]" Column="INVOICE_TYPE_ID" />
                                                                                                                <ColumnReference Database="[servicetrax_dev]" Schema="[dbo]" Table="[INVOICES]" Column="STATUS_ID" />
                                                                                                                <ColumnReference Database="[servicetrax_dev]" Schema="[dbo]" Table="[INVOICES]" Column="JOB_ID" />
                                                                                                                <ColumnReference Database="[servicetrax_dev]" Schema="[dbo]" Table="[INVOICES]" Column="DESCRIPTION" />
                                                                                                                <ColumnReference Column="Expr1302" />
                                                                                                              </OutputList>
                                                                                                              <RunTimeInformation>
                                                                                                                <RunTimeCountersPerThread Thread="0" ActualRows="2" ActualEndOfScans="1" ActualExecutions="1" />
                                                                                                              </RunTimeInformation>
                                                                                                              <NestedLoops Optimized="false" WithOrderedPrefetch="true">
                                                                                                                <OuterReferences>
                                                                                                                  <ColumnReference Database="[servicetrax_dev]" Schema="[dbo]" Table="[INVOICE_LINES]" Column="INVOICE_LINE_ID" />
                                                                                                                  <ColumnReference Column="Expr1331" />
                                                                                                                </OuterReferences>
                                                                                                                <RelOp AvgRowSize="199" EstimateCPU="0.000599496" EstimateIO="0" EstimateRebinds="0" EstimateRewinds="0" EstimateRows="143.42" LogicalOp="Inner Join" NodeId="142" Parallel="false" PhysicalOp="Nested Loops" EstimatedTotalSubtreeCost="0.206797">
                                                                                                                  <OutputList>
                                                                                                                    <ColumnReference Database="[servicetrax_dev]" Schema="[dbo]" Table="[INVOICE_LINES]" Column="INVOICE_LINE_ID" />
                                                                                                                    <ColumnReference Database="[servicetrax_dev]" Schema="[dbo]" Table="[INVOICE_LINES]" Column="INVOICE_ID" />
                                                                                                                    <ColumnReference Database="[servicetrax_dev]" Schema="[dbo]" Table="[INVOICES]" Column="INVOICE_ID" />
                                                                                                                    <ColumnReference Database="[servicetrax_dev]" Schema="[dbo]" Table="[INVOICES]" Column="INVOICE_TYPE_ID" />
                                                                                                                    <ColumnReference Database="[servicetrax_dev]" Schema="[dbo]" Table="[INVOICES]" Column="STATUS_ID" />
                                                                                                                    <ColumnReference Database="[servicetrax_dev]" Schema="[dbo]" Table="[INVOICES]" Column="JOB_ID" />
                                                                                                                    <ColumnReference Database="[servicetrax_dev]" Schema="[dbo]" Table="[INVOICES]" Column="DESCRIPTION" />
                                                                                                                    <ColumnReference Column="Expr1302" />
                                                                                                                  </OutputList>
                                                                                                                  <RunTimeInformation>
                                                                                                                    <RunTimeCountersPerThread Thread="0" ActualRows="2" ActualEndOfScans="1" ActualExecutions="1" />
                                                                                                                  </RunTimeInformation>
                                                                                                                  <NestedLoops Optimized="false" WithOrderedPrefetch="true">
                                                                                                                    <OuterReferences>
                                                                                                                      <ColumnReference Database="[servicetrax_dev]" Schema="[dbo]" Table="[INVOICES]" Column="INVOICE_ID" />
                                                                                                                      <ColumnReference Column="Expr1330" />
                                                                                                                    </OuterReferences>
                                                                                                                    <RelOp AvgRowSize="181" EstimateCPU="3.21909E-06" EstimateIO="0" EstimateRebinds="0" EstimateRewinds="0" EstimateRows="32.1909" LogicalOp="Compute Scalar" NodeId="144" Parallel="false" PhysicalOp="Compute Scalar" EstimatedTotalSubtreeCost="0.105814">
                                                                                                                      <OutputList>
                                                                                                                        <ColumnReference Database="[servicetrax_dev]" Schema="[dbo]" Table="[INVOICES]" Column="INVOICE_ID" />
                                                                                                                        <ColumnReference Database="[servicetrax_dev]" Schema="[dbo]" Table="[INVOICES]" Column="INVOICE_TYPE_ID" />
                                                                                                                        <ColumnReference Database="[servicetrax_dev]" Schema="[dbo]" Table="[INVOICES]" Column="STATUS_ID" />
                                                                                                                        <ColumnReference Database="[servicetrax_dev]" Schema="[dbo]" Table="[INVOICES]" Column="JOB_ID" />
                                                                                                                        <ColumnReference Database="[servicetrax_dev]" Schema="[dbo]" Table="[INVOICES]" Column="DESCRIPTION" />
                                                                                                                        <ColumnReference Column="Expr1302" />
                                                                                                                      </OutputList>
                                                                                                                      <ComputeScalar>
                                                                                                                        <DefinedValues>
                                                                                                                          <DefinedValue>
                                                                                                                            <ColumnReference Column="Expr1302" />
                                                                                                                            <ScalarOperator ScalarString="CONVERT(varchar(30),[servicetrax_dev].[dbo].[INVOICES].[INVOICE_ID],0)">
                                                                                                                              <Convert DataType="varchar" Length="30" Style="0" Implicit="false">
                                                                                                                                <ScalarOperator>
                                                                                                                                  <Identifier>
                                                                                                                                    <ColumnReference Database="[servicetrax_dev]" Schema="[dbo]" Table="[INVOICES]" Column="INVOICE_ID" />
                                                                                                                                  </Identifier>
                                                                                                                                </ScalarOperator>
                                                                                                                              </Convert>
                                                                                                                            </ScalarOperator>
                                                                                                                          </DefinedValue>
                                                                                                                        </DefinedValues>
                                                                                                                        <RelOp AvgRowSize="170" EstimateCPU="0.000134558" EstimateIO="0" EstimateRebinds="0" EstimateRewinds="0" EstimateRows="32.1909" LogicalOp="Inner Join" NodeId="145" Parallel="false" PhysicalOp="Nested Loops" EstimatedTotalSubtreeCost="0.105811">
                                                                                                                          <OutputList>
                                                                                                                            <ColumnReference Database="[servicetrax_dev]" Schema="[dbo]" Table="[INVOICES]" Column="INVOICE_ID" />
                                                                                                                            <ColumnReference Database="[servicetrax_dev]" Schema="[dbo]" Table="[INVOICES]" Column="INVOICE_TYPE_ID" />
                                                                                                                            <ColumnReference Database="[servicetrax_dev]" Schema="[dbo]" Table="[INVOICES]" Column="STATUS_ID" />
                                                                                                                            <ColumnReference Database="[servicetrax_dev]" Schema="[dbo]" Table="[INVOICES]" Column="JOB_ID" />
                                                                                                                            <ColumnReference Database="[servicetrax_dev]" Schema="[dbo]" Table="[INVOICES]" Column="DESCRIPTION" />
                                                                                                                          </OutputList>
                                                                                                                          <RunTimeInformation>
                                                                                                                            <RunTimeCountersPerThread Thread="0" ActualRows="34" ActualEndOfScans="1" ActualExecutions="1" />
                                                                                                                          </RunTimeInformation>
                                                                                                                          <NestedLoops Optimized="false" WithOrderedPrefetch="true">
                                                                                                                            <OuterReferences>
                                                                                                                              <ColumnReference Database="[servicetrax_dev]" Schema="[dbo]" Table="[INVOICES]" Column="INVOICE_ID" />
                                                                                                                              <ColumnReference Column="Expr1329" />
                                                                                                                            </OuterReferences>
                                                                                                                            <RelOp AvgRowSize="25" EstimateCPU="0.00019241" EstimateIO="0.003125" EstimateRebinds="0" EstimateRewinds="0" EstimateRows="32.1909" LogicalOp="Index Seek" NodeId="147" Parallel="false" PhysicalOp="Index Seek" EstimatedTotalSubtreeCost="0.00331741">
                                                                                                                              <OutputList>
                                                                                                                                <ColumnReference Database="[servicetrax_dev]" Schema="[dbo]" Table="[INVOICES]" Column="INVOICE_ID" />
                                                                                                                                <ColumnReference Database="[servicetrax_dev]" Schema="[dbo]" Table="[INVOICES]" Column="STATUS_ID" />
                                                                                                                              </OutputList>
                                                                                                                              <RunTimeInformation>
                                                                                                                                <RunTimeCountersPerThread Thread="0" ActualRows="34" ActualEndOfScans="1" ActualExecutions="1" />
                                                                                                                              </RunTimeInformation>
                                                                                                                              <IndexScan Ordered="true" ScanDirection="FORWARD" ForcedIndex="false" NoExpandHint="false">
                                                                                                                                <DefinedValues>
                                                                                                                                  <DefinedValue>
                                                                                                                                    <ColumnReference Database="[servicetrax_dev]" Schema="[dbo]" Table="[INVOICES]" Column="INVOICE_ID" />
                                                                                                                                  </DefinedValue>
                                                                                                                                  <DefinedValue>
                                                                                                                                    <ColumnReference Database="[servicetrax_dev]" Schema="[dbo]" Table="[INVOICES]" Column="STATUS_ID" />
                                                                                                                                  </DefinedValue>
                                                                                                                                </DefinedValues>
                                                                                                                                <Object Database="[servicetrax_dev]" Schema="[dbo]" Table="[INVOICES]" Index="[IX_I_STATUS]" TableReferenceId="3" />
                                                                                                                                <SeekPredicates>
                                                                                                                                  <SeekPredicate>
                                                                                                                                    <Prefix ScanType="EQ">
                                                                                                                                      <RangeColumns>
                                                                                                                                        <ColumnReference Database="[servicetrax_dev]" Schema="[dbo]" Table="[INVOICES]" Column="STATUS_ID" />
                                                                                                                                      </RangeColumns>
                                                                                                                                      <RangeExpressions>
                                                                                                                                        <ScalarOperator ScalarString="(1.)">
                                                                                                                                          <Const ConstValue="(1.)" />
                                                                                                                                        </ScalarOperator>
                                                                                                                                      </RangeExpressions>
                                                                                                                                    </Prefix>
                                                                                                                                  </SeekPredicate>
                                                                                                                                </SeekPredicates>
                                                                                                                              </IndexScan>
                                                                                                                            </RelOp>
                                                                                                                            <RelOp AvgRowSize="279" EstimateCPU="0.0001581" EstimateIO="0.003125" EstimateRebinds="31.1909" EstimateRewinds="0" EstimateRows="1" LogicalOp="Clustered Index Seek" NodeId="149" Parallel="false" PhysicalOp="Clustered Index Seek" EstimatedTotalSubtreeCost="0.102359">
                                                                                                                              <OutputList>
                                                                                                                                <ColumnReference Database="[servicetrax_dev]" Schema="[dbo]" Table="[INVOICES]" Column="INVOICE_TYPE_ID" />
                                                                                                                                <ColumnReference Database="[servicetrax_dev]" Schema="[dbo]" Table="[INVOICES]" Column="JOB_ID" />
                                                                                                                                <ColumnReference Database="[servicetrax_dev]" Schema="[dbo]" Table="[INVOICES]" Column="DESCRIPTION" />
                                                                                                                              </OutputList>
                                                                                                                              <RunTimeInformation>
                                                                                                                                <RunTimeCountersPerThread Thread="0" ActualRows="34" ActualEndOfScans="0" ActualExecutions="34" />
                                                                                                                              </RunTimeInformation>
                                                                                                                              <IndexScan Lookup="true" Ordered="true" ScanDirection="FORWARD" ForcedIndex="false" NoExpandHint="false">
                                                                                                                                <DefinedValues>
                                                                                                                                  <DefinedValue>
                                                                                                                                    <ColumnReference Database="[servicetrax_dev]" Schema="[dbo]" Table="[INVOICES]" Column="INVOICE_TYPE_ID" />
                                                                                                                                  </DefinedValue>
                                                                                                                                  <DefinedValue>
                                                                                                                                    <ColumnReference Database="[servicetrax_dev]" Schema="[dbo]" Table="[INVOICES]" Column="JOB_ID" />
                                                                                                                                  </DefinedValue>
                                                                                                                                  <DefinedValue>
                                                                                                                                    <ColumnReference Database="[servicetrax_dev]" Schema="[dbo]" Table="[INVOICES]" Column="DESCRIPTION" />
                                                                                                                                  </DefinedValue>
                                                                                                                                </DefinedValues>
                                                                                                                                <Object Database="[servicetrax_dev]" Schema="[dbo]" Table="[INVOICES]" Index="[INV_PK]" TableReferenceId="-1" />
                                                                                                                                <SeekPredicates>
                                                                                                                                  <SeekPredicate>
                                                                                                                                    <Prefix ScanType="EQ">
                                                                                                                                      <RangeColumns>
                                                                                                                                        <ColumnReference Database="[servicetrax_dev]" Schema="[dbo]" Table="[INVOICES]" Column="INVOICE_ID" />
                                                                                                                                      </RangeColumns>
                                                                                                                                      <RangeExpressions>
                                                                                                                                        <ScalarOperator ScalarString="[servicetrax_dev].[dbo].[INVOICES].[INVOICE_ID]">
                                                                                                                                          <Identifier>
                                                                                                                                            <ColumnReference Database="[servicetrax_dev]" Schema="[dbo]" Table="[INVOICES]" Column="INVOICE_ID" />
                                                                                                                                          </Identifier>
                                                                                                                                        </ScalarOperator>
                                                                                                                                      </RangeExpressions>
                                                                                                                                    </Prefix>
                                                                                                                                  </SeekPredicate>
                                                                                                                                </SeekPredicates>
                                                                                                                              </IndexScan>
                                                                                                                            </RelOp>
                                                                                                                          </NestedLoops>
                                                                                                                        </RelOp>
                                                                                                                      </ComputeScalar>
                                                                                                                    </RelOp>
                                                                                                                    <RelOp AvgRowSize="25" EstimateCPU="0.000161901" EstimateIO="0.003125" EstimateRebinds="31.1909" EstimateRewinds="0" EstimateRows="4.4553" LogicalOp="Index Seek" NodeId="160" Parallel="false" PhysicalOp="Index Seek" EstimatedTotalSubtreeCost="0.100383">
                                                                                                                      <OutputList>
                                                                                                                        <ColumnReference Database="[servicetrax_dev]" Schema="[dbo]" Table="[INVOICE_LINES]" Column="INVOICE_LINE_ID" />
                                                                                                                        <ColumnReference Database="[servicetrax_dev]" Schema="[dbo]" Table="[INVOICE_LINES]" Column="INVOICE_ID" />
                                                                                                                      </OutputList>
                                                                                                                      <RunTimeInformation>
                                                                                                                        <RunTimeCountersPerThread Thread="0" ActualRows="2" ActualEndOfScans="34" ActualExecutions="34" />
                                                                                                                      </RunTimeInformation>
                                                                                                                      <IndexScan Ordered="true" ScanDirection="FORWARD" ForcedIndex="false" NoExpandHint="false">
                                                                                                                        <DefinedValues>
                                                                                                                          <DefinedValue>
                                                                                                                            <ColumnReference Database="[servicetrax_dev]" Schema="[dbo]" Table="[INVOICE_LINES]" Column="INVOICE_LINE_ID" />
                                                                                                                          </DefinedValue>
                                                                                                                          <DefinedValue>
                                                                                                                            <ColumnReference Database="[servicetrax_dev]" Schema="[dbo]" Table="[INVOICE_LINES]" Column="INVOICE_ID" />
                                                                                                                          </DefinedValue>
                                                                                                                        </DefinedValues>
                                                                                                                        <Object Database="[servicetrax_dev]" Schema="[dbo]" Table="[INVOICE_LINES]" Index="[IX_IL_INVOICES]" />
                                                                                                                        <SeekPredicates>
                                                                                                                          <SeekPredicate>
                                                                                                                            <Prefix ScanType="EQ">
                                                                                                                              <RangeColumns>
                                                                                                                                <ColumnReference Database="[servicetrax_dev]" Schema="[dbo]" Table="[INVOICE_LINES]" Column="INVOICE_ID" />
                                                                                                                              </RangeColumns>
                                                                                                                              <RangeExpressions>
                                                                                                                                <ScalarOperator ScalarString="[servicetrax_dev].[dbo].[INVOICES].[INVOICE_ID]">
                                                                                                                                  <Identifier>
                                                                                                                                    <ColumnReference Database="[servicetrax_dev]" Schema="[dbo]" Table="[INVOICES]" Column="INVOICE_ID" />
                                                                                                                                  </Identifier>
                                                                                                                                </ScalarOperator>
                                                                                                                              </RangeExpressions>
                                                                                                                            </Prefix>
                                                                                                                          </SeekPredicate>
                                                                                                                        </SeekPredicates>
                                                                                                                      </IndexScan>
                                                                                                                    </RelOp>
                                                                                                                  </NestedLoops>
                                                                                                                </RelOp>
                                                                                                                <RelOp AvgRowSize="38" EstimateCPU="0.0001581" EstimateIO="0.003125" EstimateRebinds="142.42" EstimateRewinds="0" EstimateRows="1" LogicalOp="Clustered Index Seek" NodeId="162" Parallel="false" PhysicalOp="Clustered Index Seek" EstimatedTotalSubtreeCost="0.460276">
                                                                                                                  <OutputList>
                                                                                                                    <ColumnReference Database="[servicetrax_dev]" Schema="[dbo]" Table="[INVOICE_LINES]" Column="INVOICE_LINE_TYPE_ID" />
                                                                                                                    <ColumnReference Database="[servicetrax_dev]" Schema="[dbo]" Table="[INVOICE_LINES]" Column="UNIT_PRICE" />
                                                                                                                    <ColumnReference Database="[servicetrax_dev]" Schema="[dbo]" Table="[INVOICE_LINES]" Column="QTY" />
                                                                                                                  </OutputList>
                                                                                                                  <RunTimeInformation>
                                                                                                                    <RunTimeCountersPerThread Thread="0" ActualRows="2" ActualEndOfScans="0" ActualExecutions="2" />
                                                                                                                  </RunTimeInformation>
                                                                                                                  <IndexScan Lookup="true" Ordered="true" ScanDirection="FORWARD" ForcedIndex="false" NoExpandHint="false">
                                                                                                                    <DefinedValues>
                                                                                                                      <DefinedValue>
                                                                                                                        <ColumnReference Database="[servicetrax_dev]" Schema="[dbo]" Table="[INVOICE_LINES]" Column="INVOICE_LINE_TYPE_ID" />
                                                                                                                      </DefinedValue>
                                                                                                                      <DefinedValue>
                                                                                                                        <ColumnReference Database="[servicetrax_dev]" Schema="[dbo]" Table="[INVOICE_LINES]" Column="UNIT_PRICE" />
                                                                                                                      </DefinedValue>
                                                                                                                      <DefinedValue>
                                                                                                                        <ColumnReference Database="[servicetrax_dev]" Schema="[dbo]" Table="[INVOICE_LINES]" Column="QTY" />
                                                                                                                      </DefinedValue>
                                                                                                                    </DefinedValues>
                                                                                                                    <Object Database="[servicetrax_dev]" Schema="[dbo]" Table="[INVOICE_LINES]" Index="[IL_PK]" TableReferenceId="-1" />
                                                                                                                    <SeekPredicates>
                                                                                                                      <SeekPredicate>
                                                                                                                        <Prefix ScanType="EQ">
                                                                                                                          <RangeColumns>
                                                                                                                            <ColumnReference Database="[servicetrax_dev]" Schema="[dbo]" Table="[INVOICE_LINES]" Column="INVOICE_LINE_ID" />
                                                                                                                          </RangeColumns>
                                                                                                                          <RangeExpressions>
                                                                                                                            <ScalarOperator ScalarString="[servicetrax_dev].[dbo].[INVOICE_LINES].[INVOICE_LINE_ID]">
                                                                                                                              <Identifier>
                                                                                                                                <ColumnReference Database="[servicetrax_dev]" Schema="[dbo]" Table="[INVOICE_LINES]" Column="INVOICE_LINE_ID" />
                                                                                                                              </Identifier>
                                                                                                                            </ScalarOperator>
                                                                                                                          </RangeExpressions>
                                                                                                                        </Prefix>
                                                                                                                      </SeekPredicate>
                                                                                                                    </SeekPredicates>
                                                                                                                  </IndexScan>
                                                                                                                </RelOp>
                                                                                                              </NestedLoops>
                                                                                                            </RelOp>
                                                                                                          </ComputeScalar>
                                                                                                        </RelOp>
                                                                                                        <RelOp AvgRowSize="30" EstimateCPU="0.0001581" EstimateIO="0.003125" EstimateRebinds="63.5788" EstimateRewinds="78.8413" EstimateRows="1" LogicalOp="Clustered Index Seek" NodeId="173" Parallel="false" PhysicalOp="Clustered Index Seek" EstimatedTotalSubtreeCost="0.0257997">
                                                                                                          <OutputList>
                                                                                                            <ColumnReference Database="[servicetrax_dev]" Schema="[dbo]" Table="[LOOKUPS]" Column="LOOKUP_TYPE_ID" />
                                                                                                            <ColumnReference Database="[servicetrax_dev]" Schema="[dbo]" Table="[LOOKUPS]" Column="CODE" />
                                                                                                            <ColumnReference Database="[servicetrax_dev]" Schema="[dbo]" Table="[LOOKUPS]" Column="ACTIVE_FLAG" />
                                                                                                          </OutputList>
                                                                                                          <RunTimeInformation>
                                                                                                            <RunTimeCountersPerThread Thread="0" ActualRows="2" ActualEndOfScans="0" ActualExecutions="2" />
                                                                                                          </RunTimeInformation>
                                                                                                          <IndexScan Ordered="true" ScanDirection="FORWARD" ForcedIndex="false" NoExpandHint="false">
                                                                                                            <DefinedValues>
                                                                                                              <DefinedValue>
                                                                                                                <ColumnReference Database="[servicetrax_dev]" Schema="[dbo]" Table="[LOOKUPS]" Column="LOOKUP_TYPE_ID" />
                                                                                                              </DefinedValue>
                                                                                                              <DefinedValue>
                                                                                                                <ColumnReference Database="[servicetrax_dev]" Schema="[dbo]" Table="[LOOKUPS]" Column="CODE" />
                                                                                                              </DefinedValue>
                                                                                                              <DefinedValue>
                                                                                                                <ColumnReference Database="[servicetrax_dev]" Schema="[dbo]" Table="[LOOKUPS]" Column="ACTIVE_FLAG" />
                                                                                                              </DefinedValue>
                                                                                                            </DefinedValues>
                                                                                                            <Object Database="[servicetrax_dev]" Schema="[dbo]" Table="[LOOKUPS]" Index="[PK_LOOKUPS]" TableReferenceId="2" />
                                                                                                            <SeekPredicates>
                                                                                                              <SeekPredicate>
                                                                                                                <Prefix ScanType="EQ">
                                                                                                                  <RangeColumns>
                                                                                                                    <ColumnReference Database="[servicetrax_dev]" Schema="[dbo]" Table="[LOOKUPS]" Column="LOOKUP_ID" />
                                                                                                                  </RangeColumns>
                                                                                                                  <RangeExpressions>
                                                                                                                    <ScalarOperator ScalarString="[servicetrax_dev].[dbo].[INVOICE_LINES].[INVOICE_LINE_TYPE_ID]">
                                                                                                                      <Identifier>
                                                                                                                        <ColumnReference Database="[servicetrax_dev]" Schema="[dbo]" Table="[INVOICE_LINES]" Column="INVOICE_LINE_TYPE_ID" />
                                                                                                                      </Identifier>
                                                                                                                    </ScalarOperator>
                                                                                                                  </RangeExpressions>
                                                                                                                </Prefix>
                                                                                                              </SeekPredicate>
                                                                                                            </SeekPredicates>
                                                                                                            <Predicate>
                                                                                                              <ScalarOperator ScalarString="[servicetrax_dev].[dbo].[LOOKUPS].[CODE]='custom' AND [servicetrax_dev].[dbo].[LOOKUPS].[ACTIVE_FLAG]&lt;&gt;'N'">
                                                                                                                <Logical Operation="AND">
                                                                                                                  <ScalarOperator>
                                                                                                                    <Compare CompareOp="EQ">
                                                                                                                      <ScalarOperator>
                                                                                                                        <Identifier>
                                                                                                                          <ColumnReference Database="[servicetrax_dev]" Schema="[dbo]" Table="[LOOKUPS]" Column="CODE" />
                                                                                                                        </Identifier>
                                                                                                                      </ScalarOperator>
                                                                                                                      <ScalarOperator>
                                                                                                                        <Const ConstValue="'custom'" />
                                                                                                                      </ScalarOperator>
                                                                                                                    </Compare>
                                                                                                                  </ScalarOperator>
                                                                                                                  <ScalarOperator>
                                                                                                                    <Compare CompareOp="NE">
                                                                                                                      <ScalarOperator>
                                                                                                                        <Identifier>
                                                                                                                          <ColumnReference Database="[servicetrax_dev]" Schema="[dbo]" Table="[LOOKUPS]" Column="ACTIVE_FLAG" />
                                                                                                                        </Identifier>
                                                                                                                      </ScalarOperator>
                                                                                                                      <ScalarOperator>
                                                                                                                        <Const ConstValue="'N'" />
                                                                                                                      </ScalarOperator>
                                                                                                                    </Compare>
                                                                                                                  </ScalarOperator>
                                                                                                                </Logical>
                                                                                                              </ScalarOperator>
                                                                                                            </Predicate>
                                                                                                          </IndexScan>
                                                                                                        </RelOp>
                                                                                                      </NestedLoops>
                                                                                                    </RelOp>
                                                                                                    <RelOp AvgRowSize="29" EstimateCPU="0.0001581" EstimateIO="0.003125" EstimateRebinds="73.2596" EstimateRewinds="6.10023" EstimateRows="1" LogicalOp="Clustered Index Seek" NodeId="174" Parallel="false" PhysicalOp="Clustered Index Seek" EstimatedTotalSubtreeCost="0.0195772">
                                                                                                      <OutputList>
                                                                                                        <ColumnReference Database="[servicetrax_dev]" Schema="[dbo]" Table="[LOOKUP_TYPES]" Column="CODE" />
                                                                                                        <ColumnReference Database="[servicetrax_dev]" Schema="[dbo]" Table="[LOOKUP_TYPES]" Column="ACTIVE_FLAG" />
                                                                                                      </OutputList>
                                                                                                      <RunTimeInformation>
                                                                                                        <RunTimeCountersPerThread Thread="0" ActualRows="2" ActualEndOfScans="0" ActualExecutions="2" />
                                                                                                      </RunTimeInformation>
                                                                                                      <IndexScan Ordered="true" ScanDirection="FORWARD" ForcedIndex="false" NoExpandHint="false">
                                                                                                        <DefinedValues>
                                                                                                          <DefinedValue>
                                                                                                            <ColumnReference Database="[servicetrax_dev]" Schema="[dbo]" Table="[LOOKUP_TYPES]" Column="CODE" />
                                                                                                          </DefinedValue>
                                                                                                          <DefinedValue>
                                                                                                            <ColumnReference Database="[servicetrax_dev]" Schema="[dbo]" Table="[LOOKUP_TYPES]" Column="ACTIVE_FLAG" />
                                                                                                          </DefinedValue>
                                                                                                        </DefinedValues>
                                                                                                        <Object Database="[servicetrax_dev]" Schema="[dbo]" Table="[LOOKUP_TYPES]" Index="[PK_LOOKUP_TYPES]" TableReferenceId="2" />
                                                                                                        <SeekPredicates>
                                                                                                          <SeekPredicate>
                                                                                                            <Prefix ScanType="EQ">
                                                                                                              <RangeColumns>
                                                                                                                <ColumnReference Database="[servicetrax_dev]" Schema="[dbo]" Table="[LOOKUP_TYPES]" Column="LOOKUP_TYPE_ID" />
                                                                                                              </RangeColumns>
                                                                                                              <RangeExpressions>
                                                                                                                <ScalarOperator ScalarString="[servicetrax_dev].[dbo].[LOOKUPS].[LOOKUP_TYPE_ID]">
                                                                                                                  <Identifier>
                                                                                                                    <ColumnReference Database="[servicetrax_dev]" Schema="[dbo]" Table="[LOOKUPS]" Column="LOOKUP_TYPE_ID" />
                                                                                                                  </Identifier>
                                                                                                                </ScalarOperator>
                                                                                                              </RangeExpressions>
                                                                                                            </Prefix>
                                                                                                          </SeekPredicate>
                                                                                                        </SeekPredicates>
                                                                                                        <Predicate>
                                                                                                          <ScalarOperator ScalarString="[servicetrax_dev].[dbo].[LOOKUP_TYPES].[CODE]='invoice_line_type' AND [servicetrax_dev].[dbo].[LOOKUP_TYPES].[ACTIVE_FLAG]&lt;&gt;'N'">
                                                                                                            <Logical Operation="AND">
                                                                                                              <ScalarOperator>
                                                                                                                <Compare CompareOp="EQ">
                                                                                                                  <ScalarOperator>
                                                                                                                    <Identifier>
                                                                                                                      <ColumnReference Database="[servicetrax_dev]" Schema="[dbo]" Table="[LOOKUP_TYPES]" Column="CODE" />
                                                                                                                    </Identifier>
                                                                                                                  </ScalarOperator>
                                                                                                                  <ScalarOperator>
                                                                                                                    <Const ConstValue="'invoice_line_type'" />
                                                                                                                  </ScalarOperator>
                                                                                                                </Compare>
                                                                                                              </ScalarOperator>
                                                                                                              <ScalarOperator>
                                                                                                                <Compare CompareOp="NE">
                                                                                                                  <ScalarOperator>
                                                                                                                    <Identifier>
                                                                                                                      <ColumnReference Database="[servicetrax_dev]" Schema="[dbo]" Table="[LOOKUP_TYPES]" Column="ACTIVE_FLAG" />
                                                                                                                    </Identifier>
                                                                                                                  </ScalarOperator>
                                                                                                                  <ScalarOperator>
                                                                                                                    <Const ConstValue="'N'" />
                                                                                                                  </ScalarOperator>
                                                                                                                </Compare>
                                                                                                              </ScalarOperator>
                                                                                                            </Logical>
                                                                                                          </ScalarOperator>
                                                                                                        </Predicate>
                                                                                                      </IndexScan>
                                                                                                    </RelOp>
                                                                                                  </NestedLoops>
                                                                                                </RelOp>
                                                                                                <RelOp AvgRowSize="16" EstimateCPU="0.0001581" EstimateIO="0.003125" EstimateRebinds="31.1909" EstimateRewinds="48.169" EstimateRows="1" LogicalOp="Clustered Index Seek" NodeId="175" Parallel="false" PhysicalOp="Clustered Index Seek" EstimatedTotalSubtreeCost="0.109974">
                                                                                                  <OutputList>
                                                                                                    <ColumnReference Database="[servicetrax_dev]" Schema="[dbo]" Table="[INVOICES]" Column="JOB_ID" />
                                                                                                  </OutputList>
                                                                                                  <RunTimeInformation>
                                                                                                    <RunTimeCountersPerThread Thread="0" ActualRows="2" ActualEndOfScans="0" ActualExecutions="2" />
                                                                                                  </RunTimeInformation>
                                                                                                  <IndexScan Ordered="true" ScanDirection="FORWARD" ForcedIndex="false" NoExpandHint="false">
                                                                                                    <DefinedValues>
                                                                                                      <DefinedValue>
                                                                                                        <ColumnReference Database="[servicetrax_dev]" Schema="[dbo]" Table="[INVOICES]" Column="JOB_ID" />
                                                                                                      </DefinedValue>
                                                                                                    </DefinedValues>
                                                                                                    <Object Database="[servicetrax_dev]" Schema="[dbo]" Table="[INVOICES]" Index="[INV_PK]" TableReferenceId="2" />
                                                                                                    <SeekPredicates>
                                                                                                      <SeekPredicate>
                                                                                                        <Prefix ScanType="EQ">
                                                                                                          <RangeColumns>
                                                                                                            <ColumnReference Database="[servicetrax_dev]" Schema="[dbo]" Table="[INVOICES]" Column="INVOICE_ID" />
                                                                                                          </RangeColumns>
                                                                                                          <RangeExpressions>
                                                                                                            <ScalarOperator ScalarString="[servicetrax_dev].[dbo].[INVOICES].[INVOICE_ID]">
                                                                                                              <Identifier>
                                                                                                                <ColumnReference Database="[servicetrax_dev]" Schema="[dbo]" Table="[INVOICES]" Column="INVOICE_ID" />
                                                                                                              </Identifier>
                                                                                                            </ScalarOperator>
                                                                                                          </RangeExpressions>
                                                                                                        </Prefix>
                                                                                                      </SeekPredicate>
                                                                                                    </SeekPredicates>
                                                                                                  </IndexScan>
                                                                                                </RelOp>
                                                                                              </NestedLoops>
                                                                                            </RelOp>
                                                                                            <RelOp AvgRowSize="70" EstimateCPU="0.0001581" EstimateIO="0.003125" EstimateRebinds="79.3599" EstimateRewinds="0" EstimateRows="1" LogicalOp="Clustered Index Seek" NodeId="176" Parallel="false" PhysicalOp="Clustered Index Seek" EstimatedTotalSubtreeCost="0.255113">
                                                                                              <OutputList>
                                                                                                <ColumnReference Database="[servicetrax_dev]" Schema="[dbo]" Table="[JOBS]" Alias="[j]" Column="PROJECT_ID" />
                                                                                                <ColumnReference Database="[servicetrax_dev]" Schema="[dbo]" Table="[JOBS]" Alias="[j]" Column="JOB_NO" />
                                                                                                <ColumnReference Database="[servicetrax_dev]" Schema="[dbo]" Table="[JOBS]" Alias="[j]" Column="JOB_TYPE_ID" />
                                                                                                <ColumnReference Database="[servicetrax_dev]" Schema="[dbo]" Table="[JOBS]" Alias="[j]" Column="JOB_STATUS_TYPE_ID" />
                                                                                                <ColumnReference Database="[servicetrax_dev]" Schema="[dbo]" Table="[JOBS]" Alias="[j]" Column="CUSTOMER_ID" />
                                                                                                <ColumnReference Database="[servicetrax_dev]" Schema="[dbo]" Table="[JOBS]" Alias="[j]" Column="BILLING_USER_ID" />
                                                                                                <ColumnReference Database="[servicetrax_dev]" Schema="[dbo]" Table="[JOBS]" Alias="[j]" Column="CREATED_BY" />
                                                                                              </OutputList>
                                                                                              <RunTimeInformation>
                                                                                                <RunTimeCountersPerThread Thread="0" ActualRows="2" ActualEndOfScans="0" ActualExecutions="2" />
                                                                                              </RunTimeInformation>
                                                                                              <IndexScan Ordered="true" ScanDirection="FORWARD" ForcedIndex="false" NoExpandHint="false">
                                                                                                <DefinedValues>
                                                                                                  <DefinedValue>
                                                                                                    <ColumnReference Database="[servicetrax_dev]" Schema="[dbo]" Table="[JOBS]" Alias="[j]" Column="PROJECT_ID" />
                                                                                                  </DefinedValue>
                                                                                                  <DefinedValue>
                                                                                                    <ColumnReference Database="[servicetrax_dev]" Schema="[dbo]" Table="[JOBS]" Alias="[j]" Column="JOB_NO" />
                                                                                                  </DefinedValue>
                                                                                                  <DefinedValue>
                                                                                                    <ColumnReference Database="[servicetrax_dev]" Schema="[dbo]" Table="[JOBS]" Alias="[j]" Column="JOB_TYPE_ID" />
                                                                                                  </DefinedValue>
                                                                                                  <DefinedValue>
                                                                                                    <ColumnReference Database="[servicetrax_dev]" Schema="[dbo]" Table="[JOBS]" Alias="[j]" Column="JOB_STATUS_TYPE_ID" />
                                                                                                  </DefinedValue>
                                                                                                  <DefinedValue>
                                                                                                    <ColumnReference Database="[servicetrax_dev]" Schema="[dbo]" Table="[JOBS]" Alias="[j]" Column="CUSTOMER_ID" />
                                                                                                  </DefinedValue>
                                                                                                  <DefinedValue>
                                                                                                    <ColumnReference Database="[servicetrax_dev]" Schema="[dbo]" Table="[JOBS]" Alias="[j]" Column="BILLING_USER_ID" />
                                                                                                  </DefinedValue>
                                                                                                  <DefinedValue>
                                                                                                    <ColumnReference Database="[servicetrax_dev]" Schema="[dbo]" Table="[JOBS]" Alias="[j]" Column="CREATED_BY" />
                                                                                                  </DefinedValue>
                                                                                                </DefinedValues>
                                                                                                <Object Database="[servicetrax_dev]" Schema="[dbo]" Table="[JOBS]" Index="[PK_JOBS]" Alias="[j]" TableReferenceId="3" />
                                                                                                <SeekPredicates>
                                                                                                  <SeekPredicate>
                                                                                                    <Prefix ScanType="EQ">
                                                                                                      <RangeColumns>
                                                                                                        <ColumnReference Database="[servicetrax_dev]" Schema="[dbo]" Table="[JOBS]" Alias="[j]" Column="JOB_ID" />
                                                                                                      </RangeColumns>
                                                                                                      <RangeExpressions>
                                                                                                        <ScalarOperator ScalarString="[servicetrax_dev].[dbo].[INVOICES].[JOB_ID]">
                                                                                                          <Identifier>
                                                                                                            <ColumnReference Database="[servicetrax_dev]" Schema="[dbo]" Table="[INVOICES]" Column="JOB_ID" />
                                                                                                          </Identifier>
                                                                                                        </ScalarOperator>
                                                                                                      </RangeExpressions>
                                                                                                    </Prefix>
                                                                                                  </SeekPredicate>
                                                                                                </SeekPredicates>
                                                                                              </IndexScan>
                                                                                            </RelOp>
                                                                                          </NestedLoops>
                                                                                        </RelOp>
                                                                                        <RelOp AvgRowSize="16" EstimateCPU="0.0028652" EstimateIO="0.00831019" EstimateRebinds="0" EstimateRewinds="0" EstimateRows="2462" LogicalOp="Index Scan" NodeId="177" Parallel="false" PhysicalOp="Index Scan" EstimatedTotalSubtreeCost="0.0111754">
                                                                                          <OutputList>
                                                                                            <ColumnReference Database="[servicetrax_dev]" Schema="[dbo]" Table="[USERS]" Alias="[created_by]" Column="USER_ID" />
                                                                                          </OutputList>
                                                                                          <RunTimeInformation>
                                                                                            <RunTimeCountersPerThread Thread="0" ActualRows="2462" ActualEndOfScans="1" ActualExecutions="1" />
                                                                                          </RunTimeInformation>
                                                                                          <IndexScan Ordered="false" ForcedIndex="false" NoExpandHint="false">
                                                                                            <DefinedValues>
                                                                                              <DefinedValue>
                                                                                                <ColumnReference Database="[servicetrax_dev]" Schema="[dbo]" Table="[USERS]" Alias="[created_by]" Column="USER_ID" />
                                                                                              </DefinedValue>
                                                                                            </DefinedValues>
                                                                                            <Object Database="[servicetrax_dev]" Schema="[dbo]" Table="[USERS]" Index="[IX_USER_LOGINS]" Alias="[created_by]" TableReferenceId="3" />
                                                                                          </IndexScan>
                                                                                        </RelOp>
                                                                                      </Hash>
                                                                                    </RelOp>
                                                                                  </Sort>
                                                                                </RelOp>
                                                                              </Merge>
                                                                            </RelOp>
                                                                            <RelOp AvgRowSize="18" EstimateCPU="0.0001581" EstimateIO="0.003125" EstimateRebinds="22.2004" EstimateRewinds="57.1595" EstimateRows="1" LogicalOp="Index Seek" NodeId="180" Parallel="false" PhysicalOp="Index Seek" EstimatedTotalSubtreeCost="0.020839">
                                                                              <OutputList>
                                                                                <ColumnReference Database="[servicetrax_dev]" Schema="[dbo]" Table="[LOOKUPS]" Alias="[customer_type]" Column="CODE" />
                                                                              </OutputList>
                                                                              <RunTimeInformation>
                                                                                <RunTimeCountersPerThread Thread="0" ActualRows="2" ActualEndOfScans="0" ActualExecutions="2" />
                                                                              </RunTimeInformation>
                                                                              <IndexScan Ordered="true" ScanDirection="FORWARD" ForcedIndex="false" NoExpandHint="false">
                                                                                <DefinedValues>
                                                                                  <DefinedValue>
                                                                                    <ColumnReference Database="[servicetrax_dev]" Schema="[dbo]" Table="[LOOKUPS]" Alias="[customer_type]" Column="CODE" />
                                                                                  </DefinedValue>
                                                                                </DefinedValues>
                                                                                <Object Database="[servicetrax_dev]" Schema="[dbo]" Table="[LOOKUPS]" Index="[IX_L_LID_CODE]" Alias="[customer_type]" TableReferenceId="3" />
                                                                                <SeekPredicates>
                                                                                  <SeekPredicate>
                                                                                    <Prefix ScanType="EQ">
                                                                                      <RangeColumns>
                                                                                        <ColumnReference Database="[servicetrax_dev]" Schema="[dbo]" Table="[LOOKUPS]" Alias="[customer_type]" Column="LOOKUP_ID" />
                                                                                      </RangeColumns>
                                                                                      <RangeExpressions>
                                                                                        <ScalarOperator ScalarString="[servicetrax_dev].[dbo].[CUSTOMERS].[customer_type_id] as [c].[customer_type_id]">
                                                                                          <Identifier>
                                                                                            <ColumnReference Database="[servicetrax_dev]" Schema="[dbo]" Table="[CUSTOMERS]" Alias="[c]" Column="customer_type_id" />
                                                                                          </Identifier>
                                                                                        </ScalarOperator>
                                                                                      </RangeExpressions>
                                                                                    </Prefix>
                                                                                  </SeekPredicate>
                                                                                </SeekPredicates>
                                                                              </IndexScan>
                                                                            </RelOp>
                                                                          </NestedLoops>
                                                                        </RelOp>
                                                                        <RelOp AvgRowSize="9" EstimateCPU="0.0001581" EstimateIO="0.003125" EstimateRebinds="44.6314" EstimateRewinds="32.8455" EstimateRows="1" LogicalOp="Index Seek" NodeId="181" Parallel="false" PhysicalOp="Index Seek" EstimatedTotalSubtreeCost="0.0155322">
                                                                          <OutputList />
                                                                          <RunTimeInformation>
                                                                            <RunTimeCountersPerThread Thread="0" ActualRows="2" ActualEndOfScans="0" ActualExecutions="2" />
                                                                          </RunTimeInformation>
                                                                          <IndexScan Ordered="true" ScanDirection="FORWARD" ForcedIndex="false" NoExpandHint="false">
                                                                            <DefinedValues />
                                                                            <Object Database="[servicetrax_dev]" Schema="[dbo]" Table="[LOOKUPS]" Index="[IX_L_LID_NAME]" Alias="[job_status_type]" TableReferenceId="3" />
                                                                            <SeekPredicates>
                                                                              <SeekPredicate>
                                                                                <Prefix ScanType="EQ">
                                                                                  <RangeColumns>
                                                                                    <ColumnReference Database="[servicetrax_dev]" Schema="[dbo]" Table="[LOOKUPS]" Alias="[job_status_type]" Column="LOOKUP_ID" />
                                                                                  </RangeColumns>
                                                                                  <RangeExpressions>
                                                                                    <ScalarOperator ScalarString="[servicetrax_dev].[dbo].[JOBS].[JOB_STATUS_TYPE_ID] as [j].[JOB_STATUS_TYPE_ID]">
                                                                                      <Identifier>
                                                                                        <ColumnReference Database="[servicetrax_dev]" Schema="[dbo]" Table="[JOBS]" Alias="[j]" Column="JOB_STATUS_TYPE_ID" />
                                                                                      </Identifier>
                                                                                    </ScalarOperator>
                                                                                  </RangeExpressions>
                                                                                </Prefix>
                                                                              </SeekPredicate>
                                                                            </SeekPredicates>
                                                                          </IndexScan>
                                                                        </RelOp>
                                                                      </NestedLoops>
                                                                    </RelOp>
                                                                    <RelOp AvgRowSize="9" EstimateCPU="0.0001581" EstimateIO="0.003125" EstimateRebinds="8.89932" EstimateRewinds="68.5776" EstimateRows="1" LogicalOp="Index Seek" NodeId="182" Parallel="false" PhysicalOp="Index Seek" EstimatedTotalSubtreeCost="0.0227444">
                                                                      <OutputList />
                                                                      <RunTimeInformation>
                                                                        <RunTimeCountersPerThread Thread="0" ActualRows="2" ActualEndOfScans="0" ActualExecutions="2" />
                                                                      </RunTimeInformation>
                                                                      <IndexScan Ordered="true" ScanDirection="FORWARD" ForcedIndex="false" NoExpandHint="false">
                                                                        <DefinedValues />
                                                                        <Object Database="[servicetrax_dev]" Schema="[dbo]" Table="[LOOKUPS]" Index="[IX_L_LID_NAME]" Alias="[job_type]" TableReferenceId="3" />
                                                                        <SeekPredicates>
                                                                          <SeekPredicate>
                                                                            <Prefix ScanType="EQ">
                                                                              <RangeColumns>
                                                                                <ColumnReference Database="[servicetrax_dev]" Schema="[dbo]" Table="[LOOKUPS]" Alias="[job_type]" Column="LOOKUP_ID" />
                                                                              </RangeColumns>
                                                                              <RangeExpressions>
                                                                                <ScalarOperator ScalarString="[servicetrax_dev].[dbo].[JOBS].[JOB_TYPE_ID] as [j].[JOB_TYPE_ID]">
                                                                                  <Identifier>
                                                                                    <ColumnReference Database="[servicetrax_dev]" Schema="[dbo]" Table="[JOBS]" Alias="[j]" Column="JOB_TYPE_ID" />
                                                                                  </Identifier>
                                                                                </ScalarOperator>
                                                                              </RangeExpressions>
                                                                            </Prefix>
                                                                          </SeekPredicate>
                                                                        </SeekPredicates>
                                                                      </IndexScan>
                                                                    </RelOp>
                                                                  </NestedLoops>
                                                                </RelOp>
                                                                <RelOp AvgRowSize="11" EstimateCPU="0.000258508" EstimateIO="0.003125" EstimateRebinds="75.9806" EstimateRewinds="1.49636" EstimateRows="1" LogicalOp="Lazy Spool" NodeId="183" Parallel="false" PhysicalOp="Index Spool" EstimatedTotalSubtreeCost="0.151751">
                                                                  <OutputList>
                                                                    <ColumnReference Column="Expr1228" />
                                                                  </OutputList>
                                                                  <RunTimeInformation>
                                                                    <RunTimeCountersPerThread Thread="0" ActualRebinds="2" ActualRewinds="0" ActualRows="2" ActualEndOfScans="0" ActualExecutions="2" />
                                                                  </RunTimeInformation>
                                                                  <Spool>
                                                                    <SeekPredicate>
                                                                      <Prefix ScanType="EQ">
                                                                        <RangeColumns>
                                                                          <ColumnReference Database="[servicetrax_dev]" Schema="[dbo]" Table="[INVOICES]" Column="INVOICE_ID" />
                                                                        </RangeColumns>
                                                                        <RangeExpressions>
                                                                          <ScalarOperator ScalarString="[servicetrax_dev].[dbo].[INVOICES].[INVOICE_ID]">
                                                                            <Identifier>
                                                                              <ColumnReference Database="[servicetrax_dev]" Schema="[dbo]" Table="[INVOICES]" Column="INVOICE_ID" />
                                                                            </Identifier>
                                                                          </ScalarOperator>
                                                                        </RangeExpressions>
                                                                      </Prefix>
                                                                    </SeekPredicate>
                                                                    <RelOp AvgRowSize="11" EstimateCPU="1E-07" EstimateIO="0" EstimateRebinds="31.4366" EstimateRewinds="0" EstimateRows="1" LogicalOp="Compute Scalar" NodeId="184" Parallel="false" PhysicalOp="Compute Scalar" EstimatedTotalSubtreeCost="0.12834">
                                                                      <OutputList>
                                                                        <ColumnReference Column="Expr1228" />
                                                                      </OutputList>
                                                                      <ComputeScalar>
                                                                        <DefinedValues>
                                                                          <DefinedValue>
                                                                            <ColumnReference Column="Expr1228" />
                                                                            <ScalarOperator ScalarString="CASE WHEN [Expr1227]='*' THEN '*' ELSE '' END">
                                                                              <IF>
                                                                                <Condition>
                                                                                  <ScalarOperator>
                                                                                    <Compare CompareOp="EQ">
                                                                                      <ScalarOperator>
                                                                                        <Identifier>
                                                                                          <ColumnReference Column="Expr1227" />
                                                                                        </Identifier>
                                                                                      </ScalarOperator>
                                                                                      <ScalarOperator>
                                                                                        <Const ConstValue="'*'" />
                                                                                      </ScalarOperator>
                                                                                    </Compare>
                                                                                  </ScalarOperator>
                                                                                </Condition>
                                                                                <Then>
                                                                                  <ScalarOperator>
                                                                                    <Const ConstValue="'*'" />
                                                                                  </ScalarOperator>
                                                                                </Then>
                                                                                <Else>
                                                                                  <ScalarOperator>
                                                                                    <Const ConstValue="''" />
                                                                                  </ScalarOperator>
                                                                                </Else>
                                                                              </IF>
                                                                            </ScalarOperator>
                                                                          </DefinedValue>
                                                                        </DefinedValues>
                                                                        <RelOp AvgRowSize="11" EstimateCPU="4.18E-06" EstimateIO="0" EstimateRebinds="31.4366" EstimateRewinds="0" EstimateRows="1" LogicalOp="Left Outer Join" NodeId="185" Parallel="false" PhysicalOp="Nested Loops" EstimatedTotalSubtreeCost="0.128337">
                                                                          <OutputList>
                                                                            <ColumnReference Column="Expr1227" />
                                                                          </OutputList>
                                                                          <RunTimeInformation>
                                                                            <RunTimeCountersPerThread Thread="0" ActualRows="2" ActualEndOfScans="0" ActualExecutions="2" />
                                                                          </RunTimeInformation>
                                                                          <NestedLoops Optimized="false">
                                                                            <OuterReferences>
                                                                              <ColumnReference Database="[servicetrax_dev]" Schema="[dbo]" Table="[INVOICES]" Alias="[i]" Column="INVOICE_ID" />
                                                                            </OuterReferences>
                                                                            <RelOp AvgRowSize="16" EstimateCPU="0.0001581" EstimateIO="0.003125" EstimateRebinds="31.4366" EstimateRewinds="0" EstimateRows="1" LogicalOp="Clustered Index Seek" NodeId="186" Parallel="false" PhysicalOp="Clustered Index Seek" EstimatedTotalSubtreeCost="0.0688559">
                                                                              <OutputList>
                                                                                <ColumnReference Database="[servicetrax_dev]" Schema="[dbo]" Table="[INVOICES]" Alias="[i]" Column="INVOICE_ID" />
                                                                              </OutputList>
                                                                              <RunTimeInformation>
                                                                                <RunTimeCountersPerThread Thread="0" ActualRows="2" ActualEndOfScans="0" ActualExecutions="2" />
                                                                              </RunTimeInformation>
                                                                              <IndexScan Ordered="true" ScanDirection="FORWARD" ForcedIndex="false" NoExpandHint="false">
                                                                                <DefinedValues>
                                                                                  <DefinedValue>
                                                                                    <ColumnReference Database="[servicetrax_dev]" Schema="[dbo]" Table="[INVOICES]" Alias="[i]" Column="INVOICE_ID" />
                                                                                  </DefinedValue>
                                                                                </DefinedValues>
                                                                                <Object Database="[servicetrax_dev]" Schema="[dbo]" Table="[INVOICES]" Index="[INV_PK]" Alias="[i]" TableReferenceId="3" />
                                                                                <SeekPredicates>
                                                                                  <SeekPredicate>
                                                                                    <Prefix ScanType="EQ">
                                                                                      <RangeColumns>
                                                                                        <ColumnReference Database="[servicetrax_dev]" Schema="[dbo]" Table="[INVOICES]" Alias="[i]" Column="INVOICE_ID" />
                                                                                      </RangeColumns>
                                                                                      <RangeExpressions>
                                                                                        <ScalarOperator ScalarString="[servicetrax_dev].[dbo].[INVOICES].[INVOICE_ID]">
                                                                                          <Identifier>
                                                                                            <ColumnReference Database="[servicetrax_dev]" Schema="[dbo]" Table="[INVOICES]" Column="INVOICE_ID" />
                                                                                          </Identifier>
                                                                                        </ScalarOperator>
                                                                                      </RangeExpressions>
                                                                                    </Prefix>
                                                                                  </SeekPredicate>
                                                                                </SeekPredicates>
                                                                              </IndexScan>
                                                                            </RelOp>
                                                                            <RelOp AvgRowSize="11" EstimateCPU="1.00967E-06" EstimateIO="0" EstimateRebinds="31.4366" EstimateRewinds="0" EstimateRows="1" LogicalOp="Aggregate" NodeId="187" Parallel="false" PhysicalOp="Stream Aggregate" EstimatedTotalSubtreeCost="0.0593452">
                                                                              <OutputList>
                                                                                <ColumnReference Column="Expr1227" />
                                                                              </OutputList>
                                                                              <RunTimeInformation>
                                                                                <RunTimeCountersPerThread Thread="0" ActualRows="0" ActualEndOfScans="2" ActualExecutions="2" />
                                                                              </RunTimeInformation>
                                                                              <StreamAggregate>
                                                                                <DefinedValues>
                                                                                  <DefinedValue>
                                                                                    <ColumnReference Column="Expr1227" />
                                                                                    <ScalarOperator ScalarString="ANY([Expr1227])">
                                                                                      <Aggregate AggType="ANY" Distinct="false">
                                                                                        <ScalarOperator>
                                                                                          <Identifier>
                                                                                            <ColumnReference Column="Expr1227" />
                                                                                          </Identifier>
                                                                                        </ScalarOperator>
                                                                                      </Aggregate>
                                                                                    </ScalarOperator>
                                                                                  </DefinedValue>
                                                                                </DefinedValues>
                                                                                <RelOp AvgRowSize="11" EstimateCPU="1.01934E-07" EstimateIO="0" EstimateRebinds="31.4366" EstimateRewinds="0" EstimateRows="1.01934" LogicalOp="Compute Scalar" NodeId="188" Parallel="false" PhysicalOp="Compute Scalar" EstimatedTotalSubtreeCost="0.0593124">
                                                                                  <OutputList>
                                                                                    <ColumnReference Column="Expr1227" />
                                                                                  </OutputList>
                                                                                  <ComputeScalar>
                                                                                    <DefinedValues>
                                                                                      <DefinedValue>
                                                                                        <ColumnReference Column="Expr1227" />
                                                                                        <ScalarOperator ScalarString="'*'">
                                                                                          <Const ConstValue="'*'" />
                                                                                        </ScalarOperator>
                                                                                      </DefinedValue>
                                                                                    </DefinedValues>
                                                                                    <RelOp AvgRowSize="9" EstimateCPU="0.000158121" EstimateIO="0.003125" EstimateRebinds="31.4366" EstimateRewinds="0" EstimateRows="1.01934" LogicalOp="Index Seek" NodeId="189" Parallel="false" PhysicalOp="Index Seek" EstimatedTotalSubtreeCost="0.0593091">
                                                                                      <OutputList />
                                                                                      <RunTimeInformation>
                                                                                        <RunTimeCountersPerThread Thread="0" ActualRows="0" ActualEndOfScans="2" ActualExecutions="2" />
                                                                                      </RunTimeInformation>
                                                                                      <IndexScan Ordered="true" ScanDirection="FORWARD" ForcedIndex="false" NoExpandHint="false">
                                                                                        <DefinedValues />
                                                                                        <Object Database="[servicetrax_dev]" Schema="[dbo]" Table="[INVOICE_TRACKING]" Index="[IX_IT_INVOICES]" TableReferenceId="2" />
                                                                                        <SeekPredicates>
                                                                                          <SeekPredicate>
                                                                                            <Prefix ScanType="EQ">
                                                                                              <RangeColumns>
                                                                                                <ColumnReference Database="[servicetrax_dev]" Schema="[dbo]" Table="[INVOICE_TRACKING]" Column="INVOICE_ID" />
                                                                                              </RangeColumns>
                                                                                              <RangeExpressions>
                                                                                                <ScalarOperator ScalarString="[servicetrax_dev].[dbo].[INVOICES].[INVOICE_ID] as [i].[INVOICE_ID]">
                                                                                                  <Identifier>
                                                                                                    <ColumnReference Database="[servicetrax_dev]" Schema="[dbo]" Table="[INVOICES]" Alias="[i]" Column="INVOICE_ID" />
                                                                                                  </Identifier>
                                                                                                </ScalarOperator>
                                                                                              </RangeExpressions>
                                                                                            </Prefix>
                                                                                          </SeekPredicate>
                                                                                        </SeekPredicates>
                                                                                      </IndexScan>
                                                                                    </RelOp>
                                                                                  </ComputeScalar>
                                                                                </RelOp>
                                                                              </StreamAggregate>
                                                                            </RelOp>
                                                                          </NestedLoops>
                                                                        </RelOp>
                                                                      </ComputeScalar>
                                                                    </RelOp>
                                                                  </Spool>
                                                                </RelOp>
                                                              </NestedLoops>
                                                            </RelOp>
                                                            <RelOp AvgRowSize="19" EstimateCPU="0.0001581" EstimateIO="0.003125" EstimateRebinds="32.3795" EstimateRewinds="45.0974" EstimateRows="1" LogicalOp="Index Seek" NodeId="199" Parallel="false" PhysicalOp="Index Seek" EstimatedTotalSubtreeCost="0.0155322">
                                                              <OutputList>
                                                                <ColumnReference Database="[servicetrax_dev]" Schema="[dbo]" Table="[LOOKUPS]" Alias="[INVOICE_TYPE]" Column="NAME" />
                                                              </OutputList>
                                                              <RunTimeInformation>
                                                                <RunTimeCountersPerThread Thread="0" ActualRows="2" ActualEndOfScans="0" ActualExecutions="2" />
                                                              </RunTimeInformation>
                                                              <IndexScan Ordered="true" ScanDirection="FORWARD" ForcedIndex="false" NoExpandHint="false">
                                                                <DefinedValues>
                                                                  <DefinedValue>
                                                                    <ColumnReference Database="[servicetrax_dev]" Schema="[dbo]" Table="[LOOKUPS]" Alias="[INVOICE_TYPE]" Column="NAME" />
                                                                  </DefinedValue>
                                                                </DefinedValues>
                                                                <Object Database="[servicetrax_dev]" Schema="[dbo]" Table="[LOOKUPS]" Index="[IX_L_LID_NAME]" Alias="[INVOICE_TYPE]" TableReferenceId="2" />
                                                                <SeekPredicates>
                                                                  <SeekPredicate>
                                                                    <Prefix ScanType="EQ">
                                                                      <RangeColumns>
                                                                        <ColumnReference Database="[servicetrax_dev]" Schema="[dbo]" Table="[LOOKUPS]" Alias="[INVOICE_TYPE]" Column="LOOKUP_ID" />
                                                                      </RangeColumns>
                                                                      <RangeExpressions>
                                                                        <ScalarOperator ScalarString="[servicetrax_dev].[dbo].[INVOICES].[INVOICE_TYPE_ID]">
                                                                          <Identifier>
                                                                            <ColumnReference Database="[servicetrax_dev]" Schema="[dbo]" Table="[INVOICES]" Column="INVOICE_TYPE_ID" />
                                                                          </Identifier>
                                                                        </ScalarOperator>
                                                                      </RangeExpressions>
                                                                    </Prefix>
                                                                  </SeekPredicate>
                                                                </SeekPredicates>
                                                              </IndexScan>
                                                            </RelOp>
                                                          </NestedLoops>
                                                        </RelOp>
                                                        <RelOp AvgRowSize="33" EstimateCPU="0.0028652" EstimateIO="0.0105324" EstimateRebinds="0" EstimateRewinds="0" EstimateRows="2462" LogicalOp="Index Scan" NodeId="200" Parallel="false" PhysicalOp="Index Scan" EstimatedTotalSubtreeCost="0.0133976">
                                                          <OutputList>
                                                            <ColumnReference Database="[servicetrax_dev]" Schema="[dbo]" Table="[USERS]" Alias="[u_billing]" Column="USER_ID" />
                                                            <ColumnReference Database="[servicetrax_dev]" Schema="[dbo]" Table="[USERS]" Alias="[u_billing]" Column="FIRST_NAME" />
                                                            <ColumnReference Database="[servicetrax_dev]" Schema="[dbo]" Table="[USERS]" Alias="[u_billing]" Column="LAST_NAME" />
                                                          </OutputList>
                                                          <RunTimeInformation>
                                                            <RunTimeCountersPerThread Thread="0" ActualRows="2462" ActualEndOfScans="1" ActualExecutions="1" />
                                                          </RunTimeInformation>
                                                          <IndexScan Ordered="false" ForcedIndex="false" NoExpandHint="false">
                                                            <DefinedValues>
                                                              <DefinedValue>
                                                                <ColumnReference Database="[servicetrax_dev]" Schema="[dbo]" Table="[USERS]" Alias="[u_billing]" Column="USER_ID" />
                                                              </DefinedValue>
                                                              <DefinedValue>
                                                                <ColumnReference Database="[servicetrax_dev]" Schema="[dbo]" Table="[USERS]" Alias="[u_billing]" Column="FIRST_NAME" />
                                                              </DefinedValue>
                                                              <DefinedValue>
                                                                <ColumnReference Database="[servicetrax_dev]" Schema="[dbo]" Table="[USERS]" Alias="[u_billing]" Column="LAST_NAME" />
                                                              </DefinedValue>
                                                            </DefinedValues>
                                                            <Object Database="[servicetrax_dev]" Schema="[dbo]" Table="[USERS]" Index="[IX_USER_NAMES]" Alias="[u_billing]" TableReferenceId="3" />
                                                          </IndexScan>
                                                        </RelOp>
                                                      </Hash>
                                                    </RelOp>
                                                  </ComputeScalar>
                                                </RelOp>
                                                <RelOp AvgRowSize="16" EstimateCPU="0.0001581" EstimateIO="0.003125" EstimateRebinds="77.4769" EstimateRewinds="0" EstimateRows="1" LogicalOp="Index Seek" NodeId="205" Parallel="false" PhysicalOp="Index Seek" EstimatedTotalSubtreeCost="0.222899">
                                                  <OutputList>
                                                    <ColumnReference Database="[servicetrax_dev]" Schema="[dbo]" Table="[PROJECTS]" Alias="[p]" Column="end_user_id" />
                                                  </OutputList>
                                                  <RunTimeInformation>
                                                    <RunTimeCountersPerThread Thread="0" ActualRows="2" ActualEndOfScans="0" ActualExecutions="2" />
                                                  </RunTimeInformation>
                                                  <IndexScan Ordered="true" ScanDirection="FORWARD" ForcedIndex="false" NoExpandHint="false">
                                                    <DefinedValues>
                                                      <DefinedValue>
                                                        <ColumnReference Database="[servicetrax_dev]" Schema="[dbo]" Table="[PROJECTS]" Alias="[p]" Column="end_user_id" />
                                                      </DefinedValue>
                                                    </DefinedValues>
                                                    <Object Database="[servicetrax_dev]" Schema="[dbo]" Table="[PROJECTS]" Index="[IX_project_p_eu]" Alias="[p]" TableReferenceId="4" />
                                                    <SeekPredicates>
                                                      <SeekPredicate>
                                                        <Prefix ScanType="EQ">
                                                          <RangeColumns>
                                                            <ColumnReference Database="[servicetrax_dev]" Schema="[dbo]" Table="[PROJECTS]" Alias="[p]" Column="PROJECT_ID" />
                                                          </RangeColumns>
                                                          <RangeExpressions>
                                                            <ScalarOperator ScalarString="[servicetrax_dev].[dbo].[JOBS].[PROJECT_ID] as [j].[PROJECT_ID]">
                                                              <Identifier>
                                                                <ColumnReference Database="[servicetrax_dev]" Schema="[dbo]" Table="[JOBS]" Alias="[j]" Column="PROJECT_ID" />
                                                              </Identifier>
                                                            </ScalarOperator>
                                                          </RangeExpressions>
                                                        </Prefix>
                                                      </SeekPredicate>
                                                    </SeekPredicates>
                                                  </IndexScan>
                                                </RelOp>
                                              </NestedLoops>
                                            </RelOp>
                                          </Sort>
                                        </RelOp>
                                      </Merge>
                                    </RelOp>
                                    <RelOp AvgRowSize="28" EstimateCPU="0.0001581" EstimateIO="0.003125" EstimateRebinds="77.4769" EstimateRewinds="0" EstimateRows="1" LogicalOp="Clustered Index Seek" NodeId="207" Parallel="false" PhysicalOp="Clustered Index Seek" EstimatedTotalSubtreeCost="0.233836">
                                      <OutputList>
                                        <ColumnReference Database="[servicetrax_dev]" Schema="[dbo]" Table="[CUSTOMERS]" Column="CUSTOMER_NAME" />
                                      </OutputList>
                                      <RunTimeInformation>
                                        <RunTimeCountersPerThread Thread="0" ActualRows="0" ActualEndOfScans="2" ActualExecutions="2" />
                                      </RunTimeInformation>
                                      <IndexScan Ordered="true" ScanDirection="FORWARD" ForcedIndex="false" NoExpandHint="false">
                                        <DefinedValues>
                                          <DefinedValue>
                                            <ColumnReference Database="[servicetrax_dev]" Schema="[dbo]" Table="[CUSTOMERS]" Column="CUSTOMER_NAME" />
                                          </DefinedValue>
                                        </DefinedValues>
                                        <Object Database="[servicetrax_dev]" Schema="[dbo]" Table="[CUSTOMERS]" Index="[PK_CUSTOMERS]" TableReferenceId="3" />
                                        <SeekPredicates>
                                          <SeekPredicate>
                                            <Prefix ScanType="EQ">
                                              <RangeColumns>
                                                <ColumnReference Database="[servicetrax_dev]" Schema="[dbo]" Table="[CUSTOMERS]" Column="CUSTOMER_ID" />
                                              </RangeColumns>
                                              <RangeExpressions>
                                                <ScalarOperator ScalarString="[servicetrax_dev].[dbo].[CUSTOMERS].[end_user_parent_id] as [c].[end_user_parent_id]">
                                                  <Identifier>
                                                    <ColumnReference Database="[servicetrax_dev]" Schema="[dbo]" Table="[CUSTOMERS]" Alias="[c]" Column="end_user_parent_id" />
                                                  </Identifier>
                                                </ScalarOperator>
                                              </RangeExpressions>
                                            </Prefix>
                                          </SeekPredicate>
                                        </SeekPredicates>
                                      </IndexScan>
                                    </RelOp>
                                  </NestedLoops>
                                </RelOp>
                              </ComputeScalar>
                            </RelOp>
                          </Concat>
                        </RelOp>
                      </Sort>
                    </RelOp>
                  </StreamAggregate>
                </RelOp>
              </ComputeScalar>
            </RelOp>
          </QueryPlan>
        </StmtSimple>
      </Statements>
    </Batch>
  </BatchSequence>
</ShowPlanXML>