<?xml version="1.0" encoding="utf-16"?>
<ShowPlanXML xmlns:xsi="http://www.w3.org/2001/XMLSchema-instance" xmlns:xsd="http://www.w3.org/2001/XMLSchema" Version="1.0" Build="9.00.3054.00" xmlns="http://schemas.microsoft.com/sqlserver/2004/07/showplan">
  <BatchSequence>
    <Batch>
      <Statements>
        <StmtSimple StatementCompId="1" StatementEstRows="98.1219" StatementId="1" StatementOptmLevel="FULL" StatementSubTreeCost="96.6663" StatementText="SELECT DISTINCT billing_user_name, billing_user_name FROM bill_jobs_v WHERE billing_user_id is not null AND (billing_user_id =  2250  OR 'true' =  'true' ) and organization_id =  2  ORDER BY billing_user_name" StatementType="SELECT">
          <StatementSetOptions ANSI_NULLS="false" ANSI_PADDING="false" ANSI_WARNINGS="false" ARITHABORT="true" CONCAT_NULL_YIELDS_NULL="false" NUMERIC_ROUNDABORT="false" QUOTED_IDENTIFIER="false" />
          <QueryPlan DegreeOfParallelism="4" MemoryGrant="9808" CachedPlanSize="510" CompileTime="1317" CompileCPU="1317" CompileMemory="9232">
            <MissingIndexes>
              <MissingIndexGroup Impact="88.0474">
                <MissingIndex Database="[ims_new]" Schema="[dbo]" Table="[SERVICE_LINES]">
                  <ColumnGroup Usage="EQUALITY">
                    <Column Name="[ORGANIZATION_ID]" ColumnId="1" />
                    <Column Name="[STATUS_ID]" ColumnId="14" />
                    <Column Name="[INTERNAL_REQ_FLAG]" ColumnId="58" />
                  </ColumnGroup>
                  <ColumnGroup Usage="INCLUDE">
                    <Column Name="[BILL_JOB_NO]" ColumnId="6" />
                    <Column Name="[BILL_JOB_ID]" ColumnId="21" />
                    <Column Name="[BILL_SERVICE_ID]" ColumnId="22" />
                    <Column Name="[INVOICE_ID]" ColumnId="29" />
                  </ColumnGroup>
                </MissingIndex>
              </MissingIndexGroup>
            </MissingIndexes>
            <RelOp AvgRowSize="211" EstimateCPU="0.00243193" EstimateIO="0.0112613" EstimateRebinds="0" EstimateRewinds="0" EstimateRows="98.1219" LogicalOp="Distinct Sort" NodeId="0" Parallel="false" PhysicalOp="Sort" EstimatedTotalSubtreeCost="96.6663">
              <OutputList>
                <ColumnReference Column="Expr1025" />
              </OutputList>
              <MemoryFractions Input="0.0493827" Output="1" />
              <RunTimeInformation>
                <RunTimeCountersPerThread Thread="0" ActualRebinds="1" ActualRewinds="0" ActualRows="26" ActualEndOfScans="1" ActualExecutions="1" />
              </RunTimeInformation>
              <Sort Distinct="true">
                <OrderBy>
                  <OrderByColumn Ascending="true">
                    <ColumnReference Column="Expr1025" />
                  </OrderByColumn>
                </OrderBy>
                <RelOp AvgRowSize="211" EstimateCPU="0.0300379" EstimateIO="0" EstimateRebinds="0" EstimateRewinds="0" EstimateRows="196.244" LogicalOp="Gather Streams" NodeId="1" Parallel="true" PhysicalOp="Parallelism" EstimatedTotalSubtreeCost="96.6526">
                  <OutputList>
                    <ColumnReference Column="Expr1025" />
                  </OutputList>
                  <RunTimeInformation>
                    <RunTimeCountersPerThread Thread="0" ActualRows="54" ActualEndOfScans="1" ActualExecutions="1" />
                  </RunTimeInformation>
                  <Parallelism>
                    <RelOp AvgRowSize="211" EstimateCPU="0.0639705" EstimateIO="0" EstimateRebinds="0" EstimateRewinds="0" EstimateRows="196.244" LogicalOp="Partial Aggregate" NodeId="2" Parallel="true" PhysicalOp="Hash Match" EstimatedTotalSubtreeCost="96.6226">
                      <OutputList>
                        <ColumnReference Column="Expr1025" />
                      </OutputList>
                      <MemoryFractions Input="0" Output="0" />
                      <RunTimeInformation>
                        <RunTimeCountersPerThread Thread="3" ActualRows="12" ActualEndOfScans="1" ActualExecutions="1" />
                        <RunTimeCountersPerThread Thread="2" ActualRows="13" ActualEndOfScans="1" ActualExecutions="1" />
                        <RunTimeCountersPerThread Thread="1" ActualRows="15" ActualEndOfScans="1" ActualExecutions="1" />
                        <RunTimeCountersPerThread Thread="4" ActualRows="14" ActualEndOfScans="1" ActualExecutions="1" />
                        <RunTimeCountersPerThread Thread="0" ActualRows="0" ActualEndOfScans="0" ActualExecutions="0" />
                      </RunTimeInformation>
                      <Hash>
                        <DefinedValues />
                        <HashKeysBuild>
                          <ColumnReference Column="Expr1025" />
                        </HashKeysBuild>
                        <BuildResidual>
                          <ScalarOperator ScalarString="[Expr1025] = [Expr1025]">
                            <Compare CompareOp="IS">
                              <ScalarOperator>
                                <Identifier>
                                  <ColumnReference Column="Expr1025" />
                                </Identifier>
                              </ScalarOperator>
                              <ScalarOperator>
                                <Identifier>
                                  <ColumnReference Column="Expr1025" />
                                </Identifier>
                              </ScalarOperator>
                            </Compare>
                          </ScalarOperator>
                        </BuildResidual>
                        <RelOp AvgRowSize="211" EstimateCPU="0.000481396" EstimateIO="0" EstimateRebinds="0" EstimateRewinds="0" EstimateRows="9627.91" LogicalOp="Compute Scalar" NodeId="3" Parallel="true" PhysicalOp="Compute Scalar" EstimatedTotalSubtreeCost="96.5586">
                          <OutputList>
                            <ColumnReference Column="Expr1025" />
                          </OutputList>
                          <ComputeScalar>
                            <DefinedValues>
                              <DefinedValue>
                                <ColumnReference Column="Expr1025" />
                                <ScalarOperator ScalarString="([ims_new].[dbo].[USERS].[FIRST_NAME] as [u].[FIRST_NAME]+' ')+[ims_new].[dbo].[USERS].[LAST_NAME] as [u].[LAST_NAME]">
                                  <Arithmetic Operation="ADD">
                                    <ScalarOperator>
                                      <Arithmetic Operation="ADD">
                                        <ScalarOperator>
                                          <Identifier>
                                            <ColumnReference Database="[ims_new]" Schema="[dbo]" Table="[USERS]" Alias="[u]" Column="FIRST_NAME" />
                                          </Identifier>
                                        </ScalarOperator>
                                        <ScalarOperator>
                                          <Const ConstValue="' '" />
                                        </ScalarOperator>
                                      </Arithmetic>
                                    </ScalarOperator>
                                    <ScalarOperator>
                                      <Identifier>
                                        <ColumnReference Database="[ims_new]" Schema="[dbo]" Table="[USERS]" Alias="[u]" Column="LAST_NAME" />
                                      </Identifier>
                                    </ScalarOperator>
                                  </Arithmetic>
                                </ScalarOperator>
                              </DefinedValue>
                            </DefinedValues>
                            <RelOp AvgRowSize="24" EstimateCPU="0.275043" EstimateIO="0.00563063" EstimateRebinds="0" EstimateRewinds="0" EstimateRows="9627.91" LogicalOp="Distinct Sort" NodeId="4" Parallel="true" PhysicalOp="Sort" EstimatedTotalSubtreeCost="96.5581">
                              <OutputList>
                                <ColumnReference Database="[ims_new]" Schema="[dbo]" Table="[USERS]" Alias="[u]" Column="FIRST_NAME" />
                                <ColumnReference Database="[ims_new]" Schema="[dbo]" Table="[USERS]" Alias="[u]" Column="LAST_NAME" />
                              </OutputList>
                              <MemoryFractions Input="0.0292498" Output="0.950617" />
                              <RunTimeInformation>
                                <RunTimeCountersPerThread Thread="3" ActualRebinds="1" ActualRewinds="0" ActualRows="70" ActualEndOfScans="1" ActualExecutions="1" />
                                <RunTimeCountersPerThread Thread="2" ActualRebinds="1" ActualRewinds="0" ActualRows="68" ActualEndOfScans="1" ActualExecutions="1" />
                                <RunTimeCountersPerThread Thread="1" ActualRebinds="1" ActualRewinds="0" ActualRows="68" ActualEndOfScans="1" ActualExecutions="1" />
                                <RunTimeCountersPerThread Thread="4" ActualRebinds="1" ActualRewinds="0" ActualRows="60" ActualEndOfScans="1" ActualExecutions="1" />
                                <RunTimeCountersPerThread Thread="0" ActualRebinds="0" ActualRewinds="0" ActualRows="0" ActualEndOfScans="0" ActualExecutions="0" />
                              </RunTimeInformation>
                              <Sort Distinct="true">
                                <OrderBy>
                                  <OrderByColumn Ascending="true">
                                    <ColumnReference Database="[ims_new]" Schema="[dbo]" Table="[SERVICE_LINES]" Alias="[sl]" Column="BILL_JOB_NO" />
                                  </OrderByColumn>
                                  <OrderByColumn Ascending="true">
                                    <ColumnReference Database="[ims_new]" Schema="[dbo]" Table="[SERVICE_LINES]" Alias="[sl]" Column="BILL_JOB_ID" />
                                  </OrderByColumn>
                                  <OrderByColumn Ascending="true">
                                    <ColumnReference Column="Expr1020" />
                                  </OrderByColumn>
                                  <OrderByColumn Ascending="true">
                                    <ColumnReference Column="Expr1021" />
                                  </OrderByColumn>
                                  <OrderByColumn Ascending="true">
                                    <ColumnReference Database="[ims_new]" Schema="[dbo]" Table="[USERS]" Alias="[u]" Column="FIRST_NAME" />
                                  </OrderByColumn>
                                  <OrderByColumn Ascending="true">
                                    <ColumnReference Database="[ims_new]" Schema="[dbo]" Table="[USERS]" Alias="[u]" Column="LAST_NAME" />
                                  </OrderByColumn>
                                  <OrderByColumn Ascending="true">
                                    <ColumnReference Database="[ims_new]" Schema="[dbo]" Table="[LOOKUPS]" Alias="[jl]" Column="NAME" />
                                  </OrderByColumn>
                                  <OrderByColumn Ascending="true">
                                    <ColumnReference Database="[ims_new]" Schema="[dbo]" Table="[CUSTOMERS]" Alias="[c]" Column="EXT_DEALER_ID" />
                                  </OrderByColumn>
                                </OrderBy>
                                <RelOp AvgRowSize="135" EstimateCPU="0.182671" EstimateIO="0" EstimateRebinds="0" EstimateRewinds="0" EstimateRows="9627.91" LogicalOp="Repartition Streams" NodeId="5" Parallel="true" PhysicalOp="Parallelism" EstimatedTotalSubtreeCost="96.2775">
                                  <OutputList>
                                    <ColumnReference Database="[ims_new]" Schema="[dbo]" Table="[SERVICE_LINES]" Alias="[sl]" Column="BILL_JOB_NO" />
                                    <ColumnReference Database="[ims_new]" Schema="[dbo]" Table="[SERVICE_LINES]" Alias="[sl]" Column="BILL_JOB_ID" />
                                    <ColumnReference Database="[ims_new]" Schema="[dbo]" Table="[CUSTOMERS]" Alias="[c]" Column="EXT_DEALER_ID" />
                                    <ColumnReference Database="[ims_new]" Schema="[dbo]" Table="[LOOKUPS]" Alias="[jl]" Column="NAME" />
                                    <ColumnReference Database="[ims_new]" Schema="[dbo]" Table="[USERS]" Alias="[u]" Column="FIRST_NAME" />
                                    <ColumnReference Database="[ims_new]" Schema="[dbo]" Table="[USERS]" Alias="[u]" Column="LAST_NAME" />
                                    <ColumnReference Column="Expr1020" />
                                    <ColumnReference Column="Expr1021" />
                                  </OutputList>
                                  <RunTimeInformation>
                                    <RunTimeCountersPerThread Thread="3" ActualRows="1078" ActualEndOfScans="1" ActualExecutions="1" />
                                    <RunTimeCountersPerThread Thread="1" ActualRows="1563" ActualEndOfScans="1" ActualExecutions="1" />
                                    <RunTimeCountersPerThread Thread="4" ActualRows="956" ActualEndOfScans="1" ActualExecutions="1" />
                                    <RunTimeCountersPerThread Thread="2" ActualRows="1001" ActualEndOfScans="1" ActualExecutions="1" />
                                    <RunTimeCountersPerThread Thread="0" ActualRows="0" ActualEndOfScans="0" ActualExecutions="0" />
                                  </RunTimeInformation>
                                  <Parallelism PartitioningType="Hash">
                                    <PartitionColumns>
                                      <ColumnReference Database="[ims_new]" Schema="[dbo]" Table="[SERVICE_LINES]" Alias="[sl]" Column="BILL_JOB_NO" />
                                      <ColumnReference Database="[ims_new]" Schema="[dbo]" Table="[SERVICE_LINES]" Alias="[sl]" Column="BILL_JOB_ID" />
                                      <ColumnReference Column="Expr1020" />
                                      <ColumnReference Column="Expr1021" />
                                      <ColumnReference Database="[ims_new]" Schema="[dbo]" Table="[USERS]" Alias="[u]" Column="FIRST_NAME" />
                                      <ColumnReference Database="[ims_new]" Schema="[dbo]" Table="[USERS]" Alias="[u]" Column="LAST_NAME" />
                                      <ColumnReference Database="[ims_new]" Schema="[dbo]" Table="[LOOKUPS]" Alias="[jl]" Column="NAME" />
                                      <ColumnReference Database="[ims_new]" Schema="[dbo]" Table="[CUSTOMERS]" Alias="[c]" Column="EXT_DEALER_ID" />
                                    </PartitionColumns>
                                    <RelOp AvgRowSize="135" EstimateCPU="0.000481396" EstimateIO="0" EstimateRebinds="0" EstimateRewinds="0" EstimateRows="9627.91" LogicalOp="Compute Scalar" NodeId="6" Parallel="true" PhysicalOp="Compute Scalar" EstimatedTotalSubtreeCost="96.0948">
                                      <OutputList>
                                        <ColumnReference Database="[ims_new]" Schema="[dbo]" Table="[SERVICE_LINES]" Alias="[sl]" Column="BILL_JOB_NO" />
                                        <ColumnReference Database="[ims_new]" Schema="[dbo]" Table="[SERVICE_LINES]" Alias="[sl]" Column="BILL_JOB_ID" />
                                        <ColumnReference Database="[ims_new]" Schema="[dbo]" Table="[CUSTOMERS]" Alias="[c]" Column="EXT_DEALER_ID" />
                                        <ColumnReference Database="[ims_new]" Schema="[dbo]" Table="[LOOKUPS]" Alias="[jl]" Column="NAME" />
                                        <ColumnReference Database="[ims_new]" Schema="[dbo]" Table="[USERS]" Alias="[u]" Column="FIRST_NAME" />
                                        <ColumnReference Database="[ims_new]" Schema="[dbo]" Table="[USERS]" Alias="[u]" Column="LAST_NAME" />
                                        <ColumnReference Column="Expr1020" />
                                        <ColumnReference Column="Expr1021" />
                                      </OutputList>
                                      <ComputeScalar>
                                        <DefinedValues>
                                          <DefinedValue>
                                            <ColumnReference Column="Expr1020" />
                                            <ScalarOperator ScalarString="CASE WHEN [ims_new].[dbo].[LOOKUPS].[CODE] as [customer_type].[CODE]='end_user' THEN [ims_new].[dbo].[CUSTOMERS].[CUSTOMER_NAME] as [eu_parent].[CUSTOMER_NAME] ELSE [ims_new].[dbo].[CUSTOMERS].[CUSTOMER_NAME] as [c].[CUSTOMER_NAME] END">
                                              <IF>
                                                <Condition>
                                                  <ScalarOperator>
                                                    <Compare CompareOp="EQ">
                                                      <ScalarOperator>
                                                        <Identifier>
                                                          <ColumnReference Database="[ims_new]" Schema="[dbo]" Table="[LOOKUPS]" Alias="[customer_type]" Column="CODE" />
                                                        </Identifier>
                                                      </ScalarOperator>
                                                      <ScalarOperator>
                                                        <Const ConstValue="'end_user'" />
                                                      </ScalarOperator>
                                                    </Compare>
                                                  </ScalarOperator>
                                                </Condition>
                                                <Then>
                                                  <ScalarOperator>
                                                    <Identifier>
                                                      <ColumnReference Database="[ims_new]" Schema="[dbo]" Table="[CUSTOMERS]" Alias="[eu_parent]" Column="CUSTOMER_NAME" />
                                                    </Identifier>
                                                  </ScalarOperator>
                                                </Then>
                                                <Else>
                                                  <ScalarOperator>
                                                    <Identifier>
                                                      <ColumnReference Database="[ims_new]" Schema="[dbo]" Table="[CUSTOMERS]" Alias="[c]" Column="CUSTOMER_NAME" />
                                                    </Identifier>
                                                  </ScalarOperator>
                                                </Else>
                                              </IF>
                                            </ScalarOperator>
                                          </DefinedValue>
                                          <DefinedValue>
                                            <ColumnReference Column="Expr1021" />
                                            <ScalarOperator ScalarString="CASE WHEN [ims_new].[dbo].[LOOKUPS].[CODE] as [customer_type].[CODE]='end_user' THEN [ims_new].[dbo].[CUSTOMERS].[CUSTOMER_NAME] as [c].[CUSTOMER_NAME] ELSE [ims_new].[dbo].[CUSTOMERS].[CUSTOMER_NAME] as [eu].[CUSTOMER_NAME] END">
                                              <IF>
                                                <Condition>
                                                  <ScalarOperator>
                                                    <Compare CompareOp="EQ">
                                                      <ScalarOperator>
                                                        <Identifier>
                                                          <ColumnReference Database="[ims_new]" Schema="[dbo]" Table="[LOOKUPS]" Alias="[customer_type]" Column="CODE" />
                                                        </Identifier>
                                                      </ScalarOperator>
                                                      <ScalarOperator>
                                                        <Const ConstValue="'end_user'" />
                                                      </ScalarOperator>
                                                    </Compare>
                                                  </ScalarOperator>
                                                </Condition>
                                                <Then>
                                                  <ScalarOperator>
                                                    <Identifier>
                                                      <ColumnReference Database="[ims_new]" Schema="[dbo]" Table="[CUSTOMERS]" Alias="[c]" Column="CUSTOMER_NAME" />
                                                    </Identifier>
                                                  </ScalarOperator>
                                                </Then>
                                                <Else>
                                                  <ScalarOperator>
                                                    <Identifier>
                                                      <ColumnReference Database="[ims_new]" Schema="[dbo]" Table="[CUSTOMERS]" Alias="[eu]" Column="CUSTOMER_NAME" />
                                                    </Identifier>
                                                  </ScalarOperator>
                                                </Else>
                                              </IF>
                                            </ScalarOperator>
                                          </DefinedValue>
                                        </DefinedValues>
                                        <RelOp AvgRowSize="134" EstimateCPU="0.369434" EstimateIO="0" EstimateRebinds="0" EstimateRewinds="0" EstimateRows="9627.91" LogicalOp="Right Outer Join" NodeId="7" Parallel="true" PhysicalOp="Hash Match" EstimatedTotalSubtreeCost="96.0943">
                                          <OutputList>
                                            <ColumnReference Database="[ims_new]" Schema="[dbo]" Table="[SERVICE_LINES]" Alias="[sl]" Column="BILL_JOB_NO" />
                                            <ColumnReference Database="[ims_new]" Schema="[dbo]" Table="[SERVICE_LINES]" Alias="[sl]" Column="BILL_JOB_ID" />
                                            <ColumnReference Database="[ims_new]" Schema="[dbo]" Table="[CUSTOMERS]" Alias="[c]" Column="EXT_DEALER_ID" />
                                            <ColumnReference Database="[ims_new]" Schema="[dbo]" Table="[CUSTOMERS]" Alias="[c]" Column="CUSTOMER_NAME" />
                                            <ColumnReference Database="[ims_new]" Schema="[dbo]" Table="[LOOKUPS]" Alias="[jl]" Column="NAME" />
                                            <ColumnReference Database="[ims_new]" Schema="[dbo]" Table="[LOOKUPS]" Alias="[customer_type]" Column="CODE" />
                                            <ColumnReference Database="[ims_new]" Schema="[dbo]" Table="[CUSTOMERS]" Alias="[eu]" Column="CUSTOMER_NAME" />
                                            <ColumnReference Database="[ims_new]" Schema="[dbo]" Table="[USERS]" Alias="[u]" Column="FIRST_NAME" />
                                            <ColumnReference Database="[ims_new]" Schema="[dbo]" Table="[USERS]" Alias="[u]" Column="LAST_NAME" />
                                            <ColumnReference Database="[ims_new]" Schema="[dbo]" Table="[CUSTOMERS]" Alias="[eu_parent]" Column="CUSTOMER_NAME" />
                                          </OutputList>
                                          <MemoryFractions Input="0.102015" Output="0.123077" />
                                          <RunTimeInformation>
                                            <RunTimeCountersPerThread Thread="1" ActualRows="1799" ActualEndOfScans="1" ActualExecutions="1" />
                                            <RunTimeCountersPerThread Thread="4" ActualRows="0" ActualEndOfScans="1" ActualExecutions="1" />
                                            <RunTimeCountersPerThread Thread="2" ActualRows="31" ActualEndOfScans="1" ActualExecutions="1" />
                                            <RunTimeCountersPerThread Thread="3" ActualRows="2768" ActualEndOfScans="1" ActualExecutions="1" />
                                            <RunTimeCountersPerThread Thread="0" ActualRows="0" ActualEndOfScans="0" ActualExecutions="0" />
                                          </RunTimeInformation>
                                          <Hash>
                                            <DefinedValues />
                                            <HashKeysBuild>
                                              <ColumnReference Database="[ims_new]" Schema="[dbo]" Table="[CUSTOMERS]" Alias="[eu_parent]" Column="CUSTOMER_ID" />
                                            </HashKeysBuild>
                                            <HashKeysProbe>
                                              <ColumnReference Database="[ims_new]" Schema="[dbo]" Table="[CUSTOMERS]" Alias="[c]" Column="end_user_parent_id" />
                                            </HashKeysProbe>
                                            <ProbeResidual>
                                              <ScalarOperator ScalarString="[ims_new].[dbo].[CUSTOMERS].[end_user_parent_id] as [c].[end_user_parent_id]=[ims_new].[dbo].[CUSTOMERS].[CUSTOMER_ID] as [eu_parent].[CUSTOMER_ID]">
                                                <Compare CompareOp="EQ">
                                                  <ScalarOperator>
                                                    <Identifier>
                                                      <ColumnReference Database="[ims_new]" Schema="[dbo]" Table="[CUSTOMERS]" Alias="[c]" Column="end_user_parent_id" />
                                                    </Identifier>
                                                  </ScalarOperator>
                                                  <ScalarOperator>
                                                    <Identifier>
                                                      <ColumnReference Database="[ims_new]" Schema="[dbo]" Table="[CUSTOMERS]" Alias="[eu_parent]" Column="CUSTOMER_ID" />
                                                    </Identifier>
                                                  </ScalarOperator>
                                                </Compare>
                                              </ScalarOperator>
                                            </ProbeResidual>
                                            <RelOp AvgRowSize="37" EstimateCPU="0.0655139" EstimateIO="0" EstimateRebinds="0" EstimateRewinds="0" EstimateRows="15044" LogicalOp="Repartition Streams" NodeId="8" Parallel="true" PhysicalOp="Parallelism" EstimatedTotalSubtreeCost="0.146621">
                                              <OutputList>
                                                <ColumnReference Database="[ims_new]" Schema="[dbo]" Table="[CUSTOMERS]" Alias="[eu_parent]" Column="CUSTOMER_ID" />
                                                <ColumnReference Database="[ims_new]" Schema="[dbo]" Table="[CUSTOMERS]" Alias="[eu_parent]" Column="CUSTOMER_NAME" />
                                              </OutputList>
                                              <RunTimeInformation>
                                                <RunTimeCountersPerThread Thread="4" ActualRows="3710" ActualEndOfScans="1" ActualExecutions="1" />
                                                <RunTimeCountersPerThread Thread="2" ActualRows="3862" ActualEndOfScans="1" ActualExecutions="1" />
                                                <RunTimeCountersPerThread Thread="3" ActualRows="3736" ActualEndOfScans="1" ActualExecutions="1" />
                                                <RunTimeCountersPerThread Thread="1" ActualRows="3736" ActualEndOfScans="1" ActualExecutions="1" />
                                                <RunTimeCountersPerThread Thread="0" ActualRows="0" ActualEndOfScans="0" ActualExecutions="0" />
                                              </RunTimeInformation>
                                              <Parallelism PartitioningType="Hash">
                                                <PartitionColumns>
                                                  <ColumnReference Database="[ims_new]" Schema="[dbo]" Table="[CUSTOMERS]" Alias="[eu_parent]" Column="CUSTOMER_ID" />
                                                </PartitionColumns>
                                                <RelOp AvgRowSize="37" EstimateCPU="0.0083527" EstimateIO="0.0727546" EstimateRebinds="0" EstimateRewinds="0" EstimateRows="15044" LogicalOp="Index Scan" NodeId="9" Parallel="true" PhysicalOp="Index Scan" EstimatedTotalSubtreeCost="0.0811073">
                                                  <OutputList>
                                                    <ColumnReference Database="[ims_new]" Schema="[dbo]" Table="[CUSTOMERS]" Alias="[eu_parent]" Column="CUSTOMER_ID" />
                                                    <ColumnReference Database="[ims_new]" Schema="[dbo]" Table="[CUSTOMERS]" Alias="[eu_parent]" Column="CUSTOMER_NAME" />
                                                  </OutputList>
                                                  <RunTimeInformation>
                                                    <RunTimeCountersPerThread Thread="4" ActualRows="3885" ActualEndOfScans="1" ActualExecutions="1" />
                                                    <RunTimeCountersPerThread Thread="1" ActualRows="3664" ActualEndOfScans="1" ActualExecutions="1" />
                                                    <RunTimeCountersPerThread Thread="3" ActualRows="3809" ActualEndOfScans="1" ActualExecutions="1" />
                                                    <RunTimeCountersPerThread Thread="2" ActualRows="3686" ActualEndOfScans="1" ActualExecutions="1" />
                                                    <RunTimeCountersPerThread Thread="0" ActualRows="0" ActualEndOfScans="0" ActualExecutions="0" />
                                                  </RunTimeInformation>
                                                  <IndexScan Ordered="false" ForcedIndex="false" NoExpandHint="false">
                                                    <DefinedValues>
                                                      <DefinedValue>
                                                        <ColumnReference Database="[ims_new]" Schema="[dbo]" Table="[CUSTOMERS]" Alias="[eu_parent]" Column="CUSTOMER_ID" />
                                                      </DefinedValue>
                                                      <DefinedValue>
                                                        <ColumnReference Database="[ims_new]" Schema="[dbo]" Table="[CUSTOMERS]" Alias="[eu_parent]" Column="CUSTOMER_NAME" />
                                                      </DefinedValue>
                                                    </DefinedValues>
                                                    <Object Database="[ims_new]" Schema="[dbo]" Table="[CUSTOMERS]" Index="[IX_CUSTOMER_TYPE_NAME]" Alias="[eu_parent]" />
                                                  </IndexScan>
                                                </RelOp>
                                              </Parallelism>
                                            </RelOp>
                                            <RelOp AvgRowSize="124" EstimateCPU="0.0642928" EstimateIO="0" EstimateRebinds="0" EstimateRewinds="0" EstimateRows="9627.91" LogicalOp="Repartition Streams" NodeId="10" Parallel="true" PhysicalOp="Parallelism" EstimatedTotalSubtreeCost="95.5783">
                                              <OutputList>
                                                <ColumnReference Database="[ims_new]" Schema="[dbo]" Table="[SERVICE_LINES]" Alias="[sl]" Column="BILL_JOB_NO" />
                                                <ColumnReference Database="[ims_new]" Schema="[dbo]" Table="[SERVICE_LINES]" Alias="[sl]" Column="BILL_JOB_ID" />
                                                <ColumnReference Database="[ims_new]" Schema="[dbo]" Table="[CUSTOMERS]" Alias="[c]" Column="EXT_DEALER_ID" />
                                                <ColumnReference Database="[ims_new]" Schema="[dbo]" Table="[CUSTOMERS]" Alias="[c]" Column="CUSTOMER_NAME" />
                                                <ColumnReference Database="[ims_new]" Schema="[dbo]" Table="[CUSTOMERS]" Alias="[c]" Column="end_user_parent_id" />
                                                <ColumnReference Database="[ims_new]" Schema="[dbo]" Table="[LOOKUPS]" Alias="[jl]" Column="NAME" />
                                                <ColumnReference Database="[ims_new]" Schema="[dbo]" Table="[LOOKUPS]" Alias="[customer_type]" Column="CODE" />
                                                <ColumnReference Database="[ims_new]" Schema="[dbo]" Table="[CUSTOMERS]" Alias="[eu]" Column="CUSTOMER_NAME" />
                                                <ColumnReference Database="[ims_new]" Schema="[dbo]" Table="[USERS]" Alias="[u]" Column="FIRST_NAME" />
                                                <ColumnReference Database="[ims_new]" Schema="[dbo]" Table="[USERS]" Alias="[u]" Column="LAST_NAME" />
                                              </OutputList>
                                              <RunTimeInformation>
                                                <RunTimeCountersPerThread Thread="4" ActualRows="0" ActualEndOfScans="1" ActualExecutions="1" />
                                                <RunTimeCountersPerThread Thread="2" ActualRows="31" ActualEndOfScans="1" ActualExecutions="1" />
                                                <RunTimeCountersPerThread Thread="3" ActualRows="2768" ActualEndOfScans="1" ActualExecutions="1" />
                                                <RunTimeCountersPerThread Thread="1" ActualRows="1799" ActualEndOfScans="1" ActualExecutions="1" />
                                                <RunTimeCountersPerThread Thread="0" ActualRows="0" ActualEndOfScans="0" ActualExecutions="0" />
                                              </RunTimeInformation>
                                              <Parallelism PartitioningType="Hash">
                                                <PartitionColumns>
                                                  <ColumnReference Database="[ims_new]" Schema="[dbo]" Table="[CUSTOMERS]" Alias="[c]" Column="end_user_parent_id" />
                                                </PartitionColumns>
                                                <RelOp AvgRowSize="124" EstimateCPU="0.256052" EstimateIO="0" EstimateRebinds="0" EstimateRewinds="0" EstimateRows="9627.91" LogicalOp="Right Outer Join" NodeId="11" Parallel="true" PhysicalOp="Hash Match" EstimatedTotalSubtreeCost="95.514">
                                                  <OutputList>
                                                    <ColumnReference Database="[ims_new]" Schema="[dbo]" Table="[SERVICE_LINES]" Alias="[sl]" Column="BILL_JOB_NO" />
                                                    <ColumnReference Database="[ims_new]" Schema="[dbo]" Table="[SERVICE_LINES]" Alias="[sl]" Column="BILL_JOB_ID" />
                                                    <ColumnReference Database="[ims_new]" Schema="[dbo]" Table="[CUSTOMERS]" Alias="[c]" Column="EXT_DEALER_ID" />
                                                    <ColumnReference Database="[ims_new]" Schema="[dbo]" Table="[CUSTOMERS]" Alias="[c]" Column="CUSTOMER_NAME" />
                                                    <ColumnReference Database="[ims_new]" Schema="[dbo]" Table="[CUSTOMERS]" Alias="[c]" Column="end_user_parent_id" />
                                                    <ColumnReference Database="[ims_new]" Schema="[dbo]" Table="[LOOKUPS]" Alias="[jl]" Column="NAME" />
                                                    <ColumnReference Database="[ims_new]" Schema="[dbo]" Table="[LOOKUPS]" Alias="[customer_type]" Column="CODE" />
                                                    <ColumnReference Database="[ims_new]" Schema="[dbo]" Table="[CUSTOMERS]" Alias="[eu]" Column="CUSTOMER_NAME" />
                                                    <ColumnReference Database="[ims_new]" Schema="[dbo]" Table="[USERS]" Alias="[u]" Column="FIRST_NAME" />
                                                    <ColumnReference Database="[ims_new]" Schema="[dbo]" Table="[USERS]" Alias="[u]" Column="LAST_NAME" />
                                                  </OutputList>
                                                  <MemoryFractions Input="0.00314861" Output="0.00379867" />
                                                  <RunTimeInformation>
                                                    <RunTimeCountersPerThread Thread="4" ActualRows="2131" ActualEndOfScans="1" ActualExecutions="1" />
                                                    <RunTimeCountersPerThread Thread="2" ActualRows="1471" ActualEndOfScans="1" ActualExecutions="1" />
                                                    <RunTimeCountersPerThread Thread="3" ActualRows="535" ActualEndOfScans="1" ActualExecutions="1" />
                                                    <RunTimeCountersPerThread Thread="1" ActualRows="461" ActualEndOfScans="1" ActualExecutions="1" />
                                                    <RunTimeCountersPerThread Thread="0" ActualRows="0" ActualEndOfScans="0" ActualExecutions="0" />
                                                  </RunTimeInformation>
                                                  <Hash>
                                                    <DefinedValues />
                                                    <HashKeysBuild>
                                                      <ColumnReference Database="[ims_new]" Schema="[dbo]" Table="[USERS]" Alias="[u]" Column="USER_ID" />
                                                    </HashKeysBuild>
                                                    <HashKeysProbe>
                                                      <ColumnReference Database="[ims_new]" Schema="[dbo]" Table="[JOBS]" Alias="[j]" Column="BILLING_USER_ID" />
                                                    </HashKeysProbe>
                                                    <ProbeResidual>
                                                      <ScalarOperator ScalarString="[ims_new].[dbo].[JOBS].[BILLING_USER_ID] as [j].[BILLING_USER_ID]=[ims_new].[dbo].[USERS].[USER_ID] as [u].[USER_ID]">
                                                        <Compare CompareOp="EQ">
                                                          <ScalarOperator>
                                                            <Identifier>
                                                              <ColumnReference Database="[ims_new]" Schema="[dbo]" Table="[JOBS]" Alias="[j]" Column="BILLING_USER_ID" />
                                                            </Identifier>
                                                          </ScalarOperator>
                                                          <ScalarOperator>
                                                            <Identifier>
                                                              <ColumnReference Database="[ims_new]" Schema="[dbo]" Table="[USERS]" Alias="[u]" Column="USER_ID" />
                                                            </Identifier>
                                                          </ScalarOperator>
                                                        </Compare>
                                                      </ScalarOperator>
                                                    </ProbeResidual>
                                                    <RelOp AvgRowSize="33" EstimateCPU="0.0348123" EstimateIO="0" EstimateRebinds="0" EstimateRewinds="0" EstimateRows="2462" LogicalOp="Repartition Streams" NodeId="12" Parallel="true" PhysicalOp="Parallelism" EstimatedTotalSubtreeCost="0.0467773">
                                                      <OutputList>
                                                        <ColumnReference Database="[ims_new]" Schema="[dbo]" Table="[USERS]" Alias="[u]" Column="USER_ID" />
                                                        <ColumnReference Database="[ims_new]" Schema="[dbo]" Table="[USERS]" Alias="[u]" Column="FIRST_NAME" />
                                                        <ColumnReference Database="[ims_new]" Schema="[dbo]" Table="[USERS]" Alias="[u]" Column="LAST_NAME" />
                                                      </OutputList>
                                                      <RunTimeInformation>
                                                        <RunTimeCountersPerThread Thread="4" ActualRows="601" ActualEndOfScans="1" ActualExecutions="1" />
                                                        <RunTimeCountersPerThread Thread="1" ActualRows="611" ActualEndOfScans="1" ActualExecutions="1" />
                                                        <RunTimeCountersPerThread Thread="3" ActualRows="610" ActualEndOfScans="1" ActualExecutions="1" />
                                                        <RunTimeCountersPerThread Thread="2" ActualRows="640" ActualEndOfScans="1" ActualExecutions="1" />
                                                        <RunTimeCountersPerThread Thread="0" ActualRows="0" ActualEndOfScans="0" ActualExecutions="0" />
                                                      </RunTimeInformation>
                                                      <Parallelism PartitioningType="Hash">
                                                        <PartitionColumns>
                                                          <ColumnReference Database="[ims_new]" Schema="[dbo]" Table="[USERS]" Alias="[u]" Column="USER_ID" />
                                                        </PartitionColumns>
                                                        <RelOp AvgRowSize="33" EstimateCPU="0.0014326" EstimateIO="0.0105324" EstimateRebinds="0" EstimateRewinds="0" EstimateRows="2462" LogicalOp="Index Scan" NodeId="13" Parallel="true" PhysicalOp="Index Scan" EstimatedTotalSubtreeCost="0.011965">
                                                          <OutputList>
                                                            <ColumnReference Database="[ims_new]" Schema="[dbo]" Table="[USERS]" Alias="[u]" Column="USER_ID" />
                                                            <ColumnReference Database="[ims_new]" Schema="[dbo]" Table="[USERS]" Alias="[u]" Column="FIRST_NAME" />
                                                            <ColumnReference Database="[ims_new]" Schema="[dbo]" Table="[USERS]" Alias="[u]" Column="LAST_NAME" />
                                                          </OutputList>
                                                          <RunTimeInformation>
                                                            <RunTimeCountersPerThread Thread="1" ActualRows="727" ActualEndOfScans="1" ActualExecutions="1" />
                                                            <RunTimeCountersPerThread Thread="4" ActualRows="480" ActualEndOfScans="1" ActualExecutions="1" />
                                                            <RunTimeCountersPerThread Thread="2" ActualRows="729" ActualEndOfScans="1" ActualExecutions="1" />
                                                            <RunTimeCountersPerThread Thread="3" ActualRows="526" ActualEndOfScans="1" ActualExecutions="1" />
                                                            <RunTimeCountersPerThread Thread="0" ActualRows="0" ActualEndOfScans="0" ActualExecutions="0" />
                                                          </RunTimeInformation>
                                                          <IndexScan Ordered="false" ForcedIndex="false" NoExpandHint="false">
                                                            <DefinedValues>
                                                              <DefinedValue>
                                                                <ColumnReference Database="[ims_new]" Schema="[dbo]" Table="[USERS]" Alias="[u]" Column="USER_ID" />
                                                              </DefinedValue>
                                                              <DefinedValue>
                                                                <ColumnReference Database="[ims_new]" Schema="[dbo]" Table="[USERS]" Alias="[u]" Column="FIRST_NAME" />
                                                              </DefinedValue>
                                                              <DefinedValue>
                                                                <ColumnReference Database="[ims_new]" Schema="[dbo]" Table="[USERS]" Alias="[u]" Column="LAST_NAME" />
                                                              </DefinedValue>
                                                            </DefinedValues>
                                                            <Object Database="[ims_new]" Schema="[dbo]" Table="[USERS]" Index="[IX_USER_NAMES]" Alias="[u]" />
                                                          </IndexScan>
                                                        </RelOp>
                                                      </Parallelism>
                                                    </RelOp>
                                                    <RelOp AvgRowSize="118" EstimateCPU="0.0084994" EstimateIO="0" EstimateRebinds="0" EstimateRewinds="0" EstimateRows="9627.91" LogicalOp="Filter" NodeId="14" Parallel="true" PhysicalOp="Filter" EstimatedTotalSubtreeCost="95.2111">
                                                      <OutputList>
                                                        <ColumnReference Database="[ims_new]" Schema="[dbo]" Table="[SERVICE_LINES]" Alias="[sl]" Column="BILL_JOB_NO" />
                                                        <ColumnReference Database="[ims_new]" Schema="[dbo]" Table="[SERVICE_LINES]" Alias="[sl]" Column="BILL_JOB_ID" />
                                                        <ColumnReference Database="[ims_new]" Schema="[dbo]" Table="[JOBS]" Alias="[j]" Column="BILLING_USER_ID" />
                                                        <ColumnReference Database="[ims_new]" Schema="[dbo]" Table="[CUSTOMERS]" Alias="[c]" Column="EXT_DEALER_ID" />
                                                        <ColumnReference Database="[ims_new]" Schema="[dbo]" Table="[CUSTOMERS]" Alias="[c]" Column="CUSTOMER_NAME" />
                                                        <ColumnReference Database="[ims_new]" Schema="[dbo]" Table="[CUSTOMERS]" Alias="[c]" Column="end_user_parent_id" />
                                                        <ColumnReference Database="[ims_new]" Schema="[dbo]" Table="[LOOKUPS]" Alias="[jl]" Column="NAME" />
                                                        <ColumnReference Database="[ims_new]" Schema="[dbo]" Table="[LOOKUPS]" Alias="[customer_type]" Column="CODE" />
                                                        <ColumnReference Database="[ims_new]" Schema="[dbo]" Table="[CUSTOMERS]" Alias="[eu]" Column="CUSTOMER_NAME" />
                                                      </OutputList>
                                                      <RunTimeInformation>
                                                        <RunTimeCountersPerThread Thread="4" ActualRows="2131" ActualEndOfScans="1" ActualExecutions="1" />
                                                        <RunTimeCountersPerThread Thread="1" ActualRows="461" ActualEndOfScans="1" ActualExecutions="1" />
                                                        <RunTimeCountersPerThread Thread="3" ActualRows="535" ActualEndOfScans="1" ActualExecutions="1" />
                                                        <RunTimeCountersPerThread Thread="2" ActualRows="1471" ActualEndOfScans="1" ActualExecutions="1" />
                                                        <RunTimeCountersPerThread Thread="0" ActualRows="0" ActualEndOfScans="0" ActualExecutions="0" />
                                                      </RunTimeInformation>
                                                      <Filter StartupExpression="false">
                                                        <RelOp AvgRowSize="127" EstimateCPU="0.10117" EstimateIO="0" EstimateRebinds="0" EstimateRewinds="0" EstimateRows="19316.8" LogicalOp="Repartition Streams" NodeId="15" Parallel="true" PhysicalOp="Parallelism" EstimatedTotalSubtreeCost="95.2026">
                                                          <OutputList>
                                                            <ColumnReference Database="[ims_new]" Schema="[dbo]" Table="[SERVICE_LINES]" Alias="[sl]" Column="BILL_JOB_NO" />
                                                            <ColumnReference Database="[ims_new]" Schema="[dbo]" Table="[SERVICE_LINES]" Alias="[sl]" Column="BILL_JOB_ID" />
                                                            <ColumnReference Database="[ims_new]" Schema="[dbo]" Table="[JOBS]" Alias="[j]" Column="BILLING_USER_ID" />
                                                            <ColumnReference Database="[ims_new]" Schema="[dbo]" Table="[CUSTOMERS]" Alias="[c]" Column="EXT_DEALER_ID" />
                                                            <ColumnReference Database="[ims_new]" Schema="[dbo]" Table="[CUSTOMERS]" Alias="[c]" Column="CUSTOMER_NAME" />
                                                            <ColumnReference Database="[ims_new]" Schema="[dbo]" Table="[CUSTOMERS]" Alias="[c]" Column="end_user_parent_id" />
                                                            <ColumnReference Database="[ims_new]" Schema="[dbo]" Table="[LOOKUPS]" Alias="[jl]" Column="NAME" />
                                                            <ColumnReference Database="[ims_new]" Schema="[dbo]" Table="[LOOKUPS]" Alias="[customer_type]" Column="CODE" />
                                                            <ColumnReference Database="[ims_new]" Schema="[dbo]" Table="[CUSTOMERS]" Alias="[eu]" Column="CUSTOMER_NAME" />
                                                            <ColumnReference Database="[ims_new]" Schema="[dbo]" Table="[INVOICES]" Alias="[i]" Column="STATUS_ID" />
                                                          </OutputList>
                                                          <RunTimeInformation>
                                                            <RunTimeCountersPerThread Thread="4" ActualRows="11172" ActualEndOfScans="1" ActualExecutions="1" />
                                                            <RunTimeCountersPerThread Thread="1" ActualRows="2648" ActualEndOfScans="1" ActualExecutions="1" />
                                                            <RunTimeCountersPerThread Thread="3" ActualRows="6302" ActualEndOfScans="1" ActualExecutions="1" />
                                                            <RunTimeCountersPerThread Thread="2" ActualRows="8651" ActualEndOfScans="1" ActualExecutions="1" />
                                                            <RunTimeCountersPerThread Thread="0" ActualRows="0" ActualEndOfScans="0" ActualExecutions="0" />
                                                          </RunTimeInformation>
                                                          <Parallelism PartitioningType="Hash">
                                                            <PartitionColumns>
                                                              <ColumnReference Database="[ims_new]" Schema="[dbo]" Table="[JOBS]" Alias="[j]" Column="BILLING_USER_ID" />
                                                            </PartitionColumns>
                                                            <RelOp AvgRowSize="127" EstimateCPU="1.41327" EstimateIO="0" EstimateRebinds="0" EstimateRewinds="0" EstimateRows="19316.8" LogicalOp="Right Outer Join" NodeId="16" Parallel="true" PhysicalOp="Hash Match" EstimatedTotalSubtreeCost="95.1015">
                                                              <OutputList>
                                                                <ColumnReference Database="[ims_new]" Schema="[dbo]" Table="[SERVICE_LINES]" Alias="[sl]" Column="BILL_JOB_NO" />
                                                                <ColumnReference Database="[ims_new]" Schema="[dbo]" Table="[SERVICE_LINES]" Alias="[sl]" Column="BILL_JOB_ID" />
                                                                <ColumnReference Database="[ims_new]" Schema="[dbo]" Table="[JOBS]" Alias="[j]" Column="BILLING_USER_ID" />
                                                                <ColumnReference Database="[ims_new]" Schema="[dbo]" Table="[CUSTOMERS]" Alias="[c]" Column="EXT_DEALER_ID" />
                                                                <ColumnReference Database="[ims_new]" Schema="[dbo]" Table="[CUSTOMERS]" Alias="[c]" Column="CUSTOMER_NAME" />
                                                                <ColumnReference Database="[ims_new]" Schema="[dbo]" Table="[CUSTOMERS]" Alias="[c]" Column="end_user_parent_id" />
                                                                <ColumnReference Database="[ims_new]" Schema="[dbo]" Table="[LOOKUPS]" Alias="[jl]" Column="NAME" />
                                                                <ColumnReference Database="[ims_new]" Schema="[dbo]" Table="[LOOKUPS]" Alias="[customer_type]" Column="CODE" />
                                                                <ColumnReference Database="[ims_new]" Schema="[dbo]" Table="[CUSTOMERS]" Alias="[eu]" Column="CUSTOMER_NAME" />
                                                                <ColumnReference Database="[ims_new]" Schema="[dbo]" Table="[INVOICES]" Alias="[i]" Column="STATUS_ID" />
                                                              </OutputList>
                                                              <MemoryFractions Input="0.322261" Output="0.388794" />
                                                              <RunTimeInformation>
                                                                <RunTimeCountersPerThread Thread="1" ActualRows="6077" ActualEndOfScans="1" ActualExecutions="1" />
                                                                <RunTimeCountersPerThread Thread="2" ActualRows="5799" ActualEndOfScans="1" ActualExecutions="1" />
                                                                <RunTimeCountersPerThread Thread="4" ActualRows="6232" ActualEndOfScans="1" ActualExecutions="1" />
                                                                <RunTimeCountersPerThread Thread="3" ActualRows="10665" ActualEndOfScans="1" ActualExecutions="1" />
                                                                <RunTimeCountersPerThread Thread="0" ActualRows="0" ActualEndOfScans="0" ActualExecutions="0" />
                                                              </RunTimeInformation>
                                                              <Hash>
                                                                <DefinedValues />
                                                                <HashKeysBuild>
                                                                  <ColumnReference Database="[ims_new]" Schema="[dbo]" Table="[INVOICES]" Alias="[i]" Column="INVOICE_ID" />
                                                                </HashKeysBuild>
                                                                <HashKeysProbe>
                                                                  <ColumnReference Database="[ims_new]" Schema="[dbo]" Table="[SERVICE_LINES]" Alias="[sl]" Column="INVOICE_ID" />
                                                                </HashKeysProbe>
                                                                <ProbeResidual>
                                                                  <ScalarOperator ScalarString="[ims_new].[dbo].[SERVICE_LINES].[INVOICE_ID] as [sl].[INVOICE_ID]=[ims_new].[dbo].[INVOICES].[INVOICE_ID] as [i].[INVOICE_ID]">
                                                                    <Compare CompareOp="EQ">
                                                                      <ScalarOperator>
                                                                        <Identifier>
                                                                          <ColumnReference Database="[ims_new]" Schema="[dbo]" Table="[SERVICE_LINES]" Alias="[sl]" Column="INVOICE_ID" />
                                                                        </Identifier>
                                                                      </ScalarOperator>
                                                                      <ScalarOperator>
                                                                        <Identifier>
                                                                          <ColumnReference Database="[ims_new]" Schema="[dbo]" Table="[INVOICES]" Alias="[i]" Column="INVOICE_ID" />
                                                                        </Identifier>
                                                                      </ScalarOperator>
                                                                    </Compare>
                                                                  </ScalarOperator>
                                                                </ProbeResidual>
                                                                <RelOp AvgRowSize="25" EstimateCPU="0.267134" EstimateIO="0" EstimateRebinds="0" EstimateRewinds="0" EstimateRows="116613" LogicalOp="Repartition Streams" NodeId="17" Parallel="true" PhysicalOp="Parallelism" EstimatedTotalSubtreeCost="0.584104">
                                                                  <OutputList>
                                                                    <ColumnReference Database="[ims_new]" Schema="[dbo]" Table="[INVOICES]" Alias="[i]" Column="INVOICE_ID" />
                                                                    <ColumnReference Database="[ims_new]" Schema="[dbo]" Table="[INVOICES]" Alias="[i]" Column="STATUS_ID" />
                                                                  </OutputList>
                                                                  <RunTimeInformation>
                                                                    <RunTimeCountersPerThread Thread="1" ActualRows="29261" ActualEndOfScans="1" ActualExecutions="1" />
                                                                    <RunTimeCountersPerThread Thread="4" ActualRows="29004" ActualEndOfScans="1" ActualExecutions="1" />
                                                                    <RunTimeCountersPerThread Thread="3" ActualRows="29112" ActualEndOfScans="1" ActualExecutions="1" />
                                                                    <RunTimeCountersPerThread Thread="2" ActualRows="29236" ActualEndOfScans="1" ActualExecutions="1" />
                                                                    <RunTimeCountersPerThread Thread="0" ActualRows="0" ActualEndOfScans="0" ActualExecutions="0" />
                                                                  </RunTimeInformation>
                                                                  <Parallelism PartitioningType="Hash">
                                                                    <PartitionColumns>
                                                                      <ColumnReference Database="[ims_new]" Schema="[dbo]" Table="[INVOICES]" Alias="[i]" Column="INVOICE_ID" />
                                                                    </PartitionColumns>
                                                                    <RelOp AvgRowSize="25" EstimateCPU="0.0642156" EstimateIO="0.252755" EstimateRebinds="0" EstimateRewinds="0" EstimateRows="116613" LogicalOp="Index Scan" NodeId="18" Parallel="true" PhysicalOp="Index Scan" EstimatedTotalSubtreeCost="0.31697">
                                                                      <OutputList>
                                                                        <ColumnReference Database="[ims_new]" Schema="[dbo]" Table="[INVOICES]" Alias="[i]" Column="INVOICE_ID" />
                                                                        <ColumnReference Database="[ims_new]" Schema="[dbo]" Table="[INVOICES]" Alias="[i]" Column="STATUS_ID" />
                                                                      </OutputList>
                                                                      <RunTimeInformation>
                                                                        <RunTimeCountersPerThread Thread="1" ActualRows="31174" ActualEndOfScans="1" ActualExecutions="1" />
                                                                        <RunTimeCountersPerThread Thread="2" ActualRows="31580" ActualEndOfScans="1" ActualExecutions="1" />
                                                                        <RunTimeCountersPerThread Thread="4" ActualRows="28847" ActualEndOfScans="1" ActualExecutions="1" />
                                                                        <RunTimeCountersPerThread Thread="3" ActualRows="25012" ActualEndOfScans="1" ActualExecutions="1" />
                                                                        <RunTimeCountersPerThread Thread="0" ActualRows="0" ActualEndOfScans="0" ActualExecutions="0" />
                                                                      </RunTimeInformation>
                                                                      <IndexScan Ordered="false" ForcedIndex="false" NoExpandHint="false">
                                                                        <DefinedValues>
                                                                          <DefinedValue>
                                                                            <ColumnReference Database="[ims_new]" Schema="[dbo]" Table="[INVOICES]" Alias="[i]" Column="INVOICE_ID" />
                                                                          </DefinedValue>
                                                                          <DefinedValue>
                                                                            <ColumnReference Database="[ims_new]" Schema="[dbo]" Table="[INVOICES]" Alias="[i]" Column="STATUS_ID" />
                                                                          </DefinedValue>
                                                                        </DefinedValues>
                                                                        <Object Database="[ims_new]" Schema="[dbo]" Table="[INVOICES]" Index="[IX_I_STATUS]" Alias="[i]" TableReferenceId="1" />
                                                                      </IndexScan>
                                                                    </RelOp>
                                                                  </Parallelism>
                                                                </RelOp>
                                                                <RelOp AvgRowSize="127" EstimateCPU="0.0327677" EstimateIO="0" EstimateRebinds="0" EstimateRewinds="0" EstimateRows="19316.8" LogicalOp="Repartition Streams" NodeId="19" Parallel="true" PhysicalOp="Parallelism" EstimatedTotalSubtreeCost="93.1041">
                                                                  <OutputList>
                                                                    <ColumnReference Database="[ims_new]" Schema="[dbo]" Table="[SERVICE_LINES]" Alias="[sl]" Column="BILL_JOB_NO" />
                                                                    <ColumnReference Database="[ims_new]" Schema="[dbo]" Table="[SERVICE_LINES]" Alias="[sl]" Column="BILL_JOB_ID" />
                                                                    <ColumnReference Database="[ims_new]" Schema="[dbo]" Table="[SERVICE_LINES]" Alias="[sl]" Column="INVOICE_ID" />
                                                                    <ColumnReference Database="[ims_new]" Schema="[dbo]" Table="[JOBS]" Alias="[j]" Column="BILLING_USER_ID" />
                                                                    <ColumnReference Database="[ims_new]" Schema="[dbo]" Table="[CUSTOMERS]" Alias="[c]" Column="EXT_DEALER_ID" />
                                                                    <ColumnReference Database="[ims_new]" Schema="[dbo]" Table="[CUSTOMERS]" Alias="[c]" Column="CUSTOMER_NAME" />
                                                                    <ColumnReference Database="[ims_new]" Schema="[dbo]" Table="[CUSTOMERS]" Alias="[c]" Column="end_user_parent_id" />
                                                                    <ColumnReference Database="[ims_new]" Schema="[dbo]" Table="[LOOKUPS]" Alias="[jl]" Column="NAME" />
                                                                    <ColumnReference Database="[ims_new]" Schema="[dbo]" Table="[LOOKUPS]" Alias="[customer_type]" Column="CODE" />
                                                                    <ColumnReference Database="[ims_new]" Schema="[dbo]" Table="[CUSTOMERS]" Alias="[eu]" Column="CUSTOMER_NAME" />
                                                                  </OutputList>
                                                                  <RunTimeInformation>
                                                                    <RunTimeCountersPerThread Thread="1" ActualRows="6077" ActualEndOfScans="1" ActualExecutions="1" />
                                                                    <RunTimeCountersPerThread Thread="3" ActualRows="10665" ActualEndOfScans="1" ActualExecutions="1" />
                                                                    <RunTimeCountersPerThread Thread="4" ActualRows="6232" ActualEndOfScans="1" ActualExecutions="1" />
                                                                    <RunTimeCountersPerThread Thread="2" ActualRows="5799" ActualEndOfScans="1" ActualExecutions="1" />
                                                                    <RunTimeCountersPerThread Thread="0" ActualRows="0" ActualEndOfScans="0" ActualExecutions="0" />
                                                                  </RunTimeInformation>
                                                                  <Parallelism PartitioningType="Hash">
                                                                    <PartitionColumns>
                                                                      <ColumnReference Database="[ims_new]" Schema="[dbo]" Table="[SERVICE_LINES]" Alias="[sl]" Column="INVOICE_ID" />
                                                                    </PartitionColumns>
                                                                    <RelOp AvgRowSize="127" EstimateCPU="0.467724" EstimateIO="0" EstimateRebinds="0" EstimateRewinds="0" EstimateRows="19316.8" LogicalOp="Right Outer Join" NodeId="20" Parallel="true" PhysicalOp="Hash Match" EstimatedTotalSubtreeCost="93.0713">
                                                                      <OutputList>
                                                                        <ColumnReference Database="[ims_new]" Schema="[dbo]" Table="[SERVICE_LINES]" Alias="[sl]" Column="BILL_JOB_NO" />
                                                                        <ColumnReference Database="[ims_new]" Schema="[dbo]" Table="[SERVICE_LINES]" Alias="[sl]" Column="BILL_JOB_ID" />
                                                                        <ColumnReference Database="[ims_new]" Schema="[dbo]" Table="[SERVICE_LINES]" Alias="[sl]" Column="INVOICE_ID" />
                                                                        <ColumnReference Database="[ims_new]" Schema="[dbo]" Table="[JOBS]" Alias="[j]" Column="BILLING_USER_ID" />
                                                                        <ColumnReference Database="[ims_new]" Schema="[dbo]" Table="[CUSTOMERS]" Alias="[c]" Column="EXT_DEALER_ID" />
                                                                        <ColumnReference Database="[ims_new]" Schema="[dbo]" Table="[CUSTOMERS]" Alias="[c]" Column="CUSTOMER_NAME" />
                                                                        <ColumnReference Database="[ims_new]" Schema="[dbo]" Table="[CUSTOMERS]" Alias="[c]" Column="end_user_parent_id" />
                                                                        <ColumnReference Database="[ims_new]" Schema="[dbo]" Table="[LOOKUPS]" Alias="[jl]" Column="NAME" />
                                                                        <ColumnReference Database="[ims_new]" Schema="[dbo]" Table="[LOOKUPS]" Alias="[customer_type]" Column="CODE" />
                                                                        <ColumnReference Database="[ims_new]" Schema="[dbo]" Table="[CUSTOMERS]" Alias="[eu]" Column="CUSTOMER_NAME" />
                                                                      </OutputList>
                                                                      <MemoryFractions Input="0.102015" Output="0.123077" />
                                                                      <RunTimeInformation>
                                                                        <RunTimeCountersPerThread Thread="4" ActualRows="21" ActualEndOfScans="1" ActualExecutions="1" />
                                                                        <RunTimeCountersPerThread Thread="1" ActualRows="39" ActualEndOfScans="1" ActualExecutions="1" />
                                                                        <RunTimeCountersPerThread Thread="2" ActualRows="22" ActualEndOfScans="1" ActualExecutions="1" />
                                                                        <RunTimeCountersPerThread Thread="3" ActualRows="28691" ActualEndOfScans="1" ActualExecutions="1" />
                                                                        <RunTimeCountersPerThread Thread="0" ActualRows="0" ActualEndOfScans="0" ActualExecutions="0" />
                                                                      </RunTimeInformation>
                                                                      <Hash>
                                                                        <DefinedValues />
                                                                        <HashKeysBuild>
                                                                          <ColumnReference Database="[ims_new]" Schema="[dbo]" Table="[CUSTOMERS]" Alias="[eu]" Column="CUSTOMER_ID" />
                                                                        </HashKeysBuild>
                                                                        <HashKeysProbe>
                                                                          <ColumnReference Database="[ims_new]" Schema="[dbo]" Table="[JOBS]" Alias="[j]" Column="end_user_id" />
                                                                        </HashKeysProbe>
                                                                        <ProbeResidual>
                                                                          <ScalarOperator ScalarString="[ims_new].[dbo].[JOBS].[end_user_id] as [j].[end_user_id]=[ims_new].[dbo].[CUSTOMERS].[CUSTOMER_ID] as [eu].[CUSTOMER_ID]">
                                                                            <Compare CompareOp="EQ">
                                                                              <ScalarOperator>
                                                                                <Identifier>
                                                                                  <ColumnReference Database="[ims_new]" Schema="[dbo]" Table="[JOBS]" Alias="[j]" Column="end_user_id" />
                                                                                </Identifier>
                                                                              </ScalarOperator>
                                                                              <ScalarOperator>
                                                                                <Identifier>
                                                                                  <ColumnReference Database="[ims_new]" Schema="[dbo]" Table="[CUSTOMERS]" Alias="[eu]" Column="CUSTOMER_ID" />
                                                                                </Identifier>
                                                                              </ScalarOperator>
                                                                            </Compare>
                                                                          </ScalarOperator>
                                                                        </ProbeResidual>
                                                                        <RelOp AvgRowSize="37" EstimateCPU="0.0655139" EstimateIO="0" EstimateRebinds="0" EstimateRewinds="0" EstimateRows="15044" LogicalOp="Repartition Streams" NodeId="21" Parallel="true" PhysicalOp="Parallelism" EstimatedTotalSubtreeCost="0.146621">
                                                                          <OutputList>
                                                                            <ColumnReference Database="[ims_new]" Schema="[dbo]" Table="[CUSTOMERS]" Alias="[eu]" Column="CUSTOMER_ID" />
                                                                            <ColumnReference Database="[ims_new]" Schema="[dbo]" Table="[CUSTOMERS]" Alias="[eu]" Column="CUSTOMER_NAME" />
                                                                          </OutputList>
                                                                          <RunTimeInformation>
                                                                            <RunTimeCountersPerThread Thread="4" ActualRows="3710" ActualEndOfScans="1" ActualExecutions="1" />
                                                                            <RunTimeCountersPerThread Thread="1" ActualRows="3736" ActualEndOfScans="1" ActualExecutions="1" />
                                                                            <RunTimeCountersPerThread Thread="2" ActualRows="3862" ActualEndOfScans="1" ActualExecutions="1" />
                                                                            <RunTimeCountersPerThread Thread="3" ActualRows="3736" ActualEndOfScans="1" ActualExecutions="1" />
                                                                            <RunTimeCountersPerThread Thread="0" ActualRows="0" ActualEndOfScans="0" ActualExecutions="0" />
                                                                          </RunTimeInformation>
                                                                          <Parallelism PartitioningType="Hash">
                                                                            <PartitionColumns>
                                                                              <ColumnReference Database="[ims_new]" Schema="[dbo]" Table="[CUSTOMERS]" Alias="[eu]" Column="CUSTOMER_ID" />
                                                                            </PartitionColumns>
                                                                            <RelOp AvgRowSize="37" EstimateCPU="0.0083527" EstimateIO="0.0727546" EstimateRebinds="0" EstimateRewinds="0" EstimateRows="15044" LogicalOp="Index Scan" NodeId="22" Parallel="true" PhysicalOp="Index Scan" EstimatedTotalSubtreeCost="0.0811073">
                                                                              <OutputList>
                                                                                <ColumnReference Database="[ims_new]" Schema="[dbo]" Table="[CUSTOMERS]" Alias="[eu]" Column="CUSTOMER_ID" />
                                                                                <ColumnReference Database="[ims_new]" Schema="[dbo]" Table="[CUSTOMERS]" Alias="[eu]" Column="CUSTOMER_NAME" />
                                                                              </OutputList>
                                                                              <RunTimeInformation>
                                                                                <RunTimeCountersPerThread Thread="1" ActualRows="3980" ActualEndOfScans="1" ActualExecutions="1" />
                                                                                <RunTimeCountersPerThread Thread="3" ActualRows="3338" ActualEndOfScans="1" ActualExecutions="1" />
                                                                                <RunTimeCountersPerThread Thread="4" ActualRows="4546" ActualEndOfScans="1" ActualExecutions="1" />
                                                                                <RunTimeCountersPerThread Thread="2" ActualRows="3180" ActualEndOfScans="1" ActualExecutions="1" />
                                                                                <RunTimeCountersPerThread Thread="0" ActualRows="0" ActualEndOfScans="0" ActualExecutions="0" />
                                                                              </RunTimeInformation>
                                                                              <IndexScan Ordered="false" ForcedIndex="false" NoExpandHint="false">
                                                                                <DefinedValues>
                                                                                  <DefinedValue>
                                                                                    <ColumnReference Database="[ims_new]" Schema="[dbo]" Table="[CUSTOMERS]" Alias="[eu]" Column="CUSTOMER_ID" />
                                                                                  </DefinedValue>
                                                                                  <DefinedValue>
                                                                                    <ColumnReference Database="[ims_new]" Schema="[dbo]" Table="[CUSTOMERS]" Alias="[eu]" Column="CUSTOMER_NAME" />
                                                                                  </DefinedValue>
                                                                                </DefinedValues>
                                                                                <Object Database="[ims_new]" Schema="[dbo]" Table="[CUSTOMERS]" Index="[IX_CUSTOMER_TYPE_NAME]" Alias="[eu]" />
                                                                              </IndexScan>
                                                                            </RelOp>
                                                                          </Parallelism>
                                                                        </RelOp>
                                                                        <RelOp AvgRowSize="117" EstimateCPU="0.0303605" EstimateIO="0" EstimateRebinds="0" EstimateRewinds="0" EstimateRows="19316.8" LogicalOp="Repartition Streams" NodeId="23" Parallel="true" PhysicalOp="Parallelism" EstimatedTotalSubtreeCost="92.457">
                                                                          <OutputList>
                                                                            <ColumnReference Database="[ims_new]" Schema="[dbo]" Table="[SERVICE_LINES]" Alias="[sl]" Column="BILL_JOB_NO" />
                                                                            <ColumnReference Database="[ims_new]" Schema="[dbo]" Table="[SERVICE_LINES]" Alias="[sl]" Column="BILL_JOB_ID" />
                                                                            <ColumnReference Database="[ims_new]" Schema="[dbo]" Table="[SERVICE_LINES]" Alias="[sl]" Column="INVOICE_ID" />
                                                                            <ColumnReference Database="[ims_new]" Schema="[dbo]" Table="[JOBS]" Alias="[j]" Column="BILLING_USER_ID" />
                                                                            <ColumnReference Database="[ims_new]" Schema="[dbo]" Table="[JOBS]" Alias="[j]" Column="end_user_id" />
                                                                            <ColumnReference Database="[ims_new]" Schema="[dbo]" Table="[CUSTOMERS]" Alias="[c]" Column="EXT_DEALER_ID" />
                                                                            <ColumnReference Database="[ims_new]" Schema="[dbo]" Table="[CUSTOMERS]" Alias="[c]" Column="CUSTOMER_NAME" />
                                                                            <ColumnReference Database="[ims_new]" Schema="[dbo]" Table="[CUSTOMERS]" Alias="[c]" Column="end_user_parent_id" />
                                                                            <ColumnReference Database="[ims_new]" Schema="[dbo]" Table="[LOOKUPS]" Alias="[jl]" Column="NAME" />
                                                                            <ColumnReference Database="[ims_new]" Schema="[dbo]" Table="[LOOKUPS]" Alias="[customer_type]" Column="CODE" />
                                                                          </OutputList>
                                                                          <RunTimeInformation>
                                                                            <RunTimeCountersPerThread Thread="4" ActualRows="21" ActualEndOfScans="1" ActualExecutions="1" />
                                                                            <RunTimeCountersPerThread Thread="1" ActualRows="39" ActualEndOfScans="1" ActualExecutions="1" />
                                                                            <RunTimeCountersPerThread Thread="3" ActualRows="28691" ActualEndOfScans="1" ActualExecutions="1" />
                                                                            <RunTimeCountersPerThread Thread="2" ActualRows="22" ActualEndOfScans="1" ActualExecutions="1" />
                                                                            <RunTimeCountersPerThread Thread="0" ActualRows="0" ActualEndOfScans="0" ActualExecutions="0" />
                                                                          </RunTimeInformation>
                                                                          <Parallelism PartitioningType="Hash">
                                                                            <PartitionColumns>
                                                                              <ColumnReference Database="[ims_new]" Schema="[dbo]" Table="[JOBS]" Alias="[j]" Column="end_user_id" />
                                                                            </PartitionColumns>
                                                                            <RelOp AvgRowSize="117" EstimateCPU="0.144013" EstimateIO="0" EstimateRebinds="0" EstimateRewinds="0" EstimateRows="19316.8" LogicalOp="Inner Join" NodeId="24" Parallel="true" PhysicalOp="Hash Match" EstimatedTotalSubtreeCost="92.4266">
                                                                              <OutputList>
                                                                                <ColumnReference Database="[ims_new]" Schema="[dbo]" Table="[SERVICE_LINES]" Alias="[sl]" Column="BILL_JOB_NO" />
                                                                                <ColumnReference Database="[ims_new]" Schema="[dbo]" Table="[SERVICE_LINES]" Alias="[sl]" Column="BILL_JOB_ID" />
                                                                                <ColumnReference Database="[ims_new]" Schema="[dbo]" Table="[SERVICE_LINES]" Alias="[sl]" Column="INVOICE_ID" />
                                                                                <ColumnReference Database="[ims_new]" Schema="[dbo]" Table="[JOBS]" Alias="[j]" Column="BILLING_USER_ID" />
                                                                                <ColumnReference Database="[ims_new]" Schema="[dbo]" Table="[JOBS]" Alias="[j]" Column="end_user_id" />
                                                                                <ColumnReference Database="[ims_new]" Schema="[dbo]" Table="[CUSTOMERS]" Alias="[c]" Column="EXT_DEALER_ID" />
                                                                                <ColumnReference Database="[ims_new]" Schema="[dbo]" Table="[CUSTOMERS]" Alias="[c]" Column="CUSTOMER_NAME" />
                                                                                <ColumnReference Database="[ims_new]" Schema="[dbo]" Table="[CUSTOMERS]" Alias="[c]" Column="end_user_parent_id" />
                                                                                <ColumnReference Database="[ims_new]" Schema="[dbo]" Table="[LOOKUPS]" Alias="[jl]" Column="NAME" />
                                                                                <ColumnReference Database="[ims_new]" Schema="[dbo]" Table="[LOOKUPS]" Alias="[customer_type]" Column="CODE" />
                                                                              </OutputList>
                                                                              <MemoryFractions Input="0" Output="0" />
                                                                              <RunTimeInformation>
                                                                                <RunTimeCountersPerThread Thread="1" ActualRows="741" ActualEndOfScans="1" ActualExecutions="1" />
                                                                                <RunTimeCountersPerThread Thread="4" ActualRows="4238" ActualEndOfScans="1" ActualExecutions="1" />
                                                                                <RunTimeCountersPerThread Thread="3" ActualRows="0" ActualEndOfScans="1" ActualExecutions="1" />
                                                                                <RunTimeCountersPerThread Thread="2" ActualRows="23794" ActualEndOfScans="1" ActualExecutions="1" />
                                                                                <RunTimeCountersPerThread Thread="0" ActualRows="0" ActualEndOfScans="0" ActualExecutions="0" />
                                                                              </RunTimeInformation>
                                                                              <Hash>
                                                                                <DefinedValues />
                                                                                <HashKeysBuild>
                                                                                  <ColumnReference Database="[ims_new]" Schema="[dbo]" Table="[LOOKUPS]" Alias="[jl]" Column="LOOKUP_ID" />
                                                                                </HashKeysBuild>
                                                                                <HashKeysProbe>
                                                                                  <ColumnReference Database="[ims_new]" Schema="[dbo]" Table="[JOBS]" Alias="[j]" Column="JOB_STATUS_TYPE_ID" />
                                                                                </HashKeysProbe>
                                                                                <ProbeResidual>
                                                                                  <ScalarOperator ScalarString="[ims_new].[dbo].[LOOKUPS].[LOOKUP_ID] as [jl].[LOOKUP_ID]=[ims_new].[dbo].[JOBS].[JOB_STATUS_TYPE_ID] as [j].[JOB_STATUS_TYPE_ID]">
                                                                                    <Compare CompareOp="EQ">
                                                                                      <ScalarOperator>
                                                                                        <Identifier>
                                                                                          <ColumnReference Database="[ims_new]" Schema="[dbo]" Table="[LOOKUPS]" Alias="[jl]" Column="LOOKUP_ID" />
                                                                                        </Identifier>
                                                                                      </ScalarOperator>
                                                                                      <ScalarOperator>
                                                                                        <Identifier>
                                                                                          <ColumnReference Database="[ims_new]" Schema="[dbo]" Table="[JOBS]" Alias="[j]" Column="JOB_STATUS_TYPE_ID" />
                                                                                        </Identifier>
                                                                                      </ScalarOperator>
                                                                                    </Compare>
                                                                                  </ScalarOperator>
                                                                                </ProbeResidual>
                                                                                <RelOp AvgRowSize="28" EstimateCPU="0.0300479" EstimateIO="0" EstimateRebinds="0" EstimateRewinds="0" EstimateRows="720" LogicalOp="Repartition Streams" NodeId="25" Parallel="true" PhysicalOp="Parallelism" EstimatedTotalSubtreeCost="0.0366104">
                                                                                  <OutputList>
                                                                                    <ColumnReference Database="[ims_new]" Schema="[dbo]" Table="[LOOKUPS]" Alias="[jl]" Column="LOOKUP_ID" />
                                                                                    <ColumnReference Database="[ims_new]" Schema="[dbo]" Table="[LOOKUPS]" Alias="[jl]" Column="NAME" />
                                                                                  </OutputList>
                                                                                  <RunTimeInformation>
                                                                                    <RunTimeCountersPerThread Thread="4" ActualRows="169" ActualEndOfScans="1" ActualExecutions="1" />
                                                                                    <RunTimeCountersPerThread Thread="3" ActualRows="177" ActualEndOfScans="1" ActualExecutions="1" />
                                                                                    <RunTimeCountersPerThread Thread="1" ActualRows="187" ActualEndOfScans="1" ActualExecutions="1" />
                                                                                    <RunTimeCountersPerThread Thread="2" ActualRows="187" ActualEndOfScans="1" ActualExecutions="1" />
                                                                                    <RunTimeCountersPerThread Thread="0" ActualRows="0" ActualEndOfScans="0" ActualExecutions="0" />
                                                                                  </RunTimeInformation>
                                                                                  <Parallelism PartitioningType="Hash">
                                                                                    <PartitionColumns>
                                                                                      <ColumnReference Database="[ims_new]" Schema="[dbo]" Table="[LOOKUPS]" Alias="[jl]" Column="LOOKUP_ID" />
                                                                                    </PartitionColumns>
                                                                                    <RelOp AvgRowSize="28" EstimateCPU="0.0004745" EstimateIO="0.00608796" EstimateRebinds="0" EstimateRewinds="0" EstimateRows="720" LogicalOp="Index Scan" NodeId="26" Parallel="true" PhysicalOp="Index Scan" EstimatedTotalSubtreeCost="0.00656246">
                                                                                      <OutputList>
                                                                                        <ColumnReference Database="[ims_new]" Schema="[dbo]" Table="[LOOKUPS]" Alias="[jl]" Column="LOOKUP_ID" />
                                                                                        <ColumnReference Database="[ims_new]" Schema="[dbo]" Table="[LOOKUPS]" Alias="[jl]" Column="NAME" />
                                                                                      </OutputList>
                                                                                      <RunTimeInformation>
                                                                                        <RunTimeCountersPerThread Thread="1" ActualRows="258" ActualEndOfScans="1" ActualExecutions="1" />
                                                                                        <RunTimeCountersPerThread Thread="2" ActualRows="302" ActualEndOfScans="1" ActualExecutions="1" />
                                                                                        <RunTimeCountersPerThread Thread="3" ActualRows="0" ActualEndOfScans="1" ActualExecutions="1" />
                                                                                        <RunTimeCountersPerThread Thread="4" ActualRows="160" ActualEndOfScans="1" ActualExecutions="1" />
                                                                                        <RunTimeCountersPerThread Thread="0" ActualRows="0" ActualEndOfScans="0" ActualExecutions="0" />
                                                                                      </RunTimeInformation>
                                                                                      <IndexScan Ordered="false" ForcedIndex="false" NoExpandHint="false">
                                                                                        <DefinedValues>
                                                                                          <DefinedValue>
                                                                                            <ColumnReference Database="[ims_new]" Schema="[dbo]" Table="[LOOKUPS]" Alias="[jl]" Column="LOOKUP_ID" />
                                                                                          </DefinedValue>
                                                                                          <DefinedValue>
                                                                                            <ColumnReference Database="[ims_new]" Schema="[dbo]" Table="[LOOKUPS]" Alias="[jl]" Column="NAME" />
                                                                                          </DefinedValue>
                                                                                        </DefinedValues>
                                                                                        <Object Database="[ims_new]" Schema="[dbo]" Table="[LOOKUPS]" Index="[IX_L_LID_NAME]" Alias="[jl]" />
                                                                                      </IndexScan>
                                                                                    </RelOp>
                                                                                  </Parallelism>
                                                                                </RelOp>
                                                                                <RelOp AvgRowSize="116" EstimateCPU="0.281754" EstimateIO="0" EstimateRebinds="0" EstimateRewinds="0" EstimateRows="19316.8" LogicalOp="Repartition Streams" NodeId="27" Parallel="true" PhysicalOp="Parallelism" EstimatedTotalSubtreeCost="92.246">
                                                                                  <OutputList>
                                                                                    <ColumnReference Database="[ims_new]" Schema="[dbo]" Table="[SERVICE_LINES]" Alias="[sl]" Column="BILL_JOB_NO" />
                                                                                    <ColumnReference Database="[ims_new]" Schema="[dbo]" Table="[SERVICE_LINES]" Alias="[sl]" Column="BILL_JOB_ID" />
                                                                                    <ColumnReference Database="[ims_new]" Schema="[dbo]" Table="[SERVICE_LINES]" Alias="[sl]" Column="INVOICE_ID" />
                                                                                    <ColumnReference Database="[ims_new]" Schema="[dbo]" Table="[JOBS]" Alias="[j]" Column="JOB_STATUS_TYPE_ID" />
                                                                                    <ColumnReference Database="[ims_new]" Schema="[dbo]" Table="[JOBS]" Alias="[j]" Column="BILLING_USER_ID" />
                                                                                    <ColumnReference Database="[ims_new]" Schema="[dbo]" Table="[JOBS]" Alias="[j]" Column="end_user_id" />
                                                                                    <ColumnReference Database="[ims_new]" Schema="[dbo]" Table="[CUSTOMERS]" Alias="[c]" Column="EXT_DEALER_ID" />
                                                                                    <ColumnReference Database="[ims_new]" Schema="[dbo]" Table="[CUSTOMERS]" Alias="[c]" Column="CUSTOMER_NAME" />
                                                                                    <ColumnReference Database="[ims_new]" Schema="[dbo]" Table="[CUSTOMERS]" Alias="[c]" Column="end_user_parent_id" />
                                                                                    <ColumnReference Database="[ims_new]" Schema="[dbo]" Table="[LOOKUPS]" Alias="[customer_type]" Column="CODE" />
                                                                                  </OutputList>
                                                                                  <RunTimeInformation>
                                                                                    <RunTimeCountersPerThread Thread="3" ActualRows="0" ActualEndOfScans="1" ActualExecutions="1" />
                                                                                    <RunTimeCountersPerThread Thread="4" ActualRows="4238" ActualEndOfScans="1" ActualExecutions="1" />
                                                                                    <RunTimeCountersPerThread Thread="1" ActualRows="741" ActualEndOfScans="1" ActualExecutions="1" />
                                                                                    <RunTimeCountersPerThread Thread="2" ActualRows="23794" ActualEndOfScans="1" ActualExecutions="1" />
                                                                                    <RunTimeCountersPerThread Thread="0" ActualRows="0" ActualEndOfScans="0" ActualExecutions="0" />
                                                                                  </RunTimeInformation>
                                                                                  <Parallelism PartitioningType="Hash">
                                                                                    <PartitionColumns>
                                                                                      <ColumnReference Database="[ims_new]" Schema="[dbo]" Table="[JOBS]" Alias="[j]" Column="JOB_STATUS_TYPE_ID" />
                                                                                    </PartitionColumns>
                                                                                    <RelOp AvgRowSize="116" EstimateCPU="0.159472" EstimateIO="0" EstimateRebinds="0" EstimateRewinds="0" EstimateRows="19316.8" LogicalOp="Inner Join" NodeId="28" Parallel="true" PhysicalOp="Hash Match" EstimatedTotalSubtreeCost="91.9642">
                                                                                      <OutputList>
                                                                                        <ColumnReference Database="[ims_new]" Schema="[dbo]" Table="[SERVICE_LINES]" Alias="[sl]" Column="BILL_JOB_NO" />
                                                                                        <ColumnReference Database="[ims_new]" Schema="[dbo]" Table="[SERVICE_LINES]" Alias="[sl]" Column="BILL_JOB_ID" />
                                                                                        <ColumnReference Database="[ims_new]" Schema="[dbo]" Table="[SERVICE_LINES]" Alias="[sl]" Column="INVOICE_ID" />
                                                                                        <ColumnReference Database="[ims_new]" Schema="[dbo]" Table="[JOBS]" Alias="[j]" Column="JOB_STATUS_TYPE_ID" />
                                                                                        <ColumnReference Database="[ims_new]" Schema="[dbo]" Table="[JOBS]" Alias="[j]" Column="BILLING_USER_ID" />
                                                                                        <ColumnReference Database="[ims_new]" Schema="[dbo]" Table="[JOBS]" Alias="[j]" Column="end_user_id" />
                                                                                        <ColumnReference Database="[ims_new]" Schema="[dbo]" Table="[CUSTOMERS]" Alias="[c]" Column="EXT_DEALER_ID" />
                                                                                        <ColumnReference Database="[ims_new]" Schema="[dbo]" Table="[CUSTOMERS]" Alias="[c]" Column="CUSTOMER_NAME" />
                                                                                        <ColumnReference Database="[ims_new]" Schema="[dbo]" Table="[CUSTOMERS]" Alias="[c]" Column="end_user_parent_id" />
                                                                                        <ColumnReference Database="[ims_new]" Schema="[dbo]" Table="[LOOKUPS]" Alias="[customer_type]" Column="CODE" />
                                                                                      </OutputList>
                                                                                      <MemoryFractions Input="0" Output="0" />
                                                                                      <RunTimeInformation>
                                                                                        <RunTimeCountersPerThread Thread="1" ActualRows="15797" ActualEndOfScans="1" ActualExecutions="1" />
                                                                                        <RunTimeCountersPerThread Thread="4" ActualRows="0" ActualEndOfScans="1" ActualExecutions="1" />
                                                                                        <RunTimeCountersPerThread Thread="3" ActualRows="12828" ActualEndOfScans="1" ActualExecutions="1" />
                                                                                        <RunTimeCountersPerThread Thread="2" ActualRows="148" ActualEndOfScans="1" ActualExecutions="1" />
                                                                                        <RunTimeCountersPerThread Thread="0" ActualRows="0" ActualEndOfScans="0" ActualExecutions="0" />
                                                                                      </RunTimeInformation>
                                                                                      <Hash>
                                                                                        <DefinedValues />
                                                                                        <HashKeysBuild>
                                                                                          <ColumnReference Database="[ims_new]" Schema="[dbo]" Table="[LOOKUPS]" Alias="[customer_type]" Column="LOOKUP_ID" />
                                                                                        </HashKeysBuild>
                                                                                        <HashKeysProbe>
                                                                                          <ColumnReference Database="[ims_new]" Schema="[dbo]" Table="[CUSTOMERS]" Alias="[c]" Column="customer_type_id" />
                                                                                        </HashKeysProbe>
                                                                                        <ProbeResidual>
                                                                                          <ScalarOperator ScalarString="[ims_new].[dbo].[LOOKUPS].[LOOKUP_ID] as [customer_type].[LOOKUP_ID]=[ims_new].[dbo].[CUSTOMERS].[customer_type_id] as [c].[customer_type_id]">
                                                                                            <Compare CompareOp="EQ">
                                                                                              <ScalarOperator>
                                                                                                <Identifier>
                                                                                                  <ColumnReference Database="[ims_new]" Schema="[dbo]" Table="[LOOKUPS]" Alias="[customer_type]" Column="LOOKUP_ID" />
                                                                                                </Identifier>
                                                                                              </ScalarOperator>
                                                                                              <ScalarOperator>
                                                                                                <Identifier>
                                                                                                  <ColumnReference Database="[ims_new]" Schema="[dbo]" Table="[CUSTOMERS]" Alias="[c]" Column="customer_type_id" />
                                                                                                </Identifier>
                                                                                              </ScalarOperator>
                                                                                            </Compare>
                                                                                          </ScalarOperator>
                                                                                        </ProbeResidual>
                                                                                        <RelOp AvgRowSize="27" EstimateCPU="0.0300231" EstimateIO="0" EstimateRebinds="0" EstimateRewinds="0" EstimateRows="720" LogicalOp="Repartition Streams" NodeId="29" Parallel="true" PhysicalOp="Parallelism" EstimatedTotalSubtreeCost="0.0358448">
                                                                                          <OutputList>
                                                                                            <ColumnReference Database="[ims_new]" Schema="[dbo]" Table="[LOOKUPS]" Alias="[customer_type]" Column="LOOKUP_ID" />
                                                                                            <ColumnReference Database="[ims_new]" Schema="[dbo]" Table="[LOOKUPS]" Alias="[customer_type]" Column="CODE" />
                                                                                          </OutputList>
                                                                                          <RunTimeInformation>
                                                                                            <RunTimeCountersPerThread Thread="1" ActualRows="187" ActualEndOfScans="1" ActualExecutions="1" />
                                                                                            <RunTimeCountersPerThread Thread="4" ActualRows="169" ActualEndOfScans="1" ActualExecutions="1" />
                                                                                            <RunTimeCountersPerThread Thread="3" ActualRows="177" ActualEndOfScans="1" ActualExecutions="1" />
                                                                                            <RunTimeCountersPerThread Thread="2" ActualRows="187" ActualEndOfScans="1" ActualExecutions="1" />
                                                                                            <RunTimeCountersPerThread Thread="0" ActualRows="0" ActualEndOfScans="0" ActualExecutions="0" />
                                                                                          </RunTimeInformation>
                                                                                          <Parallelism PartitioningType="Hash">
                                                                                            <PartitionColumns>
                                                                                              <ColumnReference Database="[ims_new]" Schema="[dbo]" Table="[LOOKUPS]" Alias="[customer_type]" Column="LOOKUP_ID" />
                                                                                            </PartitionColumns>
                                                                                            <RelOp AvgRowSize="27" EstimateCPU="0.0004745" EstimateIO="0.00534722" EstimateRebinds="0" EstimateRewinds="0" EstimateRows="720" LogicalOp="Index Scan" NodeId="30" Parallel="true" PhysicalOp="Index Scan" EstimatedTotalSubtreeCost="0.00582172">
                                                                                              <OutputList>
                                                                                                <ColumnReference Database="[ims_new]" Schema="[dbo]" Table="[LOOKUPS]" Alias="[customer_type]" Column="LOOKUP_ID" />
                                                                                                <ColumnReference Database="[ims_new]" Schema="[dbo]" Table="[LOOKUPS]" Alias="[customer_type]" Column="CODE" />
                                                                                              </OutputList>
                                                                                              <RunTimeInformation>
                                                                                                <RunTimeCountersPerThread Thread="1" ActualRows="107" ActualEndOfScans="1" ActualExecutions="1" />
                                                                                                <RunTimeCountersPerThread Thread="2" ActualRows="144" ActualEndOfScans="1" ActualExecutions="1" />
                                                                                                <RunTimeCountersPerThread Thread="4" ActualRows="142" ActualEndOfScans="1" ActualExecutions="1" />
                                                                                                <RunTimeCountersPerThread Thread="3" ActualRows="327" ActualEndOfScans="1" ActualExecutions="1" />
                                                                                                <RunTimeCountersPerThread Thread="0" ActualRows="0" ActualEndOfScans="0" ActualExecutions="0" />
                                                                                              </RunTimeInformation>
                                                                                              <IndexScan Ordered="false" ForcedIndex="false" NoExpandHint="false">
                                                                                                <DefinedValues>
                                                                                                  <DefinedValue>
                                                                                                    <ColumnReference Database="[ims_new]" Schema="[dbo]" Table="[LOOKUPS]" Alias="[customer_type]" Column="LOOKUP_ID" />
                                                                                                  </DefinedValue>
                                                                                                  <DefinedValue>
                                                                                                    <ColumnReference Database="[ims_new]" Schema="[dbo]" Table="[LOOKUPS]" Alias="[customer_type]" Column="CODE" />
                                                                                                  </DefinedValue>
                                                                                                </DefinedValues>
                                                                                                <Object Database="[ims_new]" Schema="[dbo]" Table="[LOOKUPS]" Index="[IX_L_LID_CODE]" Alias="[customer_type]" />
                                                                                              </IndexScan>
                                                                                            </RelOp>
                                                                                          </Parallelism>
                                                                                        </RelOp>
                                                                                        <RelOp AvgRowSize="116" EstimateCPU="0.157129" EstimateIO="0" EstimateRebinds="0" EstimateRewinds="0" EstimateRows="19780.2" LogicalOp="Repartition Streams" NodeId="31" Parallel="true" PhysicalOp="Parallelism" EstimatedTotalSubtreeCost="91.7689">
                                                                                          <OutputList>
                                                                                            <ColumnReference Database="[ims_new]" Schema="[dbo]" Table="[SERVICE_LINES]" Alias="[sl]" Column="BILL_JOB_NO" />
                                                                                            <ColumnReference Database="[ims_new]" Schema="[dbo]" Table="[SERVICE_LINES]" Alias="[sl]" Column="BILL_JOB_ID" />
                                                                                            <ColumnReference Database="[ims_new]" Schema="[dbo]" Table="[SERVICE_LINES]" Alias="[sl]" Column="INVOICE_ID" />
                                                                                            <ColumnReference Database="[ims_new]" Schema="[dbo]" Table="[JOBS]" Alias="[j]" Column="JOB_STATUS_TYPE_ID" />
                                                                                            <ColumnReference Database="[ims_new]" Schema="[dbo]" Table="[JOBS]" Alias="[j]" Column="BILLING_USER_ID" />
                                                                                            <ColumnReference Database="[ims_new]" Schema="[dbo]" Table="[JOBS]" Alias="[j]" Column="end_user_id" />
                                                                                            <ColumnReference Database="[ims_new]" Schema="[dbo]" Table="[CUSTOMERS]" Alias="[c]" Column="EXT_DEALER_ID" />
                                                                                            <ColumnReference Database="[ims_new]" Schema="[dbo]" Table="[CUSTOMERS]" Alias="[c]" Column="CUSTOMER_NAME" />
                                                                                            <ColumnReference Database="[ims_new]" Schema="[dbo]" Table="[CUSTOMERS]" Alias="[c]" Column="customer_type_id" />
                                                                                            <ColumnReference Database="[ims_new]" Schema="[dbo]" Table="[CUSTOMERS]" Alias="[c]" Column="end_user_parent_id" />
                                                                                          </OutputList>
                                                                                          <RunTimeInformation>
                                                                                            <RunTimeCountersPerThread Thread="1" ActualRows="15797" ActualEndOfScans="1" ActualExecutions="1" />
                                                                                            <RunTimeCountersPerThread Thread="4" ActualRows="0" ActualEndOfScans="1" ActualExecutions="1" />
                                                                                            <RunTimeCountersPerThread Thread="3" ActualRows="12828" ActualEndOfScans="1" ActualExecutions="1" />
                                                                                            <RunTimeCountersPerThread Thread="2" ActualRows="148" ActualEndOfScans="1" ActualExecutions="1" />
                                                                                            <RunTimeCountersPerThread Thread="0" ActualRows="0" ActualEndOfScans="0" ActualExecutions="0" />
                                                                                          </RunTimeInformation>
                                                                                          <Parallelism PartitioningType="Hash">
                                                                                            <PartitionColumns>
                                                                                              <ColumnReference Database="[ims_new]" Schema="[dbo]" Table="[CUSTOMERS]" Alias="[c]" Column="customer_type_id" />
                                                                                            </PartitionColumns>
                                                                                            <RelOp AvgRowSize="116" EstimateCPU="0.574412" EstimateIO="0" EstimateRebinds="0" EstimateRewinds="0" EstimateRows="19780.2" LogicalOp="Inner Join" NodeId="32" Parallel="true" PhysicalOp="Hash Match" EstimatedTotalSubtreeCost="91.6118">
                                                                                              <OutputList>
                                                                                                <ColumnReference Database="[ims_new]" Schema="[dbo]" Table="[SERVICE_LINES]" Alias="[sl]" Column="BILL_JOB_NO" />
                                                                                                <ColumnReference Database="[ims_new]" Schema="[dbo]" Table="[SERVICE_LINES]" Alias="[sl]" Column="BILL_JOB_ID" />
                                                                                                <ColumnReference Database="[ims_new]" Schema="[dbo]" Table="[SERVICE_LINES]" Alias="[sl]" Column="INVOICE_ID" />
                                                                                                <ColumnReference Database="[ims_new]" Schema="[dbo]" Table="[JOBS]" Alias="[j]" Column="JOB_STATUS_TYPE_ID" />
                                                                                                <ColumnReference Database="[ims_new]" Schema="[dbo]" Table="[JOBS]" Alias="[j]" Column="BILLING_USER_ID" />
                                                                                                <ColumnReference Database="[ims_new]" Schema="[dbo]" Table="[JOBS]" Alias="[j]" Column="end_user_id" />
                                                                                                <ColumnReference Database="[ims_new]" Schema="[dbo]" Table="[CUSTOMERS]" Alias="[c]" Column="EXT_DEALER_ID" />
                                                                                                <ColumnReference Database="[ims_new]" Schema="[dbo]" Table="[CUSTOMERS]" Alias="[c]" Column="CUSTOMER_NAME" />
                                                                                                <ColumnReference Database="[ims_new]" Schema="[dbo]" Table="[CUSTOMERS]" Alias="[c]" Column="customer_type_id" />
                                                                                                <ColumnReference Database="[ims_new]" Schema="[dbo]" Table="[CUSTOMERS]" Alias="[c]" Column="end_user_parent_id" />
                                                                                              </OutputList>
                                                                                              <MemoryFractions Input="0.140428" Output="0.169421" />
                                                                                              <RunTimeInformation>
                                                                                                <RunTimeCountersPerThread Thread="2" ActualRows="5062" ActualEndOfScans="1" ActualExecutions="1" />
                                                                                                <RunTimeCountersPerThread Thread="1" ActualRows="6348" ActualEndOfScans="1" ActualExecutions="1" />
                                                                                                <RunTimeCountersPerThread Thread="4" ActualRows="9364" ActualEndOfScans="1" ActualExecutions="1" />
                                                                                                <RunTimeCountersPerThread Thread="3" ActualRows="7999" ActualEndOfScans="1" ActualExecutions="1" />
                                                                                                <RunTimeCountersPerThread Thread="0" ActualRows="0" ActualEndOfScans="0" ActualExecutions="0" />
                                                                                              </RunTimeInformation>
                                                                                              <Hash>
                                                                                                <DefinedValues />
                                                                                                <HashKeysBuild>
                                                                                                  <ColumnReference Database="[ims_new]" Schema="[dbo]" Table="[CUSTOMERS]" Alias="[c]" Column="CUSTOMER_ID" />
                                                                                                </HashKeysBuild>
                                                                                                <HashKeysProbe>
                                                                                                  <ColumnReference Database="[ims_new]" Schema="[dbo]" Table="[JOBS]" Alias="[j]" Column="CUSTOMER_ID" />
                                                                                                </HashKeysProbe>
                                                                                                <ProbeResidual>
                                                                                                  <ScalarOperator ScalarString="[ims_new].[dbo].[CUSTOMERS].[CUSTOMER_ID] as [c].[CUSTOMER_ID]=[ims_new].[dbo].[JOBS].[CUSTOMER_ID] as [j].[CUSTOMER_ID]">
                                                                                                    <Compare CompareOp="EQ">
                                                                                                      <ScalarOperator>
                                                                                                        <Identifier>
                                                                                                          <ColumnReference Database="[ims_new]" Schema="[dbo]" Table="[CUSTOMERS]" Alias="[c]" Column="CUSTOMER_ID" />
                                                                                                        </Identifier>
                                                                                                      </ScalarOperator>
                                                                                                      <ScalarOperator>
                                                                                                        <Identifier>
                                                                                                          <ColumnReference Database="[ims_new]" Schema="[dbo]" Table="[JOBS]" Alias="[j]" Column="CUSTOMER_ID" />
                                                                                                        </Identifier>
                                                                                                      </ScalarOperator>
                                                                                                    </Compare>
                                                                                                  </ScalarOperator>
                                                                                                </ProbeResidual>
                                                                                                <RelOp AvgRowSize="70" EstimateCPU="0.0935409" EstimateIO="0" EstimateRebinds="0" EstimateRewinds="0" EstimateRows="15044" LogicalOp="Repartition Streams" NodeId="33" Parallel="true" PhysicalOp="Parallelism" EstimatedTotalSubtreeCost="0.41687">
                                                                                                  <OutputList>
                                                                                                    <ColumnReference Database="[ims_new]" Schema="[dbo]" Table="[CUSTOMERS]" Alias="[c]" Column="CUSTOMER_ID" />
                                                                                                    <ColumnReference Database="[ims_new]" Schema="[dbo]" Table="[CUSTOMERS]" Alias="[c]" Column="EXT_DEALER_ID" />
                                                                                                    <ColumnReference Database="[ims_new]" Schema="[dbo]" Table="[CUSTOMERS]" Alias="[c]" Column="CUSTOMER_NAME" />
                                                                                                    <ColumnReference Database="[ims_new]" Schema="[dbo]" Table="[CUSTOMERS]" Alias="[c]" Column="customer_type_id" />
                                                                                                    <ColumnReference Database="[ims_new]" Schema="[dbo]" Table="[CUSTOMERS]" Alias="[c]" Column="end_user_parent_id" />
                                                                                                  </OutputList>
                                                                                                  <RunTimeInformation>
                                                                                                    <RunTimeCountersPerThread Thread="1" ActualRows="3736" ActualEndOfScans="1" ActualExecutions="1" />
                                                                                                    <RunTimeCountersPerThread Thread="2" ActualRows="3862" ActualEndOfScans="1" ActualExecutions="1" />
                                                                                                    <RunTimeCountersPerThread Thread="3" ActualRows="3736" ActualEndOfScans="1" ActualExecutions="1" />
                                                                                                    <RunTimeCountersPerThread Thread="4" ActualRows="3710" ActualEndOfScans="1" ActualExecutions="1" />
                                                                                                    <RunTimeCountersPerThread Thread="0" ActualRows="0" ActualEndOfScans="0" ActualExecutions="0" />
                                                                                                  </RunTimeInformation>
                                                                                                  <Parallelism PartitioningType="Hash">
                                                                                                    <PartitionColumns>
                                                                                                      <ColumnReference Database="[ims_new]" Schema="[dbo]" Table="[CUSTOMERS]" Alias="[c]" Column="CUSTOMER_ID" />
                                                                                                    </PartitionColumns>
                                                                                                    <RelOp AvgRowSize="70" EstimateCPU="0.0083527" EstimateIO="0.314977" EstimateRebinds="0" EstimateRewinds="0" EstimateRows="15044" LogicalOp="Clustered Index Scan" NodeId="34" Parallel="true" PhysicalOp="Clustered Index Scan" EstimatedTotalSubtreeCost="0.32333">
                                                                                                      <OutputList>
                                                                                                        <ColumnReference Database="[ims_new]" Schema="[dbo]" Table="[CUSTOMERS]" Alias="[c]" Column="CUSTOMER_ID" />
                                                                                                        <ColumnReference Database="[ims_new]" Schema="[dbo]" Table="[CUSTOMERS]" Alias="[c]" Column="EXT_DEALER_ID" />
                                                                                                        <ColumnReference Database="[ims_new]" Schema="[dbo]" Table="[CUSTOMERS]" Alias="[c]" Column="CUSTOMER_NAME" />
                                                                                                        <ColumnReference Database="[ims_new]" Schema="[dbo]" Table="[CUSTOMERS]" Alias="[c]" Column="customer_type_id" />
                                                                                                        <ColumnReference Database="[ims_new]" Schema="[dbo]" Table="[CUSTOMERS]" Alias="[c]" Column="end_user_parent_id" />
                                                                                                      </OutputList>
                                                                                                      <RunTimeInformation>
                                                                                                        <RunTimeCountersPerThread Thread="1" ActualRows="3697" ActualEndOfScans="1" ActualExecutions="1" />
                                                                                                        <RunTimeCountersPerThread Thread="4" ActualRows="3866" ActualEndOfScans="1" ActualExecutions="1" />
                                                                                                        <RunTimeCountersPerThread Thread="2" ActualRows="3784" ActualEndOfScans="1" ActualExecutions="1" />
                                                                                                        <RunTimeCountersPerThread Thread="3" ActualRows="3697" ActualEndOfScans="1" ActualExecutions="1" />
                                                                                                        <RunTimeCountersPerThread Thread="0" ActualRows="0" ActualEndOfScans="0" ActualExecutions="0" />
                                                                                                      </RunTimeInformation>
                                                                                                      <IndexScan Ordered="false" ForcedIndex="false" NoExpandHint="false">
                                                                                                        <DefinedValues>
                                                                                                          <DefinedValue>
                                                                                                            <ColumnReference Database="[ims_new]" Schema="[dbo]" Table="[CUSTOMERS]" Alias="[c]" Column="CUSTOMER_ID" />
                                                                                                          </DefinedValue>
                                                                                                          <DefinedValue>
                                                                                                            <ColumnReference Database="[ims_new]" Schema="[dbo]" Table="[CUSTOMERS]" Alias="[c]" Column="EXT_DEALER_ID" />
                                                                                                          </DefinedValue>
                                                                                                          <DefinedValue>
                                                                                                            <ColumnReference Database="[ims_new]" Schema="[dbo]" Table="[CUSTOMERS]" Alias="[c]" Column="CUSTOMER_NAME" />
                                                                                                          </DefinedValue>
                                                                                                          <DefinedValue>
                                                                                                            <ColumnReference Database="[ims_new]" Schema="[dbo]" Table="[CUSTOMERS]" Alias="[c]" Column="customer_type_id" />
                                                                                                          </DefinedValue>
                                                                                                          <DefinedValue>
                                                                                                            <ColumnReference Database="[ims_new]" Schema="[dbo]" Table="[CUSTOMERS]" Alias="[c]" Column="end_user_parent_id" />
                                                                                                          </DefinedValue>
                                                                                                        </DefinedValues>
                                                                                                        <Object Database="[ims_new]" Schema="[dbo]" Table="[CUSTOMERS]" Index="[PK_CUSTOMERS]" Alias="[c]" />
                                                                                                      </IndexScan>
                                                                                                    </RelOp>
                                                                                                  </Parallelism>
                                                                                                </RelOp>
                                                                                                <RelOp AvgRowSize="70" EstimateCPU="0.114598" EstimateIO="0" EstimateRebinds="0" EstimateRewinds="0" EstimateRows="19780.2" LogicalOp="Repartition Streams" NodeId="35" Parallel="true" PhysicalOp="Parallelism" EstimatedTotalSubtreeCost="90.6205">
                                                                                                  <OutputList>
                                                                                                    <ColumnReference Database="[ims_new]" Schema="[dbo]" Table="[SERVICE_LINES]" Alias="[sl]" Column="BILL_JOB_NO" />
                                                                                                    <ColumnReference Database="[ims_new]" Schema="[dbo]" Table="[SERVICE_LINES]" Alias="[sl]" Column="BILL_JOB_ID" />
                                                                                                    <ColumnReference Database="[ims_new]" Schema="[dbo]" Table="[SERVICE_LINES]" Alias="[sl]" Column="INVOICE_ID" />
                                                                                                    <ColumnReference Database="[ims_new]" Schema="[dbo]" Table="[JOBS]" Alias="[j]" Column="JOB_STATUS_TYPE_ID" />
                                                                                                    <ColumnReference Database="[ims_new]" Schema="[dbo]" Table="[JOBS]" Alias="[j]" Column="CUSTOMER_ID" />
                                                                                                    <ColumnReference Database="[ims_new]" Schema="[dbo]" Table="[JOBS]" Alias="[j]" Column="BILLING_USER_ID" />
                                                                                                    <ColumnReference Database="[ims_new]" Schema="[dbo]" Table="[JOBS]" Alias="[j]" Column="end_user_id" />
                                                                                                  </OutputList>
                                                                                                  <RunTimeInformation>
                                                                                                    <RunTimeCountersPerThread Thread="1" ActualRows="6348" ActualEndOfScans="1" ActualExecutions="1" />
                                                                                                    <RunTimeCountersPerThread Thread="2" ActualRows="5062" ActualEndOfScans="1" ActualExecutions="1" />
                                                                                                    <RunTimeCountersPerThread Thread="4" ActualRows="9364" ActualEndOfScans="1" ActualExecutions="1" />
                                                                                                    <RunTimeCountersPerThread Thread="3" ActualRows="7999" ActualEndOfScans="1" ActualExecutions="1" />
                                                                                                    <RunTimeCountersPerThread Thread="0" ActualRows="0" ActualEndOfScans="0" ActualExecutions="0" />
                                                                                                  </RunTimeInformation>
                                                                                                  <Parallelism PartitioningType="Hash">
                                                                                                    <PartitionColumns>
                                                                                                      <ColumnReference Database="[ims_new]" Schema="[dbo]" Table="[JOBS]" Alias="[j]" Column="CUSTOMER_ID" />
                                                                                                    </PartitionColumns>
                                                                                                    <RelOp AvgRowSize="70" EstimateCPU="0.5818" EstimateIO="0" EstimateRebinds="0" EstimateRewinds="0" EstimateRows="19780.2" LogicalOp="Inner Join" NodeId="36" Parallel="true" PhysicalOp="Hash Match" EstimatedTotalSubtreeCost="90.5059">
                                                                                                      <OutputList>
                                                                                                        <ColumnReference Database="[ims_new]" Schema="[dbo]" Table="[SERVICE_LINES]" Alias="[sl]" Column="BILL_JOB_NO" />
                                                                                                        <ColumnReference Database="[ims_new]" Schema="[dbo]" Table="[SERVICE_LINES]" Alias="[sl]" Column="BILL_JOB_ID" />
                                                                                                        <ColumnReference Database="[ims_new]" Schema="[dbo]" Table="[SERVICE_LINES]" Alias="[sl]" Column="INVOICE_ID" />
                                                                                                        <ColumnReference Database="[ims_new]" Schema="[dbo]" Table="[JOBS]" Alias="[j]" Column="JOB_STATUS_TYPE_ID" />
                                                                                                        <ColumnReference Database="[ims_new]" Schema="[dbo]" Table="[JOBS]" Alias="[j]" Column="CUSTOMER_ID" />
                                                                                                        <ColumnReference Database="[ims_new]" Schema="[dbo]" Table="[JOBS]" Alias="[j]" Column="BILLING_USER_ID" />
                                                                                                        <ColumnReference Database="[ims_new]" Schema="[dbo]" Table="[JOBS]" Alias="[j]" Column="end_user_id" />
                                                                                                      </OutputList>
                                                                                                      <MemoryFractions Input="0.134761" Output="0.162583" />
                                                                                                      <RunTimeInformation>
                                                                                                        <RunTimeCountersPerThread Thread="1" ActualRows="7049" ActualEndOfScans="1" ActualExecutions="1" />
                                                                                                        <RunTimeCountersPerThread Thread="4" ActualRows="9588" ActualEndOfScans="1" ActualExecutions="1" />
                                                                                                        <RunTimeCountersPerThread Thread="3" ActualRows="6037" ActualEndOfScans="1" ActualExecutions="1" />
                                                                                                        <RunTimeCountersPerThread Thread="2" ActualRows="6099" ActualEndOfScans="1" ActualExecutions="1" />
                                                                                                        <RunTimeCountersPerThread Thread="0" ActualRows="0" ActualEndOfScans="0" ActualExecutions="0" />
                                                                                                      </RunTimeInformation>
                                                                                                      <Hash>
                                                                                                        <DefinedValues />
                                                                                                        <HashKeysBuild>
                                                                                                          <ColumnReference Database="[ims_new]" Schema="[dbo]" Table="[SERVICE_LINES]" Alias="[sl]" Column="BILL_JOB_ID" />
                                                                                                        </HashKeysBuild>
                                                                                                        <HashKeysProbe>
                                                                                                          <ColumnReference Database="[ims_new]" Schema="[dbo]" Table="[JOBS]" Alias="[j]" Column="JOB_ID" />
                                                                                                        </HashKeysProbe>
                                                                                                        <ProbeResidual>
                                                                                                          <ScalarOperator ScalarString="[ims_new].[dbo].[JOBS].[JOB_ID] as [j].[JOB_ID]=[ims_new].[dbo].[SERVICE_LINES].[BILL_JOB_ID] as [sl].[BILL_JOB_ID]">
                                                                                                            <Compare CompareOp="EQ">
                                                                                                              <ScalarOperator>
                                                                                                                <Identifier>
                                                                                                                  <ColumnReference Database="[ims_new]" Schema="[dbo]" Table="[JOBS]" Alias="[j]" Column="JOB_ID" />
                                                                                                                </Identifier>
                                                                                                              </ScalarOperator>
                                                                                                              <ScalarOperator>
                                                                                                                <Identifier>
                                                                                                                  <ColumnReference Database="[ims_new]" Schema="[dbo]" Table="[SERVICE_LINES]" Alias="[sl]" Column="BILL_JOB_ID" />
                                                                                                                </Identifier>
                                                                                                              </ScalarOperator>
                                                                                                            </Compare>
                                                                                                          </ScalarOperator>
                                                                                                        </ProbeResidual>
                                                                                                        <RelOp AvgRowSize="34" EstimateCPU="0.0799068" EstimateIO="0" EstimateRebinds="0" EstimateRewinds="0" EstimateRows="19784.2" LogicalOp="Bitmap Create" NodeId="37" Parallel="true" PhysicalOp="Bitmap" EstimatedTotalSubtreeCost="88.2899">
                                                                                                          <OutputList>
                                                                                                            <ColumnReference Database="[ims_new]" Schema="[dbo]" Table="[SERVICE_LINES]" Alias="[sl]" Column="BILL_JOB_NO" />
                                                                                                            <ColumnReference Database="[ims_new]" Schema="[dbo]" Table="[SERVICE_LINES]" Alias="[sl]" Column="BILL_JOB_ID" />
                                                                                                            <ColumnReference Database="[ims_new]" Schema="[dbo]" Table="[SERVICE_LINES]" Alias="[sl]" Column="INVOICE_ID" />
                                                                                                          </OutputList>
                                                                                                          <RunTimeInformation>
                                                                                                            <RunTimeCountersPerThread Thread="1" ActualRows="7049" ActualEndOfScans="1" ActualExecutions="1" />
                                                                                                            <RunTimeCountersPerThread Thread="4" ActualRows="9588" ActualEndOfScans="1" ActualExecutions="1" />
                                                                                                            <RunTimeCountersPerThread Thread="2" ActualRows="6112" ActualEndOfScans="1" ActualExecutions="1" />
                                                                                                            <RunTimeCountersPerThread Thread="3" ActualRows="6037" ActualEndOfScans="1" ActualExecutions="1" />
                                                                                                            <RunTimeCountersPerThread Thread="0" ActualRows="0" ActualEndOfScans="0" ActualExecutions="0" />
                                                                                                          </RunTimeInformation>
                                                                                                          <Bitmap>
                                                                                                            <DefinedValues>
                                                                                                              <DefinedValue>
                                                                                                                <ColumnReference Column="Bitmap1057" />
                                                                                                              </DefinedValue>
                                                                                                            </DefinedValues>
                                                                                                            <HashKeys>
                                                                                                              <ColumnReference Database="[ims_new]" Schema="[dbo]" Table="[SERVICE_LINES]" Alias="[sl]" Column="BILL_JOB_ID" />
                                                                                                            </HashKeys>
                                                                                                            <RelOp AvgRowSize="34" EstimateCPU="0.0799068" EstimateIO="0" EstimateRebinds="0" EstimateRewinds="0" EstimateRows="19784.2" LogicalOp="Repartition Streams" NodeId="38" Parallel="true" PhysicalOp="Parallelism" EstimatedTotalSubtreeCost="88.2899">
                                                                                                              <OutputList>
                                                                                                                <ColumnReference Database="[ims_new]" Schema="[dbo]" Table="[SERVICE_LINES]" Alias="[sl]" Column="BILL_JOB_NO" />
                                                                                                                <ColumnReference Database="[ims_new]" Schema="[dbo]" Table="[SERVICE_LINES]" Alias="[sl]" Column="BILL_JOB_ID" />
                                                                                                                <ColumnReference Database="[ims_new]" Schema="[dbo]" Table="[SERVICE_LINES]" Alias="[sl]" Column="INVOICE_ID" />
                                                                                                              </OutputList>
                                                                                                              <RunTimeInformation>
                                                                                                                <RunTimeCountersPerThread Thread="4" ActualRows="9588" ActualEndOfScans="1" ActualExecutions="1" />
                                                                                                                <RunTimeCountersPerThread Thread="1" ActualRows="7049" ActualEndOfScans="1" ActualExecutions="1" />
                                                                                                                <RunTimeCountersPerThread Thread="2" ActualRows="6112" ActualEndOfScans="1" ActualExecutions="1" />
                                                                                                                <RunTimeCountersPerThread Thread="3" ActualRows="6037" ActualEndOfScans="1" ActualExecutions="1" />
                                                                                                                <RunTimeCountersPerThread Thread="0" ActualRows="0" ActualEndOfScans="0" ActualExecutions="0" />
                                                                                                              </RunTimeInformation>
                                                                                                              <Parallelism PartitioningType="Hash">
                                                                                                                <PartitionColumns>
                                                                                                                  <ColumnReference Database="[ims_new]" Schema="[dbo]" Table="[SERVICE_LINES]" Alias="[sl]" Column="BILL_JOB_ID" />
                                                                                                                </PartitionColumns>
                                                                                                                <RelOp AvgRowSize="34" EstimateCPU="1.12197" EstimateIO="0" EstimateRebinds="0" EstimateRewinds="0" EstimateRows="19784.2" LogicalOp="Inner Join" NodeId="39" Parallel="true" PhysicalOp="Hash Match" EstimatedTotalSubtreeCost="88.21">
                                                                                                                  <OutputList>
                                                                                                                    <ColumnReference Database="[ims_new]" Schema="[dbo]" Table="[SERVICE_LINES]" Alias="[sl]" Column="BILL_JOB_NO" />
                                                                                                                    <ColumnReference Database="[ims_new]" Schema="[dbo]" Table="[SERVICE_LINES]" Alias="[sl]" Column="BILL_JOB_ID" />
                                                                                                                    <ColumnReference Database="[ims_new]" Schema="[dbo]" Table="[SERVICE_LINES]" Alias="[sl]" Column="INVOICE_ID" />
                                                                                                                  </OutputList>
                                                                                                                  <MemoryFractions Input="0.330132" Output="0.195372" />
                                                                                                                  <RunTimeInformation>
                                                                                                                    <RunTimeCountersPerThread Thread="1" ActualRows="6765" ActualEndOfScans="1" ActualExecutions="1" />
                                                                                                                    <RunTimeCountersPerThread Thread="4" ActualRows="8107" ActualEndOfScans="1" ActualExecutions="1" />
                                                                                                                    <RunTimeCountersPerThread Thread="2" ActualRows="6508" ActualEndOfScans="1" ActualExecutions="1" />
                                                                                                                    <RunTimeCountersPerThread Thread="3" ActualRows="7406" ActualEndOfScans="1" ActualExecutions="1" />
                                                                                                                    <RunTimeCountersPerThread Thread="0" ActualRows="0" ActualEndOfScans="0" ActualExecutions="0" />
                                                                                                                  </RunTimeInformation>
                                                                                                                  <Hash>
                                                                                                                    <DefinedValues />
                                                                                                                    <HashKeysBuild>
                                                                                                                      <ColumnReference Database="[ims_new]" Schema="[dbo]" Table="[SERVICE_LINES]" Alias="[sl]" Column="BILL_SERVICE_ID" />
                                                                                                                    </HashKeysBuild>
                                                                                                                    <HashKeysProbe>
                                                                                                                      <ColumnReference Database="[ims_new]" Schema="[dbo]" Table="[SERVICES]" Alias="[s]" Column="SERVICE_ID" />
                                                                                                                    </HashKeysProbe>
                                                                                                                    <ProbeResidual>
                                                                                                                      <ScalarOperator ScalarString="[ims_new].[dbo].[SERVICES].[SERVICE_ID] as [s].[SERVICE_ID]=[ims_new].[dbo].[SERVICE_LINES].[BILL_SERVICE_ID] as [sl].[BILL_SERVICE_ID]">
                                                                                                                        <Compare CompareOp="EQ">
                                                                                                                          <ScalarOperator>
                                                                                                                            <Identifier>
                                                                                                                              <ColumnReference Database="[ims_new]" Schema="[dbo]" Table="[SERVICES]" Alias="[s]" Column="SERVICE_ID" />
                                                                                                                            </Identifier>
                                                                                                                          </ScalarOperator>
                                                                                                                          <ScalarOperator>
                                                                                                                            <Identifier>
                                                                                                                              <ColumnReference Database="[ims_new]" Schema="[dbo]" Table="[SERVICE_LINES]" Alias="[sl]" Column="BILL_SERVICE_ID" />
                                                                                                                            </Identifier>
                                                                                                                          </ScalarOperator>
                                                                                                                        </Compare>
                                                                                                                      </ScalarOperator>
                                                                                                                    </ProbeResidual>
                                                                                                                    <RelOp AvgRowSize="43" EstimateCPU="0.0922502" EstimateIO="0" EstimateRebinds="0" EstimateRewinds="0" EstimateRows="20235.7" LogicalOp="Bitmap Create" NodeId="40" Parallel="true" PhysicalOp="Bitmap" EstimatedTotalSubtreeCost="86.1342">
                                                                                                                      <OutputList>
                                                                                                                        <ColumnReference Database="[ims_new]" Schema="[dbo]" Table="[SERVICE_LINES]" Alias="[sl]" Column="BILL_JOB_NO" />
                                                                                                                        <ColumnReference Database="[ims_new]" Schema="[dbo]" Table="[SERVICE_LINES]" Alias="[sl]" Column="BILL_JOB_ID" />
                                                                                                                        <ColumnReference Database="[ims_new]" Schema="[dbo]" Table="[SERVICE_LINES]" Alias="[sl]" Column="BILL_SERVICE_ID" />
                                                                                                                        <ColumnReference Database="[ims_new]" Schema="[dbo]" Table="[SERVICE_LINES]" Alias="[sl]" Column="INVOICE_ID" />
                                                                                                                      </OutputList>
                                                                                                                      <RunTimeInformation>
                                                                                                                        <RunTimeCountersPerThread Thread="1" ActualRows="6765" ActualEndOfScans="1" ActualExecutions="1" />
                                                                                                                        <RunTimeCountersPerThread Thread="2" ActualRows="6508" ActualEndOfScans="1" ActualExecutions="1" />
                                                                                                                        <RunTimeCountersPerThread Thread="4" ActualRows="8107" ActualEndOfScans="1" ActualExecutions="1" />
                                                                                                                        <RunTimeCountersPerThread Thread="3" ActualRows="7407" ActualEndOfScans="1" ActualExecutions="1" />
                                                                                                                        <RunTimeCountersPerThread Thread="0" ActualRows="0" ActualEndOfScans="0" ActualExecutions="0" />
                                                                                                                      </RunTimeInformation>
                                                                                                                      <Bitmap>
                                                                                                                        <DefinedValues>
                                                                                                                          <DefinedValue>
                                                                                                                            <ColumnReference Column="Bitmap1056" />
                                                                                                                          </DefinedValue>
                                                                                                                        </DefinedValues>
                                                                                                                        <HashKeys>
                                                                                                                          <ColumnReference Database="[ims_new]" Schema="[dbo]" Table="[SERVICE_LINES]" Alias="[sl]" Column="BILL_SERVICE_ID" />
                                                                                                                        </HashKeys>
                                                                                                                        <RelOp AvgRowSize="43" EstimateCPU="0.0922502" EstimateIO="0" EstimateRebinds="0" EstimateRewinds="0" EstimateRows="20235.7" LogicalOp="Repartition Streams" NodeId="41" Parallel="true" PhysicalOp="Parallelism" EstimatedTotalSubtreeCost="86.1342">
                                                                                                                          <OutputList>
                                                                                                                            <ColumnReference Database="[ims_new]" Schema="[dbo]" Table="[SERVICE_LINES]" Alias="[sl]" Column="BILL_JOB_NO" />
                                                                                                                            <ColumnReference Database="[ims_new]" Schema="[dbo]" Table="[SERVICE_LINES]" Alias="[sl]" Column="BILL_JOB_ID" />
                                                                                                                            <ColumnReference Database="[ims_new]" Schema="[dbo]" Table="[SERVICE_LINES]" Alias="[sl]" Column="BILL_SERVICE_ID" />
                                                                                                                            <ColumnReference Database="[ims_new]" Schema="[dbo]" Table="[SERVICE_LINES]" Alias="[sl]" Column="INVOICE_ID" />
                                                                                                                          </OutputList>
                                                                                                                          <RunTimeInformation>
                                                                                                                            <RunTimeCountersPerThread Thread="1" ActualRows="6765" ActualEndOfScans="1" ActualExecutions="1" />
                                                                                                                            <RunTimeCountersPerThread Thread="4" ActualRows="8107" ActualEndOfScans="1" ActualExecutions="1" />
                                                                                                                            <RunTimeCountersPerThread Thread="2" ActualRows="6508" ActualEndOfScans="1" ActualExecutions="1" />
                                                                                                                            <RunTimeCountersPerThread Thread="3" ActualRows="7407" ActualEndOfScans="1" ActualExecutions="1" />
                                                                                                                            <RunTimeCountersPerThread Thread="0" ActualRows="0" ActualEndOfScans="0" ActualExecutions="0" />
                                                                                                                          </RunTimeInformation>
                                                                                                                          <Parallelism PartitioningType="Hash">
                                                                                                                            <PartitionColumns>
                                                                                                                              <ColumnReference Database="[ims_new]" Schema="[dbo]" Table="[SERVICE_LINES]" Alias="[sl]" Column="BILL_SERVICE_ID" />
                                                                                                                            </PartitionColumns>
                                                                                                                            <RelOp AvgRowSize="66" EstimateCPU="0.569135" EstimateIO="84.8624" EstimateRebinds="0" EstimateRewinds="0" EstimateRows="20235.7" LogicalOp="Clustered Index Scan" NodeId="42" Parallel="true" PhysicalOp="Clustered Index Scan" EstimatedTotalSubtreeCost="85.4315">
                                                                                                                              <OutputList>
                                                                                                                                <ColumnReference Database="[ims_new]" Schema="[dbo]" Table="[SERVICE_LINES]" Alias="[sl]" Column="BILL_JOB_NO" />
                                                                                                                                <ColumnReference Database="[ims_new]" Schema="[dbo]" Table="[SERVICE_LINES]" Alias="[sl]" Column="BILL_JOB_ID" />
                                                                                                                                <ColumnReference Database="[ims_new]" Schema="[dbo]" Table="[SERVICE_LINES]" Alias="[sl]" Column="BILL_SERVICE_ID" />
                                                                                                                                <ColumnReference Database="[ims_new]" Schema="[dbo]" Table="[SERVICE_LINES]" Alias="[sl]" Column="INVOICE_ID" />
                                                                                                                              </OutputList>
                                                                                                                              <RunTimeInformation>
                                                                                                                                <RunTimeCountersPerThread Thread="1" ActualRows="7406" ActualEndOfScans="1" ActualExecutions="1" />
                                                                                                                                <RunTimeCountersPerThread Thread="4" ActualRows="6675" ActualEndOfScans="1" ActualExecutions="1" />
                                                                                                                                <RunTimeCountersPerThread Thread="2" ActualRows="8424" ActualEndOfScans="1" ActualExecutions="1" />
                                                                                                                                <RunTimeCountersPerThread Thread="3" ActualRows="6282" ActualEndOfScans="1" ActualExecutions="1" />
                                                                                                                                <RunTimeCountersPerThread Thread="0" ActualRows="0" ActualEndOfScans="0" ActualExecutions="0" />
                                                                                                                              </RunTimeInformation>
                                                                                                                              <IndexScan Ordered="false" ForcedIndex="false" NoExpandHint="false">
                                                                                                                                <DefinedValues>
                                                                                                                                  <DefinedValue>
                                                                                                                                    <ColumnReference Database="[ims_new]" Schema="[dbo]" Table="[SERVICE_LINES]" Alias="[sl]" Column="BILL_JOB_NO" />
                                                                                                                                  </DefinedValue>
                                                                                                                                  <DefinedValue>
                                                                                                                                    <ColumnReference Database="[ims_new]" Schema="[dbo]" Table="[SERVICE_LINES]" Alias="[sl]" Column="BILL_JOB_ID" />
                                                                                                                                  </DefinedValue>
                                                                                                                                  <DefinedValue>
                                                                                                                                    <ColumnReference Database="[ims_new]" Schema="[dbo]" Table="[SERVICE_LINES]" Alias="[sl]" Column="BILL_SERVICE_ID" />
                                                                                                                                  </DefinedValue>
                                                                                                                                  <DefinedValue>
                                                                                                                                    <ColumnReference Database="[ims_new]" Schema="[dbo]" Table="[SERVICE_LINES]" Alias="[sl]" Column="INVOICE_ID" />
                                                                                                                                  </DefinedValue>
                                                                                                                                </DefinedValues>
                                                                                                                                <Object Database="[ims_new]" Schema="[dbo]" Table="[SERVICE_LINES]" Index="[PK_SERVICE_LINES]" Alias="[sl]" />
                                                                                                                                <Predicate>
                                                                                                                                  <ScalarOperator ScalarString="[ims_new].[dbo].[SERVICE_LINES].[ORGANIZATION_ID] as [sl].[ORGANIZATION_ID]=(2.) AND [ims_new].[dbo].[SERVICE_LINES].[STATUS_ID] as [sl].[STATUS_ID]=(4.) AND [ims_new].[dbo].[SERVICE_LINES].[INTERNAL_REQ_FLAG] as [sl].[INTERNAL_REQ_FLAG]='N'">
                                                                                                                                    <Logical Operation="AND">
                                                                                                                                      <ScalarOperator>
                                                                                                                                        <Compare CompareOp="EQ">
                                                                                                                                          <ScalarOperator>
                                                                                                                                            <Identifier>
                                                                                                                                              <ColumnReference Database="[ims_new]" Schema="[dbo]" Table="[SERVICE_LINES]" Alias="[sl]" Column="ORGANIZATION_ID" />
                                                                                                                                            </Identifier>
                                                                                                                                          </ScalarOperator>
                                                                                                                                          <ScalarOperator>
                                                                                                                                            <Const ConstValue="(2.)" />
                                                                                                                                          </ScalarOperator>
                                                                                                                                        </Compare>
                                                                                                                                      </ScalarOperator>
                                                                                                                                      <ScalarOperator>
                                                                                                                                        <Compare CompareOp="EQ">
                                                                                                                                          <ScalarOperator>
                                                                                                                                            <Identifier>
                                                                                                                                              <ColumnReference Database="[ims_new]" Schema="[dbo]" Table="[SERVICE_LINES]" Alias="[sl]" Column="STATUS_ID" />
                                                                                                                                            </Identifier>
                                                                                                                                          </ScalarOperator>
                                                                                                                                          <ScalarOperator>
                                                                                                                                            <Const ConstValue="(4.)" />
                                                                                                                                          </ScalarOperator>
                                                                                                                                        </Compare>
                                                                                                                                      </ScalarOperator>
                                                                                                                                      <ScalarOperator>
                                                                                                                                        <Compare CompareOp="EQ">
                                                                                                                                          <ScalarOperator>
                                                                                                                                            <Identifier>
                                                                                                                                              <ColumnReference Database="[ims_new]" Schema="[dbo]" Table="[SERVICE_LINES]" Alias="[sl]" Column="INTERNAL_REQ_FLAG" />
                                                                                                                                            </Identifier>
                                                                                                                                          </ScalarOperator>
                                                                                                                                          <ScalarOperator>
                                                                                                                                            <Const ConstValue="'N'" />
                                                                                                                                          </ScalarOperator>
                                                                                                                                        </Compare>
                                                                                                                                      </ScalarOperator>
                                                                                                                                    </Logical>
                                                                                                                                  </ScalarOperator>
                                                                                                                                </Predicate>
                                                                                                                              </IndexScan>
                                                                                                                            </RelOp>
                                                                                                                          </Parallelism>
                                                                                                                        </RelOp>
                                                                                                                      </Bitmap>
                                                                                                                    </RelOp>
                                                                                                                    <RelOp AvgRowSize="16" EstimateCPU="0.358147" EstimateIO="0" EstimateRebinds="0" EstimateRewinds="0" EstimateRows="220592" LogicalOp="Repartition Streams" NodeId="43" Parallel="true" PhysicalOp="Parallelism" EstimatedTotalSubtreeCost="0.953787">
                                                                                                                      <OutputList>
                                                                                                                        <ColumnReference Database="[ims_new]" Schema="[dbo]" Table="[SERVICES]" Alias="[s]" Column="SERVICE_ID" />
                                                                                                                      </OutputList>
                                                                                                                      <RunTimeInformation>
                                                                                                                        <RunTimeCountersPerThread Thread="1" ActualRows="1761" ActualEndOfScans="1" ActualExecutions="1" />
                                                                                                                        <RunTimeCountersPerThread Thread="4" ActualRows="1718" ActualEndOfScans="1" ActualExecutions="1" />
                                                                                                                        <RunTimeCountersPerThread Thread="2" ActualRows="1661" ActualEndOfScans="1" ActualExecutions="1" />
                                                                                                                        <RunTimeCountersPerThread Thread="3" ActualRows="1666" ActualEndOfScans="1" ActualExecutions="1" />
                                                                                                                        <RunTimeCountersPerThread Thread="0" ActualRows="0" ActualEndOfScans="0" ActualExecutions="0" />
                                                                                                                      </RunTimeInformation>
                                                                                                                      <Parallelism PartitioningType="Hash">
                                                                                                                        <PartitionColumns>
                                                                                                                          <ColumnReference Database="[ims_new]" Schema="[dbo]" Table="[SERVICES]" Alias="[s]" Column="SERVICE_ID" />
                                                                                                                        </PartitionColumns>
                                                                                                                        <ProbeColumn>
                                                                                                                          <ColumnReference Column="Bitmap1056" />
                                                                                                                        </ProbeColumn>
                                                                                                                        <RelOp AvgRowSize="16" EstimateCPU="0.121404" EstimateIO="0.474236" EstimateRebinds="0" EstimateRewinds="0" EstimateRows="220592" LogicalOp="Index Scan" NodeId="44" Parallel="true" PhysicalOp="Index Scan" EstimatedTotalSubtreeCost="0.59564">
                                                                                                                          <OutputList>
                                                                                                                            <ColumnReference Database="[ims_new]" Schema="[dbo]" Table="[SERVICES]" Alias="[s]" Column="SERVICE_ID" />
                                                                                                                          </OutputList>
                                                                                                                          <RunTimeInformation>
                                                                                                                            <RunTimeCountersPerThread Thread="4" ActualRows="44074" ActualEndOfScans="1" ActualExecutions="1" />
                                                                                                                            <RunTimeCountersPerThread Thread="3" ActualRows="46633" ActualEndOfScans="1" ActualExecutions="1" />
                                                                                                                            <RunTimeCountersPerThread Thread="1" ActualRows="54830" ActualEndOfScans="1" ActualExecutions="1" />
                                                                                                                            <RunTimeCountersPerThread Thread="2" ActualRows="75055" ActualEndOfScans="1" ActualExecutions="1" />
                                                                                                                            <RunTimeCountersPerThread Thread="0" ActualRows="0" ActualEndOfScans="0" ActualExecutions="0" />
                                                                                                                          </RunTimeInformation>
                                                                                                                          <IndexScan Ordered="false" ForcedIndex="false" NoExpandHint="false">
                                                                                                                            <DefinedValues>
                                                                                                                              <DefinedValue>
                                                                                                                                <ColumnReference Database="[ims_new]" Schema="[dbo]" Table="[SERVICES]" Alias="[s]" Column="SERVICE_ID" />
                                                                                                                              </DefinedValue>
                                                                                                                            </DefinedValues>
                                                                                                                            <Object Database="[ims_new]" Schema="[dbo]" Table="[SERVICES]" Index="[IX_SERVICES_JOBS]" Alias="[s]" />
                                                                                                                          </IndexScan>
                                                                                                                        </RelOp>
                                                                                                                      </Parallelism>
                                                                                                                    </RelOp>
                                                                                                                  </Hash>
                                                                                                                </RelOp>
                                                                                                              </Parallelism>
                                                                                                            </RelOp>
                                                                                                          </Bitmap>
                                                                                                        </RelOp>
                                                                                                        <RelOp AvgRowSize="52" EstimateCPU="0.298854" EstimateIO="0" EstimateRebinds="0" EstimateRewinds="0" EstimateRows="73021.9" LogicalOp="Repartition Streams" NodeId="46" Parallel="true" PhysicalOp="Parallelism" EstimatedTotalSubtreeCost="1.63422">
                                                                                                          <OutputList>
                                                                                                            <ColumnReference Database="[ims_new]" Schema="[dbo]" Table="[JOBS]" Alias="[j]" Column="JOB_ID" />
                                                                                                            <ColumnReference Database="[ims_new]" Schema="[dbo]" Table="[JOBS]" Alias="[j]" Column="JOB_STATUS_TYPE_ID" />
                                                                                                            <ColumnReference Database="[ims_new]" Schema="[dbo]" Table="[JOBS]" Alias="[j]" Column="CUSTOMER_ID" />
                                                                                                            <ColumnReference Database="[ims_new]" Schema="[dbo]" Table="[JOBS]" Alias="[j]" Column="BILLING_USER_ID" />
                                                                                                            <ColumnReference Database="[ims_new]" Schema="[dbo]" Table="[JOBS]" Alias="[j]" Column="end_user_id" />
                                                                                                          </OutputList>
                                                                                                          <RunTimeInformation>
                                                                                                            <RunTimeCountersPerThread Thread="4" ActualRows="325" ActualEndOfScans="1" ActualExecutions="1" />
                                                                                                            <RunTimeCountersPerThread Thread="1" ActualRows="269" ActualEndOfScans="1" ActualExecutions="1" />
                                                                                                            <RunTimeCountersPerThread Thread="2" ActualRows="298" ActualEndOfScans="1" ActualExecutions="1" />
                                                                                                            <RunTimeCountersPerThread Thread="3" ActualRows="278" ActualEndOfScans="1" ActualExecutions="1" />
                                                                                                            <RunTimeCountersPerThread Thread="0" ActualRows="0" ActualEndOfScans="0" ActualExecutions="0" />
                                                                                                          </RunTimeInformation>
                                                                                                          <Parallelism PartitioningType="Hash">
                                                                                                            <PartitionColumns>
                                                                                                              <ColumnReference Database="[ims_new]" Schema="[dbo]" Table="[JOBS]" Alias="[j]" Column="JOB_ID" />
                                                                                                            </PartitionColumns>
                                                                                                            <ProbeColumn>
                                                                                                              <ColumnReference Column="Bitmap1057" />
                                                                                                            </ProbeColumn>
                                                                                                            <RelOp AvgRowSize="52" EstimateCPU="0.0415485" EstimateIO="1.27572" EstimateRebinds="0" EstimateRewinds="0" EstimateRows="73021.9" LogicalOp="Clustered Index Scan" NodeId="47" Parallel="true" PhysicalOp="Clustered Index Scan" EstimatedTotalSubtreeCost="1.31727">
                                                                                                              <OutputList>
                                                                                                                <ColumnReference Database="[ims_new]" Schema="[dbo]" Table="[JOBS]" Alias="[j]" Column="JOB_ID" />
                                                                                                                <ColumnReference Database="[ims_new]" Schema="[dbo]" Table="[JOBS]" Alias="[j]" Column="JOB_STATUS_TYPE_ID" />
                                                                                                                <ColumnReference Database="[ims_new]" Schema="[dbo]" Table="[JOBS]" Alias="[j]" Column="CUSTOMER_ID" />
                                                                                                                <ColumnReference Database="[ims_new]" Schema="[dbo]" Table="[JOBS]" Alias="[j]" Column="BILLING_USER_ID" />
                                                                                                                <ColumnReference Database="[ims_new]" Schema="[dbo]" Table="[JOBS]" Alias="[j]" Column="end_user_id" />
                                                                                                              </OutputList>
                                                                                                              <RunTimeInformation>
                                                                                                                <RunTimeCountersPerThread Thread="2" ActualRows="17685" ActualEndOfScans="1" ActualExecutions="1" />
                                                                                                                <RunTimeCountersPerThread Thread="1" ActualRows="17680" ActualEndOfScans="1" ActualExecutions="1" />
                                                                                                                <RunTimeCountersPerThread Thread="3" ActualRows="16126" ActualEndOfScans="1" ActualExecutions="1" />
                                                                                                                <RunTimeCountersPerThread Thread="4" ActualRows="21506" ActualEndOfScans="1" ActualExecutions="1" />
                                                                                                                <RunTimeCountersPerThread Thread="0" ActualRows="0" ActualEndOfScans="0" ActualExecutions="0" />
                                                                                                              </RunTimeInformation>
                                                                                                              <IndexScan Ordered="false" ForcedIndex="false" NoExpandHint="false">
                                                                                                                <DefinedValues>
                                                                                                                  <DefinedValue>
                                                                                                                    <ColumnReference Database="[ims_new]" Schema="[dbo]" Table="[JOBS]" Alias="[j]" Column="JOB_ID" />
                                                                                                                  </DefinedValue>
                                                                                                                  <DefinedValue>
                                                                                                                    <ColumnReference Database="[ims_new]" Schema="[dbo]" Table="[JOBS]" Alias="[j]" Column="JOB_STATUS_TYPE_ID" />
                                                                                                                  </DefinedValue>
                                                                                                                  <DefinedValue>
                                                                                                                    <ColumnReference Database="[ims_new]" Schema="[dbo]" Table="[JOBS]" Alias="[j]" Column="CUSTOMER_ID" />
                                                                                                                  </DefinedValue>
                                                                                                                  <DefinedValue>
                                                                                                                    <ColumnReference Database="[ims_new]" Schema="[dbo]" Table="[JOBS]" Alias="[j]" Column="BILLING_USER_ID" />
                                                                                                                  </DefinedValue>
                                                                                                                  <DefinedValue>
                                                                                                                    <ColumnReference Database="[ims_new]" Schema="[dbo]" Table="[JOBS]" Alias="[j]" Column="end_user_id" />
                                                                                                                  </DefinedValue>
                                                                                                                </DefinedValues>
                                                                                                                <Object Database="[ims_new]" Schema="[dbo]" Table="[JOBS]" Index="[PK_JOBS]" Alias="[j]" />
                                                                                                                <Predicate>
                                                                                                                  <ScalarOperator ScalarString="[ims_new].[dbo].[JOBS].[BILLING_USER_ID] as [j].[BILLING_USER_ID] IS NOT NULL">
                                                                                                                    <Compare CompareOp="IS NOT">
                                                                                                                      <ScalarOperator>
                                                                                                                        <Identifier>
                                                                                                                          <ColumnReference Database="[ims_new]" Schema="[dbo]" Table="[JOBS]" Alias="[j]" Column="BILLING_USER_ID" />
                                                                                                                        </Identifier>
                                                                                                                      </ScalarOperator>
                                                                                                                      <ScalarOperator>
                                                                                                                        <Const ConstValue="NULL" />
                                                                                                                      </ScalarOperator>
                                                                                                                    </Compare>
                                                                                                                  </ScalarOperator>
                                                                                                                </Predicate>
                                                                                                              </IndexScan>
                                                                                                            </RelOp>
                                                                                                          </Parallelism>
                                                                                                        </RelOp>
                                                                                                      </Hash>
                                                                                                    </RelOp>
                                                                                                  </Parallelism>
                                                                                                </RelOp>
                                                                                              </Hash>
                                                                                            </RelOp>
                                                                                          </Parallelism>
                                                                                        </RelOp>
                                                                                      </Hash>
                                                                                    </RelOp>
                                                                                  </Parallelism>
                                                                                </RelOp>
                                                                              </Hash>
                                                                            </RelOp>
                                                                          </Parallelism>
                                                                        </RelOp>
                                                                      </Hash>
                                                                    </RelOp>
                                                                  </Parallelism>
                                                                </RelOp>
                                                              </Hash>
                                                            </RelOp>
                                                          </Parallelism>
                                                        </RelOp>
                                                        <Predicate>
                                                          <ScalarOperator ScalarString="[ims_new].[dbo].[INVOICES].[STATUS_ID] as [i].[STATUS_ID] IS NULL OR [ims_new].[dbo].[INVOICES].[STATUS_ID] as [i].[STATUS_ID]=(1.)">
                                                            <Logical Operation="OR">
                                                              <ScalarOperator>
                                                                <Compare CompareOp="IS">
                                                                  <ScalarOperator>
                                                                    <Identifier>
                                                                      <ColumnReference Database="[ims_new]" Schema="[dbo]" Table="[INVOICES]" Alias="[i]" Column="STATUS_ID" />
                                                                    </Identifier>
                                                                  </ScalarOperator>
                                                                  <ScalarOperator>
                                                                    <Const ConstValue="NULL" />
                                                                  </ScalarOperator>
                                                                </Compare>
                                                              </ScalarOperator>
                                                              <ScalarOperator>
                                                                <Compare CompareOp="EQ">
                                                                  <ScalarOperator>
                                                                    <Identifier>
                                                                      <ColumnReference Database="[ims_new]" Schema="[dbo]" Table="[INVOICES]" Alias="[i]" Column="STATUS_ID" />
                                                                    </Identifier>
                                                                  </ScalarOperator>
                                                                  <ScalarOperator>
                                                                    <Const ConstValue="(1.)" />
                                                                  </ScalarOperator>
                                                                </Compare>
                                                              </ScalarOperator>
                                                            </Logical>
                                                          </ScalarOperator>
                                                        </Predicate>
                                                      </Filter>
                                                    </RelOp>
                                                  </Hash>
                                                </RelOp>
                                              </Parallelism>
                                            </RelOp>
                                          </Hash>
                                        </RelOp>
                                      </ComputeScalar>
                                    </RelOp>
                                  </Parallelism>
                                </RelOp>
                              </Sort>
                            </RelOp>
                          </ComputeScalar>
                        </RelOp>
                      </Hash>
                    </RelOp>
                  </Parallelism>
                </RelOp>
              </Sort>
            </RelOp>
          </QueryPlan>
        </StmtSimple>
      </Statements>
    </Batch>
  </BatchSequence>
</ShowPlanXML>